2018-04-03 23:54:59: Connected to S:\Documents\MinecraftModding\xcraftmod\src: S: NTFS: type=NTFS vol=Data Storage flags=3E706FF
2018-04-03 23:54:59: Connected to gdrive://www.googleapis.com/Good Sync/Eclips Projects/Moding Minecraft 1.12.2/Application
2018-04-03 23:54:59: Incremental Analyze for On File Change
2018-04-03 23:55:00: -- Analysis Started by On File Change, After Delay, Under Runner
2018-04-03 23:55:00: Mod Sync: ANALYSIS started by On File Change, After Delay, Under Runner on 'SENPAI_DESKTOP' (GoodSync 10.8.1.1)
2018-04-03 23:55:00: =Data Storage:\Documents\MinecraftModding\xcraftmod\src (S:/Documents/MinecraftModding/xcraftmod/src) [TmpDest] <-> gdrive://www.googleapis.com/Good Sync/Eclips Projects/Moding Minecraft 1.12.2/Application [DirDest], RecycleTo_RecycleBin, SaveDays_RecycleBin=30d, ReconnectSecs=120, SyncWorkerThreads=99, OnFileChange Delay=5, Unattended, WaitForLocksMin=20, ResolveConflicts=NewerFileWins, AutoClear, LinksIgnore
2018-04-03 23:55:00: Exclude Hidden, Exclude System, Exclude name *._gstmp|/System Volume Information|Thumbs.db|.DS_Store 
2018-04-03 23:55:00: Locking folder S:/Documents/MinecraftModding/xcraftmod/src for write
2018-04-03 23:55:00: Change Analyzed: S:/Documents/MinecraftModding/xcraftmod/src/main/java/com/senpai/objects/blocks/item/ItemBlockBreaker.java
2018-04-03 23:55:00: Change Analyzed: S:/Documents/MinecraftModding/xcraftmod/src/main/java/com/senpai/items/ItemBlockBreaker.java
2018-04-03 23:55:00: Change Analyzed: S:/Documents/MinecraftModding/xcraftmod/src/main/java/com/senpai/items/ItemBlockBreaker.java
2018-04-03 23:55:00: Change Analyzed: S:/Documents/MinecraftModding/xcraftmod/src/main/java/com/senpai/items/ItemBlockBreaker.java
2018-04-03 23:55:00: Locking folder gdrive://www.googleapis.com/Good Sync/Eclips Projects/Moding Minecraft 1.12.2/Application for write
2018-04-03 23:55:01: Change Analyzed: gdrive://www.googleapis.com/Good Sync/Eclips Projects/Moding Minecraft 1.12.2/Application/main/java/com/senpai/items
2018-04-03 23:55:03: On disk file:///S: space required for sync is 0 bytes, you have 1.25 TB
2018-04-03 23:55:03: On disk gdrive://www.googleapis.com space required for sync is 2.00 KB, you have 12.4 GB
2018-04-03 23:55:03: Changes: 2, Conflicts: 0, CopyTime: 0, FixState: 0, Errors: 0, All: 22143
2018-04-03 23:55:03: Left to Right: Copy File: 1 Delete File: 1 
2018-04-03 23:55:03: -- Analysis Complete. Time 00:00:05, Speed: 85 files/s
2018-04-03 23:55:03: == Sync Started by On File Change, After Delay, Under Runner
2018-04-03 23:55:03: Mod Sync: SYNC started by On File Change, After Delay, Under Runner on 'SENPAI_DESKTOP'
2018-04-03 23:55:03: =Data Storage:\Documents\MinecraftModding\xcraftmod\src (S:/Documents/MinecraftModding/xcraftmod/src) [TmpDest] <-> gdrive://www.googleapis.com/Good Sync/Eclips Projects/Moding Minecraft 1.12.2/Application [DirDest], RecycleTo_RecycleBin, SaveDays_RecycleBin=30d, ReconnectSecs=120, SyncWorkerThreads=99, OnFileChange Delay=5, Unattended, WaitForLocksMin=20, ResolveConflicts=NewerFileWins, AutoClear, LinksIgnore
2018-04-03 23:55:05: Load Recycled DB: gdrive://www.googleapis.com/Good Sync/Eclips Projects/Moding Minecraft 1.12.2/Application/_gsdata_/_recycled_db._gs
2018-04-03 23:55:05: Delete File 'gdrive://www.googleapis.com/Good Sync/Eclips Projects/Moding Minecraft 1.12.2/Application/main/java/com/senpai/objects/blocks/item/ItemBlockBreaker.java'
2018-04-03 23:55:05: File Systems limited number of parallel threads to 20
2018-04-03 23:55:05: Start only 1 threads, limited by tasks to run
2018-04-03 23:55:06: Copy New 'S:/Documents/MinecraftModding/xcraftmod/src/main/java/com/senpai/items/ItemBlockBreaker.java' -> 'gdrive://www.googleapis.com/Good Sync/Eclips Projects/Moding Minecraft 1.12.2/Application/main/java/com/senpai/items/ItemBlockBreaker.java' (1307)
2018-04-03 23:55:07: Save State File S:/Documents/MinecraftModding/xcraftmod/src/_gsdata_/_file_state_v4._gs
2018-04-03 23:55:08: Save State File gdrive://www.googleapis.com/Good Sync/Eclips Projects/Moding Minecraft 1.12.2/Application/_gsdata_/_file_state_v4._gs
2018-04-03 23:55:08: Cleanup recycled files in S:/Documents/MinecraftModding/xcraftmod/src/_gsdata_/_saved_
2018-04-03 23:55:08: Load Recycled DB: S:/Documents/MinecraftModding/xcraftmod/src/_gsdata_/_recycled_db._gs
2018-04-03 23:55:08: Cleanup old logs in S:/Documents/MinecraftModding/xcraftmod/src/_gsdata_
2018-04-03 23:55:08: Cleanup recycled files in gdrive://www.googleapis.com/Good Sync/Eclips Projects/Moding Minecraft 1.12.2/Application/_gsdata_/_saved_
2018-04-03 23:55:09: Change detected [1]: t=Modified path=/main/java/com/senpai/items/ItemBlockBreaker.java
2018-04-03 23:55:09: Change detected [1]: t=Created path=/main/java/com/senpai/items/ItemBlockBreaker.java
2018-04-03 23:55:09: Change detected [1]: t=MovedFrom path=/main/java/com/senpai/objects/blocks/item/ItemBlockBreaker.java
2018-04-03 23:55:09: Save Recycled DB: gdrive://www.googleapis.com/Good Sync/Eclips Projects/Moding Minecraft 1.12.2/Application/_gsdata_/_recycled_db._gs
2018-04-03 23:55:09: Cleanup old logs in gdrive://www.googleapis.com/Good Sync/Eclips Projects/Moding Minecraft 1.12.2/Application/_gsdata_
2018-04-03 23:55:09: == Sync Complete. Time: 00:00:06, Speed: 3.68 KB/s, OK: 2, Errors: 0
2018-04-03 23:55:09: Unlocking folder S:/Documents/MinecraftModding/xcraftmod/src/_gsdata_/lock.gsl
2018-04-03 23:55:09: Unlocking folder gdrive://www.googleapis.com/Good Sync/Eclips Projects/Moding Minecraft 1.12.2/Application/_gsdata_/lock.gsl
2018-04-03 23:55:10: 
