2018-04-02 15:48:18: Connected to S:\Documents\MinecraftModding\xcraftmod\src: S: NTFS: type=NTFS vol=Data Storage flags=3E706FF
2018-04-02 15:48:18: Connected to gdrive://www.googleapis.com/Good Sync/Eclips Projects/Moding Minecraft 1.12.2/Application
2018-04-02 15:48:18: Incremental Analyze for On File Change
2018-04-02 15:48:19: -- Analysis Started by On File Change, After Delay, Under Runner
2018-04-02 15:48:19: Mod Sync: ANALYSIS started by On File Change, After Delay, Under Runner on 'SENPAI_DESKTOP' (GoodSync 10.8.1.1)
2018-04-02 15:48:19: =Data Storage:\Documents\MinecraftModding\xcraftmod\src (S:/Documents/MinecraftModding/xcraftmod/src) [TmpDest] <-> gdrive://www.googleapis.com/Good Sync/Eclips Projects/Moding Minecraft 1.12.2/Application [DirDest], RecycleTo_RecycleBin, SaveDays_RecycleBin=30d, ReconnectSecs=120, SyncWorkerThreads=99, OnFileChange Delay=5, Unattended, WaitForLocksMin=20, ResolveConflicts=NewerFileWins, AutoClear, LinksIgnore
2018-04-02 15:48:19: Exclude Hidden, Exclude System, Exclude name *._gstmp|/System Volume Information|Thumbs.db|.DS_Store 
2018-04-02 15:48:19: Locking folder S:/Documents/MinecraftModding/xcraftmod/src for write
2018-04-02 15:48:19: Change Analyzed: S:/Documents/MinecraftModding/xcraftmod/src/main/java/com/senpai/objects/blocks/machines/engineering/BlockEnergyStorage.java
2018-04-02 15:48:19: Change Analyzed: S:/Documents/MinecraftModding/xcraftmod/src/main/java/com/senpai/objects/blocks/machines/engineering/BlockEnergyStorage.java
2018-04-02 15:48:19: Change Analyzed: S:/Documents/MinecraftModding/xcraftmod/src/main/java/com/senpai/proxy/ClientProxy.java
2018-04-02 15:48:19: Change Analyzed: S:/Documents/MinecraftModding/xcraftmod/src/main/java/com/senpai/proxy/ClientProxy.java
2018-04-02 15:48:19: Change Analyzed: S:/Documents/MinecraftModding/xcraftmod/src/main/java/com/senpai/tileEntity/render/rendererEnergyStorge.java
2018-04-02 15:48:19: Change Analyzed: S:/Documents/MinecraftModding/xcraftmod/src/main/java/com/senpai/tileEntity/render/rendererEnergyStorge.java
2018-04-02 15:48:19: Change Analyzed: S:/Documents/MinecraftModding/xcraftmod/src/main/java/com/senpai/tileEntity/TileEntityEnergyStorage.java
2018-04-02 15:48:19: Change Analyzed: S:/Documents/MinecraftModding/xcraftmod/src/main/java/com/senpai/tileEntity/TileEntityEnergyCell.java
2018-04-02 15:48:19: Change Analyzed: S:/Documents/MinecraftModding/xcraftmod/src/main/java/com/senpai/tileEntity/TileEntityEnergyCell.java
2018-04-02 15:48:19: Change Analyzed: S:/Documents/MinecraftModding/xcraftmod/src/main/java/com/senpai/tileEntity/TileEntityEnergyCell.java
2018-04-02 15:48:19: Locking folder gdrive://www.googleapis.com/Good Sync/Eclips Projects/Moding Minecraft 1.12.2/Application for write
2018-04-02 15:48:20: Change detected [0]: t=Modified path=/main/java/com/senpai/tileEntity/TileEntityEnergyCell.java
2018-04-02 15:48:20: Change detected [0]: t=Modified path=/main/java/com/senpai/tileEntity/TileEntityEnergyCell.java
2018-04-02 15:48:21: On disk file:///S: space required for sync is 0 bytes, you have 1.25 TB
2018-04-02 15:48:21: On disk gdrive://www.googleapis.com space required for sync is 25.0 KB, you have 12.4 GB
2018-04-02 15:48:21: Changes: 5, Conflicts: 0, CopyTime: 0, FixState: 0, Errors: 0, All: 21922
2018-04-02 15:48:21: Left to Right: Copy File: 4 Delete File: 1 
2018-04-02 15:48:21: -- Analysis Complete. Time 00:00:04, Speed: 73 files/s
2018-04-02 15:48:21: == Sync Started by On File Change, After Delay, Under Runner
2018-04-02 15:48:21: Mod Sync: SYNC started by On File Change, After Delay, Under Runner on 'SENPAI_DESKTOP'
2018-04-02 15:48:21: =Data Storage:\Documents\MinecraftModding\xcraftmod\src (S:/Documents/MinecraftModding/xcraftmod/src) [TmpDest] <-> gdrive://www.googleapis.com/Good Sync/Eclips Projects/Moding Minecraft 1.12.2/Application [DirDest], RecycleTo_RecycleBin, SaveDays_RecycleBin=30d, ReconnectSecs=120, SyncWorkerThreads=99, OnFileChange Delay=5, Unattended, WaitForLocksMin=20, ResolveConflicts=NewerFileWins, AutoClear, LinksIgnore
2018-04-02 15:48:23: Load Recycled DB: gdrive://www.googleapis.com/Good Sync/Eclips Projects/Moding Minecraft 1.12.2/Application/_gsdata_/_recycled_db._gs
2018-04-02 15:48:23: Delete File 'gdrive://www.googleapis.com/Good Sync/Eclips Projects/Moding Minecraft 1.12.2/Application/main/java/com/senpai/tileEntity/TileEntityEnergyStorage.java'
2018-04-02 15:48:23: File Systems limited number of parallel threads to 20
2018-04-02 15:48:23: Start only 4 threads, limited by tasks to run
2018-04-02 15:48:27: S:/Documents/MinecraftModding/xcraftmod/src/main/java/com/senpai/tileEntity/TileEntityEnergyCell.java: Source file has changed between Analyze and Sync from '[file] size=1710 accu-time=2018-04-02 15:48:09 attr=Archive cktype=0' to 'size=561 time=2018-04-02 15:48:19', noted in source file state
2018-04-02 15:48:27: Copy New 'S:/Documents/MinecraftModding/xcraftmod/src/main/java/com/senpai/tileEntity/TileEntityEnergyCell.java' -> 'gdrive://www.googleapis.com/Good Sync/Eclips Projects/Moding Minecraft 1.12.2/Application/main/java/com/senpai/tileEntity/TileEntityEnergyCell.java' (1710)
2018-04-02 15:48:27: Copy Over 'S:/Documents/MinecraftModding/xcraftmod/src/main/java/com/senpai/proxy/ClientProxy.java' -> 'gdrive://www.googleapis.com/Good Sync/Eclips Projects/Moding Minecraft 1.12.2/Application/main/java/com/senpai/proxy/ClientProxy.java' (1322)
2018-04-02 15:48:28: Copy Over 'S:/Documents/MinecraftModding/xcraftmod/src/main/java/com/senpai/tileEntity/render/rendererEnergyStorge.java' -> 'gdrive://www.googleapis.com/Good Sync/Eclips Projects/Moding Minecraft 1.12.2/Application/main/java/com/senpai/tileEntity/render/rendererEnergyStorge.java' (1391)
2018-04-02 15:48:28: Copy Over 'S:/Documents/MinecraftModding/xcraftmod/src/main/java/com/senpai/objects/blocks/machines/engineering/BlockEnergyStorage.java' -> 'gdrive://www.googleapis.com/Good Sync/Eclips Projects/Moding Minecraft 1.12.2/Application/main/java/com/senpai/objects/blocks/machines/engineering/BlockEnergyStorage.java' (18597)
2018-04-02 15:48:28: Change detected [1]: t=Modified path=/main/java/com/senpai/objects/blocks/machines/engineering/BlockEnergyStorage.java
2018-04-02 15:48:28: Save State File S:/Documents/MinecraftModding/xcraftmod/src/_gsdata_/_file_state_v4._gs
2018-04-02 15:48:28: Change detected [1]: t=Modified path=/main/java/com/senpai/proxy/ClientProxy.java
2018-04-02 15:48:28: Change detected [1]: t=Modified path=/main/java/com/senpai/tileEntity/render/rendererEnergyStorge.java
2018-04-02 15:48:29: Change detected [1]: t=Modified path=/main/java/com/senpai/tileEntity/TileEntityEnergyCell.java
2018-04-02 15:48:29: Change detected [1]: t=Created path=/main/java/com/senpai/objects/blocks/machines/engineering/BlockEnergyStorage.java
2018-04-02 15:48:29: Change detected [1]: t=Created path=/main/java/com/senpai/proxy/ClientProxy.java
2018-04-02 15:48:29: Change detected [1]: t=Created path=/main/java/com/senpai/tileEntity/render/rendererEnergyStorge.java
2018-04-02 15:48:29: Change detected [1]: t=Created path=/main/java/com/senpai/tileEntity/TileEntityEnergyCell.java
2018-04-02 15:48:29: Change detected [1]: t=MovedFrom path=/main/java/com/senpai/objects/blocks/machines/engineering/BlockEnergyStorage.java
2018-04-02 15:48:29: Change detected [1]: t=MovedFrom path=/main/java/com/senpai/tileEntity/render/rendererEnergyStorge.java
2018-04-02 15:48:29: Change detected [1]: t=MovedFrom path=/main/java/com/senpai/proxy/ClientProxy.java
2018-04-02 15:48:30: Change detected [1]: t=MovedFrom path=/main/java/com/senpai/tileEntity/TileEntityEnergyStorage.java
2018-04-02 15:48:31: Save State File gdrive://www.googleapis.com/Good Sync/Eclips Projects/Moding Minecraft 1.12.2/Application/_gsdata_/_file_state_v4._gs
2018-04-02 15:48:31: Cleanup recycled files in S:/Documents/MinecraftModding/xcraftmod/src/_gsdata_/_saved_
2018-04-02 15:48:31: Load Recycled DB: S:/Documents/MinecraftModding/xcraftmod/src/_gsdata_/_recycled_db._gs
2018-04-02 15:48:31: Cleanup old logs in S:/Documents/MinecraftModding/xcraftmod/src/_gsdata_
2018-04-02 15:48:31: Cleanup recycled files in gdrive://www.googleapis.com/Good Sync/Eclips Projects/Moding Minecraft 1.12.2/Application/_gsdata_/_saved_
2018-04-02 15:48:34: Save Recycled DB: gdrive://www.googleapis.com/Good Sync/Eclips Projects/Moding Minecraft 1.12.2/Application/_gsdata_/_recycled_db._gs
2018-04-02 15:48:34: Cleanup old logs in gdrive://www.googleapis.com/Good Sync/Eclips Projects/Moding Minecraft 1.12.2/Application/_gsdata_
2018-04-02 15:48:34: == Sync Complete. Time: 00:00:13, Speed: 7.42 KB/s, OK: 5, Errors: 0
2018-04-02 15:48:34: Unlocking folder S:/Documents/MinecraftModding/xcraftmod/src/_gsdata_/lock.gsl
2018-04-02 15:48:34: Unlocking folder gdrive://www.googleapis.com/Good Sync/Eclips Projects/Moding Minecraft 1.12.2/Application/_gsdata_/lock.gsl
2018-04-02 15:48:36: 
