2018-04-02 15:11:30: Connected to S:\Documents\MinecraftModding\xcraftmod\src: S: NTFS: type=NTFS vol=Data Storage flags=3E706FF
2018-04-02 15:11:31: Connected to gdrive://www.googleapis.com/Good Sync/Eclips Projects/Moding Minecraft 1.12.2/Application
2018-04-02 15:11:31: Incremental Analyze for On File Change
2018-04-02 15:11:31: -- Analysis Started by On File Change, After Delay, Under Runner
2018-04-02 15:11:31: Mod Sync: ANALYSIS started by On File Change, After Delay, Under Runner on 'SENPAI_DESKTOP' (GoodSync 10.8.1.1)
2018-04-02 15:11:31: =Data Storage:\Documents\MinecraftModding\xcraftmod\src (S:/Documents/MinecraftModding/xcraftmod/src) [TmpDest] <-> gdrive://www.googleapis.com/Good Sync/Eclips Projects/Moding Minecraft 1.12.2/Application [DirDest], RecycleTo_RecycleBin, SaveDays_RecycleBin=30d, ReconnectSecs=120, SyncWorkerThreads=99, OnFileChange Delay=5, Unattended, WaitForLocksMin=20, ResolveConflicts=NewerFileWins, AutoClear, LinksIgnore
2018-04-02 15:11:31: Exclude Hidden, Exclude System, Exclude name *._gstmp|/System Volume Information|Thumbs.db|.DS_Store 
2018-04-02 15:11:31: Locking folder S:/Documents/MinecraftModding/xcraftmod/src for write
2018-04-02 15:11:31: Change Analyzed: S:/Documents/MinecraftModding/xcraftmod/src/main/resources/assets/sxm/models/block/energy_storge.json
2018-04-02 15:11:31: Change Analyzed: S:/Documents/MinecraftModding/xcraftmod/src/main/resources/assets/sxm/models/block/energy_storge.json
2018-04-02 15:11:31: Change Analyzed: S:/Documents/MinecraftModding/xcraftmod/src/main/resources/assets/sxm/models/block/energy_storge.json
2018-04-02 15:11:31: Change Analyzed: S:/Documents/MinecraftModding/xcraftmod/src/main/resources/assets/sxm/models/block/energy_storge.json
2018-04-02 15:11:31: Locking folder gdrive://www.googleapis.com/Good Sync/Eclips Projects/Moding Minecraft 1.12.2/Application for write
2018-04-02 15:11:33: On disk file:///S: space required for sync is 0 bytes, you have 1.25 TB
2018-04-02 15:11:33: On disk gdrive://www.googleapis.com space required for sync is 2.00 KB, you have 12.4 GB
2018-04-02 15:11:33: Changes: 1, Conflicts: 0, CopyTime: 0, FixState: 0, Errors: 0, All: 21913
2018-04-02 15:11:33: Left to Right: Copy File: 1 
2018-04-02 15:11:33: -- Analysis Complete. Time 00:00:05, Speed: 57 files/s
2018-04-02 15:11:33: == Sync Started by On File Change, After Delay, Under Runner
2018-04-02 15:11:33: Mod Sync: SYNC started by On File Change, After Delay, Under Runner on 'SENPAI_DESKTOP'
2018-04-02 15:11:33: =Data Storage:\Documents\MinecraftModding\xcraftmod\src (S:/Documents/MinecraftModding/xcraftmod/src) [TmpDest] <-> gdrive://www.googleapis.com/Good Sync/Eclips Projects/Moding Minecraft 1.12.2/Application [DirDest], RecycleTo_RecycleBin, SaveDays_RecycleBin=30d, ReconnectSecs=120, SyncWorkerThreads=99, OnFileChange Delay=5, Unattended, WaitForLocksMin=20, ResolveConflicts=NewerFileWins, AutoClear, LinksIgnore
2018-04-02 15:11:34: File Systems limited number of parallel threads to 20
2018-04-02 15:11:34: Start only 1 threads, limited by tasks to run
2018-04-02 15:11:35: Copy New 'S:/Documents/MinecraftModding/xcraftmod/src/main/resources/assets/sxm/models/block/energy_storge.json' -> 'gdrive://www.googleapis.com/Good Sync/Eclips Projects/Moding Minecraft 1.12.2/Application/main/resources/assets/sxm/models/block/energy_storge.json' (1440)
2018-04-02 15:11:36: Save State File S:/Documents/MinecraftModding/xcraftmod/src/_gsdata_/_file_state_v4._gs
2018-04-02 15:11:37: Save State File gdrive://www.googleapis.com/Good Sync/Eclips Projects/Moding Minecraft 1.12.2/Application/_gsdata_/_file_state_v4._gs
2018-04-02 15:11:39: Cleanup recycled files in S:/Documents/MinecraftModding/xcraftmod/src/_gsdata_/_saved_
2018-04-02 15:11:39: Load Recycled DB: S:/Documents/MinecraftModding/xcraftmod/src/_gsdata_/_recycled_db._gs
2018-04-02 15:11:39: Cleanup old logs in S:/Documents/MinecraftModding/xcraftmod/src/_gsdata_
2018-04-02 15:11:39: Cleanup recycled files in gdrive://www.googleapis.com/Good Sync/Eclips Projects/Moding Minecraft 1.12.2/Application/_gsdata_/_saved_
2018-04-02 15:11:40: Load Recycled DB: gdrive://www.googleapis.com/Good Sync/Eclips Projects/Moding Minecraft 1.12.2/Application/_gsdata_/_recycled_db._gs
2018-04-02 15:11:40: Cleanup old logs in gdrive://www.googleapis.com/Good Sync/Eclips Projects/Moding Minecraft 1.12.2/Application/_gsdata_
2018-04-02 15:11:40: Change detected [1]: t=Modified path=/main/resources/assets/sxm/models/block/energy_storge.json
2018-04-02 15:11:40: Change detected [1]: t=Created path=/main/resources/assets/sxm/models/block/energy_storge.json
2018-04-02 15:11:40: == Sync Complete. Time: 00:00:07, Speed: 1.58 KB/s, OK: 1, Errors: 0
2018-04-02 15:11:40: Unlocking folder S:/Documents/MinecraftModding/xcraftmod/src/_gsdata_/lock.gsl
2018-04-02 15:11:40: Unlocking folder gdrive://www.googleapis.com/Good Sync/Eclips Projects/Moding Minecraft 1.12.2/Application/_gsdata_/lock.gsl
2018-04-02 15:11:41: 
