2018-04-02 18:52:40: Connected to S:\Documents\MinecraftModding\xcraftmod\src: S: NTFS: type=NTFS vol=Data Storage flags=3E706FF
2018-04-02 18:52:46: Waiting for 8 sec on verb GET: Server says: Internal Server Error (status code 500): Internal Error
2018-04-02 18:52:55: Recovered the connection, continuing operations
2018-04-02 18:52:55: Connected to gdrive://www.googleapis.com/Good Sync/Eclips Projects/Moding Minecraft 1.12.2/Application
2018-04-02 18:52:55: Incremental Analyze for On File Change
2018-04-02 18:52:55: -- Analysis Started by On File Change, After Delay, Under Runner
2018-04-02 18:52:55: Mod Sync: ANALYSIS started by On File Change, After Delay, Under Runner on 'SENPAI_DESKTOP' (GoodSync 10.8.1.1)
2018-04-02 18:52:55: =Data Storage:\Documents\MinecraftModding\xcraftmod\src (S:/Documents/MinecraftModding/xcraftmod/src) [TmpDest] <-> gdrive://www.googleapis.com/Good Sync/Eclips Projects/Moding Minecraft 1.12.2/Application [DirDest], RecycleTo_RecycleBin, SaveDays_RecycleBin=30d, ReconnectSecs=120, SyncWorkerThreads=99, OnFileChange Delay=5, Unattended, WaitForLocksMin=20, ResolveConflicts=NewerFileWins, AutoClear, LinksIgnore
2018-04-02 18:52:55: Exclude Hidden, Exclude System, Exclude name *._gstmp|/System Volume Information|Thumbs.db|.DS_Store 
2018-04-02 18:52:55: Locking folder S:/Documents/MinecraftModding/xcraftmod/src for write
2018-04-02 18:52:55: Change Analyzed: S:/Documents/MinecraftModding/xcraftmod/src/main/resources/assets/sxm/models/block/energy_storge.json
2018-04-02 18:52:55: Change Analyzed: S:/Documents/MinecraftModding/xcraftmod/src/main/resources/assets/sxm/models/block/energy_cell_connection_out_basic.json
2018-04-02 18:52:55: Change Analyzed: S:/Documents/MinecraftModding/xcraftmod/src/main/resources/assets/sxm/models/block/energy_cell_connection_out_basic.json
2018-04-02 18:52:55: Change Analyzed: S:/Documents/MinecraftModding/xcraftmod/src/main/resources/assets/sxm/models/block/energy_cell_connection_out_basic.json
2018-04-02 18:52:55: Change Analyzed: S:/Documents/MinecraftModding/xcraftmod/src/main/resources/assets/sxm/models/block/energy_cell_centre_advanced.json
2018-04-02 18:52:55: Change Analyzed: S:/Documents/MinecraftModding/xcraftmod/src/main/resources/assets/sxm/models/block/energy_cell_centre_advanced.json
2018-04-02 18:52:55: Change Analyzed: S:/Documents/MinecraftModding/xcraftmod/src/main/resources/assets/sxm/models/block/energy_cell_centre_advanced.json
2018-04-02 18:52:55: Change Analyzed: S:/Documents/MinecraftModding/xcraftmod/src/main/resources/assets/sxm/models/block/energy_cell_centre_advanced.json
2018-04-02 18:52:55: Change Analyzed: S:/Documents/MinecraftModding/xcraftmod/src/main/resources/assets/sxm/models/block/energy_cell_centre_basic.json
2018-04-02 18:52:55: Change Analyzed: S:/Documents/MinecraftModding/xcraftmod/src/main/resources/assets/sxm/models/block/energy_cell_centre_basic.json
2018-04-02 18:52:55: Change Analyzed: S:/Documents/MinecraftModding/xcraftmod/src/main/resources/assets/sxm/models/block/energy_cell_centre_basic.json
2018-04-02 18:52:55: Change Analyzed: S:/Documents/MinecraftModding/xcraftmod/src/main/resources/assets/sxm/models/block/energy_cell_centre_basic.json
2018-04-02 18:52:55: Change Analyzed: S:/Documents/MinecraftModding/xcraftmod/src/main/resources/assets/sxm/models/block/energy_cell_connection_in_advanced.json
2018-04-02 18:52:55: Change Analyzed: S:/Documents/MinecraftModding/xcraftmod/src/main/resources/assets/sxm/models/block/energy_cell_connection_in_advanced.json
2018-04-02 18:52:55: Change Analyzed: S:/Documents/MinecraftModding/xcraftmod/src/main/resources/assets/sxm/models/block/energy_cell_connection_in_advanced.json
2018-04-02 18:52:55: Change Analyzed: S:/Documents/MinecraftModding/xcraftmod/src/main/resources/assets/sxm/models/block/energy_cell_centre_advanced.json
2018-04-02 18:52:55: Change Analyzed: S:/Documents/MinecraftModding/xcraftmod/src/main/resources/assets/sxm/models/block/energy_cell_centre_basic.json
2018-04-02 18:52:55: Change Analyzed: S:/Documents/MinecraftModding/xcraftmod/src/main/resources/assets/sxm/models/block/energy_cell_connection_in_basic.json
2018-04-02 18:52:55: Change Analyzed: S:/Documents/MinecraftModding/xcraftmod/src/main/resources/assets/sxm/models/block/energy_cell_connection_in_basic.json
2018-04-02 18:52:55: Change Analyzed: S:/Documents/MinecraftModding/xcraftmod/src/main/resources/assets/sxm/models/block/energy_cell_connection_in_basic.json
2018-04-02 18:52:55: Change Analyzed: S:/Documents/MinecraftModding/xcraftmod/src/main/resources/assets/sxm/models/block/energy_cell_connection_normal_advanced.json
2018-04-02 18:52:55: Change Analyzed: S:/Documents/MinecraftModding/xcraftmod/src/main/resources/assets/sxm/models/block/energy_cell_connection_normal_advanced.json
2018-04-02 18:52:55: Change Analyzed: S:/Documents/MinecraftModding/xcraftmod/src/main/resources/assets/sxm/models/block/energy_cell_connection_normal_advanced.json
2018-04-02 18:52:55: Change Analyzed: S:/Documents/MinecraftModding/xcraftmod/src/main/resources/assets/sxm/models/block/energy_cell_connection_normal_basic.json
2018-04-02 18:52:55: Change Analyzed: S:/Documents/MinecraftModding/xcraftmod/src/main/resources/assets/sxm/models/block/energy_cell_connection_normal_basic.json
2018-04-02 18:52:55: Change Analyzed: S:/Documents/MinecraftModding/xcraftmod/src/main/resources/assets/sxm/models/block/energy_cell_connection_normal_basic.json
2018-04-02 18:52:55: Change Analyzed: S:/Documents/MinecraftModding/xcraftmod/src/main/resources/assets/sxm/models/block/energy_cell_connection_out_advanced.json
2018-04-02 18:52:55: Change Analyzed: S:/Documents/MinecraftModding/xcraftmod/src/main/resources/assets/sxm/models/block/energy_cell_connection_out_advanced.json
2018-04-02 18:52:55: Change Analyzed: S:/Documents/MinecraftModding/xcraftmod/src/main/resources/assets/sxm/models/block/energy_cell_connection_out_advanced.json
2018-04-02 18:52:55: Locking folder gdrive://www.googleapis.com/Good Sync/Eclips Projects/Moding Minecraft 1.12.2/Application for write
2018-04-02 18:52:57: On disk file:///S: space required for sync is 0 bytes, you have 1.25 TB
2018-04-02 18:52:57: On disk gdrive://www.googleapis.com space required for sync is 24.0 KB, you have 12.4 GB
2018-04-02 18:52:57: Changes: 9, Conflicts: 0, CopyTime: 0, FixState: 0, Errors: 0, All: 21981
2018-04-02 18:52:57: Left to Right: Copy File: 8 Delete File: 1 
2018-04-02 18:52:57: -- Analysis Complete. Time 00:00:18, Speed: 17 files/s
2018-04-02 18:52:57: == Sync Started by On File Change, After Delay, Under Runner
2018-04-02 18:52:57: Mod Sync: SYNC started by On File Change, After Delay, Under Runner on 'SENPAI_DESKTOP'
2018-04-02 18:52:57: =Data Storage:\Documents\MinecraftModding\xcraftmod\src (S:/Documents/MinecraftModding/xcraftmod/src) [TmpDest] <-> gdrive://www.googleapis.com/Good Sync/Eclips Projects/Moding Minecraft 1.12.2/Application [DirDest], RecycleTo_RecycleBin, SaveDays_RecycleBin=30d, ReconnectSecs=120, SyncWorkerThreads=99, OnFileChange Delay=5, Unattended, WaitForLocksMin=20, ResolveConflicts=NewerFileWins, AutoClear, LinksIgnore
2018-04-02 18:53:00: Load Recycled DB: gdrive://www.googleapis.com/Good Sync/Eclips Projects/Moding Minecraft 1.12.2/Application/_gsdata_/_recycled_db._gs
2018-04-02 18:53:00: Delete File 'gdrive://www.googleapis.com/Good Sync/Eclips Projects/Moding Minecraft 1.12.2/Application/main/resources/assets/sxm/models/block/energy_storge.json'
2018-04-02 18:53:00: File Systems limited number of parallel threads to 20
2018-04-02 18:53:00: Start only 8 threads, limited by tasks to run
2018-04-02 18:53:00: Change detected [1]: t=MovedFrom path=/main/resources/assets/sxm/models/block/energy_storge.json
2018-04-02 18:53:01: Copy New 'S:/Documents/MinecraftModding/xcraftmod/src/main/resources/assets/sxm/models/block/energy_cell_centre_advanced.json' -> 'gdrive://www.googleapis.com/Good Sync/Eclips Projects/Moding Minecraft 1.12.2/Application/main/resources/assets/sxm/models/block/energy_cell_centre_advanced.json' (6007)
2018-04-02 18:53:03: Copy New 'S:/Documents/MinecraftModding/xcraftmod/src/main/resources/assets/sxm/models/block/energy_cell_connection_in_advanced.json' -> 'gdrive://www.googleapis.com/Good Sync/Eclips Projects/Moding Minecraft 1.12.2/Application/main/resources/assets/sxm/models/block/energy_cell_connection_in_advanced.json' (1492)
2018-04-02 18:53:04: Copy New 'S:/Documents/MinecraftModding/xcraftmod/src/main/resources/assets/sxm/models/block/energy_cell_centre_basic.json' -> 'gdrive://www.googleapis.com/Good Sync/Eclips Projects/Moding Minecraft 1.12.2/Application/main/resources/assets/sxm/models/block/energy_cell_centre_basic.json' (5998)
2018-04-02 18:53:04: Copy New 'S:/Documents/MinecraftModding/xcraftmod/src/main/resources/assets/sxm/models/block/energy_cell_connection_in_basic.json' -> 'gdrive://www.googleapis.com/Good Sync/Eclips Projects/Moding Minecraft 1.12.2/Application/main/resources/assets/sxm/models/block/energy_cell_connection_in_basic.json' (1482)
2018-04-02 18:53:05: Copy New 'S:/Documents/MinecraftModding/xcraftmod/src/main/resources/assets/sxm/models/block/energy_cell_connection_normal_advanced.json' -> 'gdrive://www.googleapis.com/Good Sync/Eclips Projects/Moding Minecraft 1.12.2/Application/main/resources/assets/sxm/models/block/energy_cell_connection_normal_advanced.json' (1446)
2018-04-02 18:53:05: Change detected [0]: t=Created path=/main/resources/assets/sxm/models/item/energy_cell_basic.json
2018-04-02 18:53:05: Change detected [0]: t=Modified path=/main/resources/assets/sxm/models/item/energy_cell_basic.json
2018-04-02 18:53:05: Change detected [0]: t=Modified path=/main/resources/assets/sxm/models/item/energy_cell_basic.json
2018-04-02 18:53:05: Change detected [0]: t=Modified path=/main/resources/assets/sxm/models/item/energy_cell_basic.json
2018-04-02 18:53:05: Change detected [0]: t=Created path=/main/resources/assets/sxm/models/item/energy_cell_advanced.json
2018-04-02 18:53:05: Change detected [0]: t=Modified path=/main/resources/assets/sxm/models/item/energy_cell_advanced.json
2018-04-02 18:53:05: Change detected [0]: t=Modified path=/main/resources/assets/sxm/models/item/energy_cell_advanced.json
2018-04-02 18:53:05: Change detected [0]: t=Modified path=/main/resources/assets/sxm/models/item/energy_cell_advanced.json
2018-04-02 18:53:05: Change detected [0]: t=Modified path=/main/resources/assets/sxm/models/item/energy_cell_basic.json
2018-04-02 18:53:05: Change detected [0]: t=Modified path=/main/resources/assets/sxm/models/item/energy_cell_advanced.json
2018-04-02 18:53:05: Copy New 'S:/Documents/MinecraftModding/xcraftmod/src/main/resources/assets/sxm/models/block/energy_cell_connection_out_advanced.json' -> 'gdrive://www.googleapis.com/Good Sync/Eclips Projects/Moding Minecraft 1.12.2/Application/main/resources/assets/sxm/models/block/energy_cell_connection_out_advanced.json' (1493)
2018-04-02 18:53:05: Copy New 'S:/Documents/MinecraftModding/xcraftmod/src/main/resources/assets/sxm/models/block/energy_cell_connection_out_basic.json' -> 'gdrive://www.googleapis.com/Good Sync/Eclips Projects/Moding Minecraft 1.12.2/Application/main/resources/assets/sxm/models/block/energy_cell_connection_out_basic.json' (1483)
2018-04-02 18:53:09: Copy New 'S:/Documents/MinecraftModding/xcraftmod/src/main/resources/assets/sxm/models/block/energy_cell_connection_normal_basic.json' -> 'gdrive://www.googleapis.com/Good Sync/Eclips Projects/Moding Minecraft 1.12.2/Application/main/resources/assets/sxm/models/block/energy_cell_connection_normal_basic.json' (1436)
2018-04-02 18:53:10: Save State File S:/Documents/MinecraftModding/xcraftmod/src/_gsdata_/_file_state_v4._gs
2018-04-02 18:53:11: Change detected [1]: t=Modified path=/main/resources/assets/sxm/models/block/energy_cell_connection_normal_basic.json
2018-04-02 18:53:11: Change detected [0]: t=Deleted path=/main/resources/assets/sxm/models/item/energy_storge.json
2018-04-02 18:53:11: Change detected [1]: t=Modified path=/main/resources/assets/sxm/models/block/energy_cell_connection_out_basic.json
2018-04-02 18:53:11: Change detected [1]: t=Created path=/main/resources/assets/sxm/models/block/energy_cell_connection_out_basic.json
2018-04-02 18:53:11: Change detected [1]: t=Modified path=/main/resources/assets/sxm/models/block/energy_cell_connection_out_advanced.json
2018-04-02 18:53:11: Change detected [1]: t=Created path=/main/resources/assets/sxm/models/block/energy_cell_connection_out_advanced.json
2018-04-02 18:53:11: Change detected [1]: t=Created path=/main/resources/assets/sxm/models/block/energy_cell_connection_normal_basic.json
2018-04-02 18:53:11: Change detected [1]: t=Modified path=/main/resources/assets/sxm/models/block/energy_cell_connection_in_basic.json
2018-04-02 18:53:12: Change detected [1]: t=Modified path=/main/resources/assets/sxm/models/block/energy_cell_connection_normal_advanced.json
2018-04-02 18:53:12: Change detected [1]: t=Created path=/main/resources/assets/sxm/models/block/energy_cell_connection_normal_advanced.json
2018-04-02 18:53:12: Change detected [1]: t=Created path=/main/resources/assets/sxm/models/block/energy_cell_connection_in_basic.json
2018-04-02 18:53:12: Change detected [1]: t=Modified path=/main/resources/assets/sxm/models/block/energy_cell_centre_basic.json
2018-04-02 18:53:12: Change detected [1]: t=Modified path=/main/resources/assets/sxm/models/block/energy_cell_connection_in_advanced.json
2018-04-02 18:53:12: Change detected [1]: t=Created path=/main/resources/assets/sxm/models/block/energy_cell_connection_in_advanced.json
2018-04-02 18:53:12: Change detected [1]: t=Created path=/main/resources/assets/sxm/models/block/energy_cell_centre_basic.json
2018-04-02 18:53:12: Change detected [1]: t=Modified path=/main/resources/assets/sxm/models/block/energy_cell_centre_advanced.json
2018-04-02 18:53:12: Change detected [1]: t=Created path=/main/resources/assets/sxm/models/block/energy_cell_centre_advanced.json
2018-04-02 18:53:12: Save State File gdrive://www.googleapis.com/Good Sync/Eclips Projects/Moding Minecraft 1.12.2/Application/_gsdata_/_file_state_v4._gs
2018-04-02 18:53:13: Cleanup recycled files in S:/Documents/MinecraftModding/xcraftmod/src/_gsdata_/_saved_
2018-04-02 18:53:13: Load Recycled DB: S:/Documents/MinecraftModding/xcraftmod/src/_gsdata_/_recycled_db._gs
2018-04-02 18:53:13: Deleted old log file C:/Users/Senpai/AppData/Roaming/GoodSync/_mirrors_/file-=Data Storage-Documents-MinecraftModding-xcraftmod-src/2018-0326-185141-SENPAI_DESKTOP-Runner-Mod Sync.log
2018-04-02 18:53:13: Deleted old log file C:/Users/Senpai/AppData/Roaming/GoodSync/_mirrors_/file-=Data Storage-Documents-MinecraftModding-xcraftmod-src/2018-0326-185202-SENPAI_DESKTOP-Runner-Mod Sync.log
2018-04-02 18:53:13: Deleted old log file C:/Users/Senpai/AppData/Roaming/GoodSync/_mirrors_/file-=Data Storage-Documents-MinecraftModding-xcraftmod-src/2018-0326-185223-SENPAI_DESKTOP-Runner-Mod Sync.log
2018-04-02 18:53:13: Cleanup old logs in S:/Documents/MinecraftModding/xcraftmod/src/_gsdata_
2018-04-02 18:53:13: Delete log file S:/Documents/MinecraftModding/xcraftmod/src/_gsdata_/2018-0326-185141-SENPAI_DESKTOP-Runner-Mod Sync.log
2018-04-02 18:53:13: Delete log file S:/Documents/MinecraftModding/xcraftmod/src/_gsdata_/2018-0326-185202-SENPAI_DESKTOP-Runner-Mod Sync.log
2018-04-02 18:53:13: Cleanup recycled files in gdrive://www.googleapis.com/Good Sync/Eclips Projects/Moding Minecraft 1.12.2/Application/_gsdata_/_saved_
2018-04-02 18:53:14: Save Recycled DB: gdrive://www.googleapis.com/Good Sync/Eclips Projects/Moding Minecraft 1.12.2/Application/_gsdata_/_recycled_db._gs
2018-04-02 18:53:14: Deleted old log file C:/Users/Senpai/AppData/Roaming/GoodSync/_mirrors_/gdrive-Wicky_Gustave-0AGIAX4LCOy-XUk9PVA@www.googleapis.com-Good Sync-Eclips Projects-Moding Minecraft 1.12.2-Application/2018-0326-185141-SENPAI_DESKTOP-Runner-Mod Sync.log
2018-04-02 18:53:14: Deleted old log file C:/Users/Senpai/AppData/Roaming/GoodSync/_mirrors_/gdrive-Wicky_Gustave-0AGIAX4LCOy-XUk9PVA@www.googleapis.com-Good Sync-Eclips Projects-Moding Minecraft 1.12.2-Application/2018-0326-185202-SENPAI_DESKTOP-Runner-Mod Sync.log
2018-04-02 18:53:14: Deleted old log file C:/Users/Senpai/AppData/Roaming/GoodSync/_mirrors_/gdrive-Wicky_Gustave-0AGIAX4LCOy-XUk9PVA@www.googleapis.com-Good Sync-Eclips Projects-Moding Minecraft 1.12.2-Application/2018-0326-185223-SENPAI_DESKTOP-Runner-Mod Sync.log
2018-04-02 18:53:14: Cleanup old logs in gdrive://www.googleapis.com/Good Sync/Eclips Projects/Moding Minecraft 1.12.2/Application/_gsdata_
2018-04-02 18:53:14: Delete log file gdrive://www.googleapis.com/Good Sync/Eclips Projects/Moding Minecraft 1.12.2/Application/_gsdata_/2018-0326-185202-SENPAI_DESKTOP-Runner-Mod Sync.log
2018-04-02 18:53:15: Delete log file gdrive://www.googleapis.com/Good Sync/Eclips Projects/Moding Minecraft 1.12.2/Application/_gsdata_/2018-0326-185141-SENPAI_DESKTOP-Runner-Mod Sync.log
2018-04-02 18:53:15: == Sync Complete. Time: 00:00:18, Speed: 5.60 KB/s, OK: 9, Errors: 0
2018-04-02 18:53:15: Unlocking folder S:/Documents/MinecraftModding/xcraftmod/src/_gsdata_/lock.gsl
2018-04-02 18:53:15: Unlocking folder gdrive://www.googleapis.com/Good Sync/Eclips Projects/Moding Minecraft 1.12.2/Application/_gsdata_/lock.gsl
2018-04-02 18:53:16: 
