2018-04-04 01:55:48: Waiting for 8 sec on verb GET: Host not found: Server name is incorrect or No connection to Internet; name=www.googleapis.com; port=443
2018-04-04 01:56:00: Waiting for 16 sec on verb GET: Host not found: Server name is incorrect or No connection to Internet; name=www.googleapis.com; port=443
2018-04-04 01:56:17: Waiting for 30 sec on verb GET: Host not found: Server name is incorrect or No connection to Internet; name=www.googleapis.com; port=443
2018-04-04 01:56:47: Waiting for 30 sec on verb GET: Host not found: Server name is incorrect or No connection to Internet; name=www.googleapis.com; port=443
2018-04-04 01:57:17: Waiting for 30 sec on verb GET: Host not found: Server name is incorrect or No connection to Internet; name=www.googleapis.com; port=443
2018-04-04 01:57:47: getting new changes: changes.list: no reply after 148(120)-sec timeout: Host not found: Server name is incorrect or No connection to Internet; name=www.googleapis.com; port=443
2018-04-04 01:57:47: File Monitoring stopped on: gdrive://www.googleapis.com/Good Sync/Eclips Projects/Moding Minecraft 1.12.2/Application: getting new changes: changes.list: no reply after 148(120)-sec timeout: Host not found: Server name is incorrect or No connection to Internet; name=www.googleapis.com; port=443
2018-04-04 01:57:47: File Monitoring on: gdrive://www.googleapis.com/Good Sync/Eclips Projects/Moding Minecraft 1.12.2/Application: getting new changes: changes.list: no reply after 148(120)-sec timeout: Host not found: Server name is incorrect or No connection to Internet; name=www.googleapis.com; port=443
2018-04-04 01:57:47: Detected Disconnect: getting new changes: changes.list: no reply after 148(120)-sec timeout: Host not found: Server name is incorrect or No connection to Internet; name=www.googleapis.com; port=443
2018-04-04 01:57:47: Cannot Connect: gdrive://www.googleapis.com/Good Sync/Eclips Projects/Moding Minecraft 1.12.2/Application: Host not found: Server name is incorrect or No connection to Internet; name=www.googleapis.com; port=443
2018-04-04 01:58:33: Change detected [0]: t=Modified path=/main/java/com/senpai/handlers/TileEntityHandler.java
2018-04-04 01:58:33: Change detected [0]: t=Modified path=/main/java/com/senpai/handlers/TileEntityHandler.java
2018-04-04 02:00:15: Change detected [0]: t=Modified path=/main/java/com/senpai/blocks/BlockBreaker.java
2018-04-04 02:00:15: Change detected [0]: t=Modified path=/main/java/com/senpai/blocks/BlockBreaker.java
2018-04-04 02:00:19: Change detected [0]: t=Modified path=/main/java/com/senpai/blocks/BlockBreaker.java
2018-04-04 02:00:48: 
2018-04-04 02:00:48: Detected Connect, perform Analyze
2018-04-04 02:00:48: On File Change Monitoring started on gdrive://www.googleapis.com/Good Sync/Eclips Projects/Moding Minecraft 1.12.2/Application
2018-04-04 02:00:50: Connected to S:\Documents\MinecraftModding\xcraftmod\src: S: NTFS: type=NTFS vol=Data Storage flags=3E706FF
2018-04-04 02:00:50: Connected to gdrive://www.googleapis.com/Good Sync/Eclips Projects/Moding Minecraft 1.12.2/Application
2018-04-04 02:00:50: Incremental Analyze for On File Change
2018-04-04 02:00:50: -- Analysis Started by On File Change, After Delay, Under Runner
2018-04-04 02:00:50: Mod Sync: ANALYSIS started by On File Change, After Delay, Under Runner on 'SENPAI_DESKTOP' (GoodSync 10.8.1.1)
2018-04-04 02:00:50: =Data Storage:\Documents\MinecraftModding\xcraftmod\src (S:/Documents/MinecraftModding/xcraftmod/src) [TmpDest] <-> gdrive://www.googleapis.com/Good Sync/Eclips Projects/Moding Minecraft 1.12.2/Application [DirDest], RecycleTo_RecycleBin, SaveDays_RecycleBin=30d, ReconnectSecs=120, SyncWorkerThreads=99, OnFileChange Delay=5, Unattended, WaitForLocksMin=20, ResolveConflicts=NewerFileWins, AutoClear, LinksIgnore
2018-04-04 02:00:50: Exclude Hidden, Exclude System, Exclude name *._gstmp|/System Volume Information|Thumbs.db|.DS_Store 
2018-04-04 02:00:50: Locking folder S:/Documents/MinecraftModding/xcraftmod/src for write
2018-04-04 02:00:50: Change Analyzed: S:/Documents/MinecraftModding/xcraftmod/src/main/java/com/senpai/handlers/AchievementHandler.java
2018-04-04 02:00:50: Change Analyzed: S:/Documents/MinecraftModding/xcraftmod/src/main/java/com/senpai/handlers/AchievementHandler.java
2018-04-04 02:00:50: Change Analyzed: S:/Documents/MinecraftModding/xcraftmod/src/main/java/com/senpai/handlers/AchievementHandler.java
2018-04-04 02:00:50: Change Analyzed: S:/Documents/MinecraftModding/xcraftmod/src/main/java/com/senpai/handlers/TileEntityHandler.java
2018-04-04 02:00:50: Change Analyzed: S:/Documents/MinecraftModding/xcraftmod/src/main/java/com/senpai/handlers/TileEntityHandler.java
2018-04-04 02:00:50: Change Analyzed: S:/Documents/MinecraftModding/xcraftmod/src/main/java/com/senpai/blocks/BlockBreaker.java
2018-04-04 02:00:50: Change Analyzed: S:/Documents/MinecraftModding/xcraftmod/src/main/java/com/senpai/blocks/BlockBreaker.java
2018-04-04 02:00:50: Change Analyzed: S:/Documents/MinecraftModding/xcraftmod/src/main/java/com/senpai/blocks/BlockBreaker.java
2018-04-04 02:00:50: Locking folder gdrive://www.googleapis.com/Good Sync/Eclips Projects/Moding Minecraft 1.12.2/Application for write
2018-04-04 02:00:54: On disk file:///S: space required for sync is 0 bytes, you have 1.25 TB
2018-04-04 02:00:54: On disk gdrive://www.googleapis.com space required for sync is 9.00 KB, you have 12.4 GB
2018-04-04 02:00:54: Changes: 3, Conflicts: 0, CopyTime: 0, FixState: 0, Errors: 0, All: 22337
2018-04-04 02:00:54: Left to Right: Copy File: 2 Delete File: 1 
2018-04-04 02:00:54: -- Analysis Complete. Time 00:05:14, Speed: 39 files/s
2018-04-04 02:00:54: == Sync Started by On File Change, After Delay, Under Runner
2018-04-04 02:00:54: Mod Sync: SYNC started by On File Change, After Delay, Under Runner on 'SENPAI_DESKTOP'
2018-04-04 02:00:54: =Data Storage:\Documents\MinecraftModding\xcraftmod\src (S:/Documents/MinecraftModding/xcraftmod/src) [TmpDest] <-> gdrive://www.googleapis.com/Good Sync/Eclips Projects/Moding Minecraft 1.12.2/Application [DirDest], RecycleTo_RecycleBin, SaveDays_RecycleBin=30d, ReconnectSecs=120, SyncWorkerThreads=99, OnFileChange Delay=5, Unattended, WaitForLocksMin=20, ResolveConflicts=NewerFileWins, AutoClear, LinksIgnore
2018-04-04 02:00:56: Load Recycled DB: gdrive://www.googleapis.com/Good Sync/Eclips Projects/Moding Minecraft 1.12.2/Application/_gsdata_/_recycled_db._gs
2018-04-04 02:00:56: Delete File 'gdrive://www.googleapis.com/Good Sync/Eclips Projects/Moding Minecraft 1.12.2/Application/main/java/com/senpai/handlers/AchievementHandler.java'
2018-04-04 02:00:56: File Systems limited number of parallel threads to 20
2018-04-04 02:00:56: Start only 2 threads, limited by tasks to run
2018-04-04 02:00:59: Change detected [1]: t=Created path=/main/java/com/senpai/handlers/TileEntityHandler.java
2018-04-04 02:01:00: Change detected [1]: t=MovedFrom path=/main/java/com/senpai/handlers/TileEntityHandler.java
2018-04-04 02:01:00: Change detected [1]: t=MovedFrom path=/main/java/com/senpai/blocks/BlockBreaker.java
2018-04-04 02:01:00: Change detected [1]: t=MovedFrom path=/main/java/com/senpai/handlers/AchievementHandler.java
2018-04-04 02:01:00: Copy Over 'S:/Documents/MinecraftModding/xcraftmod/src/main/java/com/senpai/handlers/TileEntityHandler.java' -> 'gdrive://www.googleapis.com/Good Sync/Eclips Projects/Moding Minecraft 1.12.2/Application/main/java/com/senpai/handlers/TileEntityHandler.java' (1126)
2018-04-04 02:01:01: Copy Over 'S:/Documents/MinecraftModding/xcraftmod/src/main/java/com/senpai/blocks/BlockBreaker.java' -> 'gdrive://www.googleapis.com/Good Sync/Eclips Projects/Moding Minecraft 1.12.2/Application/main/java/com/senpai/blocks/BlockBreaker.java' (6718)
2018-04-04 02:01:02: Save State File S:/Documents/MinecraftModding/xcraftmod/src/_gsdata_/_file_state_v4._gs
2018-04-04 02:01:03: Save State File gdrive://www.googleapis.com/Good Sync/Eclips Projects/Moding Minecraft 1.12.2/Application/_gsdata_/_file_state_v4._gs
2018-04-04 02:01:03: Cleanup recycled files in S:/Documents/MinecraftModding/xcraftmod/src/_gsdata_/_saved_
2018-04-04 02:01:03: Load Recycled DB: S:/Documents/MinecraftModding/xcraftmod/src/_gsdata_/_recycled_db._gs
2018-04-04 02:01:03: Deleted old log file C:/Users/Senpai/AppData/Roaming/GoodSync/_mirrors_/file-=Data Storage-Documents-MinecraftModding-xcraftmod-src/2018-0328-015558-SENPAI_DESKTOP-Runner-Mod Sync.log
2018-04-04 02:01:03: Deleted old log file C:/Users/Senpai/AppData/Roaming/GoodSync/_mirrors_/file-=Data Storage-Documents-MinecraftModding-xcraftmod-src/2018-0328-015625-SENPAI_DESKTOP-Runner-Mod Sync.log
2018-04-04 02:01:03: Deleted old log file C:/Users/Senpai/AppData/Roaming/GoodSync/_mirrors_/file-=Data Storage-Documents-MinecraftModding-xcraftmod-src/2018-0328-015846-SENPAI_DESKTOP-Runner-Mod Sync.log
2018-04-04 02:01:03: Deleted old log file C:/Users/Senpai/AppData/Roaming/GoodSync/_mirrors_/file-=Data Storage-Documents-MinecraftModding-xcraftmod-src/2018-0328-015916-SENPAI_DESKTOP-Runner-Mod Sync.log
2018-04-04 02:01:03: Deleted old log file C:/Users/Senpai/AppData/Roaming/GoodSync/_mirrors_/file-=Data Storage-Documents-MinecraftModding-xcraftmod-src/2018-0328-015940-SENPAI_DESKTOP-Runner-Mod Sync.log
2018-04-04 02:01:03: Deleted old log file C:/Users/Senpai/AppData/Roaming/GoodSync/_mirrors_/file-=Data Storage-Documents-MinecraftModding-xcraftmod-src/2018-0328-020010-SENPAI_DESKTOP-Runner-Mod Sync.log
2018-04-04 02:01:03: Deleted old log file C:/Users/Senpai/AppData/Roaming/GoodSync/_mirrors_/file-=Data Storage-Documents-MinecraftModding-xcraftmod-src/2018-0328-020034-SENPAI_DESKTOP-Runner-Mod Sync.log
2018-04-04 02:01:03: Cleanup old logs in S:/Documents/MinecraftModding/xcraftmod/src/_gsdata_
2018-04-04 02:01:03: Delete log file S:/Documents/MinecraftModding/xcraftmod/src/_gsdata_/2018-0328-015558-SENPAI_DESKTOP-Runner-Mod Sync.log
2018-04-04 02:01:03: Delete log file S:/Documents/MinecraftModding/xcraftmod/src/_gsdata_/2018-0328-015846-SENPAI_DESKTOP-Runner-Mod Sync.log
2018-04-04 02:01:03: Delete log file S:/Documents/MinecraftModding/xcraftmod/src/_gsdata_/2018-0328-015940-SENPAI_DESKTOP-Runner-Mod Sync.log
2018-04-04 02:01:03: Delete log file S:/Documents/MinecraftModding/xcraftmod/src/_gsdata_/2018-0328-020010-SENPAI_DESKTOP-Runner-Mod Sync.log
2018-04-04 02:01:03: Delete log file S:/Documents/MinecraftModding/xcraftmod/src/_gsdata_/2018-0328-020034-SENPAI_DESKTOP-Runner-Mod Sync.log
2018-04-04 02:01:03: Cleanup recycled files in gdrive://www.googleapis.com/Good Sync/Eclips Projects/Moding Minecraft 1.12.2/Application/_gsdata_/_saved_
2018-04-04 02:01:10: Change detected [1]: t=Modified path=/main/java/com/senpai/blocks/BlockBreaker.java
2018-04-04 02:01:10: Change detected [1]: t=Created path=/main/java/com/senpai/blocks/BlockBreaker.java
2018-04-04 02:01:10: Change detected [1]: t=Modified path=/main/java/com/senpai/handlers/TileEntityHandler.java
2018-04-04 02:01:19: Save Recycled DB: gdrive://www.googleapis.com/Good Sync/Eclips Projects/Moding Minecraft 1.12.2/Application/_gsdata_/_recycled_db._gs
2018-04-04 02:01:19: Deleted old log file C:/Users/Senpai/AppData/Roaming/GoodSync/_mirrors_/gdrive-Wicky_Gustave-0AGIAX4LCOy-XUk9PVA@www.googleapis.com-Good Sync-Eclips Projects-Moding Minecraft 1.12.2-Application/2018-0328-015558-SENPAI_DESKTOP-Runner-Mod Sync.log
2018-04-04 02:01:19: Deleted old log file C:/Users/Senpai/AppData/Roaming/GoodSync/_mirrors_/gdrive-Wicky_Gustave-0AGIAX4LCOy-XUk9PVA@www.googleapis.com-Good Sync-Eclips Projects-Moding Minecraft 1.12.2-Application/2018-0328-015625-SENPAI_DESKTOP-Runner-Mod Sync.log
2018-04-04 02:01:19: Deleted old log file C:/Users/Senpai/AppData/Roaming/GoodSync/_mirrors_/gdrive-Wicky_Gustave-0AGIAX4LCOy-XUk9PVA@www.googleapis.com-Good Sync-Eclips Projects-Moding Minecraft 1.12.2-Application/2018-0328-015846-SENPAI_DESKTOP-Runner-Mod Sync.log
2018-04-04 02:01:19: Deleted old log file C:/Users/Senpai/AppData/Roaming/GoodSync/_mirrors_/gdrive-Wicky_Gustave-0AGIAX4LCOy-XUk9PVA@www.googleapis.com-Good Sync-Eclips Projects-Moding Minecraft 1.12.2-Application/2018-0328-015916-SENPAI_DESKTOP-Runner-Mod Sync.log
2018-04-04 02:01:19: Deleted old log file C:/Users/Senpai/AppData/Roaming/GoodSync/_mirrors_/gdrive-Wicky_Gustave-0AGIAX4LCOy-XUk9PVA@www.googleapis.com-Good Sync-Eclips Projects-Moding Minecraft 1.12.2-Application/2018-0328-015940-SENPAI_DESKTOP-Runner-Mod Sync.log
2018-04-04 02:01:19: Deleted old log file C:/Users/Senpai/AppData/Roaming/GoodSync/_mirrors_/gdrive-Wicky_Gustave-0AGIAX4LCOy-XUk9PVA@www.googleapis.com-Good Sync-Eclips Projects-Moding Minecraft 1.12.2-Application/2018-0328-020010-SENPAI_DESKTOP-Runner-Mod Sync.log
2018-04-04 02:01:19: Deleted old log file C:/Users/Senpai/AppData/Roaming/GoodSync/_mirrors_/gdrive-Wicky_Gustave-0AGIAX4LCOy-XUk9PVA@www.googleapis.com-Good Sync-Eclips Projects-Moding Minecraft 1.12.2-Application/2018-0328-020034-SENPAI_DESKTOP-Runner-Mod Sync.log
2018-04-04 02:01:19: Deleted old log file C:/Users/Senpai/AppData/Roaming/GoodSync/_mirrors_/gdrive-Wicky_Gustave-0AGIAX4LCOy-XUk9PVA@www.googleapis.com-Good Sync-Eclips Projects-Moding Minecraft 1.12.2-Application/2018-0328-020104-SENPAI_DESKTOP-Runner-Mod Sync.log
2018-04-04 02:01:19: Cleanup old logs in gdrive://www.googleapis.com/Good Sync/Eclips Projects/Moding Minecraft 1.12.2/Application/_gsdata_
2018-04-04 02:01:20: Delete log file gdrive://www.googleapis.com/Good Sync/Eclips Projects/Moding Minecraft 1.12.2/Application/_gsdata_/2018-0328-015846-SENPAI_DESKTOP-Runner-Mod Sync.log
2018-04-04 02:01:21: Delete log file gdrive://www.googleapis.com/Good Sync/Eclips Projects/Moding Minecraft 1.12.2/Application/_gsdata_/2018-0328-015558-SENPAI_DESKTOP-Runner-Mod Sync.log
2018-04-04 02:01:22: Delete log file gdrive://www.googleapis.com/Good Sync/Eclips Projects/Moding Minecraft 1.12.2/Application/_gsdata_/2018-0328-020010-SENPAI_DESKTOP-Runner-Mod Sync.log
2018-04-04 02:01:23: Delete log file gdrive://www.googleapis.com/Good Sync/Eclips Projects/Moding Minecraft 1.12.2/Application/_gsdata_/2018-0328-015940-SENPAI_DESKTOP-Runner-Mod Sync.log
2018-04-04 02:01:23: Delete log file gdrive://www.googleapis.com/Good Sync/Eclips Projects/Moding Minecraft 1.12.2/Application/_gsdata_/2018-0328-020034-SENPAI_DESKTOP-Runner-Mod Sync.log
2018-04-04 02:01:23: == Sync Complete. Time: 00:00:29, Speed: 3.47 KB/s, OK: 3, Errors: 0
2018-04-04 02:01:23: Unlocking folder S:/Documents/MinecraftModding/xcraftmod/src/_gsdata_/lock.gsl
2018-04-04 02:01:23: Unlocking folder gdrive://www.googleapis.com/Good Sync/Eclips Projects/Moding Minecraft 1.12.2/Application/_gsdata_/lock.gsl
2018-04-04 02:01:25: 
