2018-04-03 12:45:57: Connected to S:\Documents\MinecraftModding\xcraftmod\src: S: NTFS: type=NTFS vol=Data Storage flags=3E706FF
2018-04-03 12:45:57: Connected to gdrive://www.googleapis.com/Good Sync/Eclips Projects/Moding Minecraft 1.12.2/Application
2018-04-03 12:45:57: Incremental Analyze for On File Change
2018-04-03 12:45:57: -- Analysis Started by On File Change, After Delay, Under Runner
2018-04-03 12:45:57: Mod Sync: ANALYSIS started by On File Change, After Delay, Under Runner on 'SENPAI_DESKTOP' (GoodSync 10.8.1.1)
2018-04-03 12:45:57: =Data Storage:\Documents\MinecraftModding\xcraftmod\src (S:/Documents/MinecraftModding/xcraftmod/src) [TmpDest] <-> gdrive://www.googleapis.com/Good Sync/Eclips Projects/Moding Minecraft 1.12.2/Application [DirDest], RecycleTo_RecycleBin, SaveDays_RecycleBin=30d, ReconnectSecs=120, SyncWorkerThreads=99, OnFileChange Delay=5, Unattended, WaitForLocksMin=20, ResolveConflicts=NewerFileWins, AutoClear, LinksIgnore
2018-04-03 12:45:57: Exclude Hidden, Exclude System, Exclude name *._gstmp|/System Volume Information|Thumbs.db|.DS_Store 
2018-04-03 12:45:57: Locking folder S:/Documents/MinecraftModding/xcraftmod/src for write
2018-04-03 12:45:57: Change Analyzed: S:/Documents/MinecraftModding/xcraftmod/src/main/resources/assets/sxm/blockstates/block_beacon.json
2018-04-03 12:45:57: Change Analyzed: S:/Documents/MinecraftModding/xcraftmod/src/main/resources/assets/sxm/blockstates/block_beacon.json
2018-04-03 12:45:57: Change Analyzed: S:/Documents/MinecraftModding/xcraftmod/src/main/resources/assets/sxm/blockstates/block_beacon.json
2018-04-03 12:45:57: Locking folder gdrive://www.googleapis.com/Good Sync/Eclips Projects/Moding Minecraft 1.12.2/Application for write
2018-04-03 12:45:59: On disk file:///S: space required for sync is 0 bytes, you have 1.25 TB
2018-04-03 12:45:59: On disk gdrive://www.googleapis.com space required for sync is 1.00 KB, you have 12.4 GB
2018-04-03 12:46:00: Changes: 1, Conflicts: 0, CopyTime: 0, FixState: 0, Errors: 0, All: 22069
2018-04-03 12:46:00: Left to Right: Copy File: 1 
2018-04-03 12:46:00: -- Analysis Complete. Time 00:00:03, Speed: 128 files/s
2018-04-03 12:46:00: == Sync Started by On File Change, After Delay, Under Runner
2018-04-03 12:46:00: Mod Sync: SYNC started by On File Change, After Delay, Under Runner on 'SENPAI_DESKTOP'
2018-04-03 12:46:00: =Data Storage:\Documents\MinecraftModding\xcraftmod\src (S:/Documents/MinecraftModding/xcraftmod/src) [TmpDest] <-> gdrive://www.googleapis.com/Good Sync/Eclips Projects/Moding Minecraft 1.12.2/Application [DirDest], RecycleTo_RecycleBin, SaveDays_RecycleBin=30d, ReconnectSecs=120, SyncWorkerThreads=99, OnFileChange Delay=5, Unattended, WaitForLocksMin=20, ResolveConflicts=NewerFileWins, AutoClear, LinksIgnore
2018-04-03 12:46:00: Change detected [0]: t=Modified path=/main/resources/assets/sxm/blockstates/block_beacon.json
2018-04-03 12:46:00: Change detected [0]: t=Modified path=/main/resources/assets/sxm/blockstates/block_beacon.json
2018-04-03 12:46:00: File Systems limited number of parallel threads to 20
2018-04-03 12:46:00: Start only 1 threads, limited by tasks to run
2018-04-03 12:46:01: S:/Documents/MinecraftModding/xcraftmod/src/main/resources/assets/sxm/blockstates/block_beacon.json: Source file has changed between Analyze and Sync from '[file] size=87 accu-time=2018-03-21 03:16:22 attr=Archive cktype=0' to 'size=87 time=2018-04-03 12:45:59', noted in source file state
2018-04-03 12:46:01: Copy New 'S:/Documents/MinecraftModding/xcraftmod/src/main/resources/assets/sxm/blockstates/block_beacon.json' -> 'gdrive://www.googleapis.com/Good Sync/Eclips Projects/Moding Minecraft 1.12.2/Application/main/resources/assets/sxm/blockstates/block_beacon.json' (87)
2018-04-03 12:46:02: Save State File S:/Documents/MinecraftModding/xcraftmod/src/_gsdata_/_file_state_v4._gs
2018-04-03 12:46:03: Save State File gdrive://www.googleapis.com/Good Sync/Eclips Projects/Moding Minecraft 1.12.2/Application/_gsdata_/_file_state_v4._gs
2018-04-03 12:46:03: Cleanup recycled files in S:/Documents/MinecraftModding/xcraftmod/src/_gsdata_/_saved_
2018-04-03 12:46:03: Load Recycled DB: S:/Documents/MinecraftModding/xcraftmod/src/_gsdata_/_recycled_db._gs
2018-04-03 12:46:03: Deleted old log file C:/Users/Senpai/AppData/Roaming/GoodSync/_mirrors_/file-=Data Storage-Documents-MinecraftModding-xcraftmod-src/2018-0327-124427-SENPAI_DESKTOP-Runner-Mod Sync.log
2018-04-03 12:46:03: Deleted old log file C:/Users/Senpai/AppData/Roaming/GoodSync/_mirrors_/file-=Data Storage-Documents-MinecraftModding-xcraftmod-src/2018-0327-124448-SENPAI_DESKTOP-Runner-Mod Sync.log
2018-04-03 12:46:03: Deleted old log file C:/Users/Senpai/AppData/Roaming/GoodSync/_mirrors_/file-=Data Storage-Documents-MinecraftModding-xcraftmod-src/2018-0327-124518-SENPAI_DESKTOP-Runner-Mod Sync.log
2018-04-03 12:46:03: Deleted old log file C:/Users/Senpai/AppData/Roaming/GoodSync/_mirrors_/file-=Data Storage-Documents-MinecraftModding-xcraftmod-src/2018-0327-124539-SENPAI_DESKTOP-Runner-Mod Sync.log
2018-04-03 12:46:03: Cleanup old logs in S:/Documents/MinecraftModding/xcraftmod/src/_gsdata_
2018-04-03 12:46:03: Delete log file S:/Documents/MinecraftModding/xcraftmod/src/_gsdata_/2018-0327-124427-SENPAI_DESKTOP-Runner-Mod Sync.log
2018-04-03 12:46:03: Delete log file S:/Documents/MinecraftModding/xcraftmod/src/_gsdata_/2018-0327-124518-SENPAI_DESKTOP-Runner-Mod Sync.log
2018-04-03 12:46:03: Cleanup recycled files in gdrive://www.googleapis.com/Good Sync/Eclips Projects/Moding Minecraft 1.12.2/Application/_gsdata_/_saved_
2018-04-03 12:46:04: Load Recycled DB: gdrive://www.googleapis.com/Good Sync/Eclips Projects/Moding Minecraft 1.12.2/Application/_gsdata_/_recycled_db._gs
2018-04-03 12:46:04: Deleted old log file C:/Users/Senpai/AppData/Roaming/GoodSync/_mirrors_/gdrive-Wicky_Gustave-0AGIAX4LCOy-XUk9PVA@www.googleapis.com-Good Sync-Eclips Projects-Moding Minecraft 1.12.2-Application/2018-0327-124427-SENPAI_DESKTOP-Runner-Mod Sync.log
2018-04-03 12:46:04: Deleted old log file C:/Users/Senpai/AppData/Roaming/GoodSync/_mirrors_/gdrive-Wicky_Gustave-0AGIAX4LCOy-XUk9PVA@www.googleapis.com-Good Sync-Eclips Projects-Moding Minecraft 1.12.2-Application/2018-0327-124448-SENPAI_DESKTOP-Runner-Mod Sync.log
2018-04-03 12:46:04: Deleted old log file C:/Users/Senpai/AppData/Roaming/GoodSync/_mirrors_/gdrive-Wicky_Gustave-0AGIAX4LCOy-XUk9PVA@www.googleapis.com-Good Sync-Eclips Projects-Moding Minecraft 1.12.2-Application/2018-0327-124518-SENPAI_DESKTOP-Runner-Mod Sync.log
2018-04-03 12:46:04: Deleted old log file C:/Users/Senpai/AppData/Roaming/GoodSync/_mirrors_/gdrive-Wicky_Gustave-0AGIAX4LCOy-XUk9PVA@www.googleapis.com-Good Sync-Eclips Projects-Moding Minecraft 1.12.2-Application/2018-0327-124539-SENPAI_DESKTOP-Runner-Mod Sync.log
2018-04-03 12:46:04: Cleanup old logs in gdrive://www.googleapis.com/Good Sync/Eclips Projects/Moding Minecraft 1.12.2/Application/_gsdata_
2018-04-03 12:46:05: Delete log file gdrive://www.googleapis.com/Good Sync/Eclips Projects/Moding Minecraft 1.12.2/Application/_gsdata_/2018-0327-124427-SENPAI_DESKTOP-Runner-Mod Sync.log
2018-04-03 12:46:06: Delete log file gdrive://www.googleapis.com/Good Sync/Eclips Projects/Moding Minecraft 1.12.2/Application/_gsdata_/2018-0327-124518-SENPAI_DESKTOP-Runner-Mod Sync.log
2018-04-03 12:46:06: == Sync Complete. Time: 00:00:06, Speed: 1.87 KB/s, OK: 1, Errors: 0
2018-04-03 12:46:06: Unlocking folder S:/Documents/MinecraftModding/xcraftmod/src/_gsdata_/lock.gsl
2018-04-03 12:46:06: Unlocking folder gdrive://www.googleapis.com/Good Sync/Eclips Projects/Moding Minecraft 1.12.2/Application/_gsdata_/lock.gsl
2018-04-03 12:46:07: 
2018-04-03 12:46:07: Change detected [1]: t=Modified path=/main/resources/assets/sxm/blockstates/block_beacon.json
