2018-04-03 22:41:51: Connected to S:\Documents\MinecraftModding\xcraftmod\src: S: NTFS: type=NTFS vol=Data Storage flags=3E706FF
2018-04-03 22:41:51: Connected to gdrive://www.googleapis.com/Good Sync/Eclips Projects/Moding Minecraft 1.12.2/Application
2018-04-03 22:41:51: Incremental Analyze for On File Change
2018-04-03 22:41:52: -- Analysis Started by On File Change, After Delay, Under Runner
2018-04-03 22:41:52: Mod Sync: ANALYSIS started by On File Change, After Delay, Under Runner on 'SENPAI_DESKTOP' (GoodSync 10.8.1.1)
2018-04-03 22:41:52: =Data Storage:\Documents\MinecraftModding\xcraftmod\src (S:/Documents/MinecraftModding/xcraftmod/src) [TmpDest] <-> gdrive://www.googleapis.com/Good Sync/Eclips Projects/Moding Minecraft 1.12.2/Application [DirDest], RecycleTo_RecycleBin, SaveDays_RecycleBin=30d, ReconnectSecs=120, SyncWorkerThreads=99, OnFileChange Delay=5, Unattended, WaitForLocksMin=20, ResolveConflicts=NewerFileWins, AutoClear, LinksIgnore
2018-04-03 22:41:52: Exclude Hidden, Exclude System, Exclude name *._gstmp|/System Volume Information|Thumbs.db|.DS_Store 
2018-04-03 22:41:52: Locking folder S:/Documents/MinecraftModding/xcraftmod/src for write
2018-04-03 22:41:52: Change Analyzed: S:/Documents/MinecraftModding/xcraftmod/src/main/java/com/senpai/util/handlers/EnumHandler.java
2018-04-03 22:41:52: Change Analyzed: S:/Documents/MinecraftModding/xcraftmod/src/main/java/com/senpai/util/handlers/EnumHandler.java
2018-04-03 22:41:52: Change Analyzed: S:/Documents/MinecraftModding/xcraftmod/src/main/java/com/senpai/util/handlers/EnumHandler.java
2018-04-03 22:41:52: Locking folder gdrive://www.googleapis.com/Good Sync/Eclips Projects/Moding Minecraft 1.12.2/Application for write
2018-04-03 22:41:54: On disk file:///S: space required for sync is 0 bytes, you have 1.25 TB
2018-04-03 22:41:54: On disk gdrive://www.googleapis.com space required for sync is 5.00 KB, you have 12.4 GB
2018-04-03 22:41:54: Changes: 1, Conflicts: 0, CopyTime: 0, FixState: 0, Errors: 0, All: 22110
2018-04-03 22:41:54: Left to Right: Copy File: 1 
2018-04-03 22:41:54: -- Analysis Complete. Time 00:00:04, Speed: 103 files/s
2018-04-03 22:41:54: == Sync Started by On File Change, After Delay, Under Runner
2018-04-03 22:41:54: Mod Sync: SYNC started by On File Change, After Delay, Under Runner on 'SENPAI_DESKTOP'
2018-04-03 22:41:54: =Data Storage:\Documents\MinecraftModding\xcraftmod\src (S:/Documents/MinecraftModding/xcraftmod/src) [TmpDest] <-> gdrive://www.googleapis.com/Good Sync/Eclips Projects/Moding Minecraft 1.12.2/Application [DirDest], RecycleTo_RecycleBin, SaveDays_RecycleBin=30d, ReconnectSecs=120, SyncWorkerThreads=99, OnFileChange Delay=5, Unattended, WaitForLocksMin=20, ResolveConflicts=NewerFileWins, AutoClear, LinksIgnore
2018-04-03 22:41:54: File Systems limited number of parallel threads to 20
2018-04-03 22:41:54: Start only 1 threads, limited by tasks to run
2018-04-03 22:41:55: Change detected [0]: t=Modified path=/main/java/com/senpai/util/handlers/EnumHandler.java
2018-04-03 22:41:55: Change detected [0]: t=Modified path=/main/java/com/senpai/util/handlers/EnumHandler.java
2018-04-03 22:41:56: Change detected [0]: t=Modified path=/main/java/com/senpai/util/handlers/EnumHandler.java
2018-04-03 22:41:57: Load Recycled DB: gdrive://www.googleapis.com/Good Sync/Eclips Projects/Moding Minecraft 1.12.2/Application/_gsdata_/_recycled_db._gs
2018-04-03 22:41:58: S:/Documents/MinecraftModding/xcraftmod/src/main/java/com/senpai/util/handlers/EnumHandler.java: Source file has changed between Analyze and Sync from '[file] size=4303 accu-time=2018-04-03 22:41:39 attr=Archive cktype=0' to 'size=4304 time=2018-04-03 22:41:54', noted in source file state
2018-04-03 22:41:58: Copy Over 'S:/Documents/MinecraftModding/xcraftmod/src/main/java/com/senpai/util/handlers/EnumHandler.java' -> 'gdrive://www.googleapis.com/Good Sync/Eclips Projects/Moding Minecraft 1.12.2/Application/main/java/com/senpai/util/handlers/EnumHandler.java' (4303)
2018-04-03 22:41:58: Save State File S:/Documents/MinecraftModding/xcraftmod/src/_gsdata_/_file_state_v4._gs
2018-04-03 22:42:00: Save State File gdrive://www.googleapis.com/Good Sync/Eclips Projects/Moding Minecraft 1.12.2/Application/_gsdata_/_file_state_v4._gs
2018-04-03 22:42:00: Cleanup recycled files in S:/Documents/MinecraftModding/xcraftmod/src/_gsdata_/_saved_
2018-04-03 22:42:00: Load Recycled DB: S:/Documents/MinecraftModding/xcraftmod/src/_gsdata_/_recycled_db._gs
2018-04-03 22:42:00: Deleted old log file C:/Users/Senpai/AppData/Roaming/GoodSync/_mirrors_/file-=Data Storage-Documents-MinecraftModding-xcraftmod-src/2018-0327-224021-SENPAI_DESKTOP-Runner-Mod Sync.log
2018-04-03 22:42:00: Deleted old log file C:/Users/Senpai/AppData/Roaming/GoodSync/_mirrors_/file-=Data Storage-Documents-MinecraftModding-xcraftmod-src/2018-0327-224052-SENPAI_DESKTOP-Runner-Mod Sync.log
2018-04-03 22:42:00: Cleanup old logs in S:/Documents/MinecraftModding/xcraftmod/src/_gsdata_
2018-04-03 22:42:00: Delete log file S:/Documents/MinecraftModding/xcraftmod/src/_gsdata_/2018-0327-224021-SENPAI_DESKTOP-Runner-Mod Sync.log
2018-04-03 22:42:00: Cleanup recycled files in gdrive://www.googleapis.com/Good Sync/Eclips Projects/Moding Minecraft 1.12.2/Application/_gsdata_/_saved_
2018-04-03 22:42:01: Change detected [1]: t=Modified path=/main/java/com/senpai/util/handlers/EnumHandler.java
2018-04-03 22:42:01: Change detected [1]: t=Created path=/main/java/com/senpai/util/handlers/EnumHandler.java
2018-04-03 22:42:01: Change detected [1]: t=MovedFrom path=/main/java/com/senpai/util/handlers/EnumHandler.java
2018-04-03 22:42:01: Save Recycled DB: gdrive://www.googleapis.com/Good Sync/Eclips Projects/Moding Minecraft 1.12.2/Application/_gsdata_/_recycled_db._gs
2018-04-03 22:42:01: Deleted old log file C:/Users/Senpai/AppData/Roaming/GoodSync/_mirrors_/gdrive-Wicky_Gustave-0AGIAX4LCOy-XUk9PVA@www.googleapis.com-Good Sync-Eclips Projects-Moding Minecraft 1.12.2-Application/2018-0327-224021-SENPAI_DESKTOP-Runner-Mod Sync.log
2018-04-03 22:42:01: Deleted old log file C:/Users/Senpai/AppData/Roaming/GoodSync/_mirrors_/gdrive-Wicky_Gustave-0AGIAX4LCOy-XUk9PVA@www.googleapis.com-Good Sync-Eclips Projects-Moding Minecraft 1.12.2-Application/2018-0327-224052-SENPAI_DESKTOP-Runner-Mod Sync.log
2018-04-03 22:42:01: Cleanup old logs in gdrive://www.googleapis.com/Good Sync/Eclips Projects/Moding Minecraft 1.12.2/Application/_gsdata_
2018-04-03 22:42:02: Delete log file gdrive://www.googleapis.com/Good Sync/Eclips Projects/Moding Minecraft 1.12.2/Application/_gsdata_/2018-0327-224021-SENPAI_DESKTOP-Runner-Mod Sync.log
2018-04-03 22:42:02: == Sync Complete. Time: 00:00:08, Speed: 1.49 KB/s, OK: 1, Errors: 0
2018-04-03 22:42:02: Unlocking folder S:/Documents/MinecraftModding/xcraftmod/src/_gsdata_/lock.gsl
2018-04-03 22:42:02: Unlocking folder gdrive://www.googleapis.com/Good Sync/Eclips Projects/Moding Minecraft 1.12.2/Application/_gsdata_/lock.gsl
2018-04-03 22:42:04: 
