2018-04-04 02:15:04: Connected to S:\Documents\MinecraftModding\xcraftmod\src: S: NTFS: type=NTFS vol=Data Storage flags=3E706FF
2018-04-04 02:15:04: Connected to gdrive://www.googleapis.com/Good Sync/Eclips Projects/Moding Minecraft 1.12.2/Application
2018-04-04 02:15:04: Incremental Analyze for On File Change
2018-04-04 02:15:04: -- Analysis Started by On File Change, After Delay, Under Runner
2018-04-04 02:15:04: Mod Sync: ANALYSIS started by On File Change, After Delay, Under Runner on 'SENPAI_DESKTOP' (GoodSync 10.8.1.1)
2018-04-04 02:15:04: =Data Storage:\Documents\MinecraftModding\xcraftmod\src (S:/Documents/MinecraftModding/xcraftmod/src) [TmpDest] <-> gdrive://www.googleapis.com/Good Sync/Eclips Projects/Moding Minecraft 1.12.2/Application [DirDest], RecycleTo_RecycleBin, SaveDays_RecycleBin=30d, ReconnectSecs=120, SyncWorkerThreads=99, OnFileChange Delay=5, Unattended, WaitForLocksMin=20, ResolveConflicts=NewerFileWins, AutoClear, LinksIgnore
2018-04-04 02:15:04: Exclude Hidden, Exclude System, Exclude name *._gstmp|/System Volume Information|Thumbs.db|.DS_Store 
2018-04-04 02:15:04: Locking folder S:/Documents/MinecraftModding/xcraftmod/src for write
2018-04-04 02:15:04: Change Analyzed: S:/Documents/MinecraftModding/xcraftmod/src/main/resources/assets/sxm/models/item/tin_sword.json
2018-04-04 02:15:04: Change Analyzed: S:/Documents/MinecraftModding/xcraftmod/src/main/resources/assets/sxm/models/item/tin_sword.json
2018-04-04 02:15:04: Change Analyzed: S:/Documents/MinecraftModding/xcraftmod/src/main/resources/assets/sxm/models/item/tin_axe.json
2018-04-04 02:15:04: Change Analyzed: S:/Documents/MinecraftModding/xcraftmod/src/main/resources/assets/sxm/models/item/tin_axe.json
2018-04-04 02:15:04: Change Analyzed: S:/Documents/MinecraftModding/xcraftmod/src/main/resources/assets/sxm/models/item/tin_block.json
2018-04-04 02:15:04: Change Analyzed: S:/Documents/MinecraftModding/xcraftmod/src/main/resources/assets/sxm/models/item/tin_block.json
2018-04-04 02:15:04: Change Analyzed: S:/Documents/MinecraftModding/xcraftmod/src/main/resources/assets/sxm/models/item/tin_boots.json
2018-04-04 02:15:04: Change Analyzed: S:/Documents/MinecraftModding/xcraftmod/src/main/resources/assets/sxm/models/item/tin_boots.json
2018-04-04 02:15:04: Change Analyzed: S:/Documents/MinecraftModding/xcraftmod/src/main/resources/assets/sxm/models/item/tin_button.json
2018-04-04 02:15:04: Change Analyzed: S:/Documents/MinecraftModding/xcraftmod/src/main/resources/assets/sxm/models/item/tin_button.json
2018-04-04 02:15:04: Change Analyzed: S:/Documents/MinecraftModding/xcraftmod/src/main/resources/assets/sxm/models/item/tin_chestplate.json
2018-04-04 02:15:04: Change Analyzed: S:/Documents/MinecraftModding/xcraftmod/src/main/resources/assets/sxm/models/item/tin_chestplate.json
2018-04-04 02:15:04: Change Analyzed: S:/Documents/MinecraftModding/xcraftmod/src/main/resources/assets/sxm/models/item/tin_door.json
2018-04-04 02:15:04: Change Analyzed: S:/Documents/MinecraftModding/xcraftmod/src/main/resources/assets/sxm/models/item/tin_door.json
2018-04-04 02:15:04: Change Analyzed: S:/Documents/MinecraftModding/xcraftmod/src/main/resources/assets/sxm/models/item/tin_fence.json
2018-04-04 02:15:04: Change Analyzed: S:/Documents/MinecraftModding/xcraftmod/src/main/resources/assets/sxm/models/item/tin_fence.json
2018-04-04 02:15:04: Change Analyzed: S:/Documents/MinecraftModding/xcraftmod/src/main/resources/assets/sxm/models/item/tin_fence_gate.json
2018-04-04 02:15:04: Change Analyzed: S:/Documents/MinecraftModding/xcraftmod/src/main/resources/assets/sxm/models/item/tin_fence_gate.json
2018-04-04 02:15:04: Change Analyzed: S:/Documents/MinecraftModding/xcraftmod/src/main/resources/assets/sxm/models/item/tin_helmet.json
2018-04-04 02:15:04: Change Analyzed: S:/Documents/MinecraftModding/xcraftmod/src/main/resources/assets/sxm/models/item/tin_helmet.json
2018-04-04 02:15:04: Change Analyzed: S:/Documents/MinecraftModding/xcraftmod/src/main/resources/assets/sxm/models/item/tin_hoe.json
2018-04-04 02:15:04: Change Analyzed: S:/Documents/MinecraftModding/xcraftmod/src/main/resources/assets/sxm/models/item/tin_hoe.json
2018-04-04 02:15:04: Change Analyzed: S:/Documents/MinecraftModding/xcraftmod/src/main/resources/assets/sxm/models/item/tin_ingot.json
2018-04-04 02:15:04: Change Analyzed: S:/Documents/MinecraftModding/xcraftmod/src/main/resources/assets/sxm/models/item/tin_ingot.json
2018-04-04 02:15:04: Change Analyzed: S:/Documents/MinecraftModding/xcraftmod/src/main/resources/assets/sxm/models/item/tin_leggings.json
2018-04-04 02:15:04: Change Analyzed: S:/Documents/MinecraftModding/xcraftmod/src/main/resources/assets/sxm/models/item/tin_leggings.json
2018-04-04 02:15:04: Change Analyzed: S:/Documents/MinecraftModding/xcraftmod/src/main/resources/assets/sxm/models/item/tin_nugget.json
2018-04-04 02:15:04: Change Analyzed: S:/Documents/MinecraftModding/xcraftmod/src/main/resources/assets/sxm/models/item/tin_nugget.json
2018-04-04 02:15:04: Change Analyzed: S:/Documents/MinecraftModding/xcraftmod/src/main/resources/assets/sxm/models/item/tin_pickaxe.json
2018-04-04 02:15:04: Change Analyzed: S:/Documents/MinecraftModding/xcraftmod/src/main/resources/assets/sxm/models/item/tin_pickaxe.json
2018-04-04 02:15:04: Change Analyzed: S:/Documents/MinecraftModding/xcraftmod/src/main/resources/assets/sxm/models/item/tin_pressure_plate.json
2018-04-04 02:15:04: Change Analyzed: S:/Documents/MinecraftModding/xcraftmod/src/main/resources/assets/sxm/models/item/tin_pressure_plate.json
2018-04-04 02:15:04: Change Analyzed: S:/Documents/MinecraftModding/xcraftmod/src/main/resources/assets/sxm/models/item/tin_shovel.json
2018-04-04 02:15:04: Change Analyzed: S:/Documents/MinecraftModding/xcraftmod/src/main/resources/assets/sxm/models/item/tin_shovel.json
2018-04-04 02:15:04: Change Analyzed: S:/Documents/MinecraftModding/xcraftmod/src/main/resources/assets/sxm/models/item/tin_slab_half.json
2018-04-04 02:15:04: Change Analyzed: S:/Documents/MinecraftModding/xcraftmod/src/main/resources/assets/sxm/models/item/tin_slab_half.json
2018-04-04 02:15:04: Change Analyzed: S:/Documents/MinecraftModding/xcraftmod/src/main/resources/assets/sxm/models/item/tin_stairs.json
2018-04-04 02:15:04: Change Analyzed: S:/Documents/MinecraftModding/xcraftmod/src/main/resources/assets/sxm/models/item/tin_stairs.json
2018-04-04 02:15:04: Change Analyzed: S:/Documents/MinecraftModding/xcraftmod/src/main/resources/assets/sxm/models/item/tin_stick.json
2018-04-04 02:15:04: Change Analyzed: S:/Documents/MinecraftModding/xcraftmod/src/main/resources/assets/sxm/models/item/tin_stick.json
2018-04-04 02:15:05: Locking folder gdrive://www.googleapis.com/Good Sync/Eclips Projects/Moding Minecraft 1.12.2/Application for write
2018-04-04 02:15:06: Change Analyzed: gdrive://www.googleapis.com/Good Sync/Eclips Projects/Moding Minecraft 1.12.2/Application/main/resources/assets/sxm/models/item/tin_apple.json
2018-04-04 02:15:06: Change Analyzed: gdrive://www.googleapis.com/Good Sync/Eclips Projects/Moding Minecraft 1.12.2/Application/main/resources/assets/sxm/models/item/tin_apple.json
2018-04-04 02:15:06: Change Analyzed: gdrive://www.googleapis.com/Good Sync/Eclips Projects/Moding Minecraft 1.12.2/Application/main/resources/assets/sxm/models/item/tin_apple.json
2018-04-04 02:15:07: On disk file:///S: space required for sync is 0 bytes, you have 1.25 TB
2018-04-04 02:15:07: On disk gdrive://www.googleapis.com space required for sync is 20.0 KB, you have 12.4 GB
2018-04-04 02:15:07: Changes: 20, Conflicts: 0, CopyTime: 0, FixState: 0, Errors: 0, All: 22343
2018-04-04 02:15:07: Left to Right: Copy File: 20 
2018-04-04 02:15:07: -- Analysis Complete. Time 00:00:05, Speed: 110 files/s
2018-04-04 02:15:07: == Sync Started by On File Change, After Delay, Under Runner
2018-04-04 02:15:07: Mod Sync: SYNC started by On File Change, After Delay, Under Runner on 'SENPAI_DESKTOP'
2018-04-04 02:15:07: =Data Storage:\Documents\MinecraftModding\xcraftmod\src (S:/Documents/MinecraftModding/xcraftmod/src) [TmpDest] <-> gdrive://www.googleapis.com/Good Sync/Eclips Projects/Moding Minecraft 1.12.2/Application [DirDest], RecycleTo_RecycleBin, SaveDays_RecycleBin=30d, ReconnectSecs=120, SyncWorkerThreads=99, OnFileChange Delay=5, Unattended, WaitForLocksMin=20, ResolveConflicts=NewerFileWins, AutoClear, LinksIgnore
2018-04-04 02:15:07: File Systems limited number of parallel threads to 20
2018-04-04 02:15:09: Load Recycled DB: gdrive://www.googleapis.com/Good Sync/Eclips Projects/Moding Minecraft 1.12.2/Application/_gsdata_/_recycled_db._gs
2018-04-04 02:15:12: Copy Over 'S:/Documents/MinecraftModding/xcraftmod/src/main/resources/assets/sxm/models/item/tin_block.json' -> 'gdrive://www.googleapis.com/Good Sync/Eclips Projects/Moding Minecraft 1.12.2/Application/main/resources/assets/sxm/models/item/tin_block.json' (36)
2018-04-04 02:15:13: Copy Over 'S:/Documents/MinecraftModding/xcraftmod/src/main/resources/assets/sxm/models/item/tin_axe.json' -> 'gdrive://www.googleapis.com/Good Sync/Eclips Projects/Moding Minecraft 1.12.2/Application/main/resources/assets/sxm/models/item/tin_axe.json' (81)
2018-04-04 02:15:14: Copy Over 'S:/Documents/MinecraftModding/xcraftmod/src/main/resources/assets/sxm/models/item/tin_boots.json' -> 'gdrive://www.googleapis.com/Good Sync/Eclips Projects/Moding Minecraft 1.12.2/Application/main/resources/assets/sxm/models/item/tin_boots.json' (100)
2018-04-04 02:15:15: Change detected [1]: t=Created path=/main/resources/assets/sxm/models/item/tin_fence.json
2018-04-04 02:15:15: Change detected [1]: t=MovedFrom path=/main/resources/assets/sxm/models/item/tin_ingot.json
2018-04-04 02:15:15: Change detected [1]: t=MovedFrom path=/main/resources/assets/sxm/models/item/tin_hoe.json
2018-04-04 02:15:15: Change detected [1]: t=MovedFrom path=/main/resources/assets/sxm/models/item/tin_helmet.json
2018-04-04 02:15:16: Change detected [1]: t=MovedFrom path=/main/resources/assets/sxm/models/item/tin_fence_gate.json
2018-04-04 02:15:16: Change detected [1]: t=MovedFrom path=/main/resources/assets/sxm/models/item/tin_fence.json
2018-04-04 02:15:16: Change detected [1]: t=Modified path=/main/resources/assets/sxm/models/item/tin_boots.json
2018-04-04 02:15:16: Change detected [1]: t=Modified path=/main/resources/assets/sxm/models/item/tin_axe.json
2018-04-04 02:15:16: Change detected [1]: t=MovedFrom path=/main/resources/assets/sxm/models/item/tin_chestplate.json
2018-04-04 02:15:16: Change detected [1]: t=MovedFrom path=/main/resources/assets/sxm/models/item/tin_door.json
2018-04-04 02:15:16: Change detected [1]: t=Created path=/main/resources/assets/sxm/models/item/tin_boots.json
2018-04-04 02:15:16: Change detected [1]: t=Modified path=/main/resources/assets/sxm/models/item/tin_button.json
2018-04-04 02:15:17: Change detected [1]: t=Modified path=/main/resources/assets/sxm/models/item/tin_block.json
2018-04-04 02:15:17: Change detected [1]: t=Created path=/main/resources/assets/sxm/models/item/tin_axe.json
2018-04-04 02:15:17: Change detected [1]: t=Created path=/main/resources/assets/sxm/models/item/tin_button.json
2018-04-04 02:15:17: Change detected [1]: t=Created path=/main/resources/assets/sxm/models/item/tin_block.json
2018-04-04 02:15:17: Change detected [1]: t=MovedFrom path=/main/resources/assets/sxm/models/item/tin_button.json
2018-04-04 02:15:17: Change detected [1]: t=MovedFrom path=/main/resources/assets/sxm/models/item/tin_boots.json
2018-04-04 02:15:17: Change detected [1]: t=MovedFrom path=/main/resources/assets/sxm/models/item/tin_axe.json
2018-04-04 02:15:17: Change detected [1]: t=MovedFrom path=/main/resources/assets/sxm/models/item/tin_block.json
2018-04-04 02:15:18: Copy Over 'S:/Documents/MinecraftModding/xcraftmod/src/main/resources/assets/sxm/models/item/tin_fence.json' -> 'gdrive://www.googleapis.com/Good Sync/Eclips Projects/Moding Minecraft 1.12.2/Application/main/resources/assets/sxm/models/item/tin_fence.json' (109)
2018-04-04 02:15:19: Copy Over 'S:/Documents/MinecraftModding/xcraftmod/src/main/resources/assets/sxm/models/item/tin_fence_gate.json' -> 'gdrive://www.googleapis.com/Good Sync/Eclips Projects/Moding Minecraft 1.12.2/Application/main/resources/assets/sxm/models/item/tin_fence_gate.json' (52)
2018-04-04 02:15:19: Copy Over 'S:/Documents/MinecraftModding/xcraftmod/src/main/resources/assets/sxm/models/item/tin_ingot.json' -> 'gdrive://www.googleapis.com/Good Sync/Eclips Projects/Moding Minecraft 1.12.2/Application/main/resources/assets/sxm/models/item/tin_ingot.json' (84)
2018-04-04 02:15:20: Copy Over 'S:/Documents/MinecraftModding/xcraftmod/src/main/resources/assets/sxm/models/item/tin_hoe.json' -> 'gdrive://www.googleapis.com/Good Sync/Eclips Projects/Moding Minecraft 1.12.2/Application/main/resources/assets/sxm/models/item/tin_hoe.json' (81)
2018-04-04 02:15:20: Copy Over 'S:/Documents/MinecraftModding/xcraftmod/src/main/resources/assets/sxm/models/item/tin_button.json' -> 'gdrive://www.googleapis.com/Good Sync/Eclips Projects/Moding Minecraft 1.12.2/Application/main/resources/assets/sxm/models/item/tin_button.json' (51)
2018-04-04 02:15:22: Copy Over 'S:/Documents/MinecraftModding/xcraftmod/src/main/resources/assets/sxm/models/item/tin_pickaxe.json' -> 'gdrive://www.googleapis.com/Good Sync/Eclips Projects/Moding Minecraft 1.12.2/Application/main/resources/assets/sxm/models/item/tin_pickaxe.json' (85)
2018-04-04 02:15:22: Copy Over 'S:/Documents/MinecraftModding/xcraftmod/src/main/resources/assets/sxm/models/item/tin_chestplate.json' -> 'gdrive://www.googleapis.com/Good Sync/Eclips Projects/Moding Minecraft 1.12.2/Application/main/resources/assets/sxm/models/item/tin_chestplate.json' (105)
2018-04-04 02:15:23: Copy Over 'S:/Documents/MinecraftModding/xcraftmod/src/main/resources/assets/sxm/models/item/tin_leggings.json' -> 'gdrive://www.googleapis.com/Good Sync/Eclips Projects/Moding Minecraft 1.12.2/Application/main/resources/assets/sxm/models/item/tin_leggings.json' (103)
2018-04-04 02:15:24: Copy Over 'S:/Documents/MinecraftModding/xcraftmod/src/main/resources/assets/sxm/models/item/tin_stairs.json' -> 'gdrive://www.googleapis.com/Good Sync/Eclips Projects/Moding Minecraft 1.12.2/Application/main/resources/assets/sxm/models/item/tin_stairs.json' (233)
2018-04-04 02:15:24: Copy Over 'S:/Documents/MinecraftModding/xcraftmod/src/main/resources/assets/sxm/models/item/tin_nugget.json' -> 'gdrive://www.googleapis.com/Good Sync/Eclips Projects/Moding Minecraft 1.12.2/Application/main/resources/assets/sxm/models/item/tin_nugget.json' (85)
2018-04-04 02:15:25: Copy Over 'S:/Documents/MinecraftModding/xcraftmod/src/main/resources/assets/sxm/models/item/tin_pressure_plate.json' -> 'gdrive://www.googleapis.com/Good Sync/Eclips Projects/Moding Minecraft 1.12.2/Application/main/resources/assets/sxm/models/item/tin_pressure_plate.json' (52)
2018-04-04 02:15:25: Copy Over 'S:/Documents/MinecraftModding/xcraftmod/src/main/resources/assets/sxm/models/item/tin_slab_half.json' -> 'gdrive://www.googleapis.com/Good Sync/Eclips Projects/Moding Minecraft 1.12.2/Application/main/resources/assets/sxm/models/item/tin_slab_half.json' (237)
2018-04-04 02:15:26: Copy Over 'S:/Documents/MinecraftModding/xcraftmod/src/main/resources/assets/sxm/models/item/tin_door.json' -> 'gdrive://www.googleapis.com/Good Sync/Eclips Projects/Moding Minecraft 1.12.2/Application/main/resources/assets/sxm/models/item/tin_door.json' (99)
2018-04-04 02:15:26: Copy Over 'S:/Documents/MinecraftModding/xcraftmod/src/main/resources/assets/sxm/models/item/tin_sword.json' -> 'gdrive://www.googleapis.com/Good Sync/Eclips Projects/Moding Minecraft 1.12.2/Application/main/resources/assets/sxm/models/item/tin_sword.json' (83)
2018-04-04 02:15:27: Copy Over 'S:/Documents/MinecraftModding/xcraftmod/src/main/resources/assets/sxm/models/item/tin_shovel.json' -> 'gdrive://www.googleapis.com/Good Sync/Eclips Projects/Moding Minecraft 1.12.2/Application/main/resources/assets/sxm/models/item/tin_shovel.json' (84)
2018-04-04 02:15:27: Copy Over 'S:/Documents/MinecraftModding/xcraftmod/src/main/resources/assets/sxm/models/item/tin_stick.json' -> 'gdrive://www.googleapis.com/Good Sync/Eclips Projects/Moding Minecraft 1.12.2/Application/main/resources/assets/sxm/models/item/tin_stick.json' (84)
2018-04-04 02:15:27: Copy Over 'S:/Documents/MinecraftModding/xcraftmod/src/main/resources/assets/sxm/models/item/tin_helmet.json' -> 'gdrive://www.googleapis.com/Good Sync/Eclips Projects/Moding Minecraft 1.12.2/Application/main/resources/assets/sxm/models/item/tin_helmet.json' (101)
2018-04-04 02:15:27: Change detected [1]: t=Modified path=/main/resources/assets/sxm/models/item/tin_stick.json
2018-04-04 02:15:28: Save State File S:/Documents/MinecraftModding/xcraftmod/src/_gsdata_/_file_state_v4._gs
2018-04-04 02:15:28: Change detected [1]: t=Modified path=/main/resources/assets/sxm/models/item/tin_helmet.json
2018-04-04 02:15:28: Change detected [1]: t=Created path=/main/resources/assets/sxm/models/item/tin_helmet.json
2018-04-04 02:15:28: Change detected [1]: t=Modified path=/main/resources/assets/sxm/models/item/tin_door.json
2018-04-04 02:15:28: Change detected [1]: t=Created path=/main/resources/assets/sxm/models/item/tin_door.json
2018-04-04 02:15:28: Change detected [1]: t=Modified path=/main/resources/assets/sxm/models/item/tin_sword.json
2018-04-04 02:15:28: Change detected [1]: t=Modified path=/main/resources/assets/sxm/models/item/tin_slab_half.json
2018-04-04 02:15:28: Change detected [1]: t=Modified path=/main/resources/assets/sxm/models/item/tin_pressure_plate.json
2018-04-04 02:15:28: Change detected [1]: t=Created path=/main/resources/assets/sxm/models/item/tin_sword.json
2018-04-04 02:15:29: Change detected [1]: t=Created path=/main/resources/assets/sxm/models/item/tin_slab_half.json
2018-04-04 02:15:29: Change detected [1]: t=Modified path=/main/resources/assets/sxm/models/item/tin_nugget.json
2018-04-04 02:15:29: Change detected [1]: t=Modified path=/main/resources/assets/sxm/models/item/tin_stairs.json
2018-04-04 02:15:29: Change detected [1]: t=Modified path=/main/resources/assets/sxm/models/item/tin_shovel.json
2018-04-04 02:15:29: Change detected [1]: t=Created path=/main/resources/assets/sxm/models/item/tin_stairs.json
2018-04-04 02:15:29: Change detected [1]: t=Created path=/main/resources/assets/sxm/models/item/tin_stick.json
2018-04-04 02:15:29: Change detected [1]: t=Modified path=/main/resources/assets/sxm/models/item/tin_pickaxe.json
2018-04-04 02:15:30: Change detected [1]: t=Created path=/main/resources/assets/sxm/models/item/tin_shovel.json
2018-04-04 02:15:30: Change detected [1]: t=Created path=/main/resources/assets/sxm/models/item/tin_nugget.json
2018-04-04 02:15:30: Change detected [1]: t=Modified path=/main/resources/assets/sxm/models/item/tin_leggings.json
2018-04-04 02:15:30: Change detected [1]: t=Created path=/main/resources/assets/sxm/models/item/tin_pressure_plate.json
2018-04-04 02:15:30: Change detected [1]: t=MovedFrom path=/main/resources/assets/sxm/models/item/tin_sword.json
2018-04-04 02:15:30: Change detected [1]: t=MovedFrom path=/main/resources/assets/sxm/models/item/tin_stairs.json
2018-04-04 02:15:30: Change detected [1]: t=Created path=/main/resources/assets/sxm/models/item/tin_leggings.json
2018-04-04 02:15:30: Change detected [1]: t=Created path=/main/resources/assets/sxm/models/item/tin_pickaxe.json
2018-04-04 02:15:31: Change detected [1]: t=Modified path=/main/resources/assets/sxm/models/item/tin_chestplate.json
2018-04-04 02:15:31: Change detected [1]: t=Modified path=/main/resources/assets/sxm/models/item/tin_hoe.json
2018-04-04 02:15:31: Change detected [1]: t=MovedFrom path=/main/resources/assets/sxm/models/item/tin_stick.json
2018-04-04 02:15:31: Change detected [1]: t=MovedFrom path=/main/resources/assets/sxm/models/item/tin_slab_half.json
2018-04-04 02:15:31: Change detected [1]: t=MovedFrom path=/main/resources/assets/sxm/models/item/tin_shovel.json
2018-04-04 02:15:31: Change detected [1]: t=Created path=/main/resources/assets/sxm/models/item/tin_hoe.json
2018-04-04 02:15:31: Change detected [1]: t=Modified path=/main/resources/assets/sxm/models/item/tin_ingot.json
2018-04-04 02:15:31: Change detected [1]: t=MovedFrom path=/main/resources/assets/sxm/models/item/tin_pressure_plate.json
2018-04-04 02:15:32: Change detected [1]: t=Modified path=/main/resources/assets/sxm/models/item/tin_fence_gate.json
2018-04-04 02:15:32: Change detected [1]: t=MovedFrom path=/main/resources/assets/sxm/models/item/tin_pickaxe.json
2018-04-04 02:15:32: Change detected [1]: t=Created path=/main/resources/assets/sxm/models/item/tin_chestplate.json
2018-04-04 02:15:32: Change detected [1]: t=Created path=/main/resources/assets/sxm/models/item/tin_ingot.json
2018-04-04 02:15:32: Change detected [1]: t=Modified path=/main/resources/assets/sxm/models/item/tin_fence.json
2018-04-04 02:15:32: Change detected [1]: t=MovedFrom path=/main/resources/assets/sxm/models/item/tin_nugget.json
2018-04-04 02:15:32: Change detected [1]: t=MovedFrom path=/main/resources/assets/sxm/models/item/tin_leggings.json
2018-04-04 02:15:32: Change detected [1]: t=Created path=/main/resources/assets/sxm/models/item/tin_fence_gate.json
2018-04-04 02:15:34: Save State File gdrive://www.googleapis.com/Good Sync/Eclips Projects/Moding Minecraft 1.12.2/Application/_gsdata_/_file_state_v4._gs
2018-04-04 02:15:34: Cleanup recycled files in S:/Documents/MinecraftModding/xcraftmod/src/_gsdata_/_saved_
2018-04-04 02:15:34: Load Recycled DB: S:/Documents/MinecraftModding/xcraftmod/src/_gsdata_/_recycled_db._gs
2018-04-04 02:15:34: Deleted old log file C:/Users/Senpai/AppData/Roaming/GoodSync/_mirrors_/file-=Data Storage-Documents-MinecraftModding-xcraftmod-src/2018-0328-021445-SENPAI_DESKTOP-Runner-Mod Sync.log
2018-04-04 02:15:34: Deleted old log file C:/Users/Senpai/AppData/Roaming/GoodSync/_mirrors_/file-=Data Storage-Documents-MinecraftModding-xcraftmod-src/2018-0328-021512-SENPAI_DESKTOP-Runner-Mod Sync.log
2018-04-04 02:15:34: Cleanup old logs in S:/Documents/MinecraftModding/xcraftmod/src/_gsdata_
2018-04-04 02:15:34: Delete log file S:/Documents/MinecraftModding/xcraftmod/src/_gsdata_/2018-0328-021445-SENPAI_DESKTOP-Runner-Mod Sync.log
2018-04-04 02:15:34: Cleanup recycled files in gdrive://www.googleapis.com/Good Sync/Eclips Projects/Moding Minecraft 1.12.2/Application/_gsdata_/_saved_
2018-04-04 02:15:35: Save Recycled DB: gdrive://www.googleapis.com/Good Sync/Eclips Projects/Moding Minecraft 1.12.2/Application/_gsdata_/_recycled_db._gs
2018-04-04 02:15:35: Deleted old log file C:/Users/Senpai/AppData/Roaming/GoodSync/_mirrors_/gdrive-Wicky_Gustave-0AGIAX4LCOy-XUk9PVA@www.googleapis.com-Good Sync-Eclips Projects-Moding Minecraft 1.12.2-Application/2018-0328-021445-SENPAI_DESKTOP-Runner-Mod Sync.log
2018-04-04 02:15:35: Deleted old log file C:/Users/Senpai/AppData/Roaming/GoodSync/_mirrors_/gdrive-Wicky_Gustave-0AGIAX4LCOy-XUk9PVA@www.googleapis.com-Good Sync-Eclips Projects-Moding Minecraft 1.12.2-Application/2018-0328-021512-SENPAI_DESKTOP-Runner-Mod Sync.log
2018-04-04 02:15:35: Cleanup old logs in gdrive://www.googleapis.com/Good Sync/Eclips Projects/Moding Minecraft 1.12.2/Application/_gsdata_
2018-04-04 02:15:35: Delete log file gdrive://www.googleapis.com/Good Sync/Eclips Projects/Moding Minecraft 1.12.2/Application/_gsdata_/2018-0328-021445-SENPAI_DESKTOP-Runner-Mod Sync.log
2018-04-04 02:15:35: == Sync Complete. Time: 00:00:28, Speed: 7.69 KB/s, OK: 20, Errors: 0
2018-04-04 02:15:35: Unlocking folder S:/Documents/MinecraftModding/xcraftmod/src/_gsdata_/lock.gsl
2018-04-04 02:15:35: Unlocking folder gdrive://www.googleapis.com/Good Sync/Eclips Projects/Moding Minecraft 1.12.2/Application/_gsdata_/lock.gsl
2018-04-04 02:15:37: 
