2018-04-03 23:49:30: Change detected [0]: t=Created path=/main/java/com/senpai/blocks/BlockBreaker.java
2018-04-03 23:49:30: Change detected [0]: t=Modified path=/main/java/com/senpai/blocks/BlockBreaker.java
2018-04-03 23:49:30: Change detected [0]: t=Modified path=/main/java/com/senpai/blocks/BlockBreaker.java
2018-04-03 23:49:30: Change detected [0]: t=Modified path=/main/java/com/senpai/blocks/BlockBreaker.java
2018-04-03 23:49:30: Change detected [0]: t=Modified path=/main/java/com/senpai/blocks/BlockBreaker.java
2018-04-03 23:49:33: Connected to S:\Documents\MinecraftModding\xcraftmod\src: S: NTFS: type=NTFS vol=Data Storage flags=3E706FF
2018-04-03 23:49:33: Connected to gdrive://www.googleapis.com/Good Sync/Eclips Projects/Moding Minecraft 1.12.2/Application
2018-04-03 23:49:33: Incremental Analyze for On File Change
2018-04-03 23:49:34: -- Analysis Started by On File Change, After Delay, Under Runner
2018-04-03 23:49:34: Mod Sync: ANALYSIS started by On File Change, After Delay, Under Runner on 'SENPAI_DESKTOP' (GoodSync 10.8.1.1)
2018-04-03 23:49:34: =Data Storage:\Documents\MinecraftModding\xcraftmod\src (S:/Documents/MinecraftModding/xcraftmod/src) [TmpDest] <-> gdrive://www.googleapis.com/Good Sync/Eclips Projects/Moding Minecraft 1.12.2/Application [DirDest], RecycleTo_RecycleBin, SaveDays_RecycleBin=30d, ReconnectSecs=120, SyncWorkerThreads=99, OnFileChange Delay=5, Unattended, WaitForLocksMin=20, ResolveConflicts=NewerFileWins, AutoClear, LinksIgnore
2018-04-03 23:49:34: Exclude Hidden, Exclude System, Exclude name *._gstmp|/System Volume Information|Thumbs.db|.DS_Store 
2018-04-03 23:49:34: Locking folder S:/Documents/MinecraftModding/xcraftmod/src for write
2018-04-03 23:49:34: Change Analyzed: S:/Documents/MinecraftModding/xcraftmod/src/main/java/com/senpai/tileEntity/TileEntityBlockBreaker.java
2018-04-03 23:49:34: Change Analyzed: S:/Documents/MinecraftModding/xcraftmod/src/main/java/com/senpai/tileEntity/TileEntityBlockBreaker.java
2018-04-03 23:49:34: Change Analyzed: S:/Documents/MinecraftModding/xcraftmod/src/main/java/com/senpai/blocks/BlockBreaker.java
2018-04-03 23:49:34: Change Analyzed: S:/Documents/MinecraftModding/xcraftmod/src/main/java/com/senpai/blocks/BlockBreaker.java
2018-04-03 23:49:34: Change Analyzed: S:/Documents/MinecraftModding/xcraftmod/src/main/java/com/senpai/blocks/BlockBreaker.java
2018-04-03 23:49:34: Change Analyzed: S:/Documents/MinecraftModding/xcraftmod/src/main/java/com/senpai/blocks/BlockBreaker.java
2018-04-03 23:49:34: Change Analyzed: S:/Documents/MinecraftModding/xcraftmod/src/main/java/com/senpai/blocks/BlockBreaker.java
2018-04-03 23:49:34: Locking folder gdrive://www.googleapis.com/Good Sync/Eclips Projects/Moding Minecraft 1.12.2/Application for write
2018-04-03 23:49:36: Change Analyzed: gdrive://www.googleapis.com/Good Sync/Eclips Projects/Moding Minecraft 1.12.2/Application/main/java/com/senpai/config/ConfigGuiFactory.java
2018-04-03 23:49:36: Change Analyzed: gdrive://www.googleapis.com/Good Sync/Eclips Projects/Moding Minecraft 1.12.2/Application/main/java/com/senpai/config/ConfigGuiFactory.java
2018-04-03 23:49:36: Change Analyzed: gdrive://www.googleapis.com/Good Sync/Eclips Projects/Moding Minecraft 1.12.2/Application/main/java/com/senpai/config/ConfigGuiFactory.java
2018-04-03 23:49:37: On disk file:///S: space required for sync is 0 bytes, you have 1.25 TB
2018-04-03 23:49:37: On disk gdrive://www.googleapis.com space required for sync is 17.0 KB, you have 12.4 GB
2018-04-03 23:49:37: Changes: 2, Conflicts: 0, CopyTime: 0, FixState: 0, Errors: 0, All: 22141
2018-04-03 23:49:37: Left to Right: Copy File: 2 
2018-04-03 23:49:37: -- Analysis Complete. Time 00:01:33, Speed: 12 files/s
2018-04-03 23:49:37: == Sync Started by On File Change, After Delay, Under Runner
2018-04-03 23:49:37: Mod Sync: SYNC started by On File Change, After Delay, Under Runner on 'SENPAI_DESKTOP'
2018-04-03 23:49:37: =Data Storage:\Documents\MinecraftModding\xcraftmod\src (S:/Documents/MinecraftModding/xcraftmod/src) [TmpDest] <-> gdrive://www.googleapis.com/Good Sync/Eclips Projects/Moding Minecraft 1.12.2/Application [DirDest], RecycleTo_RecycleBin, SaveDays_RecycleBin=30d, ReconnectSecs=120, SyncWorkerThreads=99, OnFileChange Delay=5, Unattended, WaitForLocksMin=20, ResolveConflicts=NewerFileWins, AutoClear, LinksIgnore
2018-04-03 23:49:37: File Systems limited number of parallel threads to 20
2018-04-03 23:49:37: Start only 2 threads, limited by tasks to run
2018-04-03 23:49:39: Copy New 'S:/Documents/MinecraftModding/xcraftmod/src/main/java/com/senpai/blocks/BlockBreaker.java' -> 'gdrive://www.googleapis.com/Good Sync/Eclips Projects/Moding Minecraft 1.12.2/Application/main/java/com/senpai/blocks/BlockBreaker.java' (6906)
2018-04-03 23:49:41: Load Recycled DB: gdrive://www.googleapis.com/Good Sync/Eclips Projects/Moding Minecraft 1.12.2/Application/_gsdata_/_recycled_db._gs
2018-04-03 23:49:43: Copy Over 'S:/Documents/MinecraftModding/xcraftmod/src/main/java/com/senpai/tileEntity/TileEntityBlockBreaker.java' -> 'gdrive://www.googleapis.com/Good Sync/Eclips Projects/Moding Minecraft 1.12.2/Application/main/java/com/senpai/tileEntity/TileEntityBlockBreaker.java' (10152)
2018-04-03 23:49:43: Save State File S:/Documents/MinecraftModding/xcraftmod/src/_gsdata_/_file_state_v4._gs
2018-04-03 23:49:44: Change detected [1]: t=Modified path=/main/java/com/senpai/tileEntity/TileEntityBlockBreaker.java
2018-04-03 23:49:44: Change detected [1]: t=Created path=/main/java/com/senpai/tileEntity/TileEntityBlockBreaker.java
2018-04-03 23:49:44: Change detected [1]: t=MovedFrom path=/main/java/com/senpai/tileEntity/TileEntityBlockBreaker.java
2018-04-03 23:49:44: Change detected [1]: t=Modified path=/main/java/com/senpai/blocks/BlockBreaker.java
2018-04-03 23:49:44: Change detected [1]: t=Created path=/main/java/com/senpai/blocks/BlockBreaker.java
2018-04-03 23:49:46: Save State File gdrive://www.googleapis.com/Good Sync/Eclips Projects/Moding Minecraft 1.12.2/Application/_gsdata_/_file_state_v4._gs
2018-04-03 23:49:46: Cleanup recycled files in S:/Documents/MinecraftModding/xcraftmod/src/_gsdata_/_saved_
2018-04-03 23:49:46: Load Recycled DB: S:/Documents/MinecraftModding/xcraftmod/src/_gsdata_/_recycled_db._gs
2018-04-03 23:49:46: Cleanup old logs in S:/Documents/MinecraftModding/xcraftmod/src/_gsdata_
2018-04-03 23:49:46: Cleanup recycled files in gdrive://www.googleapis.com/Good Sync/Eclips Projects/Moding Minecraft 1.12.2/Application/_gsdata_/_saved_
2018-04-03 23:49:47: Save Recycled DB: gdrive://www.googleapis.com/Good Sync/Eclips Projects/Moding Minecraft 1.12.2/Application/_gsdata_/_recycled_db._gs
2018-04-03 23:49:47: Cleanup old logs in gdrive://www.googleapis.com/Good Sync/Eclips Projects/Moding Minecraft 1.12.2/Application/_gsdata_
2018-04-03 23:49:48: == Sync Complete. Time: 00:00:11, Speed: 3.28 KB/s, OK: 2, Errors: 0
2018-04-03 23:49:48: Unlocking folder S:/Documents/MinecraftModding/xcraftmod/src/_gsdata_/lock.gsl
2018-04-03 23:49:48: Unlocking folder gdrive://www.googleapis.com/Good Sync/Eclips Projects/Moding Minecraft 1.12.2/Application/_gsdata_/lock.gsl
2018-04-03 23:49:50: 
