2018-04-04 02:09:57: Connected to S:\Documents\MinecraftModding\xcraftmod\src: S: NTFS: type=NTFS vol=Data Storage flags=3E706FF
2018-04-04 02:09:57: Connected to gdrive://www.googleapis.com/Good Sync/Eclips Projects/Moding Minecraft 1.12.2/Application
2018-04-04 02:09:58: Incremental Analyze for On File Change
2018-04-04 02:09:58: -- Analysis Started by On File Change, After Delay, Under Runner
2018-04-04 02:09:58: Mod Sync: ANALYSIS started by On File Change, After Delay, Under Runner on 'SENPAI_DESKTOP' (GoodSync 10.8.1.1)
2018-04-04 02:09:58: =Data Storage:\Documents\MinecraftModding\xcraftmod\src (S:/Documents/MinecraftModding/xcraftmod/src) [TmpDest] <-> gdrive://www.googleapis.com/Good Sync/Eclips Projects/Moding Minecraft 1.12.2/Application [DirDest], RecycleTo_RecycleBin, SaveDays_RecycleBin=30d, ReconnectSecs=120, SyncWorkerThreads=99, OnFileChange Delay=5, Unattended, WaitForLocksMin=20, ResolveConflicts=NewerFileWins, AutoClear, LinksIgnore
2018-04-04 02:09:58: Exclude Hidden, Exclude System, Exclude name *._gstmp|/System Volume Information|Thumbs.db|.DS_Store 
2018-04-04 02:09:58: Locking folder S:/Documents/MinecraftModding/xcraftmod/src for write
2018-04-04 02:09:58: Change Analyzed: S:/Documents/MinecraftModding/xcraftmod/src/main/resources/assets/sxm/models/item/tin_ore.json
2018-04-04 02:09:58: Locking folder gdrive://www.googleapis.com/Good Sync/Eclips Projects/Moding Minecraft 1.12.2/Application for write
2018-04-04 02:10:00: On disk file:///S: space required for sync is 0 bytes, you have 1.25 TB
2018-04-04 02:10:00: On disk gdrive://www.googleapis.com space required for sync is 0 bytes, you have 12.4 GB
2018-04-04 02:10:00: Changes: 1, Conflicts: 0, CopyTime: 0, FixState: 0, Errors: 0, All: 22340
2018-04-04 02:10:00: Left to Right: Delete File: 1 
2018-04-04 02:10:00: -- Analysis Complete. Time 00:00:04, Speed: 138 files/s
2018-04-04 02:10:00: == Sync Started by On File Change, After Delay, Under Runner
2018-04-04 02:10:00: Mod Sync: SYNC started by On File Change, After Delay, Under Runner on 'SENPAI_DESKTOP'
2018-04-04 02:10:00: =Data Storage:\Documents\MinecraftModding\xcraftmod\src (S:/Documents/MinecraftModding/xcraftmod/src) [TmpDest] <-> gdrive://www.googleapis.com/Good Sync/Eclips Projects/Moding Minecraft 1.12.2/Application [DirDest], RecycleTo_RecycleBin, SaveDays_RecycleBin=30d, ReconnectSecs=120, SyncWorkerThreads=99, OnFileChange Delay=5, Unattended, WaitForLocksMin=20, ResolveConflicts=NewerFileWins, AutoClear, LinksIgnore
2018-04-04 02:10:02: Load Recycled DB: gdrive://www.googleapis.com/Good Sync/Eclips Projects/Moding Minecraft 1.12.2/Application/_gsdata_/_recycled_db._gs
2018-04-04 02:10:02: Delete File 'gdrive://www.googleapis.com/Good Sync/Eclips Projects/Moding Minecraft 1.12.2/Application/main/resources/assets/sxm/models/item/tin_ore.json'
2018-04-04 02:10:02: File Systems limited number of parallel threads to 20
2018-04-04 02:10:02: Start only 0 threads, limited by tasks to run
2018-04-04 02:10:03: Save State File S:/Documents/MinecraftModding/xcraftmod/src/_gsdata_/_file_state_v4._gs
2018-04-04 02:10:03: Change detected [0]: t=MovedFrom path=/main/resources/assets/sxm/models/item/tin_ore_end.json
2018-04-04 02:10:03: Change detected [0]: t=MovedTo path=/main/resources/assets/sxm/models/item/ore_end_tin.json
2018-04-04 02:10:04: Save State File gdrive://www.googleapis.com/Good Sync/Eclips Projects/Moding Minecraft 1.12.2/Application/_gsdata_/_file_state_v4._gs
2018-04-04 02:10:04: Cleanup recycled files in S:/Documents/MinecraftModding/xcraftmod/src/_gsdata_/_saved_
2018-04-04 02:10:04: Load Recycled DB: S:/Documents/MinecraftModding/xcraftmod/src/_gsdata_/_recycled_db._gs
2018-04-04 02:10:04: Deleted old log file C:/Users/Senpai/AppData/Roaming/GoodSync/_mirrors_/file-=Data Storage-Documents-MinecraftModding-xcraftmod-src/2018-0328-020808-SENPAI_DESKTOP-Runner-Mod Sync.log
2018-04-04 02:10:04: Deleted old log file C:/Users/Senpai/AppData/Roaming/GoodSync/_mirrors_/file-=Data Storage-Documents-MinecraftModding-xcraftmod-src/2018-0328-020838-SENPAI_DESKTOP-Runner-Mod Sync.log
2018-04-04 02:10:04: Deleted old log file C:/Users/Senpai/AppData/Roaming/GoodSync/_mirrors_/file-=Data Storage-Documents-MinecraftModding-xcraftmod-src/2018-0328-020947-SENPAI_DESKTOP-Runner-Mod Sync.log
2018-04-04 02:10:04: Cleanup old logs in S:/Documents/MinecraftModding/xcraftmod/src/_gsdata_
2018-04-04 02:10:04: Delete log file S:/Documents/MinecraftModding/xcraftmod/src/_gsdata_/2018-0328-020808-SENPAI_DESKTOP-Runner-Mod Sync.log
2018-04-04 02:10:04: Delete log file S:/Documents/MinecraftModding/xcraftmod/src/_gsdata_/2018-0328-020947-SENPAI_DESKTOP-Runner-Mod Sync.log
2018-04-04 02:10:04: Cleanup recycled files in gdrive://www.googleapis.com/Good Sync/Eclips Projects/Moding Minecraft 1.12.2/Application/_gsdata_/_saved_
2018-04-04 02:10:05: Save Recycled DB: gdrive://www.googleapis.com/Good Sync/Eclips Projects/Moding Minecraft 1.12.2/Application/_gsdata_/_recycled_db._gs
2018-04-04 02:10:05: Deleted old log file C:/Users/Senpai/AppData/Roaming/GoodSync/_mirrors_/gdrive-Wicky_Gustave-0AGIAX4LCOy-XUk9PVA@www.googleapis.com-Good Sync-Eclips Projects-Moding Minecraft 1.12.2-Application/2018-0328-020808-SENPAI_DESKTOP-Runner-Mod Sync.log
2018-04-04 02:10:05: Deleted old log file C:/Users/Senpai/AppData/Roaming/GoodSync/_mirrors_/gdrive-Wicky_Gustave-0AGIAX4LCOy-XUk9PVA@www.googleapis.com-Good Sync-Eclips Projects-Moding Minecraft 1.12.2-Application/2018-0328-020838-SENPAI_DESKTOP-Runner-Mod Sync.log
2018-04-04 02:10:05: Deleted old log file C:/Users/Senpai/AppData/Roaming/GoodSync/_mirrors_/gdrive-Wicky_Gustave-0AGIAX4LCOy-XUk9PVA@www.googleapis.com-Good Sync-Eclips Projects-Moding Minecraft 1.12.2-Application/2018-0328-020947-SENPAI_DESKTOP-Runner-Mod Sync.log
2018-04-04 02:10:05: Cleanup old logs in gdrive://www.googleapis.com/Good Sync/Eclips Projects/Moding Minecraft 1.12.2/Application/_gsdata_
2018-04-04 02:10:06: Delete log file gdrive://www.googleapis.com/Good Sync/Eclips Projects/Moding Minecraft 1.12.2/Application/_gsdata_/2018-0328-020808-SENPAI_DESKTOP-Runner-Mod Sync.log
2018-04-04 02:10:06: Delete log file gdrive://www.googleapis.com/Good Sync/Eclips Projects/Moding Minecraft 1.12.2/Application/_gsdata_/2018-0328-020947-SENPAI_DESKTOP-Runner-Mod Sync.log
2018-04-04 02:10:07: == Sync Complete. Time: 00:00:07, Speed: 0 bytes/s, OK: 1, Errors: 0
2018-04-04 02:10:07: Unlocking folder S:/Documents/MinecraftModding/xcraftmod/src/_gsdata_/lock.gsl
2018-04-04 02:10:07: Unlocking folder gdrive://www.googleapis.com/Good Sync/Eclips Projects/Moding Minecraft 1.12.2/Application/_gsdata_/lock.gsl
2018-04-04 02:10:07: Change detected [1]: t=MovedFrom path=/main/resources/assets/sxm/models/item/tin_ore.json
2018-04-04 02:10:08: 
