2018-04-04 01:43:35: Connected to S:\Documents\MinecraftModding\xcraftmod\src: S: NTFS: type=NTFS vol=Data Storage flags=3E706FF
2018-04-04 01:43:35: Connected to gdrive://www.googleapis.com/Good Sync/Eclips Projects/Moding Minecraft 1.12.2/Application
2018-04-04 01:43:35: Incremental Analyze for On File Change
2018-04-04 01:43:35: -- Analysis Started by On File Change, After Delay, Under Runner
2018-04-04 01:43:35: Mod Sync: ANALYSIS started by On File Change, After Delay, Under Runner on 'SENPAI_DESKTOP' (GoodSync 10.8.1.1)
2018-04-04 01:43:35: =Data Storage:\Documents\MinecraftModding\xcraftmod\src (S:/Documents/MinecraftModding/xcraftmod/src) [TmpDest] <-> gdrive://www.googleapis.com/Good Sync/Eclips Projects/Moding Minecraft 1.12.2/Application [DirDest], RecycleTo_RecycleBin, SaveDays_RecycleBin=30d, ReconnectSecs=120, SyncWorkerThreads=99, OnFileChange Delay=5, Unattended, WaitForLocksMin=20, ResolveConflicts=NewerFileWins, AutoClear, LinksIgnore
2018-04-04 01:43:35: Exclude Hidden, Exclude System, Exclude name *._gstmp|/System Volume Information|Thumbs.db|.DS_Store 
2018-04-04 01:43:35: Locking folder S:/Documents/MinecraftModding/xcraftmod/src for write
2018-04-04 01:43:35: Change Analyzed: S:/Documents/MinecraftModding/xcraftmod/src/main/resources/assets/sxm/blockstates/tin_pressure_plate.json
2018-04-04 01:43:35: Change Analyzed: S:/Documents/MinecraftModding/xcraftmod/src/main/resources/assets/sxm/blockstates/tin_pressure_plate.json
2018-04-04 01:43:35: Change Analyzed: S:/Documents/MinecraftModding/xcraftmod/src/main/resources/assets/sxm/blockstates/tin_slab_double.json
2018-04-04 01:43:35: Change Analyzed: S:/Documents/MinecraftModding/xcraftmod/src/main/resources/assets/sxm/blockstates/tin_slab_double.json
2018-04-04 01:43:35: Change Analyzed: S:/Documents/MinecraftModding/xcraftmod/src/main/resources/assets/sxm/blockstates/tin_slab_half.json
2018-04-04 01:43:35: Change Analyzed: S:/Documents/MinecraftModding/xcraftmod/src/main/resources/assets/sxm/blockstates/tin_slab_half.json
2018-04-04 01:43:35: Change Analyzed: S:/Documents/MinecraftModding/xcraftmod/src/main/resources/assets/sxm/blockstates/tin_stairs.json
2018-04-04 01:43:35: Change Analyzed: S:/Documents/MinecraftModding/xcraftmod/src/main/resources/assets/sxm/blockstates/tin_stairs.json
2018-04-04 01:43:35: Change Analyzed: S:/Documents/MinecraftModding/xcraftmod/src/main/resources/assets/sxm/blockstates/block_breaker.json
2018-04-04 01:43:35: Change Analyzed: S:/Documents/MinecraftModding/xcraftmod/src/main/resources/assets/sxm/blockstates/block_breaker.json
2018-04-04 01:43:35: Change Analyzed: S:/Documents/MinecraftModding/xcraftmod/src/main/resources/assets/sxm/blockstates/tin_ore.json
2018-04-04 01:43:35: Change Analyzed: S:/Documents/MinecraftModding/xcraftmod/src/main/resources/assets/sxm/blockstates/tin_ore.json
2018-04-04 01:43:35: Change Analyzed: S:/Documents/MinecraftModding/xcraftmod/src/main/resources/assets/sxm/blockstates/tin_fence_gate.json
2018-04-04 01:43:35: Change Analyzed: S:/Documents/MinecraftModding/xcraftmod/src/main/resources/assets/sxm/blockstates/tin_fence_gate.json
2018-04-04 01:43:35: Change Analyzed: S:/Documents/MinecraftModding/xcraftmod/src/main/resources/assets/sxm/blockstates/tin_fence.json
2018-04-04 01:43:35: Change Analyzed: S:/Documents/MinecraftModding/xcraftmod/src/main/resources/assets/sxm/blockstates/tin_fence.json
2018-04-04 01:43:35: Change Analyzed: S:/Documents/MinecraftModding/xcraftmod/src/main/resources/assets/sxm/blockstates/tin_door.json
2018-04-04 01:43:35: Change Analyzed: S:/Documents/MinecraftModding/xcraftmod/src/main/resources/assets/sxm/blockstates/tin_door.json
2018-04-04 01:43:35: Change Analyzed: S:/Documents/MinecraftModding/xcraftmod/src/main/resources/assets/sxm/blockstates/tin_button.json
2018-04-04 01:43:35: Change Analyzed: S:/Documents/MinecraftModding/xcraftmod/src/main/resources/assets/sxm/blockstates/tin_button.json
2018-04-04 01:43:35: Change Analyzed: S:/Documents/MinecraftModding/xcraftmod/src/main/resources/assets/sxm/blockstates/tin_block.json
2018-04-04 01:43:35: Change Analyzed: S:/Documents/MinecraftModding/xcraftmod/src/main/resources/assets/sxm/blockstates/tin_block.json
2018-04-04 01:43:35: Change Analyzed: S:/Documents/MinecraftModding/xcraftmod/src/main/resources/assets/sxm/blockstates/machine_frame.json
2018-04-04 01:43:35: Change Analyzed: S:/Documents/MinecraftModding/xcraftmod/src/main/resources/assets/sxm/blockstates/machine_frame.json
2018-04-04 01:43:35: Change Analyzed: S:/Documents/MinecraftModding/xcraftmod/src/main/resources/assets/sxm/blockstates/gamemode_detector.json
2018-04-04 01:43:35: Change Analyzed: S:/Documents/MinecraftModding/xcraftmod/src/main/resources/assets/sxm/blockstates/gamemode_detector.json
2018-04-04 01:43:35: Change Analyzed: S:/Documents/MinecraftModding/xcraftmod/src/main/resources/assets/sxm/blockstates/cotton.json
2018-04-04 01:43:35: Change Analyzed: S:/Documents/MinecraftModding/xcraftmod/src/main/resources/assets/sxm/blockstates/cotton.json
2018-04-04 01:43:35: Change Analyzed: S:/Documents/MinecraftModding/xcraftmod/src/main/resources/assets/sxm/blockstates/canvas.json
2018-04-04 01:43:35: Change Analyzed: S:/Documents/MinecraftModding/xcraftmod/src/main/resources/assets/sxm/blockstates/canvas.json
2018-04-04 01:43:35: Locking folder gdrive://www.googleapis.com/Good Sync/Eclips Projects/Moding Minecraft 1.12.2/Application for write
2018-04-04 01:43:37: Change Analyzed: gdrive://www.googleapis.com/Good Sync/Eclips Projects/Moding Minecraft 1.12.2/Application/main/resources/assets/sxm/blockstates/tin_slab_half.json
2018-04-04 01:43:37: Change Analyzed: gdrive://www.googleapis.com/Good Sync/Eclips Projects/Moding Minecraft 1.12.2/Application/main/resources/assets/sxm/blockstates/tin_stairs.json
2018-04-04 01:43:37: Change Analyzed: gdrive://www.googleapis.com/Good Sync/Eclips Projects/Moding Minecraft 1.12.2/Application/main/resources/assets/sxm/blockstates/tin_fence_gate.json
2018-04-04 01:43:37: Change Analyzed: gdrive://www.googleapis.com/Good Sync/Eclips Projects/Moding Minecraft 1.12.2/Application/main/resources/assets/sxm/blockstates/tin_slab_double.json
2018-04-04 01:43:37: Change Analyzed: gdrive://www.googleapis.com/Good Sync/Eclips Projects/Moding Minecraft 1.12.2/Application/main/resources/assets/sxm/blockstates/tin_slab_half.json
2018-04-04 01:43:37: Change Analyzed: gdrive://www.googleapis.com/Good Sync/Eclips Projects/Moding Minecraft 1.12.2/Application/main/resources/assets/sxm/blockstates/tin_stairs.json
2018-04-04 01:43:37: Change Analyzed: gdrive://www.googleapis.com/Good Sync/Eclips Projects/Moding Minecraft 1.12.2/Application/main/resources/assets/sxm/blockstates/tin_pressure_plate.json
2018-04-04 01:43:38: Change Analyzed: gdrive://www.googleapis.com/Good Sync/Eclips Projects/Moding Minecraft 1.12.2/Application/main/resources/assets/sxm/blockstates/tin_fence_gate.json
2018-04-04 01:43:38: Change Analyzed: gdrive://www.googleapis.com/Good Sync/Eclips Projects/Moding Minecraft 1.12.2/Application/main/resources/assets/sxm/blockstates/tin_ore.json
2018-04-04 01:43:38: Change Analyzed: gdrive://www.googleapis.com/Good Sync/Eclips Projects/Moding Minecraft 1.12.2/Application/main/resources/assets/sxm/blockstates/tin_slab_double.json
2018-04-04 01:43:38: Change Analyzed: gdrive://www.googleapis.com/Good Sync/Eclips Projects/Moding Minecraft 1.12.2/Application/main/resources/assets/sxm/blockstates/tin_button.json
2018-04-04 01:43:38: Change Analyzed: gdrive://www.googleapis.com/Good Sync/Eclips Projects/Moding Minecraft 1.12.2/Application/main/resources/assets/sxm/blockstates/machine_frame.json
2018-04-04 01:43:38: Change Analyzed: gdrive://www.googleapis.com/Good Sync/Eclips Projects/Moding Minecraft 1.12.2/Application/main/resources/assets/sxm/blockstates/tin_door.json
2018-04-04 01:43:38: Change Analyzed: gdrive://www.googleapis.com/Good Sync/Eclips Projects/Moding Minecraft 1.12.2/Application/main/resources/assets/sxm/blockstates/tin_fence.json
2018-04-04 01:43:38: Change Analyzed: gdrive://www.googleapis.com/Good Sync/Eclips Projects/Moding Minecraft 1.12.2/Application/main/resources/assets/sxm/blockstates/tin_pressure_plate.json
2018-04-04 01:43:38: Change Analyzed: gdrive://www.googleapis.com/Good Sync/Eclips Projects/Moding Minecraft 1.12.2/Application/main/resources/assets/sxm/blockstates/tin_ore.json
2018-04-04 01:43:38: Change Analyzed: gdrive://www.googleapis.com/Good Sync/Eclips Projects/Moding Minecraft 1.12.2/Application/main/resources/assets/sxm/blockstates/tin_fence.json
2018-04-04 01:43:39: Change Analyzed: gdrive://www.googleapis.com/Good Sync/Eclips Projects/Moding Minecraft 1.12.2/Application/main/resources/assets/sxm/blockstates/tin_button.json
2018-04-04 01:43:39: Change Analyzed: gdrive://www.googleapis.com/Good Sync/Eclips Projects/Moding Minecraft 1.12.2/Application/main/resources/assets/sxm/blockstates/tin_block.json
2018-04-04 01:43:39: Change Analyzed: gdrive://www.googleapis.com/Good Sync/Eclips Projects/Moding Minecraft 1.12.2/Application/main/resources/assets/sxm/blockstates/tin_door.json
2018-04-04 01:43:39: Change Analyzed: gdrive://www.googleapis.com/Good Sync/Eclips Projects/Moding Minecraft 1.12.2/Application/main/resources/assets/sxm/blockstates/machine_frame.json
2018-04-04 01:43:39: Change Analyzed: gdrive://www.googleapis.com/Good Sync/Eclips Projects/Moding Minecraft 1.12.2/Application/main/resources/assets/sxm/blockstates/gamemode_detector.json
2018-04-04 01:43:39: Change Analyzed: gdrive://www.googleapis.com/Good Sync/Eclips Projects/Moding Minecraft 1.12.2/Application/main/resources/assets/sxm/blockstates/tin_block.json
2018-04-04 01:43:39: Change Analyzed: gdrive://www.googleapis.com/Good Sync/Eclips Projects/Moding Minecraft 1.12.2/Application/main/resources/assets/sxm/blockstates/gamemode_detector.json
2018-04-04 01:43:39: Change Analyzed: gdrive://www.googleapis.com/Good Sync/Eclips Projects/Moding Minecraft 1.12.2/Application/main/resources/assets/sxm/blockstates/cotton.json
2018-04-04 01:43:39: Change Analyzed: gdrive://www.googleapis.com/Good Sync/Eclips Projects/Moding Minecraft 1.12.2/Application/main/resources/assets/sxm/blockstates/canvas.json
2018-04-04 01:43:40: Change Analyzed: gdrive://www.googleapis.com/Good Sync/Eclips Projects/Moding Minecraft 1.12.2/Application/main/resources/assets/sxm/blockstates/cotton.json
2018-04-04 01:43:40: Change Analyzed: gdrive://www.googleapis.com/Good Sync/Eclips Projects/Moding Minecraft 1.12.2/Application/main/resources/assets/sxm/blockstates/canvas.json
2018-04-04 01:43:40: Change Analyzed: gdrive://www.googleapis.com/Good Sync/Eclips Projects/Moding Minecraft 1.12.2/Application/main/resources/assets/sxm/blockstates/block_breaker.json
2018-04-04 01:43:40: Change Analyzed: gdrive://www.googleapis.com/Good Sync/Eclips Projects/Moding Minecraft 1.12.2/Application/main/resources/assets/sxm/blockstates/block_breaker.json
2018-04-04 01:43:40: On disk file:///S: space required for sync is 0 bytes, you have 1.25 TB
2018-04-04 01:43:40: On disk gdrive://www.googleapis.com space required for sync is 7.00 KB, you have 12.4 GB
2018-04-04 01:43:41: Changes: 6, Conflicts: 0, CopyTime: 0, FixState: 0, Errors: 0, All: 22336
2018-04-04 01:43:41: Left to Right: Copy File: 6 
2018-04-04 01:43:41: -- Analysis Complete. Time 00:00:06, Speed: 92 files/s
2018-04-04 01:43:41: == Sync Started by On File Change, After Delay, Under Runner
2018-04-04 01:43:41: Mod Sync: SYNC started by On File Change, After Delay, Under Runner on 'SENPAI_DESKTOP'
2018-04-04 01:43:41: =Data Storage:\Documents\MinecraftModding\xcraftmod\src (S:/Documents/MinecraftModding/xcraftmod/src) [TmpDest] <-> gdrive://www.googleapis.com/Good Sync/Eclips Projects/Moding Minecraft 1.12.2/Application [DirDest], RecycleTo_RecycleBin, SaveDays_RecycleBin=30d, ReconnectSecs=120, SyncWorkerThreads=99, OnFileChange Delay=5, Unattended, WaitForLocksMin=20, ResolveConflicts=NewerFileWins, AutoClear, LinksIgnore
2018-04-04 01:43:41: File Systems limited number of parallel threads to 20
2018-04-04 01:43:41: Start only 6 threads, limited by tasks to run
2018-04-04 01:43:43: Load Recycled DB: gdrive://www.googleapis.com/Good Sync/Eclips Projects/Moding Minecraft 1.12.2/Application/_gsdata_/_recycled_db._gs
2018-04-04 01:43:45: Copy Over 'S:/Documents/MinecraftModding/xcraftmod/src/main/resources/assets/sxm/blockstates/cotton.json' -> 'gdrive://www.googleapis.com/Good Sync/Eclips Projects/Moding Minecraft 1.12.2/Application/main/resources/assets/sxm/blockstates/cotton.json' (435)
2018-04-04 01:43:46: Change detected [1]: t=Modified path=/main/resources/assets/sxm/blockstates/gamemode_detector.json
2018-04-04 01:43:46: Change detected [1]: t=Modified path=/main/resources/assets/sxm/blockstates/canvas.json
2018-04-04 01:43:46: Change detected [1]: t=MovedFrom path=/main/resources/assets/sxm/blockstates/machine_frame.json
2018-04-04 01:43:47: Change detected [1]: t=Created path=/main/resources/assets/sxm/blockstates/gamemode_detector.json
2018-04-04 01:43:47: Change detected [1]: t=Created path=/main/resources/assets/sxm/blockstates/canvas.json
2018-04-04 01:43:47: Change detected [0]: t=Modified path=/main/java/com/senpai/world/gen/WorldGenCustomOres.java
2018-04-04 01:43:47: Change detected [0]: t=Modified path=/main/java/com/senpai/world/gen/WorldGenCustomOres.java
2018-04-04 01:43:47: Change detected [1]: t=Modified path=/main/resources/assets/sxm/blockstates/cotton.json
2018-04-04 01:43:47: Change detected [1]: t=Created path=/main/resources/assets/sxm/blockstates/cotton.json
2018-04-04 01:43:47: Change detected [1]: t=MovedFrom path=/main/resources/assets/sxm/blockstates/gamemode_detector.json
2018-04-04 01:43:47: Change detected [1]: t=MovedFrom path=/main/resources/assets/sxm/blockstates/canvas.json
2018-04-04 01:43:47: Change detected [1]: t=MovedFrom path=/main/resources/assets/sxm/blockstates/cotton.json
2018-04-04 01:43:48: Copy Over 'S:/Documents/MinecraftModding/xcraftmod/src/main/resources/assets/sxm/blockstates/gamemode_detector.json' -> 'gdrive://www.googleapis.com/Good Sync/Eclips Projects/Moding Minecraft 1.12.2/Application/main/resources/assets/sxm/blockstates/gamemode_detector.json' (70)
2018-04-04 01:43:48: Copy Over 'S:/Documents/MinecraftModding/xcraftmod/src/main/resources/assets/sxm/blockstates/canvas.json' -> 'gdrive://www.googleapis.com/Good Sync/Eclips Projects/Moding Minecraft 1.12.2/Application/main/resources/assets/sxm/blockstates/canvas.json' (59)
2018-04-04 01:43:49: Copy Over 'S:/Documents/MinecraftModding/xcraftmod/src/main/resources/assets/sxm/blockstates/tin_block.json' -> 'gdrive://www.googleapis.com/Good Sync/Eclips Projects/Moding Minecraft 1.12.2/Application/main/resources/assets/sxm/blockstates/tin_block.json' (62)
2018-04-04 01:43:50: Copy Over 'S:/Documents/MinecraftModding/xcraftmod/src/main/resources/assets/sxm/blockstates/tin_button.json' -> 'gdrive://www.googleapis.com/Good Sync/Eclips Projects/Moding Minecraft 1.12.2/Application/main/resources/assets/sxm/blockstates/tin_button.json' (1245)
2018-04-04 01:43:50: Copy Over 'S:/Documents/MinecraftModding/xcraftmod/src/main/resources/assets/sxm/blockstates/machine_frame.json' -> 'gdrive://www.googleapis.com/Good Sync/Eclips Projects/Moding Minecraft 1.12.2/Application/main/resources/assets/sxm/blockstates/machine_frame.json' (138)
2018-04-04 01:43:51: Save State File S:/Documents/MinecraftModding/xcraftmod/src/_gsdata_/_file_state_v4._gs
2018-04-04 01:43:52: Save State File gdrive://www.googleapis.com/Good Sync/Eclips Projects/Moding Minecraft 1.12.2/Application/_gsdata_/_file_state_v4._gs
2018-04-04 01:43:52: Cleanup recycled files in S:/Documents/MinecraftModding/xcraftmod/src/_gsdata_/_saved_
2018-04-04 01:43:52: Load Recycled DB: S:/Documents/MinecraftModding/xcraftmod/src/_gsdata_/_recycled_db._gs
2018-04-04 01:43:52: Deleted old log file C:/Users/Senpai/AppData/Roaming/GoodSync/_mirrors_/file-=Data Storage-Documents-MinecraftModding-xcraftmod-src/2018-0328-014303-SENPAI_DESKTOP-Runner-Mod Sync.log
2018-04-04 01:43:52: Deleted old log file C:/Users/Senpai/AppData/Roaming/GoodSync/_mirrors_/file-=Data Storage-Documents-MinecraftModding-xcraftmod-src/2018-0328-014328-SENPAI_DESKTOP-Runner-Mod Sync.log
2018-04-04 01:43:52: Cleanup old logs in S:/Documents/MinecraftModding/xcraftmod/src/_gsdata_
2018-04-04 01:43:52: Delete log file S:/Documents/MinecraftModding/xcraftmod/src/_gsdata_/2018-0328-014303-SENPAI_DESKTOP-Runner-Mod Sync.log
2018-04-04 01:43:52: Delete log file S:/Documents/MinecraftModding/xcraftmod/src/_gsdata_/2018-0328-014328-SENPAI_DESKTOP-Runner-Mod Sync.log
2018-04-04 01:43:52: Cleanup recycled files in gdrive://www.googleapis.com/Good Sync/Eclips Projects/Moding Minecraft 1.12.2/Application/_gsdata_/_saved_
2018-04-04 01:43:53: Save Recycled DB: gdrive://www.googleapis.com/Good Sync/Eclips Projects/Moding Minecraft 1.12.2/Application/_gsdata_/_recycled_db._gs
2018-04-04 01:43:53: Deleted old log file C:/Users/Senpai/AppData/Roaming/GoodSync/_mirrors_/gdrive-Wicky_Gustave-0AGIAX4LCOy-XUk9PVA@www.googleapis.com-Good Sync-Eclips Projects-Moding Minecraft 1.12.2-Application/2018-0328-014303-SENPAI_DESKTOP-Runner-Mod Sync.log
2018-04-04 01:43:53: Deleted old log file C:/Users/Senpai/AppData/Roaming/GoodSync/_mirrors_/gdrive-Wicky_Gustave-0AGIAX4LCOy-XUk9PVA@www.googleapis.com-Good Sync-Eclips Projects-Moding Minecraft 1.12.2-Application/2018-0328-014328-SENPAI_DESKTOP-Runner-Mod Sync.log
2018-04-04 01:43:53: Cleanup old logs in gdrive://www.googleapis.com/Good Sync/Eclips Projects/Moding Minecraft 1.12.2/Application/_gsdata_
2018-04-04 01:43:54: Delete log file gdrive://www.googleapis.com/Good Sync/Eclips Projects/Moding Minecraft 1.12.2/Application/_gsdata_/2018-0328-014328-SENPAI_DESKTOP-Runner-Mod Sync.log
2018-04-04 01:43:54: Delete log file gdrive://www.googleapis.com/Good Sync/Eclips Projects/Moding Minecraft 1.12.2/Application/_gsdata_/2018-0328-014303-SENPAI_DESKTOP-Runner-Mod Sync.log
2018-04-04 01:43:54: == Sync Complete. Time: 00:00:13, Speed: 4.65 KB/s, OK: 6, Errors: 0
2018-04-04 01:43:54: Unlocking folder S:/Documents/MinecraftModding/xcraftmod/src/_gsdata_/lock.gsl
2018-04-04 01:43:54: Unlocking folder gdrive://www.googleapis.com/Good Sync/Eclips Projects/Moding Minecraft 1.12.2/Application/_gsdata_/lock.gsl
2018-04-04 01:43:56: 
