2018-04-04 02:47:06: Change detected [0]: t=Modified path=/main/resources/assets/sxm/models/item/machine_frame_advanced.json
2018-04-04 02:47:06: Change detected [0]: t=Modified path=/main/resources/assets/sxm/models/item/machine_frame_advanced.json
2018-04-04 02:47:07: Connected to S:\Documents\MinecraftModding\xcraftmod\src: S: NTFS: type=NTFS vol=Data Storage flags=3E706FF
2018-04-04 02:47:08: Connected to gdrive://www.googleapis.com/Good Sync/Eclips Projects/Moding Minecraft 1.12.2/Application
2018-04-04 02:47:08: Incremental Analyze for On File Change
2018-04-04 02:47:08: -- Analysis Started by On File Change, After Delay, Under Runner
2018-04-04 02:47:08: Mod Sync: ANALYSIS started by On File Change, After Delay, Under Runner on 'SENPAI_DESKTOP' (GoodSync 10.8.1.1)
2018-04-04 02:47:08: =Data Storage:\Documents\MinecraftModding\xcraftmod\src (S:/Documents/MinecraftModding/xcraftmod/src) [TmpDest] <-> gdrive://www.googleapis.com/Good Sync/Eclips Projects/Moding Minecraft 1.12.2/Application [DirDest], RecycleTo_RecycleBin, SaveDays_RecycleBin=30d, ReconnectSecs=120, SyncWorkerThreads=99, OnFileChange Delay=5, Unattended, WaitForLocksMin=20, ResolveConflicts=NewerFileWins, AutoClear, LinksIgnore
2018-04-04 02:47:08: Exclude Hidden, Exclude System, Exclude name *._gstmp|/System Volume Information|Thumbs.db|.DS_Store 
2018-04-04 02:47:08: Locking folder S:/Documents/MinecraftModding/xcraftmod/src for write
2018-04-04 02:47:08: Change Analyzed: S:/Documents/MinecraftModding/xcraftmod/src/main/resources/assets/sxm/models/item/nice_biscuit.json
2018-04-04 02:47:08: Change Analyzed: S:/Documents/MinecraftModding/xcraftmod/src/main/resources/assets/sxm/models/item/nice_biscuit.json
2018-04-04 02:47:08: Change Analyzed: S:/Documents/MinecraftModding/xcraftmod/src/main/resources/assets/sxm/models/item/machine_frame_basic.json
2018-04-04 02:47:08: Change Analyzed: S:/Documents/MinecraftModding/xcraftmod/src/main/resources/assets/sxm/models/item/machine_frame_basic.json
2018-04-04 02:47:08: Change Analyzed: S:/Documents/MinecraftModding/xcraftmod/src/main/resources/assets/sxm/models/item/machine_frame_advanced.json
2018-04-04 02:47:08: Change Analyzed: S:/Documents/MinecraftModding/xcraftmod/src/main/resources/assets/sxm/models/item/machine_frame_advanced.json
2018-04-04 02:47:08: Locking folder gdrive://www.googleapis.com/Good Sync/Eclips Projects/Moding Minecraft 1.12.2/Application for write
2018-04-04 02:47:10: Change Analyzed: gdrive://www.googleapis.com/Good Sync/Eclips Projects/Moding Minecraft 1.12.2/Application/main/resources/assets/sxm/models/item/nugget_tin.json
2018-04-04 02:47:10: Change Analyzed: gdrive://www.googleapis.com/Good Sync/Eclips Projects/Moding Minecraft 1.12.2/Application/main/resources/assets/sxm/models/item/nugget_tin.json
2018-04-04 02:47:10: Change Analyzed: gdrive://www.googleapis.com/Good Sync/Eclips Projects/Moding Minecraft 1.12.2/Application/main/resources/assets/sxm/models/item/nugget_tin.json
2018-04-04 02:47:11: On disk file:///S: space required for sync is 0 bytes, you have 1.25 TB
2018-04-04 02:47:11: On disk gdrive://www.googleapis.com space required for sync is 3.00 KB, you have 12.4 GB
2018-04-04 02:47:11: Changes: 3, Conflicts: 0, CopyTime: 0, FixState: 0, Errors: 0, All: 22364
2018-04-04 02:47:11: Left to Right: Copy File: 3 
2018-04-04 02:47:11: -- Analysis Complete. Time 00:00:05, Speed: 110 files/s
2018-04-04 02:47:11: == Sync Started by On File Change, After Delay, Under Runner
2018-04-04 02:47:11: Mod Sync: SYNC started by On File Change, After Delay, Under Runner on 'SENPAI_DESKTOP'
2018-04-04 02:47:11: =Data Storage:\Documents\MinecraftModding\xcraftmod\src (S:/Documents/MinecraftModding/xcraftmod/src) [TmpDest] <-> gdrive://www.googleapis.com/Good Sync/Eclips Projects/Moding Minecraft 1.12.2/Application [DirDest], RecycleTo_RecycleBin, SaveDays_RecycleBin=30d, ReconnectSecs=120, SyncWorkerThreads=99, OnFileChange Delay=5, Unattended, WaitForLocksMin=20, ResolveConflicts=NewerFileWins, AutoClear, LinksIgnore
2018-04-04 02:47:11: File Systems limited number of parallel threads to 20
2018-04-04 02:47:11: Start only 3 threads, limited by tasks to run
2018-04-04 02:47:13: Load Recycled DB: gdrive://www.googleapis.com/Good Sync/Eclips Projects/Moding Minecraft 1.12.2/Application/_gsdata_/_recycled_db._gs
2018-04-04 02:47:15: Copy Over 'S:/Documents/MinecraftModding/xcraftmod/src/main/resources/assets/sxm/models/item/machine_frame_advanced.json' -> 'gdrive://www.googleapis.com/Good Sync/Eclips Projects/Moding Minecraft 1.12.2/Application/main/resources/assets/sxm/models/item/machine_frame_advanced.json' (89)
2018-04-04 02:47:15: Copy Over 'S:/Documents/MinecraftModding/xcraftmod/src/main/resources/assets/sxm/models/item/nice_biscuit.json' -> 'gdrive://www.googleapis.com/Good Sync/Eclips Projects/Moding Minecraft 1.12.2/Application/main/resources/assets/sxm/models/item/nice_biscuit.json' (87)
2018-04-04 02:47:16: Copy Over 'S:/Documents/MinecraftModding/xcraftmod/src/main/resources/assets/sxm/models/item/machine_frame_basic.json' -> 'gdrive://www.googleapis.com/Good Sync/Eclips Projects/Moding Minecraft 1.12.2/Application/main/resources/assets/sxm/models/item/machine_frame_basic.json' (86)
2018-04-04 02:47:16: Save State File S:/Documents/MinecraftModding/xcraftmod/src/_gsdata_/_file_state_v4._gs
2018-04-04 02:47:17: Change detected [1]: t=Modified path=/main/resources/assets/sxm/models/item/machine_frame_basic.json
2018-04-04 02:47:17: Change detected [1]: t=Created path=/main/resources/assets/sxm/models/item/machine_frame_basic.json
2018-04-04 02:47:18: Change detected [1]: t=Created path=/main/resources/assets/sxm/models/item/machine_frame_advanced.json
2018-04-04 02:47:18: Change detected [1]: t=Created path=/main/resources/assets/sxm/models/item/nice_biscuit.json
2018-04-04 02:47:18: Change detected [1]: t=MovedFrom path=/main/resources/assets/sxm/models/item/nice_biscuit.json
2018-04-04 02:47:18: Change detected [1]: t=MovedFrom path=/main/resources/assets/sxm/models/item/machine_frame_basic.json
2018-04-04 02:47:18: Change detected [1]: t=MovedFrom path=/main/resources/assets/sxm/models/item/machine_frame_advanced.json
2018-04-04 02:47:19: Save State File gdrive://www.googleapis.com/Good Sync/Eclips Projects/Moding Minecraft 1.12.2/Application/_gsdata_/_file_state_v4._gs
2018-04-04 02:47:19: Cleanup recycled files in S:/Documents/MinecraftModding/xcraftmod/src/_gsdata_/_saved_
2018-04-04 02:47:19: Load Recycled DB: S:/Documents/MinecraftModding/xcraftmod/src/_gsdata_/_recycled_db._gs
2018-04-04 02:47:19: Cleanup old logs in S:/Documents/MinecraftModding/xcraftmod/src/_gsdata_
2018-04-04 02:47:19: Cleanup recycled files in gdrive://www.googleapis.com/Good Sync/Eclips Projects/Moding Minecraft 1.12.2/Application/_gsdata_/_saved_
2018-04-04 02:47:20: Save Recycled DB: gdrive://www.googleapis.com/Good Sync/Eclips Projects/Moding Minecraft 1.12.2/Application/_gsdata_/_recycled_db._gs
2018-04-04 02:47:20: Cleanup old logs in gdrive://www.googleapis.com/Good Sync/Eclips Projects/Moding Minecraft 1.12.2/Application/_gsdata_
2018-04-04 02:47:20: == Sync Complete. Time: 00:00:09, Speed: 3.57 KB/s, OK: 3, Errors: 0
2018-04-04 02:47:20: Unlocking folder S:/Documents/MinecraftModding/xcraftmod/src/_gsdata_/lock.gsl
2018-04-04 02:47:20: Unlocking folder gdrive://www.googleapis.com/Good Sync/Eclips Projects/Moding Minecraft 1.12.2/Application/_gsdata_/lock.gsl
2018-04-04 02:47:20: Cannot rename lock file to stamp file: copy file: Not Found by server: File not found: 1-xI6Qd5TjuAzAf9ZocZzEd0GGkkXJhio.
2018-04-04 02:47:21: Deleted lock file gdrive://www.googleapis.com/Good Sync/Eclips Projects/Moding Minecraft 1.12.2/Application/_gsdata_/lock.gsl
2018-04-04 02:47:21: 
