2018-04-04 01:37:55: Connected to S:\Documents\MinecraftModding\xcraftmod\src: S: NTFS: type=NTFS vol=Data Storage flags=3E706FF
2018-04-04 01:37:56: Connected to gdrive://www.googleapis.com/Good Sync/Eclips Projects/Moding Minecraft 1.12.2/Application
2018-04-04 01:37:56: Incremental Analyze for On File Change
2018-04-04 01:37:56: -- Analysis Started by On File Change, After Delay, Under Runner
2018-04-04 01:37:56: Mod Sync: ANALYSIS started by On File Change, After Delay, Under Runner on 'SENPAI_DESKTOP' (GoodSync 10.8.1.1)
2018-04-04 01:37:56: =Data Storage:\Documents\MinecraftModding\xcraftmod\src (S:/Documents/MinecraftModding/xcraftmod/src) [TmpDest] <-> gdrive://www.googleapis.com/Good Sync/Eclips Projects/Moding Minecraft 1.12.2/Application [DirDest], RecycleTo_RecycleBin, SaveDays_RecycleBin=30d, ReconnectSecs=120, SyncWorkerThreads=99, OnFileChange Delay=5, Unattended, WaitForLocksMin=20, ResolveConflicts=NewerFileWins, AutoClear, LinksIgnore
2018-04-04 01:37:56: Exclude Hidden, Exclude System, Exclude name *._gstmp|/System Volume Information|Thumbs.db|.DS_Store 
2018-04-04 01:37:56: Locking folder S:/Documents/MinecraftModding/xcraftmod/src for write
2018-04-04 01:37:56: Change Analyzed: S:/Documents/MinecraftModding/xcraftmod/src/main/java/com/senpai/util/handlers/Mathf.java
2018-04-04 01:37:56: Change Analyzed: S:/Documents/MinecraftModding/xcraftmod/src/main/java/com/senpai/util/handlers
2018-04-04 01:37:56: Change Analyzed: S:/Documents/MinecraftModding/xcraftmod/src/main/java/com/senpai/util/handlers/RegistryHandler.java
2018-04-04 01:37:56: Change Analyzed: S:/Documents/MinecraftModding/xcraftmod/src/main/java/com/senpai/util/handlers
2018-04-04 01:37:56: Change Analyzed: S:/Documents/MinecraftModding/xcraftmod/src/main/java/com/senpai/util/handlers/EnumHandler.java
2018-04-04 01:37:56: Change Analyzed: S:/Documents/MinecraftModding/xcraftmod/src/main/java/com/senpai/util/handlers
2018-04-04 01:37:56: Change Analyzed: S:/Documents/MinecraftModding/xcraftmod/src/main/java/com/senpai/util/handlers/LootTableHandler.java
2018-04-04 01:37:56: Change Analyzed: S:/Documents/MinecraftModding/xcraftmod/src/main/java/com/senpai/util/handlers
2018-04-04 01:37:56: Change Analyzed: S:/Documents/MinecraftModding/xcraftmod/src/main/java/com/senpai/util/handlers/RenderHandler.java
2018-04-04 01:37:56: Change Analyzed: S:/Documents/MinecraftModding/xcraftmod/src/main/java/com/senpai/util/handlers
2018-04-04 01:37:56: Change Analyzed: S:/Documents/MinecraftModding/xcraftmod/src/main/java/com/senpai/util/handlers/SoundsHandler.java
2018-04-04 01:37:56: Change Analyzed: S:/Documents/MinecraftModding/xcraftmod/src/main/java/com/senpai/util/handlers
2018-04-04 01:37:56: Change Analyzed: S:/Documents/MinecraftModding/xcraftmod/src/main/java/com/senpai/util/handlers/TileEntityHandler.java
2018-04-04 01:37:56: Change Analyzed: S:/Documents/MinecraftModding/xcraftmod/src/main/java/com/senpai/util/handlers
2018-04-04 01:37:56: Change Analyzed: S:/Documents/MinecraftModding/xcraftmod/src/main/java/com/senpai/util/handlers
2018-04-04 01:37:56: Locking folder gdrive://www.googleapis.com/Good Sync/Eclips Projects/Moding Minecraft 1.12.2/Application for write
2018-04-04 01:37:58: Change Analyzed: gdrive://www.googleapis.com/Good Sync/Eclips Projects/Moding Minecraft 1.12.2/Application/main/java/com/senpai/handlers/TileEntityHandler.java
2018-04-04 01:37:58: Change Analyzed: gdrive://www.googleapis.com/Good Sync/Eclips Projects/Moding Minecraft 1.12.2/Application/main/java/com/senpai/handlers/RegistryHandler.java
2018-04-04 01:37:58: Change Analyzed: gdrive://www.googleapis.com/Good Sync/Eclips Projects/Moding Minecraft 1.12.2/Application/main/java/com/senpai/handlers/SoundsHandler.java
2018-04-04 01:37:58: Change Analyzed: gdrive://www.googleapis.com/Good Sync/Eclips Projects/Moding Minecraft 1.12.2/Application/main/java/com/senpai/handlers/Mathf.java
2018-04-04 01:37:58: Change Analyzed: gdrive://www.googleapis.com/Good Sync/Eclips Projects/Moding Minecraft 1.12.2/Application/main/java/com/senpai/handlers/RenderHandler.java
2018-04-04 01:37:58: Change Analyzed: gdrive://www.googleapis.com/Good Sync/Eclips Projects/Moding Minecraft 1.12.2/Application/main/java/com/senpai/handlers/TileEntityHandler.java
2018-04-04 01:37:58: Change Analyzed: gdrive://www.googleapis.com/Good Sync/Eclips Projects/Moding Minecraft 1.12.2/Application/main/java/com/senpai/handlers/RenderHandler.java
2018-04-04 01:37:58: Change Analyzed: gdrive://www.googleapis.com/Good Sync/Eclips Projects/Moding Minecraft 1.12.2/Application/main/java/com/senpai/handlers/SoundsHandler.java
2018-04-04 01:37:59: Change Analyzed: gdrive://www.googleapis.com/Good Sync/Eclips Projects/Moding Minecraft 1.12.2/Application/main/java/com/senpai/handlers/RegistryHandler.java
2018-04-04 01:37:59: Change Analyzed: gdrive://www.googleapis.com/Good Sync/Eclips Projects/Moding Minecraft 1.12.2/Application/main/java/com/senpai/handlers/EnumHandler.java
2018-04-04 01:37:59: Change Analyzed: gdrive://www.googleapis.com/Good Sync/Eclips Projects/Moding Minecraft 1.12.2/Application/main/java/com/senpai/handlers/LootTableHandler.java
2018-04-04 01:37:59: Change Analyzed: gdrive://www.googleapis.com/Good Sync/Eclips Projects/Moding Minecraft 1.12.2/Application/main/java/com/senpai/handlers/Mathf.java
2018-04-04 01:37:59: Change Analyzed: gdrive://www.googleapis.com/Good Sync/Eclips Projects/Moding Minecraft 1.12.2/Application/main/java/com/senpai/handlers/LootTableHandler.java
2018-04-04 01:37:59: Change Analyzed: gdrive://www.googleapis.com/Good Sync/Eclips Projects/Moding Minecraft 1.12.2/Application/main/java/com/senpai/handlers/EnumHandler.java
2018-04-04 01:38:00: Change Analyzed: gdrive://www.googleapis.com/Good Sync/Eclips Projects/Moding Minecraft 1.12.2/Application/main/java/com/senpai/handlers
2018-04-04 01:38:00: On disk file:///S: space required for sync is 0 bytes, you have 1.25 TB
2018-04-04 01:38:00: On disk gdrive://www.googleapis.com space required for sync is 0 bytes, you have 12.4 GB
2018-04-04 01:38:00: Changes: 8, Conflicts: 0, CopyTime: 0, FixState: 0, Errors: 0, All: 22201
2018-04-04 01:38:00: Left to Right: Delete File: 8 
2018-04-04 01:38:00: -- Analysis Complete. Time 00:00:06, Speed: 71 files/s
2018-04-04 01:38:00: == Sync Started by On File Change, After Delay, Under Runner
2018-04-04 01:38:00: Mod Sync: SYNC started by On File Change, After Delay, Under Runner on 'SENPAI_DESKTOP'
2018-04-04 01:38:00: =Data Storage:\Documents\MinecraftModding\xcraftmod\src (S:/Documents/MinecraftModding/xcraftmod/src) [TmpDest] <-> gdrive://www.googleapis.com/Good Sync/Eclips Projects/Moding Minecraft 1.12.2/Application [DirDest], RecycleTo_RecycleBin, SaveDays_RecycleBin=30d, ReconnectSecs=120, SyncWorkerThreads=99, OnFileChange Delay=5, Unattended, WaitForLocksMin=20, ResolveConflicts=NewerFileWins, AutoClear, LinksIgnore
2018-04-04 01:38:01: Change detected [0]: t=Modified path=/main/java/com/senpai/Main.java
2018-04-04 01:38:01: Change detected [0]: t=Modified path=/main/java/com/senpai/Main.java
2018-04-04 01:38:03: Load Recycled DB: gdrive://www.googleapis.com/Good Sync/Eclips Projects/Moding Minecraft 1.12.2/Application/_gsdata_/_recycled_db._gs
2018-04-04 01:38:03: Delete File 'gdrive://www.googleapis.com/Good Sync/Eclips Projects/Moding Minecraft 1.12.2/Application/main/java/com/senpai/util/handlers/EnumHandler.java'
2018-04-04 01:38:03: Delete File 'gdrive://www.googleapis.com/Good Sync/Eclips Projects/Moding Minecraft 1.12.2/Application/main/java/com/senpai/util/handlers/LootTableHandler.java'
2018-04-04 01:38:04: Delete File 'gdrive://www.googleapis.com/Good Sync/Eclips Projects/Moding Minecraft 1.12.2/Application/main/java/com/senpai/util/handlers/Mathf.java'
2018-04-04 01:38:05: Change detected [1]: t=MovedFrom path=/main/java/com/senpai/util/handlers/Mathf.java
2018-04-04 01:38:05: Change detected [1]: t=MovedFrom path=/main/java/com/senpai/util/handlers/LootTableHandler.java
2018-04-04 01:38:06: Change detected [1]: t=MovedFrom path=/main/java/com/senpai/util/handlers/EnumHandler.java
2018-04-04 01:38:06: Delete File 'gdrive://www.googleapis.com/Good Sync/Eclips Projects/Moding Minecraft 1.12.2/Application/main/java/com/senpai/util/handlers/RegistryHandler.java'
2018-04-04 01:38:06: Delete File 'gdrive://www.googleapis.com/Good Sync/Eclips Projects/Moding Minecraft 1.12.2/Application/main/java/com/senpai/util/handlers/RenderHandler.java'
2018-04-04 01:38:07: Delete File 'gdrive://www.googleapis.com/Good Sync/Eclips Projects/Moding Minecraft 1.12.2/Application/main/java/com/senpai/util/handlers/SoundsHandler.java'
2018-04-04 01:38:08: Delete File 'gdrive://www.googleapis.com/Good Sync/Eclips Projects/Moding Minecraft 1.12.2/Application/main/java/com/senpai/util/handlers/TileEntityHandler.java'
2018-04-04 01:38:09: Delete Folder 'gdrive://www.googleapis.com/Good Sync/Eclips Projects/Moding Minecraft 1.12.2/Application/main/java/com/senpai/util/handlers'
2018-04-04 01:38:09: File Systems limited number of parallel threads to 20
2018-04-04 01:38:09: Start only 0 threads, limited by tasks to run
2018-04-04 01:38:10: Save State File S:/Documents/MinecraftModding/xcraftmod/src/_gsdata_/_file_state_v4._gs
2018-04-04 01:38:11: Save State File gdrive://www.googleapis.com/Good Sync/Eclips Projects/Moding Minecraft 1.12.2/Application/_gsdata_/_file_state_v4._gs
2018-04-04 01:38:11: Cleanup recycled files in S:/Documents/MinecraftModding/xcraftmod/src/_gsdata_/_saved_
2018-04-04 01:38:11: Load Recycled DB: S:/Documents/MinecraftModding/xcraftmod/src/_gsdata_/_recycled_db._gs
2018-04-04 01:38:11: Deleted old log file C:/Users/Senpai/AppData/Roaming/GoodSync/_mirrors_/file-=Data Storage-Documents-MinecraftModding-xcraftmod-src/2018-0328-013738-SENPAI_DESKTOP-Runner-Mod Sync.log
2018-04-04 01:38:11: Cleanup old logs in S:/Documents/MinecraftModding/xcraftmod/src/_gsdata_
2018-04-04 01:38:11: Delete log file S:/Documents/MinecraftModding/xcraftmod/src/_gsdata_/2018-0328-013738-SENPAI_DESKTOP-Runner-Mod Sync.log
2018-04-04 01:38:11: Cleanup recycled files in gdrive://www.googleapis.com/Good Sync/Eclips Projects/Moding Minecraft 1.12.2/Application/_gsdata_/_saved_
2018-04-04 01:38:12: Save Recycled DB: gdrive://www.googleapis.com/Good Sync/Eclips Projects/Moding Minecraft 1.12.2/Application/_gsdata_/_recycled_db._gs
2018-04-04 01:38:12: Deleted old log file C:/Users/Senpai/AppData/Roaming/GoodSync/_mirrors_/gdrive-Wicky_Gustave-0AGIAX4LCOy-XUk9PVA@www.googleapis.com-Good Sync-Eclips Projects-Moding Minecraft 1.12.2-Application/2018-0328-013738-SENPAI_DESKTOP-Runner-Mod Sync.log
2018-04-04 01:38:12: Cleanup old logs in gdrive://www.googleapis.com/Good Sync/Eclips Projects/Moding Minecraft 1.12.2/Application/_gsdata_
2018-04-04 01:38:13: Delete log file gdrive://www.googleapis.com/Good Sync/Eclips Projects/Moding Minecraft 1.12.2/Application/_gsdata_/2018-0328-013738-SENPAI_DESKTOP-Runner-Mod Sync.log
2018-04-04 01:38:13: == Sync Complete. Time: 00:00:13, Speed: 6.22 KB/s, OK: 8, Errors: 0
2018-04-04 01:38:13: Unlocking folder S:/Documents/MinecraftModding/xcraftmod/src/_gsdata_/lock.gsl
2018-04-04 01:38:13: Unlocking folder gdrive://www.googleapis.com/Good Sync/Eclips Projects/Moding Minecraft 1.12.2/Application/_gsdata_/lock.gsl
2018-04-04 01:38:15: 
