2018-04-04 01:42:34: Connected to S:\Documents\MinecraftModding\xcraftmod\src: S: NTFS: type=NTFS vol=Data Storage flags=3E706FF
2018-04-04 01:42:35: Connected to gdrive://www.googleapis.com/Good Sync/Eclips Projects/Moding Minecraft 1.12.2/Application
2018-04-04 01:42:35: Incremental Analyze for On File Change
2018-04-04 01:42:35: -- Analysis Started by On File Change, After Delay, Under Runner
2018-04-04 01:42:35: Mod Sync: ANALYSIS started by On File Change, After Delay, Under Runner on 'SENPAI_DESKTOP' (GoodSync 10.8.1.1)
2018-04-04 01:42:35: =Data Storage:\Documents\MinecraftModding\xcraftmod\src (S:/Documents/MinecraftModding/xcraftmod/src) [TmpDest] <-> gdrive://www.googleapis.com/Good Sync/Eclips Projects/Moding Minecraft 1.12.2/Application [DirDest], RecycleTo_RecycleBin, SaveDays_RecycleBin=30d, ReconnectSecs=120, SyncWorkerThreads=99, OnFileChange Delay=5, Unattended, WaitForLocksMin=20, ResolveConflicts=NewerFileWins, AutoClear, LinksIgnore
2018-04-04 01:42:35: Exclude Hidden, Exclude System, Exclude name *._gstmp|/System Volume Information|Thumbs.db|.DS_Store 
2018-04-04 01:42:35: Locking folder S:/Documents/MinecraftModding/xcraftmod/src for write
2018-04-04 01:42:35: Change Analyzed: S:/Documents/MinecraftModding/xcraftmod/src/main/resources/assets/sxm/blockstates/canvas.json
2018-04-04 01:42:35: Change Analyzed: S:/Documents/MinecraftModding/xcraftmod/src/main/resources/assets/sxm/blockstates/canvas.json
2018-04-04 01:42:35: Change Analyzed: S:/Documents/MinecraftModding/xcraftmod/src/main/resources/assets/sxm/blockstates/canvas.json
2018-04-04 01:42:35: Change Analyzed: S:/Documents/MinecraftModding/xcraftmod/src/main/resources/assets/sxm/blockstates/cotton.json
2018-04-04 01:42:35: Change Analyzed: S:/Documents/MinecraftModding/xcraftmod/src/main/resources/assets/sxm/blockstates/cotton.json
2018-04-04 01:42:35: Change Analyzed: S:/Documents/MinecraftModding/xcraftmod/src/main/resources/assets/sxm/blockstates/cotton.json
2018-04-04 01:42:35: Change Analyzed: S:/Documents/MinecraftModding/xcraftmod/src/main/resources/assets/sxm/blockstates/gamemode_detector.json
2018-04-04 01:42:35: Change Analyzed: S:/Documents/MinecraftModding/xcraftmod/src/main/resources/assets/sxm/blockstates/gamemode_detector.json
2018-04-04 01:42:35: Change Analyzed: S:/Documents/MinecraftModding/xcraftmod/src/main/resources/assets/sxm/blockstates/gamemode_detector.json
2018-04-04 01:42:35: Change Analyzed: S:/Documents/MinecraftModding/xcraftmod/src/main/resources/assets/sxm/blockstates/machine_frame.json
2018-04-04 01:42:35: Change Analyzed: S:/Documents/MinecraftModding/xcraftmod/src/main/resources/assets/sxm/blockstates/machine_frame.json
2018-04-04 01:42:35: Change Analyzed: S:/Documents/MinecraftModding/xcraftmod/src/main/resources/assets/sxm/blockstates/machine_frame.json
2018-04-04 01:42:35: Change Analyzed: S:/Documents/MinecraftModding/xcraftmod/src/main/resources/assets/sxm/blockstates/tin_block.json
2018-04-04 01:42:35: Change Analyzed: S:/Documents/MinecraftModding/xcraftmod/src/main/resources/assets/sxm/blockstates/tin_block.json
2018-04-04 01:42:35: Change Analyzed: S:/Documents/MinecraftModding/xcraftmod/src/main/resources/assets/sxm/blockstates/tin_block.json
2018-04-04 01:42:35: Change Analyzed: S:/Documents/MinecraftModding/xcraftmod/src/main/resources/assets/sxm/blockstates/tin_button.json
2018-04-04 01:42:35: Change Analyzed: S:/Documents/MinecraftModding/xcraftmod/src/main/resources/assets/sxm/blockstates/tin_button.json
2018-04-04 01:42:35: Change Analyzed: S:/Documents/MinecraftModding/xcraftmod/src/main/resources/assets/sxm/blockstates/tin_button.json
2018-04-04 01:42:35: Change Analyzed: S:/Documents/MinecraftModding/xcraftmod/src/main/resources/assets/sxm/blockstates/tin_door.json
2018-04-04 01:42:35: Change Analyzed: S:/Documents/MinecraftModding/xcraftmod/src/main/resources/assets/sxm/blockstates/tin_door.json
2018-04-04 01:42:35: Change Analyzed: S:/Documents/MinecraftModding/xcraftmod/src/main/resources/assets/sxm/blockstates/tin_door.json
2018-04-04 01:42:35: Change Analyzed: S:/Documents/MinecraftModding/xcraftmod/src/main/resources/assets/sxm/blockstates/tin_fence.json
2018-04-04 01:42:35: Change Analyzed: S:/Documents/MinecraftModding/xcraftmod/src/main/resources/assets/sxm/blockstates/tin_fence.json
2018-04-04 01:42:35: Change Analyzed: S:/Documents/MinecraftModding/xcraftmod/src/main/resources/assets/sxm/blockstates/tin_fence.json
2018-04-04 01:42:35: Change Analyzed: S:/Documents/MinecraftModding/xcraftmod/src/main/resources/assets/sxm/blockstates/tin_fence_gate.json
2018-04-04 01:42:35: Change Analyzed: S:/Documents/MinecraftModding/xcraftmod/src/main/resources/assets/sxm/blockstates/tin_fence_gate.json
2018-04-04 01:42:35: Change Analyzed: S:/Documents/MinecraftModding/xcraftmod/src/main/resources/assets/sxm/blockstates/tin_fence_gate.json
2018-04-04 01:42:35: Change Analyzed: S:/Documents/MinecraftModding/xcraftmod/src/main/resources/assets/sxm/blockstates/tin_ore.json
2018-04-04 01:42:35: Change Analyzed: S:/Documents/MinecraftModding/xcraftmod/src/main/resources/assets/sxm/blockstates/tin_ore.json
2018-04-04 01:42:35: Change Analyzed: S:/Documents/MinecraftModding/xcraftmod/src/main/resources/assets/sxm/blockstates/tin_ore.json
2018-04-04 01:42:35: Change Analyzed: S:/Documents/MinecraftModding/xcraftmod/src/main/resources/assets/sxm/blockstates/tin_pressure_plate.json
2018-04-04 01:42:35: Change Analyzed: S:/Documents/MinecraftModding/xcraftmod/src/main/resources/assets/sxm/blockstates/tin_pressure_plate.json
2018-04-04 01:42:35: Change Analyzed: S:/Documents/MinecraftModding/xcraftmod/src/main/resources/assets/sxm/blockstates/tin_pressure_plate.json
2018-04-04 01:42:35: Change Analyzed: S:/Documents/MinecraftModding/xcraftmod/src/main/resources/assets/sxm/blockstates/tin_slab_double.json
2018-04-04 01:42:35: Change Analyzed: S:/Documents/MinecraftModding/xcraftmod/src/main/resources/assets/sxm/blockstates/tin_slab_double.json
2018-04-04 01:42:35: Change Analyzed: S:/Documents/MinecraftModding/xcraftmod/src/main/resources/assets/sxm/blockstates/tin_slab_double.json
2018-04-04 01:42:35: Change Analyzed: S:/Documents/MinecraftModding/xcraftmod/src/main/resources/assets/sxm/blockstates/tin_slab_half.json
2018-04-04 01:42:35: Change Analyzed: S:/Documents/MinecraftModding/xcraftmod/src/main/resources/assets/sxm/blockstates/tin_slab_half.json
2018-04-04 01:42:35: Change Analyzed: S:/Documents/MinecraftModding/xcraftmod/src/main/resources/assets/sxm/blockstates/tin_slab_half.json
2018-04-04 01:42:35: Change Analyzed: S:/Documents/MinecraftModding/xcraftmod/src/main/resources/assets/sxm/blockstates/tin_stairs.json
2018-04-04 01:42:35: Change Analyzed: S:/Documents/MinecraftModding/xcraftmod/src/main/resources/assets/sxm/blockstates/tin_stairs.json
2018-04-04 01:42:35: Change Analyzed: S:/Documents/MinecraftModding/xcraftmod/src/main/resources/assets/sxm/blockstates/tin_stairs.json
2018-04-04 01:42:35: Change Analyzed: S:/Documents/MinecraftModding/xcraftmod/src/main/resources/assets/sxm/blockstates/tin_stairs.json
2018-04-04 01:42:35: Change Analyzed: S:/Documents/MinecraftModding/xcraftmod/src/main/resources/assets/sxm/blockstates/block_breaker.json
2018-04-04 01:42:35: Change Analyzed: S:/Documents/MinecraftModding/xcraftmod/src/main/resources/assets/sxm/blockstates/block_breaker.json
2018-04-04 01:42:35: Change Analyzed: S:/Documents/MinecraftModding/xcraftmod/src/main/resources/assets/sxm/blockstates/block_breaker.json
2018-04-04 01:42:35: Change Analyzed: S:/Documents/MinecraftModding/xcraftmod/src/main/resources/assets/sxm/blockstates/tin_stairs.json
2018-04-04 01:42:35: Locking folder gdrive://www.googleapis.com/Good Sync/Eclips Projects/Moding Minecraft 1.12.2/Application for write
2018-04-04 01:42:37: Change Analyzed: gdrive://www.googleapis.com/Good Sync/Eclips Projects/Moding Minecraft 1.12.2/Application/main/resources/assets/sxm/models/block/ctm/canvas.cf
2018-04-04 01:42:37: Change Analyzed: gdrive://www.googleapis.com/Good Sync/Eclips Projects/Moding Minecraft 1.12.2/Application/main/resources/assets/sxm/models/block/cotton_stage7.json
2018-04-04 01:42:37: Change Analyzed: gdrive://www.googleapis.com/Good Sync/Eclips Projects/Moding Minecraft 1.12.2/Application/main/resources/assets/sxm/models/block/cotton_stage4.json
2018-04-04 01:42:38: Change Analyzed: gdrive://www.googleapis.com/Good Sync/Eclips Projects/Moding Minecraft 1.12.2/Application/main/resources/assets/sxm/models/block/cotton_stage5.json
2018-04-04 01:42:38: Change Analyzed: gdrive://www.googleapis.com/Good Sync/Eclips Projects/Moding Minecraft 1.12.2/Application/main/resources/assets/sxm/models/block/cotton_stage6.json
2018-04-04 01:42:38: Change Analyzed: gdrive://www.googleapis.com/Good Sync/Eclips Projects/Moding Minecraft 1.12.2/Application/main/resources/assets/sxm/models/block/cotton_stage7.json
2018-04-04 01:42:38: Change Analyzed: gdrive://www.googleapis.com/Good Sync/Eclips Projects/Moding Minecraft 1.12.2/Application/main/resources/assets/sxm/models/block/cotton_stage3.json
2018-04-04 01:42:38: Change Analyzed: gdrive://www.googleapis.com/Good Sync/Eclips Projects/Moding Minecraft 1.12.2/Application/main/resources/assets/sxm/models/block/cotton_stage4.json
2018-04-04 01:42:38: Change Analyzed: gdrive://www.googleapis.com/Good Sync/Eclips Projects/Moding Minecraft 1.12.2/Application/main/resources/assets/sxm/models/block/cotton_stage5.json
2018-04-04 01:42:38: Change Analyzed: gdrive://www.googleapis.com/Good Sync/Eclips Projects/Moding Minecraft 1.12.2/Application/main/resources/assets/sxm/models/block/cotton_stage3.json
2018-04-04 01:42:38: Change Analyzed: gdrive://www.googleapis.com/Good Sync/Eclips Projects/Moding Minecraft 1.12.2/Application/main/resources/assets/sxm/models/block/canvas.json
2018-04-04 01:42:38: Change Analyzed: gdrive://www.googleapis.com/Good Sync/Eclips Projects/Moding Minecraft 1.12.2/Application/main/resources/assets/sxm/models/block/cotton_stage2.json
2018-04-04 01:42:38: Change Analyzed: gdrive://www.googleapis.com/Good Sync/Eclips Projects/Moding Minecraft 1.12.2/Application/main/resources/assets/sxm/models/block/cotton_stage1.json
2018-04-04 01:42:39: Change Analyzed: gdrive://www.googleapis.com/Good Sync/Eclips Projects/Moding Minecraft 1.12.2/Application/main/resources/assets/sxm/models/block/cotton_stage0.json
2018-04-04 01:42:39: Change Analyzed: gdrive://www.googleapis.com/Good Sync/Eclips Projects/Moding Minecraft 1.12.2/Application/main/resources/assets/sxm/models/block/cotton_stage2.json
2018-04-04 01:42:39: Change Analyzed: gdrive://www.googleapis.com/Good Sync/Eclips Projects/Moding Minecraft 1.12.2/Application/main/resources/assets/sxm/models/block/cotton_stage0.json
2018-04-04 01:42:39: Change Analyzed: gdrive://www.googleapis.com/Good Sync/Eclips Projects/Moding Minecraft 1.12.2/Application/main/resources/assets/sxm/models/block/canvas.json
2018-04-04 01:42:39: Change Analyzed: gdrive://www.googleapis.com/Good Sync/Eclips Projects/Moding Minecraft 1.12.2/Application/main/resources/assets/sxm/models/block/cotton_stage1.json
2018-04-04 01:42:39: Change Analyzed: gdrive://www.googleapis.com/Good Sync/Eclips Projects/Moding Minecraft 1.12.2/Application/main/resources/assets/sxm/models/block/block_breaker_basic.json
2018-04-04 01:42:39: Change Analyzed: gdrive://www.googleapis.com/Good Sync/Eclips Projects/Moding Minecraft 1.12.2/Application/main/resources/assets/sxm/models/block/block_breaker_basic_activated.json
2018-04-04 01:42:39: Change Analyzed: gdrive://www.googleapis.com/Good Sync/Eclips Projects/Moding Minecraft 1.12.2/Application/main/resources/assets/sxm/models/block/block_breaker_basic_activated.json
2018-04-04 01:42:39: Change Analyzed: gdrive://www.googleapis.com/Good Sync/Eclips Projects/Moding Minecraft 1.12.2/Application/main/resources/assets/sxm/models/block/block_breaker_basic.json
2018-04-04 01:42:39: Change Analyzed: gdrive://www.googleapis.com/Good Sync/Eclips Projects/Moding Minecraft 1.12.2/Application/main/resources/assets/sxm/models/block/block_breaker_advanced_activated.json
2018-04-04 01:42:40: Change Analyzed: gdrive://www.googleapis.com/Good Sync/Eclips Projects/Moding Minecraft 1.12.2/Application/main/resources/assets/sxm/models/block/block_breaker_advanced_activated.json
2018-04-04 01:42:40: Change Analyzed: gdrive://www.googleapis.com/Good Sync/Eclips Projects/Moding Minecraft 1.12.2/Application/main/resources/assets/sxm/models/block/block_breaker_advanced.json
2018-04-04 01:42:40: Change Analyzed: gdrive://www.googleapis.com/Good Sync/Eclips Projects/Moding Minecraft 1.12.2/Application/main/resources/assets/sxm/models/block/block_breaker_advanced.json
2018-04-04 01:42:40: Change Analyzed: gdrive://www.googleapis.com/Good Sync/Eclips Projects/Moding Minecraft 1.12.2/Application/main/resources/assets/sxm/sounds/block/tin_fence_gate
2018-04-04 01:42:40: Change Analyzed: gdrive://www.googleapis.com/Good Sync/Eclips Projects/Moding Minecraft 1.12.2/Application/main/resources/assets/sxm/sounds/block/tin_button
2018-04-04 01:42:40: Change Analyzed: gdrive://www.googleapis.com/Good Sync/Eclips Projects/Moding Minecraft 1.12.2/Application/main/resources/assets/sxm/sounds/block
2018-04-04 01:42:40: Change Analyzed: gdrive://www.googleapis.com/Good Sync/Eclips Projects/Moding Minecraft 1.12.2/Application/main/resources/assets/sxm/models/block/ctm
2018-04-04 01:42:40: Change Analyzed: gdrive://www.googleapis.com/Good Sync/Eclips Projects/Moding Minecraft 1.12.2/Application/main/resources/assets/sxm/models/block/tin_stairs.json
2018-04-04 01:42:40: Change Analyzed: gdrive://www.googleapis.com/Good Sync/Eclips Projects/Moding Minecraft 1.12.2/Application/main/resources/assets/sxm/models/block/tin_slab_bottom.json
2018-04-04 01:42:41: Change Analyzed: gdrive://www.googleapis.com/Good Sync/Eclips Projects/Moding Minecraft 1.12.2/Application/main/resources/assets/sxm/models/block/tin_slab_top.json
2018-04-04 01:42:41: Change Analyzed: gdrive://www.googleapis.com/Good Sync/Eclips Projects/Moding Minecraft 1.12.2/Application/main/resources/assets/sxm/models/block/tin_ore_end.json
2018-04-04 01:42:41: Change Analyzed: gdrive://www.googleapis.com/Good Sync/Eclips Projects/Moding Minecraft 1.12.2/Application/main/resources/assets/sxm/models/block/tin_outer_stairs.json
2018-04-04 01:42:41: Change Analyzed: gdrive://www.googleapis.com/Good Sync/Eclips Projects/Moding Minecraft 1.12.2/Application/main/resources/assets/sxm/models/block/tin_slab_bottom.json
2018-04-04 01:42:41: Change Analyzed: gdrive://www.googleapis.com/Good Sync/Eclips Projects/Moding Minecraft 1.12.2/Application/main/resources/assets/sxm/models/block/tin_pressure_plate_up.json
2018-04-04 01:42:41: Change Analyzed: gdrive://www.googleapis.com/Good Sync/Eclips Projects/Moding Minecraft 1.12.2/Application/main/resources/assets/sxm/models/block/tin_pressure_plate_down.json
2018-04-04 01:42:41: Change Analyzed: gdrive://www.googleapis.com/Good Sync/Eclips Projects/Moding Minecraft 1.12.2/Application/main/resources/assets/sxm/models/block/tin_pressure_plate_up.json
2018-04-04 01:42:41: Change Analyzed: gdrive://www.googleapis.com/Good Sync/Eclips Projects/Moding Minecraft 1.12.2/Application/main/resources/assets/sxm/models/block/tin_outer_stairs.json
2018-04-04 01:42:41: Change Analyzed: gdrive://www.googleapis.com/Good Sync/Eclips Projects/Moding Minecraft 1.12.2/Application/main/resources/assets/sxm/models/block/tin_ore_overworld.json
2018-04-04 01:42:42: Change Analyzed: gdrive://www.googleapis.com/Good Sync/Eclips Projects/Moding Minecraft 1.12.2/Application/main/resources/assets/sxm/models/block/tin_ore_nether.json
2018-04-04 01:42:42: Change Analyzed: gdrive://www.googleapis.com/Good Sync/Eclips Projects/Moding Minecraft 1.12.2/Application/main/resources/assets/sxm/models/block/tin_ore_end.json
2018-04-04 01:42:42: Change Analyzed: gdrive://www.googleapis.com/Good Sync/Eclips Projects/Moding Minecraft 1.12.2/Application/main/resources/assets/sxm/models/block/tin_ore.json
2018-04-04 01:42:42: Change Analyzed: gdrive://www.googleapis.com/Good Sync/Eclips Projects/Moding Minecraft 1.12.2/Application/main/resources/assets/sxm/models/block/tin_inner_stairs.json
2018-04-04 01:42:42: Change Analyzed: gdrive://www.googleapis.com/Good Sync/Eclips Projects/Moding Minecraft 1.12.2/Application/main/resources/assets/sxm/models/block/tin_door_top_rh.json
2018-04-04 01:42:42: Change Analyzed: gdrive://www.googleapis.com/Good Sync/Eclips Projects/Moding Minecraft 1.12.2/Application/main/resources/assets/sxm/models/block/tin_door_bottom_rh.json
2018-04-04 01:42:42: Change Analyzed: gdrive://www.googleapis.com/Good Sync/Eclips Projects/Moding Minecraft 1.12.2/Application/main/resources/assets/sxm/models/block/tin_fence_side.json
2018-04-04 01:42:42: Change Analyzed: gdrive://www.googleapis.com/Good Sync/Eclips Projects/Moding Minecraft 1.12.2/Application/main/resources/assets/sxm/models/block/tin_fence_post.json
2018-04-04 01:42:43: Change Analyzed: gdrive://www.googleapis.com/Good Sync/Eclips Projects/Moding Minecraft 1.12.2/Application/main/resources/assets/sxm/models/block/tin_ore_nether.json
2018-04-04 01:42:43: Change Analyzed: gdrive://www.googleapis.com/Good Sync/Eclips Projects/Moding Minecraft 1.12.2/Application/main/resources/assets/sxm/models/block/tin_ore.json
2018-04-04 01:42:43: Change detected [0]: t=Modified path=/main/resources/assets/sxm/blockstates/tin_pressure_plate.json
2018-04-04 01:42:43: Change detected [0]: t=Modified path=/main/resources/assets/sxm/blockstates/tin_pressure_plate.json
2018-04-04 01:42:43: Change Analyzed: gdrive://www.googleapis.com/Good Sync/Eclips Projects/Moding Minecraft 1.12.2/Application/main/resources/assets/sxm/models/block/tin_inner_stairs.json
2018-04-04 01:42:43: Change Analyzed: gdrive://www.googleapis.com/Good Sync/Eclips Projects/Moding Minecraft 1.12.2/Application/main/resources/assets/sxm/models/block/tin_fence_gate_closed.json
2018-04-04 01:42:43: Change Analyzed: gdrive://www.googleapis.com/Good Sync/Eclips Projects/Moding Minecraft 1.12.2/Application/main/resources/assets/sxm/models/block/tin_door_bottom_rh.json
2018-04-04 01:42:43: Change Analyzed: gdrive://www.googleapis.com/Good Sync/Eclips Projects/Moding Minecraft 1.12.2/Application/main/resources/assets/sxm/models/block/tin_fence_side.json
2018-04-04 01:42:43: Change Analyzed: gdrive://www.googleapis.com/Good Sync/Eclips Projects/Moding Minecraft 1.12.2/Application/main/resources/assets/sxm/models/block/tin_block.json
2018-04-04 01:42:43: Change Analyzed: gdrive://www.googleapis.com/Good Sync/Eclips Projects/Moding Minecraft 1.12.2/Application/main/resources/assets/sxm/models/block/tin_door_bottom.json
2018-04-04 01:42:43: Change Analyzed: gdrive://www.googleapis.com/Good Sync/Eclips Projects/Moding Minecraft 1.12.2/Application/main/resources/assets/sxm/models/block/tin_fence_post.json
2018-04-04 01:42:43: Change Analyzed: gdrive://www.googleapis.com/Good Sync/Eclips Projects/Moding Minecraft 1.12.2/Application/main/resources/assets/sxm/models/block/tin_fence_gate_open.json
2018-04-04 01:42:44: Change Analyzed: gdrive://www.googleapis.com/Good Sync/Eclips Projects/Moding Minecraft 1.12.2/Application/main/resources/assets/sxm/models/block/tin_door_top.json
2018-04-04 01:42:44: Change Analyzed: gdrive://www.googleapis.com/Good Sync/Eclips Projects/Moding Minecraft 1.12.2/Application/main/resources/assets/sxm/models/block/tin_fence_gate_closed.json
2018-04-04 01:42:44: Change Analyzed: gdrive://www.googleapis.com/Good Sync/Eclips Projects/Moding Minecraft 1.12.2/Application/main/resources/assets/sxm/models/block/tin_fence_gate_open.json
2018-04-04 01:42:44: Change Analyzed: gdrive://www.googleapis.com/Good Sync/Eclips Projects/Moding Minecraft 1.12.2/Application/main/resources/assets/sxm/models/block/tin_door_top_rh.json
2018-04-04 01:42:44: Change Analyzed: gdrive://www.googleapis.com/Good Sync/Eclips Projects/Moding Minecraft 1.12.2/Application/main/resources/assets/sxm/models/block/tin_door_top.json
2018-04-04 01:42:44: Change Analyzed: gdrive://www.googleapis.com/Good Sync/Eclips Projects/Moding Minecraft 1.12.2/Application/main/resources/assets/sxm/models/block/tin_button.json
2018-04-04 01:42:44: Change Analyzed: gdrive://www.googleapis.com/Good Sync/Eclips Projects/Moding Minecraft 1.12.2/Application/main/resources/assets/sxm/models/block/tin_button_inventory.json
2018-04-04 01:42:44: Change Analyzed: gdrive://www.googleapis.com/Good Sync/Eclips Projects/Moding Minecraft 1.12.2/Application/main/resources/assets/sxm/models/block/tin_door_bottom.json
2018-04-04 01:42:44: Change Analyzed: gdrive://www.googleapis.com/Good Sync/Eclips Projects/Moding Minecraft 1.12.2/Application/main/resources/assets/sxm/models/block/tin_button_pressed.json
2018-04-04 01:42:45: Change Analyzed: gdrive://www.googleapis.com/Good Sync/Eclips Projects/Moding Minecraft 1.12.2/Application/main/resources/assets/sxm/models/block/tin_button_pressed.json
2018-04-04 01:42:45: Change Analyzed: gdrive://www.googleapis.com/Good Sync/Eclips Projects/Moding Minecraft 1.12.2/Application/main/resources/assets/sxm/models/block/tin_button_inventory.json
2018-04-04 01:42:45: Change Analyzed: gdrive://www.googleapis.com/Good Sync/Eclips Projects/Moding Minecraft 1.12.2/Application/main/resources/assets/sxm/models/block/machine_frame_basic.json
2018-04-04 01:42:45: Change Analyzed: gdrive://www.googleapis.com/Good Sync/Eclips Projects/Moding Minecraft 1.12.2/Application/main/resources/assets/sxm/models/block/tin_button.json
2018-04-04 01:42:45: Change Analyzed: gdrive://www.googleapis.com/Good Sync/Eclips Projects/Moding Minecraft 1.12.2/Application/main/resources/assets/sxm/models/block/tin_block.json
2018-04-04 01:42:45: Change Analyzed: gdrive://www.googleapis.com/Good Sync/Eclips Projects/Moding Minecraft 1.12.2/Application/main/resources/assets/sxm/models/block/machine_frame_basic.json
2018-04-04 01:42:45: Change Analyzed: gdrive://www.googleapis.com/Good Sync/Eclips Projects/Moding Minecraft 1.12.2/Application/main/resources/assets/sxm/models/block/ctm/canvas.cf
2018-04-04 01:42:45: Change Analyzed: gdrive://www.googleapis.com/Good Sync/Eclips Projects/Moding Minecraft 1.12.2/Application/main/resources/assets/sxm/models/block/cotton_stage6.json
2018-04-04 01:42:45: Change Analyzed: gdrive://www.googleapis.com/Good Sync/Eclips Projects/Moding Minecraft 1.12.2/Application/main/resources/assets/sxm/models/block/machine_frame_advanced.json
2018-04-04 01:42:45: Change Analyzed: gdrive://www.googleapis.com/Good Sync/Eclips Projects/Moding Minecraft 1.12.2/Application/main/resources/assets/sxm/models/block/machine.json
2018-04-04 01:42:46: Change Analyzed: gdrive://www.googleapis.com/Good Sync/Eclips Projects/Moding Minecraft 1.12.2/Application/main/resources/assets/sxm/models/block/machine_frame_advanced.json
2018-04-04 01:42:46: Change Analyzed: gdrive://www.googleapis.com/Good Sync/Eclips Projects/Moding Minecraft 1.12.2/Application/main/resources/assets/sxm/models/block/ctm/machine_basic.cf
2018-04-04 01:42:46: Change detected [0]: t=Modified path=/main/resources/assets/sxm/blockstates/tin_slab_double.json
2018-04-04 01:42:46: Change detected [0]: t=Modified path=/main/resources/assets/sxm/blockstates/tin_slab_double.json
2018-04-04 01:42:46: Change Analyzed: gdrive://www.googleapis.com/Good Sync/Eclips Projects/Moding Minecraft 1.12.2/Application/main/resources/assets/sxm/models/block/machine.json
2018-04-04 01:42:46: Change Analyzed: gdrive://www.googleapis.com/Good Sync/Eclips Projects/Moding Minecraft 1.12.2/Application/main/resources/assets/sxm/models/block/ctm/machine_advanced.cf
2018-04-04 01:42:46: Change Analyzed: gdrive://www.googleapis.com/Good Sync/Eclips Projects/Moding Minecraft 1.12.2/Application/main/resources/assets/sxm/models/block/gamemode_detector.json
2018-04-04 01:42:46: Change Analyzed: gdrive://www.googleapis.com/Good Sync/Eclips Projects/Moding Minecraft 1.12.2/Application/main/resources/assets/sxm/models/block/gamemode_detector.json
2018-04-04 01:42:46: Change Analyzed: gdrive://www.googleapis.com/Good Sync/Eclips Projects/Moding Minecraft 1.12.2/Application/main/resources/assets/sxm/models/block/ctm/machine_basic.cf
2018-04-04 01:42:46: Change Analyzed: gdrive://www.googleapis.com/Good Sync/Eclips Projects/Moding Minecraft 1.12.2/Application/main/resources/assets/sxm/models/block/ctm/machine_advanced.cf
2018-04-04 01:42:46: Change Analyzed: gdrive://www.googleapis.com/Good Sync/Eclips Projects/Moding Minecraft 1.12.2/Application/main/resources/assets/sxm/models/item/tin_ingot.json
2018-04-04 01:42:47: Change Analyzed: gdrive://www.googleapis.com/Good Sync/Eclips Projects/Moding Minecraft 1.12.2/Application/main/resources/assets/sxm/models/item/tin_block.json
2018-04-04 01:42:47: Change Analyzed: gdrive://www.googleapis.com/Good Sync/Eclips Projects/Moding Minecraft 1.12.2/Application/main/resources/assets/sxm/models/item/tin_helmet.json
2018-04-04 01:42:47: Change Analyzed: gdrive://www.googleapis.com/Good Sync/Eclips Projects/Moding Minecraft 1.12.2/Application/main/resources/assets/sxm/models/item/canvas.json
2018-04-04 01:42:47: Change Analyzed: gdrive://www.googleapis.com/Good Sync/Eclips Projects/Moding Minecraft 1.12.2/Application/main/resources/assets/sxm/models/item/tin_button.json
2018-04-04 01:42:47: Change Analyzed: gdrive://www.googleapis.com/Good Sync/Eclips Projects/Moding Minecraft 1.12.2/Application/main/resources/assets/sxm/models/item/tin_fence_gate.json
2018-04-04 01:42:47: Change Analyzed: gdrive://www.googleapis.com/Good Sync/Eclips Projects/Moding Minecraft 1.12.2/Application/main/resources/assets/sxm/models/item/machine_frame_basic.json
2018-04-04 01:42:47: Change Analyzed: gdrive://www.googleapis.com/Good Sync/Eclips Projects/Moding Minecraft 1.12.2/Application/main/resources/assets/sxm/models/item/tin_apple.json
2018-04-04 01:42:48: Change Analyzed: gdrive://www.googleapis.com/Good Sync/Eclips Projects/Moding Minecraft 1.12.2/Application/main/resources/assets/sxm/models/item/paint_brush.json
2018-04-04 01:42:48: Change Analyzed: gdrive://www.googleapis.com/Good Sync/Eclips Projects/Moding Minecraft 1.12.2/Application/main/resources/assets/sxm/models/item/tin_fence.json
2018-04-04 01:42:48: Change Analyzed: gdrive://www.googleapis.com/Good Sync/Eclips Projects/Moding Minecraft 1.12.2/Application/main/resources/assets/sxm/models/item/tin_door.json
2018-04-04 01:42:48: Change detected [0]: t=Modified path=/main/resources/assets/sxm/blockstates/tin_slab_half.json
2018-04-04 01:42:48: Change detected [0]: t=Modified path=/main/resources/assets/sxm/blockstates/tin_slab_half.json
2018-04-04 01:42:48: Change Analyzed: gdrive://www.googleapis.com/Good Sync/Eclips Projects/Moding Minecraft 1.12.2/Application/main/resources/assets/sxm/models/item/tin_chestplate.json
2018-04-04 01:42:48: Change Analyzed: gdrive://www.googleapis.com/Good Sync/Eclips Projects/Moding Minecraft 1.12.2/Application/main/resources/assets/sxm/models/item/tin_boots.json
2018-04-04 01:42:48: Change Analyzed: gdrive://www.googleapis.com/Good Sync/Eclips Projects/Moding Minecraft 1.12.2/Application/main/resources/assets/sxm/models/item/block_breaker_basic.json
2018-04-04 01:42:48: Change Analyzed: gdrive://www.googleapis.com/Good Sync/Eclips Projects/Moding Minecraft 1.12.2/Application/main/resources/assets/sxm/models/item/tin_block.json
2018-04-04 01:42:48: Change Analyzed: gdrive://www.googleapis.com/Good Sync/Eclips Projects/Moding Minecraft 1.12.2/Application/main/resources/assets/sxm/models/item/tin_axe.json
2018-04-04 01:42:48: Change Analyzed: gdrive://www.googleapis.com/Good Sync/Eclips Projects/Moding Minecraft 1.12.2/Application/main/resources/assets/sxm/models/block/tin_ore_overworld.json
2018-04-04 01:42:49: Change Analyzed: gdrive://www.googleapis.com/Good Sync/Eclips Projects/Moding Minecraft 1.12.2/Application/main/resources/assets/sxm/models/item/nice_biscuit.json
2018-04-04 01:42:49: Change Analyzed: gdrive://www.googleapis.com/Good Sync/Eclips Projects/Moding Minecraft 1.12.2/Application/main/resources/assets/sxm/models/item/tin_boots.json
2018-04-04 01:42:49: Change Analyzed: gdrive://www.googleapis.com/Good Sync/Eclips Projects/Moding Minecraft 1.12.2/Application/main/resources/assets/sxm/models/item/soul_stealer.json
2018-04-04 01:42:49: Change Analyzed: gdrive://www.googleapis.com/Good Sync/Eclips Projects/Moding Minecraft 1.12.2/Application/main/resources/assets/sxm/models/item/tin_axe.json
2018-04-04 01:42:49: Change Analyzed: gdrive://www.googleapis.com/Good Sync/Eclips Projects/Moding Minecraft 1.12.2/Application/main/resources/assets/sxm/models/item/tin_apple.json
2018-04-04 01:42:49: Change Analyzed: gdrive://www.googleapis.com/Good Sync/Eclips Projects/Moding Minecraft 1.12.2/Application/main/resources/assets/sxm/models/item/paint_brush.json
2018-04-04 01:42:49: Change Analyzed: gdrive://www.googleapis.com/Good Sync/Eclips Projects/Moding Minecraft 1.12.2/Application/main/resources/assets/sxm/models/item/soul_stealer.json
2018-04-04 01:42:49: Change Analyzed: gdrive://www.googleapis.com/Good Sync/Eclips Projects/Moding Minecraft 1.12.2/Application/main/resources/assets/sxm/models/item/nice_biscuit.json
2018-04-04 01:42:49: Change Analyzed: gdrive://www.googleapis.com/Good Sync/Eclips Projects/Moding Minecraft 1.12.2/Application/main/resources/assets/sxm/models/item/gamemode_detector.json
2018-04-04 01:42:49: Change Analyzed: gdrive://www.googleapis.com/Good Sync/Eclips Projects/Moding Minecraft 1.12.2/Application/main/resources/assets/sxm/models/item/machine_frame_basic.json
2018-04-04 01:42:49: Change Analyzed: gdrive://www.googleapis.com/Good Sync/Eclips Projects/Moding Minecraft 1.12.2/Application/main/resources/assets/sxm/models/item/infinity_flame.json
2018-04-04 01:42:50: Change Analyzed: gdrive://www.googleapis.com/Good Sync/Eclips Projects/Moding Minecraft 1.12.2/Application/main/resources/assets/sxm/models/item/machine_frame_advanced.json
2018-04-04 01:42:50: Change Analyzed: gdrive://www.googleapis.com/Good Sync/Eclips Projects/Moding Minecraft 1.12.2/Application/main/resources/assets/sxm/models/item/machine_frame_advanced.json
2018-04-04 01:42:50: Change detected [0]: t=Modified path=/main/resources/assets/sxm/blockstates/tin_stairs.json
2018-04-04 01:42:50: Change detected [0]: t=Modified path=/main/resources/assets/sxm/blockstates/tin_stairs.json
2018-04-04 01:42:50: Change Analyzed: gdrive://www.googleapis.com/Good Sync/Eclips Projects/Moding Minecraft 1.12.2/Application/main/resources/assets/sxm/models/item/infinity_flame.json
2018-04-04 01:42:50: Change Analyzed: gdrive://www.googleapis.com/Good Sync/Eclips Projects/Moding Minecraft 1.12.2/Application/main/resources/assets/sxm/models/item/heart.json
2018-04-04 01:42:50: Change Analyzed: gdrive://www.googleapis.com/Good Sync/Eclips Projects/Moding Minecraft 1.12.2/Application/main/resources/assets/sxm/models/item/heart.json
2018-04-04 01:42:50: Change Analyzed: gdrive://www.googleapis.com/Good Sync/Eclips Projects/Moding Minecraft 1.12.2/Application/main/resources/assets/sxm/models/item/gamemode_detector.json
2018-04-04 01:42:50: Change Analyzed: gdrive://www.googleapis.com/Good Sync/Eclips Projects/Moding Minecraft 1.12.2/Application/main/resources/assets/sxm/models/item/fabric.json
2018-04-04 01:42:50: Change Analyzed: gdrive://www.googleapis.com/Good Sync/Eclips Projects/Moding Minecraft 1.12.2/Application/main/resources/assets/sxm/models/item/cotton.json
2018-04-04 01:42:50: Change Analyzed: gdrive://www.googleapis.com/Good Sync/Eclips Projects/Moding Minecraft 1.12.2/Application/main/resources/assets/sxm/models/item/chip_basic.json
2018-04-04 01:42:51: Change Analyzed: gdrive://www.googleapis.com/Good Sync/Eclips Projects/Moding Minecraft 1.12.2/Application/main/resources/assets/sxm/models/item/chip_advanced.json
2018-04-04 01:42:51: Change Analyzed: gdrive://www.googleapis.com/Good Sync/Eclips Projects/Moding Minecraft 1.12.2/Application/main/resources/assets/sxm/models/item/cotton.json
2018-04-04 01:42:51: Change Analyzed: gdrive://www.googleapis.com/Good Sync/Eclips Projects/Moding Minecraft 1.12.2/Application/main/resources/assets/sxm/models/item/fabric.json
2018-04-04 01:42:51: Change Analyzed: gdrive://www.googleapis.com/Good Sync/Eclips Projects/Moding Minecraft 1.12.2/Application/main/resources/assets/sxm/models/block/tin_wall_gate_open.json
2018-04-04 01:42:51: Change Analyzed: gdrive://www.googleapis.com/Good Sync/Eclips Projects/Moding Minecraft 1.12.2/Application/main/resources/assets/sxm/models/item/block_breaker_advanced.json
2018-04-04 01:42:51: Change Analyzed: gdrive://www.googleapis.com/Good Sync/Eclips Projects/Moding Minecraft 1.12.2/Application/main/resources/assets/sxm/models/item/chip_advanced.json
2018-04-04 01:42:51: Change Analyzed: gdrive://www.googleapis.com/Good Sync/Eclips Projects/Moding Minecraft 1.12.2/Application/main/resources/assets/sxm/models/item/chip_basic.json
2018-04-04 01:42:51: Change Analyzed: gdrive://www.googleapis.com/Good Sync/Eclips Projects/Moding Minecraft 1.12.2/Application/main/resources/assets/sxm/models/item/canvas.json
2018-04-04 01:42:51: Change Analyzed: gdrive://www.googleapis.com/Good Sync/Eclips Projects/Moding Minecraft 1.12.2/Application/main/resources/assets/sxm/models/block/tin_pressure_plate_down.json
2018-04-04 01:42:52: Change Analyzed: gdrive://www.googleapis.com/Good Sync/Eclips Projects/Moding Minecraft 1.12.2/Application/main/resources/assets/sxm/models/item/block_breaker_basic.json
2018-04-04 01:42:52: Change Analyzed: gdrive://www.googleapis.com/Good Sync/Eclips Projects/Moding Minecraft 1.12.2/Application/main/resources/assets/sxm/models/block/tin_wall_gate_closed.json
2018-04-04 01:42:52: Change Analyzed: gdrive://www.googleapis.com/Good Sync/Eclips Projects/Moding Minecraft 1.12.2/Application/main/resources/assets/sxm/models/item/block_breaker_advanced.json
2018-04-04 01:42:52: Change Analyzed: gdrive://www.googleapis.com/Good Sync/Eclips Projects/Moding Minecraft 1.12.2/Application/main/resources/assets/sxm/models/block/tin_wall_gate_open.json
2018-04-04 01:42:52: Change Analyzed: gdrive://www.googleapis.com/Good Sync/Eclips Projects/Moding Minecraft 1.12.2/Application/main/resources/assets/sxm/models/block/tin_wall_gate_closed.json
2018-04-04 01:42:52: Change Analyzed: gdrive://www.googleapis.com/Good Sync/Eclips Projects/Moding Minecraft 1.12.2/Application/main/resources/assets/sxm/models/block/tin_stairs.json
2018-04-04 01:42:52: Change Analyzed: gdrive://www.googleapis.com/Good Sync/Eclips Projects/Moding Minecraft 1.12.2/Application/main/resources/assets/sxm/sounds.json
2018-04-04 01:42:52: Change Analyzed: gdrive://www.googleapis.com/Good Sync/Eclips Projects/Moding Minecraft 1.12.2/Application/main/resources/assets/sxm/models/item/tin_shovel.json
2018-04-04 01:42:52: Change Analyzed: gdrive://www.googleapis.com/Good Sync/Eclips Projects/Moding Minecraft 1.12.2/Application/main/resources/assets/sxm/models/item/tin_nugget.json
2018-04-04 01:42:52: Change Analyzed: gdrive://www.googleapis.com/Good Sync/Eclips Projects/Moding Minecraft 1.12.2/Application/main/resources/assets/sxm/sounds/block/tin_button/click_on.ogg
2018-04-04 01:42:52: Change Analyzed: gdrive://www.googleapis.com/Good Sync/Eclips Projects/Moding Minecraft 1.12.2/Application/main/resources/assets/sxm/sounds/block/tin_fence_gate/close.ogg
2018-04-04 01:42:53: Change Analyzed: gdrive://www.googleapis.com/Good Sync/Eclips Projects/Moding Minecraft 1.12.2/Application/main/resources/assets/sxm/models/block/tin_slab_top.json
2018-04-04 01:42:53: Change Analyzed: gdrive://www.googleapis.com/Good Sync/Eclips Projects/Moding Minecraft 1.12.2/Application/main/resources/assets/sxm/models/item/tin_slab_half.json
2018-04-04 01:42:53: Change detected [0]: t=Modified path=/main/resources/assets/sxm/blockstates/block_breaker.json
2018-04-04 01:42:53: Change detected [0]: t=Modified path=/main/resources/assets/sxm/blockstates/block_breaker.json
2018-04-04 01:42:53: Change Analyzed: gdrive://www.googleapis.com/Good Sync/Eclips Projects/Moding Minecraft 1.12.2/Application/main/resources/assets/sxm/sounds.json
2018-04-04 01:42:53: Change Analyzed: gdrive://www.googleapis.com/Good Sync/Eclips Projects/Moding Minecraft 1.12.2/Application/main/resources/assets/sxm/sounds/block/tin_fence_gate/open.ogg
2018-04-04 01:42:53: Change Analyzed: gdrive://www.googleapis.com/Good Sync/Eclips Projects/Moding Minecraft 1.12.2/Application/main/resources/assets/sxm/sounds/block/tin_button/click_off.ogg
2018-04-04 01:42:53: Change Analyzed: gdrive://www.googleapis.com/Good Sync/Eclips Projects/Moding Minecraft 1.12.2/Application/main/resources/assets/sxm/sounds/block/tin_fence_gate/close.ogg
2018-04-04 01:42:53: Change Analyzed: gdrive://www.googleapis.com/Good Sync/Eclips Projects/Moding Minecraft 1.12.2/Application/main/resources/assets/sxm/sounds/block/tin_fence_gate/open.ogg
2018-04-04 01:42:53: Change Analyzed: gdrive://www.googleapis.com/Good Sync/Eclips Projects/Moding Minecraft 1.12.2/Application/main/resources/assets/sxm/sounds/block/tin_button/click_on.ogg
2018-04-04 01:42:53: Change Analyzed: gdrive://www.googleapis.com/Good Sync/Eclips Projects/Moding Minecraft 1.12.2/Application/main/resources/assets/sxm/models/item/tin_ore_nether.json
2018-04-04 01:42:54: Change Analyzed: gdrive://www.googleapis.com/Good Sync/Eclips Projects/Moding Minecraft 1.12.2/Application/main/resources/assets/sxm/sounds/block/tin_button/click_off.ogg
2018-04-04 01:42:54: Change Analyzed: gdrive://www.googleapis.com/Good Sync/Eclips Projects/Moding Minecraft 1.12.2/Application/main/resources/assets/sxm/models/item/tin_sword.json
2018-04-04 01:42:54: Change Analyzed: gdrive://www.googleapis.com/Good Sync/Eclips Projects/Moding Minecraft 1.12.2/Application/main/resources/assets/sxm/models/item/tin_fence_gate.json
2018-04-04 01:42:54: Change Analyzed: gdrive://www.googleapis.com/Good Sync/Eclips Projects/Moding Minecraft 1.12.2/Application/main/resources/assets/sxm/models/item/tin_ore_overworld.json
2018-04-04 01:42:54: Change Analyzed: gdrive://www.googleapis.com/Good Sync/Eclips Projects/Moding Minecraft 1.12.2/Application/main/resources/assets/sxm/models/item/tin_button.json
2018-04-04 01:42:54: Change Analyzed: gdrive://www.googleapis.com/Good Sync/Eclips Projects/Moding Minecraft 1.12.2/Application/main/resources/assets/sxm/models/item/tin_pressure_plate.json
2018-04-04 01:42:54: Change Analyzed: gdrive://www.googleapis.com/Good Sync/Eclips Projects/Moding Minecraft 1.12.2/Application/main/resources/assets/sxm/models/item/tin_stick.json
2018-04-04 01:42:54: Change Analyzed: gdrive://www.googleapis.com/Good Sync/Eclips Projects/Moding Minecraft 1.12.2/Application/main/resources/assets/sxm/models/item/tin_sword.json
2018-04-04 01:42:55: Change Analyzed: gdrive://www.googleapis.com/Good Sync/Eclips Projects/Moding Minecraft 1.12.2/Application/main/resources/assets/sxm/models/item/tin_stairs.json
2018-04-04 01:42:55: Change Analyzed: gdrive://www.googleapis.com/Good Sync/Eclips Projects/Moding Minecraft 1.12.2/Application/main/resources/assets/sxm/models/item/tin_slab_half.json
2018-04-04 01:42:55: Change Analyzed: gdrive://www.googleapis.com/Good Sync/Eclips Projects/Moding Minecraft 1.12.2/Application/main/resources/assets/sxm/models/item/tin_stairs.json
2018-04-04 01:42:55: Change Analyzed: gdrive://www.googleapis.com/Good Sync/Eclips Projects/Moding Minecraft 1.12.2/Application/main/resources/assets/sxm/models/item/tin_shovel.json
2018-04-04 01:42:55: Change Analyzed: gdrive://www.googleapis.com/Good Sync/Eclips Projects/Moding Minecraft 1.12.2/Application/main/resources/assets/sxm/models/item/tin_pickaxe.json
2018-04-04 01:42:55: Change Analyzed: gdrive://www.googleapis.com/Good Sync/Eclips Projects/Moding Minecraft 1.12.2/Application/main/resources/assets/sxm/models/item/tin_pressure_plate.json
2018-04-04 01:42:55: Change Analyzed: gdrive://www.googleapis.com/Good Sync/Eclips Projects/Moding Minecraft 1.12.2/Application/main/resources/assets/sxm/models/item/tin_ore_end.json
2018-04-04 01:42:55: Change Analyzed: gdrive://www.googleapis.com/Good Sync/Eclips Projects/Moding Minecraft 1.12.2/Application/main/resources/assets/sxm/models/item/tin_chestplate.json
2018-04-04 01:42:55: Change Analyzed: gdrive://www.googleapis.com/Good Sync/Eclips Projects/Moding Minecraft 1.12.2/Application/main/resources/assets/sxm/models/item/tin_ore_overworld.json
2018-04-04 01:42:55: Change Analyzed: gdrive://www.googleapis.com/Good Sync/Eclips Projects/Moding Minecraft 1.12.2/Application/main/resources/assets/sxm/models/item/tin_pickaxe.json
2018-04-04 01:42:56: Change Analyzed: gdrive://www.googleapis.com/Good Sync/Eclips Projects/Moding Minecraft 1.12.2/Application/main/resources/assets/sxm/models/item/tin_leggings.json
2018-04-04 01:42:56: Change Analyzed: gdrive://www.googleapis.com/Good Sync/Eclips Projects/Moding Minecraft 1.12.2/Application/main/resources/assets/sxm/models/item/tin_ore_nether.json
2018-04-04 01:42:56: Change Analyzed: gdrive://www.googleapis.com/Good Sync/Eclips Projects/Moding Minecraft 1.12.2/Application/main/resources/assets/sxm/models/item/tin_ore.json
2018-04-04 01:42:56: Change Analyzed: gdrive://www.googleapis.com/Good Sync/Eclips Projects/Moding Minecraft 1.12.2/Application/main/resources/assets/sxm/models/item/tin_hoe.json
2018-04-04 01:42:56: Change Analyzed: gdrive://www.googleapis.com/Good Sync/Eclips Projects/Moding Minecraft 1.12.2/Application/main/resources/assets/sxm/models/item/tin_ore_end.json
2018-04-04 01:42:56: Change Analyzed: gdrive://www.googleapis.com/Good Sync/Eclips Projects/Moding Minecraft 1.12.2/Application/main/resources/assets/sxm/models/item/tin_helmet.json
2018-04-04 01:42:56: Change Analyzed: gdrive://www.googleapis.com/Good Sync/Eclips Projects/Moding Minecraft 1.12.2/Application/main/resources/assets/sxm/models/item/tin_ingot.json
2018-04-04 01:42:56: Change Analyzed: gdrive://www.googleapis.com/Good Sync/Eclips Projects/Moding Minecraft 1.12.2/Application/main/resources/assets/sxm/models/item/tin_door.json
2018-04-04 01:42:56: Change Analyzed: gdrive://www.googleapis.com/Good Sync/Eclips Projects/Moding Minecraft 1.12.2/Application/main/resources/assets/sxm/models/item/tin_fence.json
2018-04-04 01:42:56: Change Analyzed: gdrive://www.googleapis.com/Good Sync/Eclips Projects/Moding Minecraft 1.12.2/Application/main/resources/assets/sxm/models/item/tin_nugget.json
2018-04-04 01:42:57: Change Analyzed: gdrive://www.googleapis.com/Good Sync/Eclips Projects/Moding Minecraft 1.12.2/Application/main/resources/assets/sxm/models/item/tin_ore.json
2018-04-04 01:42:57: Change Analyzed: gdrive://www.googleapis.com/Good Sync/Eclips Projects/Moding Minecraft 1.12.2/Application/main/resources/assets/sxm/models/item/tin_leggings.json
2018-04-04 01:42:57: Change detected [0]: t=Modified path=/main/resources/assets/sxm/blockstates/tin_ore.json
2018-04-04 01:42:57: Change detected [0]: t=Modified path=/main/resources/assets/sxm/blockstates/tin_ore.json
2018-04-04 01:42:57: Change Analyzed: gdrive://www.googleapis.com/Good Sync/Eclips Projects/Moding Minecraft 1.12.2/Application/main/resources/assets/sxm/models/item/tin_hoe.json
2018-04-04 01:42:57: Change Analyzed: gdrive://www.googleapis.com/Good Sync/Eclips Projects/Moding Minecraft 1.12.2/Application/main/resources/assets/sxm/models/item/tin_stick.json
2018-04-04 01:42:57: On disk file:///S: space required for sync is 0 bytes, you have 1.25 TB
2018-04-04 01:42:57: On disk gdrive://www.googleapis.com space required for sync is 27.0 KB, you have 12.4 GB
2018-04-04 01:42:58: Changes: 15, Conflicts: 0, CopyTime: 0, FixState: 0, Errors: 0, All: 22336
2018-04-04 01:42:58: Left to Right: Copy File: 15 
2018-04-04 01:42:58: -- Analysis Complete. Time 00:00:24, Speed: 23 files/s
2018-04-04 01:42:58: == Sync Started by On File Change, After Delay, Under Runner
2018-04-04 01:42:58: Mod Sync: SYNC started by On File Change, After Delay, Under Runner on 'SENPAI_DESKTOP'
2018-04-04 01:42:58: =Data Storage:\Documents\MinecraftModding\xcraftmod\src (S:/Documents/MinecraftModding/xcraftmod/src) [TmpDest] <-> gdrive://www.googleapis.com/Good Sync/Eclips Projects/Moding Minecraft 1.12.2/Application [DirDest], RecycleTo_RecycleBin, SaveDays_RecycleBin=30d, ReconnectSecs=120, SyncWorkerThreads=99, OnFileChange Delay=5, Unattended, WaitForLocksMin=20, ResolveConflicts=NewerFileWins, AutoClear, LinksIgnore
2018-04-04 01:42:58: File Systems limited number of parallel threads to 20
2018-04-04 01:42:58: Start only 15 threads, limited by tasks to run
2018-04-04 01:42:59: Change detected [0]: t=Modified path=/main/resources/assets/sxm/blockstates/tin_fence_gate.json
2018-04-04 01:42:59: Change detected [0]: t=Modified path=/main/resources/assets/sxm/blockstates/tin_fence_gate.json
2018-04-04 01:43:00: Change detected [0]: t=Modified path=/main/resources/assets/sxm/blockstates/tin_fence.json
2018-04-04 01:43:00: Change detected [0]: t=Modified path=/main/resources/assets/sxm/blockstates/tin_fence.json
2018-04-04 01:43:00: S:/Documents/MinecraftModding/xcraftmod/src/main/resources/assets/sxm/blockstates/block_breaker.json: Source file has changed between Analyze and Sync from '[file] size=2408 accu-time=2017-06-26 04:03:26 attr=Archive cktype=0' to 'size=2408 time=2018-04-04 01:42:52', noted in source file state
2018-04-04 01:43:00: Copy New 'S:/Documents/MinecraftModding/xcraftmod/src/main/resources/assets/sxm/blockstates/block_breaker.json' -> 'gdrive://www.googleapis.com/Good Sync/Eclips Projects/Moding Minecraft 1.12.2/Application/main/resources/assets/sxm/blockstates/block_breaker.json' (2408)
2018-04-04 01:43:00: Copy New 'S:/Documents/MinecraftModding/xcraftmod/src/main/resources/assets/sxm/blockstates/cotton.json' -> 'gdrive://www.googleapis.com/Good Sync/Eclips Projects/Moding Minecraft 1.12.2/Application/main/resources/assets/sxm/blockstates/cotton.json' (435)
2018-04-04 01:43:01: Change detected [0]: t=Modified path=/main/resources/assets/sxm/blockstates/tin_door.json
2018-04-04 01:43:01: Change detected [0]: t=Modified path=/main/resources/assets/sxm/blockstates/tin_door.json
2018-04-04 01:43:01: Copy New 'S:/Documents/MinecraftModding/xcraftmod/src/main/resources/assets/sxm/blockstates/canvas.json' -> 'gdrive://www.googleapis.com/Good Sync/Eclips Projects/Moding Minecraft 1.12.2/Application/main/resources/assets/sxm/blockstates/canvas.json' (59)
2018-04-04 01:43:02: Copy New 'S:/Documents/MinecraftModding/xcraftmod/src/main/resources/assets/sxm/blockstates/gamemode_detector.json' -> 'gdrive://www.googleapis.com/Good Sync/Eclips Projects/Moding Minecraft 1.12.2/Application/main/resources/assets/sxm/blockstates/gamemode_detector.json' (70)
2018-04-04 01:43:03: Change detected [0]: t=Modified path=/main/resources/assets/sxm/blockstates/tin_button.json
2018-04-04 01:43:03: Change detected [0]: t=Modified path=/main/resources/assets/sxm/blockstates/tin_button.json
2018-04-04 01:43:03: Copy New 'S:/Documents/MinecraftModding/xcraftmod/src/main/resources/assets/sxm/blockstates/tin_block.json' -> 'gdrive://www.googleapis.com/Good Sync/Eclips Projects/Moding Minecraft 1.12.2/Application/main/resources/assets/sxm/blockstates/tin_block.json' (62)
2018-04-04 01:43:04: Change detected [0]: t=Modified path=/main/resources/assets/sxm/blockstates/tin_block.json
2018-04-04 01:43:04: Change detected [0]: t=Modified path=/main/resources/assets/sxm/blockstates/tin_block.json
2018-04-04 01:43:04: S:/Documents/MinecraftModding/xcraftmod/src/main/resources/assets/sxm/blockstates/tin_fence.json: Source file has changed between Analyze and Sync from '[file] size=535 accu-time=2017-06-26 04:03:26 attr=Archive cktype=0' to 'size=535 time=2018-04-04 01:42:59', noted in source file state
2018-04-04 01:43:04: Copy New 'S:/Documents/MinecraftModding/xcraftmod/src/main/resources/assets/sxm/blockstates/tin_fence.json' -> 'gdrive://www.googleapis.com/Good Sync/Eclips Projects/Moding Minecraft 1.12.2/Application/main/resources/assets/sxm/blockstates/tin_fence.json' (535)
2018-04-04 01:43:05: Copy New 'S:/Documents/MinecraftModding/xcraftmod/src/main/resources/assets/sxm/blockstates/tin_button.json' -> 'gdrive://www.googleapis.com/Good Sync/Eclips Projects/Moding Minecraft 1.12.2/Application/main/resources/assets/sxm/blockstates/tin_button.json' (1245)
2018-04-04 01:43:05: S:/Documents/MinecraftModding/xcraftmod/src/main/resources/assets/sxm/blockstates/tin_ore.json: Source file has changed between Analyze and Sync from '[file] size=176 accu-time=2017-06-26 04:03:26 attr=Archive cktype=0' to 'size=176 time=2018-04-04 01:42:56', noted in source file state
2018-04-04 01:43:05: Copy New 'S:/Documents/MinecraftModding/xcraftmod/src/main/resources/assets/sxm/blockstates/tin_ore.json' -> 'gdrive://www.googleapis.com/Good Sync/Eclips Projects/Moding Minecraft 1.12.2/Application/main/resources/assets/sxm/blockstates/tin_ore.json' (176)
2018-04-04 01:43:05: Copy New 'S:/Documents/MinecraftModding/xcraftmod/src/main/resources/assets/sxm/blockstates/machine_frame.json' -> 'gdrive://www.googleapis.com/Good Sync/Eclips Projects/Moding Minecraft 1.12.2/Application/main/resources/assets/sxm/blockstates/machine_frame.json' (138)
2018-04-04 01:43:05: S:/Documents/MinecraftModding/xcraftmod/src/main/resources/assets/sxm/blockstates/tin_pressure_plate.json: Source file has changed between Analyze and Sync from '[file] size=1039 accu-time=2017-06-26 04:03:26 attr=Archive cktype=0' to 'size=1039 time=2018-04-04 01:42:42', noted in source file state
2018-04-04 01:43:05: Copy New 'S:/Documents/MinecraftModding/xcraftmod/src/main/resources/assets/sxm/blockstates/tin_pressure_plate.json' -> 'gdrive://www.googleapis.com/Good Sync/Eclips Projects/Moding Minecraft 1.12.2/Application/main/resources/assets/sxm/blockstates/tin_pressure_plate.json' (1039)
2018-04-04 01:43:06: S:/Documents/MinecraftModding/xcraftmod/src/main/resources/assets/sxm/blockstates/tin_door.json: Source file has changed between Analyze and Sync from '[file] size=3235 accu-time=2017-06-26 04:03:26 attr=Archive cktype=0' to 'size=3235 time=2018-04-04 01:43:00', noted in source file state
2018-04-04 01:43:06: Copy New 'S:/Documents/MinecraftModding/xcraftmod/src/main/resources/assets/sxm/blockstates/tin_door.json' -> 'gdrive://www.googleapis.com/Good Sync/Eclips Projects/Moding Minecraft 1.12.2/Application/main/resources/assets/sxm/blockstates/tin_door.json' (3235)
2018-04-04 01:43:06: S:/Documents/MinecraftModding/xcraftmod/src/main/resources/assets/sxm/blockstates/tin_stairs.json: Source file has changed between Analyze and Sync from '[file] size=4569 accu-time=2017-06-26 04:03:26 attr=Archive cktype=0' to 'size=4569 time=2018-04-04 01:42:49', noted in source file state
2018-04-04 01:43:06: Copy New 'S:/Documents/MinecraftModding/xcraftmod/src/main/resources/assets/sxm/blockstates/tin_stairs.json' -> 'gdrive://www.googleapis.com/Good Sync/Eclips Projects/Moding Minecraft 1.12.2/Application/main/resources/assets/sxm/blockstates/tin_stairs.json' (4569)
2018-04-04 01:43:06: S:/Documents/MinecraftModding/xcraftmod/src/main/resources/assets/sxm/blockstates/tin_slab_double.json: Source file has changed between Analyze and Sync from '[file] size=123 accu-time=2017-06-26 04:03:26 attr=Archive cktype=0' to 'size=123 time=2018-04-04 01:42:45', noted in source file state
2018-04-04 01:43:06: Copy New 'S:/Documents/MinecraftModding/xcraftmod/src/main/resources/assets/sxm/blockstates/tin_slab_double.json' -> 'gdrive://www.googleapis.com/Good Sync/Eclips Projects/Moding Minecraft 1.12.2/Application/main/resources/assets/sxm/blockstates/tin_slab_double.json' (123)
2018-04-04 01:43:06: S:/Documents/MinecraftModding/xcraftmod/src/main/resources/assets/sxm/blockstates/tin_fence_gate.json: Source file has changed between Analyze and Sync from '[file] size=1815 accu-time=2017-06-26 04:03:26 attr=Archive cktype=0' to 'size=1815 time=2018-04-04 01:42:58', noted in source file state
2018-04-04 01:43:06: Copy New 'S:/Documents/MinecraftModding/xcraftmod/src/main/resources/assets/sxm/blockstates/tin_fence_gate.json' -> 'gdrive://www.googleapis.com/Good Sync/Eclips Projects/Moding Minecraft 1.12.2/Application/main/resources/assets/sxm/blockstates/tin_fence_gate.json' (1815)
2018-04-04 01:43:07: S:/Documents/MinecraftModding/xcraftmod/src/main/resources/assets/sxm/blockstates/tin_slab_half.json: Source file has changed between Analyze and Sync from '[file] size=138 accu-time=2017-06-26 04:03:26 attr=Archive cktype=0' to 'size=138 time=2018-04-04 01:42:47', noted in source file state
2018-04-04 01:43:07: Copy New 'S:/Documents/MinecraftModding/xcraftmod/src/main/resources/assets/sxm/blockstates/tin_slab_half.json' -> 'gdrive://www.googleapis.com/Good Sync/Eclips Projects/Moding Minecraft 1.12.2/Application/main/resources/assets/sxm/blockstates/tin_slab_half.json' (138)
2018-04-04 01:43:07: Change detected [1]: t=Modified path=/main/resources/assets/sxm/blockstates/tin_slab_half.json
2018-04-04 01:43:07: Save State File S:/Documents/MinecraftModding/xcraftmod/src/_gsdata_/_file_state_v4._gs
2018-04-04 01:43:08: Change detected [1]: t=Modified path=/main/resources/assets/sxm/blockstates/tin_stairs.json
2018-04-04 01:43:08: Change detected [1]: t=Modified path=/main/resources/assets/sxm/blockstates/tin_fence_gate.json
2018-04-04 01:43:08: Change detected [1]: t=Modified path=/main/resources/assets/sxm/blockstates/tin_slab_double.json
2018-04-04 01:43:08: Change detected [1]: t=Created path=/main/resources/assets/sxm/blockstates/tin_slab_half.json
2018-04-04 01:43:08: Change detected [1]: t=Created path=/main/resources/assets/sxm/blockstates/tin_stairs.json
2018-04-04 01:43:08: Change detected [1]: t=Modified path=/main/resources/assets/sxm/blockstates/tin_pressure_plate.json
2018-04-04 01:43:08: Change detected [1]: t=Created path=/main/resources/assets/sxm/blockstates/tin_fence_gate.json
2018-04-04 01:43:08: Change detected [1]: t=Modified path=/main/resources/assets/sxm/blockstates/tin_ore.json
2018-04-04 01:43:09: Change detected [1]: t=Created path=/main/resources/assets/sxm/blockstates/tin_slab_double.json
2018-04-04 01:43:09: Change detected [1]: t=Modified path=/main/resources/assets/sxm/blockstates/tin_button.json
2018-04-04 01:43:09: Change detected [1]: t=Modified path=/main/resources/assets/sxm/blockstates/machine_frame.json
2018-04-04 01:43:09: Change detected [1]: t=Modified path=/main/resources/assets/sxm/blockstates/tin_door.json
2018-04-04 01:43:09: Change detected [1]: t=Modified path=/main/resources/assets/sxm/blockstates/tin_fence.json
2018-04-04 01:43:09: Change detected [1]: t=Created path=/main/resources/assets/sxm/blockstates/tin_pressure_plate.json
2018-04-04 01:43:09: Change detected [1]: t=Created path=/main/resources/assets/sxm/blockstates/tin_ore.json
2018-04-04 01:43:09: Change detected [1]: t=Created path=/main/resources/assets/sxm/blockstates/tin_fence.json
2018-04-04 01:43:09: Change detected [1]: t=Created path=/main/resources/assets/sxm/blockstates/tin_button.json
2018-04-04 01:43:09: Change detected [1]: t=Modified path=/main/resources/assets/sxm/blockstates/tin_block.json
2018-04-04 01:43:10: Change detected [1]: t=Created path=/main/resources/assets/sxm/blockstates/tin_door.json
2018-04-04 01:43:10: Change detected [1]: t=Created path=/main/resources/assets/sxm/blockstates/machine_frame.json
2018-04-04 01:43:10: Change detected [1]: t=Modified path=/main/resources/assets/sxm/blockstates/gamemode_detector.json
2018-04-04 01:43:10: Change detected [1]: t=Created path=/main/resources/assets/sxm/blockstates/tin_block.json
2018-04-04 01:43:10: Change detected [1]: t=Created path=/main/resources/assets/sxm/blockstates/gamemode_detector.json
2018-04-04 01:43:10: Change detected [1]: t=Modified path=/main/resources/assets/sxm/blockstates/cotton.json
2018-04-04 01:43:10: Change detected [1]: t=Modified path=/main/resources/assets/sxm/blockstates/canvas.json
2018-04-04 01:43:10: Change detected [1]: t=Created path=/main/resources/assets/sxm/blockstates/cotton.json
2018-04-04 01:43:10: Change detected [1]: t=Created path=/main/resources/assets/sxm/blockstates/canvas.json
2018-04-04 01:43:11: Change detected [1]: t=Modified path=/main/resources/assets/sxm/blockstates/block_breaker.json
2018-04-04 01:43:11: Change detected [1]: t=Created path=/main/resources/assets/sxm/blockstates/block_breaker.json
2018-04-04 01:43:12: Save State File gdrive://www.googleapis.com/Good Sync/Eclips Projects/Moding Minecraft 1.12.2/Application/_gsdata_/_file_state_v4._gs
2018-04-04 01:43:12: Cleanup recycled files in S:/Documents/MinecraftModding/xcraftmod/src/_gsdata_/_saved_
2018-04-04 01:43:12: Load Recycled DB: S:/Documents/MinecraftModding/xcraftmod/src/_gsdata_/_recycled_db._gs
2018-04-04 01:43:12: Deleted old log file C:/Users/Senpai/AppData/Roaming/GoodSync/_mirrors_/file-=Data Storage-Documents-MinecraftModding-xcraftmod-src/2018-0328-014209-SENPAI_DESKTOP-Runner-Mod Sync.log
2018-04-04 01:43:12: Deleted old log file C:/Users/Senpai/AppData/Roaming/GoodSync/_mirrors_/file-=Data Storage-Documents-MinecraftModding-xcraftmod-src/2018-0328-014239-SENPAI_DESKTOP-Runner-Mod Sync.log
2018-04-04 01:43:12: Cleanup old logs in S:/Documents/MinecraftModding/xcraftmod/src/_gsdata_
2018-04-04 01:43:12: Delete log file S:/Documents/MinecraftModding/xcraftmod/src/_gsdata_/2018-0328-014209-SENPAI_DESKTOP-Runner-Mod Sync.log
2018-04-04 01:43:12: Delete log file S:/Documents/MinecraftModding/xcraftmod/src/_gsdata_/2018-0328-014239-SENPAI_DESKTOP-Runner-Mod Sync.log
2018-04-04 01:43:12: Cleanup recycled files in gdrive://www.googleapis.com/Good Sync/Eclips Projects/Moding Minecraft 1.12.2/Application/_gsdata_/_saved_
2018-04-04 01:43:13: Load Recycled DB: gdrive://www.googleapis.com/Good Sync/Eclips Projects/Moding Minecraft 1.12.2/Application/_gsdata_/_recycled_db._gs
2018-04-04 01:43:13: Deleted old log file C:/Users/Senpai/AppData/Roaming/GoodSync/_mirrors_/gdrive-Wicky_Gustave-0AGIAX4LCOy-XUk9PVA@www.googleapis.com-Good Sync-Eclips Projects-Moding Minecraft 1.12.2-Application/2018-0328-014209-SENPAI_DESKTOP-Runner-Mod Sync.log
2018-04-04 01:43:13: Deleted old log file C:/Users/Senpai/AppData/Roaming/GoodSync/_mirrors_/gdrive-Wicky_Gustave-0AGIAX4LCOy-XUk9PVA@www.googleapis.com-Good Sync-Eclips Projects-Moding Minecraft 1.12.2-Application/2018-0328-014239-SENPAI_DESKTOP-Runner-Mod Sync.log
2018-04-04 01:43:13: Cleanup old logs in gdrive://www.googleapis.com/Good Sync/Eclips Projects/Moding Minecraft 1.12.2/Application/_gsdata_
2018-04-04 01:43:13: Delete log file gdrive://www.googleapis.com/Good Sync/Eclips Projects/Moding Minecraft 1.12.2/Application/_gsdata_/2018-0328-014209-SENPAI_DESKTOP-Runner-Mod Sync.log
2018-04-04 01:43:14: Delete log file gdrive://www.googleapis.com/Good Sync/Eclips Projects/Moding Minecraft 1.12.2/Application/_gsdata_/2018-0328-014239-SENPAI_DESKTOP-Runner-Mod Sync.log
2018-04-04 01:43:14: == Sync Complete. Time: 00:00:16, Speed: 12.6 KB/s, OK: 15, Errors: 0
2018-04-04 01:43:14: Unlocking folder S:/Documents/MinecraftModding/xcraftmod/src/_gsdata_/lock.gsl
2018-04-04 01:43:14: Unlocking folder gdrive://www.googleapis.com/Good Sync/Eclips Projects/Moding Minecraft 1.12.2/Application/_gsdata_/lock.gsl
2018-04-04 01:43:16: 
