2018-04-04 00:43:33: Connected to S:\Documents\MinecraftModding\xcraftmod\src: S: NTFS: type=NTFS vol=Data Storage flags=3E706FF
2018-04-04 00:43:33: Connected to gdrive://www.googleapis.com/Good Sync/Eclips Projects/Moding Minecraft 1.12.2/Application
2018-04-04 00:43:34: Incremental Analyze for On File Change
2018-04-04 00:43:34: -- Analysis Started by On File Change, After Delay, Under Runner
2018-04-04 00:43:34: Mod Sync: ANALYSIS started by On File Change, After Delay, Under Runner on 'SENPAI_DESKTOP' (GoodSync 10.8.1.1)
2018-04-04 00:43:34: =Data Storage:\Documents\MinecraftModding\xcraftmod\src (S:/Documents/MinecraftModding/xcraftmod/src) [TmpDest] <-> gdrive://www.googleapis.com/Good Sync/Eclips Projects/Moding Minecraft 1.12.2/Application [DirDest], RecycleTo_RecycleBin, SaveDays_RecycleBin=30d, ReconnectSecs=120, SyncWorkerThreads=99, OnFileChange Delay=5, Unattended, WaitForLocksMin=20, ResolveConflicts=NewerFileWins, AutoClear, LinksIgnore
2018-04-04 00:43:34: Exclude Hidden, Exclude System, Exclude name *._gstmp|/System Volume Information|Thumbs.db|.DS_Store 
2018-04-04 00:43:34: Locking folder S:/Documents/MinecraftModding/xcraftmod/src for write
2018-04-04 00:43:34: Change Analyzed: S:/Documents/MinecraftModding/xcraftmod/src/main/java/com/senpai/objects/items/ItemHeart.java
2018-04-04 00:43:34: Change Analyzed: S:/Documents/MinecraftModding/xcraftmod/src/main/java/com/senpai/objects/items/ItemHeart.java
2018-04-04 00:43:34: Change Analyzed: S:/Documents/MinecraftModding/xcraftmod/src/main/java/com/senpai/objects/items/ItemPaintBrush.java
2018-04-04 00:43:34: Change Analyzed: S:/Documents/MinecraftModding/xcraftmod/src/main/java/com/senpai/objects/items/ItemPaintBrush.java
2018-04-04 00:43:34: Change Analyzed: S:/Documents/MinecraftModding/xcraftmod/src/main/java/com/senpai/objects/items/ItemTinIngot.java
2018-04-04 00:43:34: Change Analyzed: S:/Documents/MinecraftModding/xcraftmod/src/main/java/com/senpai/objects/items/ItemTinIngot.java
2018-04-04 00:43:34: Change Analyzed: S:/Documents/MinecraftModding/xcraftmod/src/main/java/com/senpai/objects/items/ToolSoulStealer.java
2018-04-04 00:43:34: Change Analyzed: S:/Documents/MinecraftModding/xcraftmod/src/main/java/com/senpai/objects/items/ToolSoulStealer.java
2018-04-04 00:43:34: Change Analyzed: S:/Documents/MinecraftModding/xcraftmod/src/main/java/com/senpai/objects/items/ItemTinIngot.java
2018-04-04 00:43:34: Change Analyzed: S:/Documents/MinecraftModding/xcraftmod/src/main/java/com/senpai/items/basic/ItemTinIngot.java
2018-04-04 00:43:34: Change Analyzed: S:/Documents/MinecraftModding/xcraftmod/src/main/java/com/senpai/items/basic/ItemTinIngot.java
2018-04-04 00:43:34: Change Analyzed: S:/Documents/MinecraftModding/xcraftmod/src/main/java/com/senpai/items/basic/ItemTinIngot.java
2018-04-04 00:43:34: Change Analyzed: S:/Documents/MinecraftModding/xcraftmod/src/main/java/com/senpai/objects/items/ItemHeart.java
2018-04-04 00:43:34: Change Analyzed: S:/Documents/MinecraftModding/xcraftmod/src/main/java/com/senpai/items/basic/ItemHeart.java
2018-04-04 00:43:34: Change Analyzed: S:/Documents/MinecraftModding/xcraftmod/src/main/java/com/senpai/items/basic/ItemHeart.java
2018-04-04 00:43:34: Change Analyzed: S:/Documents/MinecraftModding/xcraftmod/src/main/java/com/senpai/items/basic/ItemHeart.java
2018-04-04 00:43:34: Change Analyzed: S:/Documents/MinecraftModding/xcraftmod/src/main/java/com/senpai/items/basic/ItemPaintBrush.java
2018-04-04 00:43:34: Change Analyzed: S:/Documents/MinecraftModding/xcraftmod/src/main/java/com/senpai/objects/items/ItemPaintBrush.java
2018-04-04 00:43:34: Change Analyzed: S:/Documents/MinecraftModding/xcraftmod/src/main/java/com/senpai/items/basic/ItemPaintBrush.java
2018-04-04 00:43:34: Change Analyzed: S:/Documents/MinecraftModding/xcraftmod/src/main/java/com/senpai/items/basic/ItemPaintBrush.java
2018-04-04 00:43:34: Change Analyzed: S:/Documents/MinecraftModding/xcraftmod/src/main/java/com/senpai/items/basic/ItemPaintBrush.java
2018-04-04 00:43:34: Locking folder gdrive://www.googleapis.com/Good Sync/Eclips Projects/Moding Minecraft 1.12.2/Application for write
2018-04-04 00:43:34: Change detected [0]: t=Deleted path=/main/java/com/senpai/objects/items/ToolSoulStealer.java
2018-04-04 00:43:34: Change detected [0]: t=Created path=/main/java/com/senpai/items/tool/ToolSoulStealer.java
2018-04-04 00:43:34: Change detected [0]: t=Modified path=/main/java/com/senpai/items/tool/ToolSoulStealer.java
2018-04-04 00:43:34: Change detected [0]: t=Modified path=/main/java/com/senpai/items/tool/ToolSoulStealer.java
2018-04-04 00:43:36: On disk file:///S: space required for sync is 0 bytes, you have 1.25 TB
2018-04-04 00:43:36: On disk gdrive://www.googleapis.com space required for sync is 7.00 KB, you have 12.4 GB
2018-04-04 00:43:36: Changes: 7, Conflicts: 0, CopyTime: 0, FixState: 0, Errors: 0, All: 22177
2018-04-04 00:43:36: Left to Right: Copy File: 4 Delete File: 3 
2018-04-04 00:43:36: -- Analysis Complete. Time 00:00:04, Speed: 107 files/s
2018-04-04 00:43:36: == Sync Started by On File Change, After Delay, Under Runner
2018-04-04 00:43:36: Mod Sync: SYNC started by On File Change, After Delay, Under Runner on 'SENPAI_DESKTOP'
2018-04-04 00:43:36: =Data Storage:\Documents\MinecraftModding\xcraftmod\src (S:/Documents/MinecraftModding/xcraftmod/src) [TmpDest] <-> gdrive://www.googleapis.com/Good Sync/Eclips Projects/Moding Minecraft 1.12.2/Application [DirDest], RecycleTo_RecycleBin, SaveDays_RecycleBin=30d, ReconnectSecs=120, SyncWorkerThreads=99, OnFileChange Delay=5, Unattended, WaitForLocksMin=20, ResolveConflicts=NewerFileWins, AutoClear, LinksIgnore
2018-04-04 00:43:38: Load Recycled DB: gdrive://www.googleapis.com/Good Sync/Eclips Projects/Moding Minecraft 1.12.2/Application/_gsdata_/_recycled_db._gs
2018-04-04 00:43:38: Delete File 'gdrive://www.googleapis.com/Good Sync/Eclips Projects/Moding Minecraft 1.12.2/Application/main/java/com/senpai/objects/items/ItemHeart.java'
2018-04-04 00:43:39: Delete File 'gdrive://www.googleapis.com/Good Sync/Eclips Projects/Moding Minecraft 1.12.2/Application/main/java/com/senpai/objects/items/ItemPaintBrush.java'
2018-04-04 00:43:40: Delete File 'gdrive://www.googleapis.com/Good Sync/Eclips Projects/Moding Minecraft 1.12.2/Application/main/java/com/senpai/objects/items/ItemTinIngot.java'
2018-04-04 00:43:40: File Systems limited number of parallel threads to 20
2018-04-04 00:43:40: Start only 4 threads, limited by tasks to run
2018-04-04 00:43:43: Change detected [1]: t=Modified path=/main/java/com/senpai/items/basic/ItemHeart.java
2018-04-04 00:43:43: Change detected [1]: t=Created path=/main/java/com/senpai/items/basic/ItemTinIngot.java
2018-04-04 00:43:43: Change detected [1]: t=Created path=/main/java/com/senpai/items/basic/ItemHeart.java
2018-04-04 00:43:43: Change detected [1]: t=MovedFrom path=/main/java/com/senpai/objects/items/ItemTinIngot.java
2018-04-04 00:43:43: Change detected [1]: t=MovedFrom path=/main/java/com/senpai/objects/items/ItemPaintBrush.java
2018-04-04 00:43:43: Change detected [1]: t=MovedFrom path=/main/java/com/senpai/objects/items/ItemHeart.java
2018-04-04 00:43:44: Copy New 'S:/Documents/MinecraftModding/xcraftmod/src/main/java/com/senpai/items/basic/ItemTinIngot.java' -> 'gdrive://www.googleapis.com/Good Sync/Eclips Projects/Moding Minecraft 1.12.2/Application/main/java/com/senpai/items/basic/ItemTinIngot.java' (297)
2018-04-04 00:43:44: Copy Over 'S:/Documents/MinecraftModding/xcraftmod/src/main/java/com/senpai/objects/items/ToolSoulStealer.java' -> 'gdrive://www.googleapis.com/Good Sync/Eclips Projects/Moding Minecraft 1.12.2/Application/main/java/com/senpai/objects/items/ToolSoulStealer.java' (1541)
- ERROR: Copying file: Cannot open local file 'S:/Documents/MinecraftModding/xcraftmod/src/main/java/com/senpai/objects/items/ToolSoulStealer.java' for read: The system cannot find the file specified.  (error 2)
2018-04-04 00:43:45: Copy New 'S:/Documents/MinecraftModding/xcraftmod/src/main/java/com/senpai/items/basic/ItemHeart.java' -> 'gdrive://www.googleapis.com/Good Sync/Eclips Projects/Moding Minecraft 1.12.2/Application/main/java/com/senpai/items/basic/ItemHeart.java' (1881)
2018-04-04 00:43:46: Copy Over 'S:/Documents/MinecraftModding/xcraftmod/src/main/java/com/senpai/items/basic/ItemPaintBrush.java' -> 'gdrive://www.googleapis.com/Good Sync/Eclips Projects/Moding Minecraft 1.12.2/Application/main/java/com/senpai/items/basic/ItemPaintBrush.java' (1277)
2018-04-04 00:43:46: Save State File S:/Documents/MinecraftModding/xcraftmod/src/_gsdata_/_file_state_v4._gs
2018-04-04 00:43:46: Change detected [0]: t=Deleted path=/main/java/com/senpai/objects/blocks/machines/engineering
2018-04-04 00:43:46: Change detected [0]: t=Modified path=/main/java/com/senpai/objects/blocks/machines
2018-04-04 00:43:46: Change detected [0]: t=Deleted path=/main/java/com/senpai/objects/blocks/machines
2018-04-04 00:43:46: Change detected [0]: t=Modified path=/main/java/com/senpai/objects/blocks
2018-04-04 00:43:46: Change detected [0]: t=Deleted path=/main/java/com/senpai/objects/blocks
2018-04-04 00:43:49: Save State File gdrive://www.googleapis.com/Good Sync/Eclips Projects/Moding Minecraft 1.12.2/Application/_gsdata_/_file_state_v4._gs
2018-04-04 00:43:49: Sync finished with 1 errors. Click Errors button to see sync errors
2018-04-04 00:43:49: Cleanup recycled files in S:/Documents/MinecraftModding/xcraftmod/src/_gsdata_/_saved_
2018-04-04 00:43:49: Load Recycled DB: S:/Documents/MinecraftModding/xcraftmod/src/_gsdata_/_recycled_db._gs
2018-04-04 00:43:49: Deleted old log file C:/Users/Senpai/AppData/Roaming/GoodSync/_mirrors_/file-=Data Storage-Documents-MinecraftModding-xcraftmod-src/2018-0328-004238-SENPAI_DESKTOP-Runner-Mod Sync.log
2018-04-04 00:43:49: Deleted old log file C:/Users/Senpai/AppData/Roaming/GoodSync/_mirrors_/file-=Data Storage-Documents-MinecraftModding-xcraftmod-src/2018-0328-004311-SENPAI_DESKTOP-Runner-Mod Sync.log
2018-04-04 00:43:49: Deleted old log file C:/Users/Senpai/AppData/Roaming/GoodSync/_mirrors_/file-=Data Storage-Documents-MinecraftModding-xcraftmod-src/2018-0328-004338-SENPAI_DESKTOP-Runner-Mod Sync.log
2018-04-04 00:43:49: Cleanup old logs in S:/Documents/MinecraftModding/xcraftmod/src/_gsdata_
2018-04-04 00:43:49: Delete log file S:/Documents/MinecraftModding/xcraftmod/src/_gsdata_/2018-0328-004238-SENPAI_DESKTOP-Runner-Mod Sync.log
2018-04-04 00:43:49: Delete log file S:/Documents/MinecraftModding/xcraftmod/src/_gsdata_/2018-0328-004311-SENPAI_DESKTOP-Runner-Mod Sync.log
2018-04-04 00:43:49: Cleanup recycled files in gdrive://www.googleapis.com/Good Sync/Eclips Projects/Moding Minecraft 1.12.2/Application/_gsdata_/_saved_
2018-04-04 00:43:50: Save Recycled DB: gdrive://www.googleapis.com/Good Sync/Eclips Projects/Moding Minecraft 1.12.2/Application/_gsdata_/_recycled_db._gs
2018-04-04 00:43:50: Deleted old log file C:/Users/Senpai/AppData/Roaming/GoodSync/_mirrors_/gdrive-Wicky_Gustave-0AGIAX4LCOy-XUk9PVA@www.googleapis.com-Good Sync-Eclips Projects-Moding Minecraft 1.12.2-Application/2018-0328-004238-SENPAI_DESKTOP-Runner-Mod Sync.log
2018-04-04 00:43:50: Deleted old log file C:/Users/Senpai/AppData/Roaming/GoodSync/_mirrors_/gdrive-Wicky_Gustave-0AGIAX4LCOy-XUk9PVA@www.googleapis.com-Good Sync-Eclips Projects-Moding Minecraft 1.12.2-Application/2018-0328-004311-SENPAI_DESKTOP-Runner-Mod Sync.log
2018-04-04 00:43:50: Deleted old log file C:/Users/Senpai/AppData/Roaming/GoodSync/_mirrors_/gdrive-Wicky_Gustave-0AGIAX4LCOy-XUk9PVA@www.googleapis.com-Good Sync-Eclips Projects-Moding Minecraft 1.12.2-Application/2018-0328-004338-SENPAI_DESKTOP-Runner-Mod Sync.log
2018-04-04 00:43:50: Cleanup old logs in gdrive://www.googleapis.com/Good Sync/Eclips Projects/Moding Minecraft 1.12.2/Application/_gsdata_
2018-04-04 00:43:51: Delete log file gdrive://www.googleapis.com/Good Sync/Eclips Projects/Moding Minecraft 1.12.2/Application/_gsdata_/2018-0328-004311-SENPAI_DESKTOP-Runner-Mod Sync.log
2018-04-04 00:43:51: Delete log file gdrive://www.googleapis.com/Good Sync/Eclips Projects/Moding Minecraft 1.12.2/Application/_gsdata_/2018-0328-004238-SENPAI_DESKTOP-Runner-Mod Sync.log
2018-04-04 00:43:51: == Sync Complete. Time: 00:00:15, Speed: 5.10 KB/s, OK: 6, Errors: 1
2018-04-04 00:43:51: Deleted lock file S:/Documents/MinecraftModding/xcraftmod/src/_gsdata_/lock.gsl
2018-04-04 00:43:52: Deleted lock file gdrive://www.googleapis.com/Good Sync/Eclips Projects/Moding Minecraft 1.12.2/Application/_gsdata_/lock.gsl
2018-04-04 00:43:52: 
