2018-04-04 01:40:07: Connected to S:\Documents\MinecraftModding\xcraftmod\src: S: NTFS: type=NTFS vol=Data Storage flags=3E706FF
2018-04-04 01:40:08: Connected to gdrive://www.googleapis.com/Good Sync/Eclips Projects/Moding Minecraft 1.12.2/Application
2018-04-04 01:40:08: Incremental Analyze for On File Change
2018-04-04 01:40:08: -- Analysis Started by On File Change, After Delay, Under Runner
2018-04-04 01:40:08: Mod Sync: ANALYSIS started by On File Change, After Delay, Under Runner on 'SENPAI_DESKTOP' (GoodSync 10.8.1.1)
2018-04-04 01:40:08: =Data Storage:\Documents\MinecraftModding\xcraftmod\src (S:/Documents/MinecraftModding/xcraftmod/src) [TmpDest] <-> gdrive://www.googleapis.com/Good Sync/Eclips Projects/Moding Minecraft 1.12.2/Application [DirDest], RecycleTo_RecycleBin, SaveDays_RecycleBin=30d, ReconnectSecs=120, SyncWorkerThreads=99, OnFileChange Delay=5, Unattended, WaitForLocksMin=20, ResolveConflicts=NewerFileWins, AutoClear, LinksIgnore
2018-04-04 01:40:08: Exclude Hidden, Exclude System, Exclude name *._gstmp|/System Volume Information|Thumbs.db|.DS_Store 
2018-04-04 01:40:08: Locking folder S:/Documents/MinecraftModding/xcraftmod/src for write
2018-04-04 01:40:08: Change Analyzed: S:/Documents/MinecraftModding/xcraftmod/src/main/resources/assets/sxm/textures/items/chip_advanced.png
2018-04-04 01:40:08: Change Analyzed: S:/Documents/MinecraftModding/xcraftmod/src/main/resources/assets/sxm/textures/items/chip_advanced.png
2018-04-04 01:40:08: Change Analyzed: S:/Documents/MinecraftModding/xcraftmod/src/main/resources/assets/sxm/textures/items/chip_advanced.png
2018-04-04 01:40:08: Change Analyzed: S:/Documents/MinecraftModding/xcraftmod/src/main/resources/assets/sxm/textures/items/chip_basic.png
2018-04-04 01:40:08: Change Analyzed: S:/Documents/MinecraftModding/xcraftmod/src/main/resources/assets/sxm/textures/items/chip_basic.png
2018-04-04 01:40:08: Change Analyzed: S:/Documents/MinecraftModding/xcraftmod/src/main/resources/assets/sxm/textures/items/chip_basic.png
2018-04-04 01:40:08: Change Analyzed: S:/Documents/MinecraftModding/xcraftmod/src/main/resources/assets/sxm/textures/items/cotton.png
2018-04-04 01:40:08: Change Analyzed: S:/Documents/MinecraftModding/xcraftmod/src/main/resources/assets/sxm/textures/items/cotton.png
2018-04-04 01:40:08: Change Analyzed: S:/Documents/MinecraftModding/xcraftmod/src/main/resources/assets/sxm/textures/items/cotton.png
2018-04-04 01:40:08: Change Analyzed: S:/Documents/MinecraftModding/xcraftmod/src/main/resources/assets/sxm/textures/items/cotton.png
2018-04-04 01:40:08: Change Analyzed: S:/Documents/MinecraftModding/xcraftmod/src/main/resources/assets/sxm/textures/items/door_tin.png
2018-04-04 01:40:08: Change Analyzed: S:/Documents/MinecraftModding/xcraftmod/src/main/resources/assets/sxm/textures/items/door_tin.png
2018-04-04 01:40:08: Change Analyzed: S:/Documents/MinecraftModding/xcraftmod/src/main/resources/assets/sxm/textures/items/door_tin.png
2018-04-04 01:40:08: Change Analyzed: S:/Documents/MinecraftModding/xcraftmod/src/main/resources/assets/sxm/textures/items/fabric.png
2018-04-04 01:40:08: Change Analyzed: S:/Documents/MinecraftModding/xcraftmod/src/main/resources/assets/sxm/textures/items/fabric.png
2018-04-04 01:40:08: Change Analyzed: S:/Documents/MinecraftModding/xcraftmod/src/main/resources/assets/sxm/textures/items/fabric.png
2018-04-04 01:40:08: Change Analyzed: S:/Documents/MinecraftModding/xcraftmod/src/main/resources/assets/sxm/textures/items/heart.png
2018-04-04 01:40:08: Change Analyzed: S:/Documents/MinecraftModding/xcraftmod/src/main/resources/assets/sxm/textures/items/heart.png
2018-04-04 01:40:08: Change Analyzed: S:/Documents/MinecraftModding/xcraftmod/src/main/resources/assets/sxm/textures/items/heart.png
2018-04-04 01:40:08: Change Analyzed: S:/Documents/MinecraftModding/xcraftmod/src/main/resources/assets/sxm/textures/items/infinity_flame.png
2018-04-04 01:40:08: Change Analyzed: S:/Documents/MinecraftModding/xcraftmod/src/main/resources/assets/sxm/textures/items/infinity_flame.png
2018-04-04 01:40:08: Change Analyzed: S:/Documents/MinecraftModding/xcraftmod/src/main/resources/assets/sxm/textures/items/infinity_flame.png
2018-04-04 01:40:08: Change Analyzed: S:/Documents/MinecraftModding/xcraftmod/src/main/resources/assets/sxm/textures/items/nice_biscuit.png
2018-04-04 01:40:08: Change Analyzed: S:/Documents/MinecraftModding/xcraftmod/src/main/resources/assets/sxm/textures/items/nice_biscuit.png
2018-04-04 01:40:08: Change Analyzed: S:/Documents/MinecraftModding/xcraftmod/src/main/resources/assets/sxm/textures/items/nice_biscuit.png
2018-04-04 01:40:08: Change Analyzed: S:/Documents/MinecraftModding/xcraftmod/src/main/resources/assets/sxm/textures/items/paint_brush_0.png
2018-04-04 01:40:08: Change Analyzed: S:/Documents/MinecraftModding/xcraftmod/src/main/resources/assets/sxm/textures/items/paint_brush_0.png
2018-04-04 01:40:08: Change Analyzed: S:/Documents/MinecraftModding/xcraftmod/src/main/resources/assets/sxm/textures/items/paint_brush_0.png
2018-04-04 01:40:08: Change Analyzed: S:/Documents/MinecraftModding/xcraftmod/src/main/resources/assets/sxm/textures/items/paint_brush_1.png
2018-04-04 01:40:08: Change Analyzed: S:/Documents/MinecraftModding/xcraftmod/src/main/resources/assets/sxm/textures/items/paint_brush_1.png
2018-04-04 01:40:08: Change Analyzed: S:/Documents/MinecraftModding/xcraftmod/src/main/resources/assets/sxm/textures/items/paint_brush_1.png
2018-04-04 01:40:08: Change Analyzed: S:/Documents/MinecraftModding/xcraftmod/src/main/resources/assets/sxm/textures/items/soul_stealer.png
2018-04-04 01:40:08: Change Analyzed: S:/Documents/MinecraftModding/xcraftmod/src/main/resources/assets/sxm/textures/items/soul_stealer.png
2018-04-04 01:40:08: Change Analyzed: S:/Documents/MinecraftModding/xcraftmod/src/main/resources/assets/sxm/textures/items/soul_stealer.png
2018-04-04 01:40:08: Change Analyzed: S:/Documents/MinecraftModding/xcraftmod/src/main/resources/assets/sxm/textures/items/tin_apple.png
2018-04-04 01:40:08: Change Analyzed: S:/Documents/MinecraftModding/xcraftmod/src/main/resources/assets/sxm/textures/items/tin_apple.png
2018-04-04 01:40:08: Change Analyzed: S:/Documents/MinecraftModding/xcraftmod/src/main/resources/assets/sxm/textures/items/tin_apple.png
2018-04-04 01:40:08: Change Analyzed: S:/Documents/MinecraftModding/xcraftmod/src/main/resources/assets/sxm/textures/items/tin_axe.png
2018-04-04 01:40:08: Change Analyzed: S:/Documents/MinecraftModding/xcraftmod/src/main/resources/assets/sxm/textures/items/tin_axe.png
2018-04-04 01:40:08: Change Analyzed: S:/Documents/MinecraftModding/xcraftmod/src/main/resources/assets/sxm/textures/items/tin_axe.png
2018-04-04 01:40:08: Change Analyzed: S:/Documents/MinecraftModding/xcraftmod/src/main/resources/assets/sxm/textures/items/tin_boots.png
2018-04-04 01:40:08: Change Analyzed: S:/Documents/MinecraftModding/xcraftmod/src/main/resources/assets/sxm/textures/items/tin_boots.png
2018-04-04 01:40:08: Change Analyzed: S:/Documents/MinecraftModding/xcraftmod/src/main/resources/assets/sxm/textures/items/tin_boots.png
2018-04-04 01:40:08: Change Analyzed: S:/Documents/MinecraftModding/xcraftmod/src/main/resources/assets/sxm/textures/items/tin_chestplate.png
2018-04-04 01:40:08: Change Analyzed: S:/Documents/MinecraftModding/xcraftmod/src/main/resources/assets/sxm/textures/items/tin_chestplate.png
2018-04-04 01:40:08: Change Analyzed: S:/Documents/MinecraftModding/xcraftmod/src/main/resources/assets/sxm/textures/items/tin_chestplate.png
2018-04-04 01:40:08: Change Analyzed: S:/Documents/MinecraftModding/xcraftmod/src/main/resources/assets/sxm/textures/items/tin_helmet.png
2018-04-04 01:40:08: Change Analyzed: S:/Documents/MinecraftModding/xcraftmod/src/main/resources/assets/sxm/textures/items/tin_helmet.png
2018-04-04 01:40:08: Change Analyzed: S:/Documents/MinecraftModding/xcraftmod/src/main/resources/assets/sxm/textures/items/tin_helmet.png
2018-04-04 01:40:08: Change Analyzed: S:/Documents/MinecraftModding/xcraftmod/src/main/resources/assets/sxm/textures/items/tin_hoe.png
2018-04-04 01:40:08: Change Analyzed: S:/Documents/MinecraftModding/xcraftmod/src/main/resources/assets/sxm/textures/items/tin_hoe.png
2018-04-04 01:40:08: Change Analyzed: S:/Documents/MinecraftModding/xcraftmod/src/main/resources/assets/sxm/textures/items/tin_hoe.png
2018-04-04 01:40:08: Change Analyzed: S:/Documents/MinecraftModding/xcraftmod/src/main/resources/assets/sxm/textures/items/tin_ingot.png
2018-04-04 01:40:08: Change Analyzed: S:/Documents/MinecraftModding/xcraftmod/src/main/resources/assets/sxm/textures/items/tin_ingot.png
2018-04-04 01:40:08: Change Analyzed: S:/Documents/MinecraftModding/xcraftmod/src/main/resources/assets/sxm/textures/items/tin_ingot.png
2018-04-04 01:40:08: Change Analyzed: S:/Documents/MinecraftModding/xcraftmod/src/main/resources/assets/sxm/textures/items/tin_leggings.png
2018-04-04 01:40:08: Change Analyzed: S:/Documents/MinecraftModding/xcraftmod/src/main/resources/assets/sxm/textures/items/tin_leggings.png
2018-04-04 01:40:08: Change Analyzed: S:/Documents/MinecraftModding/xcraftmod/src/main/resources/assets/sxm/textures/items/tin_leggings.png
2018-04-04 01:40:08: Change Analyzed: S:/Documents/MinecraftModding/xcraftmod/src/main/resources/assets/sxm/textures/items/tin_nugget.png
2018-04-04 01:40:08: Change Analyzed: S:/Documents/MinecraftModding/xcraftmod/src/main/resources/assets/sxm/textures/items/tin_nugget.png
2018-04-04 01:40:08: Change Analyzed: S:/Documents/MinecraftModding/xcraftmod/src/main/resources/assets/sxm/textures/items/tin_nugget.png
2018-04-04 01:40:08: Change Analyzed: S:/Documents/MinecraftModding/xcraftmod/src/main/resources/assets/sxm/textures/items/tin_pickaxe.png
2018-04-04 01:40:08: Change Analyzed: S:/Documents/MinecraftModding/xcraftmod/src/main/resources/assets/sxm/textures/items/tin_pickaxe.png
2018-04-04 01:40:08: Change Analyzed: S:/Documents/MinecraftModding/xcraftmod/src/main/resources/assets/sxm/textures/items/tin_pickaxe.png
2018-04-04 01:40:08: Change Analyzed: S:/Documents/MinecraftModding/xcraftmod/src/main/resources/assets/sxm/textures/items/tin_shovel.png
2018-04-04 01:40:08: Change Analyzed: S:/Documents/MinecraftModding/xcraftmod/src/main/resources/assets/sxm/textures/items/tin_shovel.png
2018-04-04 01:40:08: Change Analyzed: S:/Documents/MinecraftModding/xcraftmod/src/main/resources/assets/sxm/textures/items/tin_shovel.png
2018-04-04 01:40:08: Change Analyzed: S:/Documents/MinecraftModding/xcraftmod/src/main/resources/assets/sxm/textures/items/tin_stick.png
2018-04-04 01:40:08: Change Analyzed: S:/Documents/MinecraftModding/xcraftmod/src/main/resources/assets/sxm/textures/items/tin_stick.png
2018-04-04 01:40:08: Change Analyzed: S:/Documents/MinecraftModding/xcraftmod/src/main/resources/assets/sxm/textures/items/tin_stick.png
2018-04-04 01:40:08: Change Analyzed: S:/Documents/MinecraftModding/xcraftmod/src/main/resources/assets/sxm/textures/items/tin_sword.png
2018-04-04 01:40:08: Change Analyzed: S:/Documents/MinecraftModding/xcraftmod/src/main/resources/assets/sxm/textures/items/tin_sword.png
2018-04-04 01:40:08: Change Analyzed: S:/Documents/MinecraftModding/xcraftmod/src/main/resources/assets/sxm/textures/items/tin_sword.png
2018-04-04 01:40:08: Change Analyzed: S:/Documents/MinecraftModding/xcraftmod/src/main/resources/assets/sxm/textures/models/armor/tin_layer_1.png
2018-04-04 01:40:08: Change Analyzed: S:/Documents/MinecraftModding/xcraftmod/src/main/resources/assets/sxm/textures/models/armor/tin_layer_1.png
2018-04-04 01:40:08: Change Analyzed: S:/Documents/MinecraftModding/xcraftmod/src/main/resources/assets/sxm/textures/models/armor/tin_layer_1.png
2018-04-04 01:40:08: Change Analyzed: S:/Documents/MinecraftModding/xcraftmod/src/main/resources/assets/sxm/textures/models/armor/tin_layer_2.png
2018-04-04 01:40:08: Change Analyzed: S:/Documents/MinecraftModding/xcraftmod/src/main/resources/assets/sxm/textures/models/armor/tin_layer_2.png
2018-04-04 01:40:08: Change Analyzed: S:/Documents/MinecraftModding/xcraftmod/src/main/resources/assets/sxm/textures/models/armor/tin_layer_2.png
2018-04-04 01:40:08: Locking folder gdrive://www.googleapis.com/Good Sync/Eclips Projects/Moding Minecraft 1.12.2/Application for write
2018-04-04 01:40:11: On disk file:///S: space required for sync is 0 bytes, you have 1.25 TB
2018-04-04 01:40:11: On disk gdrive://www.googleapis.com space required for sync is 45.0 KB, you have 12.4 GB
2018-04-04 01:40:11: Changes: 26, Conflicts: 0, CopyTime: 0, FixState: 0, Errors: 0, All: 22227
2018-04-04 01:40:11: Left to Right: Copy File: 26 
2018-04-04 01:40:11: -- Analysis Complete. Time 00:00:05, Speed: 89 files/s
2018-04-04 01:40:11: == Sync Started by On File Change, After Delay, Under Runner
2018-04-04 01:40:11: Mod Sync: SYNC started by On File Change, After Delay, Under Runner on 'SENPAI_DESKTOP'
2018-04-04 01:40:11: =Data Storage:\Documents\MinecraftModding\xcraftmod\src (S:/Documents/MinecraftModding/xcraftmod/src) [TmpDest] <-> gdrive://www.googleapis.com/Good Sync/Eclips Projects/Moding Minecraft 1.12.2/Application [DirDest], RecycleTo_RecycleBin, SaveDays_RecycleBin=30d, ReconnectSecs=120, SyncWorkerThreads=99, OnFileChange Delay=5, Unattended, WaitForLocksMin=20, ResolveConflicts=NewerFileWins, AutoClear, LinksIgnore
2018-04-04 01:40:11: File Systems limited number of parallel threads to 20
2018-04-04 01:40:13: Copy New 'S:/Documents/MinecraftModding/xcraftmod/src/main/resources/assets/sxm/textures/items/chip_advanced.png' -> 'gdrive://www.googleapis.com/Good Sync/Eclips Projects/Moding Minecraft 1.12.2/Application/main/resources/assets/sxm/textures/items/chip_advanced.png' (1091)
2018-04-04 01:40:14: Change detected [0]: t=Modified path=/main/resources/assets/sxm/textures/items/cotton.png
2018-04-04 01:40:14: Copy New 'S:/Documents/MinecraftModding/xcraftmod/src/main/resources/assets/sxm/textures/items/chip_basic.png' -> 'gdrive://www.googleapis.com/Good Sync/Eclips Projects/Moding Minecraft 1.12.2/Application/main/resources/assets/sxm/textures/items/chip_basic.png' (1134)
2018-04-04 01:40:15: Copy New 'S:/Documents/MinecraftModding/xcraftmod/src/main/resources/assets/sxm/textures/items/cotton.png' -> 'gdrive://www.googleapis.com/Good Sync/Eclips Projects/Moding Minecraft 1.12.2/Application/main/resources/assets/sxm/textures/items/cotton.png' (15230)
2018-04-04 01:40:15: Copy New 'S:/Documents/MinecraftModding/xcraftmod/src/main/resources/assets/sxm/textures/items/door_tin.png' -> 'gdrive://www.googleapis.com/Good Sync/Eclips Projects/Moding Minecraft 1.12.2/Application/main/resources/assets/sxm/textures/items/door_tin.png' (229)
2018-04-04 01:40:16: Copy New 'S:/Documents/MinecraftModding/xcraftmod/src/main/resources/assets/sxm/textures/items/infinity_flame.png' -> 'gdrive://www.googleapis.com/Good Sync/Eclips Projects/Moding Minecraft 1.12.2/Application/main/resources/assets/sxm/textures/items/infinity_flame.png' (2109)
2018-04-04 01:40:16: Copy New 'S:/Documents/MinecraftModding/xcraftmod/src/main/resources/assets/sxm/textures/items/heart.png' -> 'gdrive://www.googleapis.com/Good Sync/Eclips Projects/Moding Minecraft 1.12.2/Application/main/resources/assets/sxm/textures/items/heart.png' (236)
2018-04-04 01:40:18: Copy New 'S:/Documents/MinecraftModding/xcraftmod/src/main/resources/assets/sxm/textures/items/fabric.png' -> 'gdrive://www.googleapis.com/Good Sync/Eclips Projects/Moding Minecraft 1.12.2/Application/main/resources/assets/sxm/textures/items/fabric.png' (343)
2018-04-04 01:40:18: Change detected [1]: t=Created path=/main/resources/assets/sxm/textures/items/nice_biscuit.png
2018-04-04 01:40:19: Change detected [1]: t=Created path=/main/resources/assets/sxm/textures/items/paint_brush_0.png
2018-04-04 01:40:19: Change detected [1]: t=Created path=/main/resources/assets/sxm/textures/items/paint_brush_1.png
2018-04-04 01:40:19: Change detected [1]: t=Modified path=/main/resources/assets/sxm/textures/items/fabric.png
2018-04-04 01:40:19: Change detected [1]: t=Created path=/main/resources/assets/sxm/textures/items/fabric.png
2018-04-04 01:40:19: Change detected [1]: t=Modified path=/main/resources/assets/sxm/textures/items/infinity_flame.png
2018-04-04 01:40:21: Change detected [1]: t=Modified path=/main/resources/assets/sxm/textures/items/heart.png
2018-04-04 01:40:21: Change detected [1]: t=Modified path=/main/resources/assets/sxm/textures/items/cotton.png
2018-04-04 01:40:21: Change detected [1]: t=Created path=/main/resources/assets/sxm/textures/items/infinity_flame.png
2018-04-04 01:40:21: Change detected [1]: t=Modified path=/main/resources/assets/sxm/textures/items/door_tin.png
2018-04-04 01:40:21: Change detected [1]: t=Created path=/main/resources/assets/sxm/textures/items/heart.png
2018-04-04 01:40:21: Change detected [1]: t=Created path=/main/resources/assets/sxm/textures/items/door_tin.png
2018-04-04 01:40:21: Change detected [1]: t=Modified path=/main/resources/assets/sxm/textures/items/chip_advanced.png
2018-04-04 01:40:21: Change detected [1]: t=Created path=/main/resources/assets/sxm/textures/items/cotton.png
2018-04-04 01:40:21: Change detected [1]: t=Modified path=/main/resources/assets/sxm/textures/items/chip_basic.png
2018-04-04 01:40:22: Change detected [1]: t=Created path=/main/resources/assets/sxm/textures/items/chip_basic.png
2018-04-04 01:40:22: Change detected [1]: t=Created path=/main/resources/assets/sxm/textures/items/chip_advanced.png
2018-04-04 01:40:22: Copy New 'S:/Documents/MinecraftModding/xcraftmod/src/main/resources/assets/sxm/textures/items/paint_brush_1.png' -> 'gdrive://www.googleapis.com/Good Sync/Eclips Projects/Moding Minecraft 1.12.2/Application/main/resources/assets/sxm/textures/items/paint_brush_1.png' (253)
2018-04-04 01:40:22: Copy New 'S:/Documents/MinecraftModding/xcraftmod/src/main/resources/assets/sxm/textures/items/tin_chestplate.png' -> 'gdrive://www.googleapis.com/Good Sync/Eclips Projects/Moding Minecraft 1.12.2/Application/main/resources/assets/sxm/textures/items/tin_chestplate.png' (269)
2018-04-04 01:40:23: Copy New 'S:/Documents/MinecraftModding/xcraftmod/src/main/resources/assets/sxm/textures/items/paint_brush_0.png' -> 'gdrive://www.googleapis.com/Good Sync/Eclips Projects/Moding Minecraft 1.12.2/Application/main/resources/assets/sxm/textures/items/paint_brush_0.png' (265)
2018-04-04 01:40:24: Copy New 'S:/Documents/MinecraftModding/xcraftmod/src/main/resources/assets/sxm/textures/items/tin_apple.png' -> 'gdrive://www.googleapis.com/Good Sync/Eclips Projects/Moding Minecraft 1.12.2/Application/main/resources/assets/sxm/textures/items/tin_apple.png' (264)
2018-04-04 01:40:24: Copy New 'S:/Documents/MinecraftModding/xcraftmod/src/main/resources/assets/sxm/textures/items/tin_hoe.png' -> 'gdrive://www.googleapis.com/Good Sync/Eclips Projects/Moding Minecraft 1.12.2/Application/main/resources/assets/sxm/textures/items/tin_hoe.png' (229)
2018-04-04 01:40:24: Copy New 'S:/Documents/MinecraftModding/xcraftmod/src/main/resources/assets/sxm/textures/items/tin_ingot.png' -> 'gdrive://www.googleapis.com/Good Sync/Eclips Projects/Moding Minecraft 1.12.2/Application/main/resources/assets/sxm/textures/items/tin_ingot.png' (275)
2018-04-04 01:40:25: Copy New 'S:/Documents/MinecraftModding/xcraftmod/src/main/resources/assets/sxm/textures/items/tin_axe.png' -> 'gdrive://www.googleapis.com/Good Sync/Eclips Projects/Moding Minecraft 1.12.2/Application/main/resources/assets/sxm/textures/items/tin_axe.png' (256)
2018-04-04 01:40:25: Copy New 'S:/Documents/MinecraftModding/xcraftmod/src/main/resources/assets/sxm/textures/items/soul_stealer.png' -> 'gdrive://www.googleapis.com/Good Sync/Eclips Projects/Moding Minecraft 1.12.2/Application/main/resources/assets/sxm/textures/items/soul_stealer.png' (298)
2018-04-04 01:40:26: Copy New 'S:/Documents/MinecraftModding/xcraftmod/src/main/resources/assets/sxm/textures/items/tin_leggings.png' -> 'gdrive://www.googleapis.com/Good Sync/Eclips Projects/Moding Minecraft 1.12.2/Application/main/resources/assets/sxm/textures/items/tin_leggings.png' (231)
2018-04-04 01:40:26: Copy New 'S:/Documents/MinecraftModding/xcraftmod/src/main/resources/assets/sxm/textures/items/tin_pickaxe.png' -> 'gdrive://www.googleapis.com/Good Sync/Eclips Projects/Moding Minecraft 1.12.2/Application/main/resources/assets/sxm/textures/items/tin_pickaxe.png' (272)
2018-04-04 01:40:27: Copy New 'S:/Documents/MinecraftModding/xcraftmod/src/main/resources/assets/sxm/textures/items/tin_boots.png' -> 'gdrive://www.googleapis.com/Good Sync/Eclips Projects/Moding Minecraft 1.12.2/Application/main/resources/assets/sxm/textures/items/tin_boots.png' (245)
2018-04-04 01:40:27: Copy New 'S:/Documents/MinecraftModding/xcraftmod/src/main/resources/assets/sxm/textures/items/nice_biscuit.png' -> 'gdrive://www.googleapis.com/Good Sync/Eclips Projects/Moding Minecraft 1.12.2/Application/main/resources/assets/sxm/textures/items/nice_biscuit.png' (345)
2018-04-04 01:40:27: Copy New 'S:/Documents/MinecraftModding/xcraftmod/src/main/resources/assets/sxm/textures/models/armor/tin_layer_1.png' -> 'gdrive://www.googleapis.com/Good Sync/Eclips Projects/Moding Minecraft 1.12.2/Application/main/resources/assets/sxm/textures/models/armor/tin_layer_1.png' (1141)
2018-04-04 01:40:28: Copy New 'S:/Documents/MinecraftModding/xcraftmod/src/main/resources/assets/sxm/textures/items/tin_helmet.png' -> 'gdrive://www.googleapis.com/Good Sync/Eclips Projects/Moding Minecraft 1.12.2/Application/main/resources/assets/sxm/textures/items/tin_helmet.png' (234)
2018-04-04 01:40:28: Copy New 'S:/Documents/MinecraftModding/xcraftmod/src/main/resources/assets/sxm/textures/models/armor/tin_layer_2.png' -> 'gdrive://www.googleapis.com/Good Sync/Eclips Projects/Moding Minecraft 1.12.2/Application/main/resources/assets/sxm/textures/models/armor/tin_layer_2.png' (695)
2018-04-04 01:40:28: Copy New 'S:/Documents/MinecraftModding/xcraftmod/src/main/resources/assets/sxm/textures/items/tin_nugget.png' -> 'gdrive://www.googleapis.com/Good Sync/Eclips Projects/Moding Minecraft 1.12.2/Application/main/resources/assets/sxm/textures/items/tin_nugget.png' (271)
2018-04-04 01:40:29: Copy New 'S:/Documents/MinecraftModding/xcraftmod/src/main/resources/assets/sxm/textures/items/tin_sword.png' -> 'gdrive://www.googleapis.com/Good Sync/Eclips Projects/Moding Minecraft 1.12.2/Application/main/resources/assets/sxm/textures/items/tin_sword.png' (278)
2018-04-04 01:40:29: Copy New 'S:/Documents/MinecraftModding/xcraftmod/src/main/resources/assets/sxm/textures/items/tin_stick.png' -> 'gdrive://www.googleapis.com/Good Sync/Eclips Projects/Moding Minecraft 1.12.2/Application/main/resources/assets/sxm/textures/items/tin_stick.png' (234)
2018-04-04 01:40:30: Copy New 'S:/Documents/MinecraftModding/xcraftmod/src/main/resources/assets/sxm/textures/items/tin_shovel.png' -> 'gdrive://www.googleapis.com/Good Sync/Eclips Projects/Moding Minecraft 1.12.2/Application/main/resources/assets/sxm/textures/items/tin_shovel.png' (232)
2018-04-04 01:40:31: Change detected [0]: t=Created path=/main/resources/assets/sxm/sounds/block
2018-04-04 01:40:31: Change detected [0]: t=Created path=/main/resources/assets/sxm/sounds/block/tin_button
2018-04-04 01:40:31: Change detected [0]: t=Created path=/main/resources/assets/sxm/sounds/block/tin_button/click_off.ogg
2018-04-04 01:40:31: Change detected [0]: t=Modified path=/main/resources/assets/sxm/sounds/block/tin_button/click_off.ogg
2018-04-04 01:40:31: Change detected [0]: t=Modified path=/main/resources/assets/sxm/sounds/block/tin_button/click_off.ogg
2018-04-04 01:40:31: Change detected [0]: t=Modified path=/main/resources/assets/sxm/sounds/block/tin_button/click_off.ogg
2018-04-04 01:40:31: Change detected [0]: t=Created path=/main/resources/assets/sxm/sounds/block/tin_button/click_on.ogg
2018-04-04 01:40:31: Change detected [0]: t=Modified path=/main/resources/assets/sxm/sounds/block/tin_button/click_on.ogg
2018-04-04 01:40:31: Change detected [0]: t=Modified path=/main/resources/assets/sxm/sounds/block/tin_button/click_on.ogg
2018-04-04 01:40:31: Change detected [0]: t=Modified path=/main/resources/assets/sxm/sounds/block/tin_button/click_on.ogg
2018-04-04 01:40:31: Change detected [0]: t=Created path=/main/resources/assets/sxm/sounds/block/tin_fence_gate
2018-04-04 01:40:31: Change detected [0]: t=Created path=/main/resources/assets/sxm/sounds/block/tin_fence_gate/close.ogg
2018-04-04 01:40:31: Change detected [0]: t=Modified path=/main/resources/assets/sxm/sounds/block/tin_fence_gate/close.ogg
2018-04-04 01:40:31: Change detected [0]: t=Modified path=/main/resources/assets/sxm/sounds/block/tin_fence_gate/close.ogg
2018-04-04 01:40:31: Change detected [0]: t=Modified path=/main/resources/assets/sxm/sounds/block/tin_fence_gate/close.ogg
2018-04-04 01:40:31: Change detected [0]: t=Created path=/main/resources/assets/sxm/sounds/block/tin_fence_gate/open.ogg
2018-04-04 01:40:31: Change detected [0]: t=Modified path=/main/resources/assets/sxm/sounds/block/tin_fence_gate/open.ogg
2018-04-04 01:40:31: Change detected [0]: t=Modified path=/main/resources/assets/sxm/sounds/block/tin_fence_gate/open.ogg
2018-04-04 01:40:31: Change detected [0]: t=Modified path=/main/resources/assets/sxm/sounds/block/tin_fence_gate/open.ogg
2018-04-04 01:40:31: Change detected [0]: t=Created path=/main/resources/assets/sxm/sounds.json
2018-04-04 01:40:31: Change detected [0]: t=Modified path=/main/resources/assets/sxm/sounds.json
2018-04-04 01:40:31: Change detected [0]: t=Modified path=/main/resources/assets/sxm/sounds.json
2018-04-04 01:40:31: Save State File S:/Documents/MinecraftModding/xcraftmod/src/_gsdata_/_file_state_v4._gs
2018-04-04 01:40:32: Change detected [1]: t=Modified path=/main/resources/assets/sxm/textures/items/tin_shovel.png
2018-04-04 01:40:35: Change detected [1]: t=Modified path=/main/resources/assets/sxm/textures/items/tin_stick.png
2018-04-04 01:40:35: Change detected [1]: t=Modified path=/main/resources/assets/sxm/textures/items/tin_sword.png
2018-04-04 01:40:35: Change detected [1]: t=Modified path=/main/resources/assets/sxm/textures/models/armor/tin_layer_2.png
2018-04-04 01:40:35: Change detected [1]: t=Modified path=/main/resources/assets/sxm/textures/models/armor/tin_layer_1.png
2018-04-04 01:40:35: Change detected [1]: t=Created path=/main/resources/assets/sxm/textures/models/armor/tin_layer_2.png
2018-04-04 01:40:35: Change detected [1]: t=Modified path=/main/resources/assets/sxm/textures/items/tin_nugget.png
2018-04-04 01:40:35: Change detected [1]: t=Created path=/main/resources/assets/sxm/textures/items/tin_sword.png
2018-04-04 01:40:36: Change detected [1]: t=Created path=/main/resources/assets/sxm/textures/items/tin_stick.png
2018-04-04 01:40:36: Change detected [1]: t=Created path=/main/resources/assets/sxm/textures/models/armor/tin_layer_1.png
2018-04-04 01:40:36: Change detected [1]: t=Modified path=/main/resources/assets/sxm/textures/items/tin_pickaxe.png
2018-04-04 01:40:36: Change detected [1]: t=Created path=/main/resources/assets/sxm/textures/items/tin_shovel.png
2018-04-04 01:40:36: Change detected [1]: t=Modified path=/main/resources/assets/sxm/textures/items/tin_leggings.png
2018-04-04 01:40:36: Change detected [1]: t=Created path=/main/resources/assets/sxm/textures/items/tin_nugget.png
2018-04-04 01:40:36: Change detected [1]: t=Created path=/main/resources/assets/sxm/textures/items/tin_pickaxe.png
2018-04-04 01:40:36: Change detected [1]: t=Created path=/main/resources/assets/sxm/textures/items/tin_leggings.png
2018-04-04 01:40:36: Change detected [1]: t=Modified path=/main/resources/assets/sxm/textures/items/tin_axe.png
2018-04-04 01:40:37: Change detected [1]: t=Modified path=/main/resources/assets/sxm/textures/items/nice_biscuit.png
2018-04-04 01:40:37: Change detected [1]: t=Modified path=/main/resources/assets/sxm/textures/items/tin_boots.png
2018-04-04 01:40:37: Change detected [1]: t=Modified path=/main/resources/assets/sxm/textures/items/tin_ingot.png
2018-04-04 01:40:37: Change detected [1]: t=Modified path=/main/resources/assets/sxm/textures/items/tin_hoe.png
2018-04-04 01:40:37: Change detected [1]: t=Created path=/main/resources/assets/sxm/textures/items/tin_ingot.png
2018-04-04 01:40:37: Change detected [1]: t=Modified path=/main/resources/assets/sxm/textures/items/tin_helmet.png
2018-04-04 01:40:37: Change detected [1]: t=Created path=/main/resources/assets/sxm/textures/items/tin_hoe.png
2018-04-04 01:40:37: Change detected [1]: t=Modified path=/main/resources/assets/sxm/textures/items/soul_stealer.png
2018-04-04 01:40:38: Change detected [1]: t=Modified path=/main/resources/assets/sxm/textures/items/tin_apple.png
2018-04-04 01:40:38: Change detected [1]: t=Created path=/main/resources/assets/sxm/textures/items/tin_helmet.png
2018-04-04 01:40:38: Change detected [1]: t=Modified path=/main/resources/assets/sxm/textures/items/tin_chestplate.png
2018-04-04 01:40:38: Change detected [1]: t=Created path=/main/resources/assets/sxm/textures/items/tin_chestplate.png
2018-04-04 01:40:38: Change detected [1]: t=Modified path=/main/resources/assets/sxm/textures/items/paint_brush_1.png
2018-04-04 01:40:38: Change detected [1]: t=Created path=/main/resources/assets/sxm/textures/items/soul_stealer.png
2018-04-04 01:40:38: Change detected [1]: t=Created path=/main/resources/assets/sxm/textures/items/tin_apple.png
2018-04-04 01:40:38: Change detected [1]: t=Created path=/main/resources/assets/sxm/textures/items/tin_boots.png
2018-04-04 01:40:38: Change detected [1]: t=Modified path=/main/resources/assets/sxm/textures/items/paint_brush_0.png
2018-04-04 01:40:39: Change detected [0]: t=Created path=/main/resources/assets/sxm/models/block/block_breaker_advanced.json
2018-04-04 01:40:39: Change detected [0]: t=Modified path=/main/resources/assets/sxm/models/block/block_breaker_advanced.json
2018-04-04 01:40:39: Change detected [0]: t=Modified path=/main/resources/assets/sxm/models/block/block_breaker_advanced.json
2018-04-04 01:40:39: Change detected [0]: t=Created path=/main/resources/assets/sxm/models/block/block_breaker_advanced_activated.json
2018-04-04 01:40:39: Change detected [0]: t=Modified path=/main/resources/assets/sxm/models/block/block_breaker_advanced_activated.json
2018-04-04 01:40:39: Change detected [0]: t=Modified path=/main/resources/assets/sxm/models/block/block_breaker_advanced_activated.json
2018-04-04 01:40:39: Change detected [0]: t=Created path=/main/resources/assets/sxm/models/block/block_breaker_basic.json
2018-04-04 01:40:39: Change detected [0]: t=Modified path=/main/resources/assets/sxm/models/block/block_breaker_basic.json
2018-04-04 01:40:39: Change detected [0]: t=Modified path=/main/resources/assets/sxm/models/block/block_breaker_basic.json
2018-04-04 01:40:39: Change detected [0]: t=Created path=/main/resources/assets/sxm/models/block/block_breaker_basic_activated.json
2018-04-04 01:40:39: Change detected [0]: t=Modified path=/main/resources/assets/sxm/models/block/block_breaker_basic_activated.json
2018-04-04 01:40:39: Change detected [0]: t=Modified path=/main/resources/assets/sxm/models/block/block_breaker_basic_activated.json
2018-04-04 01:40:39: Change detected [0]: t=Created path=/main/resources/assets/sxm/models/block/canvas.json
2018-04-04 01:40:39: Change detected [0]: t=Modified path=/main/resources/assets/sxm/models/block/canvas.json
2018-04-04 01:40:39: Change detected [0]: t=Modified path=/main/resources/assets/sxm/models/block/canvas.json
2018-04-04 01:40:39: Change detected [0]: t=Created path=/main/resources/assets/sxm/models/block/cotton_stage0.json
2018-04-04 01:40:39: Change detected [0]: t=Modified path=/main/resources/assets/sxm/models/block/cotton_stage0.json
2018-04-04 01:40:39: Change detected [0]: t=Modified path=/main/resources/assets/sxm/models/block/cotton_stage0.json
2018-04-04 01:40:39: Change detected [0]: t=Created path=/main/resources/assets/sxm/models/block/cotton_stage1.json
2018-04-04 01:40:39: Change detected [0]: t=Modified path=/main/resources/assets/sxm/models/block/cotton_stage1.json
2018-04-04 01:40:39: Change detected [0]: t=Modified path=/main/resources/assets/sxm/models/block/cotton_stage1.json
2018-04-04 01:40:39: Change detected [0]: t=Created path=/main/resources/assets/sxm/models/block/cotton_stage2.json
2018-04-04 01:40:39: Change detected [0]: t=Modified path=/main/resources/assets/sxm/models/block/cotton_stage2.json
2018-04-04 01:40:39: Change detected [0]: t=Modified path=/main/resources/assets/sxm/models/block/cotton_stage2.json
2018-04-04 01:40:39: Change detected [0]: t=Created path=/main/resources/assets/sxm/models/block/cotton_stage3.json
2018-04-04 01:40:39: Change detected [0]: t=Modified path=/main/resources/assets/sxm/models/block/cotton_stage3.json
2018-04-04 01:40:39: Change detected [0]: t=Modified path=/main/resources/assets/sxm/models/block/cotton_stage3.json
2018-04-04 01:40:39: Change detected [0]: t=Created path=/main/resources/assets/sxm/models/block/cotton_stage4.json
2018-04-04 01:40:39: Change detected [0]: t=Modified path=/main/resources/assets/sxm/models/block/cotton_stage4.json
2018-04-04 01:40:39: Change detected [0]: t=Modified path=/main/resources/assets/sxm/models/block/cotton_stage4.json
2018-04-04 01:40:39: Change detected [0]: t=Created path=/main/resources/assets/sxm/models/block/cotton_stage5.json
2018-04-04 01:40:39: Change detected [0]: t=Modified path=/main/resources/assets/sxm/models/block/cotton_stage5.json
2018-04-04 01:40:39: Change detected [0]: t=Modified path=/main/resources/assets/sxm/models/block/cotton_stage5.json
2018-04-04 01:40:39: Change detected [0]: t=Created path=/main/resources/assets/sxm/models/block/cotton_stage6.json
2018-04-04 01:40:39: Change detected [0]: t=Modified path=/main/resources/assets/sxm/models/block/cotton_stage6.json
2018-04-04 01:40:39: Change detected [0]: t=Modified path=/main/resources/assets/sxm/models/block/cotton_stage6.json
2018-04-04 01:40:39: Change detected [0]: t=Created path=/main/resources/assets/sxm/models/block/cotton_stage7.json
2018-04-04 01:40:39: Change detected [0]: t=Modified path=/main/resources/assets/sxm/models/block/cotton_stage7.json
2018-04-04 01:40:39: Change detected [0]: t=Modified path=/main/resources/assets/sxm/models/block/cotton_stage7.json
2018-04-04 01:40:39: Change detected [0]: t=Created path=/main/resources/assets/sxm/models/block/gamemode_detector.json
2018-04-04 01:40:39: Change detected [0]: t=Modified path=/main/resources/assets/sxm/models/block/gamemode_detector.json
2018-04-04 01:40:39: Change detected [0]: t=Modified path=/main/resources/assets/sxm/models/block/gamemode_detector.json
2018-04-04 01:40:39: Change detected [0]: t=Created path=/main/resources/assets/sxm/models/block/machine.json
2018-04-04 01:40:39: Change detected [0]: t=Modified path=/main/resources/assets/sxm/models/block/machine.json
2018-04-04 01:40:39: Change detected [0]: t=Modified path=/main/resources/assets/sxm/models/block/machine.json
2018-04-04 01:40:39: Change detected [0]: t=Created path=/main/resources/assets/sxm/models/block/machine_frame_advanced.json
2018-04-04 01:40:39: Change detected [0]: t=Modified path=/main/resources/assets/sxm/models/block/machine_frame_advanced.json
2018-04-04 01:40:39: Change detected [0]: t=Modified path=/main/resources/assets/sxm/models/block/machine_frame_advanced.json
2018-04-04 01:40:39: Change detected [0]: t=Created path=/main/resources/assets/sxm/models/block/machine_frame_basic.json
2018-04-04 01:40:39: Change detected [0]: t=Modified path=/main/resources/assets/sxm/models/block/machine_frame_basic.json
2018-04-04 01:40:39: Change detected [0]: t=Modified path=/main/resources/assets/sxm/models/block/machine_frame_basic.json
2018-04-04 01:40:39: Change detected [0]: t=Created path=/main/resources/assets/sxm/models/block/tin_block.json
2018-04-04 01:40:39: Change detected [0]: t=Modified path=/main/resources/assets/sxm/models/block/tin_block.json
2018-04-04 01:40:39: Change detected [0]: t=Modified path=/main/resources/assets/sxm/models/block/tin_block.json
2018-04-04 01:40:39: Change detected [0]: t=Created path=/main/resources/assets/sxm/models/block/tin_button.json
2018-04-04 01:40:39: Change detected [0]: t=Modified path=/main/resources/assets/sxm/models/block/tin_button.json
2018-04-04 01:40:39: Change detected [0]: t=Modified path=/main/resources/assets/sxm/models/block/tin_button.json
2018-04-04 01:40:39: Change detected [0]: t=Created path=/main/resources/assets/sxm/models/block/tin_button_inventory.json
2018-04-04 01:40:39: Change detected [0]: t=Modified path=/main/resources/assets/sxm/models/block/tin_button_inventory.json
2018-04-04 01:40:39: Change detected [0]: t=Modified path=/main/resources/assets/sxm/models/block/tin_button_inventory.json
2018-04-04 01:40:39: Change detected [0]: t=Created path=/main/resources/assets/sxm/models/block/tin_button_pressed.json
2018-04-04 01:40:39: Change detected [0]: t=Modified path=/main/resources/assets/sxm/models/block/tin_button_pressed.json
2018-04-04 01:40:39: Change detected [0]: t=Modified path=/main/resources/assets/sxm/models/block/tin_button_pressed.json
2018-04-04 01:40:39: Change detected [0]: t=Created path=/main/resources/assets/sxm/models/block/tin_door_bottom.json
2018-04-04 01:40:39: Change detected [0]: t=Modified path=/main/resources/assets/sxm/models/block/tin_door_bottom.json
2018-04-04 01:40:39: Change detected [0]: t=Modified path=/main/resources/assets/sxm/models/block/tin_door_bottom.json
2018-04-04 01:40:39: Change detected [0]: t=Created path=/main/resources/assets/sxm/models/block/tin_door_bottom_rh.json
2018-04-04 01:40:39: Change detected [0]: t=Modified path=/main/resources/assets/sxm/models/block/tin_door_bottom_rh.json
2018-04-04 01:40:39: Change detected [0]: t=Modified path=/main/resources/assets/sxm/models/block/tin_door_bottom_rh.json
2018-04-04 01:40:39: Change detected [0]: t=Created path=/main/resources/assets/sxm/models/block/tin_door_top.json
2018-04-04 01:40:39: Change detected [0]: t=Modified path=/main/resources/assets/sxm/models/block/tin_door_top.json
2018-04-04 01:40:39: Change detected [0]: t=Modified path=/main/resources/assets/sxm/models/block/tin_door_top.json
2018-04-04 01:40:39: Change detected [0]: t=Created path=/main/resources/assets/sxm/models/block/tin_door_top_rh.json
2018-04-04 01:40:39: Change detected [0]: t=Modified path=/main/resources/assets/sxm/models/block/tin_door_top_rh.json
2018-04-04 01:40:39: Change detected [0]: t=Modified path=/main/resources/assets/sxm/models/block/tin_door_top_rh.json
2018-04-04 01:40:39: Change detected [0]: t=Created path=/main/resources/assets/sxm/models/block/tin_fence_gate_closed.json
2018-04-04 01:40:39: Change detected [0]: t=Modified path=/main/resources/assets/sxm/models/block/tin_fence_gate_closed.json
2018-04-04 01:40:39: Change detected [0]: t=Modified path=/main/resources/assets/sxm/models/block/tin_fence_gate_closed.json
2018-04-04 01:40:39: Change detected [0]: t=Created path=/main/resources/assets/sxm/models/block/tin_fence_gate_open.json
2018-04-04 01:40:39: Change detected [0]: t=Modified path=/main/resources/assets/sxm/models/block/tin_fence_gate_open.json
2018-04-04 01:40:39: Change detected [0]: t=Modified path=/main/resources/assets/sxm/models/block/tin_fence_gate_open.json
2018-04-04 01:40:39: Change detected [0]: t=Created path=/main/resources/assets/sxm/models/block/tin_fence_post.json
2018-04-04 01:40:39: Change detected [0]: t=Modified path=/main/resources/assets/sxm/models/block/tin_fence_post.json
2018-04-04 01:40:39: Change detected [0]: t=Modified path=/main/resources/assets/sxm/models/block/tin_fence_post.json
2018-04-04 01:40:39: Change detected [0]: t=Created path=/main/resources/assets/sxm/models/block/tin_fence_side.json
2018-04-04 01:40:39: Change detected [0]: t=Modified path=/main/resources/assets/sxm/models/block/tin_fence_side.json
2018-04-04 01:40:39: Change detected [1]: t=Created path=/main/resources/assets/sxm/textures/items/tin_axe.png
2018-04-04 01:40:39: Change detected [0]: t=Modified path=/main/resources/assets/sxm/models/block/tin_fence_side.json
2018-04-04 01:40:39: Change detected [0]: t=Created path=/main/resources/assets/sxm/models/block/tin_inner_stairs.json
2018-04-04 01:40:39: Change detected [0]: t=Modified path=/main/resources/assets/sxm/models/block/tin_inner_stairs.json
2018-04-04 01:40:39: Change detected [0]: t=Modified path=/main/resources/assets/sxm/models/block/tin_inner_stairs.json
2018-04-04 01:40:39: Change detected [0]: t=Created path=/main/resources/assets/sxm/models/block/tin_ore.json
2018-04-04 01:40:39: Change detected [0]: t=Modified path=/main/resources/assets/sxm/models/block/tin_ore.json
2018-04-04 01:40:39: Change detected [0]: t=Modified path=/main/resources/assets/sxm/models/block/tin_ore.json
2018-04-04 01:40:39: Change detected [0]: t=Created path=/main/resources/assets/sxm/models/block/tin_ore_end.json
2018-04-04 01:40:39: Change detected [0]: t=Modified path=/main/resources/assets/sxm/models/block/tin_ore_end.json
2018-04-04 01:40:39: Change detected [0]: t=Modified path=/main/resources/assets/sxm/models/block/tin_ore_end.json
2018-04-04 01:40:39: Change detected [0]: t=Created path=/main/resources/assets/sxm/models/block/tin_ore_nether.json
2018-04-04 01:40:39: Change detected [0]: t=Modified path=/main/resources/assets/sxm/models/block/tin_ore_nether.json
2018-04-04 01:40:39: Change detected [0]: t=Modified path=/main/resources/assets/sxm/models/block/tin_ore_nether.json
2018-04-04 01:40:39: Change detected [0]: t=Created path=/main/resources/assets/sxm/models/block/tin_ore_overworld.json
2018-04-04 01:40:39: Change detected [0]: t=Modified path=/main/resources/assets/sxm/models/block/tin_ore_overworld.json
2018-04-04 01:40:39: Change detected [0]: t=Modified path=/main/resources/assets/sxm/models/block/tin_ore_overworld.json
2018-04-04 01:40:39: Change detected [0]: t=Created path=/main/resources/assets/sxm/models/block/tin_outer_stairs.json
2018-04-04 01:40:39: Change detected [0]: t=Modified path=/main/resources/assets/sxm/models/block/tin_outer_stairs.json
2018-04-04 01:40:39: Change detected [0]: t=Modified path=/main/resources/assets/sxm/models/block/tin_outer_stairs.json
2018-04-04 01:40:39: Change detected [0]: t=Created path=/main/resources/assets/sxm/models/block/tin_pressure_plate_down.json
2018-04-04 01:40:39: Change detected [0]: t=Modified path=/main/resources/assets/sxm/models/block/tin_pressure_plate_down.json
2018-04-04 01:40:39: Change detected [0]: t=Modified path=/main/resources/assets/sxm/models/block/tin_pressure_plate_down.json
2018-04-04 01:40:39: Change detected [0]: t=Created path=/main/resources/assets/sxm/models/block/tin_pressure_plate_up.json
2018-04-04 01:40:39: Change detected [0]: t=Modified path=/main/resources/assets/sxm/models/block/tin_pressure_plate_up.json
2018-04-04 01:40:39: Change detected [0]: t=Modified path=/main/resources/assets/sxm/models/block/tin_pressure_plate_up.json
2018-04-04 01:40:39: Change detected [0]: t=Created path=/main/resources/assets/sxm/models/block/tin_slab_bottom.json
2018-04-04 01:40:39: Change detected [0]: t=Modified path=/main/resources/assets/sxm/models/block/tin_slab_bottom.json
2018-04-04 01:40:39: Change detected [0]: t=Modified path=/main/resources/assets/sxm/models/block/tin_slab_bottom.json
2018-04-04 01:40:39: Change detected [0]: t=Created path=/main/resources/assets/sxm/models/block/tin_slab_top.json
2018-04-04 01:40:39: Change detected [0]: t=Modified path=/main/resources/assets/sxm/models/block/tin_slab_top.json
2018-04-04 01:40:39: Change detected [0]: t=Modified path=/main/resources/assets/sxm/models/block/tin_slab_top.json
2018-04-04 01:40:39: Change detected [0]: t=Created path=/main/resources/assets/sxm/models/block/tin_stairs.json
2018-04-04 01:40:39: Change detected [0]: t=Modified path=/main/resources/assets/sxm/models/block/tin_stairs.json
2018-04-04 01:40:39: Change detected [0]: t=Modified path=/main/resources/assets/sxm/models/block/tin_stairs.json
2018-04-04 01:40:39: Change detected [0]: t=Created path=/main/resources/assets/sxm/models/block/tin_wall_gate_closed.json
2018-04-04 01:40:39: Change detected [0]: t=Modified path=/main/resources/assets/sxm/models/block/tin_wall_gate_closed.json
2018-04-04 01:40:39: Change detected [0]: t=Modified path=/main/resources/assets/sxm/models/block/tin_wall_gate_closed.json
2018-04-04 01:40:39: Change detected [0]: t=Created path=/main/resources/assets/sxm/models/block/tin_wall_gate_open.json
2018-04-04 01:40:39: Change detected [0]: t=Modified path=/main/resources/assets/sxm/models/block/tin_wall_gate_open.json
2018-04-04 01:40:39: Change detected [0]: t=Modified path=/main/resources/assets/sxm/models/block/tin_wall_gate_open.json
2018-04-04 01:40:39: Save State File gdrive://www.googleapis.com/Good Sync/Eclips Projects/Moding Minecraft 1.12.2/Application/_gsdata_/_file_state_v4._gs
2018-04-04 01:40:39: Cleanup recycled files in S:/Documents/MinecraftModding/xcraftmod/src/_gsdata_/_saved_
2018-04-04 01:40:39: Load Recycled DB: S:/Documents/MinecraftModding/xcraftmod/src/_gsdata_/_recycled_db._gs
2018-04-04 01:40:39: Deleted old log file C:/Users/Senpai/AppData/Roaming/GoodSync/_mirrors_/file-=Data Storage-Documents-MinecraftModding-xcraftmod-src/2018-0328-013835-SENPAI_DESKTOP-Runner-Mod Sync.log
2018-04-04 01:40:39: Deleted old log file C:/Users/Senpai/AppData/Roaming/GoodSync/_mirrors_/file-=Data Storage-Documents-MinecraftModding-xcraftmod-src/2018-0328-013905-SENPAI_DESKTOP-Runner-Mod Sync.log
2018-04-04 01:40:39: Deleted old log file C:/Users/Senpai/AppData/Roaming/GoodSync/_mirrors_/file-=Data Storage-Documents-MinecraftModding-xcraftmod-src/2018-0328-013930-SENPAI_DESKTOP-Runner-Mod Sync.log
2018-04-04 01:40:39: Deleted old log file C:/Users/Senpai/AppData/Roaming/GoodSync/_mirrors_/file-=Data Storage-Documents-MinecraftModding-xcraftmod-src/2018-0328-013957-SENPAI_DESKTOP-Runner-Mod Sync.log
2018-04-04 01:40:39: Cleanup old logs in S:/Documents/MinecraftModding/xcraftmod/src/_gsdata_
2018-04-04 01:40:39: Delete log file S:/Documents/MinecraftModding/xcraftmod/src/_gsdata_/2018-0328-013835-SENPAI_DESKTOP-Runner-Mod Sync.log
2018-04-04 01:40:39: Delete log file S:/Documents/MinecraftModding/xcraftmod/src/_gsdata_/2018-0328-013905-SENPAI_DESKTOP-Runner-Mod Sync.log
2018-04-04 01:40:39: Delete log file S:/Documents/MinecraftModding/xcraftmod/src/_gsdata_/2018-0328-013930-SENPAI_DESKTOP-Runner-Mod Sync.log
2018-04-04 01:40:39: Cleanup recycled files in gdrive://www.googleapis.com/Good Sync/Eclips Projects/Moding Minecraft 1.12.2/Application/_gsdata_/_saved_
2018-04-04 01:40:40: Change detected [0]: t=Created path=/main/resources/assets/sxm/models/block/ctm
2018-04-04 01:40:40: Change detected [0]: t=Created path=/main/resources/assets/sxm/models/block/ctm/canvas.cf
2018-04-04 01:40:40: Change detected [0]: t=Modified path=/main/resources/assets/sxm/models/block/ctm/canvas.cf
2018-04-04 01:40:40: Change detected [0]: t=Modified path=/main/resources/assets/sxm/models/block/ctm/canvas.cf
2018-04-04 01:40:40: Change detected [0]: t=Created path=/main/resources/assets/sxm/models/block/ctm/machine_advanced.cf
2018-04-04 01:40:40: Change detected [0]: t=Modified path=/main/resources/assets/sxm/models/block/ctm/machine_advanced.cf
2018-04-04 01:40:40: Change detected [0]: t=Modified path=/main/resources/assets/sxm/models/block/ctm/machine_advanced.cf
2018-04-04 01:40:40: Change detected [0]: t=Created path=/main/resources/assets/sxm/models/block/ctm/machine_basic.cf
2018-04-04 01:40:40: Change detected [0]: t=Modified path=/main/resources/assets/sxm/models/block/ctm/machine_basic.cf
2018-04-04 01:40:40: Change detected [0]: t=Modified path=/main/resources/assets/sxm/models/block/ctm/machine_basic.cf
2018-04-04 01:40:40: Change detected [0]: t=Created path=/main/resources/assets/sxm/models/item/block_breaker_advanced.json
2018-04-04 01:40:40: Change detected [0]: t=Modified path=/main/resources/assets/sxm/models/item/block_breaker_advanced.json
2018-04-04 01:40:40: Change detected [0]: t=Modified path=/main/resources/assets/sxm/models/item/block_breaker_advanced.json
2018-04-04 01:40:40: Change detected [0]: t=Created path=/main/resources/assets/sxm/models/item/block_breaker_basic.json
2018-04-04 01:40:40: Change detected [0]: t=Modified path=/main/resources/assets/sxm/models/item/block_breaker_basic.json
2018-04-04 01:40:40: Change detected [0]: t=Modified path=/main/resources/assets/sxm/models/item/block_breaker_basic.json
2018-04-04 01:40:40: Change detected [0]: t=Created path=/main/resources/assets/sxm/models/item/canvas.json
2018-04-04 01:40:40: Change detected [0]: t=Modified path=/main/resources/assets/sxm/models/item/canvas.json
2018-04-04 01:40:40: Change detected [0]: t=Modified path=/main/resources/assets/sxm/models/item/canvas.json
2018-04-04 01:40:40: Change detected [0]: t=Created path=/main/resources/assets/sxm/models/item/chip_advanced.json
2018-04-04 01:40:40: Change detected [0]: t=Modified path=/main/resources/assets/sxm/models/item/chip_advanced.json
2018-04-04 01:40:40: Change detected [0]: t=Modified path=/main/resources/assets/sxm/models/item/chip_advanced.json
2018-04-04 01:40:40: Change detected [0]: t=Created path=/main/resources/assets/sxm/models/item/chip_basic.json
2018-04-04 01:40:40: Change detected [0]: t=Modified path=/main/resources/assets/sxm/models/item/chip_basic.json
2018-04-04 01:40:40: Change detected [0]: t=Modified path=/main/resources/assets/sxm/models/item/chip_basic.json
2018-04-04 01:40:40: Change detected [0]: t=Created path=/main/resources/assets/sxm/models/item/cotton.json
2018-04-04 01:40:40: Change detected [0]: t=Modified path=/main/resources/assets/sxm/models/item/cotton.json
2018-04-04 01:40:40: Change detected [0]: t=Modified path=/main/resources/assets/sxm/models/item/cotton.json
2018-04-04 01:40:40: Change detected [0]: t=Created path=/main/resources/assets/sxm/models/item/fabric.json
2018-04-04 01:40:40: Change detected [0]: t=Modified path=/main/resources/assets/sxm/models/item/fabric.json
2018-04-04 01:40:40: Change detected [0]: t=Modified path=/main/resources/assets/sxm/models/item/fabric.json
2018-04-04 01:40:40: Change detected [0]: t=Created path=/main/resources/assets/sxm/models/item/gamemode_detector.json
2018-04-04 01:40:40: Change detected [0]: t=Modified path=/main/resources/assets/sxm/models/item/gamemode_detector.json
2018-04-04 01:40:40: Change detected [0]: t=Modified path=/main/resources/assets/sxm/models/item/gamemode_detector.json
2018-04-04 01:40:40: Change detected [0]: t=Created path=/main/resources/assets/sxm/models/item/heart.json
2018-04-04 01:40:40: Change detected [0]: t=Modified path=/main/resources/assets/sxm/models/item/heart.json
2018-04-04 01:40:40: Change detected [0]: t=Modified path=/main/resources/assets/sxm/models/item/heart.json
2018-04-04 01:40:40: Change detected [0]: t=Created path=/main/resources/assets/sxm/models/item/infinity_flame.json
2018-04-04 01:40:40: Change detected [0]: t=Modified path=/main/resources/assets/sxm/models/item/infinity_flame.json
2018-04-04 01:40:40: Change detected [0]: t=Modified path=/main/resources/assets/sxm/models/item/infinity_flame.json
2018-04-04 01:40:40: Change detected [0]: t=Created path=/main/resources/assets/sxm/models/item/machine_frame_advanced.json
2018-04-04 01:40:40: Change detected [0]: t=Modified path=/main/resources/assets/sxm/models/item/machine_frame_advanced.json
2018-04-04 01:40:40: Change detected [0]: t=Modified path=/main/resources/assets/sxm/models/item/machine_frame_advanced.json
2018-04-04 01:40:40: Change detected [0]: t=Created path=/main/resources/assets/sxm/models/item/machine_frame_basic.json
2018-04-04 01:40:40: Change detected [0]: t=Modified path=/main/resources/assets/sxm/models/item/machine_frame_basic.json
2018-04-04 01:40:40: Change detected [0]: t=Modified path=/main/resources/assets/sxm/models/item/machine_frame_basic.json
2018-04-04 01:40:40: Change detected [0]: t=Created path=/main/resources/assets/sxm/models/item/nice_biscuit.json
2018-04-04 01:40:40: Change detected [0]: t=Modified path=/main/resources/assets/sxm/models/item/nice_biscuit.json
2018-04-04 01:40:40: Change detected [0]: t=Modified path=/main/resources/assets/sxm/models/item/nice_biscuit.json
2018-04-04 01:40:40: Change detected [0]: t=Created path=/main/resources/assets/sxm/models/item/paint_brush.json
2018-04-04 01:40:40: Change detected [0]: t=Modified path=/main/resources/assets/sxm/models/item/paint_brush.json
2018-04-04 01:40:40: Change detected [0]: t=Modified path=/main/resources/assets/sxm/models/item/paint_brush.json
2018-04-04 01:40:40: Change detected [0]: t=Created path=/main/resources/assets/sxm/models/item/soul_stealer.json
2018-04-04 01:40:40: Change detected [0]: t=Modified path=/main/resources/assets/sxm/models/item/soul_stealer.json
2018-04-04 01:40:40: Change detected [0]: t=Modified path=/main/resources/assets/sxm/models/item/soul_stealer.json
2018-04-04 01:40:40: Change detected [0]: t=Created path=/main/resources/assets/sxm/models/item/tin_apple.json
2018-04-04 01:40:40: Change detected [0]: t=Modified path=/main/resources/assets/sxm/models/item/tin_apple.json
2018-04-04 01:40:40: Change detected [0]: t=Modified path=/main/resources/assets/sxm/models/item/tin_apple.json
2018-04-04 01:40:40: Change detected [0]: t=Created path=/main/resources/assets/sxm/models/item/tin_axe.json
2018-04-04 01:40:40: Change detected [0]: t=Modified path=/main/resources/assets/sxm/models/item/tin_axe.json
2018-04-04 01:40:40: Change detected [0]: t=Modified path=/main/resources/assets/sxm/models/item/tin_axe.json
2018-04-04 01:40:40: Change detected [0]: t=Created path=/main/resources/assets/sxm/models/item/tin_block.json
2018-04-04 01:40:40: Change detected [0]: t=Modified path=/main/resources/assets/sxm/models/item/tin_block.json
2018-04-04 01:40:40: Change detected [0]: t=Modified path=/main/resources/assets/sxm/models/item/tin_block.json
2018-04-04 01:40:40: Change detected [0]: t=Created path=/main/resources/assets/sxm/models/item/tin_boots.json
2018-04-04 01:40:40: Change detected [0]: t=Modified path=/main/resources/assets/sxm/models/item/tin_boots.json
2018-04-04 01:40:40: Change detected [0]: t=Modified path=/main/resources/assets/sxm/models/item/tin_boots.json
2018-04-04 01:40:40: Change detected [0]: t=Created path=/main/resources/assets/sxm/models/item/tin_button.json
2018-04-04 01:40:40: Change detected [0]: t=Modified path=/main/resources/assets/sxm/models/item/tin_button.json
2018-04-04 01:40:40: Change detected [0]: t=Modified path=/main/resources/assets/sxm/models/item/tin_button.json
2018-04-04 01:40:40: Change detected [0]: t=Created path=/main/resources/assets/sxm/models/item/tin_chestplate.json
2018-04-04 01:40:40: Change detected [0]: t=Modified path=/main/resources/assets/sxm/models/item/tin_chestplate.json
2018-04-04 01:40:40: Change detected [0]: t=Modified path=/main/resources/assets/sxm/models/item/tin_chestplate.json
2018-04-04 01:40:40: Change detected [0]: t=Created path=/main/resources/assets/sxm/models/item/tin_door.json
2018-04-04 01:40:40: Change detected [0]: t=Modified path=/main/resources/assets/sxm/models/item/tin_door.json
2018-04-04 01:40:40: Change detected [0]: t=Modified path=/main/resources/assets/sxm/models/item/tin_door.json
2018-04-04 01:40:40: Change detected [0]: t=Created path=/main/resources/assets/sxm/models/item/tin_fence.json
2018-04-04 01:40:40: Change detected [0]: t=Modified path=/main/resources/assets/sxm/models/item/tin_fence.json
2018-04-04 01:40:40: Change detected [0]: t=Modified path=/main/resources/assets/sxm/models/item/tin_fence.json
2018-04-04 01:40:40: Change detected [0]: t=Created path=/main/resources/assets/sxm/models/item/tin_fence_gate.json
2018-04-04 01:40:40: Change detected [0]: t=Modified path=/main/resources/assets/sxm/models/item/tin_fence_gate.json
2018-04-04 01:40:40: Change detected [0]: t=Modified path=/main/resources/assets/sxm/models/item/tin_fence_gate.json
2018-04-04 01:40:40: Change detected [0]: t=Created path=/main/resources/assets/sxm/models/item/tin_helmet.json
2018-04-04 01:40:40: Change detected [0]: t=Modified path=/main/resources/assets/sxm/models/item/tin_helmet.json
2018-04-04 01:40:40: Change detected [0]: t=Modified path=/main/resources/assets/sxm/models/item/tin_helmet.json
2018-04-04 01:40:40: Change detected [0]: t=Created path=/main/resources/assets/sxm/models/item/tin_hoe.json
2018-04-04 01:40:40: Change detected [0]: t=Modified path=/main/resources/assets/sxm/models/item/tin_hoe.json
2018-04-04 01:40:40: Change detected [0]: t=Modified path=/main/resources/assets/sxm/models/item/tin_hoe.json
2018-04-04 01:40:40: Change detected [0]: t=Created path=/main/resources/assets/sxm/models/item/tin_ingot.json
2018-04-04 01:40:40: Change detected [0]: t=Modified path=/main/resources/assets/sxm/models/item/tin_ingot.json
2018-04-04 01:40:40: Change detected [0]: t=Modified path=/main/resources/assets/sxm/models/item/tin_ingot.json
2018-04-04 01:40:40: Change detected [0]: t=Created path=/main/resources/assets/sxm/models/item/tin_leggings.json
2018-04-04 01:40:40: Change detected [0]: t=Modified path=/main/resources/assets/sxm/models/item/tin_leggings.json
2018-04-04 01:40:40: Change detected [0]: t=Modified path=/main/resources/assets/sxm/models/item/tin_leggings.json
2018-04-04 01:40:40: Change detected [0]: t=Created path=/main/resources/assets/sxm/models/item/tin_nugget.json
2018-04-04 01:40:40: Change detected [0]: t=Modified path=/main/resources/assets/sxm/models/item/tin_nugget.json
2018-04-04 01:40:40: Change detected [0]: t=Modified path=/main/resources/assets/sxm/models/item/tin_nugget.json
2018-04-04 01:40:40: Change detected [0]: t=Created path=/main/resources/assets/sxm/models/item/tin_ore.json
2018-04-04 01:40:40: Change detected [0]: t=Modified path=/main/resources/assets/sxm/models/item/tin_ore.json
2018-04-04 01:40:40: Change detected [0]: t=Modified path=/main/resources/assets/sxm/models/item/tin_ore.json
2018-04-04 01:40:40: Change detected [0]: t=Created path=/main/resources/assets/sxm/models/item/tin_ore_end.json
2018-04-04 01:40:40: Change detected [0]: t=Modified path=/main/resources/assets/sxm/models/item/tin_ore_end.json
2018-04-04 01:40:40: Change detected [0]: t=Modified path=/main/resources/assets/sxm/models/item/tin_ore_end.json
2018-04-04 01:40:40: Change detected [0]: t=Created path=/main/resources/assets/sxm/models/item/tin_ore_nether.json
2018-04-04 01:40:40: Change detected [0]: t=Modified path=/main/resources/assets/sxm/models/item/tin_ore_nether.json
2018-04-04 01:40:40: Change detected [0]: t=Modified path=/main/resources/assets/sxm/models/item/tin_ore_nether.json
2018-04-04 01:40:40: Change detected [0]: t=Created path=/main/resources/assets/sxm/models/item/tin_ore_overworld.json
2018-04-04 01:40:40: Change detected [0]: t=Modified path=/main/resources/assets/sxm/models/item/tin_ore_overworld.json
2018-04-04 01:40:40: Change detected [0]: t=Modified path=/main/resources/assets/sxm/models/item/tin_ore_overworld.json
2018-04-04 01:40:40: Change detected [0]: t=Created path=/main/resources/assets/sxm/models/item/tin_pickaxe.json
2018-04-04 01:40:40: Change detected [0]: t=Modified path=/main/resources/assets/sxm/models/item/tin_pickaxe.json
2018-04-04 01:40:40: Change detected [0]: t=Modified path=/main/resources/assets/sxm/models/item/tin_pickaxe.json
2018-04-04 01:40:40: Change detected [0]: t=Created path=/main/resources/assets/sxm/models/item/tin_pressure_plate.json
2018-04-04 01:40:40: Change detected [0]: t=Modified path=/main/resources/assets/sxm/models/item/tin_pressure_plate.json
2018-04-04 01:40:40: Change detected [0]: t=Modified path=/main/resources/assets/sxm/models/item/tin_pressure_plate.json
2018-04-04 01:40:40: Change detected [0]: t=Created path=/main/resources/assets/sxm/models/item/tin_shovel.json
2018-04-04 01:40:40: Change detected [0]: t=Modified path=/main/resources/assets/sxm/models/item/tin_shovel.json
2018-04-04 01:40:40: Change detected [0]: t=Modified path=/main/resources/assets/sxm/models/item/tin_shovel.json
2018-04-04 01:40:40: Change detected [0]: t=Created path=/main/resources/assets/sxm/models/item/tin_slab_half.json
2018-04-04 01:40:40: Change detected [0]: t=Modified path=/main/resources/assets/sxm/models/item/tin_slab_half.json
2018-04-04 01:40:40: Change detected [0]: t=Modified path=/main/resources/assets/sxm/models/item/tin_slab_half.json
2018-04-04 01:40:40: Change detected [0]: t=Created path=/main/resources/assets/sxm/models/item/tin_stairs.json
2018-04-04 01:40:40: Change detected [0]: t=Modified path=/main/resources/assets/sxm/models/item/tin_stairs.json
2018-04-04 01:40:40: Change detected [0]: t=Modified path=/main/resources/assets/sxm/models/item/tin_stairs.json
2018-04-04 01:40:40: Change detected [0]: t=Created path=/main/resources/assets/sxm/models/item/tin_stick.json
2018-04-04 01:40:40: Change detected [0]: t=Modified path=/main/resources/assets/sxm/models/item/tin_stick.json
2018-04-04 01:40:40: Change detected [0]: t=Modified path=/main/resources/assets/sxm/models/item/tin_stick.json
2018-04-04 01:40:40: Change detected [0]: t=Created path=/main/resources/assets/sxm/models/item/tin_sword.json
2018-04-04 01:40:40: Change detected [0]: t=Modified path=/main/resources/assets/sxm/models/item/tin_sword.json
2018-04-04 01:40:40: Change detected [0]: t=Modified path=/main/resources/assets/sxm/models/item/tin_sword.json
2018-04-04 01:40:40: Load Recycled DB: gdrive://www.googleapis.com/Good Sync/Eclips Projects/Moding Minecraft 1.12.2/Application/_gsdata_/_recycled_db._gs
2018-04-04 01:40:40: Deleted old log file C:/Users/Senpai/AppData/Roaming/GoodSync/_mirrors_/gdrive-Wicky_Gustave-0AGIAX4LCOy-XUk9PVA@www.googleapis.com-Good Sync-Eclips Projects-Moding Minecraft 1.12.2-Application/2018-0328-013835-SENPAI_DESKTOP-Runner-Mod Sync.log
2018-04-04 01:40:40: Deleted old log file C:/Users/Senpai/AppData/Roaming/GoodSync/_mirrors_/gdrive-Wicky_Gustave-0AGIAX4LCOy-XUk9PVA@www.googleapis.com-Good Sync-Eclips Projects-Moding Minecraft 1.12.2-Application/2018-0328-013905-SENPAI_DESKTOP-Runner-Mod Sync.log
2018-04-04 01:40:40: Deleted old log file C:/Users/Senpai/AppData/Roaming/GoodSync/_mirrors_/gdrive-Wicky_Gustave-0AGIAX4LCOy-XUk9PVA@www.googleapis.com-Good Sync-Eclips Projects-Moding Minecraft 1.12.2-Application/2018-0328-013930-SENPAI_DESKTOP-Runner-Mod Sync.log
2018-04-04 01:40:40: Deleted old log file C:/Users/Senpai/AppData/Roaming/GoodSync/_mirrors_/gdrive-Wicky_Gustave-0AGIAX4LCOy-XUk9PVA@www.googleapis.com-Good Sync-Eclips Projects-Moding Minecraft 1.12.2-Application/2018-0328-013957-SENPAI_DESKTOP-Runner-Mod Sync.log
2018-04-04 01:40:40: Cleanup old logs in gdrive://www.googleapis.com/Good Sync/Eclips Projects/Moding Minecraft 1.12.2/Application/_gsdata_
2018-04-04 01:40:41: Change detected [0]: t=Modified path=/main/resources/assets/sxm/sounds/block/tin_fence_gate/close.ogg
2018-04-04 01:40:41: Delete log file gdrive://www.googleapis.com/Good Sync/Eclips Projects/Moding Minecraft 1.12.2/Application/_gsdata_/2018-0328-013835-SENPAI_DESKTOP-Runner-Mod Sync.log
2018-04-04 01:40:41: Delete log file gdrive://www.googleapis.com/Good Sync/Eclips Projects/Moding Minecraft 1.12.2/Application/_gsdata_/2018-0328-013905-SENPAI_DESKTOP-Runner-Mod Sync.log
2018-04-04 01:40:42: Delete log file gdrive://www.googleapis.com/Good Sync/Eclips Projects/Moding Minecraft 1.12.2/Application/_gsdata_/2018-0328-013930-SENPAI_DESKTOP-Runner-Mod Sync.log
2018-04-04 01:40:42: == Sync Complete. Time: 00:00:31, Speed: 10.9 KB/s, OK: 26, Errors: 0
2018-04-04 01:40:42: Unlocking folder S:/Documents/MinecraftModding/xcraftmod/src/_gsdata_/lock.gsl
2018-04-04 01:40:42: Unlocking folder gdrive://www.googleapis.com/Good Sync/Eclips Projects/Moding Minecraft 1.12.2/Application/_gsdata_/lock.gsl
2018-04-04 01:40:44: 
