2018-04-03 00:15:35: Connected to S:\Documents\MinecraftModding\xcraftmod\src: S: NTFS: type=NTFS vol=Data Storage flags=3E706FF
2018-04-03 00:15:35: Connected to gdrive://www.googleapis.com/Good Sync/Eclips Projects/Moding Minecraft 1.12.2/Application
2018-04-03 00:15:35: Incremental Analyze for On File Change
2018-04-03 00:15:36: -- Analysis Started by On File Change, After Delay, Under Runner
2018-04-03 00:15:36: Mod Sync: ANALYSIS started by On File Change, After Delay, Under Runner on 'SENPAI_DESKTOP' (GoodSync 10.8.1.1)
2018-04-03 00:15:36: =Data Storage:\Documents\MinecraftModding\xcraftmod\src (S:/Documents/MinecraftModding/xcraftmod/src) [TmpDest] <-> gdrive://www.googleapis.com/Good Sync/Eclips Projects/Moding Minecraft 1.12.2/Application [DirDest], RecycleTo_RecycleBin, SaveDays_RecycleBin=30d, ReconnectSecs=120, SyncWorkerThreads=99, OnFileChange Delay=5, Unattended, WaitForLocksMin=20, ResolveConflicts=NewerFileWins, AutoClear, LinksIgnore
2018-04-03 00:15:36: Exclude Hidden, Exclude System, Exclude name *._gstmp|/System Volume Information|Thumbs.db|.DS_Store 
2018-04-03 00:15:36: Locking folder S:/Documents/MinecraftModding/xcraftmod/src for write
2018-04-03 00:15:36: Change Analyzed: S:/Documents/MinecraftModding/xcraftmod/src/main/java/com/senpai/objects/blocks/machines/engineering/BlockEnergyCell.java
2018-04-03 00:15:36: Change Analyzed: S:/Documents/MinecraftModding/xcraftmod/src/main/java/com/senpai/objects/blocks/machines/engineering/BlockEnergyCell.java
2018-04-03 00:15:36: Locking folder gdrive://www.googleapis.com/Good Sync/Eclips Projects/Moding Minecraft 1.12.2/Application for write
2018-04-03 00:15:36: Change detected [0]: t=Modified path=/main/java/com/senpai/objects/blocks/machines/engineering/BlockEnergyCell.java
2018-04-03 00:15:55: On disk file:///S: space required for sync is 0 bytes, you have 1.25 TB
2018-04-03 00:15:55: On disk gdrive://www.googleapis.com space required for sync is 6.00 KB, you have 12.4 GB
2018-04-03 00:15:56: Changes: 1, Conflicts: 0, CopyTime: 0, FixState: 0, Errors: 0, All: 22051
2018-04-03 00:15:56: Left to Right: Copy File: 1 
2018-04-03 00:15:56: -- Analysis Complete. Time 00:00:21, Speed: 17 files/s
2018-04-03 00:15:56: == Sync Started by On File Change, After Delay, Under Runner
2018-04-03 00:15:56: Mod Sync: SYNC started by On File Change, After Delay, Under Runner on 'SENPAI_DESKTOP'
2018-04-03 00:15:56: =Data Storage:\Documents\MinecraftModding\xcraftmod\src (S:/Documents/MinecraftModding/xcraftmod/src) [TmpDest] <-> gdrive://www.googleapis.com/Good Sync/Eclips Projects/Moding Minecraft 1.12.2/Application [DirDest], RecycleTo_RecycleBin, SaveDays_RecycleBin=30d, ReconnectSecs=120, SyncWorkerThreads=99, OnFileChange Delay=5, Unattended, WaitForLocksMin=20, ResolveConflicts=NewerFileWins, AutoClear, LinksIgnore
2018-04-03 00:15:56: File Systems limited number of parallel threads to 20
2018-04-03 00:15:56: Start only 1 threads, limited by tasks to run
2018-04-03 00:15:58: Load Recycled DB: gdrive://www.googleapis.com/Good Sync/Eclips Projects/Moding Minecraft 1.12.2/Application/_gsdata_/_recycled_db._gs
2018-04-03 00:16:00: Copy Over 'S:/Documents/MinecraftModding/xcraftmod/src/main/java/com/senpai/objects/blocks/machines/engineering/BlockEnergyCell.java' -> 'gdrive://www.googleapis.com/Good Sync/Eclips Projects/Moding Minecraft 1.12.2/Application/main/java/com/senpai/objects/blocks/machines/engineering/BlockEnergyCell.java' (5309)
2018-04-03 00:16:00: Save State File S:/Documents/MinecraftModding/xcraftmod/src/_gsdata_/_file_state_v4._gs
2018-04-03 00:16:02: Save State File gdrive://www.googleapis.com/Good Sync/Eclips Projects/Moding Minecraft 1.12.2/Application/_gsdata_/_file_state_v4._gs
2018-04-03 00:16:02: Cleanup recycled files in S:/Documents/MinecraftModding/xcraftmod/src/_gsdata_/_saved_
2018-04-03 00:16:02: Load Recycled DB: S:/Documents/MinecraftModding/xcraftmod/src/_gsdata_/_recycled_db._gs
2018-04-03 00:16:03: Change detected [1]: t=Modified path=/main/java/com/senpai/objects/blocks/machines/engineering/BlockEnergyCell.java
2018-04-03 00:16:03: Deleted old log file C:/Users/Senpai/AppData/Roaming/GoodSync/_mirrors_/file-=Data Storage-Documents-MinecraftModding-xcraftmod-src/2018-0326-235703-SENPAI_DESKTOP-Runner-Mod Sync.log
2018-04-03 00:16:03: Deleted old log file C:/Users/Senpai/AppData/Roaming/GoodSync/_mirrors_/file-=Data Storage-Documents-MinecraftModding-xcraftmod-src/2018-0326-235751-SENPAI_DESKTOP-Runner-Mod Sync.log
2018-04-03 00:16:03: Deleted old log file C:/Users/Senpai/AppData/Roaming/GoodSync/_mirrors_/file-=Data Storage-Documents-MinecraftModding-xcraftmod-src/2018-0326-235812-SENPAI_DESKTOP-Runner-Mod Sync.log
2018-04-03 00:16:03: Deleted old log file C:/Users/Senpai/AppData/Roaming/GoodSync/_mirrors_/file-=Data Storage-Documents-MinecraftModding-xcraftmod-src/2018-0326-235833-SENPAI_DESKTOP-Runner-Mod Sync.log
2018-04-03 00:16:03: Deleted old log file C:/Users/Senpai/AppData/Roaming/GoodSync/_mirrors_/file-=Data Storage-Documents-MinecraftModding-xcraftmod-src/2018-0327-000018-SENPAI_DESKTOP-Runner-Mod Sync.log
2018-04-03 00:16:03: Deleted old log file C:/Users/Senpai/AppData/Roaming/GoodSync/_mirrors_/file-=Data Storage-Documents-MinecraftModding-xcraftmod-src/2018-0327-000039-SENPAI_DESKTOP-Runner-Mod Sync.log
2018-04-03 00:16:03: Deleted old log file C:/Users/Senpai/AppData/Roaming/GoodSync/_mirrors_/file-=Data Storage-Documents-MinecraftModding-xcraftmod-src/2018-0327-000142-SENPAI_DESKTOP-Runner-Mod Sync.log
2018-04-03 00:16:03: Deleted old log file C:/Users/Senpai/AppData/Roaming/GoodSync/_mirrors_/file-=Data Storage-Documents-MinecraftModding-xcraftmod-src/2018-0327-000203-SENPAI_DESKTOP-Runner-Mod Sync.log
2018-04-03 00:16:03: Deleted old log file C:/Users/Senpai/AppData/Roaming/GoodSync/_mirrors_/file-=Data Storage-Documents-MinecraftModding-xcraftmod-src/2018-0327-001106-SENPAI_DESKTOP-Runner-Mod Sync.log
2018-04-03 00:16:03: Deleted old log file C:/Users/Senpai/AppData/Roaming/GoodSync/_mirrors_/file-=Data Storage-Documents-MinecraftModding-xcraftmod-src/2018-0327-001133-SENPAI_DESKTOP-Runner-Mod Sync.log
2018-04-03 00:16:03: Deleted old log file C:/Users/Senpai/AppData/Roaming/GoodSync/_mirrors_/file-=Data Storage-Documents-MinecraftModding-xcraftmod-src/2018-0327-001209-SENPAI_DESKTOP-Runner-Mod Sync.log
2018-04-03 00:16:03: Deleted old log file C:/Users/Senpai/AppData/Roaming/GoodSync/_mirrors_/file-=Data Storage-Documents-MinecraftModding-xcraftmod-src/2018-0327-001230-SENPAI_DESKTOP-Runner-Mod Sync.log
2018-04-03 00:16:03: Deleted old log file C:/Users/Senpai/AppData/Roaming/GoodSync/_mirrors_/file-=Data Storage-Documents-MinecraftModding-xcraftmod-src/2018-0327-001357-SENPAI_DESKTOP-Runner-Mod Sync.log
2018-04-03 00:16:03: Deleted old log file C:/Users/Senpai/AppData/Roaming/GoodSync/_mirrors_/file-=Data Storage-Documents-MinecraftModding-xcraftmod-src/2018-0327-001418-SENPAI_DESKTOP-Runner-Mod Sync.log
2018-04-03 00:16:03: Deleted old log file C:/Users/Senpai/AppData/Roaming/GoodSync/_mirrors_/file-=Data Storage-Documents-MinecraftModding-xcraftmod-src/2018-0327-001448-SENPAI_DESKTOP-Runner-Mod Sync.log
2018-04-03 00:16:03: Deleted old log file C:/Users/Senpai/AppData/Roaming/GoodSync/_mirrors_/file-=Data Storage-Documents-MinecraftModding-xcraftmod-src/2018-0327-001509-SENPAI_DESKTOP-Runner-Mod Sync.log
2018-04-03 00:16:03: Deleted old log file C:/Users/Senpai/AppData/Roaming/GoodSync/_mirrors_/file-=Data Storage-Documents-MinecraftModding-xcraftmod-src/2018-0327-001533-SENPAI_DESKTOP-Runner-Mod Sync.log
2018-04-03 00:16:03: Cleanup old logs in S:/Documents/MinecraftModding/xcraftmod/src/_gsdata_
2018-04-03 00:16:03: Delete log file S:/Documents/MinecraftModding/xcraftmod/src/_gsdata_/2018-0326-235751-SENPAI_DESKTOP-Runner-Mod Sync.log
2018-04-03 00:16:03: Delete log file S:/Documents/MinecraftModding/xcraftmod/src/_gsdata_/2018-0326-235812-SENPAI_DESKTOP-Runner-Mod Sync.log
2018-04-03 00:16:03: Delete log file S:/Documents/MinecraftModding/xcraftmod/src/_gsdata_/2018-0327-000018-SENPAI_DESKTOP-Runner-Mod Sync.log
2018-04-03 00:16:03: Delete log file S:/Documents/MinecraftModding/xcraftmod/src/_gsdata_/2018-0327-000142-SENPAI_DESKTOP-Runner-Mod Sync.log
2018-04-03 00:16:03: Delete log file S:/Documents/MinecraftModding/xcraftmod/src/_gsdata_/2018-0327-001106-SENPAI_DESKTOP-Runner-Mod Sync.log
2018-04-03 00:16:03: Delete log file S:/Documents/MinecraftModding/xcraftmod/src/_gsdata_/2018-0327-001209-SENPAI_DESKTOP-Runner-Mod Sync.log
2018-04-03 00:16:03: Delete log file S:/Documents/MinecraftModding/xcraftmod/src/_gsdata_/2018-0327-001357-SENPAI_DESKTOP-Runner-Mod Sync.log
2018-04-03 00:16:03: Delete log file S:/Documents/MinecraftModding/xcraftmod/src/_gsdata_/2018-0327-001448-SENPAI_DESKTOP-Runner-Mod Sync.log
2018-04-03 00:16:03: Delete log file S:/Documents/MinecraftModding/xcraftmod/src/_gsdata_/2018-0327-001533-SENPAI_DESKTOP-Runner-Mod Sync.log
2018-04-03 00:16:03: Cleanup recycled files in gdrive://www.googleapis.com/Good Sync/Eclips Projects/Moding Minecraft 1.12.2/Application/_gsdata_/_saved_
2018-04-03 00:16:04: Change detected [1]: t=Created path=/main/java/com/senpai/objects/blocks/machines/engineering/BlockEnergyCell.java
2018-04-03 00:16:04: Change detected [1]: t=MovedFrom path=/main/java/com/senpai/objects/blocks/machines/engineering/BlockEnergyCell.java
2018-04-03 00:16:05: Save Recycled DB: gdrive://www.googleapis.com/Good Sync/Eclips Projects/Moding Minecraft 1.12.2/Application/_gsdata_/_recycled_db._gs
2018-04-03 00:16:06: Deleted old log file C:/Users/Senpai/AppData/Roaming/GoodSync/_mirrors_/gdrive-Wicky_Gustave-0AGIAX4LCOy-XUk9PVA@www.googleapis.com-Good Sync-Eclips Projects-Moding Minecraft 1.12.2-Application/2018-0326-235703-SENPAI_DESKTOP-Runner-Mod Sync.log
2018-04-03 00:16:06: Deleted old log file C:/Users/Senpai/AppData/Roaming/GoodSync/_mirrors_/gdrive-Wicky_Gustave-0AGIAX4LCOy-XUk9PVA@www.googleapis.com-Good Sync-Eclips Projects-Moding Minecraft 1.12.2-Application/2018-0326-235751-SENPAI_DESKTOP-Runner-Mod Sync.log
2018-04-03 00:16:06: Deleted old log file C:/Users/Senpai/AppData/Roaming/GoodSync/_mirrors_/gdrive-Wicky_Gustave-0AGIAX4LCOy-XUk9PVA@www.googleapis.com-Good Sync-Eclips Projects-Moding Minecraft 1.12.2-Application/2018-0326-235812-SENPAI_DESKTOP-Runner-Mod Sync.log
2018-04-03 00:16:06: Deleted old log file C:/Users/Senpai/AppData/Roaming/GoodSync/_mirrors_/gdrive-Wicky_Gustave-0AGIAX4LCOy-XUk9PVA@www.googleapis.com-Good Sync-Eclips Projects-Moding Minecraft 1.12.2-Application/2018-0326-235833-SENPAI_DESKTOP-Runner-Mod Sync.log
2018-04-03 00:16:06: Deleted old log file C:/Users/Senpai/AppData/Roaming/GoodSync/_mirrors_/gdrive-Wicky_Gustave-0AGIAX4LCOy-XUk9PVA@www.googleapis.com-Good Sync-Eclips Projects-Moding Minecraft 1.12.2-Application/2018-0327-000018-SENPAI_DESKTOP-Runner-Mod Sync.log
2018-04-03 00:16:06: Deleted old log file C:/Users/Senpai/AppData/Roaming/GoodSync/_mirrors_/gdrive-Wicky_Gustave-0AGIAX4LCOy-XUk9PVA@www.googleapis.com-Good Sync-Eclips Projects-Moding Minecraft 1.12.2-Application/2018-0327-000039-SENPAI_DESKTOP-Runner-Mod Sync.log
2018-04-03 00:16:06: Deleted old log file C:/Users/Senpai/AppData/Roaming/GoodSync/_mirrors_/gdrive-Wicky_Gustave-0AGIAX4LCOy-XUk9PVA@www.googleapis.com-Good Sync-Eclips Projects-Moding Minecraft 1.12.2-Application/2018-0327-000142-SENPAI_DESKTOP-Runner-Mod Sync.log
2018-04-03 00:16:06: Deleted old log file C:/Users/Senpai/AppData/Roaming/GoodSync/_mirrors_/gdrive-Wicky_Gustave-0AGIAX4LCOy-XUk9PVA@www.googleapis.com-Good Sync-Eclips Projects-Moding Minecraft 1.12.2-Application/2018-0327-000203-SENPAI_DESKTOP-Runner-Mod Sync.log
2018-04-03 00:16:06: Deleted old log file C:/Users/Senpai/AppData/Roaming/GoodSync/_mirrors_/gdrive-Wicky_Gustave-0AGIAX4LCOy-XUk9PVA@www.googleapis.com-Good Sync-Eclips Projects-Moding Minecraft 1.12.2-Application/2018-0327-001106-SENPAI_DESKTOP-Runner-Mod Sync.log
2018-04-03 00:16:06: Deleted old log file C:/Users/Senpai/AppData/Roaming/GoodSync/_mirrors_/gdrive-Wicky_Gustave-0AGIAX4LCOy-XUk9PVA@www.googleapis.com-Good Sync-Eclips Projects-Moding Minecraft 1.12.2-Application/2018-0327-001133-SENPAI_DESKTOP-Runner-Mod Sync.log
2018-04-03 00:16:06: Deleted old log file C:/Users/Senpai/AppData/Roaming/GoodSync/_mirrors_/gdrive-Wicky_Gustave-0AGIAX4LCOy-XUk9PVA@www.googleapis.com-Good Sync-Eclips Projects-Moding Minecraft 1.12.2-Application/2018-0327-001209-SENPAI_DESKTOP-Runner-Mod Sync.log
2018-04-03 00:16:06: Deleted old log file C:/Users/Senpai/AppData/Roaming/GoodSync/_mirrors_/gdrive-Wicky_Gustave-0AGIAX4LCOy-XUk9PVA@www.googleapis.com-Good Sync-Eclips Projects-Moding Minecraft 1.12.2-Application/2018-0327-001230-SENPAI_DESKTOP-Runner-Mod Sync.log
2018-04-03 00:16:06: Deleted old log file C:/Users/Senpai/AppData/Roaming/GoodSync/_mirrors_/gdrive-Wicky_Gustave-0AGIAX4LCOy-XUk9PVA@www.googleapis.com-Good Sync-Eclips Projects-Moding Minecraft 1.12.2-Application/2018-0327-001357-SENPAI_DESKTOP-Runner-Mod Sync.log
2018-04-03 00:16:06: Deleted old log file C:/Users/Senpai/AppData/Roaming/GoodSync/_mirrors_/gdrive-Wicky_Gustave-0AGIAX4LCOy-XUk9PVA@www.googleapis.com-Good Sync-Eclips Projects-Moding Minecraft 1.12.2-Application/2018-0327-001418-SENPAI_DESKTOP-Runner-Mod Sync.log
2018-04-03 00:16:06: Deleted old log file C:/Users/Senpai/AppData/Roaming/GoodSync/_mirrors_/gdrive-Wicky_Gustave-0AGIAX4LCOy-XUk9PVA@www.googleapis.com-Good Sync-Eclips Projects-Moding Minecraft 1.12.2-Application/2018-0327-001448-SENPAI_DESKTOP-Runner-Mod Sync.log
2018-04-03 00:16:06: Deleted old log file C:/Users/Senpai/AppData/Roaming/GoodSync/_mirrors_/gdrive-Wicky_Gustave-0AGIAX4LCOy-XUk9PVA@www.googleapis.com-Good Sync-Eclips Projects-Moding Minecraft 1.12.2-Application/2018-0327-001509-SENPAI_DESKTOP-Runner-Mod Sync.log
2018-04-03 00:16:06: Deleted old log file C:/Users/Senpai/AppData/Roaming/GoodSync/_mirrors_/gdrive-Wicky_Gustave-0AGIAX4LCOy-XUk9PVA@www.googleapis.com-Good Sync-Eclips Projects-Moding Minecraft 1.12.2-Application/2018-0327-001533-SENPAI_DESKTOP-Runner-Mod Sync.log
2018-04-03 00:16:06: Deleted old log file C:/Users/Senpai/AppData/Roaming/GoodSync/_mirrors_/gdrive-Wicky_Gustave-0AGIAX4LCOy-XUk9PVA@www.googleapis.com-Good Sync-Eclips Projects-Moding Minecraft 1.12.2-Application/2018-0327-001557-SENPAI_DESKTOP-Runner-Mod Sync.log
2018-04-03 00:16:06: Cleanup old logs in gdrive://www.googleapis.com/Good Sync/Eclips Projects/Moding Minecraft 1.12.2/Application/_gsdata_
2018-04-03 00:16:06: Delete log file gdrive://www.googleapis.com/Good Sync/Eclips Projects/Moding Minecraft 1.12.2/Application/_gsdata_/2018-0327-001448-SENPAI_DESKTOP-Runner-Mod Sync.log
2018-04-03 00:16:07: Delete log file gdrive://www.googleapis.com/Good Sync/Eclips Projects/Moding Minecraft 1.12.2/Application/_gsdata_/2018-0327-001209-SENPAI_DESKTOP-Runner-Mod Sync.log
2018-04-03 00:16:08: Delete log file gdrive://www.googleapis.com/Good Sync/Eclips Projects/Moding Minecraft 1.12.2/Application/_gsdata_/2018-0327-000018-SENPAI_DESKTOP-Runner-Mod Sync.log
2018-04-03 00:16:08: Delete log file gdrive://www.googleapis.com/Good Sync/Eclips Projects/Moding Minecraft 1.12.2/Application/_gsdata_/2018-0326-235751-SENPAI_DESKTOP-Runner-Mod Sync.log
2018-04-03 00:16:09: Delete log file gdrive://www.googleapis.com/Good Sync/Eclips Projects/Moding Minecraft 1.12.2/Application/_gsdata_/2018-0326-235812-SENPAI_DESKTOP-Runner-Mod Sync.log
2018-04-03 00:16:09: Delete log file gdrive://www.googleapis.com/Good Sync/Eclips Projects/Moding Minecraft 1.12.2/Application/_gsdata_/2018-0327-001357-SENPAI_DESKTOP-Runner-Mod Sync.log
2018-04-03 00:16:10: Delete log file gdrive://www.googleapis.com/Good Sync/Eclips Projects/Moding Minecraft 1.12.2/Application/_gsdata_/2018-0327-001106-SENPAI_DESKTOP-Runner-Mod Sync.log
2018-04-03 00:16:11: Delete log file gdrive://www.googleapis.com/Good Sync/Eclips Projects/Moding Minecraft 1.12.2/Application/_gsdata_/2018-0327-000142-SENPAI_DESKTOP-Runner-Mod Sync.log
2018-04-03 00:16:11: Delete log file gdrive://www.googleapis.com/Good Sync/Eclips Projects/Moding Minecraft 1.12.2/Application/_gsdata_/2018-0327-001533-SENPAI_DESKTOP-Runner-Mod Sync.log
2018-04-03 00:16:11: == Sync Complete. Time: 00:00:15, Speed: 1.74 KB/s, OK: 1, Errors: 0
2018-04-03 00:16:11: Unlocking folder S:/Documents/MinecraftModding/xcraftmod/src/_gsdata_/lock.gsl
2018-04-03 00:16:11: Unlocking folder gdrive://www.googleapis.com/Good Sync/Eclips Projects/Moding Minecraft 1.12.2/Application/_gsdata_/lock.gsl
2018-04-03 00:16:13: 
