2018-04-02 16:36:16: Connected to S:\Documents\MinecraftModding\xcraftmod\src: S: NTFS: type=NTFS vol=Data Storage flags=3E706FF
2018-04-02 16:36:16: Connected to gdrive://www.googleapis.com/Good Sync/Eclips Projects/Moding Minecraft 1.12.2/Application
2018-04-02 16:36:16: Incremental Analyze for On File Change
2018-04-02 16:36:16: -- Analysis Started by On File Change, After Delay, Under Runner
2018-04-02 16:36:16: Mod Sync: ANALYSIS started by On File Change, After Delay, Under Runner on 'SENPAI_DESKTOP' (GoodSync 10.8.1.1)
2018-04-02 16:36:16: =Data Storage:\Documents\MinecraftModding\xcraftmod\src (S:/Documents/MinecraftModding/xcraftmod/src) [TmpDest] <-> gdrive://www.googleapis.com/Good Sync/Eclips Projects/Moding Minecraft 1.12.2/Application [DirDest], RecycleTo_RecycleBin, SaveDays_RecycleBin=30d, ReconnectSecs=120, SyncWorkerThreads=99, OnFileChange Delay=5, Unattended, WaitForLocksMin=20, ResolveConflicts=NewerFileWins, AutoClear, LinksIgnore
2018-04-02 16:36:16: Exclude Hidden, Exclude System, Exclude name *._gstmp|/System Volume Information|Thumbs.db|.DS_Store 
2018-04-02 16:36:16: Locking folder S:/Documents/MinecraftModding/xcraftmod/src for write
2018-04-02 16:36:16: Change Analyzed: S:/Documents/MinecraftModding/xcraftmod/src/main/java/com/senpai/tileEntity/copy/TileEntityEnergyCell.java
2018-04-02 16:36:16: Change Analyzed: S:/Documents/MinecraftModding/xcraftmod/src/main/java/com/senpai/tileEntity/copy
2018-04-02 16:36:16: Change Analyzed: S:/Documents/MinecraftModding/xcraftmod/src/main/java/com/senpai/tileEntity/copy/TileEntityPipe.java
2018-04-02 16:36:16: Change Analyzed: S:/Documents/MinecraftModding/xcraftmod/src/main/java/com/senpai/tileEntity/copy
2018-04-02 16:36:16: Change Analyzed: S:/Documents/MinecraftModding/xcraftmod/src/main/java/com/senpai/tileEntity/copy
2018-04-02 16:36:16: Change Analyzed: S:/Documents/MinecraftModding/xcraftmod/src/main/java/com/senpai/container/copy/ContainerEnergyCell.java
2018-04-02 16:36:16: Change Analyzed: S:/Documents/MinecraftModding/xcraftmod/src/main/java/com/senpai/container/copy
2018-04-02 16:36:16: Change Analyzed: S:/Documents/MinecraftModding/xcraftmod/src/main/java/com/senpai/container/copy
2018-04-02 16:36:16: Locking folder gdrive://www.googleapis.com/Good Sync/Eclips Projects/Moding Minecraft 1.12.2/Application for write
2018-04-02 16:36:18: Change Analyzed: gdrive://www.googleapis.com/Good Sync/Eclips Projects/Moding Minecraft 1.12.2/Application/main/java/com/senpai/tileEntity/copy/TileEntityPipe.java
2018-04-02 16:36:18: Change Analyzed: gdrive://www.googleapis.com/Good Sync/Eclips Projects/Moding Minecraft 1.12.2/Application/main/java/com/senpai/tileEntity/copy/TileEntityPipe.java
2018-04-02 16:36:18: Change Analyzed: gdrive://www.googleapis.com/Good Sync/Eclips Projects/Moding Minecraft 1.12.2/Application/main/java/com/senpai/tileEntity/copy/TileEntityEnergyCell.java
2018-04-02 16:36:18: Change Analyzed: gdrive://www.googleapis.com/Good Sync/Eclips Projects/Moding Minecraft 1.12.2/Application/main/java/com/senpai/tileEntity/copy/TileEntityEnergyCell.java
2018-04-02 16:36:18: Change Analyzed: gdrive://www.googleapis.com/Good Sync/Eclips Projects/Moding Minecraft 1.12.2/Application/main/java/com/senpai/container/copy/ContainerEnergyCell.java
2018-04-02 16:36:19: Change Analyzed: gdrive://www.googleapis.com/Good Sync/Eclips Projects/Moding Minecraft 1.12.2/Application/main/java/com/senpai/container/copy/ContainerEnergyCell.java
2018-04-02 16:36:19: Change Analyzed: gdrive://www.googleapis.com/Good Sync/Eclips Projects/Moding Minecraft 1.12.2/Application/main/java/com/senpai/tileEntity/copy
2018-04-02 16:36:19: Change Analyzed: gdrive://www.googleapis.com/Good Sync/Eclips Projects/Moding Minecraft 1.12.2/Application/main/java/com/senpai/container/copy
2018-04-02 16:36:19: On disk file:///S: space required for sync is 0 bytes, you have 1.25 TB
2018-04-02 16:36:19: On disk gdrive://www.googleapis.com space required for sync is 0 bytes, you have 12.4 GB
2018-04-02 16:36:19: Changes: 5, Conflicts: 0, CopyTime: 0, FixState: 0, Errors: 0, All: 21930
2018-04-02 16:36:19: Left to Right: Delete File: 5 
2018-04-02 16:36:19: -- Analysis Complete. Time 00:00:04, Speed: 75 files/s
2018-04-02 16:36:19: == Sync Started by On File Change, After Delay, Under Runner
2018-04-02 16:36:19: Mod Sync: SYNC started by On File Change, After Delay, Under Runner on 'SENPAI_DESKTOP'
2018-04-02 16:36:19: =Data Storage:\Documents\MinecraftModding\xcraftmod\src (S:/Documents/MinecraftModding/xcraftmod/src) [TmpDest] <-> gdrive://www.googleapis.com/Good Sync/Eclips Projects/Moding Minecraft 1.12.2/Application [DirDest], RecycleTo_RecycleBin, SaveDays_RecycleBin=30d, ReconnectSecs=120, SyncWorkerThreads=99, OnFileChange Delay=5, Unattended, WaitForLocksMin=20, ResolveConflicts=NewerFileWins, AutoClear, LinksIgnore
2018-04-02 16:36:21: Load Recycled DB: gdrive://www.googleapis.com/Good Sync/Eclips Projects/Moding Minecraft 1.12.2/Application/_gsdata_/_recycled_db._gs
2018-04-02 16:36:21: Delete File 'gdrive://www.googleapis.com/Good Sync/Eclips Projects/Moding Minecraft 1.12.2/Application/main/java/com/senpai/container/copy/ContainerEnergyCell.java'
2018-04-02 16:36:22: Delete Folder 'gdrive://www.googleapis.com/Good Sync/Eclips Projects/Moding Minecraft 1.12.2/Application/main/java/com/senpai/container/copy'
2018-04-02 16:36:23: Delete File 'gdrive://www.googleapis.com/Good Sync/Eclips Projects/Moding Minecraft 1.12.2/Application/main/java/com/senpai/tileEntity/copy/TileEntityEnergyCell.java'
2018-04-02 16:36:24: Delete File 'gdrive://www.googleapis.com/Good Sync/Eclips Projects/Moding Minecraft 1.12.2/Application/main/java/com/senpai/tileEntity/copy/TileEntityPipe.java'
2018-04-02 16:36:24: Delete Folder 'gdrive://www.googleapis.com/Good Sync/Eclips Projects/Moding Minecraft 1.12.2/Application/main/java/com/senpai/tileEntity/copy'
2018-04-02 16:36:24: File Systems limited number of parallel threads to 20
2018-04-02 16:36:24: Start only 0 threads, limited by tasks to run
2018-04-02 16:36:25: Save State File S:/Documents/MinecraftModding/xcraftmod/src/_gsdata_/_file_state_v4._gs
2018-04-02 16:36:26: Change detected [1]: t=Deleted path=/main/java/com/senpai/tileEntity/copy
2018-04-02 16:36:26: Change detected [1]: t=MovedFrom path=/main/java/com/senpai/tileEntity/copy/TileEntityPipe.java
2018-04-02 16:36:26: Change detected [1]: t=MovedFrom path=/main/java/com/senpai/tileEntity/copy/TileEntityEnergyCell.java
2018-04-02 16:36:26: Change detected [1]: t=Deleted path=/main/java/com/senpai/container/copy
2018-04-02 16:36:26: Change detected [1]: t=MovedFrom path=/main/java/com/senpai/container/copy/ContainerEnergyCell.java
2018-04-02 16:36:27: Save State File gdrive://www.googleapis.com/Good Sync/Eclips Projects/Moding Minecraft 1.12.2/Application/_gsdata_/_file_state_v4._gs
2018-04-02 16:36:27: Cleanup recycled files in S:/Documents/MinecraftModding/xcraftmod/src/_gsdata_/_saved_
2018-04-02 16:36:27: Load Recycled DB: S:/Documents/MinecraftModding/xcraftmod/src/_gsdata_/_recycled_db._gs
2018-04-02 16:36:27: Cleanup old logs in S:/Documents/MinecraftModding/xcraftmod/src/_gsdata_
2018-04-02 16:36:27: Cleanup recycled files in gdrive://www.googleapis.com/Good Sync/Eclips Projects/Moding Minecraft 1.12.2/Application/_gsdata_/_saved_
2018-04-02 16:36:28: Save Recycled DB: gdrive://www.googleapis.com/Good Sync/Eclips Projects/Moding Minecraft 1.12.2/Application/_gsdata_/_recycled_db._gs
2018-04-02 16:36:28: Cleanup old logs in gdrive://www.googleapis.com/Good Sync/Eclips Projects/Moding Minecraft 1.12.2/Application/_gsdata_
2018-04-02 16:36:28: == Sync Complete. Time: 00:00:09, Speed: 6.39 KB/s, OK: 5, Errors: 0
2018-04-02 16:36:28: Unlocking folder S:/Documents/MinecraftModding/xcraftmod/src/_gsdata_/lock.gsl
2018-04-02 16:36:28: Unlocking folder gdrive://www.googleapis.com/Good Sync/Eclips Projects/Moding Minecraft 1.12.2/Application/_gsdata_/lock.gsl
2018-04-02 16:36:29: 
