2018-04-03 22:24:59: Connected to S:\Documents\MinecraftModding\xcraftmod\src: S: NTFS: type=NTFS vol=Data Storage flags=3E706FF
2018-04-03 22:24:59: Connected to gdrive://www.googleapis.com/Good Sync/Eclips Projects/Moding Minecraft 1.12.2/Application
2018-04-03 22:24:59: Incremental Analyze for On File Change
2018-04-03 22:25:00: -- Analysis Started by On File Change, After Delay, Under Runner
2018-04-03 22:25:00: Mod Sync: ANALYSIS started by On File Change, After Delay, Under Runner on 'SENPAI_DESKTOP' (GoodSync 10.8.1.1)
2018-04-03 22:25:00: =Data Storage:\Documents\MinecraftModding\xcraftmod\src (S:/Documents/MinecraftModding/xcraftmod/src) [TmpDest] <-> gdrive://www.googleapis.com/Good Sync/Eclips Projects/Moding Minecraft 1.12.2/Application [DirDest], RecycleTo_RecycleBin, SaveDays_RecycleBin=30d, ReconnectSecs=120, SyncWorkerThreads=99, OnFileChange Delay=5, Unattended, WaitForLocksMin=20, ResolveConflicts=NewerFileWins, AutoClear, LinksIgnore
2018-04-03 22:25:00: Exclude Hidden, Exclude System, Exclude name *._gstmp|/System Volume Information|Thumbs.db|.DS_Store 
2018-04-03 22:25:00: Locking folder S:/Documents/MinecraftModding/xcraftmod/src for write
2018-04-03 22:25:00: Change Analyzed: S:/Documents/MinecraftModding/xcraftmod/src/main/java/com/senpai/objects/blocks/BlockTinOre.java
2018-04-03 22:25:00: Change Analyzed: S:/Documents/MinecraftModding/xcraftmod/src/main/java/com/senpai/objects/blocks/BlockTinOre.java
2018-04-03 22:25:00: Change Analyzed: S:/Documents/MinecraftModding/xcraftmod/src/main/java/com/senpai/objects/blocks/BlockTinOre.java
2018-04-03 22:25:00: Change Analyzed: S:/Documents/MinecraftModding/xcraftmod/src/main/java/com/senpai/objects/blocks/BlockTinPressurePlate.java
2018-04-03 22:25:00: Change Analyzed: S:/Documents/MinecraftModding/xcraftmod/src/main/java/com/senpai/objects/blocks/BlockTinPressurePlate.java
2018-04-03 22:25:00: Change Analyzed: S:/Documents/MinecraftModding/xcraftmod/src/main/java/com/senpai/objects/blocks/BlockTinPressurePlate.java
2018-04-03 22:25:00: Change Analyzed: S:/Documents/MinecraftModding/xcraftmod/src/main/java/com/senpai/objects/blocks/BlockTinSlab.java
2018-04-03 22:25:00: Change Analyzed: S:/Documents/MinecraftModding/xcraftmod/src/main/java/com/senpai/objects/blocks/BlockTinSlab.java
2018-04-03 22:25:00: Change Analyzed: S:/Documents/MinecraftModding/xcraftmod/src/main/java/com/senpai/objects/blocks/BlockTinSlab.java
2018-04-03 22:25:00: Change Analyzed: S:/Documents/MinecraftModding/xcraftmod/src/main/java/com/senpai/objects/blocks/BlockTinSlabDouble.java
2018-04-03 22:25:00: Change Analyzed: S:/Documents/MinecraftModding/xcraftmod/src/main/java/com/senpai/objects/blocks/BlockTinSlabDouble.java
2018-04-03 22:25:00: Change Analyzed: S:/Documents/MinecraftModding/xcraftmod/src/main/java/com/senpai/objects/blocks/BlockTinSlabDouble.java
2018-04-03 22:25:00: Change Analyzed: S:/Documents/MinecraftModding/xcraftmod/src/main/java/com/senpai/objects/blocks/BlockTinSlabHalf.java
2018-04-03 22:25:00: Change Analyzed: S:/Documents/MinecraftModding/xcraftmod/src/main/java/com/senpai/objects/blocks/BlockTinSlabHalf.java
2018-04-03 22:25:00: Change Analyzed: S:/Documents/MinecraftModding/xcraftmod/src/main/java/com/senpai/objects/blocks/BlockTinSlabHalf.java
2018-04-03 22:25:00: Change Analyzed: S:/Documents/MinecraftModding/xcraftmod/src/main/java/com/senpai/objects/blocks/BlockTinStairs.java
2018-04-03 22:25:00: Change Analyzed: S:/Documents/MinecraftModding/xcraftmod/src/main/java/com/senpai/objects/blocks/BlockTinStairs.java
2018-04-03 22:25:00: Change Analyzed: S:/Documents/MinecraftModding/xcraftmod/src/main/java/com/senpai/objects/blocks/BlockTinStairs.java
2018-04-03 22:25:00: Change Analyzed: S:/Documents/MinecraftModding/xcraftmod/src/main/java/com/senpai/objects/blocks/BlockBreaker.java
2018-04-03 22:25:00: Change Analyzed: S:/Documents/MinecraftModding/xcraftmod/src/main/java/com/senpai/objects/blocks/BlockBreaker.java
2018-04-03 22:25:00: Change Analyzed: S:/Documents/MinecraftModding/xcraftmod/src/main/java/com/senpai/objects/blocks/BlockBreaker.java
2018-04-03 22:25:00: Change Analyzed: S:/Documents/MinecraftModding/xcraftmod/src/main/java/com/senpai/objects/blocks/BlockBreaker.java
2018-04-03 22:25:00: Change Analyzed: S:/Documents/MinecraftModding/xcraftmod/src/main/java/com/senpai/objects/blocks/BlockCanvas.java
2018-04-03 22:25:00: Change Analyzed: S:/Documents/MinecraftModding/xcraftmod/src/main/java/com/senpai/objects/blocks/BlockCanvas.java
2018-04-03 22:25:00: Change Analyzed: S:/Documents/MinecraftModding/xcraftmod/src/main/java/com/senpai/objects/blocks/BlockCanvas.java
2018-04-03 22:25:00: Change Analyzed: S:/Documents/MinecraftModding/xcraftmod/src/main/java/com/senpai/objects/blocks/BlockCanvas.java
2018-04-03 22:25:00: Change Analyzed: S:/Documents/MinecraftModding/xcraftmod/src/main/java/com/senpai/objects/blocks/BlockCotton.java
2018-04-03 22:25:00: Change Analyzed: S:/Documents/MinecraftModding/xcraftmod/src/main/java/com/senpai/objects/blocks/BlockCotton.java
2018-04-03 22:25:00: Change Analyzed: S:/Documents/MinecraftModding/xcraftmod/src/main/java/com/senpai/objects/blocks/BlockCotton.java
2018-04-03 22:25:00: Change Analyzed: S:/Documents/MinecraftModding/xcraftmod/src/main/java/com/senpai/objects/blocks/BlockEnergyCell.java
2018-04-03 22:25:00: Change Analyzed: S:/Documents/MinecraftModding/xcraftmod/src/main/java/com/senpai/objects/blocks/BlockEnergyCell.java
2018-04-03 22:25:00: Change Analyzed: S:/Documents/MinecraftModding/xcraftmod/src/main/java/com/senpai/objects/blocks/BlockEnergyCell.java
2018-04-03 22:25:00: Change Analyzed: S:/Documents/MinecraftModding/xcraftmod/src/main/java/com/senpai/objects/blocks/BlockEnergyCell.java
2018-04-03 22:25:00: Change Analyzed: S:/Documents/MinecraftModding/xcraftmod/src/main/java/com/senpai/objects/blocks/BlockGamemodeDetector.java
2018-04-03 22:25:00: Change Analyzed: S:/Documents/MinecraftModding/xcraftmod/src/main/java/com/senpai/objects/blocks/BlockGamemodeDetector.java
2018-04-03 22:25:00: Change Analyzed: S:/Documents/MinecraftModding/xcraftmod/src/main/java/com/senpai/objects/blocks/BlockGamemodeDetector.java
2018-04-03 22:25:00: Change Analyzed: S:/Documents/MinecraftModding/xcraftmod/src/main/java/com/senpai/objects/blocks/BlockMachine.java
2018-04-03 22:25:00: Change Analyzed: S:/Documents/MinecraftModding/xcraftmod/src/main/java/com/senpai/objects/blocks/BlockMachine.java
2018-04-03 22:25:00: Change Analyzed: S:/Documents/MinecraftModding/xcraftmod/src/main/java/com/senpai/objects/blocks/BlockMachine.java
2018-04-03 22:25:00: Change Analyzed: S:/Documents/MinecraftModding/xcraftmod/src/main/java/com/senpai/objects/blocks/BlockMachine.java
2018-04-03 22:25:00: Change Analyzed: S:/Documents/MinecraftModding/xcraftmod/src/main/java/com/senpai/objects/blocks/BlockMachineFrame.java
2018-04-03 22:25:00: Change Analyzed: S:/Documents/MinecraftModding/xcraftmod/src/main/java/com/senpai/objects/blocks/BlockMachineFrame.java
2018-04-03 22:25:00: Change Analyzed: S:/Documents/MinecraftModding/xcraftmod/src/main/java/com/senpai/objects/blocks/BlockMachineFrame.java
2018-04-03 22:25:00: Change Analyzed: S:/Documents/MinecraftModding/xcraftmod/src/main/java/com/senpai/objects/blocks/BlockTinBlock.java
2018-04-03 22:25:00: Change Analyzed: S:/Documents/MinecraftModding/xcraftmod/src/main/java/com/senpai/objects/blocks/BlockTinBlock.java
2018-04-03 22:25:00: Change Analyzed: S:/Documents/MinecraftModding/xcraftmod/src/main/java/com/senpai/objects/blocks/BlockTinBlock.java
2018-04-03 22:25:00: Change Analyzed: S:/Documents/MinecraftModding/xcraftmod/src/main/java/com/senpai/objects/blocks/BlockTinButton.java
2018-04-03 22:25:00: Change Analyzed: S:/Documents/MinecraftModding/xcraftmod/src/main/java/com/senpai/objects/blocks/BlockTinButton.java
2018-04-03 22:25:00: Change Analyzed: S:/Documents/MinecraftModding/xcraftmod/src/main/java/com/senpai/objects/blocks/BlockTinButton.java
2018-04-03 22:25:00: Change Analyzed: S:/Documents/MinecraftModding/xcraftmod/src/main/java/com/senpai/objects/blocks/BlockTinDoor.java
2018-04-03 22:25:00: Change Analyzed: S:/Documents/MinecraftModding/xcraftmod/src/main/java/com/senpai/objects/blocks/BlockTinDoor.java
2018-04-03 22:25:00: Change Analyzed: S:/Documents/MinecraftModding/xcraftmod/src/main/java/com/senpai/objects/blocks/BlockTinDoor.java
2018-04-03 22:25:00: Change Analyzed: S:/Documents/MinecraftModding/xcraftmod/src/main/java/com/senpai/objects/blocks/BlockTinDoor.java
2018-04-03 22:25:00: Change Analyzed: S:/Documents/MinecraftModding/xcraftmod/src/main/java/com/senpai/objects/blocks/BlockTinFence.java
2018-04-03 22:25:00: Change Analyzed: S:/Documents/MinecraftModding/xcraftmod/src/main/java/com/senpai/objects/blocks/BlockTinFence.java
2018-04-03 22:25:00: Change Analyzed: S:/Documents/MinecraftModding/xcraftmod/src/main/java/com/senpai/objects/blocks/BlockTinFence.java
2018-04-03 22:25:00: Change Analyzed: S:/Documents/MinecraftModding/xcraftmod/src/main/java/com/senpai/objects/blocks/BlockTinFenceGate.java
2018-04-03 22:25:00: Change Analyzed: S:/Documents/MinecraftModding/xcraftmod/src/main/java/com/senpai/objects/blocks/BlockTinFenceGate.java
2018-04-03 22:25:00: Change Analyzed: S:/Documents/MinecraftModding/xcraftmod/src/main/java/com/senpai/objects/blocks/BlockTinFenceGate.java
2018-04-03 22:25:00: Change Analyzed: S:/Documents/MinecraftModding/xcraftmod/src/main/java/com/senpai/objects/blocks/BlockTinFenceGate.java
2018-04-03 22:25:00: Locking folder gdrive://www.googleapis.com/Good Sync/Eclips Projects/Moding Minecraft 1.12.2/Application for write
2018-04-03 22:25:02: On disk file:///S: space required for sync is 0 bytes, you have 1.25 TB
2018-04-03 22:25:02: On disk gdrive://www.googleapis.com space required for sync is 68.0 KB, you have 12.4 GB
2018-04-03 22:25:02: Change detected [0]: t=Created path=/main/java/com/senpai/objects/blocks/item/IMetaBlockName.java
2018-04-03 22:25:02: Change detected [0]: t=Modified path=/main/java/com/senpai/objects/blocks/item/IMetaBlockName.java
2018-04-03 22:25:02: Change detected [0]: t=Modified path=/main/java/com/senpai/objects/blocks/item/IMetaBlockName.java
2018-04-03 22:25:02: Changes: 18, Conflicts: 0, CopyTime: 0, FixState: 0, Errors: 0, All: 22099
2018-04-03 22:25:02: Left to Right: Copy File: 18 
2018-04-03 22:25:02: -- Analysis Complete. Time 00:00:04, Speed: 102 files/s
2018-04-03 22:25:02: == Sync Started by On File Change, After Delay, Under Runner
2018-04-03 22:25:02: Mod Sync: SYNC started by On File Change, After Delay, Under Runner on 'SENPAI_DESKTOP'
2018-04-03 22:25:02: =Data Storage:\Documents\MinecraftModding\xcraftmod\src (S:/Documents/MinecraftModding/xcraftmod/src) [TmpDest] <-> gdrive://www.googleapis.com/Good Sync/Eclips Projects/Moding Minecraft 1.12.2/Application [DirDest], RecycleTo_RecycleBin, SaveDays_RecycleBin=30d, ReconnectSecs=120, SyncWorkerThreads=99, OnFileChange Delay=5, Unattended, WaitForLocksMin=20, ResolveConflicts=NewerFileWins, AutoClear, LinksIgnore
2018-04-03 22:25:03: File Systems limited number of parallel threads to 20
2018-04-03 22:25:03: Start only 18 threads, limited by tasks to run
2018-04-03 22:25:04: Copy New 'S:/Documents/MinecraftModding/xcraftmod/src/main/java/com/senpai/objects/blocks/BlockBreaker.java' -> 'gdrive://www.googleapis.com/Good Sync/Eclips Projects/Moding Minecraft 1.12.2/Application/main/java/com/senpai/objects/blocks/BlockBreaker.java' (6906)
2018-04-03 22:25:06: Copy New 'S:/Documents/MinecraftModding/xcraftmod/src/main/java/com/senpai/objects/blocks/BlockCotton.java' -> 'gdrive://www.googleapis.com/Good Sync/Eclips Projects/Moding Minecraft 1.12.2/Application/main/java/com/senpai/objects/blocks/BlockCotton.java' (936)
2018-04-03 22:25:06: Change detected [0]: t=Modified path=/main/java/com/senpai/objects/blocks/BlockTinDoor.java
2018-04-03 22:25:06: Change detected [0]: t=Modified path=/main/java/com/senpai/objects/blocks/BlockTinFenceGate.java
2018-04-03 22:25:07: Copy New 'S:/Documents/MinecraftModding/xcraftmod/src/main/java/com/senpai/objects/blocks/BlockGamemodeDetector.java' -> 'gdrive://www.googleapis.com/Good Sync/Eclips Projects/Moding Minecraft 1.12.2/Application/main/java/com/senpai/objects/blocks/BlockGamemodeDetector.java' (3346)
2018-04-03 22:25:07: Change detected [0]: t=Modified path=/main/java/com/senpai/objects/blocks/BlockEnergyCell.java
2018-04-03 22:25:07: Change detected [0]: t=Modified path=/main/java/com/senpai/objects/blocks/BlockMachine.java
2018-04-03 22:25:08: Copy New 'S:/Documents/MinecraftModding/xcraftmod/src/main/java/com/senpai/objects/blocks/BlockCanvas.java' -> 'gdrive://www.googleapis.com/Good Sync/Eclips Projects/Moding Minecraft 1.12.2/Application/main/java/com/senpai/objects/blocks/BlockCanvas.java' (5897)
2018-04-03 22:25:09: Change detected [1]: t=Modified path=/main/java/com/senpai/objects/blocks/BlockMachineFrame.java
2018-04-03 22:25:09: Change detected [1]: t=Created path=/main/java/com/senpai/objects/blocks/BlockTinDoor.java
2018-04-03 22:25:09: Change detected [1]: t=Created path=/main/java/com/senpai/objects/blocks/BlockTinButton.java
2018-04-03 22:25:09: Change detected [1]: t=Modified path=/main/java/com/senpai/objects/blocks/BlockEnergyCell.java
2018-04-03 22:25:09: Change detected [1]: t=Modified path=/main/java/com/senpai/objects/blocks/BlockMachine.java
2018-04-03 22:25:09: Change detected [1]: t=Created path=/main/java/com/senpai/objects/blocks/BlockTinBlock.java
2018-04-03 22:25:09: Change detected [0]: t=Modified path=/main/java/com/senpai/objects/blocks/BlockBreaker.java
2018-04-03 22:25:09: Change detected [0]: t=Modified path=/main/java/com/senpai/objects/blocks/BlockCanvas.java
2018-04-03 22:25:10: Change detected [1]: t=Modified path=/main/java/com/senpai/objects/blocks/BlockCanvas.java
2018-04-03 22:25:10: Change detected [1]: t=Created path=/main/java/com/senpai/objects/blocks/BlockMachineFrame.java
2018-04-03 22:25:10: Change detected [1]: t=Created path=/main/java/com/senpai/objects/blocks/BlockMachine.java
2018-04-03 22:25:10: Change detected [1]: t=Created path=/main/java/com/senpai/objects/blocks/BlockEnergyCell.java
2018-04-03 22:25:10: Change detected [1]: t=Modified path=/main/java/com/senpai/objects/blocks/BlockGamemodeDetector.java
2018-04-03 22:25:10: Change detected [1]: t=Created path=/main/java/com/senpai/objects/blocks/BlockGamemodeDetector.java
2018-04-03 22:25:10: Change detected [1]: t=Modified path=/main/java/com/senpai/objects/blocks/BlockCotton.java
2018-04-03 22:25:10: Change detected [1]: t=Created path=/main/java/com/senpai/objects/blocks/BlockCanvas.java
2018-04-03 22:25:11: Change detected [1]: t=Created path=/main/java/com/senpai/objects/blocks/BlockCotton.java
2018-04-03 22:25:11: Change detected [1]: t=Modified path=/main/java/com/senpai/objects/blocks/BlockBreaker.java
2018-04-03 22:25:11: Change detected [1]: t=Created path=/main/java/com/senpai/objects/blocks/BlockBreaker.java
2018-04-03 22:25:11: Copy New 'S:/Documents/MinecraftModding/xcraftmod/src/main/java/com/senpai/objects/blocks/BlockEnergyCell.java' -> 'gdrive://www.googleapis.com/Good Sync/Eclips Projects/Moding Minecraft 1.12.2/Application/main/java/com/senpai/objects/blocks/BlockEnergyCell.java' (7768)
2018-04-03 22:25:11: Copy New 'S:/Documents/MinecraftModding/xcraftmod/src/main/java/com/senpai/objects/blocks/BlockTinDoor.java' -> 'gdrive://www.googleapis.com/Good Sync/Eclips Projects/Moding Minecraft 1.12.2/Application/main/java/com/senpai/objects/blocks/BlockTinDoor.java' (6142)
2018-04-03 22:25:12: Copy New 'S:/Documents/MinecraftModding/xcraftmod/src/main/java/com/senpai/objects/blocks/BlockMachine.java' -> 'gdrive://www.googleapis.com/Good Sync/Eclips Projects/Moding Minecraft 1.12.2/Application/main/java/com/senpai/objects/blocks/BlockMachine.java' (5891)
2018-04-03 22:25:12: Copy New 'S:/Documents/MinecraftModding/xcraftmod/src/main/java/com/senpai/objects/blocks/BlockTinButton.java' -> 'gdrive://www.googleapis.com/Good Sync/Eclips Projects/Moding Minecraft 1.12.2/Application/main/java/com/senpai/objects/blocks/BlockTinButton.java' (1540)
2018-04-03 22:25:12: Copy New 'S:/Documents/MinecraftModding/xcraftmod/src/main/java/com/senpai/objects/blocks/BlockMachineFrame.java' -> 'gdrive://www.googleapis.com/Good Sync/Eclips Projects/Moding Minecraft 1.12.2/Application/main/java/com/senpai/objects/blocks/BlockMachineFrame.java' (1320)
2018-04-03 22:25:13: Copy New 'S:/Documents/MinecraftModding/xcraftmod/src/main/java/com/senpai/objects/blocks/BlockTinFence.java' -> 'gdrive://www.googleapis.com/Good Sync/Eclips Projects/Moding Minecraft 1.12.2/Application/main/java/com/senpai/objects/blocks/BlockTinFence.java' (776)
2018-04-03 22:25:13: Copy New 'S:/Documents/MinecraftModding/xcraftmod/src/main/java/com/senpai/objects/blocks/BlockTinPressurePlate.java' -> 'gdrive://www.googleapis.com/Good Sync/Eclips Projects/Moding Minecraft 1.12.2/Application/main/java/com/senpai/objects/blocks/BlockTinPressurePlate.java' (1435)
2018-04-03 22:25:13: Copy New 'S:/Documents/MinecraftModding/xcraftmod/src/main/java/com/senpai/objects/blocks/BlockTinBlock.java' -> 'gdrive://www.googleapis.com/Good Sync/Eclips Projects/Moding Minecraft 1.12.2/Application/main/java/com/senpai/objects/blocks/BlockTinBlock.java' (711)
2018-04-03 22:25:13: Copy New 'S:/Documents/MinecraftModding/xcraftmod/src/main/java/com/senpai/objects/blocks/BlockTinFenceGate.java' -> 'gdrive://www.googleapis.com/Good Sync/Eclips Projects/Moding Minecraft 1.12.2/Application/main/java/com/senpai/objects/blocks/BlockTinFenceGate.java' (10674)
2018-04-03 22:25:14: Copy New 'S:/Documents/MinecraftModding/xcraftmod/src/main/java/com/senpai/objects/blocks/BlockTinOre.java' -> 'gdrive://www.googleapis.com/Good Sync/Eclips Projects/Moding Minecraft 1.12.2/Application/main/java/com/senpai/objects/blocks/BlockTinOre.java' (3312)
2018-04-03 22:25:14: Copy New 'S:/Documents/MinecraftModding/xcraftmod/src/main/java/com/senpai/objects/blocks/BlockTinSlabHalf.java' -> 'gdrive://www.googleapis.com/Good Sync/Eclips Projects/Moding Minecraft 1.12.2/Application/main/java/com/senpai/objects/blocks/BlockTinSlabHalf.java' (400)
2018-04-03 22:25:14: Copy New 'S:/Documents/MinecraftModding/xcraftmod/src/main/java/com/senpai/objects/blocks/BlockTinSlab.java' -> 'gdrive://www.googleapis.com/Good Sync/Eclips Projects/Moding Minecraft 1.12.2/Application/main/java/com/senpai/objects/blocks/BlockTinSlab.java' (3160)
2018-04-03 22:25:15: Copy New 'S:/Documents/MinecraftModding/xcraftmod/src/main/java/com/senpai/objects/blocks/BlockTinStairs.java' -> 'gdrive://www.googleapis.com/Good Sync/Eclips Projects/Moding Minecraft 1.12.2/Application/main/java/com/senpai/objects/blocks/BlockTinStairs.java' (574)
2018-04-03 22:25:15: Copy New 'S:/Documents/MinecraftModding/xcraftmod/src/main/java/com/senpai/objects/blocks/BlockTinSlabDouble.java' -> 'gdrive://www.googleapis.com/Good Sync/Eclips Projects/Moding Minecraft 1.12.2/Application/main/java/com/senpai/objects/blocks/BlockTinSlabDouble.java' (411)
2018-04-03 22:25:16: Save State File S:/Documents/MinecraftModding/xcraftmod/src/_gsdata_/_file_state_v4._gs
2018-04-03 22:25:17: Save State File gdrive://www.googleapis.com/Good Sync/Eclips Projects/Moding Minecraft 1.12.2/Application/_gsdata_/_file_state_v4._gs
2018-04-03 22:25:18: Cleanup recycled files in S:/Documents/MinecraftModding/xcraftmod/src/_gsdata_/_saved_
2018-04-03 22:25:18: Load Recycled DB: S:/Documents/MinecraftModding/xcraftmod/src/_gsdata_/_recycled_db._gs
2018-04-03 22:25:18: Deleted old log file C:/Users/Senpai/AppData/Roaming/GoodSync/_mirrors_/file-=Data Storage-Documents-MinecraftModding-xcraftmod-src/2018-0327-222200-SENPAI_DESKTOP-Runner-Mod Sync.log
2018-04-03 22:25:18: Deleted old log file C:/Users/Senpai/AppData/Roaming/GoodSync/_mirrors_/file-=Data Storage-Documents-MinecraftModding-xcraftmod-src/2018-0327-222236-SENPAI_DESKTOP-Runner-Mod Sync.log
2018-04-03 22:25:18: Cleanup old logs in S:/Documents/MinecraftModding/xcraftmod/src/_gsdata_
2018-04-03 22:25:18: Delete log file S:/Documents/MinecraftModding/xcraftmod/src/_gsdata_/2018-0327-222200-SENPAI_DESKTOP-Runner-Mod Sync.log
2018-04-03 22:25:18: Cleanup recycled files in gdrive://www.googleapis.com/Good Sync/Eclips Projects/Moding Minecraft 1.12.2/Application/_gsdata_/_saved_
2018-04-03 22:25:19: Load Recycled DB: gdrive://www.googleapis.com/Good Sync/Eclips Projects/Moding Minecraft 1.12.2/Application/_gsdata_/_recycled_db._gs
2018-04-03 22:25:19: Deleted old log file C:/Users/Senpai/AppData/Roaming/GoodSync/_mirrors_/gdrive-Wicky_Gustave-0AGIAX4LCOy-XUk9PVA@www.googleapis.com-Good Sync-Eclips Projects-Moding Minecraft 1.12.2-Application/2018-0327-222200-SENPAI_DESKTOP-Runner-Mod Sync.log
2018-04-03 22:25:19: Deleted old log file C:/Users/Senpai/AppData/Roaming/GoodSync/_mirrors_/gdrive-Wicky_Gustave-0AGIAX4LCOy-XUk9PVA@www.googleapis.com-Good Sync-Eclips Projects-Moding Minecraft 1.12.2-Application/2018-0327-222236-SENPAI_DESKTOP-Runner-Mod Sync.log
2018-04-03 22:25:19: Cleanup old logs in gdrive://www.googleapis.com/Good Sync/Eclips Projects/Moding Minecraft 1.12.2/Application/_gsdata_
2018-04-03 22:25:19: Delete log file gdrive://www.googleapis.com/Good Sync/Eclips Projects/Moding Minecraft 1.12.2/Application/_gsdata_/2018-0327-222200-SENPAI_DESKTOP-Runner-Mod Sync.log
2018-04-03 22:25:19: == Sync Complete. Time: 00:00:17, Speed: 10.8 KB/s, OK: 18, Errors: 0
2018-04-03 22:25:19: Unlocking folder S:/Documents/MinecraftModding/xcraftmod/src/_gsdata_/lock.gsl
2018-04-03 22:25:19: Unlocking folder gdrive://www.googleapis.com/Good Sync/Eclips Projects/Moding Minecraft 1.12.2/Application/_gsdata_/lock.gsl
2018-04-03 22:25:21: 
