2018-04-03 12:41:33: Connected to S:\Documents\MinecraftModding\xcraftmod\src: S: NTFS: type=NTFS vol=Data Storage flags=3E706FF
2018-04-03 12:41:33: Connected to gdrive://www.googleapis.com/Good Sync/Eclips Projects/Moding Minecraft 1.12.2/Application
2018-04-03 12:41:33: Incremental Analyze for On File Change
2018-04-03 12:41:33: -- Analysis Started by On File Change, After Delay, Under Runner
2018-04-03 12:41:33: Mod Sync: ANALYSIS started by On File Change, After Delay, Under Runner on 'SENPAI_DESKTOP' (GoodSync 10.8.1.1)
2018-04-03 12:41:33: =Data Storage:\Documents\MinecraftModding\xcraftmod\src (S:/Documents/MinecraftModding/xcraftmod/src) [TmpDest] <-> gdrive://www.googleapis.com/Good Sync/Eclips Projects/Moding Minecraft 1.12.2/Application [DirDest], RecycleTo_RecycleBin, SaveDays_RecycleBin=30d, ReconnectSecs=120, SyncWorkerThreads=99, OnFileChange Delay=5, Unattended, WaitForLocksMin=20, ResolveConflicts=NewerFileWins, AutoClear, LinksIgnore
2018-04-03 12:41:33: Exclude Hidden, Exclude System, Exclude name *._gstmp|/System Volume Information|Thumbs.db|.DS_Store 
2018-04-03 12:41:33: Locking folder S:/Documents/MinecraftModding/xcraftmod/src for write
2018-04-03 12:41:33: Change Analyzed: S:/Documents/MinecraftModding/xcraftmod/src/main/resources/assets/sxm/models/block/block_beacon.json
2018-04-03 12:41:33: Change Analyzed: S:/Documents/MinecraftModding/xcraftmod/src/main/resources/assets/sxm/models/block/block_beacon.json
2018-04-03 12:41:33: Change Analyzed: S:/Documents/MinecraftModding/xcraftmod/src/main/resources/assets/sxm/models/block/block_beacon.json
2018-04-03 12:41:33: Locking folder gdrive://www.googleapis.com/Good Sync/Eclips Projects/Moding Minecraft 1.12.2/Application for write
2018-04-03 12:41:36: On disk file:///S: space required for sync is 0 bytes, you have 1.25 TB
2018-04-03 12:41:36: On disk gdrive://www.googleapis.com space required for sync is 15.0 KB, you have 12.4 GB
2018-04-03 12:41:36: Changes: 1, Conflicts: 0, CopyTime: 0, FixState: 0, Errors: 0, All: 22067
2018-04-03 12:41:36: Left to Right: Copy File: 1 
2018-04-03 12:41:36: -- Analysis Complete. Time 00:00:04, Speed: 95 files/s
2018-04-03 12:41:36: == Sync Started by On File Change, After Delay, Under Runner
2018-04-03 12:41:36: Mod Sync: SYNC started by On File Change, After Delay, Under Runner on 'SENPAI_DESKTOP'
2018-04-03 12:41:36: =Data Storage:\Documents\MinecraftModding\xcraftmod\src (S:/Documents/MinecraftModding/xcraftmod/src) [TmpDest] <-> gdrive://www.googleapis.com/Good Sync/Eclips Projects/Moding Minecraft 1.12.2/Application [DirDest], RecycleTo_RecycleBin, SaveDays_RecycleBin=30d, ReconnectSecs=120, SyncWorkerThreads=99, OnFileChange Delay=5, Unattended, WaitForLocksMin=20, ResolveConflicts=NewerFileWins, AutoClear, LinksIgnore
2018-04-03 12:41:37: File Systems limited number of parallel threads to 20
2018-04-03 12:41:37: Start only 1 threads, limited by tasks to run
2018-04-03 12:41:39: Load Recycled DB: gdrive://www.googleapis.com/Good Sync/Eclips Projects/Moding Minecraft 1.12.2/Application/_gsdata_/_recycled_db._gs
2018-04-03 12:41:41: Copy Over 'S:/Documents/MinecraftModding/xcraftmod/src/main/resources/assets/sxm/models/block/block_beacon.json' -> 'gdrive://www.googleapis.com/Good Sync/Eclips Projects/Moding Minecraft 1.12.2/Application/main/resources/assets/sxm/models/block/block_beacon.json' (14961)
2018-04-03 12:41:42: Save State File S:/Documents/MinecraftModding/xcraftmod/src/_gsdata_/_file_state_v4._gs
2018-04-03 12:41:42: Change detected [1]: t=Modified path=/main/resources/assets/sxm/models/block/block_beacon.json
2018-04-03 12:41:43: Change detected [1]: t=Created path=/main/resources/assets/sxm/models/block/block_beacon.json
2018-04-03 12:41:43: Change detected [1]: t=MovedFrom path=/main/resources/assets/sxm/models/block/block_beacon.json
2018-04-03 12:41:43: Save State File gdrive://www.googleapis.com/Good Sync/Eclips Projects/Moding Minecraft 1.12.2/Application/_gsdata_/_file_state_v4._gs
2018-04-03 12:41:43: Cleanup recycled files in S:/Documents/MinecraftModding/xcraftmod/src/_gsdata_/_saved_
2018-04-03 12:41:43: Load Recycled DB: S:/Documents/MinecraftModding/xcraftmod/src/_gsdata_/_recycled_db._gs
2018-04-03 12:41:43: Deleted old log file C:/Users/Senpai/AppData/Roaming/GoodSync/_mirrors_/file-=Data Storage-Documents-MinecraftModding-xcraftmod-src/2018-0327-121130-SENPAI_DESKTOP-Runner-Mod Sync.log
2018-04-03 12:41:43: Deleted old log file C:/Users/Senpai/AppData/Roaming/GoodSync/_mirrors_/file-=Data Storage-Documents-MinecraftModding-xcraftmod-src/2018-0327-121212-SENPAI_DESKTOP-Runner-Mod Sync.log
2018-04-03 12:41:43: Deleted old log file C:/Users/Senpai/AppData/Roaming/GoodSync/_mirrors_/file-=Data Storage-Documents-MinecraftModding-xcraftmod-src/2018-0327-121239-SENPAI_DESKTOP-Runner-Mod Sync.log
2018-04-03 12:41:43: Deleted old log file C:/Users/Senpai/AppData/Roaming/GoodSync/_mirrors_/file-=Data Storage-Documents-MinecraftModding-xcraftmod-src/2018-0327-121303-SENPAI_DESKTOP-Runner-Mod Sync.log
2018-04-03 12:41:43: Deleted old log file C:/Users/Senpai/AppData/Roaming/GoodSync/_mirrors_/file-=Data Storage-Documents-MinecraftModding-xcraftmod-src/2018-0327-121321-SENPAI_DESKTOP-Runner-Mod Sync.log
2018-04-03 12:41:43: Deleted old log file C:/Users/Senpai/AppData/Roaming/GoodSync/_mirrors_/file-=Data Storage-Documents-MinecraftModding-xcraftmod-src/2018-0327-121342-SENPAI_DESKTOP-Runner-Mod Sync.log
2018-04-03 12:41:43: Deleted old log file C:/Users/Senpai/AppData/Roaming/GoodSync/_mirrors_/file-=Data Storage-Documents-MinecraftModding-xcraftmod-src/2018-0327-121515-SENPAI_DESKTOP-Runner-Mod Sync.log
2018-04-03 12:41:43: Deleted old log file C:/Users/Senpai/AppData/Roaming/GoodSync/_mirrors_/file-=Data Storage-Documents-MinecraftModding-xcraftmod-src/2018-0327-121539-SENPAI_DESKTOP-Runner-Mod Sync.log
2018-04-03 12:41:43: Deleted old log file C:/Users/Senpai/AppData/Roaming/GoodSync/_mirrors_/file-=Data Storage-Documents-MinecraftModding-xcraftmod-src/2018-0327-121600-SENPAI_DESKTOP-Runner-Mod Sync.log
2018-04-03 12:41:43: Deleted old log file C:/Users/Senpai/AppData/Roaming/GoodSync/_mirrors_/file-=Data Storage-Documents-MinecraftModding-xcraftmod-src/2018-0327-121624-SENPAI_DESKTOP-Runner-Mod Sync.log
2018-04-03 12:41:43: Deleted old log file C:/Users/Senpai/AppData/Roaming/GoodSync/_mirrors_/file-=Data Storage-Documents-MinecraftModding-xcraftmod-src/2018-0327-121639-SENPAI_DESKTOP-Runner-Mod Sync.log
2018-04-03 12:41:43: Deleted old log file C:/Users/Senpai/AppData/Roaming/GoodSync/_mirrors_/file-=Data Storage-Documents-MinecraftModding-xcraftmod-src/2018-0327-121700-SENPAI_DESKTOP-Runner-Mod Sync.log
2018-04-03 12:41:43: Deleted old log file C:/Users/Senpai/AppData/Roaming/GoodSync/_mirrors_/file-=Data Storage-Documents-MinecraftModding-xcraftmod-src/2018-0327-121718-SENPAI_DESKTOP-Runner-Mod Sync.log
2018-04-03 12:41:43: Deleted old log file C:/Users/Senpai/AppData/Roaming/GoodSync/_mirrors_/file-=Data Storage-Documents-MinecraftModding-xcraftmod-src/2018-0327-121745-SENPAI_DESKTOP-Runner-Mod Sync.log
2018-04-03 12:41:43: Deleted old log file C:/Users/Senpai/AppData/Roaming/GoodSync/_mirrors_/file-=Data Storage-Documents-MinecraftModding-xcraftmod-src/2018-0327-121809-SENPAI_DESKTOP-Runner-Mod Sync.log
2018-04-03 12:41:43: Deleted old log file C:/Users/Senpai/AppData/Roaming/GoodSync/_mirrors_/file-=Data Storage-Documents-MinecraftModding-xcraftmod-src/2018-0327-121824-SENPAI_DESKTOP-Runner-Mod Sync.log
2018-04-03 12:41:43: Deleted old log file C:/Users/Senpai/AppData/Roaming/GoodSync/_mirrors_/file-=Data Storage-Documents-MinecraftModding-xcraftmod-src/2018-0327-121848-SENPAI_DESKTOP-Runner-Mod Sync.log
2018-04-03 12:41:43: Deleted old log file C:/Users/Senpai/AppData/Roaming/GoodSync/_mirrors_/file-=Data Storage-Documents-MinecraftModding-xcraftmod-src/2018-0327-121909-SENPAI_DESKTOP-Runner-Mod Sync.log
2018-04-03 12:41:43: Deleted old log file C:/Users/Senpai/AppData/Roaming/GoodSync/_mirrors_/file-=Data Storage-Documents-MinecraftModding-xcraftmod-src/2018-0327-122057-SENPAI_DESKTOP-Runner-Mod Sync.log
2018-04-03 12:41:43: Deleted old log file C:/Users/Senpai/AppData/Roaming/GoodSync/_mirrors_/file-=Data Storage-Documents-MinecraftModding-xcraftmod-src/2018-0327-122118-SENPAI_DESKTOP-Runner-Mod Sync.log
2018-04-03 12:41:43: Deleted old log file C:/Users/Senpai/AppData/Roaming/GoodSync/_mirrors_/file-=Data Storage-Documents-MinecraftModding-xcraftmod-src/2018-0327-122245-SENPAI_DESKTOP-Runner-Mod Sync.log
2018-04-03 12:41:43: Deleted old log file C:/Users/Senpai/AppData/Roaming/GoodSync/_mirrors_/file-=Data Storage-Documents-MinecraftModding-xcraftmod-src/2018-0327-122309-SENPAI_DESKTOP-Runner-Mod Sync.log
2018-04-03 12:41:43: Deleted old log file C:/Users/Senpai/AppData/Roaming/GoodSync/_mirrors_/file-=Data Storage-Documents-MinecraftModding-xcraftmod-src/2018-0327-122503-SENPAI_DESKTOP-Runner-Mod Sync.log
2018-04-03 12:41:43: Deleted old log file C:/Users/Senpai/AppData/Roaming/GoodSync/_mirrors_/file-=Data Storage-Documents-MinecraftModding-xcraftmod-src/2018-0327-122524-SENPAI_DESKTOP-Runner-Mod Sync.log
2018-04-03 12:41:43: Deleted old log file C:/Users/Senpai/AppData/Roaming/GoodSync/_mirrors_/file-=Data Storage-Documents-MinecraftModding-xcraftmod-src/2018-0327-123036-SENPAI_DESKTOP-Runner-Mod Sync.log
2018-04-03 12:41:43: Deleted old log file C:/Users/Senpai/AppData/Roaming/GoodSync/_mirrors_/file-=Data Storage-Documents-MinecraftModding-xcraftmod-src/2018-0327-123057-SENPAI_DESKTOP-Runner-Mod Sync.log
2018-04-03 12:41:43: Deleted old log file C:/Users/Senpai/AppData/Roaming/GoodSync/_mirrors_/file-=Data Storage-Documents-MinecraftModding-xcraftmod-src/2018-0327-123251-SENPAI_DESKTOP-Runner-Mod Sync.log
2018-04-03 12:41:43: Deleted old log file C:/Users/Senpai/AppData/Roaming/GoodSync/_mirrors_/file-=Data Storage-Documents-MinecraftModding-xcraftmod-src/2018-0327-123312-SENPAI_DESKTOP-Runner-Mod Sync.log
2018-04-03 12:41:43: Deleted old log file C:/Users/Senpai/AppData/Roaming/GoodSync/_mirrors_/file-=Data Storage-Documents-MinecraftModding-xcraftmod-src/2018-0327-123354-SENPAI_DESKTOP-Runner-Mod Sync.log
2018-04-03 12:41:43: Deleted old log file C:/Users/Senpai/AppData/Roaming/GoodSync/_mirrors_/file-=Data Storage-Documents-MinecraftModding-xcraftmod-src/2018-0327-123415-SENPAI_DESKTOP-Runner-Mod Sync.log
2018-04-03 12:41:43: Deleted old log file C:/Users/Senpai/AppData/Roaming/GoodSync/_mirrors_/file-=Data Storage-Documents-MinecraftModding-xcraftmod-src/2018-0327-123806-SENPAI_DESKTOP-Runner-Mod Sync.log
2018-04-03 12:41:43: Deleted old log file C:/Users/Senpai/AppData/Roaming/GoodSync/_mirrors_/file-=Data Storage-Documents-MinecraftModding-xcraftmod-src/2018-0327-123827-SENPAI_DESKTOP-Runner-Mod Sync.log
2018-04-03 12:41:43: Deleted old log file C:/Users/Senpai/AppData/Roaming/GoodSync/_mirrors_/file-=Data Storage-Documents-MinecraftModding-xcraftmod-src/2018-0327-123848-SENPAI_DESKTOP-Runner-Mod Sync.log
2018-04-03 12:41:43: Deleted old log file C:/Users/Senpai/AppData/Roaming/GoodSync/_mirrors_/file-=Data Storage-Documents-MinecraftModding-xcraftmod-src/2018-0327-123912-SENPAI_DESKTOP-Runner-Mod Sync.log
2018-04-03 12:41:43: Deleted old log file C:/Users/Senpai/AppData/Roaming/GoodSync/_mirrors_/file-=Data Storage-Documents-MinecraftModding-xcraftmod-src/2018-0327-123954-SENPAI_DESKTOP-Runner-Mod Sync.log
2018-04-03 12:41:43: Deleted old log file C:/Users/Senpai/AppData/Roaming/GoodSync/_mirrors_/file-=Data Storage-Documents-MinecraftModding-xcraftmod-src/2018-0327-124015-SENPAI_DESKTOP-Runner-Mod Sync.log
2018-04-03 12:41:43: Deleted old log file C:/Users/Senpai/AppData/Roaming/GoodSync/_mirrors_/file-=Data Storage-Documents-MinecraftModding-xcraftmod-src/2018-0327-124036-SENPAI_DESKTOP-Runner-Mod Sync.log
2018-04-03 12:41:43: Deleted old log file C:/Users/Senpai/AppData/Roaming/GoodSync/_mirrors_/file-=Data Storage-Documents-MinecraftModding-xcraftmod-src/2018-0327-124057-SENPAI_DESKTOP-Runner-Mod Sync.log
2018-04-03 12:41:43: Deleted old log file C:/Users/Senpai/AppData/Roaming/GoodSync/_mirrors_/file-=Data Storage-Documents-MinecraftModding-xcraftmod-src/2018-0327-124118-SENPAI_DESKTOP-Runner-Mod Sync.log
2018-04-03 12:41:43: Cleanup old logs in S:/Documents/MinecraftModding/xcraftmod/src/_gsdata_
2018-04-03 12:41:43: Delete log file S:/Documents/MinecraftModding/xcraftmod/src/_gsdata_/2018-0327-121212-SENPAI_DESKTOP-Runner-Mod Sync.log
2018-04-03 12:41:43: Delete log file S:/Documents/MinecraftModding/xcraftmod/src/_gsdata_/2018-0327-121239-SENPAI_DESKTOP-Runner-Mod Sync.log
2018-04-03 12:41:43: Delete log file S:/Documents/MinecraftModding/xcraftmod/src/_gsdata_/2018-0327-121321-SENPAI_DESKTOP-Runner-Mod Sync.log
2018-04-03 12:41:43: Delete log file S:/Documents/MinecraftModding/xcraftmod/src/_gsdata_/2018-0327-121515-SENPAI_DESKTOP-Runner-Mod Sync.log
2018-04-03 12:41:43: Delete log file S:/Documents/MinecraftModding/xcraftmod/src/_gsdata_/2018-0327-121600-SENPAI_DESKTOP-Runner-Mod Sync.log
2018-04-03 12:41:43: Delete log file S:/Documents/MinecraftModding/xcraftmod/src/_gsdata_/2018-0327-121639-SENPAI_DESKTOP-Runner-Mod Sync.log
2018-04-03 12:41:43: Delete log file S:/Documents/MinecraftModding/xcraftmod/src/_gsdata_/2018-0327-121718-SENPAI_DESKTOP-Runner-Mod Sync.log
2018-04-03 12:41:43: Delete log file S:/Documents/MinecraftModding/xcraftmod/src/_gsdata_/2018-0327-121745-SENPAI_DESKTOP-Runner-Mod Sync.log
2018-04-03 12:41:43: Delete log file S:/Documents/MinecraftModding/xcraftmod/src/_gsdata_/2018-0327-121824-SENPAI_DESKTOP-Runner-Mod Sync.log
2018-04-03 12:41:43: Delete log file S:/Documents/MinecraftModding/xcraftmod/src/_gsdata_/2018-0327-121848-SENPAI_DESKTOP-Runner-Mod Sync.log
2018-04-03 12:41:43: Delete log file S:/Documents/MinecraftModding/xcraftmod/src/_gsdata_/2018-0327-122057-SENPAI_DESKTOP-Runner-Mod Sync.log
2018-04-03 12:41:43: Delete log file S:/Documents/MinecraftModding/xcraftmod/src/_gsdata_/2018-0327-122245-SENPAI_DESKTOP-Runner-Mod Sync.log
2018-04-03 12:41:43: Delete log file S:/Documents/MinecraftModding/xcraftmod/src/_gsdata_/2018-0327-122503-SENPAI_DESKTOP-Runner-Mod Sync.log
2018-04-03 12:41:43: Delete log file S:/Documents/MinecraftModding/xcraftmod/src/_gsdata_/2018-0327-123036-SENPAI_DESKTOP-Runner-Mod Sync.log
2018-04-03 12:41:43: Delete log file S:/Documents/MinecraftModding/xcraftmod/src/_gsdata_/2018-0327-123251-SENPAI_DESKTOP-Runner-Mod Sync.log
2018-04-03 12:41:43: Delete log file S:/Documents/MinecraftModding/xcraftmod/src/_gsdata_/2018-0327-123354-SENPAI_DESKTOP-Runner-Mod Sync.log
2018-04-03 12:41:43: Delete log file S:/Documents/MinecraftModding/xcraftmod/src/_gsdata_/2018-0327-123806-SENPAI_DESKTOP-Runner-Mod Sync.log
2018-04-03 12:41:43: Delete log file S:/Documents/MinecraftModding/xcraftmod/src/_gsdata_/2018-0327-123827-SENPAI_DESKTOP-Runner-Mod Sync.log
2018-04-03 12:41:43: Delete log file S:/Documents/MinecraftModding/xcraftmod/src/_gsdata_/2018-0327-123848-SENPAI_DESKTOP-Runner-Mod Sync.log
2018-04-03 12:41:43: Delete log file S:/Documents/MinecraftModding/xcraftmod/src/_gsdata_/2018-0327-123954-SENPAI_DESKTOP-Runner-Mod Sync.log
2018-04-03 12:41:43: Delete log file S:/Documents/MinecraftModding/xcraftmod/src/_gsdata_/2018-0327-124036-SENPAI_DESKTOP-Runner-Mod Sync.log
2018-04-03 12:41:43: Delete log file S:/Documents/MinecraftModding/xcraftmod/src/_gsdata_/2018-0327-124118-SENPAI_DESKTOP-Runner-Mod Sync.log
2018-04-03 12:41:43: Cleanup recycled files in gdrive://www.googleapis.com/Good Sync/Eclips Projects/Moding Minecraft 1.12.2/Application/_gsdata_/_saved_
2018-04-03 12:41:44: Save Recycled DB: gdrive://www.googleapis.com/Good Sync/Eclips Projects/Moding Minecraft 1.12.2/Application/_gsdata_/_recycled_db._gs
2018-04-03 12:41:44: Deleted old log file C:/Users/Senpai/AppData/Roaming/GoodSync/_mirrors_/gdrive-Wicky_Gustave-0AGIAX4LCOy-XUk9PVA@www.googleapis.com-Good Sync-Eclips Projects-Moding Minecraft 1.12.2-Application/2018-0327-121130-SENPAI_DESKTOP-Runner-Mod Sync.log
2018-04-03 12:41:44: Deleted old log file C:/Users/Senpai/AppData/Roaming/GoodSync/_mirrors_/gdrive-Wicky_Gustave-0AGIAX4LCOy-XUk9PVA@www.googleapis.com-Good Sync-Eclips Projects-Moding Minecraft 1.12.2-Application/2018-0327-121212-SENPAI_DESKTOP-Runner-Mod Sync.log
2018-04-03 12:41:44: Deleted old log file C:/Users/Senpai/AppData/Roaming/GoodSync/_mirrors_/gdrive-Wicky_Gustave-0AGIAX4LCOy-XUk9PVA@www.googleapis.com-Good Sync-Eclips Projects-Moding Minecraft 1.12.2-Application/2018-0327-121239-SENPAI_DESKTOP-Runner-Mod Sync.log
2018-04-03 12:41:44: Deleted old log file C:/Users/Senpai/AppData/Roaming/GoodSync/_mirrors_/gdrive-Wicky_Gustave-0AGIAX4LCOy-XUk9PVA@www.googleapis.com-Good Sync-Eclips Projects-Moding Minecraft 1.12.2-Application/2018-0327-121303-SENPAI_DESKTOP-Runner-Mod Sync.log
2018-04-03 12:41:44: Deleted old log file C:/Users/Senpai/AppData/Roaming/GoodSync/_mirrors_/gdrive-Wicky_Gustave-0AGIAX4LCOy-XUk9PVA@www.googleapis.com-Good Sync-Eclips Projects-Moding Minecraft 1.12.2-Application/2018-0327-121321-SENPAI_DESKTOP-Runner-Mod Sync.log
2018-04-03 12:41:44: Deleted old log file C:/Users/Senpai/AppData/Roaming/GoodSync/_mirrors_/gdrive-Wicky_Gustave-0AGIAX4LCOy-XUk9PVA@www.googleapis.com-Good Sync-Eclips Projects-Moding Minecraft 1.12.2-Application/2018-0327-121342-SENPAI_DESKTOP-Runner-Mod Sync.log
2018-04-03 12:41:44: Deleted old log file C:/Users/Senpai/AppData/Roaming/GoodSync/_mirrors_/gdrive-Wicky_Gustave-0AGIAX4LCOy-XUk9PVA@www.googleapis.com-Good Sync-Eclips Projects-Moding Minecraft 1.12.2-Application/2018-0327-121515-SENPAI_DESKTOP-Runner-Mod Sync.log
2018-04-03 12:41:44: Deleted old log file C:/Users/Senpai/AppData/Roaming/GoodSync/_mirrors_/gdrive-Wicky_Gustave-0AGIAX4LCOy-XUk9PVA@www.googleapis.com-Good Sync-Eclips Projects-Moding Minecraft 1.12.2-Application/2018-0327-121539-SENPAI_DESKTOP-Runner-Mod Sync.log
2018-04-03 12:41:44: Deleted old log file C:/Users/Senpai/AppData/Roaming/GoodSync/_mirrors_/gdrive-Wicky_Gustave-0AGIAX4LCOy-XUk9PVA@www.googleapis.com-Good Sync-Eclips Projects-Moding Minecraft 1.12.2-Application/2018-0327-121600-SENPAI_DESKTOP-Runner-Mod Sync.log
2018-04-03 12:41:44: Deleted old log file C:/Users/Senpai/AppData/Roaming/GoodSync/_mirrors_/gdrive-Wicky_Gustave-0AGIAX4LCOy-XUk9PVA@www.googleapis.com-Good Sync-Eclips Projects-Moding Minecraft 1.12.2-Application/2018-0327-121624-SENPAI_DESKTOP-Runner-Mod Sync.log
2018-04-03 12:41:44: Deleted old log file C:/Users/Senpai/AppData/Roaming/GoodSync/_mirrors_/gdrive-Wicky_Gustave-0AGIAX4LCOy-XUk9PVA@www.googleapis.com-Good Sync-Eclips Projects-Moding Minecraft 1.12.2-Application/2018-0327-121639-SENPAI_DESKTOP-Runner-Mod Sync.log
2018-04-03 12:41:44: Deleted old log file C:/Users/Senpai/AppData/Roaming/GoodSync/_mirrors_/gdrive-Wicky_Gustave-0AGIAX4LCOy-XUk9PVA@www.googleapis.com-Good Sync-Eclips Projects-Moding Minecraft 1.12.2-Application/2018-0327-121700-SENPAI_DESKTOP-Runner-Mod Sync.log
2018-04-03 12:41:44: Deleted old log file C:/Users/Senpai/AppData/Roaming/GoodSync/_mirrors_/gdrive-Wicky_Gustave-0AGIAX4LCOy-XUk9PVA@www.googleapis.com-Good Sync-Eclips Projects-Moding Minecraft 1.12.2-Application/2018-0327-121718-SENPAI_DESKTOP-Runner-Mod Sync.log
2018-04-03 12:41:44: Deleted old log file C:/Users/Senpai/AppData/Roaming/GoodSync/_mirrors_/gdrive-Wicky_Gustave-0AGIAX4LCOy-XUk9PVA@www.googleapis.com-Good Sync-Eclips Projects-Moding Minecraft 1.12.2-Application/2018-0327-121745-SENPAI_DESKTOP-Runner-Mod Sync.log
2018-04-03 12:41:44: Deleted old log file C:/Users/Senpai/AppData/Roaming/GoodSync/_mirrors_/gdrive-Wicky_Gustave-0AGIAX4LCOy-XUk9PVA@www.googleapis.com-Good Sync-Eclips Projects-Moding Minecraft 1.12.2-Application/2018-0327-121809-SENPAI_DESKTOP-Runner-Mod Sync.log
2018-04-03 12:41:44: Deleted old log file C:/Users/Senpai/AppData/Roaming/GoodSync/_mirrors_/gdrive-Wicky_Gustave-0AGIAX4LCOy-XUk9PVA@www.googleapis.com-Good Sync-Eclips Projects-Moding Minecraft 1.12.2-Application/2018-0327-121824-SENPAI_DESKTOP-Runner-Mod Sync.log
2018-04-03 12:41:44: Deleted old log file C:/Users/Senpai/AppData/Roaming/GoodSync/_mirrors_/gdrive-Wicky_Gustave-0AGIAX4LCOy-XUk9PVA@www.googleapis.com-Good Sync-Eclips Projects-Moding Minecraft 1.12.2-Application/2018-0327-121848-SENPAI_DESKTOP-Runner-Mod Sync.log
2018-04-03 12:41:44: Deleted old log file C:/Users/Senpai/AppData/Roaming/GoodSync/_mirrors_/gdrive-Wicky_Gustave-0AGIAX4LCOy-XUk9PVA@www.googleapis.com-Good Sync-Eclips Projects-Moding Minecraft 1.12.2-Application/2018-0327-121909-SENPAI_DESKTOP-Runner-Mod Sync.log
2018-04-03 12:41:44: Deleted old log file C:/Users/Senpai/AppData/Roaming/GoodSync/_mirrors_/gdrive-Wicky_Gustave-0AGIAX4LCOy-XUk9PVA@www.googleapis.com-Good Sync-Eclips Projects-Moding Minecraft 1.12.2-Application/2018-0327-122057-SENPAI_DESKTOP-Runner-Mod Sync.log
2018-04-03 12:41:44: Deleted old log file C:/Users/Senpai/AppData/Roaming/GoodSync/_mirrors_/gdrive-Wicky_Gustave-0AGIAX4LCOy-XUk9PVA@www.googleapis.com-Good Sync-Eclips Projects-Moding Minecraft 1.12.2-Application/2018-0327-122118-SENPAI_DESKTOP-Runner-Mod Sync.log
2018-04-03 12:41:44: Deleted old log file C:/Users/Senpai/AppData/Roaming/GoodSync/_mirrors_/gdrive-Wicky_Gustave-0AGIAX4LCOy-XUk9PVA@www.googleapis.com-Good Sync-Eclips Projects-Moding Minecraft 1.12.2-Application/2018-0327-122245-SENPAI_DESKTOP-Runner-Mod Sync.log
2018-04-03 12:41:44: Deleted old log file C:/Users/Senpai/AppData/Roaming/GoodSync/_mirrors_/gdrive-Wicky_Gustave-0AGIAX4LCOy-XUk9PVA@www.googleapis.com-Good Sync-Eclips Projects-Moding Minecraft 1.12.2-Application/2018-0327-122309-SENPAI_DESKTOP-Runner-Mod Sync.log
2018-04-03 12:41:44: Deleted old log file C:/Users/Senpai/AppData/Roaming/GoodSync/_mirrors_/gdrive-Wicky_Gustave-0AGIAX4LCOy-XUk9PVA@www.googleapis.com-Good Sync-Eclips Projects-Moding Minecraft 1.12.2-Application/2018-0327-122503-SENPAI_DESKTOP-Runner-Mod Sync.log
2018-04-03 12:41:44: Deleted old log file C:/Users/Senpai/AppData/Roaming/GoodSync/_mirrors_/gdrive-Wicky_Gustave-0AGIAX4LCOy-XUk9PVA@www.googleapis.com-Good Sync-Eclips Projects-Moding Minecraft 1.12.2-Application/2018-0327-122524-SENPAI_DESKTOP-Runner-Mod Sync.log
2018-04-03 12:41:44: Deleted old log file C:/Users/Senpai/AppData/Roaming/GoodSync/_mirrors_/gdrive-Wicky_Gustave-0AGIAX4LCOy-XUk9PVA@www.googleapis.com-Good Sync-Eclips Projects-Moding Minecraft 1.12.2-Application/2018-0327-123036-SENPAI_DESKTOP-Runner-Mod Sync.log
2018-04-03 12:41:44: Deleted old log file C:/Users/Senpai/AppData/Roaming/GoodSync/_mirrors_/gdrive-Wicky_Gustave-0AGIAX4LCOy-XUk9PVA@www.googleapis.com-Good Sync-Eclips Projects-Moding Minecraft 1.12.2-Application/2018-0327-123057-SENPAI_DESKTOP-Runner-Mod Sync.log
2018-04-03 12:41:44: Deleted old log file C:/Users/Senpai/AppData/Roaming/GoodSync/_mirrors_/gdrive-Wicky_Gustave-0AGIAX4LCOy-XUk9PVA@www.googleapis.com-Good Sync-Eclips Projects-Moding Minecraft 1.12.2-Application/2018-0327-123251-SENPAI_DESKTOP-Runner-Mod Sync.log
2018-04-03 12:41:44: Deleted old log file C:/Users/Senpai/AppData/Roaming/GoodSync/_mirrors_/gdrive-Wicky_Gustave-0AGIAX4LCOy-XUk9PVA@www.googleapis.com-Good Sync-Eclips Projects-Moding Minecraft 1.12.2-Application/2018-0327-123312-SENPAI_DESKTOP-Runner-Mod Sync.log
2018-04-03 12:41:44: Deleted old log file C:/Users/Senpai/AppData/Roaming/GoodSync/_mirrors_/gdrive-Wicky_Gustave-0AGIAX4LCOy-XUk9PVA@www.googleapis.com-Good Sync-Eclips Projects-Moding Minecraft 1.12.2-Application/2018-0327-123354-SENPAI_DESKTOP-Runner-Mod Sync.log
2018-04-03 12:41:44: Deleted old log file C:/Users/Senpai/AppData/Roaming/GoodSync/_mirrors_/gdrive-Wicky_Gustave-0AGIAX4LCOy-XUk9PVA@www.googleapis.com-Good Sync-Eclips Projects-Moding Minecraft 1.12.2-Application/2018-0327-123415-SENPAI_DESKTOP-Runner-Mod Sync.log
2018-04-03 12:41:44: Deleted old log file C:/Users/Senpai/AppData/Roaming/GoodSync/_mirrors_/gdrive-Wicky_Gustave-0AGIAX4LCOy-XUk9PVA@www.googleapis.com-Good Sync-Eclips Projects-Moding Minecraft 1.12.2-Application/2018-0327-123806-SENPAI_DESKTOP-Runner-Mod Sync.log
2018-04-03 12:41:44: Deleted old log file C:/Users/Senpai/AppData/Roaming/GoodSync/_mirrors_/gdrive-Wicky_Gustave-0AGIAX4LCOy-XUk9PVA@www.googleapis.com-Good Sync-Eclips Projects-Moding Minecraft 1.12.2-Application/2018-0327-123827-SENPAI_DESKTOP-Runner-Mod Sync.log
2018-04-03 12:41:44: Deleted old log file C:/Users/Senpai/AppData/Roaming/GoodSync/_mirrors_/gdrive-Wicky_Gustave-0AGIAX4LCOy-XUk9PVA@www.googleapis.com-Good Sync-Eclips Projects-Moding Minecraft 1.12.2-Application/2018-0327-123848-SENPAI_DESKTOP-Runner-Mod Sync.log
2018-04-03 12:41:44: Deleted old log file C:/Users/Senpai/AppData/Roaming/GoodSync/_mirrors_/gdrive-Wicky_Gustave-0AGIAX4LCOy-XUk9PVA@www.googleapis.com-Good Sync-Eclips Projects-Moding Minecraft 1.12.2-Application/2018-0327-123912-SENPAI_DESKTOP-Runner-Mod Sync.log
2018-04-03 12:41:44: Deleted old log file C:/Users/Senpai/AppData/Roaming/GoodSync/_mirrors_/gdrive-Wicky_Gustave-0AGIAX4LCOy-XUk9PVA@www.googleapis.com-Good Sync-Eclips Projects-Moding Minecraft 1.12.2-Application/2018-0327-123954-SENPAI_DESKTOP-Runner-Mod Sync.log
2018-04-03 12:41:44: Deleted old log file C:/Users/Senpai/AppData/Roaming/GoodSync/_mirrors_/gdrive-Wicky_Gustave-0AGIAX4LCOy-XUk9PVA@www.googleapis.com-Good Sync-Eclips Projects-Moding Minecraft 1.12.2-Application/2018-0327-124015-SENPAI_DESKTOP-Runner-Mod Sync.log
2018-04-03 12:41:44: Deleted old log file C:/Users/Senpai/AppData/Roaming/GoodSync/_mirrors_/gdrive-Wicky_Gustave-0AGIAX4LCOy-XUk9PVA@www.googleapis.com-Good Sync-Eclips Projects-Moding Minecraft 1.12.2-Application/2018-0327-124036-SENPAI_DESKTOP-Runner-Mod Sync.log
2018-04-03 12:41:44: Deleted old log file C:/Users/Senpai/AppData/Roaming/GoodSync/_mirrors_/gdrive-Wicky_Gustave-0AGIAX4LCOy-XUk9PVA@www.googleapis.com-Good Sync-Eclips Projects-Moding Minecraft 1.12.2-Application/2018-0327-124057-SENPAI_DESKTOP-Runner-Mod Sync.log
2018-04-03 12:41:44: Deleted old log file C:/Users/Senpai/AppData/Roaming/GoodSync/_mirrors_/gdrive-Wicky_Gustave-0AGIAX4LCOy-XUk9PVA@www.googleapis.com-Good Sync-Eclips Projects-Moding Minecraft 1.12.2-Application/2018-0327-124118-SENPAI_DESKTOP-Runner-Mod Sync.log
2018-04-03 12:41:44: Cleanup old logs in gdrive://www.googleapis.com/Good Sync/Eclips Projects/Moding Minecraft 1.12.2/Application/_gsdata_
2018-04-03 12:41:45: Delete log file gdrive://www.googleapis.com/Good Sync/Eclips Projects/Moding Minecraft 1.12.2/Application/_gsdata_/2018-0327-122245-SENPAI_DESKTOP-Runner-Mod Sync.log
2018-04-03 12:41:46: Delete log file gdrive://www.googleapis.com/Good Sync/Eclips Projects/Moding Minecraft 1.12.2/Application/_gsdata_/2018-0327-121824-SENPAI_DESKTOP-Runner-Mod Sync.log
2018-04-03 12:41:47: Delete log file gdrive://www.googleapis.com/Good Sync/Eclips Projects/Moding Minecraft 1.12.2/Application/_gsdata_/2018-0327-124036-SENPAI_DESKTOP-Runner-Mod Sync.log
2018-04-03 12:41:47: Delete log file gdrive://www.googleapis.com/Good Sync/Eclips Projects/Moding Minecraft 1.12.2/Application/_gsdata_/2018-0327-123806-SENPAI_DESKTOP-Runner-Mod Sync.log
2018-04-03 12:41:48: Delete log file gdrive://www.googleapis.com/Good Sync/Eclips Projects/Moding Minecraft 1.12.2/Application/_gsdata_/2018-0327-121600-SENPAI_DESKTOP-Runner-Mod Sync.log
2018-04-03 12:41:49: Delete log file gdrive://www.googleapis.com/Good Sync/Eclips Projects/Moding Minecraft 1.12.2/Application/_gsdata_/2018-0327-122057-SENPAI_DESKTOP-Runner-Mod Sync.log
2018-04-03 12:41:49: Delete log file gdrive://www.googleapis.com/Good Sync/Eclips Projects/Moding Minecraft 1.12.2/Application/_gsdata_/2018-0327-123036-SENPAI_DESKTOP-Runner-Mod Sync.log
2018-04-03 12:41:50: Delete log file gdrive://www.googleapis.com/Good Sync/Eclips Projects/Moding Minecraft 1.12.2/Application/_gsdata_/2018-0327-123827-SENPAI_DESKTOP-Runner-Mod Sync.log
2018-04-03 12:41:50: Delete log file gdrive://www.googleapis.com/Good Sync/Eclips Projects/Moding Minecraft 1.12.2/Application/_gsdata_/2018-0327-123848-SENPAI_DESKTOP-Runner-Mod Sync.log
2018-04-03 12:41:52: Delete log file gdrive://www.googleapis.com/Good Sync/Eclips Projects/Moding Minecraft 1.12.2/Application/_gsdata_/2018-0327-124118-SENPAI_DESKTOP-Runner-Mod Sync.log
2018-04-03 12:41:52: Delete log file gdrive://www.googleapis.com/Good Sync/Eclips Projects/Moding Minecraft 1.12.2/Application/_gsdata_/2018-0327-123354-SENPAI_DESKTOP-Runner-Mod Sync.log
2018-04-03 12:41:53: Delete log file gdrive://www.googleapis.com/Good Sync/Eclips Projects/Moding Minecraft 1.12.2/Application/_gsdata_/2018-0327-123954-SENPAI_DESKTOP-Runner-Mod Sync.log
2018-04-03 12:41:54: Delete log file gdrive://www.googleapis.com/Good Sync/Eclips Projects/Moding Minecraft 1.12.2/Application/_gsdata_/2018-0327-121212-SENPAI_DESKTOP-Runner-Mod Sync.log
2018-04-03 12:41:54: Delete log file gdrive://www.googleapis.com/Good Sync/Eclips Projects/Moding Minecraft 1.12.2/Application/_gsdata_/2018-0327-121718-SENPAI_DESKTOP-Runner-Mod Sync.log
2018-04-03 12:41:55: Delete log file gdrive://www.googleapis.com/Good Sync/Eclips Projects/Moding Minecraft 1.12.2/Application/_gsdata_/2018-0327-121639-SENPAI_DESKTOP-Runner-Mod Sync.log
2018-04-03 12:41:56: Delete log file gdrive://www.googleapis.com/Good Sync/Eclips Projects/Moding Minecraft 1.12.2/Application/_gsdata_/2018-0327-121848-SENPAI_DESKTOP-Runner-Mod Sync.log
2018-04-03 12:41:57: Delete log file gdrive://www.googleapis.com/Good Sync/Eclips Projects/Moding Minecraft 1.12.2/Application/_gsdata_/2018-0327-121745-SENPAI_DESKTOP-Runner-Mod Sync.log
2018-04-03 12:41:57: Delete log file gdrive://www.googleapis.com/Good Sync/Eclips Projects/Moding Minecraft 1.12.2/Application/_gsdata_/2018-0327-121239-SENPAI_DESKTOP-Runner-Mod Sync.log
2018-04-03 12:41:58: Delete log file gdrive://www.googleapis.com/Good Sync/Eclips Projects/Moding Minecraft 1.12.2/Application/_gsdata_/2018-0327-122503-SENPAI_DESKTOP-Runner-Mod Sync.log
2018-04-03 12:41:58: Delete log file gdrive://www.googleapis.com/Good Sync/Eclips Projects/Moding Minecraft 1.12.2/Application/_gsdata_/2018-0327-121321-SENPAI_DESKTOP-Runner-Mod Sync.log
2018-04-03 12:41:59: Delete log file gdrive://www.googleapis.com/Good Sync/Eclips Projects/Moding Minecraft 1.12.2/Application/_gsdata_/2018-0327-123251-SENPAI_DESKTOP-Runner-Mod Sync.log
2018-04-03 12:42:00: Delete log file gdrive://www.googleapis.com/Good Sync/Eclips Projects/Moding Minecraft 1.12.2/Application/_gsdata_/2018-0327-121515-SENPAI_DESKTOP-Runner-Mod Sync.log
2018-04-03 12:42:00: == Sync Complete. Time: 00:00:24, Speed: 3.27 KB/s, OK: 1, Errors: 0
2018-04-03 12:42:00: Unlocking folder S:/Documents/MinecraftModding/xcraftmod/src/_gsdata_/lock.gsl
2018-04-03 12:42:00: Unlocking folder gdrive://www.googleapis.com/Good Sync/Eclips Projects/Moding Minecraft 1.12.2/Application/_gsdata_/lock.gsl
2018-04-03 12:42:01: 
