2018-04-02 21:11:16: Connected to S:\Documents\MinecraftModding\xcraftmod\src: S: NTFS: type=NTFS vol=Data Storage flags=3E706FF
2018-04-02 21:11:17: Connected to gdrive://www.googleapis.com/Good Sync/Eclips Projects/Moding Minecraft 1.12.2/Application
2018-04-02 21:11:17: Incremental Analyze for On File Change
2018-04-02 21:11:17: -- Analysis Started by On File Change, After Delay, Under Runner
2018-04-02 21:11:17: Mod Sync: ANALYSIS started by On File Change, After Delay, Under Runner on 'SENPAI_DESKTOP' (GoodSync 10.8.1.1)
2018-04-02 21:11:17: =Data Storage:\Documents\MinecraftModding\xcraftmod\src (S:/Documents/MinecraftModding/xcraftmod/src) [TmpDest] <-> gdrive://www.googleapis.com/Good Sync/Eclips Projects/Moding Minecraft 1.12.2/Application [DirDest], RecycleTo_RecycleBin, SaveDays_RecycleBin=30d, ReconnectSecs=120, SyncWorkerThreads=99, OnFileChange Delay=5, Unattended, WaitForLocksMin=20, ResolveConflicts=NewerFileWins, AutoClear, LinksIgnore
2018-04-02 21:11:17: Exclude Hidden, Exclude System, Exclude name *._gstmp|/System Volume Information|Thumbs.db|.DS_Store 
2018-04-02 21:11:17: Locking folder S:/Documents/MinecraftModding/xcraftmod/src for write
2018-04-02 21:11:17: Change Analyzed: S:/Documents/MinecraftModding/xcraftmod/src/main/java/com/senpai/objects/blocks/machines/engineering/BlockEnergyCell.java
2018-04-02 21:11:17: Change Analyzed: S:/Documents/MinecraftModding/xcraftmod/src/main/java/com/senpai/objects/blocks/machines/engineering/BlockEnergyCell.java
2018-04-02 21:11:17: Change Analyzed: S:/Documents/MinecraftModding/xcraftmod/src/main/java/com/senpai/objects/blocks/machines/engineering/BlockEnergyCell.java
2018-04-02 21:11:17: Locking folder gdrive://www.googleapis.com/Good Sync/Eclips Projects/Moding Minecraft 1.12.2/Application for write
2018-04-02 21:11:19: On disk file:///S: space required for sync is 0 bytes, you have 1.25 TB
2018-04-02 21:11:19: On disk gdrive://www.googleapis.com space required for sync is 8.00 KB, you have 12.4 GB
2018-04-02 21:11:20: Changes: 1, Conflicts: 0, CopyTime: 0, FixState: 0, Errors: 0, All: 22040
2018-04-02 21:11:20: Left to Right: Copy File: 1 
2018-04-02 21:11:20: -- Analysis Complete. Time 00:00:04, Speed: 92 files/s
2018-04-02 21:11:20: == Sync Started by On File Change, After Delay, Under Runner
2018-04-02 21:11:20: Mod Sync: SYNC started by On File Change, After Delay, Under Runner on 'SENPAI_DESKTOP'
2018-04-02 21:11:20: =Data Storage:\Documents\MinecraftModding\xcraftmod\src (S:/Documents/MinecraftModding/xcraftmod/src) [TmpDest] <-> gdrive://www.googleapis.com/Good Sync/Eclips Projects/Moding Minecraft 1.12.2/Application [DirDest], RecycleTo_RecycleBin, SaveDays_RecycleBin=30d, ReconnectSecs=120, SyncWorkerThreads=99, OnFileChange Delay=5, Unattended, WaitForLocksMin=20, ResolveConflicts=NewerFileWins, AutoClear, LinksIgnore
2018-04-02 21:11:20: File Systems limited number of parallel threads to 20
2018-04-02 21:11:20: Start only 1 threads, limited by tasks to run
2018-04-02 21:11:22: Load Recycled DB: gdrive://www.googleapis.com/Good Sync/Eclips Projects/Moding Minecraft 1.12.2/Application/_gsdata_/_recycled_db._gs
2018-04-02 21:11:24: Copy Over 'S:/Documents/MinecraftModding/xcraftmod/src/main/java/com/senpai/objects/blocks/machines/engineering/BlockEnergyCell.java' -> 'gdrive://www.googleapis.com/Good Sync/Eclips Projects/Moding Minecraft 1.12.2/Application/main/java/com/senpai/objects/blocks/machines/engineering/BlockEnergyCell.java' (8181)
2018-04-02 21:11:24: Save State File S:/Documents/MinecraftModding/xcraftmod/src/_gsdata_/_file_state_v4._gs
2018-04-02 21:11:25: Save State File gdrive://www.googleapis.com/Good Sync/Eclips Projects/Moding Minecraft 1.12.2/Application/_gsdata_/_file_state_v4._gs
2018-04-02 21:11:26: Cleanup recycled files in S:/Documents/MinecraftModding/xcraftmod/src/_gsdata_/_saved_
2018-04-02 21:11:26: Load Recycled DB: S:/Documents/MinecraftModding/xcraftmod/src/_gsdata_/_recycled_db._gs
2018-04-02 21:11:26: Deleted old log file C:/Users/Senpai/AppData/Roaming/GoodSync/_mirrors_/file-=Data Storage-Documents-MinecraftModding-xcraftmod-src/2018-0326-204152-SENPAI_DESKTOP-Runner-Mod Sync.log
2018-04-02 21:11:26: Deleted old log file C:/Users/Senpai/AppData/Roaming/GoodSync/_mirrors_/file-=Data Storage-Documents-MinecraftModding-xcraftmod-src/2018-0326-204213-SENPAI_DESKTOP-Runner-Mod Sync.log
2018-04-02 21:11:26: Deleted old log file C:/Users/Senpai/AppData/Roaming/GoodSync/_mirrors_/file-=Data Storage-Documents-MinecraftModding-xcraftmod-src/2018-0326-204419-SENPAI_DESKTOP-Runner-Mod Sync.log
2018-04-02 21:11:26: Deleted old log file C:/Users/Senpai/AppData/Roaming/GoodSync/_mirrors_/file-=Data Storage-Documents-MinecraftModding-xcraftmod-src/2018-0326-204440-SENPAI_DESKTOP-Runner-Mod Sync.log
2018-04-02 21:11:26: Deleted old log file C:/Users/Senpai/AppData/Roaming/GoodSync/_mirrors_/file-=Data Storage-Documents-MinecraftModding-xcraftmod-src/2018-0326-204504-SENPAI_DESKTOP-Runner-Mod Sync.log
2018-04-02 21:11:26: Deleted old log file C:/Users/Senpai/AppData/Roaming/GoodSync/_mirrors_/file-=Data Storage-Documents-MinecraftModding-xcraftmod-src/2018-0326-204719-SENPAI_DESKTOP-Runner-Mod Sync.log
2018-04-02 21:11:26: Deleted old log file C:/Users/Senpai/AppData/Roaming/GoodSync/_mirrors_/file-=Data Storage-Documents-MinecraftModding-xcraftmod-src/2018-0326-204740-SENPAI_DESKTOP-Runner-Mod Sync.log
2018-04-02 21:11:26: Deleted old log file C:/Users/Senpai/AppData/Roaming/GoodSync/_mirrors_/file-=Data Storage-Documents-MinecraftModding-xcraftmod-src/2018-0326-205034-SENPAI_DESKTOP-Runner-Mod Sync.log
2018-04-02 21:11:26: Deleted old log file C:/Users/Senpai/AppData/Roaming/GoodSync/_mirrors_/file-=Data Storage-Documents-MinecraftModding-xcraftmod-src/2018-0326-205055-SENPAI_DESKTOP-Runner-Mod Sync.log
2018-04-02 21:11:26: Deleted old log file C:/Users/Senpai/AppData/Roaming/GoodSync/_mirrors_/file-=Data Storage-Documents-MinecraftModding-xcraftmod-src/2018-0326-205146-SENPAI_DESKTOP-Runner-Mod Sync.log
2018-04-02 21:11:26: Deleted old log file C:/Users/Senpai/AppData/Roaming/GoodSync/_mirrors_/file-=Data Storage-Documents-MinecraftModding-xcraftmod-src/2018-0326-205207-SENPAI_DESKTOP-Runner-Mod Sync.log
2018-04-02 21:11:26: Deleted old log file C:/Users/Senpai/AppData/Roaming/GoodSync/_mirrors_/file-=Data Storage-Documents-MinecraftModding-xcraftmod-src/2018-0326-205234-SENPAI_DESKTOP-Runner-Mod Sync.log
2018-04-02 21:11:26: Deleted old log file C:/Users/Senpai/AppData/Roaming/GoodSync/_mirrors_/file-=Data Storage-Documents-MinecraftModding-xcraftmod-src/2018-0326-205258-SENPAI_DESKTOP-Runner-Mod Sync.log
2018-04-02 21:11:26: Deleted old log file C:/Users/Senpai/AppData/Roaming/GoodSync/_mirrors_/file-=Data Storage-Documents-MinecraftModding-xcraftmod-src/2018-0326-205322-SENPAI_DESKTOP-Runner-Mod Sync.log
2018-04-02 21:11:26: Deleted old log file C:/Users/Senpai/AppData/Roaming/GoodSync/_mirrors_/file-=Data Storage-Documents-MinecraftModding-xcraftmod-src/2018-0326-205343-SENPAI_DESKTOP-Runner-Mod Sync.log
2018-04-02 21:11:26: Deleted old log file C:/Users/Senpai/AppData/Roaming/GoodSync/_mirrors_/file-=Data Storage-Documents-MinecraftModding-xcraftmod-src/2018-0326-205526-SENPAI_DESKTOP-Runner-Mod Sync.log
2018-04-02 21:11:26: Deleted old log file C:/Users/Senpai/AppData/Roaming/GoodSync/_mirrors_/file-=Data Storage-Documents-MinecraftModding-xcraftmod-src/2018-0326-205547-SENPAI_DESKTOP-Runner-Mod Sync.log
2018-04-02 21:11:26: Deleted old log file C:/Users/Senpai/AppData/Roaming/GoodSync/_mirrors_/file-=Data Storage-Documents-MinecraftModding-xcraftmod-src/2018-0326-205559-SENPAI_DESKTOP-Runner-Mod Sync.log
2018-04-02 21:11:26: Deleted old log file C:/Users/Senpai/AppData/Roaming/GoodSync/_mirrors_/file-=Data Storage-Documents-MinecraftModding-xcraftmod-src/2018-0326-205620-SENPAI_DESKTOP-Runner-Mod Sync.log
2018-04-02 21:11:26: Deleted old log file C:/Users/Senpai/AppData/Roaming/GoodSync/_mirrors_/file-=Data Storage-Documents-MinecraftModding-xcraftmod-src/2018-0326-205756-SENPAI_DESKTOP-Runner-Mod Sync.log
2018-04-02 21:11:26: Deleted old log file C:/Users/Senpai/AppData/Roaming/GoodSync/_mirrors_/file-=Data Storage-Documents-MinecraftModding-xcraftmod-src/2018-0326-205832-SENPAI_DESKTOP-Runner-Mod Sync.log
2018-04-02 21:11:26: Deleted old log file C:/Users/Senpai/AppData/Roaming/GoodSync/_mirrors_/file-=Data Storage-Documents-MinecraftModding-xcraftmod-src/2018-0326-205853-SENPAI_DESKTOP-Runner-Mod Sync.log
2018-04-02 21:11:26: Deleted old log file C:/Users/Senpai/AppData/Roaming/GoodSync/_mirrors_/file-=Data Storage-Documents-MinecraftModding-xcraftmod-src/2018-0326-205914-SENPAI_DESKTOP-Runner-Mod Sync.log
2018-04-02 21:11:26: Deleted old log file C:/Users/Senpai/AppData/Roaming/GoodSync/_mirrors_/file-=Data Storage-Documents-MinecraftModding-xcraftmod-src/2018-0326-205935-SENPAI_DESKTOP-Runner-Mod Sync.log
2018-04-02 21:11:26: Deleted old log file C:/Users/Senpai/AppData/Roaming/GoodSync/_mirrors_/file-=Data Storage-Documents-MinecraftModding-xcraftmod-src/2018-0326-210229-SENPAI_DESKTOP-Runner-Mod Sync.log
2018-04-02 21:11:26: Deleted old log file C:/Users/Senpai/AppData/Roaming/GoodSync/_mirrors_/file-=Data Storage-Documents-MinecraftModding-xcraftmod-src/2018-0326-210250-SENPAI_DESKTOP-Runner-Mod Sync.log
2018-04-02 21:11:26: Deleted old log file C:/Users/Senpai/AppData/Roaming/GoodSync/_mirrors_/file-=Data Storage-Documents-MinecraftModding-xcraftmod-src/2018-0326-210438-SENPAI_DESKTOP-Runner-Mod Sync.log
2018-04-02 21:11:26: Deleted old log file C:/Users/Senpai/AppData/Roaming/GoodSync/_mirrors_/file-=Data Storage-Documents-MinecraftModding-xcraftmod-src/2018-0326-210459-SENPAI_DESKTOP-Runner-Mod Sync.log
2018-04-02 21:11:26: Deleted old log file C:/Users/Senpai/AppData/Roaming/GoodSync/_mirrors_/file-=Data Storage-Documents-MinecraftModding-xcraftmod-src/2018-0326-210732-SENPAI_DESKTOP-Runner-Mod Sync.log
2018-04-02 21:11:26: Deleted old log file C:/Users/Senpai/AppData/Roaming/GoodSync/_mirrors_/file-=Data Storage-Documents-MinecraftModding-xcraftmod-src/2018-0326-210753-SENPAI_DESKTOP-Runner-Mod Sync.log
2018-04-02 21:11:26: Deleted old log file C:/Users/Senpai/AppData/Roaming/GoodSync/_mirrors_/file-=Data Storage-Documents-MinecraftModding-xcraftmod-src/2018-0326-210808-SENPAI_DESKTOP-Runner-Mod Sync.log
2018-04-02 21:11:26: Deleted old log file C:/Users/Senpai/AppData/Roaming/GoodSync/_mirrors_/file-=Data Storage-Documents-MinecraftModding-xcraftmod-src/2018-0326-210829-SENPAI_DESKTOP-Runner-Mod Sync.log
2018-04-02 21:11:26: Deleted old log file C:/Users/Senpai/AppData/Roaming/GoodSync/_mirrors_/file-=Data Storage-Documents-MinecraftModding-xcraftmod-src/2018-0326-210844-SENPAI_DESKTOP-Runner-Mod Sync.log
2018-04-02 21:11:26: Deleted old log file C:/Users/Senpai/AppData/Roaming/GoodSync/_mirrors_/file-=Data Storage-Documents-MinecraftModding-xcraftmod-src/2018-0326-210905-SENPAI_DESKTOP-Runner-Mod Sync.log
2018-04-02 21:11:26: Deleted old log file C:/Users/Senpai/AppData/Roaming/GoodSync/_mirrors_/file-=Data Storage-Documents-MinecraftModding-xcraftmod-src/2018-0326-211014-SENPAI_DESKTOP-Runner-Mod Sync.log
2018-04-02 21:11:26: Deleted old log file C:/Users/Senpai/AppData/Roaming/GoodSync/_mirrors_/file-=Data Storage-Documents-MinecraftModding-xcraftmod-src/2018-0326-211035-SENPAI_DESKTOP-Runner-Mod Sync.log
2018-04-02 21:11:26: Deleted old log file C:/Users/Senpai/AppData/Roaming/GoodSync/_mirrors_/file-=Data Storage-Documents-MinecraftModding-xcraftmod-src/2018-0326-211056-SENPAI_DESKTOP-Runner-Mod Sync.log
2018-04-02 21:11:26: Cleanup old logs in S:/Documents/MinecraftModding/xcraftmod/src/_gsdata_
2018-04-02 21:11:26: Delete log file S:/Documents/MinecraftModding/xcraftmod/src/_gsdata_/2018-0326-204152-SENPAI_DESKTOP-Runner-Mod Sync.log
2018-04-02 21:11:26: Delete log file S:/Documents/MinecraftModding/xcraftmod/src/_gsdata_/2018-0326-204419-SENPAI_DESKTOP-Runner-Mod Sync.log
2018-04-02 21:11:26: Delete log file S:/Documents/MinecraftModding/xcraftmod/src/_gsdata_/2018-0326-204440-SENPAI_DESKTOP-Runner-Mod Sync.log
2018-04-02 21:11:26: Delete log file S:/Documents/MinecraftModding/xcraftmod/src/_gsdata_/2018-0326-204719-SENPAI_DESKTOP-Runner-Mod Sync.log
2018-04-02 21:11:26: Delete log file S:/Documents/MinecraftModding/xcraftmod/src/_gsdata_/2018-0326-205034-SENPAI_DESKTOP-Runner-Mod Sync.log
2018-04-02 21:11:26: Delete log file S:/Documents/MinecraftModding/xcraftmod/src/_gsdata_/2018-0326-205146-SENPAI_DESKTOP-Runner-Mod Sync.log
2018-04-02 21:11:26: Delete log file S:/Documents/MinecraftModding/xcraftmod/src/_gsdata_/2018-0326-205234-SENPAI_DESKTOP-Runner-Mod Sync.log
2018-04-02 21:11:26: Delete log file S:/Documents/MinecraftModding/xcraftmod/src/_gsdata_/2018-0326-205258-SENPAI_DESKTOP-Runner-Mod Sync.log
2018-04-02 21:11:26: Delete log file S:/Documents/MinecraftModding/xcraftmod/src/_gsdata_/2018-0326-205322-SENPAI_DESKTOP-Runner-Mod Sync.log
2018-04-02 21:11:26: Delete log file S:/Documents/MinecraftModding/xcraftmod/src/_gsdata_/2018-0326-205526-SENPAI_DESKTOP-Runner-Mod Sync.log
2018-04-02 21:11:26: Delete log file S:/Documents/MinecraftModding/xcraftmod/src/_gsdata_/2018-0326-205559-SENPAI_DESKTOP-Runner-Mod Sync.log
2018-04-02 21:11:26: Delete log file S:/Documents/MinecraftModding/xcraftmod/src/_gsdata_/2018-0326-205756-SENPAI_DESKTOP-Runner-Mod Sync.log
2018-04-02 21:11:26: Delete log file S:/Documents/MinecraftModding/xcraftmod/src/_gsdata_/2018-0326-205832-SENPAI_DESKTOP-Runner-Mod Sync.log
2018-04-02 21:11:26: Delete log file S:/Documents/MinecraftModding/xcraftmod/src/_gsdata_/2018-0326-205853-SENPAI_DESKTOP-Runner-Mod Sync.log
2018-04-02 21:11:26: Delete log file S:/Documents/MinecraftModding/xcraftmod/src/_gsdata_/2018-0326-205914-SENPAI_DESKTOP-Runner-Mod Sync.log
2018-04-02 21:11:26: Delete log file S:/Documents/MinecraftModding/xcraftmod/src/_gsdata_/2018-0326-210229-SENPAI_DESKTOP-Runner-Mod Sync.log
2018-04-02 21:11:26: Delete log file S:/Documents/MinecraftModding/xcraftmod/src/_gsdata_/2018-0326-210438-SENPAI_DESKTOP-Runner-Mod Sync.log
2018-04-02 21:11:26: Delete log file S:/Documents/MinecraftModding/xcraftmod/src/_gsdata_/2018-0326-210732-SENPAI_DESKTOP-Runner-Mod Sync.log
2018-04-02 21:11:26: Delete log file S:/Documents/MinecraftModding/xcraftmod/src/_gsdata_/2018-0326-210808-SENPAI_DESKTOP-Runner-Mod Sync.log
2018-04-02 21:11:26: Delete log file S:/Documents/MinecraftModding/xcraftmod/src/_gsdata_/2018-0326-210844-SENPAI_DESKTOP-Runner-Mod Sync.log
2018-04-02 21:11:26: Delete log file S:/Documents/MinecraftModding/xcraftmod/src/_gsdata_/2018-0326-211014-SENPAI_DESKTOP-Runner-Mod Sync.log
2018-04-02 21:11:26: Delete log file S:/Documents/MinecraftModding/xcraftmod/src/_gsdata_/2018-0326-211035-SENPAI_DESKTOP-Runner-Mod Sync.log
2018-04-02 21:11:26: Cleanup recycled files in gdrive://www.googleapis.com/Good Sync/Eclips Projects/Moding Minecraft 1.12.2/Application/_gsdata_/_saved_
2018-04-02 21:11:27: Change detected [1]: t=Modified path=/main/java/com/senpai/objects/blocks/machines/engineering/BlockEnergyCell.java
2018-04-02 21:11:27: Change detected [1]: t=Created path=/main/java/com/senpai/objects/blocks/machines/engineering/BlockEnergyCell.java
2018-04-02 21:11:27: Change detected [1]: t=MovedFrom path=/main/java/com/senpai/objects/blocks/machines/engineering/BlockEnergyCell.java
2018-04-02 21:11:30: Save Recycled DB: gdrive://www.googleapis.com/Good Sync/Eclips Projects/Moding Minecraft 1.12.2/Application/_gsdata_/_recycled_db._gs
2018-04-02 21:11:30: Deleted old log file C:/Users/Senpai/AppData/Roaming/GoodSync/_mirrors_/gdrive-Wicky_Gustave-0AGIAX4LCOy-XUk9PVA@www.googleapis.com-Good Sync-Eclips Projects-Moding Minecraft 1.12.2-Application/2018-0326-204152-SENPAI_DESKTOP-Runner-Mod Sync.log
2018-04-02 21:11:30: Deleted old log file C:/Users/Senpai/AppData/Roaming/GoodSync/_mirrors_/gdrive-Wicky_Gustave-0AGIAX4LCOy-XUk9PVA@www.googleapis.com-Good Sync-Eclips Projects-Moding Minecraft 1.12.2-Application/2018-0326-204213-SENPAI_DESKTOP-Runner-Mod Sync.log
2018-04-02 21:11:30: Deleted old log file C:/Users/Senpai/AppData/Roaming/GoodSync/_mirrors_/gdrive-Wicky_Gustave-0AGIAX4LCOy-XUk9PVA@www.googleapis.com-Good Sync-Eclips Projects-Moding Minecraft 1.12.2-Application/2018-0326-204419-SENPAI_DESKTOP-Runner-Mod Sync.log
2018-04-02 21:11:30: Deleted old log file C:/Users/Senpai/AppData/Roaming/GoodSync/_mirrors_/gdrive-Wicky_Gustave-0AGIAX4LCOy-XUk9PVA@www.googleapis.com-Good Sync-Eclips Projects-Moding Minecraft 1.12.2-Application/2018-0326-204440-SENPAI_DESKTOP-Runner-Mod Sync.log
2018-04-02 21:11:30: Deleted old log file C:/Users/Senpai/AppData/Roaming/GoodSync/_mirrors_/gdrive-Wicky_Gustave-0AGIAX4LCOy-XUk9PVA@www.googleapis.com-Good Sync-Eclips Projects-Moding Minecraft 1.12.2-Application/2018-0326-204504-SENPAI_DESKTOP-Runner-Mod Sync.log
2018-04-02 21:11:30: Deleted old log file C:/Users/Senpai/AppData/Roaming/GoodSync/_mirrors_/gdrive-Wicky_Gustave-0AGIAX4LCOy-XUk9PVA@www.googleapis.com-Good Sync-Eclips Projects-Moding Minecraft 1.12.2-Application/2018-0326-204719-SENPAI_DESKTOP-Runner-Mod Sync.log
2018-04-02 21:11:30: Deleted old log file C:/Users/Senpai/AppData/Roaming/GoodSync/_mirrors_/gdrive-Wicky_Gustave-0AGIAX4LCOy-XUk9PVA@www.googleapis.com-Good Sync-Eclips Projects-Moding Minecraft 1.12.2-Application/2018-0326-204740-SENPAI_DESKTOP-Runner-Mod Sync.log
2018-04-02 21:11:30: Deleted old log file C:/Users/Senpai/AppData/Roaming/GoodSync/_mirrors_/gdrive-Wicky_Gustave-0AGIAX4LCOy-XUk9PVA@www.googleapis.com-Good Sync-Eclips Projects-Moding Minecraft 1.12.2-Application/2018-0326-205034-SENPAI_DESKTOP-Runner-Mod Sync.log
2018-04-02 21:11:30: Deleted old log file C:/Users/Senpai/AppData/Roaming/GoodSync/_mirrors_/gdrive-Wicky_Gustave-0AGIAX4LCOy-XUk9PVA@www.googleapis.com-Good Sync-Eclips Projects-Moding Minecraft 1.12.2-Application/2018-0326-205055-SENPAI_DESKTOP-Runner-Mod Sync.log
2018-04-02 21:11:30: Deleted old log file C:/Users/Senpai/AppData/Roaming/GoodSync/_mirrors_/gdrive-Wicky_Gustave-0AGIAX4LCOy-XUk9PVA@www.googleapis.com-Good Sync-Eclips Projects-Moding Minecraft 1.12.2-Application/2018-0326-205146-SENPAI_DESKTOP-Runner-Mod Sync.log
2018-04-02 21:11:30: Deleted old log file C:/Users/Senpai/AppData/Roaming/GoodSync/_mirrors_/gdrive-Wicky_Gustave-0AGIAX4LCOy-XUk9PVA@www.googleapis.com-Good Sync-Eclips Projects-Moding Minecraft 1.12.2-Application/2018-0326-205207-SENPAI_DESKTOP-Runner-Mod Sync.log
2018-04-02 21:11:30: Deleted old log file C:/Users/Senpai/AppData/Roaming/GoodSync/_mirrors_/gdrive-Wicky_Gustave-0AGIAX4LCOy-XUk9PVA@www.googleapis.com-Good Sync-Eclips Projects-Moding Minecraft 1.12.2-Application/2018-0326-205234-SENPAI_DESKTOP-Runner-Mod Sync.log
2018-04-02 21:11:30: Deleted old log file C:/Users/Senpai/AppData/Roaming/GoodSync/_mirrors_/gdrive-Wicky_Gustave-0AGIAX4LCOy-XUk9PVA@www.googleapis.com-Good Sync-Eclips Projects-Moding Minecraft 1.12.2-Application/2018-0326-205258-SENPAI_DESKTOP-Runner-Mod Sync.log
2018-04-02 21:11:30: Deleted old log file C:/Users/Senpai/AppData/Roaming/GoodSync/_mirrors_/gdrive-Wicky_Gustave-0AGIAX4LCOy-XUk9PVA@www.googleapis.com-Good Sync-Eclips Projects-Moding Minecraft 1.12.2-Application/2018-0326-205322-SENPAI_DESKTOP-Runner-Mod Sync.log
2018-04-02 21:11:30: Deleted old log file C:/Users/Senpai/AppData/Roaming/GoodSync/_mirrors_/gdrive-Wicky_Gustave-0AGIAX4LCOy-XUk9PVA@www.googleapis.com-Good Sync-Eclips Projects-Moding Minecraft 1.12.2-Application/2018-0326-205343-SENPAI_DESKTOP-Runner-Mod Sync.log
2018-04-02 21:11:30: Deleted old log file C:/Users/Senpai/AppData/Roaming/GoodSync/_mirrors_/gdrive-Wicky_Gustave-0AGIAX4LCOy-XUk9PVA@www.googleapis.com-Good Sync-Eclips Projects-Moding Minecraft 1.12.2-Application/2018-0326-205526-SENPAI_DESKTOP-Runner-Mod Sync.log
2018-04-02 21:11:30: Deleted old log file C:/Users/Senpai/AppData/Roaming/GoodSync/_mirrors_/gdrive-Wicky_Gustave-0AGIAX4LCOy-XUk9PVA@www.googleapis.com-Good Sync-Eclips Projects-Moding Minecraft 1.12.2-Application/2018-0326-205547-SENPAI_DESKTOP-Runner-Mod Sync.log
2018-04-02 21:11:30: Deleted old log file C:/Users/Senpai/AppData/Roaming/GoodSync/_mirrors_/gdrive-Wicky_Gustave-0AGIAX4LCOy-XUk9PVA@www.googleapis.com-Good Sync-Eclips Projects-Moding Minecraft 1.12.2-Application/2018-0326-205559-SENPAI_DESKTOP-Runner-Mod Sync.log
2018-04-02 21:11:30: Deleted old log file C:/Users/Senpai/AppData/Roaming/GoodSync/_mirrors_/gdrive-Wicky_Gustave-0AGIAX4LCOy-XUk9PVA@www.googleapis.com-Good Sync-Eclips Projects-Moding Minecraft 1.12.2-Application/2018-0326-205620-SENPAI_DESKTOP-Runner-Mod Sync.log
2018-04-02 21:11:30: Deleted old log file C:/Users/Senpai/AppData/Roaming/GoodSync/_mirrors_/gdrive-Wicky_Gustave-0AGIAX4LCOy-XUk9PVA@www.googleapis.com-Good Sync-Eclips Projects-Moding Minecraft 1.12.2-Application/2018-0326-205756-SENPAI_DESKTOP-Runner-Mod Sync.log
2018-04-02 21:11:30: Deleted old log file C:/Users/Senpai/AppData/Roaming/GoodSync/_mirrors_/gdrive-Wicky_Gustave-0AGIAX4LCOy-XUk9PVA@www.googleapis.com-Good Sync-Eclips Projects-Moding Minecraft 1.12.2-Application/2018-0326-205832-SENPAI_DESKTOP-Runner-Mod Sync.log
2018-04-02 21:11:30: Deleted old log file C:/Users/Senpai/AppData/Roaming/GoodSync/_mirrors_/gdrive-Wicky_Gustave-0AGIAX4LCOy-XUk9PVA@www.googleapis.com-Good Sync-Eclips Projects-Moding Minecraft 1.12.2-Application/2018-0326-205853-SENPAI_DESKTOP-Runner-Mod Sync.log
2018-04-02 21:11:30: Deleted old log file C:/Users/Senpai/AppData/Roaming/GoodSync/_mirrors_/gdrive-Wicky_Gustave-0AGIAX4LCOy-XUk9PVA@www.googleapis.com-Good Sync-Eclips Projects-Moding Minecraft 1.12.2-Application/2018-0326-205914-SENPAI_DESKTOP-Runner-Mod Sync.log
2018-04-02 21:11:30: Deleted old log file C:/Users/Senpai/AppData/Roaming/GoodSync/_mirrors_/gdrive-Wicky_Gustave-0AGIAX4LCOy-XUk9PVA@www.googleapis.com-Good Sync-Eclips Projects-Moding Minecraft 1.12.2-Application/2018-0326-205935-SENPAI_DESKTOP-Runner-Mod Sync.log
2018-04-02 21:11:30: Deleted old log file C:/Users/Senpai/AppData/Roaming/GoodSync/_mirrors_/gdrive-Wicky_Gustave-0AGIAX4LCOy-XUk9PVA@www.googleapis.com-Good Sync-Eclips Projects-Moding Minecraft 1.12.2-Application/2018-0326-210229-SENPAI_DESKTOP-Runner-Mod Sync.log
2018-04-02 21:11:30: Deleted old log file C:/Users/Senpai/AppData/Roaming/GoodSync/_mirrors_/gdrive-Wicky_Gustave-0AGIAX4LCOy-XUk9PVA@www.googleapis.com-Good Sync-Eclips Projects-Moding Minecraft 1.12.2-Application/2018-0326-210250-SENPAI_DESKTOP-Runner-Mod Sync.log
2018-04-02 21:11:30: Deleted old log file C:/Users/Senpai/AppData/Roaming/GoodSync/_mirrors_/gdrive-Wicky_Gustave-0AGIAX4LCOy-XUk9PVA@www.googleapis.com-Good Sync-Eclips Projects-Moding Minecraft 1.12.2-Application/2018-0326-210438-SENPAI_DESKTOP-Runner-Mod Sync.log
2018-04-02 21:11:30: Deleted old log file C:/Users/Senpai/AppData/Roaming/GoodSync/_mirrors_/gdrive-Wicky_Gustave-0AGIAX4LCOy-XUk9PVA@www.googleapis.com-Good Sync-Eclips Projects-Moding Minecraft 1.12.2-Application/2018-0326-210459-SENPAI_DESKTOP-Runner-Mod Sync.log
2018-04-02 21:11:30: Deleted old log file C:/Users/Senpai/AppData/Roaming/GoodSync/_mirrors_/gdrive-Wicky_Gustave-0AGIAX4LCOy-XUk9PVA@www.googleapis.com-Good Sync-Eclips Projects-Moding Minecraft 1.12.2-Application/2018-0326-210732-SENPAI_DESKTOP-Runner-Mod Sync.log
2018-04-02 21:11:30: Deleted old log file C:/Users/Senpai/AppData/Roaming/GoodSync/_mirrors_/gdrive-Wicky_Gustave-0AGIAX4LCOy-XUk9PVA@www.googleapis.com-Good Sync-Eclips Projects-Moding Minecraft 1.12.2-Application/2018-0326-210753-SENPAI_DESKTOP-Runner-Mod Sync.log
2018-04-02 21:11:30: Deleted old log file C:/Users/Senpai/AppData/Roaming/GoodSync/_mirrors_/gdrive-Wicky_Gustave-0AGIAX4LCOy-XUk9PVA@www.googleapis.com-Good Sync-Eclips Projects-Moding Minecraft 1.12.2-Application/2018-0326-210808-SENPAI_DESKTOP-Runner-Mod Sync.log
2018-04-02 21:11:30: Deleted old log file C:/Users/Senpai/AppData/Roaming/GoodSync/_mirrors_/gdrive-Wicky_Gustave-0AGIAX4LCOy-XUk9PVA@www.googleapis.com-Good Sync-Eclips Projects-Moding Minecraft 1.12.2-Application/2018-0326-210829-SENPAI_DESKTOP-Runner-Mod Sync.log
2018-04-02 21:11:30: Deleted old log file C:/Users/Senpai/AppData/Roaming/GoodSync/_mirrors_/gdrive-Wicky_Gustave-0AGIAX4LCOy-XUk9PVA@www.googleapis.com-Good Sync-Eclips Projects-Moding Minecraft 1.12.2-Application/2018-0326-210844-SENPAI_DESKTOP-Runner-Mod Sync.log
2018-04-02 21:11:30: Deleted old log file C:/Users/Senpai/AppData/Roaming/GoodSync/_mirrors_/gdrive-Wicky_Gustave-0AGIAX4LCOy-XUk9PVA@www.googleapis.com-Good Sync-Eclips Projects-Moding Minecraft 1.12.2-Application/2018-0326-210905-SENPAI_DESKTOP-Runner-Mod Sync.log
2018-04-02 21:11:30: Deleted old log file C:/Users/Senpai/AppData/Roaming/GoodSync/_mirrors_/gdrive-Wicky_Gustave-0AGIAX4LCOy-XUk9PVA@www.googleapis.com-Good Sync-Eclips Projects-Moding Minecraft 1.12.2-Application/2018-0326-211014-SENPAI_DESKTOP-Runner-Mod Sync.log
2018-04-02 21:11:30: Deleted old log file C:/Users/Senpai/AppData/Roaming/GoodSync/_mirrors_/gdrive-Wicky_Gustave-0AGIAX4LCOy-XUk9PVA@www.googleapis.com-Good Sync-Eclips Projects-Moding Minecraft 1.12.2-Application/2018-0326-211035-SENPAI_DESKTOP-Runner-Mod Sync.log
2018-04-02 21:11:30: Deleted old log file C:/Users/Senpai/AppData/Roaming/GoodSync/_mirrors_/gdrive-Wicky_Gustave-0AGIAX4LCOy-XUk9PVA@www.googleapis.com-Good Sync-Eclips Projects-Moding Minecraft 1.12.2-Application/2018-0326-211056-SENPAI_DESKTOP-Runner-Mod Sync.log
2018-04-02 21:11:30: Cleanup old logs in gdrive://www.googleapis.com/Good Sync/Eclips Projects/Moding Minecraft 1.12.2/Application/_gsdata_
2018-04-02 21:11:31: Delete log file gdrive://www.googleapis.com/Good Sync/Eclips Projects/Moding Minecraft 1.12.2/Application/_gsdata_/2018-0326-210229-SENPAI_DESKTOP-Runner-Mod Sync.log
2018-04-02 21:11:31: Delete log file gdrive://www.googleapis.com/Good Sync/Eclips Projects/Moding Minecraft 1.12.2/Application/_gsdata_/2018-0326-205146-SENPAI_DESKTOP-Runner-Mod Sync.log
2018-04-02 21:11:32: Change detected [0]: t=Modified path=/main/java/com/senpai/objects/blocks/BlockMachine.java
2018-04-02 21:11:32: Change detected [0]: t=Modified path=/main/java/com/senpai/objects/blocks/BlockMachine.java
2018-04-02 21:11:32: Delete log file gdrive://www.googleapis.com/Good Sync/Eclips Projects/Moding Minecraft 1.12.2/Application/_gsdata_/2018-0326-205832-SENPAI_DESKTOP-Runner-Mod Sync.log
2018-04-02 21:11:33: Delete log file gdrive://www.googleapis.com/Good Sync/Eclips Projects/Moding Minecraft 1.12.2/Application/_gsdata_/2018-0326-205258-SENPAI_DESKTOP-Runner-Mod Sync.log
2018-04-02 21:11:33: Delete log file gdrive://www.googleapis.com/Good Sync/Eclips Projects/Moding Minecraft 1.12.2/Application/_gsdata_/2018-0326-210438-SENPAI_DESKTOP-Runner-Mod Sync.log
2018-04-02 21:11:34: Change detected [0]: t=Modified path=/main/java/com/senpai/objects/blocks/BlockMachine.java
2018-04-02 21:11:34: Delete log file gdrive://www.googleapis.com/Good Sync/Eclips Projects/Moding Minecraft 1.12.2/Application/_gsdata_/2018-0326-205559-SENPAI_DESKTOP-Runner-Mod Sync.log
2018-04-02 21:11:34: Delete log file gdrive://www.googleapis.com/Good Sync/Eclips Projects/Moding Minecraft 1.12.2/Application/_gsdata_/2018-0326-210844-SENPAI_DESKTOP-Runner-Mod Sync.log
2018-04-02 21:11:35: Delete log file gdrive://www.googleapis.com/Good Sync/Eclips Projects/Moding Minecraft 1.12.2/Application/_gsdata_/2018-0326-210732-SENPAI_DESKTOP-Runner-Mod Sync.log
2018-04-02 21:11:36: Delete log file gdrive://www.googleapis.com/Good Sync/Eclips Projects/Moding Minecraft 1.12.2/Application/_gsdata_/2018-0326-204719-SENPAI_DESKTOP-Runner-Mod Sync.log
2018-04-02 21:11:36: Delete log file gdrive://www.googleapis.com/Good Sync/Eclips Projects/Moding Minecraft 1.12.2/Application/_gsdata_/2018-0326-205853-SENPAI_DESKTOP-Runner-Mod Sync.log
2018-04-02 21:11:37: Delete log file gdrive://www.googleapis.com/Good Sync/Eclips Projects/Moding Minecraft 1.12.2/Application/_gsdata_/2018-0326-205526-SENPAI_DESKTOP-Runner-Mod Sync.log
2018-04-02 21:11:38: Delete log file gdrive://www.googleapis.com/Good Sync/Eclips Projects/Moding Minecraft 1.12.2/Application/_gsdata_/2018-0326-211014-SENPAI_DESKTOP-Runner-Mod Sync.log
2018-04-02 21:11:39: Delete log file gdrive://www.googleapis.com/Good Sync/Eclips Projects/Moding Minecraft 1.12.2/Application/_gsdata_/2018-0326-205756-SENPAI_DESKTOP-Runner-Mod Sync.log
2018-04-02 21:11:40: Delete log file gdrive://www.googleapis.com/Good Sync/Eclips Projects/Moding Minecraft 1.12.2/Application/_gsdata_/2018-0326-210808-SENPAI_DESKTOP-Runner-Mod Sync.log
2018-04-02 21:11:41: Delete log file gdrive://www.googleapis.com/Good Sync/Eclips Projects/Moding Minecraft 1.12.2/Application/_gsdata_/2018-0326-204152-SENPAI_DESKTOP-Runner-Mod Sync.log
2018-04-02 21:11:41: Delete log file gdrive://www.googleapis.com/Good Sync/Eclips Projects/Moding Minecraft 1.12.2/Application/_gsdata_/2018-0326-205322-SENPAI_DESKTOP-Runner-Mod Sync.log
2018-04-02 21:11:42: Delete log file gdrive://www.googleapis.com/Good Sync/Eclips Projects/Moding Minecraft 1.12.2/Application/_gsdata_/2018-0326-211035-SENPAI_DESKTOP-Runner-Mod Sync.log
2018-04-02 21:11:42: Delete log file gdrive://www.googleapis.com/Good Sync/Eclips Projects/Moding Minecraft 1.12.2/Application/_gsdata_/2018-0326-204419-SENPAI_DESKTOP-Runner-Mod Sync.log
2018-04-02 21:11:43: Delete log file gdrive://www.googleapis.com/Good Sync/Eclips Projects/Moding Minecraft 1.12.2/Application/_gsdata_/2018-0326-205034-SENPAI_DESKTOP-Runner-Mod Sync.log
2018-04-02 21:11:43: Delete log file gdrive://www.googleapis.com/Good Sync/Eclips Projects/Moding Minecraft 1.12.2/Application/_gsdata_/2018-0326-204440-SENPAI_DESKTOP-Runner-Mod Sync.log
2018-04-02 21:11:44: Delete log file gdrive://www.googleapis.com/Good Sync/Eclips Projects/Moding Minecraft 1.12.2/Application/_gsdata_/2018-0326-205914-SENPAI_DESKTOP-Runner-Mod Sync.log
2018-04-02 21:11:44: Delete log file gdrive://www.googleapis.com/Good Sync/Eclips Projects/Moding Minecraft 1.12.2/Application/_gsdata_/2018-0326-205234-SENPAI_DESKTOP-Runner-Mod Sync.log
2018-04-02 21:11:44: == Sync Complete. Time: 00:00:24, Speed: 2.44 KB/s, OK: 1, Errors: 0
2018-04-02 21:11:44: Unlocking folder S:/Documents/MinecraftModding/xcraftmod/src/_gsdata_/lock.gsl
2018-04-02 21:11:44: Unlocking folder gdrive://www.googleapis.com/Good Sync/Eclips Projects/Moding Minecraft 1.12.2/Application/_gsdata_/lock.gsl
2018-04-02 21:11:46: 
