2018-04-04 03:04:46: Connected to S:\Documents\MinecraftModding\xcraftmod\src: S: NTFS: type=NTFS vol=Data Storage flags=3E706FF
2018-04-04 03:04:47: Connected to gdrive://www.googleapis.com/Good Sync/Eclips Projects/Moding Minecraft 1.12.2/Application
2018-04-04 03:04:47: Incremental Analyze for On File Change
2018-04-04 03:04:47: -- Analysis Started by On File Change, After Delay, Under Runner
2018-04-04 03:04:47: Mod Sync: ANALYSIS started by On File Change, After Delay, Under Runner on 'SENPAI_DESKTOP' (GoodSync 10.8.1.1)
2018-04-04 03:04:47: =Data Storage:\Documents\MinecraftModding\xcraftmod\src (S:/Documents/MinecraftModding/xcraftmod/src) [TmpDest] <-> gdrive://www.googleapis.com/Good Sync/Eclips Projects/Moding Minecraft 1.12.2/Application [DirDest], RecycleTo_RecycleBin, SaveDays_RecycleBin=30d, ReconnectSecs=120, SyncWorkerThreads=99, OnFileChange Delay=5, Unattended, WaitForLocksMin=20, ResolveConflicts=NewerFileWins, AutoClear, LinksIgnore
2018-04-04 03:04:47: Exclude Hidden, Exclude System, Exclude name *._gstmp|/System Volume Information|Thumbs.db|.DS_Store 
2018-04-04 03:04:47: Locking folder S:/Documents/MinecraftModding/xcraftmod/src for write
2018-04-04 03:04:47: Change Analyzed: S:/Documents/MinecraftModding/xcraftmod/src/main/resources/assets/sxm/textures/blocks/tin_ore.png
2018-04-04 03:04:47: Change Analyzed: S:/Documents/MinecraftModding/xcraftmod/src/main/resources/assets/sxm/textures/blocks/ore_tin.png
2018-04-04 03:04:47: Change Analyzed: S:/Documents/MinecraftModding/xcraftmod/src/main/resources/assets/sxm/textures/blocks/tin_ore_nether.png
2018-04-04 03:04:47: Change Analyzed: S:/Documents/MinecraftModding/xcraftmod/src/main/resources/assets/sxm/textures/blocks/ore_nether_tin.png
2018-04-04 03:04:47: Locking folder gdrive://www.googleapis.com/Good Sync/Eclips Projects/Moding Minecraft 1.12.2/Application for write
2018-04-04 03:04:49: Change detected [0]: t=MovedFrom path=/main/resources/assets/sxm/textures/blocks/tin_ore_end.png
2018-04-04 03:04:49: Change detected [0]: t=MovedTo path=/main/resources/assets/sxm/textures/blocks/ore_end_tin.png
2018-04-04 03:04:49: Change Analyzed: gdrive://www.googleapis.com/Good Sync/Eclips Projects/Moding Minecraft 1.12.2/Application/main/resources/assets/sxm/models/block/gamemode_detector.json
2018-04-04 03:04:49: Change Analyzed: gdrive://www.googleapis.com/Good Sync/Eclips Projects/Moding Minecraft 1.12.2/Application/main/resources/assets/sxm/models/block/cotton_stage7.json
2018-04-04 03:04:50: On disk file:///S: space required for sync is 0 bytes, you have 1.25 TB
2018-04-04 03:04:50: On disk gdrive://www.googleapis.com space required for sync is 0 bytes, you have 12.4 GB
2018-04-04 03:04:50: Changes: 4, Conflicts: 0, CopyTime: 0, FixState: 0, Errors: 0, All: 22366
2018-04-04 03:04:50: Left to Right: Rename/Move File/Folder: 4 
2018-04-04 03:04:50: -- Analysis Complete. Time 00:00:05, Speed: 110 files/s
2018-04-04 03:04:50: == Sync Started by On File Change, After Delay, Under Runner
2018-04-04 03:04:50: Mod Sync: SYNC started by On File Change, After Delay, Under Runner on 'SENPAI_DESKTOP'
2018-04-04 03:04:50: =Data Storage:\Documents\MinecraftModding\xcraftmod\src (S:/Documents/MinecraftModding/xcraftmod/src) [TmpDest] <-> gdrive://www.googleapis.com/Good Sync/Eclips Projects/Moding Minecraft 1.12.2/Application [DirDest], RecycleTo_RecycleBin, SaveDays_RecycleBin=30d, ReconnectSecs=120, SyncWorkerThreads=99, OnFileChange Delay=5, Unattended, WaitForLocksMin=20, ResolveConflicts=NewerFileWins, AutoClear, LinksIgnore
2018-04-04 03:04:50: File Systems limited number of parallel threads to 20
2018-04-04 03:04:50: Start only 4 threads, limited by tasks to run
2018-04-04 03:04:51: Move File gdrive://www.googleapis.com/Good Sync/Eclips Projects/Moding Minecraft 1.12.2/Application/main/resources/assets/sxm/textures/blocks/tin_ore_nether.png -> gdrive://www.googleapis.com/Good Sync/Eclips Projects/Moding Minecraft 1.12.2/Application/main/resources/assets/sxm/textures/blocks/ore_nether_tin.png
2018-04-04 03:04:52: Move File gdrive://www.googleapis.com/Good Sync/Eclips Projects/Moding Minecraft 1.12.2/Application/main/resources/assets/sxm/textures/blocks/tin_ore.png -> gdrive://www.googleapis.com/Good Sync/Eclips Projects/Moding Minecraft 1.12.2/Application/main/resources/assets/sxm/textures/blocks/ore_tin.png
2018-04-04 03:04:53: Save State File S:/Documents/MinecraftModding/xcraftmod/src/_gsdata_/_file_state_v4._gs
2018-04-04 03:04:54: Save State File gdrive://www.googleapis.com/Good Sync/Eclips Projects/Moding Minecraft 1.12.2/Application/_gsdata_/_file_state_v4._gs
2018-04-04 03:04:54: Cleanup recycled files in S:/Documents/MinecraftModding/xcraftmod/src/_gsdata_/_saved_
2018-04-04 03:04:54: Load Recycled DB: S:/Documents/MinecraftModding/xcraftmod/src/_gsdata_/_recycled_db._gs
2018-04-04 03:04:54: Cleanup old logs in S:/Documents/MinecraftModding/xcraftmod/src/_gsdata_
2018-04-04 03:04:54: Cleanup recycled files in gdrive://www.googleapis.com/Good Sync/Eclips Projects/Moding Minecraft 1.12.2/Application/_gsdata_/_saved_
2018-04-04 03:04:55: Load Recycled DB: gdrive://www.googleapis.com/Good Sync/Eclips Projects/Moding Minecraft 1.12.2/Application/_gsdata_/_recycled_db._gs
2018-04-04 03:04:55: Cleanup old logs in gdrive://www.googleapis.com/Good Sync/Eclips Projects/Moding Minecraft 1.12.2/Application/_gsdata_
2018-04-04 03:04:55: == Sync Complete. Time: 00:00:05, Speed: 4.00 KB/s, OK: 4, Errors: 0
2018-04-04 03:04:55: Unlocking folder S:/Documents/MinecraftModding/xcraftmod/src/_gsdata_/lock.gsl
2018-04-04 03:04:55: Unlocking folder gdrive://www.googleapis.com/Good Sync/Eclips Projects/Moding Minecraft 1.12.2/Application/_gsdata_/lock.gsl
2018-04-04 03:04:57: Change detected [1]: t=Modified path=/main/resources/assets/sxm/textures/blocks/ore_nether_tin.png
2018-04-04 03:04:57: Change detected [1]: t=MovedTo path=/main/resources/assets/sxm/textures/blocks/ore_nether_tin.png
2018-04-04 03:04:57: Change detected [1]: t=MovedFrom path=/main/resources/assets/sxm/textures/blocks/tin_ore_nether.png
2018-04-04 03:04:57: Change detected [1]: t=Modified path=/main/resources/assets/sxm/textures/blocks/ore_tin.png
2018-04-04 03:04:57: Change detected [1]: t=MovedTo path=/main/resources/assets/sxm/textures/blocks/ore_tin.png
2018-04-04 03:04:58: Change detected [1]: t=MovedFrom path=/main/resources/assets/sxm/textures/blocks/tin_ore.png
2018-04-04 03:04:58: 
