2018-04-03 22:29:23: Connected to S:\Documents\MinecraftModding\xcraftmod\src: S: NTFS: type=NTFS vol=Data Storage flags=3E706FF
2018-04-03 22:29:23: Connected to gdrive://www.googleapis.com/Good Sync/Eclips Projects/Moding Minecraft 1.12.2/Application
2018-04-03 22:29:24: Incremental Analyze for On File Change
2018-04-03 22:29:24: -- Analysis Started by On File Change, After Delay, Under Runner
2018-04-03 22:29:24: Mod Sync: ANALYSIS started by On File Change, After Delay, Under Runner on 'SENPAI_DESKTOP' (GoodSync 10.8.1.1)
2018-04-03 22:29:24: =Data Storage:\Documents\MinecraftModding\xcraftmod\src (S:/Documents/MinecraftModding/xcraftmod/src) [TmpDest] <-> gdrive://www.googleapis.com/Good Sync/Eclips Projects/Moding Minecraft 1.12.2/Application [DirDest], RecycleTo_RecycleBin, SaveDays_RecycleBin=30d, ReconnectSecs=120, SyncWorkerThreads=99, OnFileChange Delay=5, Unattended, WaitForLocksMin=20, ResolveConflicts=NewerFileWins, AutoClear, LinksIgnore
2018-04-03 22:29:24: Exclude Hidden, Exclude System, Exclude name *._gstmp|/System Volume Information|Thumbs.db|.DS_Store 
2018-04-03 22:29:24: Locking folder S:/Documents/MinecraftModding/xcraftmod/src for write
2018-04-03 22:29:24: Change Analyzed: S:/Documents/MinecraftModding/xcraftmod/src/main/java/com/senpai/objects/blocks/BlockTinButton.java
2018-04-03 22:29:24: Change Analyzed: S:/Documents/MinecraftModding/xcraftmod/src/main/java/com/senpai/objects/blocks/BlockTinDoor.java
2018-04-03 22:29:24: Change Analyzed: S:/Documents/MinecraftModding/xcraftmod/src/main/java/com/senpai/objects/blocks/BlockTinFence.java
2018-04-03 22:29:24: Change Analyzed: S:/Documents/MinecraftModding/xcraftmod/src/main/java/com/senpai/objects/blocks/BlockTinFenceGate.java
2018-04-03 22:29:24: Change Analyzed: S:/Documents/MinecraftModding/xcraftmod/src/main/java/com/senpai/objects/blocks/BlockTinOre.java
2018-04-03 22:29:24: Change Analyzed: S:/Documents/MinecraftModding/xcraftmod/src/main/java/com/senpai/objects/blocks/BlockTinPressurePlate.java
2018-04-03 22:29:24: Change Analyzed: S:/Documents/MinecraftModding/xcraftmod/src/main/java/com/senpai/objects/blocks/BlockTinSlab.java
2018-04-03 22:29:24: Change Analyzed: S:/Documents/MinecraftModding/xcraftmod/src/main/java/com/senpai/objects/blocks/BlockTinSlabDouble.java
2018-04-03 22:29:24: Change Analyzed: S:/Documents/MinecraftModding/xcraftmod/src/main/java/com/senpai/objects/blocks/BlockTinSlabHalf.java
2018-04-03 22:29:24: Change Analyzed: S:/Documents/MinecraftModding/xcraftmod/src/main/java/com/senpai/objects/blocks/BlockTinStairs.java
2018-04-03 22:29:24: Locking folder gdrive://www.googleapis.com/Good Sync/Eclips Projects/Moding Minecraft 1.12.2/Application for write
2018-04-03 22:29:26: On disk file:///S: space required for sync is 0 bytes, you have 1.25 TB
2018-04-03 22:29:26: On disk gdrive://www.googleapis.com space required for sync is 0 bytes, you have 12.4 GB
2018-04-03 22:29:26: Changes: 10, Conflicts: 0, CopyTime: 0, FixState: 0, Errors: 0, All: 22110
2018-04-03 22:29:26: Left to Right: Delete File: 10 
2018-04-03 22:29:26: -- Analysis Complete. Time 00:00:04, Speed: 105 files/s
2018-04-03 22:29:26: == Sync Started by On File Change, After Delay, Under Runner
2018-04-03 22:29:26: Mod Sync: SYNC started by On File Change, After Delay, Under Runner on 'SENPAI_DESKTOP'
2018-04-03 22:29:26: =Data Storage:\Documents\MinecraftModding\xcraftmod\src (S:/Documents/MinecraftModding/xcraftmod/src) [TmpDest] <-> gdrive://www.googleapis.com/Good Sync/Eclips Projects/Moding Minecraft 1.12.2/Application [DirDest], RecycleTo_RecycleBin, SaveDays_RecycleBin=30d, ReconnectSecs=120, SyncWorkerThreads=99, OnFileChange Delay=5, Unattended, WaitForLocksMin=20, ResolveConflicts=NewerFileWins, AutoClear, LinksIgnore
2018-04-03 22:29:28: Load Recycled DB: gdrive://www.googleapis.com/Good Sync/Eclips Projects/Moding Minecraft 1.12.2/Application/_gsdata_/_recycled_db._gs
2018-04-03 22:29:28: Delete File 'gdrive://www.googleapis.com/Good Sync/Eclips Projects/Moding Minecraft 1.12.2/Application/main/java/com/senpai/objects/blocks/BlockTinButton.java'
2018-04-03 22:29:28: Delete File 'gdrive://www.googleapis.com/Good Sync/Eclips Projects/Moding Minecraft 1.12.2/Application/main/java/com/senpai/objects/blocks/BlockTinDoor.java'
2018-04-03 22:29:29: Delete File 'gdrive://www.googleapis.com/Good Sync/Eclips Projects/Moding Minecraft 1.12.2/Application/main/java/com/senpai/objects/blocks/BlockTinFence.java'
2018-04-03 22:29:29: Delete File 'gdrive://www.googleapis.com/Good Sync/Eclips Projects/Moding Minecraft 1.12.2/Application/main/java/com/senpai/objects/blocks/BlockTinFenceGate.java'
2018-04-03 22:29:30: Delete File 'gdrive://www.googleapis.com/Good Sync/Eclips Projects/Moding Minecraft 1.12.2/Application/main/java/com/senpai/objects/blocks/BlockTinOre.java'
2018-04-03 22:29:30: Delete File 'gdrive://www.googleapis.com/Good Sync/Eclips Projects/Moding Minecraft 1.12.2/Application/main/java/com/senpai/objects/blocks/BlockTinPressurePlate.java'
2018-04-03 22:29:31: Delete File 'gdrive://www.googleapis.com/Good Sync/Eclips Projects/Moding Minecraft 1.12.2/Application/main/java/com/senpai/objects/blocks/BlockTinSlab.java'
2018-04-03 22:29:31: Delete File 'gdrive://www.googleapis.com/Good Sync/Eclips Projects/Moding Minecraft 1.12.2/Application/main/java/com/senpai/objects/blocks/BlockTinSlabDouble.java'
2018-04-03 22:29:32: Delete File 'gdrive://www.googleapis.com/Good Sync/Eclips Projects/Moding Minecraft 1.12.2/Application/main/java/com/senpai/objects/blocks/BlockTinSlabHalf.java'
2018-04-03 22:29:32: Delete File 'gdrive://www.googleapis.com/Good Sync/Eclips Projects/Moding Minecraft 1.12.2/Application/main/java/com/senpai/objects/blocks/BlockTinStairs.java'
2018-04-03 22:29:33: File Systems limited number of parallel threads to 20
2018-04-03 22:29:33: Start only 0 threads, limited by tasks to run
2018-04-03 22:29:33: Save State File S:/Documents/MinecraftModding/xcraftmod/src/_gsdata_/_file_state_v4._gs
2018-04-03 22:29:33: Change detected [1]: t=MovedFrom path=/main/java/com/senpai/objects/blocks/BlockTinStairs.java
2018-04-03 22:29:33: Change detected [1]: t=MovedFrom path=/main/java/com/senpai/objects/blocks/BlockTinSlabHalf.java
2018-04-03 22:29:33: Change detected [1]: t=MovedFrom path=/main/java/com/senpai/objects/blocks/BlockTinSlabDouble.java
2018-04-03 22:29:33: Change detected [1]: t=MovedFrom path=/main/java/com/senpai/objects/blocks/BlockTinSlab.java
2018-04-03 22:29:34: Change detected [1]: t=MovedFrom path=/main/java/com/senpai/objects/blocks/BlockTinPressurePlate.java
2018-04-03 22:29:34: Change detected [1]: t=MovedFrom path=/main/java/com/senpai/objects/blocks/BlockTinOre.java
2018-04-03 22:29:34: Change detected [1]: t=MovedFrom path=/main/java/com/senpai/objects/blocks/BlockTinFenceGate.java
2018-04-03 22:29:34: Change detected [1]: t=MovedFrom path=/main/java/com/senpai/objects/blocks/BlockTinFence.java
2018-04-03 22:29:34: Change detected [1]: t=MovedFrom path=/main/java/com/senpai/objects/blocks/BlockTinDoor.java
2018-04-03 22:29:34: Change detected [1]: t=MovedFrom path=/main/java/com/senpai/objects/blocks/BlockTinButton.java
2018-04-03 22:29:35: Save State File gdrive://www.googleapis.com/Good Sync/Eclips Projects/Moding Minecraft 1.12.2/Application/_gsdata_/_file_state_v4._gs
2018-04-03 22:29:35: Cleanup recycled files in S:/Documents/MinecraftModding/xcraftmod/src/_gsdata_/_saved_
2018-04-03 22:29:35: Load Recycled DB: S:/Documents/MinecraftModding/xcraftmod/src/_gsdata_/_recycled_db._gs
2018-04-03 22:29:35: Cleanup old logs in S:/Documents/MinecraftModding/xcraftmod/src/_gsdata_
2018-04-03 22:29:35: Cleanup recycled files in gdrive://www.googleapis.com/Good Sync/Eclips Projects/Moding Minecraft 1.12.2/Application/_gsdata_/_saved_
2018-04-03 22:29:36: Save Recycled DB: gdrive://www.googleapis.com/Good Sync/Eclips Projects/Moding Minecraft 1.12.2/Application/_gsdata_/_recycled_db._gs
2018-04-03 22:29:36: Cleanup old logs in gdrive://www.googleapis.com/Good Sync/Eclips Projects/Moding Minecraft 1.12.2/Application/_gsdata_
2018-04-03 22:29:37: == Sync Complete. Time: 00:00:11, Speed: 12.0 KB/s, OK: 10, Errors: 0
2018-04-03 22:29:37: Unlocking folder S:/Documents/MinecraftModding/xcraftmod/src/_gsdata_/lock.gsl
2018-04-03 22:29:37: Unlocking folder gdrive://www.googleapis.com/Good Sync/Eclips Projects/Moding Minecraft 1.12.2/Application/_gsdata_/lock.gsl
2018-04-03 22:29:38: 
