2018-04-04 00:25:15: Connected to S:\Documents\MinecraftModding\xcraftmod\src: S: NTFS: type=NTFS vol=Data Storage flags=3E706FF
2018-04-04 00:25:15: Connected to gdrive://www.googleapis.com/Good Sync/Eclips Projects/Moding Minecraft 1.12.2/Application
2018-04-04 00:25:15: Incremental Analyze for On File Change
2018-04-04 00:25:15: -- Analysis Started by On File Change, After Delay, Under Runner
2018-04-04 00:25:15: Mod Sync: ANALYSIS started by On File Change, After Delay, Under Runner on 'SENPAI_DESKTOP' (GoodSync 10.8.1.1)
2018-04-04 00:25:15: =Data Storage:\Documents\MinecraftModding\xcraftmod\src (S:/Documents/MinecraftModding/xcraftmod/src) [TmpDest] <-> gdrive://www.googleapis.com/Good Sync/Eclips Projects/Moding Minecraft 1.12.2/Application [DirDest], RecycleTo_RecycleBin, SaveDays_RecycleBin=30d, ReconnectSecs=120, SyncWorkerThreads=99, OnFileChange Delay=5, Unattended, WaitForLocksMin=20, ResolveConflicts=NewerFileWins, AutoClear, LinksIgnore
2018-04-04 00:25:15: Exclude Hidden, Exclude System, Exclude name *._gstmp|/System Volume Information|Thumbs.db|.DS_Store 
2018-04-04 00:25:15: Locking folder S:/Documents/MinecraftModding/xcraftmod/src for write
2018-04-04 00:25:15: Change Analyzed: S:/Documents/MinecraftModding/xcraftmod/src/main/java/com/senpai/items/basic
2018-04-04 00:25:15: Scan Newly Added Folder: S:/Documents/MinecraftModding/xcraftmod/src/main/java/com/senpai/items/basic
2018-04-04 00:25:15: Change Analyzed: S:/Documents/MinecraftModding/xcraftmod/src/main/java/com/senpai/blocks/BlockDirts.java
2018-04-04 00:25:15: Change Analyzed: S:/Documents/MinecraftModding/xcraftmod/src/main/java/com/senpai/blocks/BlockDirts.java
2018-04-04 00:25:15: Change Analyzed: S:/Documents/MinecraftModding/xcraftmod/src/main/java/com/senpai/blocks/BlockLeaf.java
2018-04-04 00:25:15: Change Analyzed: S:/Documents/MinecraftModding/xcraftmod/src/main/java/com/senpai/blocks/BlockLeaf.java
2018-04-04 00:25:15: Change Analyzed: S:/Documents/MinecraftModding/xcraftmod/src/main/java/com/senpai/blocks/BlockLogs.java
2018-04-04 00:25:15: Change Analyzed: S:/Documents/MinecraftModding/xcraftmod/src/main/java/com/senpai/blocks/BlockLogs.java
2018-04-04 00:25:15: Change Analyzed: S:/Documents/MinecraftModding/xcraftmod/src/main/java/com/senpai/blocks/BlockOres.java
2018-04-04 00:25:15: Change Analyzed: S:/Documents/MinecraftModding/xcraftmod/src/main/java/com/senpai/blocks/BlockOres.java
2018-04-04 00:25:15: Change Analyzed: S:/Documents/MinecraftModding/xcraftmod/src/main/java/com/senpai/blocks/BlockPlank.java
2018-04-04 00:25:15: Change Analyzed: S:/Documents/MinecraftModding/xcraftmod/src/main/java/com/senpai/blocks/BlockPlank.java
2018-04-04 00:25:15: Change Analyzed: S:/Documents/MinecraftModding/xcraftmod/src/main/java/com/senpai/blocks/BlockSaplings.java
2018-04-04 00:25:15: Change Analyzed: S:/Documents/MinecraftModding/xcraftmod/src/main/java/com/senpai/blocks/BlockSaplings.java
2018-04-04 00:25:15: Change Analyzed: S:/Documents/MinecraftModding/xcraftmod/src/main/java/com/senpai/init/ItemInit.java
2018-04-04 00:25:15: Change Analyzed: S:/Documents/MinecraftModding/xcraftmod/src/main/java/com/senpai/init/ItemInit.java
2018-04-04 00:25:15: Change Analyzed: S:/Documents/MinecraftModding/xcraftmod/src/main/java/com/senpai/items/XcraftHandbook.java
2018-04-04 00:25:15: Change Analyzed: S:/Documents/MinecraftModding/xcraftmod/src/main/java/com/senpai/items/basic/XcraftHandbook.java
2018-04-04 00:25:15: Change Analyzed: S:/Documents/MinecraftModding/xcraftmod/src/main/java/com/senpai/items/basic/XcraftHandbook.java
2018-04-04 00:25:15: Change Analyzed: S:/Documents/MinecraftModding/xcraftmod/src/main/java/com/senpai/items/basic/XcraftHandbook.java
2018-04-04 00:25:15: Change Analyzed: S:/Documents/MinecraftModding/xcraftmod/src/main/java/com/senpai/items/ItemBlockVariants.java
2018-04-04 00:25:15: Change Analyzed: S:/Documents/MinecraftModding/xcraftmod/src/main/java/com/senpai/items/basic/ItemBlockVariants.java
2018-04-04 00:25:15: Change Analyzed: S:/Documents/MinecraftModding/xcraftmod/src/main/java/com/senpai/items/basic/ItemBlockVariants.java
2018-04-04 00:25:15: Change Analyzed: S:/Documents/MinecraftModding/xcraftmod/src/main/java/com/senpai/items/basic/ItemBlockVariants.java
2018-04-04 00:25:15: Change Analyzed: S:/Documents/MinecraftModding/xcraftmod/src/main/java/com/senpai/items/ItemBlockBreaker.java
2018-04-04 00:25:15: Change Analyzed: S:/Documents/MinecraftModding/xcraftmod/src/main/java/com/senpai/items/basic/ItemBlockBreaker.java
2018-04-04 00:25:15: Change Analyzed: S:/Documents/MinecraftModding/xcraftmod/src/main/java/com/senpai/items/basic/ItemBlockBreaker.java
2018-04-04 00:25:15: Change Analyzed: S:/Documents/MinecraftModding/xcraftmod/src/main/java/com/senpai/items/basic/ItemBlockBreaker.java
2018-04-04 00:25:15: Change Analyzed: S:/Documents/MinecraftModding/xcraftmod/src/main/java/com/senpai/items/ItemBase.java
2018-04-04 00:25:15: Change Analyzed: S:/Documents/MinecraftModding/xcraftmod/src/main/java/com/senpai/items/basic/ItemBase.java
2018-04-04 00:25:15: Change Analyzed: S:/Documents/MinecraftModding/xcraftmod/src/main/java/com/senpai/items/basic/ItemBase.java
2018-04-04 00:25:15: Change Analyzed: S:/Documents/MinecraftModding/xcraftmod/src/main/java/com/senpai/items/basic/ItemBase.java
2018-04-04 00:25:15: Change Analyzed: S:/Documents/MinecraftModding/xcraftmod/src/main/java/com/senpai/items/ItemPaintBrush.java
2018-04-04 00:25:15: Change Analyzed: S:/Documents/MinecraftModding/xcraftmod/src/main/java/com/senpai/items/basic/ItemPaintBrush.java
2018-04-04 00:25:15: Change Analyzed: S:/Documents/MinecraftModding/xcraftmod/src/main/java/com/senpai/items/basic/ItemPaintBrush.java
2018-04-04 00:25:15: Change Analyzed: S:/Documents/MinecraftModding/xcraftmod/src/main/java/com/senpai/items/basic/ItemPaintBrush.java
2018-04-04 00:25:15: Change Analyzed: S:/Documents/MinecraftModding/xcraftmod/src/main/java/com/senpai/items/ItemBlockDoor.java
2018-04-04 00:25:15: Change Analyzed: S:/Documents/MinecraftModding/xcraftmod/src/main/java/com/senpai/items/basic/ItemBlockDoor.java
2018-04-04 00:25:15: Change Analyzed: S:/Documents/MinecraftModding/xcraftmod/src/main/java/com/senpai/items/basic/ItemBlockDoor.java
2018-04-04 00:25:15: Change Analyzed: S:/Documents/MinecraftModding/xcraftmod/src/main/java/com/senpai/items/basic/ItemBlockDoor.java
2018-04-04 00:25:15: Change Analyzed: S:/Documents/MinecraftModding/xcraftmod/src/main/java/com/senpai/items/ItemBlockMeta.java
2018-04-04 00:25:15: Change Analyzed: S:/Documents/MinecraftModding/xcraftmod/src/main/java/com/senpai/items/basic/ItemBlockMeta.java
2018-04-04 00:25:15: Change Analyzed: S:/Documents/MinecraftModding/xcraftmod/src/main/java/com/senpai/blocks/BlockLeaf.java
2018-04-04 00:25:15: Change Analyzed: S:/Documents/MinecraftModding/xcraftmod/src/main/java/com/senpai/blocks/BlockSaplings.java
2018-04-04 00:25:15: Change Analyzed: S:/Documents/MinecraftModding/xcraftmod/src/main/java/com/senpai/items/basic/ItemBlockMeta.java
2018-04-04 00:25:15: Change Analyzed: S:/Documents/MinecraftModding/xcraftmod/src/main/java/com/senpai/items/basic/ItemBlockMeta.java
2018-04-04 00:25:15: Change Analyzed: S:/Documents/MinecraftModding/xcraftmod/src/main/java/com/senpai/items/ItemChip.java
2018-04-04 00:25:15: Change Analyzed: S:/Documents/MinecraftModding/xcraftmod/src/main/java/com/senpai/items/basic/ItemChip.java
2018-04-04 00:25:15: Change Analyzed: S:/Documents/MinecraftModding/xcraftmod/src/main/java/com/senpai/items/basic/ItemChip.java
2018-04-04 00:25:15: Change Analyzed: S:/Documents/MinecraftModding/xcraftmod/src/main/java/com/senpai/items/basic/ItemChip.java
2018-04-04 00:25:15: Change Analyzed: S:/Documents/MinecraftModding/xcraftmod/src/main/java/com/senpai/items/basic/ItemBlockDoor.java
2018-04-04 00:25:15: Locking folder gdrive://www.googleapis.com/Good Sync/Eclips Projects/Moding Minecraft 1.12.2/Application for write
2018-04-04 00:25:17: Change Analyzed: gdrive://www.googleapis.com/Good Sync/Eclips Projects/Moding Minecraft 1.12.2/Application/main/java/com/senpai/objects/items/ItemBase.java
2018-04-04 00:25:17: Change Analyzed: gdrive://www.googleapis.com/Good Sync/Eclips Projects/Moding Minecraft 1.12.2/Application/main/java/com/senpai/items/XcraftHandbook.java
2018-04-04 00:25:17: Change Analyzed: gdrive://www.googleapis.com/Good Sync/Eclips Projects/Moding Minecraft 1.12.2/Application/main/java/com/senpai/items/ItemChip.java
2018-04-04 00:25:17: Change Analyzed: gdrive://www.googleapis.com/Good Sync/Eclips Projects/Moding Minecraft 1.12.2/Application/main/java/com/senpai/items/XcraftHandbook.java
2018-04-04 00:25:18: Change Analyzed: gdrive://www.googleapis.com/Good Sync/Eclips Projects/Moding Minecraft 1.12.2/Application/main/java/com/senpai/init/ItemInit.java
2018-04-04 00:25:18: Change Analyzed: gdrive://www.googleapis.com/Good Sync/Eclips Projects/Moding Minecraft 1.12.2/Application/main/java/com/senpai/items/ItemChip.java
2018-04-04 00:25:18: Change Analyzed: gdrive://www.googleapis.com/Good Sync/Eclips Projects/Moding Minecraft 1.12.2/Application/main/java/com/senpai/init/ItemInit.java
2018-04-04 00:25:18: Change Analyzed: gdrive://www.googleapis.com/Good Sync/Eclips Projects/Moding Minecraft 1.12.2/Application/main/java/com/senpai/items/ItemBase.java
2018-04-04 00:25:18: Change Analyzed: gdrive://www.googleapis.com/Good Sync/Eclips Projects/Moding Minecraft 1.12.2/Application/main/java/com/senpai/items/ItemBase.java
2018-04-04 00:25:18: Change Analyzed: gdrive://www.googleapis.com/Good Sync/Eclips Projects/Moding Minecraft 1.12.2/Application/main/java/com/senpai/init/ItemInit.java
2018-04-04 00:25:18: Change Analyzed: gdrive://www.googleapis.com/Good Sync/Eclips Projects/Moding Minecraft 1.12.2/Application/main/java/com/senpai/objects/items/XcraftHandbook.java
2018-04-04 00:25:19: On disk file:///S: space required for sync is 0 bytes, you have 1.25 TB
2018-04-04 00:25:19: On disk gdrive://www.googleapis.com space required for sync is 48.0 KB, you have 12.4 GB
2018-04-04 00:25:19: Changes: 24, Conflicts: 0, CopyTime: 0, FixState: 0, Errors: 0, All: 22165
2018-04-04 00:25:19: Left to Right: Copy File: 16 Delete File: 8 
2018-04-04 00:25:19: -- Analysis Complete. Time 00:00:05, Speed: 86 files/s
2018-04-04 00:25:19: == Sync Started by On File Change, After Delay, Under Runner
2018-04-04 00:25:19: Mod Sync: SYNC started by On File Change, After Delay, Under Runner on 'SENPAI_DESKTOP'
2018-04-04 00:25:19: =Data Storage:\Documents\MinecraftModding\xcraftmod\src (S:/Documents/MinecraftModding/xcraftmod/src) [TmpDest] <-> gdrive://www.googleapis.com/Good Sync/Eclips Projects/Moding Minecraft 1.12.2/Application [DirDest], RecycleTo_RecycleBin, SaveDays_RecycleBin=30d, ReconnectSecs=120, SyncWorkerThreads=99, OnFileChange Delay=5, Unattended, WaitForLocksMin=20, ResolveConflicts=NewerFileWins, AutoClear, LinksIgnore
2018-04-04 00:25:22: Load Recycled DB: gdrive://www.googleapis.com/Good Sync/Eclips Projects/Moding Minecraft 1.12.2/Application/_gsdata_/_recycled_db._gs
2018-04-04 00:25:22: Delete File 'gdrive://www.googleapis.com/Good Sync/Eclips Projects/Moding Minecraft 1.12.2/Application/main/java/com/senpai/items/ItemBase.java'
2018-04-04 00:25:23: Delete File 'gdrive://www.googleapis.com/Good Sync/Eclips Projects/Moding Minecraft 1.12.2/Application/main/java/com/senpai/items/ItemBlockBreaker.java'
2018-04-04 00:25:24: Delete File 'gdrive://www.googleapis.com/Good Sync/Eclips Projects/Moding Minecraft 1.12.2/Application/main/java/com/senpai/items/ItemBlockDoor.java'
2018-04-04 00:25:25: Change detected [1]: t=MovedFrom path=/main/java/com/senpai/items/ItemBlockMeta.java
2018-04-04 00:25:25: Change detected [1]: t=MovedFrom path=/main/java/com/senpai/items/ItemBlockDoor.java
2018-04-04 00:25:25: Change detected [1]: t=MovedFrom path=/main/java/com/senpai/items/ItemBlockBreaker.java
2018-04-04 00:25:25: Change detected [1]: t=MovedFrom path=/main/java/com/senpai/items/ItemBase.java
2018-04-04 00:25:26: Delete File 'gdrive://www.googleapis.com/Good Sync/Eclips Projects/Moding Minecraft 1.12.2/Application/main/java/com/senpai/items/ItemBlockMeta.java'
2018-04-04 00:25:26: Change detected [0]: t=Modified path=/main/java/com/senpai/init/ItemInit.java
2018-04-04 00:25:26: Change detected [0]: t=Modified path=/main/java/com/senpai/init/ItemInit.java
2018-04-04 00:25:26: Change detected [0]: t=Deleted path=/main/java/com/senpai/items/basic/XcraftHandbook.java
2018-04-04 00:25:26: Change detected [0]: t=Created path=/main/java/com/senpai/items/XcraftHandbook.java
2018-04-04 00:25:26: Change detected [0]: t=Modified path=/main/java/com/senpai/items/XcraftHandbook.java
2018-04-04 00:25:26: Change detected [0]: t=Modified path=/main/java/com/senpai/items/XcraftHandbook.java
2018-04-04 00:25:26: Delete File 'gdrive://www.googleapis.com/Good Sync/Eclips Projects/Moding Minecraft 1.12.2/Application/main/java/com/senpai/items/ItemBlockVariants.java'
2018-04-04 00:25:27: Delete File 'gdrive://www.googleapis.com/Good Sync/Eclips Projects/Moding Minecraft 1.12.2/Application/main/java/com/senpai/items/ItemChip.java'
2018-04-04 00:25:30: Delete File 'gdrive://www.googleapis.com/Good Sync/Eclips Projects/Moding Minecraft 1.12.2/Application/main/java/com/senpai/items/ItemPaintBrush.java'
2018-04-04 00:25:30: Delete File 'gdrive://www.googleapis.com/Good Sync/Eclips Projects/Moding Minecraft 1.12.2/Application/main/java/com/senpai/items/XcraftHandbook.java'
2018-04-04 00:25:31: Create Folder 'gdrive://www.googleapis.com/Good Sync/Eclips Projects/Moding Minecraft 1.12.2/Application/main/java/com/senpai/items/basic'
2018-04-04 00:25:31: File Systems limited number of parallel threads to 20
2018-04-04 00:25:31: Start only 15 threads, limited by tasks to run
2018-04-04 00:25:36: Copy Over 'S:/Documents/MinecraftModding/xcraftmod/src/main/java/com/senpai/blocks/BlockLogs.java' -> 'gdrive://www.googleapis.com/Good Sync/Eclips Projects/Moding Minecraft 1.12.2/Application/main/java/com/senpai/blocks/BlockLogs.java' (3911)
2018-04-04 00:25:36: Copy Over 'S:/Documents/MinecraftModding/xcraftmod/src/main/java/com/senpai/blocks/BlockLeaf.java' -> 'gdrive://www.googleapis.com/Good Sync/Eclips Projects/Moding Minecraft 1.12.2/Application/main/java/com/senpai/blocks/BlockLeaf.java' (4494)
2018-04-04 00:25:37: Copy Over 'S:/Documents/MinecraftModding/xcraftmod/src/main/java/com/senpai/blocks/BlockOres.java' -> 'gdrive://www.googleapis.com/Good Sync/Eclips Projects/Moding Minecraft 1.12.2/Application/main/java/com/senpai/blocks/BlockOres.java' (3253)
2018-04-04 00:25:38: Change detected [1]: t=MovedFrom path=/main/java/com/senpai/blocks/BlockSaplings.java
2018-04-04 00:25:38: Change detected [1]: t=Modified path=/main/java/com/senpai/blocks/BlockOres.java
2018-04-04 00:25:38: Change detected [1]: t=MovedFrom path=/main/java/com/senpai/blocks/BlockPlank.java
2018-04-04 00:25:38: Change detected [1]: t=Created path=/main/java/com/senpai/items/basic/ItemBase.java
2018-04-04 00:25:39: Change detected [1]: t=Created path=/main/java/com/senpai/blocks/BlockOres.java
2018-04-04 00:25:39: Change detected [1]: t=Modified path=/main/java/com/senpai/blocks/BlockLogs.java
2018-04-04 00:25:39: Change detected [1]: t=Modified path=/main/java/com/senpai/blocks/BlockLeaf.java
2018-04-04 00:25:39: Change detected [1]: t=Created path=/main/java/com/senpai/blocks/BlockDirts.java
2018-04-04 00:25:39: Change detected [1]: t=MovedFrom path=/main/java/com/senpai/blocks/BlockOres.java
2018-04-04 00:25:39: Change detected [1]: t=Created path=/main/java/com/senpai/blocks/BlockLogs.java
2018-04-04 00:25:39: Change detected [1]: t=Created path=/main/java/com/senpai/blocks/BlockLeaf.java
2018-04-04 00:25:39: Change detected [1]: t=MovedFrom path=/main/java/com/senpai/blocks/BlockLogs.java
2018-04-04 00:25:40: Change detected [1]: t=MovedFrom path=/main/java/com/senpai/blocks/BlockLeaf.java
2018-04-04 00:25:40: Change detected [1]: t=MovedFrom path=/main/java/com/senpai/blocks/BlockDirts.java
2018-04-04 00:25:40: Change detected [1]: t=Created path=/main/java/com/senpai/items/basic
2018-04-04 00:25:40: Change detected [1]: t=MovedFrom path=/main/java/com/senpai/items/XcraftHandbook.java
2018-04-04 00:25:40: Change detected [1]: t=MovedFrom path=/main/java/com/senpai/items/ItemPaintBrush.java
2018-04-04 00:25:40: Change detected [1]: t=MovedFrom path=/main/java/com/senpai/items/ItemChip.java
2018-04-04 00:25:40: Change detected [1]: t=MovedFrom path=/main/java/com/senpai/items/ItemBlockVariants.java
2018-04-04 00:25:41: Copy Over 'S:/Documents/MinecraftModding/xcraftmod/src/main/java/com/senpai/blocks/BlockDirts.java' -> 'gdrive://www.googleapis.com/Good Sync/Eclips Projects/Moding Minecraft 1.12.2/Application/main/java/com/senpai/blocks/BlockDirts.java' (3588)
2018-04-04 00:25:41: Copy New 'S:/Documents/MinecraftModding/xcraftmod/src/main/java/com/senpai/items/basic/ItemBase.java' -> 'gdrive://www.googleapis.com/Good Sync/Eclips Projects/Moding Minecraft 1.12.2/Application/main/java/com/senpai/items/basic/ItemBase.java' (611)
2018-04-04 00:25:42: Copy Over 'S:/Documents/MinecraftModding/xcraftmod/src/main/java/com/senpai/blocks/BlockSaplings.java' -> 'gdrive://www.googleapis.com/Good Sync/Eclips Projects/Moding Minecraft 1.12.2/Application/main/java/com/senpai/blocks/BlockSaplings.java' (6869)
2018-04-04 00:25:43: Change detected [0]: t=Created path=/main/java/com/senpai/items/food
2018-04-04 00:25:43: Copy New 'S:/Documents/MinecraftModding/xcraftmod/src/main/java/com/senpai/items/basic/ItemBlockDoor.java' -> 'gdrive://www.googleapis.com/Good Sync/Eclips Projects/Moding Minecraft 1.12.2/Application/main/java/com/senpai/items/basic/ItemBlockDoor.java' (4246)
2018-04-04 00:25:43: Copy New 'S:/Documents/MinecraftModding/xcraftmod/src/main/java/com/senpai/items/basic/ItemBlockMeta.java' -> 'gdrive://www.googleapis.com/Good Sync/Eclips Projects/Moding Minecraft 1.12.2/Application/main/java/com/senpai/items/basic/ItemBlockMeta.java' (1223)
2018-04-04 00:25:43: Copy New 'S:/Documents/MinecraftModding/xcraftmod/src/main/java/com/senpai/items/basic/XcraftHandbook.java' -> 'gdrive://www.googleapis.com/Good Sync/Eclips Projects/Moding Minecraft 1.12.2/Application/main/java/com/senpai/items/basic/XcraftHandbook.java' (619)
- ERROR: Copying file: Cannot open local file 'S:/Documents/MinecraftModding/xcraftmod/src/main/java/com/senpai/items/basic/XcraftHandbook.java' for read: The system cannot find the file specified.  (error 2)
2018-04-04 00:25:43: Copy New 'S:/Documents/MinecraftModding/xcraftmod/src/main/java/com/senpai/items/basic/XcraftHandbook.java' -> 'gdrive://www.googleapis.com/Good Sync/Eclips Projects/Moding Minecraft 1.12.2/Application/main/java/com/senpai/items/basic/XcraftHandbook.java' (619)
- ERROR: Copying file: Cannot open local file 'S:/Documents/MinecraftModding/xcraftmod/src/main/java/com/senpai/items/basic/XcraftHandbook.java' for read: The system cannot find the file specified.  (error 2)
2018-04-04 00:25:44: Copy Over 'S:/Documents/MinecraftModding/xcraftmod/src/main/java/com/senpai/blocks/BlockPlank.java' -> 'gdrive://www.googleapis.com/Good Sync/Eclips Projects/Moding Minecraft 1.12.2/Application/main/java/com/senpai/blocks/BlockPlank.java' (3289)
2018-04-04 00:25:44: Copy New 'S:/Documents/MinecraftModding/xcraftmod/src/main/java/com/senpai/items/basic/ItemBlockVariants.java' -> 'gdrive://www.googleapis.com/Good Sync/Eclips Projects/Moding Minecraft 1.12.2/Application/main/java/com/senpai/items/basic/ItemBlockVariants.java' (605)
2018-04-04 00:25:44: S:/Documents/MinecraftModding/xcraftmod/src/main/java/com/senpai/init/ItemInit.java: Source file has changed between Analyze and Sync from '[file] size=2810 accu-time=2018-04-04 00:25:04 attr=Archive cktype=0' to 'size=2804 time=2018-04-04 00:25:25', noted in source file state
2018-04-04 00:25:44: Copy Over 'S:/Documents/MinecraftModding/xcraftmod/src/main/java/com/senpai/init/ItemInit.java' -> 'gdrive://www.googleapis.com/Good Sync/Eclips Projects/Moding Minecraft 1.12.2/Application/main/java/com/senpai/init/ItemInit.java' (2810)
2018-04-04 00:25:44: Copy New 'S:/Documents/MinecraftModding/xcraftmod/src/main/java/com/senpai/items/basic/ItemBlockBreaker.java' -> 'gdrive://www.googleapis.com/Good Sync/Eclips Projects/Moding Minecraft 1.12.2/Application/main/java/com/senpai/items/basic/ItemBlockBreaker.java' (1313)
2018-04-04 00:25:44: Copy New 'S:/Documents/MinecraftModding/xcraftmod/src/main/java/com/senpai/items/basic/ItemChip.java' -> 'gdrive://www.googleapis.com/Good Sync/Eclips Projects/Moding Minecraft 1.12.2/Application/main/java/com/senpai/items/basic/ItemChip.java' (2351)
2018-04-04 00:25:45: Copy New 'S:/Documents/MinecraftModding/xcraftmod/src/main/java/com/senpai/items/basic/ItemPaintBrush.java' -> 'gdrive://www.googleapis.com/Good Sync/Eclips Projects/Moding Minecraft 1.12.2/Application/main/java/com/senpai/items/basic/ItemPaintBrush.java' (1264)
2018-04-04 00:25:46: Save State File S:/Documents/MinecraftModding/xcraftmod/src/_gsdata_/_file_state_v4._gs
2018-04-04 00:25:47: Save State File gdrive://www.googleapis.com/Good Sync/Eclips Projects/Moding Minecraft 1.12.2/Application/_gsdata_/_file_state_v4._gs
2018-04-04 00:25:47: Sync finished with 2 errors. Click Errors button to see sync errors
2018-04-04 00:25:47: Cleanup recycled files in S:/Documents/MinecraftModding/xcraftmod/src/_gsdata_/_saved_
2018-04-04 00:25:47: Load Recycled DB: S:/Documents/MinecraftModding/xcraftmod/src/_gsdata_/_recycled_db._gs
2018-04-04 00:25:47: Deleted old log file C:/Users/Senpai/AppData/Roaming/GoodSync/_mirrors_/file-=Data Storage-Documents-MinecraftModding-xcraftmod-src/2018-0328-002454-SENPAI_DESKTOP-Runner-Mod Sync.log
2018-04-04 00:25:47: Cleanup old logs in S:/Documents/MinecraftModding/xcraftmod/src/_gsdata_
2018-04-04 00:25:47: Delete log file S:/Documents/MinecraftModding/xcraftmod/src/_gsdata_/2018-0328-002454-SENPAI_DESKTOP-Runner-Mod Sync.log
2018-04-04 00:25:47: Cleanup recycled files in gdrive://www.googleapis.com/Good Sync/Eclips Projects/Moding Minecraft 1.12.2/Application/_gsdata_/_saved_
2018-04-04 00:25:48: Save Recycled DB: gdrive://www.googleapis.com/Good Sync/Eclips Projects/Moding Minecraft 1.12.2/Application/_gsdata_/_recycled_db._gs
2018-04-04 00:25:48: Deleted old log file C:/Users/Senpai/AppData/Roaming/GoodSync/_mirrors_/gdrive-Wicky_Gustave-0AGIAX4LCOy-XUk9PVA@www.googleapis.com-Good Sync-Eclips Projects-Moding Minecraft 1.12.2-Application/2018-0328-002454-SENPAI_DESKTOP-Runner-Mod Sync.log
2018-04-04 00:25:48: Cleanup old logs in gdrive://www.googleapis.com/Good Sync/Eclips Projects/Moding Minecraft 1.12.2/Application/_gsdata_
2018-04-04 00:25:49: Delete log file gdrive://www.googleapis.com/Good Sync/Eclips Projects/Moding Minecraft 1.12.2/Application/_gsdata_/2018-0328-002454-SENPAI_DESKTOP-Runner-Mod Sync.log
2018-04-04 00:25:49: == Sync Complete. Time: 00:00:30, Speed: 7.19 KB/s, OK: 23, Errors: 2
2018-04-04 00:25:49: Deleted lock file S:/Documents/MinecraftModding/xcraftmod/src/_gsdata_/lock.gsl
2018-04-04 00:25:50: Deleted lock file gdrive://www.googleapis.com/Good Sync/Eclips Projects/Moding Minecraft 1.12.2/Application/_gsdata_/lock.gsl
2018-04-04 00:25:50: 
