2018-04-02 15:21:00: Connected to S:\Documents\MinecraftModding\xcraftmod\src: S: NTFS: type=NTFS vol=Data Storage flags=3E706FF
2018-04-02 15:21:00: Connected to gdrive://www.googleapis.com/Good Sync/Eclips Projects/Moding Minecraft 1.12.2/Application
2018-04-02 15:21:00: Incremental Analyze for On File Change
2018-04-02 15:21:00: -- Analysis Started by On File Change, After Delay, Under Runner
2018-04-02 15:21:00: Mod Sync: ANALYSIS started by On File Change, After Delay, Under Runner on 'SENPAI_DESKTOP' (GoodSync 10.8.1.1)
2018-04-02 15:21:00: =Data Storage:\Documents\MinecraftModding\xcraftmod\src (S:/Documents/MinecraftModding/xcraftmod/src) [TmpDest] <-> gdrive://www.googleapis.com/Good Sync/Eclips Projects/Moding Minecraft 1.12.2/Application [DirDest], RecycleTo_RecycleBin, SaveDays_RecycleBin=30d, ReconnectSecs=120, SyncWorkerThreads=99, OnFileChange Delay=5, Unattended, WaitForLocksMin=20, ResolveConflicts=NewerFileWins, AutoClear, LinksIgnore
2018-04-02 15:21:00: Exclude Hidden, Exclude System, Exclude name *._gstmp|/System Volume Information|Thumbs.db|.DS_Store 
2018-04-02 15:21:00: Locking folder S:/Documents/MinecraftModding/xcraftmod/src for write
2018-04-02 15:21:00: Change Analyzed: S:/Documents/MinecraftModding/xcraftmod/src/main/java/com/senpai/init/BlockInit.java
2018-04-02 15:21:00: Change Analyzed: S:/Documents/MinecraftModding/xcraftmod/src/main/java/com/senpai/init/BlockInit.java
2018-04-02 15:21:00: Change Analyzed: S:/Documents/MinecraftModding/xcraftmod/src/main/java/com/senpai/objects/blocks/machines/reactor
2018-04-02 15:21:00: Change Analyzed: S:/Documents/MinecraftModding/xcraftmod/src/main/java/com/senpai/objects/blocks/machines/engineering
2018-04-02 15:21:00: Scan Newly Added Folder: S:/Documents/MinecraftModding/xcraftmod/src/main/java/com/senpai/objects/blocks/machines/engineering
2018-04-02 15:21:00: Change Analyzed: S:/Documents/MinecraftModding/xcraftmod/src/main/java/com/senpai/objects/blocks/machines/engineering/BlockPipe.java
2018-04-02 15:21:00: Change Analyzed: S:/Documents/MinecraftModding/xcraftmod/src/main/java/com/senpai/objects/blocks/machines/engineering/BlockPipe.java
2018-04-02 15:21:00: Locking folder gdrive://www.googleapis.com/Good Sync/Eclips Projects/Moding Minecraft 1.12.2/Application for write
2018-04-02 15:21:04: On disk file:///S: space required for sync is 0 bytes, you have 1.25 TB
2018-04-02 15:21:04: On disk gdrive://www.googleapis.com space required for sync is 22.0 KB, you have 12.4 GB
2018-04-02 15:21:04: Changes: 5, Conflicts: 0, CopyTime: 0, FixState: 0, Errors: 0, All: 21919
2018-04-02 15:21:04: Left to Right: Copy File: 3 Delete File: 2 
2018-04-02 15:21:04: -- Analysis Complete. Time 00:00:05, Speed: 59 files/s
2018-04-02 15:21:04: == Sync Started by On File Change, After Delay, Under Runner
2018-04-02 15:21:04: Mod Sync: SYNC started by On File Change, After Delay, Under Runner on 'SENPAI_DESKTOP'
2018-04-02 15:21:04: =Data Storage:\Documents\MinecraftModding\xcraftmod\src (S:/Documents/MinecraftModding/xcraftmod/src) [TmpDest] <-> gdrive://www.googleapis.com/Good Sync/Eclips Projects/Moding Minecraft 1.12.2/Application [DirDest], RecycleTo_RecycleBin, SaveDays_RecycleBin=30d, ReconnectSecs=120, SyncWorkerThreads=99, OnFileChange Delay=5, Unattended, WaitForLocksMin=20, ResolveConflicts=NewerFileWins, AutoClear, LinksIgnore
2018-04-02 15:21:08: Change detected [0]: t=Created path=/main/java/com/senpai/objects/blocks/machines/engineering/BlockEnergyStorage.java
2018-04-02 15:21:08: Change detected [0]: t=Modified path=/main/java/com/senpai/objects/blocks/machines/engineering/BlockEnergyStorage.java
2018-04-02 15:21:09: Load Recycled DB: gdrive://www.googleapis.com/Good Sync/Eclips Projects/Moding Minecraft 1.12.2/Application/_gsdata_/_recycled_db._gs
2018-04-02 15:21:09: Delete File 'gdrive://www.googleapis.com/Good Sync/Eclips Projects/Moding Minecraft 1.12.2/Application/main/java/com/senpai/objects/blocks/machines/reactor/BlockPipe.java'
2018-04-02 15:21:10: Delete Folder 'gdrive://www.googleapis.com/Good Sync/Eclips Projects/Moding Minecraft 1.12.2/Application/main/java/com/senpai/objects/blocks/machines/reactor'
2018-04-02 15:21:10: Change detected [1]: t=MovedFrom path=/main/java/com/senpai/objects/blocks/machines/reactor/BlockPipe.java
2018-04-02 15:21:11: Create Folder 'gdrive://www.googleapis.com/Good Sync/Eclips Projects/Moding Minecraft 1.12.2/Application/main/java/com/senpai/objects/blocks/machines/engineering'
2018-04-02 15:21:11: File Systems limited number of parallel threads to 20
2018-04-02 15:21:11: Start only 2 threads, limited by tasks to run
2018-04-02 15:21:14: Copy New 'S:/Documents/MinecraftModding/xcraftmod/src/main/java/com/senpai/objects/blocks/machines/engineering/BlockPipe.java' -> 'gdrive://www.googleapis.com/Good Sync/Eclips Projects/Moding Minecraft 1.12.2/Application/main/java/com/senpai/objects/blocks/machines/engineering/BlockPipe.java' (19788)
2018-04-02 15:21:15: Copy Over 'S:/Documents/MinecraftModding/xcraftmod/src/main/java/com/senpai/init/BlockInit.java' -> 'gdrive://www.googleapis.com/Good Sync/Eclips Projects/Moding Minecraft 1.12.2/Application/main/java/com/senpai/init/BlockInit.java' (1729)
2018-04-02 15:21:15: Save State File S:/Documents/MinecraftModding/xcraftmod/src/_gsdata_/_file_state_v4._gs
2018-04-02 15:21:17: Save State File gdrive://www.googleapis.com/Good Sync/Eclips Projects/Moding Minecraft 1.12.2/Application/_gsdata_/_file_state_v4._gs
2018-04-02 15:21:17: Cleanup recycled files in S:/Documents/MinecraftModding/xcraftmod/src/_gsdata_/_saved_
2018-04-02 15:21:17: Load Recycled DB: S:/Documents/MinecraftModding/xcraftmod/src/_gsdata_/_recycled_db._gs
2018-04-02 15:21:17: Deleted old log file C:/Users/Senpai/AppData/Roaming/GoodSync/_mirrors_/file-=Data Storage-Documents-MinecraftModding-xcraftmod-src/2018-0326-152006-SENPAI_DESKTOP-Runner-Mod Sync.log
2018-04-02 15:21:17: Deleted old log file C:/Users/Senpai/AppData/Roaming/GoodSync/_mirrors_/file-=Data Storage-Documents-MinecraftModding-xcraftmod-src/2018-0326-152042-SENPAI_DESKTOP-Runner-Mod Sync.log
2018-04-02 15:21:17: Cleanup old logs in S:/Documents/MinecraftModding/xcraftmod/src/_gsdata_
2018-04-02 15:21:17: Delete log file S:/Documents/MinecraftModding/xcraftmod/src/_gsdata_/2018-0326-152006-SENPAI_DESKTOP-Runner-Mod Sync.log
2018-04-02 15:21:17: Cleanup recycled files in gdrive://www.googleapis.com/Good Sync/Eclips Projects/Moding Minecraft 1.12.2/Application/_gsdata_/_saved_
2018-04-02 15:21:18: Save Recycled DB: gdrive://www.googleapis.com/Good Sync/Eclips Projects/Moding Minecraft 1.12.2/Application/_gsdata_/_recycled_db._gs
2018-04-02 15:21:18: Deleted old log file C:/Users/Senpai/AppData/Roaming/GoodSync/_mirrors_/gdrive-Wicky_Gustave-0AGIAX4LCOy-XUk9PVA@www.googleapis.com-Good Sync-Eclips Projects-Moding Minecraft 1.12.2-Application/2018-0326-152006-SENPAI_DESKTOP-Runner-Mod Sync.log
2018-04-02 15:21:18: Deleted old log file C:/Users/Senpai/AppData/Roaming/GoodSync/_mirrors_/gdrive-Wicky_Gustave-0AGIAX4LCOy-XUk9PVA@www.googleapis.com-Good Sync-Eclips Projects-Moding Minecraft 1.12.2-Application/2018-0326-152042-SENPAI_DESKTOP-Runner-Mod Sync.log
2018-04-02 15:21:18: Cleanup old logs in gdrive://www.googleapis.com/Good Sync/Eclips Projects/Moding Minecraft 1.12.2/Application/_gsdata_
2018-04-02 15:21:18: Delete log file gdrive://www.googleapis.com/Good Sync/Eclips Projects/Moding Minecraft 1.12.2/Application/_gsdata_/2018-0326-152006-SENPAI_DESKTOP-Runner-Mod Sync.log
2018-04-02 15:21:19: == Sync Complete. Time: 00:00:15, Speed: 4.25 KB/s, OK: 5, Errors: 0
2018-04-02 15:21:19: Unlocking folder S:/Documents/MinecraftModding/xcraftmod/src/_gsdata_/lock.gsl
2018-04-02 15:21:19: Unlocking folder gdrive://www.googleapis.com/Good Sync/Eclips Projects/Moding Minecraft 1.12.2/Application/_gsdata_/lock.gsl
2018-04-02 15:21:20: 
