2018-04-04 01:44:08: Connected to S:\Documents\MinecraftModding\xcraftmod\src: S: NTFS: type=NTFS vol=Data Storage flags=3E706FF
2018-04-04 01:44:08: Connected to gdrive://www.googleapis.com/Good Sync/Eclips Projects/Moding Minecraft 1.12.2/Application
2018-04-04 01:44:08: Incremental Analyze for On File Change
2018-04-04 01:44:09: -- Analysis Started by On File Change, After Delay, Under Runner
2018-04-04 01:44:09: Mod Sync: ANALYSIS started by On File Change, After Delay, Under Runner on 'SENPAI_DESKTOP' (GoodSync 10.8.1.1)
2018-04-04 01:44:09: =Data Storage:\Documents\MinecraftModding\xcraftmod\src (S:/Documents/MinecraftModding/xcraftmod/src) [TmpDest] <-> gdrive://www.googleapis.com/Good Sync/Eclips Projects/Moding Minecraft 1.12.2/Application [DirDest], RecycleTo_RecycleBin, SaveDays_RecycleBin=30d, ReconnectSecs=120, SyncWorkerThreads=99, OnFileChange Delay=5, Unattended, WaitForLocksMin=20, ResolveConflicts=NewerFileWins, AutoClear, LinksIgnore
2018-04-04 01:44:09: Exclude Hidden, Exclude System, Exclude name *._gstmp|/System Volume Information|Thumbs.db|.DS_Store 
2018-04-04 01:44:09: Locking folder S:/Documents/MinecraftModding/xcraftmod/src for write
2018-04-04 01:44:09: Change Analyzed: S:/Documents/MinecraftModding/xcraftmod/src/main/java/com/senpai/world/gen/WorldGenCustomOres.java
2018-04-04 01:44:09: Change Analyzed: S:/Documents/MinecraftModding/xcraftmod/src/main/java/com/senpai/world/gen/WorldGenCustomOres.java
2018-04-04 01:44:09: Locking folder gdrive://www.googleapis.com/Good Sync/Eclips Projects/Moding Minecraft 1.12.2/Application for write
2018-04-04 01:44:10: Change Analyzed: gdrive://www.googleapis.com/Good Sync/Eclips Projects/Moding Minecraft 1.12.2/Application/main/resources/assets/sxm/blockstates/gamemode_detector.json
2018-04-04 01:44:10: Change Analyzed: gdrive://www.googleapis.com/Good Sync/Eclips Projects/Moding Minecraft 1.12.2/Application/main/resources/assets/sxm/blockstates/canvas.json
2018-04-04 01:44:10: Change Analyzed: gdrive://www.googleapis.com/Good Sync/Eclips Projects/Moding Minecraft 1.12.2/Application/main/resources/assets/sxm/blockstates/machine_frame.json
2018-04-04 01:44:10: Change Analyzed: gdrive://www.googleapis.com/Good Sync/Eclips Projects/Moding Minecraft 1.12.2/Application/main/resources/assets/sxm/blockstates/gamemode_detector.json
2018-04-04 01:44:11: Change Analyzed: gdrive://www.googleapis.com/Good Sync/Eclips Projects/Moding Minecraft 1.12.2/Application/main/resources/assets/sxm/blockstates/canvas.json
2018-04-04 01:44:11: Change Analyzed: gdrive://www.googleapis.com/Good Sync/Eclips Projects/Moding Minecraft 1.12.2/Application/main/resources/assets/sxm/blockstates/cotton.json
2018-04-04 01:44:11: Change Analyzed: gdrive://www.googleapis.com/Good Sync/Eclips Projects/Moding Minecraft 1.12.2/Application/main/resources/assets/sxm/blockstates/cotton.json
2018-04-04 01:44:11: Change Analyzed: gdrive://www.googleapis.com/Good Sync/Eclips Projects/Moding Minecraft 1.12.2/Application/main/resources/assets/sxm/blockstates/gamemode_detector.json
2018-04-04 01:44:11: Change Analyzed: gdrive://www.googleapis.com/Good Sync/Eclips Projects/Moding Minecraft 1.12.2/Application/main/resources/assets/sxm/blockstates/canvas.json
2018-04-04 01:44:11: Change Analyzed: gdrive://www.googleapis.com/Good Sync/Eclips Projects/Moding Minecraft 1.12.2/Application/main/resources/assets/sxm/blockstates/cotton.json
2018-04-04 01:44:11: Change Analyzed: gdrive://www.googleapis.com/Good Sync/Eclips Projects/Moding Minecraft 1.12.2/Application/main/resources/assets/sxm/blockstates/machine_frame.json
2018-04-04 01:44:11: Change Analyzed: gdrive://www.googleapis.com/Good Sync/Eclips Projects/Moding Minecraft 1.12.2/Application/main/resources/assets/sxm/blockstates/tin_button.json
2018-04-04 01:44:12: Change Analyzed: gdrive://www.googleapis.com/Good Sync/Eclips Projects/Moding Minecraft 1.12.2/Application/main/resources/assets/sxm/blockstates/tin_block.json
2018-04-04 01:44:12: Change Analyzed: gdrive://www.googleapis.com/Good Sync/Eclips Projects/Moding Minecraft 1.12.2/Application/main/resources/assets/sxm/blockstates/tin_button.json
2018-04-04 01:44:12: Change Analyzed: gdrive://www.googleapis.com/Good Sync/Eclips Projects/Moding Minecraft 1.12.2/Application/main/resources/assets/sxm/blockstates/tin_block.json
2018-04-04 01:44:12: Change Analyzed: gdrive://www.googleapis.com/Good Sync/Eclips Projects/Moding Minecraft 1.12.2/Application/main/resources/assets/sxm/blockstates/tin_button.json
2018-04-04 01:44:12: Change Analyzed: gdrive://www.googleapis.com/Good Sync/Eclips Projects/Moding Minecraft 1.12.2/Application/main/resources/assets/sxm/blockstates/machine_frame.json
2018-04-04 01:44:12: Change Analyzed: gdrive://www.googleapis.com/Good Sync/Eclips Projects/Moding Minecraft 1.12.2/Application/main/resources/assets/sxm/blockstates/tin_block.json
2018-04-04 01:44:13: On disk file:///S: space required for sync is 0 bytes, you have 1.25 TB
2018-04-04 01:44:13: On disk gdrive://www.googleapis.com space required for sync is 4.00 KB, you have 12.4 GB
2018-04-04 01:44:13: Changes: 1, Conflicts: 0, CopyTime: 0, FixState: 0, Errors: 0, All: 22336
2018-04-04 01:44:13: Left to Right: Copy File: 1 
2018-04-04 01:44:13: -- Analysis Complete. Time 00:00:06, Speed: 92 files/s
2018-04-04 01:44:13: == Sync Started by On File Change, After Delay, Under Runner
2018-04-04 01:44:13: Mod Sync: SYNC started by On File Change, After Delay, Under Runner on 'SENPAI_DESKTOP'
2018-04-04 01:44:13: =Data Storage:\Documents\MinecraftModding\xcraftmod\src (S:/Documents/MinecraftModding/xcraftmod/src) [TmpDest] <-> gdrive://www.googleapis.com/Good Sync/Eclips Projects/Moding Minecraft 1.12.2/Application [DirDest], RecycleTo_RecycleBin, SaveDays_RecycleBin=30d, ReconnectSecs=120, SyncWorkerThreads=99, OnFileChange Delay=5, Unattended, WaitForLocksMin=20, ResolveConflicts=NewerFileWins, AutoClear, LinksIgnore
2018-04-04 01:44:13: File Systems limited number of parallel threads to 20
2018-04-04 01:44:13: Start only 1 threads, limited by tasks to run
2018-04-04 01:44:14: Change detected [0]: t=Modified path=/main/java/com/senpai/world/gen/generators/WorldGenCopperTree.java
2018-04-04 01:44:14: Change detected [0]: t=Modified path=/main/java/com/senpai/world/gen/generators/WorldGenCopperTree.java
2018-04-04 01:44:15: Change detected [0]: t=Modified path=/main/java/com/senpai/world/gen/generators/WorldGenCopperTree.java
2018-04-04 01:44:15: Load Recycled DB: gdrive://www.googleapis.com/Good Sync/Eclips Projects/Moding Minecraft 1.12.2/Application/_gsdata_/_recycled_db._gs
2018-04-04 01:44:16: Copy Over 'S:/Documents/MinecraftModding/xcraftmod/src/main/java/com/senpai/world/gen/WorldGenCustomOres.java' -> 'gdrive://www.googleapis.com/Good Sync/Eclips Projects/Moding Minecraft 1.12.2/Application/main/java/com/senpai/world/gen/WorldGenCustomOres.java' (3426)
2018-04-04 01:44:17: Save State File S:/Documents/MinecraftModding/xcraftmod/src/_gsdata_/_file_state_v4._gs
2018-04-04 01:44:18: Change detected [1]: t=Modified path=/main/java/com/senpai/world/gen/WorldGenCustomOres.java
2018-04-04 01:44:18: Change detected [1]: t=Created path=/main/java/com/senpai/world/gen/WorldGenCustomOres.java
2018-04-04 01:44:18: Change detected [1]: t=MovedFrom path=/main/java/com/senpai/world/gen/WorldGenCustomOres.java
2018-04-04 01:44:18: Save State File gdrive://www.googleapis.com/Good Sync/Eclips Projects/Moding Minecraft 1.12.2/Application/_gsdata_/_file_state_v4._gs
2018-04-04 01:44:18: Cleanup recycled files in S:/Documents/MinecraftModding/xcraftmod/src/_gsdata_/_saved_
2018-04-04 01:44:18: Load Recycled DB: S:/Documents/MinecraftModding/xcraftmod/src/_gsdata_/_recycled_db._gs
2018-04-04 01:44:18: Deleted old log file C:/Users/Senpai/AppData/Roaming/GoodSync/_mirrors_/file-=Data Storage-Documents-MinecraftModding-xcraftmod-src/2018-0328-014357-SENPAI_DESKTOP-Runner-Mod Sync.log
2018-04-04 01:44:18: Cleanup old logs in S:/Documents/MinecraftModding/xcraftmod/src/_gsdata_
2018-04-04 01:44:18: Cleanup recycled files in gdrive://www.googleapis.com/Good Sync/Eclips Projects/Moding Minecraft 1.12.2/Application/_gsdata_/_saved_
2018-04-04 01:44:19: Save Recycled DB: gdrive://www.googleapis.com/Good Sync/Eclips Projects/Moding Minecraft 1.12.2/Application/_gsdata_/_recycled_db._gs
2018-04-04 01:44:19: Deleted old log file C:/Users/Senpai/AppData/Roaming/GoodSync/_mirrors_/gdrive-Wicky_Gustave-0AGIAX4LCOy-XUk9PVA@www.googleapis.com-Good Sync-Eclips Projects-Moding Minecraft 1.12.2-Application/2018-0328-014357-SENPAI_DESKTOP-Runner-Mod Sync.log
2018-04-04 01:44:19: Cleanup old logs in gdrive://www.googleapis.com/Good Sync/Eclips Projects/Moding Minecraft 1.12.2/Application/_gsdata_
2018-04-04 01:44:20: == Sync Complete. Time: 00:00:07, Speed: 1.71 KB/s, OK: 1, Errors: 0
2018-04-04 01:44:20: Unlocking folder S:/Documents/MinecraftModding/xcraftmod/src/_gsdata_/lock.gsl
2018-04-04 01:44:20: Unlocking folder gdrive://www.googleapis.com/Good Sync/Eclips Projects/Moding Minecraft 1.12.2/Application/_gsdata_/lock.gsl
2018-04-04 01:44:21: 
