2018-04-03 23:36:06: Connected to S:\Documents\MinecraftModding\xcraftmod\src: S: NTFS: type=NTFS vol=Data Storage flags=3E706FF
2018-04-03 23:36:06: Connected to gdrive://www.googleapis.com/Good Sync/Eclips Projects/Moding Minecraft 1.12.2/Application
2018-04-03 23:36:06: Incremental Analyze for On File Change
2018-04-03 23:36:06: -- Analysis Started by On File Change, After Delay, Under Runner
2018-04-03 23:36:06: Mod Sync: ANALYSIS started by On File Change, After Delay, Under Runner on 'SENPAI_DESKTOP' (GoodSync 10.8.1.1)
2018-04-03 23:36:06: =Data Storage:\Documents\MinecraftModding\xcraftmod\src (S:/Documents/MinecraftModding/xcraftmod/src) [TmpDest] <-> gdrive://www.googleapis.com/Good Sync/Eclips Projects/Moding Minecraft 1.12.2/Application [DirDest], RecycleTo_RecycleBin, SaveDays_RecycleBin=30d, ReconnectSecs=120, SyncWorkerThreads=99, OnFileChange Delay=5, Unattended, WaitForLocksMin=20, ResolveConflicts=NewerFileWins, AutoClear, LinksIgnore
2018-04-03 23:36:06: Exclude Hidden, Exclude System, Exclude name *._gstmp|/System Volume Information|Thumbs.db|.DS_Store 
2018-04-03 23:36:06: Locking folder S:/Documents/MinecraftModding/xcraftmod/src for write
2018-04-03 23:36:06: Change Analyzed: S:/Documents/MinecraftModding/xcraftmod/src/main/java/com/senpai/tileEntity/TileEntityBlockBreaker.java
2018-04-03 23:36:06: Change Analyzed: S:/Documents/MinecraftModding/xcraftmod/src/main/java/com/senpai/tileEntity/TileEntityBlockBreaker.java
2018-04-03 23:36:06: Change Analyzed: S:/Documents/MinecraftModding/xcraftmod/src/main/java/com/senpai/objects/blocks/BlockCanvas.java
2018-04-03 23:36:06: Change Analyzed: S:/Documents/MinecraftModding/xcraftmod/src/main/java/com/senpai/objects/blocks/BlockCanvas.java
2018-04-03 23:36:06: Change Analyzed: S:/Documents/MinecraftModding/xcraftmod/src/main/java/com/senpai/objects/blocks/BlockCanvas.java
2018-04-03 23:36:06: Change Analyzed: S:/Documents/MinecraftModding/xcraftmod/src/main/java/com/senpai/capabilties/Worker.java
2018-04-03 23:36:06: Change Analyzed: S:/Documents/MinecraftModding/xcraftmod/src/main/java/com/senpai/capabilties/Worker.java
2018-04-03 23:36:06: Change Analyzed: S:/Documents/MinecraftModding/xcraftmod/src/main/java/com/senpai/capabilties/IWork.java
2018-04-03 23:36:06: Change Analyzed: S:/Documents/MinecraftModding/xcraftmod/src/main/java/com/senpai/interfaces/IWork.java
2018-04-03 23:36:06: Change Analyzed: S:/Documents/MinecraftModding/xcraftmod/src/main/java/com/senpai/interfaces/IWork.java
2018-04-03 23:36:06: Change Analyzed: S:/Documents/MinecraftModding/xcraftmod/src/main/java/com/senpai/interfaces/IWork.java
2018-04-03 23:36:06: Locking folder gdrive://www.googleapis.com/Good Sync/Eclips Projects/Moding Minecraft 1.12.2/Application for write
2018-04-03 23:36:08: Change Analyzed: gdrive://www.googleapis.com/Good Sync/Eclips Projects/Moding Minecraft 1.12.2/Application/main/java/com/senpai/capabilties/IWork.java
2018-04-03 23:36:08: Change Analyzed: gdrive://www.googleapis.com/Good Sync/Eclips Projects/Moding Minecraft 1.12.2/Application/main/java/com/senpai/capabilties/IWork.java
2018-04-03 23:36:08: Change Analyzed: gdrive://www.googleapis.com/Good Sync/Eclips Projects/Moding Minecraft 1.12.2/Application/main/java/com/senpai/capabilties/IWork.java
2018-04-03 23:36:09: On disk file:///S: space required for sync is 0 bytes, you have 1.25 TB
2018-04-03 23:36:09: On disk gdrive://www.googleapis.com space required for sync is 21.0 KB, you have 12.4 GB
2018-04-03 23:36:09: Changes: 5, Conflicts: 0, CopyTime: 0, FixState: 0, Errors: 0, All: 22128
2018-04-03 23:36:09: Left to Right: Copy File: 4 Delete File: 1 
2018-04-03 23:36:09: -- Analysis Complete. Time 00:00:05, Speed: 84 files/s
2018-04-03 23:36:09: == Sync Started by On File Change, After Delay, Under Runner
2018-04-03 23:36:09: Mod Sync: SYNC started by On File Change, After Delay, Under Runner on 'SENPAI_DESKTOP'
2018-04-03 23:36:09: =Data Storage:\Documents\MinecraftModding\xcraftmod\src (S:/Documents/MinecraftModding/xcraftmod/src) [TmpDest] <-> gdrive://www.googleapis.com/Good Sync/Eclips Projects/Moding Minecraft 1.12.2/Application [DirDest], RecycleTo_RecycleBin, SaveDays_RecycleBin=30d, ReconnectSecs=120, SyncWorkerThreads=99, OnFileChange Delay=5, Unattended, WaitForLocksMin=20, ResolveConflicts=NewerFileWins, AutoClear, LinksIgnore
2018-04-03 23:36:12: Load Recycled DB: gdrive://www.googleapis.com/Good Sync/Eclips Projects/Moding Minecraft 1.12.2/Application/_gsdata_/_recycled_db._gs
2018-04-03 23:36:12: Delete File 'gdrive://www.googleapis.com/Good Sync/Eclips Projects/Moding Minecraft 1.12.2/Application/main/java/com/senpai/capabilties/IWork.java'
2018-04-03 23:36:12: File Systems limited number of parallel threads to 20
2018-04-03 23:36:12: Start only 4 threads, limited by tasks to run
2018-04-03 23:36:15: Change detected [1]: t=Modified path=/main/java/com/senpai/capabilties/Worker.java
2018-04-03 23:36:15: Change detected [1]: t=Created path=/main/java/com/senpai/objects/blocks/BlockCanvas.java
2018-04-03 23:36:16: Change detected [1]: t=Created path=/main/java/com/senpai/capabilties/Worker.java
2018-04-03 23:36:16: Change detected [1]: t=Modified path=/main/java/com/senpai/interfaces/IWork.java
2018-04-03 23:36:16: Change detected [1]: t=MovedFrom path=/main/java/com/senpai/objects/blocks/BlockCanvas.java
2018-04-03 23:36:16: Change detected [1]: t=Created path=/main/java/com/senpai/interfaces/IWork.java
2018-04-03 23:36:16: Change detected [1]: t=MovedFrom path=/main/java/com/senpai/capabilties/Worker.java
2018-04-03 23:36:16: Change detected [1]: t=MovedFrom path=/main/java/com/senpai/capabilties/IWork.java
2018-04-03 23:36:17: Copy Over 'S:/Documents/MinecraftModding/xcraftmod/src/main/java/com/senpai/objects/blocks/BlockCanvas.java' -> 'gdrive://www.googleapis.com/Good Sync/Eclips Projects/Moding Minecraft 1.12.2/Application/main/java/com/senpai/objects/blocks/BlockCanvas.java' (5701)
2018-04-03 23:36:17: Copy Over 'S:/Documents/MinecraftModding/xcraftmod/src/main/java/com/senpai/capabilties/Worker.java' -> 'gdrive://www.googleapis.com/Good Sync/Eclips Projects/Moding Minecraft 1.12.2/Application/main/java/com/senpai/capabilties/Worker.java' (2577)
2018-04-03 23:36:17: Copy New 'S:/Documents/MinecraftModding/xcraftmod/src/main/java/com/senpai/interfaces/IWork.java' -> 'gdrive://www.googleapis.com/Good Sync/Eclips Projects/Moding Minecraft 1.12.2/Application/main/java/com/senpai/interfaces/IWork.java' (812)
2018-04-03 23:36:18: Copy Over 'S:/Documents/MinecraftModding/xcraftmod/src/main/java/com/senpai/tileEntity/TileEntityBlockBreaker.java' -> 'gdrive://www.googleapis.com/Good Sync/Eclips Projects/Moding Minecraft 1.12.2/Application/main/java/com/senpai/tileEntity/TileEntityBlockBreaker.java' (10503)
2018-04-03 23:36:19: Save State File S:/Documents/MinecraftModding/xcraftmod/src/_gsdata_/_file_state_v4._gs
2018-04-03 23:36:20: Save State File gdrive://www.googleapis.com/Good Sync/Eclips Projects/Moding Minecraft 1.12.2/Application/_gsdata_/_file_state_v4._gs
2018-04-03 23:36:20: Cleanup recycled files in S:/Documents/MinecraftModding/xcraftmod/src/_gsdata_/_saved_
2018-04-03 23:36:20: Load Recycled DB: S:/Documents/MinecraftModding/xcraftmod/src/_gsdata_/_recycled_db._gs
2018-04-03 23:36:20: Cleanup old logs in S:/Documents/MinecraftModding/xcraftmod/src/_gsdata_
2018-04-03 23:36:20: Cleanup recycled files in gdrive://www.googleapis.com/Good Sync/Eclips Projects/Moding Minecraft 1.12.2/Application/_gsdata_/_saved_
2018-04-03 23:36:21: Save Recycled DB: gdrive://www.googleapis.com/Good Sync/Eclips Projects/Moding Minecraft 1.12.2/Application/_gsdata_/_recycled_db._gs
2018-04-03 23:36:21: Cleanup old logs in gdrive://www.googleapis.com/Good Sync/Eclips Projects/Moding Minecraft 1.12.2/Application/_gsdata_
2018-04-03 23:36:22: == Sync Complete. Time: 00:00:13, Speed: 4.89 KB/s, OK: 5, Errors: 0
2018-04-03 23:36:22: Unlocking folder S:/Documents/MinecraftModding/xcraftmod/src/_gsdata_/lock.gsl
2018-04-03 23:36:22: Unlocking folder gdrive://www.googleapis.com/Good Sync/Eclips Projects/Moding Minecraft 1.12.2/Application/_gsdata_/lock.gsl
2018-04-03 23:36:23: 
