2018-04-02 14:02:05: File Monitoring was asked to stop on: L: Unknown Change Detected
2018-04-02 14:02:05: File Monitoring stopped on: S:/Documents/MinecraftModding/xcraftmod/src: Was asked to stop by m_bStopFileMonitoring
2018-04-02 14:02:05: File Monitoring on: S:/Documents/MinecraftModding/xcraftmod/src: Was asked to stop by m_bStopFileMonitoring
2018-04-02 14:02:05: File Monitoring has stopped: Was asked to stop by m_bStopFileMonitoring
2018-04-02 14:02:05: File Monitoring was asked to stop on: R: Unknown Change Detected
2018-04-02 14:02:06: File Monitoring stopped on: gdrive://www.googleapis.com/Good Sync/Eclips Projects/Moding Minecraft 1.12.2/Application: Was asked to stop by m_bStopFileMonitoring
2018-04-02 14:02:06: File Monitoring on: gdrive://www.googleapis.com/Good Sync/Eclips Projects/Moding Minecraft 1.12.2/Application: Was asked to stop by m_bStopFileMonitoring
2018-04-02 14:02:06: File Monitoring has stopped: Was asked to stop by m_bStopFileMonitoring
2018-04-02 14:02:06: Connected to S:\Documents\MinecraftModding\xcraftmod\src: S: NTFS: type=NTFS vol=Data Storage flags=3E706FF
2018-04-02 14:02:06: Connected to gdrive://www.googleapis.com/Good Sync/Eclips Projects/Moding Minecraft 1.12.2/Application
2018-04-02 14:02:06: First Full Analyze for On File Change
2018-04-02 14:02:06: -- Analysis Started by On File Change, After Delay, Under Runner
2018-04-02 14:02:06: Mod Sync: ANALYSIS started by On File Change, After Delay, Under Runner on 'SENPAI_DESKTOP' (GoodSync 10.8.1.1)
2018-04-02 14:02:06: =Data Storage:\Documents\MinecraftModding\xcraftmod\src (S:/Documents/MinecraftModding/xcraftmod/src) [TmpDest] <-> gdrive://www.googleapis.com/Good Sync/Eclips Projects/Moding Minecraft 1.12.2/Application [DirDest], RecycleTo_RecycleBin, SaveDays_RecycleBin=30d, ReconnectSecs=120, SyncWorkerThreads=99, OnFileChange Delay=5, Unattended, WaitForLocksMin=20, ResolveConflicts=NewerFileWins, AutoClear, LinksIgnore
2018-04-02 14:02:06: Exclude Hidden, Exclude System, Exclude name *._gstmp|/System Volume Information|Thumbs.db|.DS_Store 
2018-04-02 14:02:06: Locking folder S:/Documents/MinecraftModding/xcraftmod/src for write
2018-04-02 14:02:06: L: Reading State File S:/Documents/MinecraftModding/xcraftmod/src/_gsdata_/_file_state_v4._gs
2018-04-02 14:02:06: L: Files: 237 (excluded 0). Folders: 50 (excluded 1). Times (s): Folder Scan: 0.236 (1220 f/s), Compare: 0.012 S: NTFS Free: 1.25 TB, Total: 1.81 TB
2018-04-02 14:02:06: Locking folder gdrive://www.googleapis.com/Good Sync/Eclips Projects/Moding Minecraft 1.12.2/Application for write
2018-04-02 14:02:08: R: Reading State File gdrive://www.googleapis.com/Good Sync/Eclips Projects/Moding Minecraft 1.12.2/Application/_gsdata_/_file_state_v4._gs
2018-04-02 14:02:15: R: Files: 237 (excluded 0). Folders: 50 (excluded 1). Times (s): Folder Scan: 8.663 (33 f/s), Compare: 0.010 Wicky_Gustave-0AGIAX4LCOy-XUk9PVA Free: 12.4 GB, Total: 15.0 GB
2018-04-02 14:02:15: On disk file:///S: space required for sync is 0 bytes, you have 1.25 TB
2018-04-02 14:02:15: On disk gdrive://www.googleapis.com space required for sync is 3.00 KB, you have 12.4 GB
2018-04-02 14:02:16: Changes: 1, Conflicts: 0, CopyTime: 0, FixState: 0, Errors: 0, All: 21912
2018-04-02 14:02:16: Left to Right: Copy File: 1 
2018-04-02 14:02:16: -- Analysis Complete. Time 00:00:11, Speed: 26 files/s
2018-04-02 14:02:16: == Sync Started by On File Change, After Delay, Under Runner
2018-04-02 14:02:16: Mod Sync: SYNC started by On File Change, After Delay, Under Runner on 'SENPAI_DESKTOP'
2018-04-02 14:02:16: =Data Storage:\Documents\MinecraftModding\xcraftmod\src (S:/Documents/MinecraftModding/xcraftmod/src) [TmpDest] <-> gdrive://www.googleapis.com/Good Sync/Eclips Projects/Moding Minecraft 1.12.2/Application [DirDest], RecycleTo_RecycleBin, SaveDays_RecycleBin=30d, ReconnectSecs=120, SyncWorkerThreads=99, OnFileChange Delay=5, Unattended, WaitForLocksMin=20, ResolveConflicts=NewerFileWins, AutoClear, LinksIgnore
2018-04-02 14:02:16: File Systems limited number of parallel threads to 20
2018-04-02 14:02:16: Start only 1 threads, limited by tasks to run
2018-04-02 14:02:18: Load Recycled DB: gdrive://www.googleapis.com/Good Sync/Eclips Projects/Moding Minecraft 1.12.2/Application/_gsdata_/_recycled_db._gs
2018-04-02 14:02:20: Copy Over 'S:/Documents/MinecraftModding/xcraftmod/src/main/resources/assets/sxm/blockstates/pipe.json' -> 'gdrive://www.googleapis.com/Good Sync/Eclips Projects/Moding Minecraft 1.12.2/Application/main/resources/assets/sxm/blockstates/pipe.json' (2264)
2018-04-02 14:02:20: Save State File S:/Documents/MinecraftModding/xcraftmod/src/_gsdata_/_file_state_v4._gs
2018-04-02 14:02:21: Save State File gdrive://www.googleapis.com/Good Sync/Eclips Projects/Moding Minecraft 1.12.2/Application/_gsdata_/_file_state_v4._gs
2018-04-02 14:02:21: Cleanup recycled files in S:/Documents/MinecraftModding/xcraftmod/src/_gsdata_/_saved_
2018-04-02 14:02:21: Load Recycled DB: S:/Documents/MinecraftModding/xcraftmod/src/_gsdata_/_recycled_db._gs
2018-04-02 14:02:21: Deleted old log file C:/Users/Senpai/AppData/Roaming/GoodSync/_mirrors_/file-=Data Storage-Documents-MinecraftModding-xcraftmod-src/2018-0326-135445-SENPAI_DESKTOP-Runner-Mod Sync.log
2018-04-02 14:02:21: Deleted old log file C:/Users/Senpai/AppData/Roaming/GoodSync/_mirrors_/file-=Data Storage-Documents-MinecraftModding-xcraftmod-src/2018-0326-135506-SENPAI_DESKTOP-Runner-Mod Sync.log
2018-04-02 14:02:21: Deleted old log file C:/Users/Senpai/AppData/Roaming/GoodSync/_mirrors_/file-=Data Storage-Documents-MinecraftModding-xcraftmod-src/2018-0326-135527-SENPAI_DESKTOP-Runner-Mod Sync.log
2018-04-02 14:02:21: Deleted old log file C:/Users/Senpai/AppData/Roaming/GoodSync/_mirrors_/file-=Data Storage-Documents-MinecraftModding-xcraftmod-src/2018-0326-135551-SENPAI_DESKTOP-Runner-Mod Sync.log
2018-04-02 14:02:21: Deleted old log file C:/Users/Senpai/AppData/Roaming/GoodSync/_mirrors_/file-=Data Storage-Documents-MinecraftModding-xcraftmod-src/2018-0326-135751-SENPAI_DESKTOP-Runner-Mod Sync.log
2018-04-02 14:02:21: Deleted old log file C:/Users/Senpai/AppData/Roaming/GoodSync/_mirrors_/file-=Data Storage-Documents-MinecraftModding-xcraftmod-src/2018-0326-135812-SENPAI_DESKTOP-Runner-Mod Sync.log
2018-04-02 14:02:21: Deleted old log file C:/Users/Senpai/AppData/Roaming/GoodSync/_mirrors_/file-=Data Storage-Documents-MinecraftModding-xcraftmod-src/2018-0326-135824-SENPAI_DESKTOP-Runner-Mod Sync.log
2018-04-02 14:02:21: Cleanup old logs in S:/Documents/MinecraftModding/xcraftmod/src/_gsdata_
2018-04-02 14:02:21: Delete log file S:/Documents/MinecraftModding/xcraftmod/src/_gsdata_/2018-0326-135445-SENPAI_DESKTOP-Runner-Mod Sync.log
2018-04-02 14:02:21: Delete log file S:/Documents/MinecraftModding/xcraftmod/src/_gsdata_/2018-0326-135527-SENPAI_DESKTOP-Runner-Mod Sync.log
2018-04-02 14:02:21: Delete log file S:/Documents/MinecraftModding/xcraftmod/src/_gsdata_/2018-0326-135751-SENPAI_DESKTOP-Runner-Mod Sync.log
2018-04-02 14:02:21: Cleanup recycled files in gdrive://www.googleapis.com/Good Sync/Eclips Projects/Moding Minecraft 1.12.2/Application/_gsdata_/_saved_
2018-04-02 14:02:22: Save Recycled DB: gdrive://www.googleapis.com/Good Sync/Eclips Projects/Moding Minecraft 1.12.2/Application/_gsdata_/_recycled_db._gs
2018-04-02 14:02:22: Deleted old log file C:/Users/Senpai/AppData/Roaming/GoodSync/_mirrors_/gdrive-Wicky_Gustave-0AGIAX4LCOy-XUk9PVA@www.googleapis.com-Good Sync-Eclips Projects-Moding Minecraft 1.12.2-Application/2018-0326-135445-SENPAI_DESKTOP-Runner-Mod Sync.log
2018-04-02 14:02:22: Deleted old log file C:/Users/Senpai/AppData/Roaming/GoodSync/_mirrors_/gdrive-Wicky_Gustave-0AGIAX4LCOy-XUk9PVA@www.googleapis.com-Good Sync-Eclips Projects-Moding Minecraft 1.12.2-Application/2018-0326-135506-SENPAI_DESKTOP-Runner-Mod Sync.log
2018-04-02 14:02:22: Deleted old log file C:/Users/Senpai/AppData/Roaming/GoodSync/_mirrors_/gdrive-Wicky_Gustave-0AGIAX4LCOy-XUk9PVA@www.googleapis.com-Good Sync-Eclips Projects-Moding Minecraft 1.12.2-Application/2018-0326-135527-SENPAI_DESKTOP-Runner-Mod Sync.log
2018-04-02 14:02:22: Deleted old log file C:/Users/Senpai/AppData/Roaming/GoodSync/_mirrors_/gdrive-Wicky_Gustave-0AGIAX4LCOy-XUk9PVA@www.googleapis.com-Good Sync-Eclips Projects-Moding Minecraft 1.12.2-Application/2018-0326-135551-SENPAI_DESKTOP-Runner-Mod Sync.log
2018-04-02 14:02:22: Deleted old log file C:/Users/Senpai/AppData/Roaming/GoodSync/_mirrors_/gdrive-Wicky_Gustave-0AGIAX4LCOy-XUk9PVA@www.googleapis.com-Good Sync-Eclips Projects-Moding Minecraft 1.12.2-Application/2018-0326-135751-SENPAI_DESKTOP-Runner-Mod Sync.log
2018-04-02 14:02:22: Deleted old log file C:/Users/Senpai/AppData/Roaming/GoodSync/_mirrors_/gdrive-Wicky_Gustave-0AGIAX4LCOy-XUk9PVA@www.googleapis.com-Good Sync-Eclips Projects-Moding Minecraft 1.12.2-Application/2018-0326-135812-SENPAI_DESKTOP-Runner-Mod Sync.log
2018-04-02 14:02:22: Deleted old log file C:/Users/Senpai/AppData/Roaming/GoodSync/_mirrors_/gdrive-Wicky_Gustave-0AGIAX4LCOy-XUk9PVA@www.googleapis.com-Good Sync-Eclips Projects-Moding Minecraft 1.12.2-Application/2018-0326-135824-SENPAI_DESKTOP-Runner-Mod Sync.log
2018-04-02 14:02:22: Cleanup old logs in gdrive://www.googleapis.com/Good Sync/Eclips Projects/Moding Minecraft 1.12.2/Application/_gsdata_
2018-04-02 14:02:23: Delete log file gdrive://www.googleapis.com/Good Sync/Eclips Projects/Moding Minecraft 1.12.2/Application/_gsdata_/2018-0326-135445-SENPAI_DESKTOP-Runner-Mod Sync.log
2018-04-02 14:02:23: Delete log file gdrive://www.googleapis.com/Good Sync/Eclips Projects/Moding Minecraft 1.12.2/Application/_gsdata_/2018-0326-135751-SENPAI_DESKTOP-Runner-Mod Sync.log
2018-04-02 14:02:24: Delete log file gdrive://www.googleapis.com/Good Sync/Eclips Projects/Moding Minecraft 1.12.2/Application/_gsdata_/2018-0326-135527-SENPAI_DESKTOP-Runner-Mod Sync.log
2018-04-02 14:02:24: == Sync Complete. Time: 00:00:08, Speed: 1015 bytes/s, OK: 1, Errors: 0
2018-04-02 14:02:24: Unlocking folder S:/Documents/MinecraftModding/xcraftmod/src/_gsdata_/lock.gsl
2018-04-02 14:02:24: Unlocking folder gdrive://www.googleapis.com/Good Sync/Eclips Projects/Moding Minecraft 1.12.2/Application/_gsdata_/lock.gsl
2018-04-02 14:02:25: 
