2018-04-04 00:23:42: Connected to S:\Documents\MinecraftModding\xcraftmod\src: S: NTFS: type=NTFS vol=Data Storage flags=3E706FF
2018-04-04 00:23:42: Connected to gdrive://www.googleapis.com/Good Sync/Eclips Projects/Moding Minecraft 1.12.2/Application
2018-04-04 00:23:42: Incremental Analyze for On File Change
2018-04-04 00:23:42: -- Analysis Started by On File Change, After Delay, Under Runner
2018-04-04 00:23:42: Mod Sync: ANALYSIS started by On File Change, After Delay, Under Runner on 'SENPAI_DESKTOP' (GoodSync 10.8.1.1)
2018-04-04 00:23:42: =Data Storage:\Documents\MinecraftModding\xcraftmod\src (S:/Documents/MinecraftModding/xcraftmod/src) [TmpDest] <-> gdrive://www.googleapis.com/Good Sync/Eclips Projects/Moding Minecraft 1.12.2/Application [DirDest], RecycleTo_RecycleBin, SaveDays_RecycleBin=30d, ReconnectSecs=120, SyncWorkerThreads=99, OnFileChange Delay=5, Unattended, WaitForLocksMin=20, ResolveConflicts=NewerFileWins, AutoClear, LinksIgnore
2018-04-04 00:23:42: Exclude Hidden, Exclude System, Exclude name *._gstmp|/System Volume Information|Thumbs.db|.DS_Store 
2018-04-04 00:23:42: Locking folder S:/Documents/MinecraftModding/xcraftmod/src for write
2018-04-04 00:23:42: Change Analyzed: S:/Documents/MinecraftModding/xcraftmod/src/main/java/com/senpai/objects/blocks/BlockCanvas.java
2018-04-04 00:23:42: Change Analyzed: S:/Documents/MinecraftModding/xcraftmod/src/main/java/com/senpai/objects/blocks/BlockCanvas.java
2018-04-04 00:23:42: Change Analyzed: S:/Documents/MinecraftModding/xcraftmod/src/main/java/com/senpai/init/BlockInit.java
2018-04-04 00:23:42: Change Analyzed: S:/Documents/MinecraftModding/xcraftmod/src/main/java/com/senpai/init/BlockInit.java
2018-04-04 00:23:42: Change Analyzed: S:/Documents/MinecraftModding/xcraftmod/src/main/java/com/senpai/objects/blocks/BlockCanvas.java
2018-04-04 00:23:42: Change Analyzed: S:/Documents/MinecraftModding/xcraftmod/src/main/java/com/senpai/blocks/BlockCanvas.java
2018-04-04 00:23:42: Change Analyzed: S:/Documents/MinecraftModding/xcraftmod/src/main/java/com/senpai/blocks/BlockCanvas.java
2018-04-04 00:23:42: Change Analyzed: S:/Documents/MinecraftModding/xcraftmod/src/main/java/com/senpai/blocks/BlockCanvas.java
2018-04-04 00:23:42: Change Analyzed: S:/Documents/MinecraftModding/xcraftmod/src/main/java/com/senpai/blocks/BlockCanvas.java
2018-04-04 00:23:42: Locking folder gdrive://www.googleapis.com/Good Sync/Eclips Projects/Moding Minecraft 1.12.2/Application for write
2018-04-04 00:23:44: On disk file:///S: space required for sync is 0 bytes, you have 1.25 TB
2018-04-04 00:23:44: On disk gdrive://www.googleapis.com space required for sync is 8.00 KB, you have 12.4 GB
2018-04-04 00:23:45: Changes: 3, Conflicts: 0, CopyTime: 0, FixState: 0, Errors: 0, All: 22150
2018-04-04 00:23:45: Left to Right: Copy File: 2 Delete File: 1 
2018-04-04 00:23:45: -- Analysis Complete. Time 00:00:03, Speed: 142 files/s
2018-04-04 00:23:45: == Sync Started by On File Change, After Delay, Under Runner
2018-04-04 00:23:45: Mod Sync: SYNC started by On File Change, After Delay, Under Runner on 'SENPAI_DESKTOP'
2018-04-04 00:23:45: =Data Storage:\Documents\MinecraftModding\xcraftmod\src (S:/Documents/MinecraftModding/xcraftmod/src) [TmpDest] <-> gdrive://www.googleapis.com/Good Sync/Eclips Projects/Moding Minecraft 1.12.2/Application [DirDest], RecycleTo_RecycleBin, SaveDays_RecycleBin=30d, ReconnectSecs=120, SyncWorkerThreads=99, OnFileChange Delay=5, Unattended, WaitForLocksMin=20, ResolveConflicts=NewerFileWins, AutoClear, LinksIgnore
2018-04-04 00:23:45: Change detected [0]: t=Modified path=/main/java/com/senpai/blocks/BlockBreaker.java
2018-04-04 00:23:45: Change detected [0]: t=Modified path=/main/java/com/senpai/blocks/BlockBreaker.java
2018-04-04 00:23:45: Change detected [0]: t=Modified path=/main/java/com/senpai/objects/blocks/BlockMachine.java
2018-04-04 00:23:45: Change detected [0]: t=Modified path=/main/java/com/senpai/objects/blocks/BlockMachine.java
2018-04-04 00:23:45: Change detected [0]: t=Modified path=/main/java/com/senpai/blocks/BlockMachineFrame.java
2018-04-04 00:23:45: Change detected [0]: t=Modified path=/main/java/com/senpai/blocks/BlockMachineFrame.java
2018-04-04 00:23:45: Change detected [0]: t=Modified path=/main/java/com/senpai/objects/blocks/BlockTinBlock.java
2018-04-04 00:23:45: Change detected [0]: t=Modified path=/main/java/com/senpai/objects/blocks/BlockTinBlock.java
2018-04-04 00:23:45: Change detected [0]: t=Modified path=/main/java/com/senpai/objects/items/ItemChip.java
2018-04-04 00:23:45: Change detected [0]: t=Modified path=/main/java/com/senpai/objects/items/ItemChip.java
2018-04-04 00:23:45: Change detected [0]: t=Deleted path=/main/java/com/senpai/objects/blocks/BlockMachine.java
2018-04-04 00:23:45: Change detected [0]: t=Created path=/main/java/com/senpai/blocks/BlockMachine.java
2018-04-04 00:23:45: Change detected [0]: t=Modified path=/main/java/com/senpai/blocks/BlockMachine.java
2018-04-04 00:23:45: Change detected [0]: t=Modified path=/main/java/com/senpai/blocks/BlockMachine.java
2018-04-04 00:23:45: Change detected [0]: t=Deleted path=/main/java/com/senpai/objects/blocks/BlockTinBlock.java
2018-04-04 00:23:45: Change detected [0]: t=Created path=/main/java/com/senpai/blocks/BlockTinBlock.java
2018-04-04 00:23:45: Change detected [0]: t=Modified path=/main/java/com/senpai/blocks/BlockTinBlock.java
2018-04-04 00:23:45: Change detected [0]: t=Modified path=/main/java/com/senpai/blocks/BlockTinBlock.java
2018-04-04 00:23:45: Change detected [0]: t=Deleted path=/main/java/com/senpai/objects/blocks/BlockEnergyCell.java
2018-04-04 00:23:45: Change detected [0]: t=Created path=/main/java/com/senpai/blocks/BlockEnergyCell.java
2018-04-04 00:23:45: Change detected [0]: t=Modified path=/main/java/com/senpai/blocks/BlockEnergyCell.java
2018-04-04 00:23:45: Change detected [0]: t=Modified path=/main/java/com/senpai/blocks/BlockEnergyCell.java
2018-04-04 00:23:47: Load Recycled DB: gdrive://www.googleapis.com/Good Sync/Eclips Projects/Moding Minecraft 1.12.2/Application/_gsdata_/_recycled_db._gs
2018-04-04 00:23:47: Delete File 'gdrive://www.googleapis.com/Good Sync/Eclips Projects/Moding Minecraft 1.12.2/Application/main/java/com/senpai/objects/blocks/BlockCanvas.java'
2018-04-04 00:23:47: File Systems limited number of parallel threads to 20
2018-04-04 00:23:47: Start only 2 threads, limited by tasks to run
2018-04-04 00:23:49: Copy New 'S:/Documents/MinecraftModding/xcraftmod/src/main/java/com/senpai/blocks/BlockCanvas.java' -> 'gdrive://www.googleapis.com/Good Sync/Eclips Projects/Moding Minecraft 1.12.2/Application/main/java/com/senpai/blocks/BlockCanvas.java' (5761)
2018-04-04 00:23:50: Change detected [0]: t=Modified path=/main/java/com/senpai/blocks/BlockBreaker.java
2018-04-04 00:23:50: Change detected [0]: t=Modified path=/main/java/com/senpai/blocks/BlockEnergyCell.java
2018-04-04 00:23:50: Change detected [0]: t=Modified path=/main/java/com/senpai/blocks/BlockMachine.java
2018-04-04 00:23:50: Copy Over 'S:/Documents/MinecraftModding/xcraftmod/src/main/java/com/senpai/init/BlockInit.java' -> 'gdrive://www.googleapis.com/Good Sync/Eclips Projects/Moding Minecraft 1.12.2/Application/main/java/com/senpai/init/BlockInit.java' (1776)
2018-04-04 00:23:50: Save State File S:/Documents/MinecraftModding/xcraftmod/src/_gsdata_/_file_state_v4._gs
2018-04-04 00:23:52: Change detected [1]: t=Modified path=/main/java/com/senpai/init/BlockInit.java
2018-04-04 00:23:52: Change detected [1]: t=Created path=/main/java/com/senpai/init/BlockInit.java
2018-04-04 00:23:52: Change detected [1]: t=MovedFrom path=/main/java/com/senpai/init/BlockInit.java
2018-04-04 00:23:52: Change detected [1]: t=Modified path=/main/java/com/senpai/blocks/BlockCanvas.java
2018-04-04 00:23:52: Change detected [1]: t=Created path=/main/java/com/senpai/blocks/BlockCanvas.java
2018-04-04 00:23:52: Change detected [1]: t=MovedFrom path=/main/java/com/senpai/objects/blocks/BlockCanvas.java
2018-04-04 00:23:52: Save State File gdrive://www.googleapis.com/Good Sync/Eclips Projects/Moding Minecraft 1.12.2/Application/_gsdata_/_file_state_v4._gs
2018-04-04 00:23:52: Cleanup recycled files in S:/Documents/MinecraftModding/xcraftmod/src/_gsdata_/_saved_
2018-04-04 00:23:52: Load Recycled DB: S:/Documents/MinecraftModding/xcraftmod/src/_gsdata_/_recycled_db._gs
2018-04-04 00:23:52: Cleanup old logs in S:/Documents/MinecraftModding/xcraftmod/src/_gsdata_
2018-04-04 00:23:52: Cleanup recycled files in gdrive://www.googleapis.com/Good Sync/Eclips Projects/Moding Minecraft 1.12.2/Application/_gsdata_/_saved_
2018-04-04 00:23:53: Save Recycled DB: gdrive://www.googleapis.com/Good Sync/Eclips Projects/Moding Minecraft 1.12.2/Application/_gsdata_/_recycled_db._gs
2018-04-04 00:23:53: Cleanup old logs in gdrive://www.googleapis.com/Good Sync/Eclips Projects/Moding Minecraft 1.12.2/Application/_gsdata_
2018-04-04 00:23:54: == Sync Complete. Time: 00:00:09, Speed: 3.90 KB/s, OK: 3, Errors: 0
2018-04-04 00:23:54: Unlocking folder S:/Documents/MinecraftModding/xcraftmod/src/_gsdata_/lock.gsl
2018-04-04 00:23:54: Unlocking folder gdrive://www.googleapis.com/Good Sync/Eclips Projects/Moding Minecraft 1.12.2/Application/_gsdata_/lock.gsl
2018-04-04 00:23:56: 
