2018-04-04 03:03:10: Connected to S:\Documents\MinecraftModding\xcraftmod\src: S: NTFS: type=NTFS vol=Data Storage flags=3E706FF
2018-04-04 03:03:11: Connected to gdrive://www.googleapis.com/Good Sync/Eclips Projects/Moding Minecraft 1.12.2/Application
2018-04-04 03:03:11: Incremental Analyze for On File Change
2018-04-04 03:03:11: -- Analysis Started by On File Change, After Delay, Under Runner
2018-04-04 03:03:11: Mod Sync: ANALYSIS started by On File Change, After Delay, Under Runner on 'SENPAI_DESKTOP' (GoodSync 10.8.1.1)
2018-04-04 03:03:11: =Data Storage:\Documents\MinecraftModding\xcraftmod\src (S:/Documents/MinecraftModding/xcraftmod/src) [TmpDest] <-> gdrive://www.googleapis.com/Good Sync/Eclips Projects/Moding Minecraft 1.12.2/Application [DirDest], RecycleTo_RecycleBin, SaveDays_RecycleBin=30d, ReconnectSecs=120, SyncWorkerThreads=99, OnFileChange Delay=5, Unattended, WaitForLocksMin=20, ResolveConflicts=NewerFileWins, AutoClear, LinksIgnore
2018-04-04 03:03:11: Exclude Hidden, Exclude System, Exclude name *._gstmp|/System Volume Information|Thumbs.db|.DS_Store 
2018-04-04 03:03:11: Locking folder S:/Documents/MinecraftModding/xcraftmod/src for write
2018-04-04 03:03:11: Change Analyzed: S:/Documents/MinecraftModding/xcraftmod/src/main/resources/assets/sxm/models/block/tin_fence_side.json
2018-04-04 03:03:11: Change Analyzed: S:/Documents/MinecraftModding/xcraftmod/src/main/resources/assets/sxm/models/block/tin_fence_side.json
2018-04-04 03:03:11: Change Analyzed: S:/Documents/MinecraftModding/xcraftmod/src/main/resources/assets/sxm/models/block/tin_inner_stairs.json
2018-04-04 03:03:11: Change Analyzed: S:/Documents/MinecraftModding/xcraftmod/src/main/resources/assets/sxm/models/block/tin_inner_stairs.json
2018-04-04 03:03:11: Change Analyzed: S:/Documents/MinecraftModding/xcraftmod/src/main/resources/assets/sxm/models/block/tin_ore.json
2018-04-04 03:03:11: Change Analyzed: S:/Documents/MinecraftModding/xcraftmod/src/main/resources/assets/sxm/models/block/tin_ore.json
2018-04-04 03:03:11: Change Analyzed: S:/Documents/MinecraftModding/xcraftmod/src/main/resources/assets/sxm/models/block/tin_outer_stairs.json
2018-04-04 03:03:11: Change Analyzed: S:/Documents/MinecraftModding/xcraftmod/src/main/resources/assets/sxm/models/block/tin_outer_stairs.json
2018-04-04 03:03:11: Change Analyzed: S:/Documents/MinecraftModding/xcraftmod/src/main/resources/assets/sxm/models/block/tin_pressure_plate_down.json
2018-04-04 03:03:11: Change Analyzed: S:/Documents/MinecraftModding/xcraftmod/src/main/resources/assets/sxm/models/block/tin_pressure_plate_down.json
2018-04-04 03:03:11: Change Analyzed: S:/Documents/MinecraftModding/xcraftmod/src/main/resources/assets/sxm/models/block/tin_pressure_plate_up.json
2018-04-04 03:03:11: Change Analyzed: S:/Documents/MinecraftModding/xcraftmod/src/main/resources/assets/sxm/models/block/tin_pressure_plate_up.json
2018-04-04 03:03:11: Change Analyzed: S:/Documents/MinecraftModding/xcraftmod/src/main/resources/assets/sxm/models/block/tin_slab_bottom.json
2018-04-04 03:03:11: Change Analyzed: S:/Documents/MinecraftModding/xcraftmod/src/main/resources/assets/sxm/models/block/tin_slab_bottom.json
2018-04-04 03:03:11: Change Analyzed: S:/Documents/MinecraftModding/xcraftmod/src/main/resources/assets/sxm/models/block/tin_slab_top.json
2018-04-04 03:03:11: Change Analyzed: S:/Documents/MinecraftModding/xcraftmod/src/main/resources/assets/sxm/models/block/tin_slab_top.json
2018-04-04 03:03:11: Change Analyzed: S:/Documents/MinecraftModding/xcraftmod/src/main/resources/assets/sxm/models/block/tin_stairs.json
2018-04-04 03:03:11: Change Analyzed: S:/Documents/MinecraftModding/xcraftmod/src/main/resources/assets/sxm/models/block/tin_stairs.json
2018-04-04 03:03:11: Change Analyzed: S:/Documents/MinecraftModding/xcraftmod/src/main/resources/assets/sxm/models/block/tin_wall_gate_closed.json
2018-04-04 03:03:11: Change Analyzed: S:/Documents/MinecraftModding/xcraftmod/src/main/resources/assets/sxm/models/block/tin_wall_gate_closed.json
2018-04-04 03:03:11: Change Analyzed: S:/Documents/MinecraftModding/xcraftmod/src/main/resources/assets/sxm/models/block/tin_wall_gate_open.json
2018-04-04 03:03:11: Change Analyzed: S:/Documents/MinecraftModding/xcraftmod/src/main/resources/assets/sxm/models/block/tin_wall_gate_open.json
2018-04-04 03:03:11: Change Analyzed: S:/Documents/MinecraftModding/xcraftmod/src/main/resources/assets/sxm/models/block/block_breaker_advanced.json
2018-04-04 03:03:11: Change Analyzed: S:/Documents/MinecraftModding/xcraftmod/src/main/resources/assets/sxm/models/block/block_breaker_advanced.json
2018-04-04 03:03:11: Change Analyzed: S:/Documents/MinecraftModding/xcraftmod/src/main/resources/assets/sxm/models/block/block_breaker_advanced_activated.json
2018-04-04 03:03:11: Change Analyzed: S:/Documents/MinecraftModding/xcraftmod/src/main/resources/assets/sxm/models/block/block_breaker_advanced_activated.json
2018-04-04 03:03:11: Change Analyzed: S:/Documents/MinecraftModding/xcraftmod/src/main/resources/assets/sxm/models/block/block_breaker_basic.json
2018-04-04 03:03:11: Change Analyzed: S:/Documents/MinecraftModding/xcraftmod/src/main/resources/assets/sxm/models/block/block_breaker_basic.json
2018-04-04 03:03:11: Change Analyzed: S:/Documents/MinecraftModding/xcraftmod/src/main/resources/assets/sxm/models/block/block_breaker_basic_activated.json
2018-04-04 03:03:11: Change Analyzed: S:/Documents/MinecraftModding/xcraftmod/src/main/resources/assets/sxm/models/block/block_breaker_basic_activated.json
2018-04-04 03:03:11: Change Analyzed: S:/Documents/MinecraftModding/xcraftmod/src/main/resources/assets/sxm/models/block/cotton_stage0.json
2018-04-04 03:03:11: Change Analyzed: S:/Documents/MinecraftModding/xcraftmod/src/main/resources/assets/sxm/models/block/cotton_stage0.json
2018-04-04 03:03:11: Change Analyzed: S:/Documents/MinecraftModding/xcraftmod/src/main/resources/assets/sxm/models/block/cotton_stage1.json
2018-04-04 03:03:11: Change Analyzed: S:/Documents/MinecraftModding/xcraftmod/src/main/resources/assets/sxm/models/block/cotton_stage1.json
2018-04-04 03:03:11: Change Analyzed: S:/Documents/MinecraftModding/xcraftmod/src/main/resources/assets/sxm/models/block/cotton_stage2.json
2018-04-04 03:03:11: Change Analyzed: S:/Documents/MinecraftModding/xcraftmod/src/main/resources/assets/sxm/models/block/cotton_stage2.json
2018-04-04 03:03:11: Change Analyzed: S:/Documents/MinecraftModding/xcraftmod/src/main/resources/assets/sxm/models/block/cotton_stage3.json
2018-04-04 03:03:11: Change Analyzed: S:/Documents/MinecraftModding/xcraftmod/src/main/resources/assets/sxm/models/block/cotton_stage3.json
2018-04-04 03:03:11: Change Analyzed: S:/Documents/MinecraftModding/xcraftmod/src/main/resources/assets/sxm/models/block/cotton_stage4.json
2018-04-04 03:03:11: Change Analyzed: S:/Documents/MinecraftModding/xcraftmod/src/main/resources/assets/sxm/models/block/cotton_stage4.json
2018-04-04 03:03:11: Change Analyzed: S:/Documents/MinecraftModding/xcraftmod/src/main/resources/assets/sxm/models/block/cotton_stage5.json
2018-04-04 03:03:11: Change Analyzed: S:/Documents/MinecraftModding/xcraftmod/src/main/resources/assets/sxm/models/block/cotton_stage5.json
2018-04-04 03:03:11: Change Analyzed: S:/Documents/MinecraftModding/xcraftmod/src/main/resources/assets/sxm/models/block/cotton_stage6.json
2018-04-04 03:03:11: Change Analyzed: S:/Documents/MinecraftModding/xcraftmod/src/main/resources/assets/sxm/models/block/cotton_stage6.json
2018-04-04 03:03:11: Change Analyzed: S:/Documents/MinecraftModding/xcraftmod/src/main/resources/assets/sxm/models/block/cotton_stage7.json
2018-04-04 03:03:11: Change Analyzed: S:/Documents/MinecraftModding/xcraftmod/src/main/resources/assets/sxm/models/block/cotton_stage7.json
2018-04-04 03:03:11: Change Analyzed: S:/Documents/MinecraftModding/xcraftmod/src/main/resources/assets/sxm/models/block/gamemode_detector.json
2018-04-04 03:03:11: Change Analyzed: S:/Documents/MinecraftModding/xcraftmod/src/main/resources/assets/sxm/models/block/gamemode_detector.json
2018-04-04 03:03:11: Change Analyzed: S:/Documents/MinecraftModding/xcraftmod/src/main/resources/assets/sxm/models/block/machine_frame_advanced.json
2018-04-04 03:03:11: Change Analyzed: S:/Documents/MinecraftModding/xcraftmod/src/main/resources/assets/sxm/models/block/machine_frame_advanced.json
2018-04-04 03:03:11: Change Analyzed: S:/Documents/MinecraftModding/xcraftmod/src/main/resources/assets/sxm/models/block/machine_frame_basic.json
2018-04-04 03:03:11: Change Analyzed: S:/Documents/MinecraftModding/xcraftmod/src/main/resources/assets/sxm/models/block/machine_frame_basic.json
2018-04-04 03:03:11: Change Analyzed: S:/Documents/MinecraftModding/xcraftmod/src/main/resources/assets/sxm/models/block/ore_end_tin.json
2018-04-04 03:03:11: Change Analyzed: S:/Documents/MinecraftModding/xcraftmod/src/main/resources/assets/sxm/models/block/ore_end_tin.json
2018-04-04 03:03:11: Change Analyzed: S:/Documents/MinecraftModding/xcraftmod/src/main/resources/assets/sxm/models/block/ore_nether_tin.json
2018-04-04 03:03:11: Change Analyzed: S:/Documents/MinecraftModding/xcraftmod/src/main/resources/assets/sxm/models/block/ore_nether_tin.json
2018-04-04 03:03:11: Change Analyzed: S:/Documents/MinecraftModding/xcraftmod/src/main/resources/assets/sxm/models/block/ore_overworld_tin.json
2018-04-04 03:03:11: Change Analyzed: S:/Documents/MinecraftModding/xcraftmod/src/main/resources/assets/sxm/models/block/ore_overworld_tin.json
2018-04-04 03:03:11: Change Analyzed: S:/Documents/MinecraftModding/xcraftmod/src/main/resources/assets/sxm/models/block/tin_block.json
2018-04-04 03:03:11: Change Analyzed: S:/Documents/MinecraftModding/xcraftmod/src/main/resources/assets/sxm/models/block/tin_block.json
2018-04-04 03:03:11: Change Analyzed: S:/Documents/MinecraftModding/xcraftmod/src/main/resources/assets/sxm/models/block/tin_button.json
2018-04-04 03:03:11: Change Analyzed: S:/Documents/MinecraftModding/xcraftmod/src/main/resources/assets/sxm/models/block/tin_button.json
2018-04-04 03:03:11: Change Analyzed: S:/Documents/MinecraftModding/xcraftmod/src/main/resources/assets/sxm/models/block/tin_button_inventory.json
2018-04-04 03:03:11: Change Analyzed: S:/Documents/MinecraftModding/xcraftmod/src/main/resources/assets/sxm/models/block/tin_button_inventory.json
2018-04-04 03:03:11: Change Analyzed: S:/Documents/MinecraftModding/xcraftmod/src/main/resources/assets/sxm/models/block/tin_button_pressed.json
2018-04-04 03:03:11: Change Analyzed: S:/Documents/MinecraftModding/xcraftmod/src/main/resources/assets/sxm/models/block/tin_button_pressed.json
2018-04-04 03:03:11: Change Analyzed: S:/Documents/MinecraftModding/xcraftmod/src/main/resources/assets/sxm/models/block/tin_door_bottom.json
2018-04-04 03:03:11: Change Analyzed: S:/Documents/MinecraftModding/xcraftmod/src/main/resources/assets/sxm/models/block/tin_door_bottom.json
2018-04-04 03:03:11: Change Analyzed: S:/Documents/MinecraftModding/xcraftmod/src/main/resources/assets/sxm/models/block/tin_door_bottom_rh.json
2018-04-04 03:03:11: Change Analyzed: S:/Documents/MinecraftModding/xcraftmod/src/main/resources/assets/sxm/models/block/tin_door_bottom_rh.json
2018-04-04 03:03:11: Change Analyzed: S:/Documents/MinecraftModding/xcraftmod/src/main/resources/assets/sxm/models/block/tin_door_top.json
2018-04-04 03:03:11: Change Analyzed: S:/Documents/MinecraftModding/xcraftmod/src/main/resources/assets/sxm/models/block/tin_door_top.json
2018-04-04 03:03:11: Change Analyzed: S:/Documents/MinecraftModding/xcraftmod/src/main/resources/assets/sxm/models/block/tin_door_top_rh.json
2018-04-04 03:03:11: Change Analyzed: S:/Documents/MinecraftModding/xcraftmod/src/main/resources/assets/sxm/models/block/tin_door_top_rh.json
2018-04-04 03:03:11: Locking folder gdrive://www.googleapis.com/Good Sync/Eclips Projects/Moding Minecraft 1.12.2/Application for write
2018-04-04 03:03:13: Change Analyzed: gdrive://www.googleapis.com/Good Sync/Eclips Projects/Moding Minecraft 1.12.2/Application/main/resources/assets/sxm/models/block/tin_fence_gate_open.json
2018-04-04 03:03:13: Change Analyzed: gdrive://www.googleapis.com/Good Sync/Eclips Projects/Moding Minecraft 1.12.2/Application/main/resources/assets/sxm/models/block/tin_fence_gate_open.json
2018-04-04 03:03:13: Change Analyzed: gdrive://www.googleapis.com/Good Sync/Eclips Projects/Moding Minecraft 1.12.2/Application/main/resources/assets/sxm/models/block/tin_fence_gate_open.json
2018-04-04 03:03:14: On disk file:///S: space required for sync is 0 bytes, you have 1.25 TB
2018-04-04 03:03:14: On disk gdrive://www.googleapis.com space required for sync is 37.0 KB, you have 12.4 GB
2018-04-04 03:03:14: Changes: 37, Conflicts: 0, CopyTime: 0, FixState: 0, Errors: 0, All: 22364
2018-04-04 03:03:14: Left to Right: Copy File: 37 
2018-04-04 03:03:14: -- Analysis Complete. Time 00:00:05, Speed: 110 files/s
2018-04-04 03:03:14: == Sync Started by On File Change, After Delay, Under Runner
2018-04-04 03:03:14: Mod Sync: SYNC started by On File Change, After Delay, Under Runner on 'SENPAI_DESKTOP'
2018-04-04 03:03:14: =Data Storage:\Documents\MinecraftModding\xcraftmod\src (S:/Documents/MinecraftModding/xcraftmod/src) [TmpDest] <-> gdrive://www.googleapis.com/Good Sync/Eclips Projects/Moding Minecraft 1.12.2/Application [DirDest], RecycleTo_RecycleBin, SaveDays_RecycleBin=30d, ReconnectSecs=120, SyncWorkerThreads=99, OnFileChange Delay=5, Unattended, WaitForLocksMin=20, ResolveConflicts=NewerFileWins, AutoClear, LinksIgnore
2018-04-04 03:03:15: File Systems limited number of parallel threads to 20
2018-04-04 03:03:17: Load Recycled DB: gdrive://www.googleapis.com/Good Sync/Eclips Projects/Moding Minecraft 1.12.2/Application/_gsdata_/_recycled_db._gs
2018-04-04 03:03:19: Copy Over 'S:/Documents/MinecraftModding/xcraftmod/src/main/resources/assets/sxm/models/block/block_breaker_basic.json' -> 'gdrive://www.googleapis.com/Good Sync/Eclips Projects/Moding Minecraft 1.12.2/Application/main/resources/assets/sxm/models/block/block_breaker_basic.json' (189)
2018-04-04 03:03:21: Change detected [1]: t=Created path=/main/resources/assets/sxm/models/block/block_breaker_basic_activated.json
2018-04-04 03:03:21: Change detected [1]: t=Created path=/main/resources/assets/sxm/models/block/block_breaker_advanced.json
2018-04-04 03:03:21: Change detected [1]: t=MovedFrom path=/main/resources/assets/sxm/models/block/cotton_stage0.json
2018-04-04 03:03:22: Change detected [1]: t=Modified path=/main/resources/assets/sxm/models/block/block_breaker_basic.json
2018-04-04 03:03:22: Change detected [1]: t=Created path=/main/resources/assets/sxm/models/block/block_breaker_basic.json
2018-04-04 03:03:22: Change detected [1]: t=MovedFrom path=/main/resources/assets/sxm/models/block/block_breaker_basic_activated.json
2018-04-04 03:03:22: Change detected [1]: t=MovedFrom path=/main/resources/assets/sxm/models/block/block_breaker_basic.json
2018-04-04 03:03:22: Change detected [1]: t=MovedFrom path=/main/resources/assets/sxm/models/block/block_breaker_advanced_activated.json
2018-04-04 03:03:22: Change detected [1]: t=MovedFrom path=/main/resources/assets/sxm/models/block/block_breaker_advanced.json
2018-04-04 03:03:23: Copy Over 'S:/Documents/MinecraftModding/xcraftmod/src/main/resources/assets/sxm/models/block/block_breaker_advanced.json' -> 'gdrive://www.googleapis.com/Good Sync/Eclips Projects/Moding Minecraft 1.12.2/Application/main/resources/assets/sxm/models/block/block_breaker_advanced.json' (198)
2018-04-04 03:03:23: Copy Over 'S:/Documents/MinecraftModding/xcraftmod/src/main/resources/assets/sxm/models/block/block_breaker_basic_activated.json' -> 'gdrive://www.googleapis.com/Good Sync/Eclips Projects/Moding Minecraft 1.12.2/Application/main/resources/assets/sxm/models/block/block_breaker_basic_activated.json' (199)
2018-04-04 03:03:25: Copy Over 'S:/Documents/MinecraftModding/xcraftmod/src/main/resources/assets/sxm/models/block/block_breaker_advanced_activated.json' -> 'gdrive://www.googleapis.com/Good Sync/Eclips Projects/Moding Minecraft 1.12.2/Application/main/resources/assets/sxm/models/block/block_breaker_advanced_activated.json' (208)
2018-04-04 03:03:26: Copy Over 'S:/Documents/MinecraftModding/xcraftmod/src/main/resources/assets/sxm/models/block/cotton_stage0.json' -> 'gdrive://www.googleapis.com/Good Sync/Eclips Projects/Moding Minecraft 1.12.2/Application/main/resources/assets/sxm/models/block/cotton_stage0.json' (100)
2018-04-04 03:03:27: Copy Over 'S:/Documents/MinecraftModding/xcraftmod/src/main/resources/assets/sxm/models/block/cotton_stage4.json' -> 'gdrive://www.googleapis.com/Good Sync/Eclips Projects/Moding Minecraft 1.12.2/Application/main/resources/assets/sxm/models/block/cotton_stage4.json' (100)
2018-04-04 03:03:30: Copy Over 'S:/Documents/MinecraftModding/xcraftmod/src/main/resources/assets/sxm/models/block/cotton_stage3.json' -> 'gdrive://www.googleapis.com/Good Sync/Eclips Projects/Moding Minecraft 1.12.2/Application/main/resources/assets/sxm/models/block/cotton_stage3.json' (100)
2018-04-04 03:03:31: Copy Over 'S:/Documents/MinecraftModding/xcraftmod/src/main/resources/assets/sxm/models/block/cotton_stage7.json' -> 'gdrive://www.googleapis.com/Good Sync/Eclips Projects/Moding Minecraft 1.12.2/Application/main/resources/assets/sxm/models/block/cotton_stage7.json' (100)
2018-04-04 03:03:32: Copy Over 'S:/Documents/MinecraftModding/xcraftmod/src/main/resources/assets/sxm/models/block/machine_frame_advanced.json' -> 'gdrive://www.googleapis.com/Good Sync/Eclips Projects/Moding Minecraft 1.12.2/Application/main/resources/assets/sxm/models/block/machine_frame_advanced.json' (175)
2018-04-04 03:03:32: Copy Over 'S:/Documents/MinecraftModding/xcraftmod/src/main/resources/assets/sxm/models/block/ore_nether_tin.json' -> 'gdrive://www.googleapis.com/Good Sync/Eclips Projects/Moding Minecraft 1.12.2/Application/main/resources/assets/sxm/models/block/ore_nether_tin.json' (87)
2018-04-04 03:03:32: Copy Over 'S:/Documents/MinecraftModding/xcraftmod/src/main/resources/assets/sxm/models/block/cotton_stage5.json' -> 'gdrive://www.googleapis.com/Good Sync/Eclips Projects/Moding Minecraft 1.12.2/Application/main/resources/assets/sxm/models/block/cotton_stage5.json' (100)
2018-04-04 03:03:33: Copy Over 'S:/Documents/MinecraftModding/xcraftmod/src/main/resources/assets/sxm/models/block/cotton_stage6.json' -> 'gdrive://www.googleapis.com/Good Sync/Eclips Projects/Moding Minecraft 1.12.2/Application/main/resources/assets/sxm/models/block/cotton_stage6.json' (100)
2018-04-04 03:03:35: Copy Over 'S:/Documents/MinecraftModding/xcraftmod/src/main/resources/assets/sxm/models/block/machine_frame_basic.json' -> 'gdrive://www.googleapis.com/Good Sync/Eclips Projects/Moding Minecraft 1.12.2/Application/main/resources/assets/sxm/models/block/machine_frame_basic.json' (169)
2018-04-04 03:03:35: Change detected [1]: t=Created path=/main/resources/assets/sxm/models/block/tin_door_top_rh.json
2018-04-04 03:03:35: Change detected [1]: t=Created path=/main/resources/assets/sxm/models/block/tin_door_top.json
2018-04-04 03:03:35: Change detected [1]: t=Modified path=/main/resources/assets/sxm/models/block/tin_door_bottom_rh.json
2018-04-04 03:03:36: Change detected [1]: t=MovedFrom path=/main/resources/assets/sxm/models/block/tin_button.json
2018-04-04 03:03:36: Change detected [1]: t=Created path=/main/resources/assets/sxm/models/block/tin_door_bottom_rh.json
2018-04-04 03:03:36: Change detected [1]: t=MovedFrom path=/main/resources/assets/sxm/models/block/tin_fence_side.json
2018-04-04 03:03:36: Change detected [1]: t=MovedFrom path=/main/resources/assets/sxm/models/block/tin_door_top_rh.json
2018-04-04 03:03:36: Change detected [1]: t=MovedFrom path=/main/resources/assets/sxm/models/block/tin_door_top.json
2018-04-04 03:03:36: Change detected [1]: t=MovedFrom path=/main/resources/assets/sxm/models/block/tin_door_bottom_rh.json
2018-04-04 03:03:36: Change detected [1]: t=MovedFrom path=/main/resources/assets/sxm/models/block/tin_door_bottom.json
2018-04-04 03:03:36: Change detected [1]: t=MovedFrom path=/main/resources/assets/sxm/models/block/tin_button_pressed.json
2018-04-04 03:03:37: Change detected [1]: t=Modified path=/main/resources/assets/sxm/models/block/ore_nether_tin.json
2018-04-04 03:03:37: Change detected [1]: t=Modified path=/main/resources/assets/sxm/models/block/cotton_stage6.json
2018-04-04 03:03:37: Change detected [1]: t=Modified path=/main/resources/assets/sxm/models/block/machine_frame_basic.json
2018-04-04 03:03:37: Change detected [1]: t=Modified path=/main/resources/assets/sxm/models/block/cotton_stage1.json
2018-04-04 03:03:37: Change detected [1]: t=Modified path=/main/resources/assets/sxm/models/block/cotton_stage5.json
2018-04-04 03:03:37: Change detected [1]: t=Modified path=/main/resources/assets/sxm/models/block/cotton_stage2.json
2018-04-04 03:03:37: Change detected [1]: t=Created path=/main/resources/assets/sxm/models/block/ore_nether_tin.json
2018-04-04 03:03:37: Change detected [1]: t=Created path=/main/resources/assets/sxm/models/block/tin_block.json
2018-04-04 03:03:37: Change detected [1]: t=Created path=/main/resources/assets/sxm/models/block/machine_frame_basic.json
2018-04-04 03:03:38: Change detected [1]: t=Created path=/main/resources/assets/sxm/models/block/cotton_stage6.json
2018-04-04 03:03:38: Change detected [1]: t=MovedFrom path=/main/resources/assets/sxm/models/block/ore_overworld_tin.json
2018-04-04 03:03:38: Change detected [1]: t=Created path=/main/resources/assets/sxm/models/block/machine_frame_advanced.json
2018-04-04 03:03:38: Change detected [1]: t=MovedFrom path=/main/resources/assets/sxm/models/block/tin_block.json
2018-04-04 03:03:38: Change detected [1]: t=MovedFrom path=/main/resources/assets/sxm/models/block/machine_frame_basic.json
2018-04-04 03:03:38: Change detected [1]: t=Modified path=/main/resources/assets/sxm/models/block/cotton_stage3.json
2018-04-04 03:03:38: Change detected [1]: t=Created path=/main/resources/assets/sxm/models/block/cotton_stage7.json
2018-04-04 03:03:38: Change detected [1]: t=MovedFrom path=/main/resources/assets/sxm/models/block/ore_nether_tin.json
2018-04-04 03:03:38: Change detected [1]: t=MovedFrom path=/main/resources/assets/sxm/models/block/ore_end_tin.json
2018-04-04 03:03:39: Change detected [1]: t=Created path=/main/resources/assets/sxm/models/block/gamemode_detector.json
2018-04-04 03:03:39: Change detected [1]: t=Created path=/main/resources/assets/sxm/models/block/cotton_stage5.json
2018-04-04 03:03:39: Change detected [1]: t=MovedFrom path=/main/resources/assets/sxm/models/block/machine_frame_advanced.json
2018-04-04 03:03:39: Change detected [1]: t=Modified path=/main/resources/assets/sxm/models/block/cotton_stage4.json
2018-04-04 03:03:39: Change detected [1]: t=Created path=/main/resources/assets/sxm/models/block/cotton_stage4.json
2018-04-04 03:03:39: Change detected [1]: t=MovedFrom path=/main/resources/assets/sxm/models/block/cotton_stage7.json
2018-04-04 03:03:39: Change detected [1]: t=Created path=/main/resources/assets/sxm/models/block/cotton_stage3.json
2018-04-04 03:03:39: Change detected [1]: t=Created path=/main/resources/assets/sxm/models/block/cotton_stage1.json
2018-04-04 03:03:40: Change detected [1]: t=Modified path=/main/resources/assets/sxm/models/block/block_breaker_advanced_activated.json
2018-04-04 03:03:40: Change detected [1]: t=Created path=/main/resources/assets/sxm/models/block/cotton_stage2.json
2018-04-04 03:03:40: Change detected [1]: t=MovedFrom path=/main/resources/assets/sxm/models/block/cotton_stage6.json
2018-04-04 03:03:40: Change detected [1]: t=MovedFrom path=/main/resources/assets/sxm/models/block/gamemode_detector.json
2018-04-04 03:03:40: Change detected [1]: t=Modified path=/main/resources/assets/sxm/models/block/cotton_stage0.json
2018-04-04 03:03:40: Change detected [1]: t=MovedFrom path=/main/resources/assets/sxm/models/block/cotton_stage5.json
2018-04-04 03:03:40: Change detected [1]: t=MovedFrom path=/main/resources/assets/sxm/models/block/cotton_stage3.json
2018-04-04 03:03:40: Change detected [1]: t=MovedFrom path=/main/resources/assets/sxm/models/block/cotton_stage1.json
2018-04-04 03:03:40: Change detected [1]: t=Created path=/main/resources/assets/sxm/models/block/cotton_stage0.json
2018-04-04 03:03:40: Change detected [1]: t=MovedFrom path=/main/resources/assets/sxm/models/block/cotton_stage4.json
2018-04-04 03:03:41: Change detected [1]: t=MovedFrom path=/main/resources/assets/sxm/models/block/cotton_stage2.json
2018-04-04 03:03:41: Change detected [1]: t=Created path=/main/resources/assets/sxm/models/block/block_breaker_advanced_activated.json
2018-04-04 03:03:41: Change detected [1]: t=Modified path=/main/resources/assets/sxm/models/block/block_breaker_advanced.json
2018-04-04 03:03:41: Change detected [1]: t=Modified path=/main/resources/assets/sxm/models/block/block_breaker_basic_activated.json
2018-04-04 03:03:41: Copy Over 'S:/Documents/MinecraftModding/xcraftmod/src/main/resources/assets/sxm/models/block/tin_button_pressed.json' -> 'gdrive://www.googleapis.com/Good Sync/Eclips Projects/Moding Minecraft 1.12.2/Application/main/resources/assets/sxm/models/block/tin_button_pressed.json' (108)
2018-04-04 03:03:42: Copy Over 'S:/Documents/MinecraftModding/xcraftmod/src/main/resources/assets/sxm/models/block/gamemode_detector.json' -> 'gdrive://www.googleapis.com/Good Sync/Eclips Projects/Moding Minecraft 1.12.2/Application/main/resources/assets/sxm/models/block/gamemode_detector.json' (90)
2018-04-04 03:03:43: Copy Over 'S:/Documents/MinecraftModding/xcraftmod/src/main/resources/assets/sxm/models/block/tin_block.json' -> 'gdrive://www.googleapis.com/Good Sync/Eclips Projects/Moding Minecraft 1.12.2/Application/main/resources/assets/sxm/models/block/tin_block.json' (82)
2018-04-04 03:03:43: Copy Over 'S:/Documents/MinecraftModding/xcraftmod/src/main/resources/assets/sxm/models/block/tin_button.json' -> 'gdrive://www.googleapis.com/Good Sync/Eclips Projects/Moding Minecraft 1.12.2/Application/main/resources/assets/sxm/models/block/tin_button.json' (100)
2018-04-04 03:03:43: Copy Over 'S:/Documents/MinecraftModding/xcraftmod/src/main/resources/assets/sxm/models/block/cotton_stage1.json' -> 'gdrive://www.googleapis.com/Good Sync/Eclips Projects/Moding Minecraft 1.12.2/Application/main/resources/assets/sxm/models/block/cotton_stage1.json' (100)
2018-04-04 03:03:44: Copy Over 'S:/Documents/MinecraftModding/xcraftmod/src/main/resources/assets/sxm/models/block/tin_door_top.json' -> 'gdrive://www.googleapis.com/Good Sync/Eclips Projects/Moding Minecraft 1.12.2/Application/main/resources/assets/sxm/models/block/tin_door_top.json' (150)
2018-04-04 03:03:44: Copy Over 'S:/Documents/MinecraftModding/xcraftmod/src/main/resources/assets/sxm/models/block/tin_door_top_rh.json' -> 'gdrive://www.googleapis.com/Good Sync/Eclips Projects/Moding Minecraft 1.12.2/Application/main/resources/assets/sxm/models/block/tin_door_top_rh.json' (153)
2018-04-04 03:03:45: Copy Over 'S:/Documents/MinecraftModding/xcraftmod/src/main/resources/assets/sxm/models/block/cotton_stage2.json' -> 'gdrive://www.googleapis.com/Good Sync/Eclips Projects/Moding Minecraft 1.12.2/Application/main/resources/assets/sxm/models/block/cotton_stage2.json' (100)
2018-04-04 03:03:48: Copy Over 'S:/Documents/MinecraftModding/xcraftmod/src/main/resources/assets/sxm/models/block/tin_door_bottom_rh.json' -> 'gdrive://www.googleapis.com/Good Sync/Eclips Projects/Moding Minecraft 1.12.2/Application/main/resources/assets/sxm/models/block/tin_door_bottom_rh.json' (156)
2018-04-04 03:03:49: Copy Over 'S:/Documents/MinecraftModding/xcraftmod/src/main/resources/assets/sxm/models/block/tin_inner_stairs.json' -> 'gdrive://www.googleapis.com/Good Sync/Eclips Projects/Moding Minecraft 1.12.2/Application/main/resources/assets/sxm/models/block/tin_inner_stairs.json' (184)
2018-04-04 03:03:49: Copy Over 'S:/Documents/MinecraftModding/xcraftmod/src/main/resources/assets/sxm/models/block/tin_outer_stairs.json' -> 'gdrive://www.googleapis.com/Good Sync/Eclips Projects/Moding Minecraft 1.12.2/Application/main/resources/assets/sxm/models/block/tin_outer_stairs.json' (184)
2018-04-04 03:03:49: Copy Over 'S:/Documents/MinecraftModding/xcraftmod/src/main/resources/assets/sxm/models/block/ore_overworld_tin.json' -> 'gdrive://www.googleapis.com/Good Sync/Eclips Projects/Moding Minecraft 1.12.2/Application/main/resources/assets/sxm/models/block/ore_overworld_tin.json' (80)
2018-04-04 03:03:50: Copy Over 'S:/Documents/MinecraftModding/xcraftmod/src/main/resources/assets/sxm/models/block/tin_pressure_plate_down.json' -> 'gdrive://www.googleapis.com/Good Sync/Eclips Projects/Moding Minecraft 1.12.2/Application/main/resources/assets/sxm/models/block/tin_pressure_plate_down.json' (113)
2018-04-04 03:03:50: Copy Over 'S:/Documents/MinecraftModding/xcraftmod/src/main/resources/assets/sxm/models/block/tin_slab_top.json' -> 'gdrive://www.googleapis.com/Good Sync/Eclips Projects/Moding Minecraft 1.12.2/Application/main/resources/assets/sxm/models/block/tin_slab_top.json' (181)
2018-04-04 03:03:50: Copy Over 'S:/Documents/MinecraftModding/xcraftmod/src/main/resources/assets/sxm/models/block/tin_ore.json' -> 'gdrive://www.googleapis.com/Good Sync/Eclips Projects/Moding Minecraft 1.12.2/Application/main/resources/assets/sxm/models/block/tin_ore.json' (80)
2018-04-04 03:03:50: Copy Over 'S:/Documents/MinecraftModding/xcraftmod/src/main/resources/assets/sxm/models/block/tin_stairs.json' -> 'gdrive://www.googleapis.com/Good Sync/Eclips Projects/Moding Minecraft 1.12.2/Application/main/resources/assets/sxm/models/block/tin_stairs.json' (178)
2018-04-04 03:03:50: Copy Over 'S:/Documents/MinecraftModding/xcraftmod/src/main/resources/assets/sxm/models/block/tin_fence_side.json' -> 'gdrive://www.googleapis.com/Good Sync/Eclips Projects/Moding Minecraft 1.12.2/Application/main/resources/assets/sxm/models/block/tin_fence_side.json' (104)
2018-04-04 03:03:50: Copy Over 'S:/Documents/MinecraftModding/xcraftmod/src/main/resources/assets/sxm/models/block/tin_slab_bottom.json' -> 'gdrive://www.googleapis.com/Good Sync/Eclips Projects/Moding Minecraft 1.12.2/Application/main/resources/assets/sxm/models/block/tin_slab_bottom.json' (180)
2018-04-04 03:03:51: Copy Over 'S:/Documents/MinecraftModding/xcraftmod/src/main/resources/assets/sxm/models/block/ore_end_tin.json' -> 'gdrive://www.googleapis.com/Good Sync/Eclips Projects/Moding Minecraft 1.12.2/Application/main/resources/assets/sxm/models/block/ore_end_tin.json' (84)
2018-04-04 03:03:51: Copy Over 'S:/Documents/MinecraftModding/xcraftmod/src/main/resources/assets/sxm/models/block/tin_button_inventory.json' -> 'gdrive://www.googleapis.com/Good Sync/Eclips Projects/Moding Minecraft 1.12.2/Application/main/resources/assets/sxm/models/block/tin_button_inventory.json' (110)
2018-04-04 03:03:51: Copy Over 'S:/Documents/MinecraftModding/xcraftmod/src/main/resources/assets/sxm/models/block/tin_door_bottom.json' -> 'gdrive://www.googleapis.com/Good Sync/Eclips Projects/Moding Minecraft 1.12.2/Application/main/resources/assets/sxm/models/block/tin_door_bottom.json' (153)
2018-04-04 03:03:52: Copy Over 'S:/Documents/MinecraftModding/xcraftmod/src/main/resources/assets/sxm/models/block/tin_wall_gate_closed.json' -> 'gdrive://www.googleapis.com/Good Sync/Eclips Projects/Moding Minecraft 1.12.2/Application/main/resources/assets/sxm/models/block/tin_wall_gate_closed.json' (110)
2018-04-04 03:03:52: Copy Over 'S:/Documents/MinecraftModding/xcraftmod/src/main/resources/assets/sxm/models/block/tin_wall_gate_open.json' -> 'gdrive://www.googleapis.com/Good Sync/Eclips Projects/Moding Minecraft 1.12.2/Application/main/resources/assets/sxm/models/block/tin_wall_gate_open.json' (108)
2018-04-04 03:03:52: Copy Over 'S:/Documents/MinecraftModding/xcraftmod/src/main/resources/assets/sxm/models/block/tin_pressure_plate_up.json' -> 'gdrive://www.googleapis.com/Good Sync/Eclips Projects/Moding Minecraft 1.12.2/Application/main/resources/assets/sxm/models/block/tin_pressure_plate_up.json' (111)
2018-04-04 03:03:52: Change detected [1]: t=Modified path=/main/resources/assets/sxm/models/block/tin_wall_gate_open.json
2018-04-04 03:03:52: Change detected [1]: t=Modified path=/main/resources/assets/sxm/models/block/tin_wall_gate_closed.json
2018-04-04 03:03:52: Change detected [1]: t=Modified path=/main/resources/assets/sxm/models/block/tin_button_inventory.json
2018-04-04 03:03:53: Change detected [1]: t=Modified path=/main/resources/assets/sxm/models/block/tin_pressure_plate_up.json
2018-04-04 03:03:53: Change detected [1]: t=Modified path=/main/resources/assets/sxm/models/block/tin_stairs.json
2018-04-04 03:03:53: Change detected [1]: t=Modified path=/main/resources/assets/sxm/models/block/tin_slab_bottom.json
2018-04-04 03:03:53: Change detected [1]: t=Created path=/main/resources/assets/sxm/models/block/tin_wall_gate_open.json
2018-04-04 03:03:53: Change detected [1]: t=Modified path=/main/resources/assets/sxm/models/block/tin_fence_side.json
2018-04-04 03:03:53: Change detected [1]: t=Modified path=/main/resources/assets/sxm/models/block/tin_door_bottom.json
2018-04-04 03:03:53: Change detected [1]: t=Created path=/main/resources/assets/sxm/models/block/tin_pressure_plate_up.json
2018-04-04 03:03:53: Change detected [1]: t=Modified path=/main/resources/assets/sxm/models/block/tin_ore.json
2018-04-04 03:03:53: Change detected [1]: t=Created path=/main/resources/assets/sxm/models/block/tin_button_inventory.json
2018-04-04 03:03:54: Change detected [1]: t=Created path=/main/resources/assets/sxm/models/block/tin_door_bottom.json
2018-04-04 03:03:54: Change detected [1]: t=Created path=/main/resources/assets/sxm/models/block/tin_wall_gate_closed.json
2018-04-04 03:03:54: Change detected [1]: t=Modified path=/main/resources/assets/sxm/models/block/ore_end_tin.json
2018-04-04 03:03:54: Change detected [1]: t=MovedFrom path=/main/resources/assets/sxm/models/block/tin_wall_gate_open.json
2018-04-04 03:03:54: Change detected [1]: t=Modified path=/main/resources/assets/sxm/models/block/tin_outer_stairs.json
2018-04-04 03:03:54: Change detected [1]: t=Modified path=/main/resources/assets/sxm/models/block/tin_pressure_plate_down.json
2018-04-04 03:03:54: Change detected [1]: t=Created path=/main/resources/assets/sxm/models/block/tin_ore.json
2018-04-04 03:03:54: Change detected [1]: t=Modified path=/main/resources/assets/sxm/models/block/tin_inner_stairs.json
2018-04-04 03:03:54: Change detected [1]: t=Created path=/main/resources/assets/sxm/models/block/ore_end_tin.json
2018-04-04 03:03:54: Change detected [1]: t=Created path=/main/resources/assets/sxm/models/block/tin_stairs.json
2018-04-04 03:03:55: Change detected [1]: t=Modified path=/main/resources/assets/sxm/models/block/tin_slab_top.json
2018-04-04 03:03:55: Change detected [1]: t=Created path=/main/resources/assets/sxm/models/block/tin_slab_bottom.json
2018-04-04 03:03:55: Change detected [1]: t=Modified path=/main/resources/assets/sxm/models/block/ore_overworld_tin.json
2018-04-04 03:03:55: Change detected [1]: t=MovedFrom path=/main/resources/assets/sxm/models/block/tin_button_inventory.json
2018-04-04 03:03:55: Change detected [1]: t=Created path=/main/resources/assets/sxm/models/block/tin_outer_stairs.json
2018-04-04 03:03:55: Change detected [1]: t=MovedFrom path=/main/resources/assets/sxm/models/block/tin_wall_gate_closed.json
2018-04-04 03:03:55: Change detected [1]: t=Created path=/main/resources/assets/sxm/models/block/tin_slab_top.json
2018-04-04 03:03:55: Change detected [1]: t=Created path=/main/resources/assets/sxm/models/block/tin_pressure_plate_down.json
2018-04-04 03:03:55: Change detected [1]: t=MovedFrom path=/main/resources/assets/sxm/models/block/tin_stairs.json
2018-04-04 03:03:56: Change detected [1]: t=MovedFrom path=/main/resources/assets/sxm/models/block/tin_slab_top.json
2018-04-04 03:03:56: Change detected [1]: t=MovedFrom path=/main/resources/assets/sxm/models/block/tin_slab_bottom.json
2018-04-04 03:03:56: Change detected [1]: t=MovedFrom path=/main/resources/assets/sxm/models/block/tin_pressure_plate_up.json
2018-04-04 03:03:56: Change detected [1]: t=MovedFrom path=/main/resources/assets/sxm/models/block/tin_pressure_plate_down.json
2018-04-04 03:03:56: Change detected [1]: t=MovedFrom path=/main/resources/assets/sxm/models/block/tin_outer_stairs.json
2018-04-04 03:03:56: Change detected [1]: t=Modified path=/main/resources/assets/sxm/models/block/tin_door_top.json
2018-04-04 03:03:56: Change detected [1]: t=MovedFrom path=/main/resources/assets/sxm/models/block/tin_ore.json
2018-04-04 03:03:56: Change detected [1]: t=Modified path=/main/resources/assets/sxm/models/block/tin_block.json
2018-04-04 03:03:56: Change detected [1]: t=Created path=/main/resources/assets/sxm/models/block/tin_inner_stairs.json
2018-04-04 03:03:56: Change detected [1]: t=Modified path=/main/resources/assets/sxm/models/block/tin_door_top_rh.json
2018-04-04 03:03:57: Change detected [1]: t=Modified path=/main/resources/assets/sxm/models/block/tin_button.json
2018-04-04 03:03:57: Change detected [1]: t=Modified path=/main/resources/assets/sxm/models/block/tin_button_pressed.json
2018-04-04 03:03:57: Change detected [1]: t=Created path=/main/resources/assets/sxm/models/block/tin_button_pressed.json
2018-04-04 03:03:57: Change detected [1]: t=Created path=/main/resources/assets/sxm/models/block/tin_button.json
2018-04-04 03:03:57: Change detected [1]: t=MovedFrom path=/main/resources/assets/sxm/models/block/tin_inner_stairs.json
2018-04-04 03:03:57: Change detected [1]: t=Created path=/main/resources/assets/sxm/models/block/ore_overworld_tin.json
2018-04-04 03:03:57: Change detected [1]: t=Created path=/main/resources/assets/sxm/models/block/tin_fence_side.json
2018-04-04 03:03:58: Save State File S:/Documents/MinecraftModding/xcraftmod/src/_gsdata_/_file_state_v4._gs
2018-04-04 03:04:00: Save State File gdrive://www.googleapis.com/Good Sync/Eclips Projects/Moding Minecraft 1.12.2/Application/_gsdata_/_file_state_v4._gs
2018-04-04 03:04:00: Cleanup recycled files in S:/Documents/MinecraftModding/xcraftmod/src/_gsdata_/_saved_
2018-04-04 03:04:00: Load Recycled DB: S:/Documents/MinecraftModding/xcraftmod/src/_gsdata_/_recycled_db._gs
2018-04-04 03:04:00: Cleanup old logs in S:/Documents/MinecraftModding/xcraftmod/src/_gsdata_
2018-04-04 03:04:00: Cleanup recycled files in gdrive://www.googleapis.com/Good Sync/Eclips Projects/Moding Minecraft 1.12.2/Application/_gsdata_/_saved_
2018-04-04 03:04:01: Save Recycled DB: gdrive://www.googleapis.com/Good Sync/Eclips Projects/Moding Minecraft 1.12.2/Application/_gsdata_/_recycled_db._gs
2018-04-04 03:04:01: Cleanup old logs in gdrive://www.googleapis.com/Good Sync/Eclips Projects/Moding Minecraft 1.12.2/Application/_gsdata_
2018-04-04 03:04:01: == Sync Complete. Time: 00:00:47, Speed: 7.62 KB/s, OK: 37, Errors: 0
2018-04-04 03:04:01: Unlocking folder S:/Documents/MinecraftModding/xcraftmod/src/_gsdata_/lock.gsl
2018-04-04 03:04:01: Unlocking folder gdrive://www.googleapis.com/Good Sync/Eclips Projects/Moding Minecraft 1.12.2/Application/_gsdata_/lock.gsl
2018-04-04 03:04:02: 
