2018-04-04 03:10:16: Connected to S:\Documents\MinecraftModding\xcraftmod\src: S: NTFS: type=NTFS vol=Data Storage flags=3E706FF
2018-04-04 03:10:17: Change detected [0]: t=MovedFrom path=/main/resources/assets/sxm/models/block/tin_pressure_plate_up.json
2018-04-04 03:10:17: Change detected [0]: t=MovedTo path=/main/resources/assets/sxm/models/block/pressure_plate_up_tin.json
2018-04-04 03:10:17: Connected to gdrive://www.googleapis.com/Good Sync/Eclips Projects/Moding Minecraft 1.12.2/Application
2018-04-04 03:10:17: Incremental Analyze for On File Change
2018-04-04 03:10:17: -- Analysis Started by On File Change, After Delay, Under Runner
2018-04-04 03:10:17: Mod Sync: ANALYSIS started by On File Change, After Delay, Under Runner on 'SENPAI_DESKTOP' (GoodSync 10.8.1.1)
2018-04-04 03:10:17: =Data Storage:\Documents\MinecraftModding\xcraftmod\src (S:/Documents/MinecraftModding/xcraftmod/src) [TmpDest] <-> gdrive://www.googleapis.com/Good Sync/Eclips Projects/Moding Minecraft 1.12.2/Application [DirDest], RecycleTo_RecycleBin, SaveDays_RecycleBin=30d, ReconnectSecs=120, SyncWorkerThreads=99, OnFileChange Delay=5, Unattended, WaitForLocksMin=20, ResolveConflicts=NewerFileWins, AutoClear, LinksIgnore
2018-04-04 03:10:17: Exclude Hidden, Exclude System, Exclude name *._gstmp|/System Volume Information|Thumbs.db|.DS_Store 
2018-04-04 03:10:17: Locking folder S:/Documents/MinecraftModding/xcraftmod/src for write
2018-04-04 03:10:17: Change Analyzed: S:/Documents/MinecraftModding/xcraftmod/src/main/resources/assets/sxm/models/block/tin_ore.json
2018-04-04 03:10:17: Change Analyzed: S:/Documents/MinecraftModding/xcraftmod/src/main/resources/assets/sxm/models/block/ore_tin.json
2018-04-04 03:10:17: Change Analyzed: S:/Documents/MinecraftModding/xcraftmod/src/main/resources/assets/sxm/models/block/tin_outer_stairs.json
2018-04-04 03:10:17: Change Analyzed: S:/Documents/MinecraftModding/xcraftmod/src/main/resources/assets/sxm/models/block/outer_stairs_tin.json
2018-04-04 03:10:17: Change Analyzed: S:/Documents/MinecraftModding/xcraftmod/src/main/resources/assets/sxm/models/block/tin_pressure_plate_down.json
2018-04-04 03:10:17: Change Analyzed: S:/Documents/MinecraftModding/xcraftmod/src/main/resources/assets/sxm/models/block/pressure_plate_down_tin.json
2018-04-04 03:10:18: Locking folder gdrive://www.googleapis.com/Good Sync/Eclips Projects/Moding Minecraft 1.12.2/Application for write
2018-04-04 03:10:19: Change Analyzed: gdrive://www.googleapis.com/Good Sync/Eclips Projects/Moding Minecraft 1.12.2/Application/main/resources/assets/sxm/models/block/inner_stairs_tin.json
2018-04-04 03:10:20: Change Analyzed: gdrive://www.googleapis.com/Good Sync/Eclips Projects/Moding Minecraft 1.12.2/Application/main/resources/assets/sxm/models/block/inner_stairs_tin.json
2018-04-04 03:10:20: Change Analyzed: gdrive://www.googleapis.com/Good Sync/Eclips Projects/Moding Minecraft 1.12.2/Application/main/resources/assets/sxm/models/block/tin_inner_stairs.json
2018-04-04 03:10:20: Change Analyzed: gdrive://www.googleapis.com/Good Sync/Eclips Projects/Moding Minecraft 1.12.2/Application/main/resources/assets/sxm/models/block/fence_side_tin.json
2018-04-04 03:10:20: Change Analyzed: gdrive://www.googleapis.com/Good Sync/Eclips Projects/Moding Minecraft 1.12.2/Application/main/resources/assets/sxm/models/block/fence_side_tin.json
2018-04-04 03:10:20: Change Analyzed: gdrive://www.googleapis.com/Good Sync/Eclips Projects/Moding Minecraft 1.12.2/Application/main/resources/assets/sxm/models/block/tin_fence_side.json
2018-04-04 03:10:21: On disk file:///S: space required for sync is 0 bytes, you have 1.25 TB
2018-04-04 03:10:21: On disk gdrive://www.googleapis.com space required for sync is 0 bytes, you have 12.4 GB
2018-04-04 03:10:21: Changes: 6, Conflicts: 0, CopyTime: 0, FixState: 0, Errors: 0, All: 22393
2018-04-04 03:10:21: Left to Right: Rename/Move File/Folder: 6 
2018-04-04 03:10:21: -- Analysis Complete. Time 00:00:06, Speed: 92 files/s
2018-04-04 03:10:21: == Sync Started by On File Change, After Delay, Under Runner
2018-04-04 03:10:21: Mod Sync: SYNC started by On File Change, After Delay, Under Runner on 'SENPAI_DESKTOP'
2018-04-04 03:10:21: =Data Storage:\Documents\MinecraftModding\xcraftmod\src (S:/Documents/MinecraftModding/xcraftmod/src) [TmpDest] <-> gdrive://www.googleapis.com/Good Sync/Eclips Projects/Moding Minecraft 1.12.2/Application [DirDest], RecycleTo_RecycleBin, SaveDays_RecycleBin=30d, ReconnectSecs=120, SyncWorkerThreads=99, OnFileChange Delay=5, Unattended, WaitForLocksMin=20, ResolveConflicts=NewerFileWins, AutoClear, LinksIgnore
2018-04-04 03:10:21: File Systems limited number of parallel threads to 20
2018-04-04 03:10:21: Start only 6 threads, limited by tasks to run
2018-04-04 03:10:22: Move File gdrive://www.googleapis.com/Good Sync/Eclips Projects/Moding Minecraft 1.12.2/Application/main/resources/assets/sxm/models/block/tin_ore.json -> gdrive://www.googleapis.com/Good Sync/Eclips Projects/Moding Minecraft 1.12.2/Application/main/resources/assets/sxm/models/block/ore_tin.json
2018-04-04 03:10:22: Move File gdrive://www.googleapis.com/Good Sync/Eclips Projects/Moding Minecraft 1.12.2/Application/main/resources/assets/sxm/models/block/tin_outer_stairs.json -> gdrive://www.googleapis.com/Good Sync/Eclips Projects/Moding Minecraft 1.12.2/Application/main/resources/assets/sxm/models/block/outer_stairs_tin.json
2018-04-04 03:10:23: Move File gdrive://www.googleapis.com/Good Sync/Eclips Projects/Moding Minecraft 1.12.2/Application/main/resources/assets/sxm/models/block/tin_pressure_plate_down.json -> gdrive://www.googleapis.com/Good Sync/Eclips Projects/Moding Minecraft 1.12.2/Application/main/resources/assets/sxm/models/block/pressure_plate_down_tin.json
2018-04-04 03:10:24: Save State File S:/Documents/MinecraftModding/xcraftmod/src/_gsdata_/_file_state_v4._gs
2018-04-04 03:10:25: Save State File gdrive://www.googleapis.com/Good Sync/Eclips Projects/Moding Minecraft 1.12.2/Application/_gsdata_/_file_state_v4._gs
2018-04-04 03:10:25: Cleanup recycled files in S:/Documents/MinecraftModding/xcraftmod/src/_gsdata_/_saved_
2018-04-04 03:10:25: Load Recycled DB: S:/Documents/MinecraftModding/xcraftmod/src/_gsdata_/_recycled_db._gs
2018-04-04 03:10:25: Cleanup old logs in S:/Documents/MinecraftModding/xcraftmod/src/_gsdata_
2018-04-04 03:10:25: Cleanup recycled files in gdrive://www.googleapis.com/Good Sync/Eclips Projects/Moding Minecraft 1.12.2/Application/_gsdata_/_saved_
2018-04-04 03:10:26: Change detected [0]: t=MovedFrom path=/main/resources/assets/sxm/models/block/tin_slab_bottom.json
2018-04-04 03:10:26: Change detected [0]: t=MovedTo path=/main/resources/assets/sxm/models/block/slab_bottom_tin.json
2018-04-04 03:10:26: Load Recycled DB: gdrive://www.googleapis.com/Good Sync/Eclips Projects/Moding Minecraft 1.12.2/Application/_gsdata_/_recycled_db._gs
2018-04-04 03:10:26: Cleanup old logs in gdrive://www.googleapis.com/Good Sync/Eclips Projects/Moding Minecraft 1.12.2/Application/_gsdata_
2018-04-04 03:10:27: == Sync Complete. Time: 00:00:06, Speed: 8.00 KB/s, OK: 6, Errors: 0
2018-04-04 03:10:27: Unlocking folder S:/Documents/MinecraftModding/xcraftmod/src/_gsdata_/lock.gsl
2018-04-04 03:10:27: Unlocking folder gdrive://www.googleapis.com/Good Sync/Eclips Projects/Moding Minecraft 1.12.2/Application/_gsdata_/lock.gsl
2018-04-04 03:10:27: Change detected [1]: t=Modified path=/main/resources/assets/sxm/models/block/pressure_plate_down_tin.json
2018-04-04 03:10:27: Change detected [1]: t=MovedTo path=/main/resources/assets/sxm/models/block/pressure_plate_down_tin.json
2018-04-04 03:10:28: Change detected [1]: t=MovedFrom path=/main/resources/assets/sxm/models/block/tin_pressure_plate_down.json
2018-04-04 03:10:28: Change detected [1]: t=Modified path=/main/resources/assets/sxm/models/block/outer_stairs_tin.json
2018-04-04 03:10:28: Change detected [1]: t=MovedTo path=/main/resources/assets/sxm/models/block/outer_stairs_tin.json
2018-04-04 03:10:28: Change detected [1]: t=MovedFrom path=/main/resources/assets/sxm/models/block/tin_outer_stairs.json
2018-04-04 03:10:28: Change detected [1]: t=Modified path=/main/resources/assets/sxm/models/block/ore_tin.json
2018-04-04 03:10:28: Change detected [1]: t=MovedTo path=/main/resources/assets/sxm/models/block/ore_tin.json
2018-04-04 03:10:28: Change detected [1]: t=MovedFrom path=/main/resources/assets/sxm/models/block/tin_ore.json
2018-04-04 03:10:29: 
