2018-03-28 17:19:34: Connected to S:\Documents\MinecraftModding\xcraftmod\src: S: NTFS: type=NTFS vol=Data Storage flags=3E706FF
2018-03-28 17:19:34: Change detected [0]: t=Modified path=/main/java/com/senpai/objects/blocks/machines/reactor/BlockPipe.java
2018-03-28 17:19:34: Change detected [0]: t=Modified path=/main/java/com/senpai/objects/blocks/machines/reactor/BlockPipe.java
2018-03-28 17:19:34: Connected to gdrive://www.googleapis.com/Good Sync/Eclips Projects/Moding Minecraft 1.12.2/Application
2018-03-28 17:19:35: Incremental Analyze for On File Change
2018-03-28 17:19:35: -- Analysis Started by On File Change, After Delay, Under Runner
2018-03-28 17:19:35: Mod Sync: ANALYSIS started by On File Change, After Delay, Under Runner on 'SENPAI_DESKTOP' (GoodSync 10.8.1.1)
2018-03-28 17:19:35: =Data Storage:\Documents\MinecraftModding\xcraftmod\src (S:/Documents/MinecraftModding/xcraftmod/src) [TmpDest] <-> gdrive://www.googleapis.com/Good Sync/Eclips Projects/Moding Minecraft 1.12.2/Application [DirDest], RecycleTo_RecycleBin, SaveDays_RecycleBin=30d, ReconnectSecs=120, SyncWorkerThreads=99, OnFileChange Delay=5, Unattended, WaitForLocksMin=20, ResolveConflicts=NewerFileWins, AutoClear, LinksIgnore
2018-03-28 17:19:35: Exclude Hidden, Exclude System, Exclude name *._gstmp|/System Volume Information|Thumbs.db|.DS_Store 
2018-03-28 17:19:35: Locking folder S:/Documents/MinecraftModding/xcraftmod/src for write
2018-03-28 17:19:35: Change Analyzed: S:/Documents/MinecraftModding/xcraftmod/src/main/java/com/senpai/objects/blocks/machines/reactor/BlockPipe.java
2018-03-28 17:19:35: Change Analyzed: S:/Documents/MinecraftModding/xcraftmod/src/main/java/com/senpai/objects/blocks/machines/reactor/BlockPipe.java
2018-03-28 17:19:35: Locking folder gdrive://www.googleapis.com/Good Sync/Eclips Projects/Moding Minecraft 1.12.2/Application for write
2018-03-28 17:19:38: On disk file:///S: space required for sync is 0 bytes, you have 1.25 TB
2018-03-28 17:19:38: On disk gdrive://www.googleapis.com space required for sync is 20.0 KB, you have 12.4 GB
2018-03-28 17:19:38: Changes: 1, Conflicts: 0, CopyTime: 0, FixState: 0, Errors: 0, All: 21912
2018-03-28 17:19:38: Left to Right: Copy File: 1 
2018-03-28 17:19:38: -- Analysis Complete. Time 00:00:05, Speed: 57 files/s
2018-03-28 17:19:38: == Sync Started by On File Change, After Delay, Under Runner
2018-03-28 17:19:38: Mod Sync: SYNC started by On File Change, After Delay, Under Runner on 'SENPAI_DESKTOP'
2018-03-28 17:19:38: =Data Storage:\Documents\MinecraftModding\xcraftmod\src (S:/Documents/MinecraftModding/xcraftmod/src) [TmpDest] <-> gdrive://www.googleapis.com/Good Sync/Eclips Projects/Moding Minecraft 1.12.2/Application [DirDest], RecycleTo_RecycleBin, SaveDays_RecycleBin=30d, ReconnectSecs=120, SyncWorkerThreads=99, OnFileChange Delay=5, Unattended, WaitForLocksMin=20, ResolveConflicts=NewerFileWins, AutoClear, LinksIgnore
2018-03-28 17:19:38: File Systems limited number of parallel threads to 20
2018-03-28 17:19:38: Start only 1 threads, limited by tasks to run
2018-03-28 17:19:42: Load Recycled DB: gdrive://www.googleapis.com/Good Sync/Eclips Projects/Moding Minecraft 1.12.2/Application/_gsdata_/_recycled_db._gs
2018-03-28 17:19:44: Change detected [1]: t=MovedFrom path=/main/java/com/senpai/objects/blocks/machines/reactor/BlockPipe.java
2018-03-28 17:19:45: Copy Over 'S:/Documents/MinecraftModding/xcraftmod/src/main/java/com/senpai/objects/blocks/machines/reactor/BlockPipe.java' -> 'gdrive://www.googleapis.com/Good Sync/Eclips Projects/Moding Minecraft 1.12.2/Application/main/java/com/senpai/objects/blocks/machines/reactor/BlockPipe.java' (19945)
2018-03-28 17:19:45: Save State File S:/Documents/MinecraftModding/xcraftmod/src/_gsdata_/_file_state_v4._gs
2018-03-28 17:19:47: Save State File gdrive://www.googleapis.com/Good Sync/Eclips Projects/Moding Minecraft 1.12.2/Application/_gsdata_/_file_state_v4._gs
2018-03-28 17:19:47: Cleanup recycled files in S:/Documents/MinecraftModding/xcraftmod/src/_gsdata_/_saved_
2018-03-28 17:19:47: Load Recycled DB: S:/Documents/MinecraftModding/xcraftmod/src/_gsdata_/_recycled_db._gs
2018-03-28 17:19:47: Cleanup old logs in S:/Documents/MinecraftModding/xcraftmod/src/_gsdata_
2018-03-28 17:19:47: Cleanup recycled files in gdrive://www.googleapis.com/Good Sync/Eclips Projects/Moding Minecraft 1.12.2/Application/_gsdata_/_saved_
2018-03-28 17:19:48: Save Recycled DB: gdrive://www.googleapis.com/Good Sync/Eclips Projects/Moding Minecraft 1.12.2/Application/_gsdata_/_recycled_db._gs
2018-03-28 17:19:48: Cleanup old logs in gdrive://www.googleapis.com/Good Sync/Eclips Projects/Moding Minecraft 1.12.2/Application/_gsdata_
2018-03-28 17:19:49: == Sync Complete. Time: 00:00:11, Speed: 3.03 KB/s, OK: 1, Errors: 0
2018-03-28 17:19:49: Unlocking folder S:/Documents/MinecraftModding/xcraftmod/src/_gsdata_/lock.gsl
2018-03-28 17:19:49: Unlocking folder gdrive://www.googleapis.com/Good Sync/Eclips Projects/Moding Minecraft 1.12.2/Application/_gsdata_/lock.gsl
2018-03-28 17:19:51: 
