2018-04-02 22:34:10: Connected to S:\Documents\MinecraftModding\xcraftmod\src: S: NTFS: type=NTFS vol=Data Storage flags=3E706FF
2018-04-02 22:34:10: Connected to gdrive://www.googleapis.com/Good Sync/Eclips Projects/Moding Minecraft 1.12.2/Application
2018-04-02 22:34:10: Incremental Analyze for On File Change
2018-04-02 22:34:11: -- Analysis Started by On File Change, After Delay, Under Runner
2018-04-02 22:34:11: Mod Sync: ANALYSIS started by On File Change, After Delay, Under Runner on 'SENPAI_DESKTOP' (GoodSync 10.8.1.1)
2018-04-02 22:34:11: =Data Storage:\Documents\MinecraftModding\xcraftmod\src (S:/Documents/MinecraftModding/xcraftmod/src) [TmpDest] <-> gdrive://www.googleapis.com/Good Sync/Eclips Projects/Moding Minecraft 1.12.2/Application [DirDest], RecycleTo_RecycleBin, SaveDays_RecycleBin=30d, ReconnectSecs=120, SyncWorkerThreads=99, OnFileChange Delay=5, Unattended, WaitForLocksMin=20, ResolveConflicts=NewerFileWins, AutoClear, LinksIgnore
2018-04-02 22:34:11: Exclude Hidden, Exclude System, Exclude name *._gstmp|/System Volume Information|Thumbs.db|.DS_Store 
2018-04-02 22:34:11: Locking folder S:/Documents/MinecraftModding/xcraftmod/src for write
2018-04-02 22:34:11: Change Analyzed: S:/Documents/MinecraftModding/xcraftmod/src/main/java/com/senpai/entity/EntityCentaur.java
2018-04-02 22:34:11: Change Analyzed: S:/Documents/MinecraftModding/xcraftmod/src/main/java/com/senpai/entity/EntityCentaur.java
2018-04-02 22:34:11: Locking folder gdrive://www.googleapis.com/Good Sync/Eclips Projects/Moding Minecraft 1.12.2/Application for write
2018-04-02 22:34:21: Change Analyzed: gdrive://www.googleapis.com/Good Sync/Eclips Projects/Moding Minecraft 1.12.2/Application/main/java/com/senpai/entity/EntityCentaur.java
2018-04-02 22:34:21: Change Analyzed: gdrive://www.googleapis.com/Good Sync/Eclips Projects/Moding Minecraft 1.12.2/Application/main/java/com/senpai/entity/EntityCentaur.java
2018-04-02 22:34:21: Change Analyzed: gdrive://www.googleapis.com/Good Sync/Eclips Projects/Moding Minecraft 1.12.2/Application/main/java/com/senpai/entity/EntityCentaur.java
2018-04-02 22:34:22: On disk file:///S: space required for sync is 0 bytes, you have 1.25 TB
2018-04-02 22:34:22: On disk gdrive://www.googleapis.com space required for sync is 3.00 KB, you have 12.4 GB
2018-04-02 22:34:22: Changes: 1, Conflicts: 0, CopyTime: 0, FixState: 0, Errors: 0, All: 22051
2018-04-02 22:34:22: Left to Right: Copy File: 1 
2018-04-02 22:34:22: -- Analysis Complete. Time 00:00:13, Speed: 29 files/s
2018-04-02 22:34:22: == Sync Started by On File Change, After Delay, Under Runner
2018-04-02 22:34:22: Mod Sync: SYNC started by On File Change, After Delay, Under Runner on 'SENPAI_DESKTOP'
2018-04-02 22:34:22: =Data Storage:\Documents\MinecraftModding\xcraftmod\src (S:/Documents/MinecraftModding/xcraftmod/src) [TmpDest] <-> gdrive://www.googleapis.com/Good Sync/Eclips Projects/Moding Minecraft 1.12.2/Application [DirDest], RecycleTo_RecycleBin, SaveDays_RecycleBin=30d, ReconnectSecs=120, SyncWorkerThreads=99, OnFileChange Delay=5, Unattended, WaitForLocksMin=20, ResolveConflicts=NewerFileWins, AutoClear, LinksIgnore
2018-04-02 22:34:22: File Systems limited number of parallel threads to 20
2018-04-02 22:34:22: Start only 1 threads, limited by tasks to run
2018-04-02 22:34:24: Load Recycled DB: gdrive://www.googleapis.com/Good Sync/Eclips Projects/Moding Minecraft 1.12.2/Application/_gsdata_/_recycled_db._gs
2018-04-02 22:34:25: Copy Over 'S:/Documents/MinecraftModding/xcraftmod/src/main/java/com/senpai/entity/EntityCentaur.java' -> 'gdrive://www.googleapis.com/Good Sync/Eclips Projects/Moding Minecraft 1.12.2/Application/main/java/com/senpai/entity/EntityCentaur.java' (2640)
2018-04-02 22:34:26: Save State File S:/Documents/MinecraftModding/xcraftmod/src/_gsdata_/_file_state_v4._gs
2018-04-02 22:34:27: Save State File gdrive://www.googleapis.com/Good Sync/Eclips Projects/Moding Minecraft 1.12.2/Application/_gsdata_/_file_state_v4._gs
2018-04-02 22:34:27: Cleanup recycled files in S:/Documents/MinecraftModding/xcraftmod/src/_gsdata_/_saved_
2018-04-02 22:34:27: Load Recycled DB: S:/Documents/MinecraftModding/xcraftmod/src/_gsdata_/_recycled_db._gs
2018-04-02 22:34:27: Deleted old log file C:/Users/Senpai/AppData/Roaming/GoodSync/_mirrors_/file-=Data Storage-Documents-MinecraftModding-xcraftmod-src/2018-0326-223355-SENPAI_DESKTOP-Runner-Mod Sync.log
2018-04-02 22:34:27: Cleanup old logs in S:/Documents/MinecraftModding/xcraftmod/src/_gsdata_
2018-04-02 22:34:27: Cleanup recycled files in gdrive://www.googleapis.com/Good Sync/Eclips Projects/Moding Minecraft 1.12.2/Application/_gsdata_/_saved_
2018-04-02 22:34:28: Save Recycled DB: gdrive://www.googleapis.com/Good Sync/Eclips Projects/Moding Minecraft 1.12.2/Application/_gsdata_/_recycled_db._gs
2018-04-02 22:34:28: Deleted old log file C:/Users/Senpai/AppData/Roaming/GoodSync/_mirrors_/gdrive-Wicky_Gustave-0AGIAX4LCOy-XUk9PVA@www.googleapis.com-Good Sync-Eclips Projects-Moding Minecraft 1.12.2-Application/2018-0326-223355-SENPAI_DESKTOP-Runner-Mod Sync.log
2018-04-02 22:34:28: Cleanup old logs in gdrive://www.googleapis.com/Good Sync/Eclips Projects/Moding Minecraft 1.12.2/Application/_gsdata_
2018-04-02 22:34:29: == Sync Complete. Time: 00:00:07, Speed: 1.45 KB/s, OK: 1, Errors: 0
2018-04-02 22:34:29: Unlocking folder S:/Documents/MinecraftModding/xcraftmod/src/_gsdata_/lock.gsl
2018-04-02 22:34:29: Unlocking folder gdrive://www.googleapis.com/Good Sync/Eclips Projects/Moding Minecraft 1.12.2/Application/_gsdata_/lock.gsl
2018-04-02 22:34:30: 
