2018-04-04 02:41:39: Change detected [0]: t=MovedFrom path=/main/resources/assets/sxm/models/item/tin_boots.json
2018-04-04 02:41:39: Change detected [0]: t=MovedTo path=/main/resources/assets/sxm/models/item/boots_tin.json
2018-04-04 02:41:40: Connected to S:\Documents\MinecraftModding\xcraftmod\src: S: NTFS: type=NTFS vol=Data Storage flags=3E706FF
2018-04-04 02:41:40: Connected to gdrive://www.googleapis.com/Good Sync/Eclips Projects/Moding Minecraft 1.12.2/Application
2018-04-04 02:41:40: Incremental Analyze for On File Change
2018-04-04 02:41:40: -- Analysis Started by On File Change, After Delay, Under Runner
2018-04-04 02:41:40: Mod Sync: ANALYSIS started by On File Change, After Delay, Under Runner on 'SENPAI_DESKTOP' (GoodSync 10.8.1.1)
2018-04-04 02:41:40: =Data Storage:\Documents\MinecraftModding\xcraftmod\src (S:/Documents/MinecraftModding/xcraftmod/src) [TmpDest] <-> gdrive://www.googleapis.com/Good Sync/Eclips Projects/Moding Minecraft 1.12.2/Application [DirDest], RecycleTo_RecycleBin, SaveDays_RecycleBin=30d, ReconnectSecs=120, SyncWorkerThreads=99, OnFileChange Delay=5, Unattended, WaitForLocksMin=20, ResolveConflicts=NewerFileWins, AutoClear, LinksIgnore
2018-04-04 02:41:40: Exclude Hidden, Exclude System, Exclude name *._gstmp|/System Volume Information|Thumbs.db|.DS_Store 
2018-04-04 02:41:40: Locking folder S:/Documents/MinecraftModding/xcraftmod/src for write
2018-04-04 02:41:40: Change Analyzed: S:/Documents/MinecraftModding/xcraftmod/src/main/resources/assets/sxm/models/item/tin_apple.json
2018-04-04 02:41:40: Change Analyzed: S:/Documents/MinecraftModding/xcraftmod/src/main/resources/assets/sxm/models/item/apple_tin.json
2018-04-04 02:41:40: Change Analyzed: S:/Documents/MinecraftModding/xcraftmod/src/main/resources/assets/sxm/models/item/tin_axe.json
2018-04-04 02:41:40: Change Analyzed: S:/Documents/MinecraftModding/xcraftmod/src/main/resources/assets/sxm/models/item/axe_tin.json
2018-04-04 02:41:40: Change Analyzed: S:/Documents/MinecraftModding/xcraftmod/src/main/resources/assets/sxm/models/item/tin_boots.json
2018-04-04 02:41:40: Change Analyzed: S:/Documents/MinecraftModding/xcraftmod/src/main/resources/assets/sxm/models/item/boots_tin.json
2018-04-04 02:41:40: Locking folder gdrive://www.googleapis.com/Good Sync/Eclips Projects/Moding Minecraft 1.12.2/Application for write
2018-04-04 02:41:42: Change Analyzed: gdrive://www.googleapis.com/Good Sync/Eclips Projects/Moding Minecraft 1.12.2/Application/main/resources/assets/sxm/models/item/nugget_tin.json
2018-04-04 02:41:42: Change Analyzed: gdrive://www.googleapis.com/Good Sync/Eclips Projects/Moding Minecraft 1.12.2/Application/main/resources/assets/sxm/models/item/nugget_tin.json
2018-04-04 02:41:42: Change Analyzed: gdrive://www.googleapis.com/Good Sync/Eclips Projects/Moding Minecraft 1.12.2/Application/main/resources/assets/sxm/models/item/tin_nugget.json
2018-04-04 02:41:42: Change Analyzed: gdrive://www.googleapis.com/Good Sync/Eclips Projects/Moding Minecraft 1.12.2/Application/main/resources/assets/sxm/models/item/leggings_tin.json
2018-04-04 02:41:42: Change Analyzed: gdrive://www.googleapis.com/Good Sync/Eclips Projects/Moding Minecraft 1.12.2/Application/main/resources/assets/sxm/models/item/leggings_tin.json
2018-04-04 02:41:42: Change Analyzed: gdrive://www.googleapis.com/Good Sync/Eclips Projects/Moding Minecraft 1.12.2/Application/main/resources/assets/sxm/models/item/tin_leggings.json
2018-04-04 02:41:43: On disk file:///S: space required for sync is 0 bytes, you have 1.25 TB
2018-04-04 02:41:43: On disk gdrive://www.googleapis.com space required for sync is 0 bytes, you have 12.4 GB
2018-04-04 02:41:43: Changes: 6, Conflicts: 0, CopyTime: 0, FixState: 0, Errors: 0, All: 22356
2018-04-04 02:41:43: Left to Right: Rename/Move File/Folder: 6 
2018-04-04 02:41:43: -- Analysis Complete. Time 00:00:04, Speed: 138 files/s
2018-04-04 02:41:43: == Sync Started by On File Change, After Delay, Under Runner
2018-04-04 02:41:43: Mod Sync: SYNC started by On File Change, After Delay, Under Runner on 'SENPAI_DESKTOP'
2018-04-04 02:41:43: =Data Storage:\Documents\MinecraftModding\xcraftmod\src (S:/Documents/MinecraftModding/xcraftmod/src) [TmpDest] <-> gdrive://www.googleapis.com/Good Sync/Eclips Projects/Moding Minecraft 1.12.2/Application [DirDest], RecycleTo_RecycleBin, SaveDays_RecycleBin=30d, ReconnectSecs=120, SyncWorkerThreads=99, OnFileChange Delay=5, Unattended, WaitForLocksMin=20, ResolveConflicts=NewerFileWins, AutoClear, LinksIgnore
2018-04-04 02:41:43: File Systems limited number of parallel threads to 20
2018-04-04 02:41:43: Start only 6 threads, limited by tasks to run
2018-04-04 02:41:44: Move File gdrive://www.googleapis.com/Good Sync/Eclips Projects/Moding Minecraft 1.12.2/Application/main/resources/assets/sxm/models/item/tin_apple.json -> gdrive://www.googleapis.com/Good Sync/Eclips Projects/Moding Minecraft 1.12.2/Application/main/resources/assets/sxm/models/item/apple_tin.json
2018-04-04 02:41:45: Move File gdrive://www.googleapis.com/Good Sync/Eclips Projects/Moding Minecraft 1.12.2/Application/main/resources/assets/sxm/models/item/tin_axe.json -> gdrive://www.googleapis.com/Good Sync/Eclips Projects/Moding Minecraft 1.12.2/Application/main/resources/assets/sxm/models/item/axe_tin.json
2018-04-04 02:41:45: Move File gdrive://www.googleapis.com/Good Sync/Eclips Projects/Moding Minecraft 1.12.2/Application/main/resources/assets/sxm/models/item/tin_boots.json -> gdrive://www.googleapis.com/Good Sync/Eclips Projects/Moding Minecraft 1.12.2/Application/main/resources/assets/sxm/models/item/boots_tin.json
2018-04-04 02:41:46: Save State File S:/Documents/MinecraftModding/xcraftmod/src/_gsdata_/_file_state_v4._gs
2018-04-04 02:41:48: Save State File gdrive://www.googleapis.com/Good Sync/Eclips Projects/Moding Minecraft 1.12.2/Application/_gsdata_/_file_state_v4._gs
2018-04-04 02:41:48: Cleanup recycled files in S:/Documents/MinecraftModding/xcraftmod/src/_gsdata_/_saved_
2018-04-04 02:41:48: Load Recycled DB: S:/Documents/MinecraftModding/xcraftmod/src/_gsdata_/_recycled_db._gs
2018-04-04 02:41:48: Deleted old log file C:/Users/Senpai/AppData/Roaming/GoodSync/_mirrors_/file-=Data Storage-Documents-MinecraftModding-xcraftmod-src/2018-0328-024131-SENPAI_DESKTOP-Runner-Mod Sync.log
2018-04-04 02:41:48: Cleanup old logs in S:/Documents/MinecraftModding/xcraftmod/src/_gsdata_
2018-04-04 02:41:48: Cleanup recycled files in gdrive://www.googleapis.com/Good Sync/Eclips Projects/Moding Minecraft 1.12.2/Application/_gsdata_/_saved_
2018-04-04 02:41:49: Load Recycled DB: gdrive://www.googleapis.com/Good Sync/Eclips Projects/Moding Minecraft 1.12.2/Application/_gsdata_/_recycled_db._gs
2018-04-04 02:41:49: Deleted old log file C:/Users/Senpai/AppData/Roaming/GoodSync/_mirrors_/gdrive-Wicky_Gustave-0AGIAX4LCOy-XUk9PVA@www.googleapis.com-Good Sync-Eclips Projects-Moding Minecraft 1.12.2-Application/2018-0328-024131-SENPAI_DESKTOP-Runner-Mod Sync.log
2018-04-04 02:41:49: Cleanup old logs in gdrive://www.googleapis.com/Good Sync/Eclips Projects/Moding Minecraft 1.12.2/Application/_gsdata_
2018-04-04 02:41:51: Change detected [1]: t=Modified path=/main/resources/assets/sxm/models/item/boots_tin.json
2018-04-04 02:41:51: == Sync Complete. Time: 00:00:08, Speed: 8.00 KB/s, OK: 6, Errors: 0
2018-04-04 02:41:51: Unlocking folder S:/Documents/MinecraftModding/xcraftmod/src/_gsdata_/lock.gsl
2018-04-04 02:41:51: Unlocking folder gdrive://www.googleapis.com/Good Sync/Eclips Projects/Moding Minecraft 1.12.2/Application/_gsdata_/lock.gsl
2018-04-04 02:41:52: Change detected [1]: t=MovedTo path=/main/resources/assets/sxm/models/item/boots_tin.json
2018-04-04 02:41:52: Change detected [1]: t=MovedFrom path=/main/resources/assets/sxm/models/item/tin_boots.json
2018-04-04 02:41:52: Change detected [1]: t=Modified path=/main/resources/assets/sxm/models/item/axe_tin.json
2018-04-04 02:41:52: Change detected [1]: t=MovedTo path=/main/resources/assets/sxm/models/item/axe_tin.json
2018-04-04 02:41:53: Change detected [1]: t=MovedFrom path=/main/resources/assets/sxm/models/item/tin_axe.json
2018-04-04 02:41:53: Change detected [1]: t=Modified path=/main/resources/assets/sxm/models/item/apple_tin.json
2018-04-04 02:41:53: Change detected [1]: t=MovedTo path=/main/resources/assets/sxm/models/item/apple_tin.json
2018-04-04 02:41:53: Change detected [1]: t=MovedFrom path=/main/resources/assets/sxm/models/item/tin_apple.json
2018-04-04 02:41:54: 
