2018-03-28 17:16:52: Connected to S:\Documents\MinecraftModding\xcraftmod\src: S: NTFS: type=NTFS vol=Data Storage flags=3E706FF
2018-03-28 17:16:52: Connected to gdrive://www.googleapis.com/Good Sync/Eclips Projects/Moding Minecraft 1.12.2/Application
2018-03-28 17:16:52: Incremental Analyze for On File Change
2018-03-28 17:16:53: -- Analysis Started by On File Change, After Delay, Under Runner
2018-03-28 17:16:53: Mod Sync: ANALYSIS started by On File Change, After Delay, Under Runner on 'SENPAI_DESKTOP' (GoodSync 10.8.1.1)
2018-03-28 17:16:53: =Data Storage:\Documents\MinecraftModding\xcraftmod\src (S:/Documents/MinecraftModding/xcraftmod/src) [TmpDest] <-> gdrive://www.googleapis.com/Good Sync/Eclips Projects/Moding Minecraft 1.12.2/Application [DirDest], RecycleTo_RecycleBin, SaveDays_RecycleBin=30d, ReconnectSecs=120, SyncWorkerThreads=99, OnFileChange Delay=5, Unattended, WaitForLocksMin=20, ResolveConflicts=NewerFileWins, AutoClear, LinksIgnore
2018-03-28 17:16:53: Exclude Hidden, Exclude System, Exclude name *._gstmp|/System Volume Information|Thumbs.db|.DS_Store 
2018-03-28 17:16:53: Locking folder S:/Documents/MinecraftModding/xcraftmod/src for write
2018-03-28 17:16:53: Change Analyzed: S:/Documents/MinecraftModding/xcraftmod/src/main/resources/assets/sxm/blockstates/pipe.json
2018-03-28 17:16:53: Change Analyzed: S:/Documents/MinecraftModding/xcraftmod/src/main/resources/assets/sxm/blockstates/pipe.json
2018-03-28 17:16:53: Locking folder gdrive://www.googleapis.com/Good Sync/Eclips Projects/Moding Minecraft 1.12.2/Application for write
2018-03-28 17:16:56: On disk file:///S: space required for sync is 0 bytes, you have 1.25 TB
2018-03-28 17:16:56: On disk gdrive://www.googleapis.com space required for sync is 3.00 KB, you have 12.4 GB
2018-03-28 17:16:56: Changes: 1, Conflicts: 0, CopyTime: 0, FixState: 0, Errors: 0, All: 21912
2018-03-28 17:16:56: Left to Right: Copy File: 1 
2018-03-28 17:16:56: -- Analysis Complete. Time 00:00:05, Speed: 57 files/s
2018-03-28 17:16:56: == Sync Started by On File Change, After Delay, Under Runner
2018-03-28 17:16:56: Mod Sync: SYNC started by On File Change, After Delay, Under Runner on 'SENPAI_DESKTOP'
2018-03-28 17:16:56: =Data Storage:\Documents\MinecraftModding\xcraftmod\src (S:/Documents/MinecraftModding/xcraftmod/src) [TmpDest] <-> gdrive://www.googleapis.com/Good Sync/Eclips Projects/Moding Minecraft 1.12.2/Application [DirDest], RecycleTo_RecycleBin, SaveDays_RecycleBin=30d, ReconnectSecs=120, SyncWorkerThreads=99, OnFileChange Delay=5, Unattended, WaitForLocksMin=20, ResolveConflicts=NewerFileWins, AutoClear, LinksIgnore
2018-03-28 17:16:56: File Systems limited number of parallel threads to 20
2018-03-28 17:16:56: Start only 1 threads, limited by tasks to run
2018-03-28 17:16:59: Load Recycled DB: gdrive://www.googleapis.com/Good Sync/Eclips Projects/Moding Minecraft 1.12.2/Application/_gsdata_/_recycled_db._gs
2018-03-28 17:17:01: Copy Over 'S:/Documents/MinecraftModding/xcraftmod/src/main/resources/assets/sxm/blockstates/pipe.json' -> 'gdrive://www.googleapis.com/Good Sync/Eclips Projects/Moding Minecraft 1.12.2/Application/main/resources/assets/sxm/blockstates/pipe.json' (2199)
2018-03-28 17:17:01: Save State File S:/Documents/MinecraftModding/xcraftmod/src/_gsdata_/_file_state_v4._gs
2018-03-28 17:17:02: Change detected [1]: t=Modified path=/main/resources/assets/sxm/blockstates/pipe.json
2018-03-28 17:17:02: Change detected [1]: t=Created path=/main/resources/assets/sxm/blockstates/pipe.json
2018-03-28 17:17:03: Change detected [1]: t=MovedFrom path=/main/resources/assets/sxm/blockstates/pipe.json
2018-03-28 17:17:04: Save State File gdrive://www.googleapis.com/Good Sync/Eclips Projects/Moding Minecraft 1.12.2/Application/_gsdata_/_file_state_v4._gs
2018-03-28 17:17:04: Cleanup recycled files in S:/Documents/MinecraftModding/xcraftmod/src/_gsdata_/_saved_
2018-03-28 17:17:04: Load Recycled DB: S:/Documents/MinecraftModding/xcraftmod/src/_gsdata_/_recycled_db._gs
2018-03-28 17:17:04: Cleanup old logs in S:/Documents/MinecraftModding/xcraftmod/src/_gsdata_
2018-03-28 17:17:04: Cleanup recycled files in gdrive://www.googleapis.com/Good Sync/Eclips Projects/Moding Minecraft 1.12.2/Application/_gsdata_/_saved_
2018-03-28 17:17:05: Save Recycled DB: gdrive://www.googleapis.com/Good Sync/Eclips Projects/Moding Minecraft 1.12.2/Application/_gsdata_/_recycled_db._gs
2018-03-28 17:17:05: Cleanup old logs in gdrive://www.googleapis.com/Good Sync/Eclips Projects/Moding Minecraft 1.12.2/Application/_gsdata_
2018-03-28 17:17:06: == Sync Complete. Time: 00:00:10, Speed: 803 bytes/s, OK: 1, Errors: 0
2018-03-28 17:17:06: Unlocking folder S:/Documents/MinecraftModding/xcraftmod/src/_gsdata_/lock.gsl
2018-03-28 17:17:06: Unlocking folder gdrive://www.googleapis.com/Good Sync/Eclips Projects/Moding Minecraft 1.12.2/Application/_gsdata_/lock.gsl
2018-03-28 17:17:08: 
