2018-04-04 00:19:09: Connected to S:\Documents\MinecraftModding\xcraftmod\src: S: NTFS: type=NTFS vol=Data Storage flags=3E706FF
2018-04-04 00:19:09: Connected to gdrive://www.googleapis.com/Good Sync/Eclips Projects/Moding Minecraft 1.12.2/Application
2018-04-04 00:19:09: Incremental Analyze for On File Change
2018-04-04 00:19:09: -- Analysis Started by On File Change, After Delay, Under Runner
2018-04-04 00:19:09: Mod Sync: ANALYSIS started by On File Change, After Delay, Under Runner on 'SENPAI_DESKTOP' (GoodSync 10.8.1.1)
2018-04-04 00:19:09: =Data Storage:\Documents\MinecraftModding\xcraftmod\src (S:/Documents/MinecraftModding/xcraftmod/src) [TmpDest] <-> gdrive://www.googleapis.com/Good Sync/Eclips Projects/Moding Minecraft 1.12.2/Application [DirDest], RecycleTo_RecycleBin, SaveDays_RecycleBin=30d, ReconnectSecs=120, SyncWorkerThreads=99, OnFileChange Delay=5, Unattended, WaitForLocksMin=20, ResolveConflicts=NewerFileWins, AutoClear, LinksIgnore
2018-04-04 00:19:09: Exclude Hidden, Exclude System, Exclude name *._gstmp|/System Volume Information|Thumbs.db|.DS_Store 
2018-04-04 00:19:09: Locking folder S:/Documents/MinecraftModding/xcraftmod/src for write
2018-04-04 00:19:09: Change Analyzed: S:/Documents/MinecraftModding/xcraftmod/src/main/java/com/senpai/objects/blocks/BlockCanvas.java
2018-04-04 00:19:09: Change Analyzed: S:/Documents/MinecraftModding/xcraftmod/src/main/java/com/senpai/objects/blocks/BlockCanvas.java
2018-04-04 00:19:09: Change Analyzed: S:/Documents/MinecraftModding/xcraftmod/src/main/java/com/senpai/objects/blocks/BlockCanvas.java
2018-04-04 00:19:09: Locking folder gdrive://www.googleapis.com/Good Sync/Eclips Projects/Moding Minecraft 1.12.2/Application for write
2018-04-04 00:19:11: On disk file:///S: space required for sync is 0 bytes, you have 1.25 TB
2018-04-04 00:19:11: On disk gdrive://www.googleapis.com space required for sync is 6.00 KB, you have 12.4 GB
2018-04-04 00:19:12: Changes: 1, Conflicts: 0, CopyTime: 0, FixState: 0, Errors: 0, All: 22149
2018-04-04 00:19:12: Left to Right: Copy File: 1 
2018-04-04 00:19:12: -- Analysis Complete. Time 00:00:03, Speed: 141 files/s
2018-04-04 00:19:12: == Sync Started by On File Change, After Delay, Under Runner
2018-04-04 00:19:12: Mod Sync: SYNC started by On File Change, After Delay, Under Runner on 'SENPAI_DESKTOP'
2018-04-04 00:19:12: =Data Storage:\Documents\MinecraftModding\xcraftmod\src (S:/Documents/MinecraftModding/xcraftmod/src) [TmpDest] <-> gdrive://www.googleapis.com/Good Sync/Eclips Projects/Moding Minecraft 1.12.2/Application [DirDest], RecycleTo_RecycleBin, SaveDays_RecycleBin=30d, ReconnectSecs=120, SyncWorkerThreads=99, OnFileChange Delay=5, Unattended, WaitForLocksMin=20, ResolveConflicts=NewerFileWins, AutoClear, LinksIgnore
2018-04-04 00:19:12: File Systems limited number of parallel threads to 20
2018-04-04 00:19:12: Start only 1 threads, limited by tasks to run
2018-04-04 00:19:14: Load Recycled DB: gdrive://www.googleapis.com/Good Sync/Eclips Projects/Moding Minecraft 1.12.2/Application/_gsdata_/_recycled_db._gs
2018-04-04 00:19:16: Copy Over 'S:/Documents/MinecraftModding/xcraftmod/src/main/java/com/senpai/objects/blocks/BlockCanvas.java' -> 'gdrive://www.googleapis.com/Good Sync/Eclips Projects/Moding Minecraft 1.12.2/Application/main/java/com/senpai/objects/blocks/BlockCanvas.java' (5771)
2018-04-04 00:19:16: Save State File S:/Documents/MinecraftModding/xcraftmod/src/_gsdata_/_file_state_v4._gs
2018-04-04 00:19:17: Save State File gdrive://www.googleapis.com/Good Sync/Eclips Projects/Moding Minecraft 1.12.2/Application/_gsdata_/_file_state_v4._gs
2018-04-04 00:19:18: Cleanup recycled files in S:/Documents/MinecraftModding/xcraftmod/src/_gsdata_/_saved_
2018-04-04 00:19:18: Load Recycled DB: S:/Documents/MinecraftModding/xcraftmod/src/_gsdata_/_recycled_db._gs
2018-04-04 00:19:18: Deleted old log file C:/Users/Senpai/AppData/Roaming/GoodSync/_mirrors_/file-=Data Storage-Documents-MinecraftModding-xcraftmod-src/2018-0328-001826-SENPAI_DESKTOP-Runner-Mod Sync.log
2018-04-04 00:19:18: Deleted old log file C:/Users/Senpai/AppData/Roaming/GoodSync/_mirrors_/file-=Data Storage-Documents-MinecraftModding-xcraftmod-src/2018-0328-001857-SENPAI_DESKTOP-Runner-Mod Sync.log
2018-04-04 00:19:18: Cleanup old logs in S:/Documents/MinecraftModding/xcraftmod/src/_gsdata_
2018-04-04 00:19:18: Delete log file S:/Documents/MinecraftModding/xcraftmod/src/_gsdata_/2018-0328-001826-SENPAI_DESKTOP-Runner-Mod Sync.log
2018-04-04 00:19:18: Delete log file S:/Documents/MinecraftModding/xcraftmod/src/_gsdata_/2018-0328-001857-SENPAI_DESKTOP-Runner-Mod Sync.log
2018-04-04 00:19:18: Cleanup recycled files in gdrive://www.googleapis.com/Good Sync/Eclips Projects/Moding Minecraft 1.12.2/Application/_gsdata_/_saved_
2018-04-04 00:19:18: Save Recycled DB: gdrive://www.googleapis.com/Good Sync/Eclips Projects/Moding Minecraft 1.12.2/Application/_gsdata_/_recycled_db._gs
2018-04-04 00:19:19: Deleted old log file C:/Users/Senpai/AppData/Roaming/GoodSync/_mirrors_/gdrive-Wicky_Gustave-0AGIAX4LCOy-XUk9PVA@www.googleapis.com-Good Sync-Eclips Projects-Moding Minecraft 1.12.2-Application/2018-0328-001826-SENPAI_DESKTOP-Runner-Mod Sync.log
2018-04-04 00:19:19: Deleted old log file C:/Users/Senpai/AppData/Roaming/GoodSync/_mirrors_/gdrive-Wicky_Gustave-0AGIAX4LCOy-XUk9PVA@www.googleapis.com-Good Sync-Eclips Projects-Moding Minecraft 1.12.2-Application/2018-0328-001857-SENPAI_DESKTOP-Runner-Mod Sync.log
2018-04-04 00:19:19: Cleanup old logs in gdrive://www.googleapis.com/Good Sync/Eclips Projects/Moding Minecraft 1.12.2/Application/_gsdata_
2018-04-04 00:19:19: Delete log file gdrive://www.googleapis.com/Good Sync/Eclips Projects/Moding Minecraft 1.12.2/Application/_gsdata_/2018-0328-001826-SENPAI_DESKTOP-Runner-Mod Sync.log
2018-04-04 00:19:19: Change detected [1]: t=Modified path=/main/java/com/senpai/objects/blocks/BlockCanvas.java
2018-04-04 00:19:20: Change detected [1]: t=Created path=/main/java/com/senpai/objects/blocks/BlockCanvas.java
2018-04-04 00:19:20: Change detected [1]: t=MovedFrom path=/main/java/com/senpai/objects/blocks/BlockCanvas.java
2018-04-04 00:19:20: Delete log file gdrive://www.googleapis.com/Good Sync/Eclips Projects/Moding Minecraft 1.12.2/Application/_gsdata_/2018-0328-001857-SENPAI_DESKTOP-Runner-Mod Sync.log
2018-04-04 00:19:21: == Sync Complete. Time: 00:00:09, Speed: 1.85 KB/s, OK: 1, Errors: 0
2018-04-04 00:19:21: Unlocking folder S:/Documents/MinecraftModding/xcraftmod/src/_gsdata_/lock.gsl
2018-04-04 00:19:21: Unlocking folder gdrive://www.googleapis.com/Good Sync/Eclips Projects/Moding Minecraft 1.12.2/Application/_gsdata_/lock.gsl
2018-04-04 00:19:22: 
