2018-04-03 23:47:41: Connected to S:\Documents\MinecraftModding\xcraftmod\src: S: NTFS: type=NTFS vol=Data Storage flags=3E706FF
2018-04-03 23:47:41: Connected to gdrive://www.googleapis.com/Good Sync/Eclips Projects/Moding Minecraft 1.12.2/Application
2018-04-03 23:47:42: Incremental Analyze for On File Change
2018-04-03 23:47:42: -- Analysis Started by On File Change, After Delay, Under Runner
2018-04-03 23:47:42: Mod Sync: ANALYSIS started by On File Change, After Delay, Under Runner on 'SENPAI_DESKTOP' (GoodSync 10.8.1.1)
2018-04-03 23:47:42: =Data Storage:\Documents\MinecraftModding\xcraftmod\src (S:/Documents/MinecraftModding/xcraftmod/src) [TmpDest] <-> gdrive://www.googleapis.com/Good Sync/Eclips Projects/Moding Minecraft 1.12.2/Application [DirDest], RecycleTo_RecycleBin, SaveDays_RecycleBin=30d, ReconnectSecs=120, SyncWorkerThreads=99, OnFileChange Delay=5, Unattended, WaitForLocksMin=20, ResolveConflicts=NewerFileWins, AutoClear, LinksIgnore
2018-04-03 23:47:42: Exclude Hidden, Exclude System, Exclude name *._gstmp|/System Volume Information|Thumbs.db|.DS_Store 
2018-04-03 23:47:42: Locking folder S:/Documents/MinecraftModding/xcraftmod/src for write
2018-04-03 23:47:42: Change Analyzed: S:/Documents/MinecraftModding/xcraftmod/src/main/java/com/senpai/config/ConfigGuiFactory.java
2018-04-03 23:47:42: Change Analyzed: S:/Documents/MinecraftModding/xcraftmod/src/main/java/com/senpai/config/ConfigGuiFactory.java
2018-04-03 23:47:42: Locking folder gdrive://www.googleapis.com/Good Sync/Eclips Projects/Moding Minecraft 1.12.2/Application for write
2018-04-03 23:47:43: Change Analyzed: gdrive://www.googleapis.com/Good Sync/Eclips Projects/Moding Minecraft 1.12.2/Application/main/java/com/senpai/config/ConfigGuiFactory.java
2018-04-03 23:47:44: Change Analyzed: gdrive://www.googleapis.com/Good Sync/Eclips Projects/Moding Minecraft 1.12.2/Application/main/java/com/senpai/config/ConfigGuiFactory.java
2018-04-03 23:47:44: Change Analyzed: gdrive://www.googleapis.com/Good Sync/Eclips Projects/Moding Minecraft 1.12.2/Application/main/java/com/senpai/config/ConfigGuiFactory.java
2018-04-03 23:47:44: On disk file:///S: space required for sync is 0 bytes, you have 1.25 TB
2018-04-03 23:47:44: On disk gdrive://www.googleapis.com space required for sync is 4.00 KB, you have 12.4 GB
2018-04-03 23:47:44: Changes: 1, Conflicts: 0, CopyTime: 0, FixState: 0, Errors: 0, All: 22140
2018-04-03 23:47:44: Left to Right: Copy File: 1 
2018-04-03 23:47:44: -- Analysis Complete. Time 00:00:04, Speed: 106 files/s
2018-04-03 23:47:44: == Sync Started by On File Change, After Delay, Under Runner
2018-04-03 23:47:44: Mod Sync: SYNC started by On File Change, After Delay, Under Runner on 'SENPAI_DESKTOP'
2018-04-03 23:47:44: =Data Storage:\Documents\MinecraftModding\xcraftmod\src (S:/Documents/MinecraftModding/xcraftmod/src) [TmpDest] <-> gdrive://www.googleapis.com/Good Sync/Eclips Projects/Moding Minecraft 1.12.2/Application [DirDest], RecycleTo_RecycleBin, SaveDays_RecycleBin=30d, ReconnectSecs=120, SyncWorkerThreads=99, OnFileChange Delay=5, Unattended, WaitForLocksMin=20, ResolveConflicts=NewerFileWins, AutoClear, LinksIgnore
2018-04-03 23:47:45: File Systems limited number of parallel threads to 20
2018-04-03 23:47:45: Start only 1 threads, limited by tasks to run
2018-04-03 23:47:47: Load Recycled DB: gdrive://www.googleapis.com/Good Sync/Eclips Projects/Moding Minecraft 1.12.2/Application/_gsdata_/_recycled_db._gs
2018-04-03 23:47:48: Copy Over 'S:/Documents/MinecraftModding/xcraftmod/src/main/java/com/senpai/config/ConfigGuiFactory.java' -> 'gdrive://www.googleapis.com/Good Sync/Eclips Projects/Moding Minecraft 1.12.2/Application/main/java/com/senpai/config/ConfigGuiFactory.java' (3660)
2018-04-03 23:47:48: Save State File S:/Documents/MinecraftModding/xcraftmod/src/_gsdata_/_file_state_v4._gs
2018-04-03 23:47:50: Save State File gdrive://www.googleapis.com/Good Sync/Eclips Projects/Moding Minecraft 1.12.2/Application/_gsdata_/_file_state_v4._gs
2018-04-03 23:47:50: Cleanup recycled files in S:/Documents/MinecraftModding/xcraftmod/src/_gsdata_/_saved_
2018-04-03 23:47:50: Load Recycled DB: S:/Documents/MinecraftModding/xcraftmod/src/_gsdata_/_recycled_db._gs
2018-04-03 23:47:50: Cleanup old logs in S:/Documents/MinecraftModding/xcraftmod/src/_gsdata_
2018-04-03 23:47:50: Cleanup recycled files in gdrive://www.googleapis.com/Good Sync/Eclips Projects/Moding Minecraft 1.12.2/Application/_gsdata_/_saved_
2018-04-03 23:47:51: Save Recycled DB: gdrive://www.googleapis.com/Good Sync/Eclips Projects/Moding Minecraft 1.12.2/Application/_gsdata_/_recycled_db._gs
2018-04-03 23:47:51: Cleanup old logs in gdrive://www.googleapis.com/Good Sync/Eclips Projects/Moding Minecraft 1.12.2/Application/_gsdata_
2018-04-03 23:47:51: Change detected [1]: t=Modified path=/main/java/com/senpai/config/ConfigGuiFactory.java
2018-04-03 23:47:51: Change detected [1]: t=Created path=/main/java/com/senpai/config/ConfigGuiFactory.java
2018-04-03 23:47:51: Change detected [1]: t=MovedFrom path=/main/java/com/senpai/config/ConfigGuiFactory.java
2018-04-03 23:47:51: Change detected [0]: t=Modified path=/main/java/com/senpai/tileEntity/TileEntityBlockBreaker.java
2018-04-03 23:47:51: Change detected [0]: t=Modified path=/main/java/com/senpai/tileEntity/TileEntityBlockBreaker.java
2018-04-03 23:47:52: == Sync Complete. Time: 00:00:08, Speed: 1.33 KB/s, OK: 1, Errors: 0
2018-04-03 23:47:52: Unlocking folder S:/Documents/MinecraftModding/xcraftmod/src/_gsdata_/lock.gsl
2018-04-03 23:47:52: Unlocking folder gdrive://www.googleapis.com/Good Sync/Eclips Projects/Moding Minecraft 1.12.2/Application/_gsdata_/lock.gsl
2018-04-03 23:47:57: 
