2018-04-04 00:23:03: Connected to S:\Documents\MinecraftModding\xcraftmod\src: S: NTFS: type=NTFS vol=Data Storage flags=3E706FF
2018-04-04 00:23:03: Connected to gdrive://www.googleapis.com/Good Sync/Eclips Projects/Moding Minecraft 1.12.2/Application
2018-04-04 00:23:03: Incremental Analyze for On File Change
2018-04-04 00:23:03: -- Analysis Started by On File Change, After Delay, Under Runner
2018-04-04 00:23:03: Mod Sync: ANALYSIS started by On File Change, After Delay, Under Runner on 'SENPAI_DESKTOP' (GoodSync 10.8.1.1)
2018-04-04 00:23:03: =Data Storage:\Documents\MinecraftModding\xcraftmod\src (S:/Documents/MinecraftModding/xcraftmod/src) [TmpDest] <-> gdrive://www.googleapis.com/Good Sync/Eclips Projects/Moding Minecraft 1.12.2/Application [DirDest], RecycleTo_RecycleBin, SaveDays_RecycleBin=30d, ReconnectSecs=120, SyncWorkerThreads=99, OnFileChange Delay=5, Unattended, WaitForLocksMin=20, ResolveConflicts=NewerFileWins, AutoClear, LinksIgnore
2018-04-04 00:23:03: Exclude Hidden, Exclude System, Exclude name *._gstmp|/System Volume Information|Thumbs.db|.DS_Store 
2018-04-04 00:23:03: Locking folder S:/Documents/MinecraftModding/xcraftmod/src for write
2018-04-04 00:23:03: Change Analyzed: S:/Documents/MinecraftModding/xcraftmod/src/main/java/com/senpai/objects/blocks/BlockTinBlock.java
2018-04-04 00:23:03: Change Analyzed: S:/Documents/MinecraftModding/xcraftmod/src/main/java/com/senpai/objects/blocks/BlockTinBlock.java
2018-04-04 00:23:03: Locking folder gdrive://www.googleapis.com/Good Sync/Eclips Projects/Moding Minecraft 1.12.2/Application for write
2018-04-04 00:23:05: On disk file:///S: space required for sync is 0 bytes, you have 1.25 TB
2018-04-04 00:23:05: On disk gdrive://www.googleapis.com space required for sync is 1.00 KB, you have 12.4 GB
2018-04-04 00:23:06: Changes: 1, Conflicts: 0, CopyTime: 0, FixState: 0, Errors: 0, All: 22149
2018-04-04 00:23:06: Left to Right: Copy File: 1 
2018-04-04 00:23:06: -- Analysis Complete. Time 00:00:03, Speed: 141 files/s
2018-04-04 00:23:06: == Sync Started by On File Change, After Delay, Under Runner
2018-04-04 00:23:06: Mod Sync: SYNC started by On File Change, After Delay, Under Runner on 'SENPAI_DESKTOP'
2018-04-04 00:23:06: =Data Storage:\Documents\MinecraftModding\xcraftmod\src (S:/Documents/MinecraftModding/xcraftmod/src) [TmpDest] <-> gdrive://www.googleapis.com/Good Sync/Eclips Projects/Moding Minecraft 1.12.2/Application [DirDest], RecycleTo_RecycleBin, SaveDays_RecycleBin=30d, ReconnectSecs=120, SyncWorkerThreads=99, OnFileChange Delay=5, Unattended, WaitForLocksMin=20, ResolveConflicts=NewerFileWins, AutoClear, LinksIgnore
2018-04-04 00:23:06: File Systems limited number of parallel threads to 20
2018-04-04 00:23:06: Start only 1 threads, limited by tasks to run
2018-04-04 00:23:08: Load Recycled DB: gdrive://www.googleapis.com/Good Sync/Eclips Projects/Moding Minecraft 1.12.2/Application/_gsdata_/_recycled_db._gs
2018-04-04 00:23:11: Copy Over 'S:/Documents/MinecraftModding/xcraftmod/src/main/java/com/senpai/objects/blocks/BlockTinBlock.java' -> 'gdrive://www.googleapis.com/Good Sync/Eclips Projects/Moding Minecraft 1.12.2/Application/main/java/com/senpai/objects/blocks/BlockTinBlock.java' (678)
2018-04-04 00:23:11: Save State File S:/Documents/MinecraftModding/xcraftmod/src/_gsdata_/_file_state_v4._gs
2018-04-04 00:23:13: Change detected [1]: t=Modified path=/main/java/com/senpai/objects/blocks/BlockTinBlock.java
2018-04-04 00:23:14: Change detected [1]: t=Created path=/main/java/com/senpai/objects/blocks/BlockTinBlock.java
2018-04-04 00:23:14: Change detected [1]: t=MovedFrom path=/main/java/com/senpai/objects/blocks/BlockTinBlock.java
2018-04-04 00:23:15: Save State File gdrive://www.googleapis.com/Good Sync/Eclips Projects/Moding Minecraft 1.12.2/Application/_gsdata_/_file_state_v4._gs
2018-04-04 00:23:15: Cleanup recycled files in S:/Documents/MinecraftModding/xcraftmod/src/_gsdata_/_saved_
2018-04-04 00:23:15: Load Recycled DB: S:/Documents/MinecraftModding/xcraftmod/src/_gsdata_/_recycled_db._gs
2018-04-04 00:23:15: Cleanup old logs in S:/Documents/MinecraftModding/xcraftmod/src/_gsdata_
2018-04-04 00:23:15: Cleanup recycled files in gdrive://www.googleapis.com/Good Sync/Eclips Projects/Moding Minecraft 1.12.2/Application/_gsdata_/_saved_
2018-04-04 00:23:16: Save Recycled DB: gdrive://www.googleapis.com/Good Sync/Eclips Projects/Moding Minecraft 1.12.2/Application/_gsdata_/_recycled_db._gs
2018-04-04 00:23:16: Cleanup old logs in gdrive://www.googleapis.com/Good Sync/Eclips Projects/Moding Minecraft 1.12.2/Application/_gsdata_
2018-04-04 00:23:16: == Sync Complete. Time: 00:00:10, Speed: 504 bytes/s, OK: 1, Errors: 0
2018-04-04 00:23:16: Unlocking folder S:/Documents/MinecraftModding/xcraftmod/src/_gsdata_/lock.gsl
2018-04-04 00:23:16: Unlocking folder gdrive://www.googleapis.com/Good Sync/Eclips Projects/Moding Minecraft 1.12.2/Application/_gsdata_/lock.gsl
2018-04-04 00:23:17: 
