2018-04-02 17:22:11: Connected to S:\Documents\MinecraftModding\xcraftmod\src: S: NTFS: type=NTFS vol=Data Storage flags=3E706FF
2018-04-02 17:22:11: Connected to gdrive://www.googleapis.com/Good Sync/Eclips Projects/Moding Minecraft 1.12.2/Application
2018-04-02 17:22:11: Incremental Analyze for On File Change
2018-04-02 17:22:11: -- Analysis Started by On File Change, After Delay, Under Runner
2018-04-02 17:22:11: Mod Sync: ANALYSIS started by On File Change, After Delay, Under Runner on 'SENPAI_DESKTOP' (GoodSync 10.8.1.1)
2018-04-02 17:22:11: =Data Storage:\Documents\MinecraftModding\xcraftmod\src (S:/Documents/MinecraftModding/xcraftmod/src) [TmpDest] <-> gdrive://www.googleapis.com/Good Sync/Eclips Projects/Moding Minecraft 1.12.2/Application [DirDest], RecycleTo_RecycleBin, SaveDays_RecycleBin=30d, ReconnectSecs=120, SyncWorkerThreads=99, OnFileChange Delay=5, Unattended, WaitForLocksMin=20, ResolveConflicts=NewerFileWins, AutoClear, LinksIgnore
2018-04-02 17:22:11: Exclude Hidden, Exclude System, Exclude name *._gstmp|/System Volume Information|Thumbs.db|.DS_Store 
2018-04-02 17:22:11: Locking folder S:/Documents/MinecraftModding/xcraftmod/src for write
2018-04-02 17:22:11: Change Analyzed: S:/Documents/MinecraftModding/xcraftmod/src/main/java/com/senpai/objects/blocks/machines/engineering/BlockPipe.java
2018-04-02 17:22:11: Change Analyzed: S:/Documents/MinecraftModding/xcraftmod/src/main/java/com/senpai/objects/blocks/machines/engineering/BlockPipe.java
2018-04-02 17:22:11: Change Analyzed: S:/Documents/MinecraftModding/xcraftmod/src/main/java/com/senpai/proxy/ClientProxy.java
2018-04-02 17:22:11: Change Analyzed: S:/Documents/MinecraftModding/xcraftmod/src/main/java/com/senpai/proxy/ClientProxy.java
2018-04-02 17:22:11: Change Analyzed: S:/Documents/MinecraftModding/xcraftmod/src/main/java/com/senpai/util/handlers/TileEntityHandler.java
2018-04-02 17:22:11: Change Analyzed: S:/Documents/MinecraftModding/xcraftmod/src/main/java/com/senpai/util/handlers/TileEntityHandler.java
2018-04-02 17:22:11: Change Analyzed: S:/Documents/MinecraftModding/xcraftmod/src/main/java/com/senpai/tileEntity/render/rendererPipe.java
2018-04-02 17:22:11: Change Analyzed: S:/Documents/MinecraftModding/xcraftmod/src/main/java/com/senpai/tileEntity/render/rendererPipe.java
2018-04-02 17:22:11: Change Analyzed: S:/Documents/MinecraftModding/xcraftmod/src/main/java/com/senpai/util/tileEntities/pipe/TileEntityPipe.java
2018-04-02 17:22:11: Change Analyzed: S:/Documents/MinecraftModding/xcraftmod/src/main/java/com/senpai/tileEntity/TileEntityPipe.java
2018-04-02 17:22:11: Change Analyzed: S:/Documents/MinecraftModding/xcraftmod/src/main/java/com/senpai/tileEntity/TileEntityPipe.java
2018-04-02 17:22:11: Change Analyzed: S:/Documents/MinecraftModding/xcraftmod/src/main/java/com/senpai/tileEntity/TileEntityPipe.java
2018-04-02 17:22:11: Change Analyzed: S:/Documents/MinecraftModding/xcraftmod/src/main/java/com/senpai/util/tileEntities/pipe
2018-04-02 17:22:11: Locking folder gdrive://www.googleapis.com/Good Sync/Eclips Projects/Moding Minecraft 1.12.2/Application for write
2018-04-02 17:22:13: Change Analyzed: gdrive://www.googleapis.com/Good Sync/Eclips Projects/Moding Minecraft 1.12.2/Application/main/java/com/senpai/util/container
2018-04-02 17:22:14: On disk file:///S: space required for sync is 0 bytes, you have 1.25 TB
2018-04-02 17:22:14: On disk gdrive://www.googleapis.com space required for sync is 28.0 KB, you have 12.4 GB
2018-04-02 17:22:14: Changes: 7, Conflicts: 0, CopyTime: 0, FixState: 0, Errors: 0, All: 21958
2018-04-02 17:22:14: Left to Right: Copy File: 5 Delete File: 2 
2018-04-02 17:22:14: -- Analysis Complete. Time 00:00:04, Speed: 75 files/s
2018-04-02 17:22:14: == Sync Started by On File Change, After Delay, Under Runner
2018-04-02 17:22:14: Mod Sync: SYNC started by On File Change, After Delay, Under Runner on 'SENPAI_DESKTOP'
2018-04-02 17:22:14: =Data Storage:\Documents\MinecraftModding\xcraftmod\src (S:/Documents/MinecraftModding/xcraftmod/src) [TmpDest] <-> gdrive://www.googleapis.com/Good Sync/Eclips Projects/Moding Minecraft 1.12.2/Application [DirDest], RecycleTo_RecycleBin, SaveDays_RecycleBin=30d, ReconnectSecs=120, SyncWorkerThreads=99, OnFileChange Delay=5, Unattended, WaitForLocksMin=20, ResolveConflicts=NewerFileWins, AutoClear, LinksIgnore
2018-04-02 17:22:16: Load Recycled DB: gdrive://www.googleapis.com/Good Sync/Eclips Projects/Moding Minecraft 1.12.2/Application/_gsdata_/_recycled_db._gs
2018-04-02 17:22:16: Delete File 'gdrive://www.googleapis.com/Good Sync/Eclips Projects/Moding Minecraft 1.12.2/Application/main/java/com/senpai/util/tileEntities/pipe/TileEntityPipe.java'
2018-04-02 17:22:16: Delete Folder 'gdrive://www.googleapis.com/Good Sync/Eclips Projects/Moding Minecraft 1.12.2/Application/main/java/com/senpai/util/tileEntities/pipe'
2018-04-02 17:22:16: File Systems limited number of parallel threads to 20
2018-04-02 17:22:16: Start only 5 threads, limited by tasks to run
2018-04-02 17:22:20: Copy Over 'S:/Documents/MinecraftModding/xcraftmod/src/main/java/com/senpai/proxy/ClientProxy.java' -> 'gdrive://www.googleapis.com/Good Sync/Eclips Projects/Moding Minecraft 1.12.2/Application/main/java/com/senpai/proxy/ClientProxy.java' (1160)
2018-04-02 17:22:21: Copy Over 'S:/Documents/MinecraftModding/xcraftmod/src/main/java/com/senpai/objects/blocks/machines/engineering/BlockPipe.java' -> 'gdrive://www.googleapis.com/Good Sync/Eclips Projects/Moding Minecraft 1.12.2/Application/main/java/com/senpai/objects/blocks/machines/engineering/BlockPipe.java' (19788)
2018-04-02 17:22:21: Change detected [1]: t=Modified path=/main/java/com/senpai/objects/blocks/machines/engineering/BlockPipe.java
2018-04-02 17:22:21: Change detected [1]: t=Created path=/main/java/com/senpai/tileEntity/TileEntityPipe.java
2018-04-02 17:22:21: Change detected [1]: t=Modified path=/main/java/com/senpai/proxy/ClientProxy.java
2018-04-02 17:22:22: Change detected [1]: t=Created path=/main/java/com/senpai/objects/blocks/machines/engineering/BlockPipe.java
2018-04-02 17:22:22: Change detected [1]: t=Created path=/main/java/com/senpai/proxy/ClientProxy.java
2018-04-02 17:22:22: Change detected [1]: t=MovedFrom path=/main/java/com/senpai/tileEntity/render/rendererPipe.java
2018-04-02 17:22:22: Change detected [1]: t=MovedFrom path=/main/java/com/senpai/objects/blocks/machines/engineering/BlockPipe.java
2018-04-02 17:22:22: Change detected [1]: t=MovedFrom path=/main/java/com/senpai/proxy/ClientProxy.java
2018-04-02 17:22:22: Change detected [1]: t=Deleted path=/main/java/com/senpai/util/tileEntities/pipe
2018-04-02 17:22:22: Change detected [1]: t=MovedFrom path=/main/java/com/senpai/util/tileEntities/pipe/TileEntityPipe.java
2018-04-02 17:22:23: Copy New 'S:/Documents/MinecraftModding/xcraftmod/src/main/java/com/senpai/tileEntity/TileEntityPipe.java' -> 'gdrive://www.googleapis.com/Good Sync/Eclips Projects/Moding Minecraft 1.12.2/Application/main/java/com/senpai/tileEntity/TileEntityPipe.java' (2328)
2018-04-02 17:22:25: Copy Over 'S:/Documents/MinecraftModding/xcraftmod/src/main/java/com/senpai/tileEntity/render/rendererPipe.java' -> 'gdrive://www.googleapis.com/Good Sync/Eclips Projects/Moding Minecraft 1.12.2/Application/main/java/com/senpai/tileEntity/render/rendererPipe.java' (1319)
2018-04-02 17:22:26: Copy Over 'S:/Documents/MinecraftModding/xcraftmod/src/main/java/com/senpai/util/handlers/TileEntityHandler.java' -> 'gdrive://www.googleapis.com/Good Sync/Eclips Projects/Moding Minecraft 1.12.2/Application/main/java/com/senpai/util/handlers/TileEntityHandler.java' (368)
2018-04-02 17:22:26: Save State File S:/Documents/MinecraftModding/xcraftmod/src/_gsdata_/_file_state_v4._gs
2018-04-02 17:22:27: Save State File gdrive://www.googleapis.com/Good Sync/Eclips Projects/Moding Minecraft 1.12.2/Application/_gsdata_/_file_state_v4._gs
2018-04-02 17:22:27: Cleanup recycled files in S:/Documents/MinecraftModding/xcraftmod/src/_gsdata_/_saved_
2018-04-02 17:22:27: Load Recycled DB: S:/Documents/MinecraftModding/xcraftmod/src/_gsdata_/_recycled_db._gs
2018-04-02 17:22:27: Cleanup old logs in S:/Documents/MinecraftModding/xcraftmod/src/_gsdata_
2018-04-02 17:22:27: Cleanup recycled files in gdrive://www.googleapis.com/Good Sync/Eclips Projects/Moding Minecraft 1.12.2/Application/_gsdata_/_saved_
2018-04-02 17:22:28: Save Recycled DB: gdrive://www.googleapis.com/Good Sync/Eclips Projects/Moding Minecraft 1.12.2/Application/_gsdata_/_recycled_db._gs
2018-04-02 17:22:28: Cleanup old logs in gdrive://www.googleapis.com/Good Sync/Eclips Projects/Moding Minecraft 1.12.2/Application/_gsdata_
2018-04-02 17:22:29: == Sync Complete. Time: 00:00:15, Speed: 5.12 KB/s, OK: 7, Errors: 0
2018-04-02 17:22:29: Unlocking folder S:/Documents/MinecraftModding/xcraftmod/src/_gsdata_/lock.gsl
2018-04-02 17:22:29: Unlocking folder gdrive://www.googleapis.com/Good Sync/Eclips Projects/Moding Minecraft 1.12.2/Application/_gsdata_/lock.gsl
2018-04-02 17:22:30: 
