2018-04-03 14:06:33: Connected to S:\Documents\MinecraftModding\xcraftmod\src: S: NTFS: type=NTFS vol=Data Storage flags=3E706FF
2018-04-03 14:06:33: Connected to gdrive://www.googleapis.com/Good Sync/Eclips Projects/Moding Minecraft 1.12.2/Application
2018-04-03 14:06:33: Incremental Analyze for On File Change
2018-04-03 14:06:33: -- Analysis Started by On File Change, After Delay, Under Runner
2018-04-03 14:06:33: Mod Sync: ANALYSIS started by On File Change, After Delay, Under Runner on 'SENPAI_DESKTOP' (GoodSync 10.8.1.1)
2018-04-03 14:06:33: =Data Storage:\Documents\MinecraftModding\xcraftmod\src (S:/Documents/MinecraftModding/xcraftmod/src) [TmpDest] <-> gdrive://www.googleapis.com/Good Sync/Eclips Projects/Moding Minecraft 1.12.2/Application [DirDest], RecycleTo_RecycleBin, SaveDays_RecycleBin=30d, ReconnectSecs=120, SyncWorkerThreads=99, OnFileChange Delay=5, Unattended, WaitForLocksMin=20, ResolveConflicts=NewerFileWins, AutoClear, LinksIgnore
2018-04-03 14:06:33: Exclude Hidden, Exclude System, Exclude name *._gstmp|/System Volume Information|Thumbs.db|.DS_Store 
2018-04-03 14:06:33: Locking folder S:/Documents/MinecraftModding/xcraftmod/src for write
2018-04-03 14:06:33: Change Analyzed: S:/Documents/MinecraftModding/xcraftmod/src/main/resources/assets/sxm/models/block/block_beacon.json
2018-04-03 14:06:33: Change Analyzed: S:/Documents/MinecraftModding/xcraftmod/src/main/resources/assets/sxm/models/block/block_beacon.json
2018-04-03 14:06:33: Change Analyzed: S:/Documents/MinecraftModding/xcraftmod/src/main/resources/assets/sxm/models/block/block_beacon.json
2018-04-03 14:06:33: Locking folder gdrive://www.googleapis.com/Good Sync/Eclips Projects/Moding Minecraft 1.12.2/Application for write
2018-04-03 14:06:36: On disk file:///S: space required for sync is 0 bytes, you have 1.25 TB
2018-04-03 14:06:36: On disk gdrive://www.googleapis.com space required for sync is 18.0 KB, you have 12.4 GB
2018-04-03 14:06:36: Changes: 1, Conflicts: 0, CopyTime: 0, FixState: 0, Errors: 0, All: 22069
2018-04-03 14:06:36: Left to Right: Copy File: 1 
2018-04-03 14:06:36: -- Analysis Complete. Time 00:00:04, Speed: 96 files/s
2018-04-03 14:06:36: == Sync Started by On File Change, After Delay, Under Runner
2018-04-03 14:06:36: Mod Sync: SYNC started by On File Change, After Delay, Under Runner on 'SENPAI_DESKTOP'
2018-04-03 14:06:36: =Data Storage:\Documents\MinecraftModding\xcraftmod\src (S:/Documents/MinecraftModding/xcraftmod/src) [TmpDest] <-> gdrive://www.googleapis.com/Good Sync/Eclips Projects/Moding Minecraft 1.12.2/Application [DirDest], RecycleTo_RecycleBin, SaveDays_RecycleBin=30d, ReconnectSecs=120, SyncWorkerThreads=99, OnFileChange Delay=5, Unattended, WaitForLocksMin=20, ResolveConflicts=NewerFileWins, AutoClear, LinksIgnore
2018-04-03 14:06:36: File Systems limited number of parallel threads to 20
2018-04-03 14:06:36: Start only 1 threads, limited by tasks to run
2018-04-03 14:06:39: Load Recycled DB: gdrive://www.googleapis.com/Good Sync/Eclips Projects/Moding Minecraft 1.12.2/Application/_gsdata_/_recycled_db._gs
2018-04-03 14:06:42: Copy Over 'S:/Documents/MinecraftModding/xcraftmod/src/main/resources/assets/sxm/models/block/block_beacon.json' -> 'gdrive://www.googleapis.com/Good Sync/Eclips Projects/Moding Minecraft 1.12.2/Application/main/resources/assets/sxm/models/block/block_beacon.json' (17951)
2018-04-03 14:06:42: Change detected [1]: t=Modified path=/main/resources/assets/sxm/models/block/block_beacon.json
2018-04-03 14:06:42: Change detected [1]: t=Created path=/main/resources/assets/sxm/models/block/block_beacon.json
2018-04-03 14:06:42: Save State File S:/Documents/MinecraftModding/xcraftmod/src/_gsdata_/_file_state_v4._gs
2018-04-03 14:06:42: Change detected [1]: t=MovedFrom path=/main/resources/assets/sxm/models/block/block_beacon.json
2018-04-03 14:06:43: Save State File gdrive://www.googleapis.com/Good Sync/Eclips Projects/Moding Minecraft 1.12.2/Application/_gsdata_/_file_state_v4._gs
2018-04-03 14:06:44: Cleanup recycled files in S:/Documents/MinecraftModding/xcraftmod/src/_gsdata_/_saved_
2018-04-03 14:06:44: Load Recycled DB: S:/Documents/MinecraftModding/xcraftmod/src/_gsdata_/_recycled_db._gs
2018-04-03 14:06:44: Deleted old log file C:/Users/Senpai/AppData/Roaming/GoodSync/_mirrors_/file-=Data Storage-Documents-MinecraftModding-xcraftmod-src/2018-0327-131358-SENPAI_DESKTOP-Runner-Mod Sync.log
2018-04-03 14:06:44: Deleted old log file C:/Users/Senpai/AppData/Roaming/GoodSync/_mirrors_/file-=Data Storage-Documents-MinecraftModding-xcraftmod-src/2018-0327-131419-SENPAI_DESKTOP-Runner-Mod Sync.log
2018-04-03 14:06:44: Deleted old log file C:/Users/Senpai/AppData/Roaming/GoodSync/_mirrors_/file-=Data Storage-Documents-MinecraftModding-xcraftmod-src/2018-0327-131440-SENPAI_DESKTOP-Runner-Mod Sync.log
2018-04-03 14:06:44: Deleted old log file C:/Users/Senpai/AppData/Roaming/GoodSync/_mirrors_/file-=Data Storage-Documents-MinecraftModding-xcraftmod-src/2018-0327-131540-SENPAI_DESKTOP-Runner-Mod Sync.log
2018-04-03 14:06:44: Deleted old log file C:/Users/Senpai/AppData/Roaming/GoodSync/_mirrors_/file-=Data Storage-Documents-MinecraftModding-xcraftmod-src/2018-0327-131601-SENPAI_DESKTOP-Runner-Mod Sync.log
2018-04-03 14:06:44: Deleted old log file C:/Users/Senpai/AppData/Roaming/GoodSync/_mirrors_/file-=Data Storage-Documents-MinecraftModding-xcraftmod-src/2018-0327-131737-SENPAI_DESKTOP-Runner-Mod Sync.log
2018-04-03 14:06:44: Deleted old log file C:/Users/Senpai/AppData/Roaming/GoodSync/_mirrors_/file-=Data Storage-Documents-MinecraftModding-xcraftmod-src/2018-0327-131758-SENPAI_DESKTOP-Runner-Mod Sync.log
2018-04-03 14:06:44: Deleted old log file C:/Users/Senpai/AppData/Roaming/GoodSync/_mirrors_/file-=Data Storage-Documents-MinecraftModding-xcraftmod-src/2018-0327-131837-SENPAI_DESKTOP-Runner-Mod Sync.log
2018-04-03 14:06:44: Deleted old log file C:/Users/Senpai/AppData/Roaming/GoodSync/_mirrors_/file-=Data Storage-Documents-MinecraftModding-xcraftmod-src/2018-0327-131858-SENPAI_DESKTOP-Runner-Mod Sync.log
2018-04-03 14:06:44: Deleted old log file C:/Users/Senpai/AppData/Roaming/GoodSync/_mirrors_/file-=Data Storage-Documents-MinecraftModding-xcraftmod-src/2018-0327-131922-SENPAI_DESKTOP-Runner-Mod Sync.log
2018-04-03 14:06:44: Deleted old log file C:/Users/Senpai/AppData/Roaming/GoodSync/_mirrors_/file-=Data Storage-Documents-MinecraftModding-xcraftmod-src/2018-0327-131946-SENPAI_DESKTOP-Runner-Mod Sync.log
2018-04-03 14:06:44: Deleted old log file C:/Users/Senpai/AppData/Roaming/GoodSync/_mirrors_/file-=Data Storage-Documents-MinecraftModding-xcraftmod-src/2018-0327-131958-SENPAI_DESKTOP-Runner-Mod Sync.log
2018-04-03 14:06:44: Deleted old log file C:/Users/Senpai/AppData/Roaming/GoodSync/_mirrors_/file-=Data Storage-Documents-MinecraftModding-xcraftmod-src/2018-0327-132019-SENPAI_DESKTOP-Runner-Mod Sync.log
2018-04-03 14:06:44: Deleted old log file C:/Users/Senpai/AppData/Roaming/GoodSync/_mirrors_/file-=Data Storage-Documents-MinecraftModding-xcraftmod-src/2018-0327-132037-SENPAI_DESKTOP-Runner-Mod Sync.log
2018-04-03 14:06:44: Deleted old log file C:/Users/Senpai/AppData/Roaming/GoodSync/_mirrors_/file-=Data Storage-Documents-MinecraftModding-xcraftmod-src/2018-0327-132101-SENPAI_DESKTOP-Runner-Mod Sync.log
2018-04-03 14:06:44: Deleted old log file C:/Users/Senpai/AppData/Roaming/GoodSync/_mirrors_/file-=Data Storage-Documents-MinecraftModding-xcraftmod-src/2018-0327-132116-SENPAI_DESKTOP-Runner-Mod Sync.log
2018-04-03 14:06:44: Deleted old log file C:/Users/Senpai/AppData/Roaming/GoodSync/_mirrors_/file-=Data Storage-Documents-MinecraftModding-xcraftmod-src/2018-0327-132137-SENPAI_DESKTOP-Runner-Mod Sync.log
2018-04-03 14:06:44: Deleted old log file C:/Users/Senpai/AppData/Roaming/GoodSync/_mirrors_/file-=Data Storage-Documents-MinecraftModding-xcraftmod-src/2018-0327-132152-SENPAI_DESKTOP-Runner-Mod Sync.log
2018-04-03 14:06:44: Deleted old log file C:/Users/Senpai/AppData/Roaming/GoodSync/_mirrors_/file-=Data Storage-Documents-MinecraftModding-xcraftmod-src/2018-0327-132213-SENPAI_DESKTOP-Runner-Mod Sync.log
2018-04-03 14:06:44: Deleted old log file C:/Users/Senpai/AppData/Roaming/GoodSync/_mirrors_/file-=Data Storage-Documents-MinecraftModding-xcraftmod-src/2018-0327-132255-SENPAI_DESKTOP-Runner-Mod Sync.log
2018-04-03 14:06:44: Deleted old log file C:/Users/Senpai/AppData/Roaming/GoodSync/_mirrors_/file-=Data Storage-Documents-MinecraftModding-xcraftmod-src/2018-0327-132316-SENPAI_DESKTOP-Runner-Mod Sync.log
2018-04-03 14:06:44: Deleted old log file C:/Users/Senpai/AppData/Roaming/GoodSync/_mirrors_/file-=Data Storage-Documents-MinecraftModding-xcraftmod-src/2018-0327-132334-SENPAI_DESKTOP-Runner-Mod Sync.log
2018-04-03 14:06:44: Deleted old log file C:/Users/Senpai/AppData/Roaming/GoodSync/_mirrors_/file-=Data Storage-Documents-MinecraftModding-xcraftmod-src/2018-0327-132355-SENPAI_DESKTOP-Runner-Mod Sync.log
2018-04-03 14:06:44: Deleted old log file C:/Users/Senpai/AppData/Roaming/GoodSync/_mirrors_/file-=Data Storage-Documents-MinecraftModding-xcraftmod-src/2018-0327-132416-SENPAI_DESKTOP-Runner-Mod Sync.log
2018-04-03 14:06:44: Deleted old log file C:/Users/Senpai/AppData/Roaming/GoodSync/_mirrors_/file-=Data Storage-Documents-MinecraftModding-xcraftmod-src/2018-0327-132437-SENPAI_DESKTOP-Runner-Mod Sync.log
2018-04-03 14:06:44: Deleted old log file C:/Users/Senpai/AppData/Roaming/GoodSync/_mirrors_/file-=Data Storage-Documents-MinecraftModding-xcraftmod-src/2018-0327-132552-SENPAI_DESKTOP-Runner-Mod Sync.log
2018-04-03 14:06:44: Deleted old log file C:/Users/Senpai/AppData/Roaming/GoodSync/_mirrors_/file-=Data Storage-Documents-MinecraftModding-xcraftmod-src/2018-0327-132613-SENPAI_DESKTOP-Runner-Mod Sync.log
2018-04-03 14:06:44: Deleted old log file C:/Users/Senpai/AppData/Roaming/GoodSync/_mirrors_/file-=Data Storage-Documents-MinecraftModding-xcraftmod-src/2018-0327-132701-SENPAI_DESKTOP-Runner-Mod Sync.log
2018-04-03 14:06:44: Deleted old log file C:/Users/Senpai/AppData/Roaming/GoodSync/_mirrors_/file-=Data Storage-Documents-MinecraftModding-xcraftmod-src/2018-0327-132728-SENPAI_DESKTOP-Runner-Mod Sync.log
2018-04-03 14:06:44: Deleted old log file C:/Users/Senpai/AppData/Roaming/GoodSync/_mirrors_/file-=Data Storage-Documents-MinecraftModding-xcraftmod-src/2018-0327-132749-SENPAI_DESKTOP-Runner-Mod Sync.log
2018-04-03 14:06:44: Deleted old log file C:/Users/Senpai/AppData/Roaming/GoodSync/_mirrors_/file-=Data Storage-Documents-MinecraftModding-xcraftmod-src/2018-0327-132804-SENPAI_DESKTOP-Runner-Mod Sync.log
2018-04-03 14:06:44: Deleted old log file C:/Users/Senpai/AppData/Roaming/GoodSync/_mirrors_/file-=Data Storage-Documents-MinecraftModding-xcraftmod-src/2018-0327-132825-SENPAI_DESKTOP-Runner-Mod Sync.log
2018-04-03 14:06:44: Deleted old log file C:/Users/Senpai/AppData/Roaming/GoodSync/_mirrors_/file-=Data Storage-Documents-MinecraftModding-xcraftmod-src/2018-0327-132849-SENPAI_DESKTOP-Runner-Mod Sync.log
2018-04-03 14:06:44: Deleted old log file C:/Users/Senpai/AppData/Roaming/GoodSync/_mirrors_/file-=Data Storage-Documents-MinecraftModding-xcraftmod-src/2018-0327-132910-SENPAI_DESKTOP-Runner-Mod Sync.log
2018-04-03 14:06:44: Deleted old log file C:/Users/Senpai/AppData/Roaming/GoodSync/_mirrors_/file-=Data Storage-Documents-MinecraftModding-xcraftmod-src/2018-0327-132937-SENPAI_DESKTOP-Runner-Mod Sync.log
2018-04-03 14:06:44: Deleted old log file C:/Users/Senpai/AppData/Roaming/GoodSync/_mirrors_/file-=Data Storage-Documents-MinecraftModding-xcraftmod-src/2018-0327-133001-SENPAI_DESKTOP-Runner-Mod Sync.log
2018-04-03 14:06:44: Deleted old log file C:/Users/Senpai/AppData/Roaming/GoodSync/_mirrors_/file-=Data Storage-Documents-MinecraftModding-xcraftmod-src/2018-0327-133055-SENPAI_DESKTOP-Runner-Mod Sync.log
2018-04-03 14:06:44: Deleted old log file C:/Users/Senpai/AppData/Roaming/GoodSync/_mirrors_/file-=Data Storage-Documents-MinecraftModding-xcraftmod-src/2018-0327-133116-SENPAI_DESKTOP-Runner-Mod Sync.log
2018-04-03 14:06:44: Deleted old log file C:/Users/Senpai/AppData/Roaming/GoodSync/_mirrors_/file-=Data Storage-Documents-MinecraftModding-xcraftmod-src/2018-0327-133146-SENPAI_DESKTOP-Runner-Mod Sync.log
2018-04-03 14:06:44: Deleted old log file C:/Users/Senpai/AppData/Roaming/GoodSync/_mirrors_/file-=Data Storage-Documents-MinecraftModding-xcraftmod-src/2018-0327-133207-SENPAI_DESKTOP-Runner-Mod Sync.log
2018-04-03 14:06:44: Deleted old log file C:/Users/Senpai/AppData/Roaming/GoodSync/_mirrors_/file-=Data Storage-Documents-MinecraftModding-xcraftmod-src/2018-0327-133255-SENPAI_DESKTOP-Runner-Mod Sync.log
2018-04-03 14:06:44: Deleted old log file C:/Users/Senpai/AppData/Roaming/GoodSync/_mirrors_/file-=Data Storage-Documents-MinecraftModding-xcraftmod-src/2018-0327-133316-SENPAI_DESKTOP-Runner-Mod Sync.log
2018-04-03 14:06:44: Deleted old log file C:/Users/Senpai/AppData/Roaming/GoodSync/_mirrors_/file-=Data Storage-Documents-MinecraftModding-xcraftmod-src/2018-0327-133343-SENPAI_DESKTOP-Runner-Mod Sync.log
2018-04-03 14:06:44: Deleted old log file C:/Users/Senpai/AppData/Roaming/GoodSync/_mirrors_/file-=Data Storage-Documents-MinecraftModding-xcraftmod-src/2018-0327-133404-SENPAI_DESKTOP-Runner-Mod Sync.log
2018-04-03 14:06:44: Deleted old log file C:/Users/Senpai/AppData/Roaming/GoodSync/_mirrors_/file-=Data Storage-Documents-MinecraftModding-xcraftmod-src/2018-0327-133416-SENPAI_DESKTOP-Runner-Mod Sync.log
2018-04-03 14:06:44: Deleted old log file C:/Users/Senpai/AppData/Roaming/GoodSync/_mirrors_/file-=Data Storage-Documents-MinecraftModding-xcraftmod-src/2018-0327-133437-SENPAI_DESKTOP-Runner-Mod Sync.log
2018-04-03 14:06:44: Deleted old log file C:/Users/Senpai/AppData/Roaming/GoodSync/_mirrors_/file-=Data Storage-Documents-MinecraftModding-xcraftmod-src/2018-0327-133516-SENPAI_DESKTOP-Runner-Mod Sync.log
2018-04-03 14:06:44: Deleted old log file C:/Users/Senpai/AppData/Roaming/GoodSync/_mirrors_/file-=Data Storage-Documents-MinecraftModding-xcraftmod-src/2018-0327-133537-SENPAI_DESKTOP-Runner-Mod Sync.log
2018-04-03 14:06:44: Deleted old log file C:/Users/Senpai/AppData/Roaming/GoodSync/_mirrors_/file-=Data Storage-Documents-MinecraftModding-xcraftmod-src/2018-0327-133713-SENPAI_DESKTOP-Runner-Mod Sync.log
2018-04-03 14:06:44: Deleted old log file C:/Users/Senpai/AppData/Roaming/GoodSync/_mirrors_/file-=Data Storage-Documents-MinecraftModding-xcraftmod-src/2018-0327-133734-SENPAI_DESKTOP-Runner-Mod Sync.log
2018-04-03 14:06:44: Deleted old log file C:/Users/Senpai/AppData/Roaming/GoodSync/_mirrors_/file-=Data Storage-Documents-MinecraftModding-xcraftmod-src/2018-0327-133801-SENPAI_DESKTOP-Runner-Mod Sync.log
2018-04-03 14:06:44: Deleted old log file C:/Users/Senpai/AppData/Roaming/GoodSync/_mirrors_/file-=Data Storage-Documents-MinecraftModding-xcraftmod-src/2018-0327-133822-SENPAI_DESKTOP-Runner-Mod Sync.log
2018-04-03 14:06:44: Deleted old log file C:/Users/Senpai/AppData/Roaming/GoodSync/_mirrors_/file-=Data Storage-Documents-MinecraftModding-xcraftmod-src/2018-0327-134235-SENPAI_DESKTOP-Runner-Mod Sync.log
2018-04-03 14:06:44: Deleted old log file C:/Users/Senpai/AppData/Roaming/GoodSync/_mirrors_/file-=Data Storage-Documents-MinecraftModding-xcraftmod-src/2018-0327-134259-SENPAI_DESKTOP-Runner-Mod Sync.log
2018-04-03 14:06:44: Deleted old log file C:/Users/Senpai/AppData/Roaming/GoodSync/_mirrors_/file-=Data Storage-Documents-MinecraftModding-xcraftmod-src/2018-0327-134459-SENPAI_DESKTOP-Runner-Mod Sync.log
2018-04-03 14:06:44: Deleted old log file C:/Users/Senpai/AppData/Roaming/GoodSync/_mirrors_/file-=Data Storage-Documents-MinecraftModding-xcraftmod-src/2018-0327-134517-SENPAI_DESKTOP-Runner-Mod Sync.log
2018-04-03 14:06:44: Deleted old log file C:/Users/Senpai/AppData/Roaming/GoodSync/_mirrors_/file-=Data Storage-Documents-MinecraftModding-xcraftmod-src/2018-0327-134856-SENPAI_DESKTOP-Runner-Mod Sync.log
2018-04-03 14:06:44: Deleted old log file C:/Users/Senpai/AppData/Roaming/GoodSync/_mirrors_/file-=Data Storage-Documents-MinecraftModding-xcraftmod-src/2018-0327-134917-SENPAI_DESKTOP-Runner-Mod Sync.log
2018-04-03 14:06:44: Deleted old log file C:/Users/Senpai/AppData/Roaming/GoodSync/_mirrors_/file-=Data Storage-Documents-MinecraftModding-xcraftmod-src/2018-0327-135806-SENPAI_DESKTOP-Runner-Mod Sync.log
2018-04-03 14:06:44: Deleted old log file C:/Users/Senpai/AppData/Roaming/GoodSync/_mirrors_/file-=Data Storage-Documents-MinecraftModding-xcraftmod-src/2018-0327-135830-SENPAI_DESKTOP-Runner-Mod Sync.log
2018-04-03 14:06:44: Deleted old log file C:/Users/Senpai/AppData/Roaming/GoodSync/_mirrors_/file-=Data Storage-Documents-MinecraftModding-xcraftmod-src/2018-0327-135851-SENPAI_DESKTOP-Runner-Mod Sync.log
2018-04-03 14:06:44: Deleted old log file C:/Users/Senpai/AppData/Roaming/GoodSync/_mirrors_/file-=Data Storage-Documents-MinecraftModding-xcraftmod-src/2018-0327-140118-SENPAI_DESKTOP-Runner-Mod Sync.log
2018-04-03 14:06:44: Deleted old log file C:/Users/Senpai/AppData/Roaming/GoodSync/_mirrors_/file-=Data Storage-Documents-MinecraftModding-xcraftmod-src/2018-0327-140139-SENPAI_DESKTOP-Runner-Mod Sync.log
2018-04-03 14:06:44: Deleted old log file C:/Users/Senpai/AppData/Roaming/GoodSync/_mirrors_/file-=Data Storage-Documents-MinecraftModding-xcraftmod-src/2018-0327-140203-SENPAI_DESKTOP-Runner-Mod Sync.log
2018-04-03 14:06:44: Cleanup old logs in S:/Documents/MinecraftModding/xcraftmod/src/_gsdata_
2018-04-03 14:06:44: Delete log file S:/Documents/MinecraftModding/xcraftmod/src/_gsdata_/2018-0327-131419-SENPAI_DESKTOP-Runner-Mod Sync.log
2018-04-03 14:06:44: Delete log file S:/Documents/MinecraftModding/xcraftmod/src/_gsdata_/2018-0327-131540-SENPAI_DESKTOP-Runner-Mod Sync.log
2018-04-03 14:06:44: Delete log file S:/Documents/MinecraftModding/xcraftmod/src/_gsdata_/2018-0327-131737-SENPAI_DESKTOP-Runner-Mod Sync.log
2018-04-03 14:06:44: Delete log file S:/Documents/MinecraftModding/xcraftmod/src/_gsdata_/2018-0327-131837-SENPAI_DESKTOP-Runner-Mod Sync.log
2018-04-03 14:06:44: Delete log file S:/Documents/MinecraftModding/xcraftmod/src/_gsdata_/2018-0327-131922-SENPAI_DESKTOP-Runner-Mod Sync.log
2018-04-03 14:06:44: Delete log file S:/Documents/MinecraftModding/xcraftmod/src/_gsdata_/2018-0327-131958-SENPAI_DESKTOP-Runner-Mod Sync.log
2018-04-03 14:06:44: Delete log file S:/Documents/MinecraftModding/xcraftmod/src/_gsdata_/2018-0327-132037-SENPAI_DESKTOP-Runner-Mod Sync.log
2018-04-03 14:06:44: Delete log file S:/Documents/MinecraftModding/xcraftmod/src/_gsdata_/2018-0327-132116-SENPAI_DESKTOP-Runner-Mod Sync.log
2018-04-03 14:06:44: Delete log file S:/Documents/MinecraftModding/xcraftmod/src/_gsdata_/2018-0327-132152-SENPAI_DESKTOP-Runner-Mod Sync.log
2018-04-03 14:06:44: Delete log file S:/Documents/MinecraftModding/xcraftmod/src/_gsdata_/2018-0327-132255-SENPAI_DESKTOP-Runner-Mod Sync.log
2018-04-03 14:06:44: Delete log file S:/Documents/MinecraftModding/xcraftmod/src/_gsdata_/2018-0327-132334-SENPAI_DESKTOP-Runner-Mod Sync.log
2018-04-03 14:06:44: Delete log file S:/Documents/MinecraftModding/xcraftmod/src/_gsdata_/2018-0327-132416-SENPAI_DESKTOP-Runner-Mod Sync.log
2018-04-03 14:06:44: Delete log file S:/Documents/MinecraftModding/xcraftmod/src/_gsdata_/2018-0327-132552-SENPAI_DESKTOP-Runner-Mod Sync.log
2018-04-03 14:06:44: Delete log file S:/Documents/MinecraftModding/xcraftmod/src/_gsdata_/2018-0327-132701-SENPAI_DESKTOP-Runner-Mod Sync.log
2018-04-03 14:06:44: Delete log file S:/Documents/MinecraftModding/xcraftmod/src/_gsdata_/2018-0327-132728-SENPAI_DESKTOP-Runner-Mod Sync.log
2018-04-03 14:06:44: Delete log file S:/Documents/MinecraftModding/xcraftmod/src/_gsdata_/2018-0327-132804-SENPAI_DESKTOP-Runner-Mod Sync.log
2018-04-03 14:06:44: Delete log file S:/Documents/MinecraftModding/xcraftmod/src/_gsdata_/2018-0327-132849-SENPAI_DESKTOP-Runner-Mod Sync.log
2018-04-03 14:06:44: Delete log file S:/Documents/MinecraftModding/xcraftmod/src/_gsdata_/2018-0327-132937-SENPAI_DESKTOP-Runner-Mod Sync.log
2018-04-03 14:06:44: Delete log file S:/Documents/MinecraftModding/xcraftmod/src/_gsdata_/2018-0327-133055-SENPAI_DESKTOP-Runner-Mod Sync.log
2018-04-03 14:06:44: Delete log file S:/Documents/MinecraftModding/xcraftmod/src/_gsdata_/2018-0327-133146-SENPAI_DESKTOP-Runner-Mod Sync.log
2018-04-03 14:06:44: Delete log file S:/Documents/MinecraftModding/xcraftmod/src/_gsdata_/2018-0327-133255-SENPAI_DESKTOP-Runner-Mod Sync.log
2018-04-03 14:06:44: Delete log file S:/Documents/MinecraftModding/xcraftmod/src/_gsdata_/2018-0327-133343-SENPAI_DESKTOP-Runner-Mod Sync.log
2018-04-03 14:06:44: Delete log file S:/Documents/MinecraftModding/xcraftmod/src/_gsdata_/2018-0327-133416-SENPAI_DESKTOP-Runner-Mod Sync.log
2018-04-03 14:06:44: Delete log file S:/Documents/MinecraftModding/xcraftmod/src/_gsdata_/2018-0327-133516-SENPAI_DESKTOP-Runner-Mod Sync.log
2018-04-03 14:06:44: Delete log file S:/Documents/MinecraftModding/xcraftmod/src/_gsdata_/2018-0327-133713-SENPAI_DESKTOP-Runner-Mod Sync.log
2018-04-03 14:06:44: Delete log file S:/Documents/MinecraftModding/xcraftmod/src/_gsdata_/2018-0327-133801-SENPAI_DESKTOP-Runner-Mod Sync.log
2018-04-03 14:06:44: Delete log file S:/Documents/MinecraftModding/xcraftmod/src/_gsdata_/2018-0327-134235-SENPAI_DESKTOP-Runner-Mod Sync.log
2018-04-03 14:06:44: Delete log file S:/Documents/MinecraftModding/xcraftmod/src/_gsdata_/2018-0327-134459-SENPAI_DESKTOP-Runner-Mod Sync.log
2018-04-03 14:06:44: Delete log file S:/Documents/MinecraftModding/xcraftmod/src/_gsdata_/2018-0327-134856-SENPAI_DESKTOP-Runner-Mod Sync.log
2018-04-03 14:06:44: Delete log file S:/Documents/MinecraftModding/xcraftmod/src/_gsdata_/2018-0327-135806-SENPAI_DESKTOP-Runner-Mod Sync.log
2018-04-03 14:06:44: Delete log file S:/Documents/MinecraftModding/xcraftmod/src/_gsdata_/2018-0327-135830-SENPAI_DESKTOP-Runner-Mod Sync.log
2018-04-03 14:06:44: Delete log file S:/Documents/MinecraftModding/xcraftmod/src/_gsdata_/2018-0327-140118-SENPAI_DESKTOP-Runner-Mod Sync.log
2018-04-03 14:06:44: Delete log file S:/Documents/MinecraftModding/xcraftmod/src/_gsdata_/2018-0327-140139-SENPAI_DESKTOP-Runner-Mod Sync.log
2018-04-03 14:06:44: Cleanup recycled files in gdrive://www.googleapis.com/Good Sync/Eclips Projects/Moding Minecraft 1.12.2/Application/_gsdata_/_saved_
2018-04-03 14:06:45: Save Recycled DB: gdrive://www.googleapis.com/Good Sync/Eclips Projects/Moding Minecraft 1.12.2/Application/_gsdata_/_recycled_db._gs
2018-04-03 14:06:45: Deleted old log file C:/Users/Senpai/AppData/Roaming/GoodSync/_mirrors_/gdrive-Wicky_Gustave-0AGIAX4LCOy-XUk9PVA@www.googleapis.com-Good Sync-Eclips Projects-Moding Minecraft 1.12.2-Application/2018-0327-131358-SENPAI_DESKTOP-Runner-Mod Sync.log
2018-04-03 14:06:45: Deleted old log file C:/Users/Senpai/AppData/Roaming/GoodSync/_mirrors_/gdrive-Wicky_Gustave-0AGIAX4LCOy-XUk9PVA@www.googleapis.com-Good Sync-Eclips Projects-Moding Minecraft 1.12.2-Application/2018-0327-131419-SENPAI_DESKTOP-Runner-Mod Sync.log
2018-04-03 14:06:45: Deleted old log file C:/Users/Senpai/AppData/Roaming/GoodSync/_mirrors_/gdrive-Wicky_Gustave-0AGIAX4LCOy-XUk9PVA@www.googleapis.com-Good Sync-Eclips Projects-Moding Minecraft 1.12.2-Application/2018-0327-131440-SENPAI_DESKTOP-Runner-Mod Sync.log
2018-04-03 14:06:45: Deleted old log file C:/Users/Senpai/AppData/Roaming/GoodSync/_mirrors_/gdrive-Wicky_Gustave-0AGIAX4LCOy-XUk9PVA@www.googleapis.com-Good Sync-Eclips Projects-Moding Minecraft 1.12.2-Application/2018-0327-131540-SENPAI_DESKTOP-Runner-Mod Sync.log
2018-04-03 14:06:45: Deleted old log file C:/Users/Senpai/AppData/Roaming/GoodSync/_mirrors_/gdrive-Wicky_Gustave-0AGIAX4LCOy-XUk9PVA@www.googleapis.com-Good Sync-Eclips Projects-Moding Minecraft 1.12.2-Application/2018-0327-131601-SENPAI_DESKTOP-Runner-Mod Sync.log
2018-04-03 14:06:45: Deleted old log file C:/Users/Senpai/AppData/Roaming/GoodSync/_mirrors_/gdrive-Wicky_Gustave-0AGIAX4LCOy-XUk9PVA@www.googleapis.com-Good Sync-Eclips Projects-Moding Minecraft 1.12.2-Application/2018-0327-131737-SENPAI_DESKTOP-Runner-Mod Sync.log
2018-04-03 14:06:45: Deleted old log file C:/Users/Senpai/AppData/Roaming/GoodSync/_mirrors_/gdrive-Wicky_Gustave-0AGIAX4LCOy-XUk9PVA@www.googleapis.com-Good Sync-Eclips Projects-Moding Minecraft 1.12.2-Application/2018-0327-131758-SENPAI_DESKTOP-Runner-Mod Sync.log
2018-04-03 14:06:45: Deleted old log file C:/Users/Senpai/AppData/Roaming/GoodSync/_mirrors_/gdrive-Wicky_Gustave-0AGIAX4LCOy-XUk9PVA@www.googleapis.com-Good Sync-Eclips Projects-Moding Minecraft 1.12.2-Application/2018-0327-131837-SENPAI_DESKTOP-Runner-Mod Sync.log
2018-04-03 14:06:45: Deleted old log file C:/Users/Senpai/AppData/Roaming/GoodSync/_mirrors_/gdrive-Wicky_Gustave-0AGIAX4LCOy-XUk9PVA@www.googleapis.com-Good Sync-Eclips Projects-Moding Minecraft 1.12.2-Application/2018-0327-131858-SENPAI_DESKTOP-Runner-Mod Sync.log
2018-04-03 14:06:45: Deleted old log file C:/Users/Senpai/AppData/Roaming/GoodSync/_mirrors_/gdrive-Wicky_Gustave-0AGIAX4LCOy-XUk9PVA@www.googleapis.com-Good Sync-Eclips Projects-Moding Minecraft 1.12.2-Application/2018-0327-131922-SENPAI_DESKTOP-Runner-Mod Sync.log
2018-04-03 14:06:45: Deleted old log file C:/Users/Senpai/AppData/Roaming/GoodSync/_mirrors_/gdrive-Wicky_Gustave-0AGIAX4LCOy-XUk9PVA@www.googleapis.com-Good Sync-Eclips Projects-Moding Minecraft 1.12.2-Application/2018-0327-131946-SENPAI_DESKTOP-Runner-Mod Sync.log
2018-04-03 14:06:45: Deleted old log file C:/Users/Senpai/AppData/Roaming/GoodSync/_mirrors_/gdrive-Wicky_Gustave-0AGIAX4LCOy-XUk9PVA@www.googleapis.com-Good Sync-Eclips Projects-Moding Minecraft 1.12.2-Application/2018-0327-131958-SENPAI_DESKTOP-Runner-Mod Sync.log
2018-04-03 14:06:45: Deleted old log file C:/Users/Senpai/AppData/Roaming/GoodSync/_mirrors_/gdrive-Wicky_Gustave-0AGIAX4LCOy-XUk9PVA@www.googleapis.com-Good Sync-Eclips Projects-Moding Minecraft 1.12.2-Application/2018-0327-132019-SENPAI_DESKTOP-Runner-Mod Sync.log
2018-04-03 14:06:45: Deleted old log file C:/Users/Senpai/AppData/Roaming/GoodSync/_mirrors_/gdrive-Wicky_Gustave-0AGIAX4LCOy-XUk9PVA@www.googleapis.com-Good Sync-Eclips Projects-Moding Minecraft 1.12.2-Application/2018-0327-132037-SENPAI_DESKTOP-Runner-Mod Sync.log
2018-04-03 14:06:45: Deleted old log file C:/Users/Senpai/AppData/Roaming/GoodSync/_mirrors_/gdrive-Wicky_Gustave-0AGIAX4LCOy-XUk9PVA@www.googleapis.com-Good Sync-Eclips Projects-Moding Minecraft 1.12.2-Application/2018-0327-132101-SENPAI_DESKTOP-Runner-Mod Sync.log
2018-04-03 14:06:45: Deleted old log file C:/Users/Senpai/AppData/Roaming/GoodSync/_mirrors_/gdrive-Wicky_Gustave-0AGIAX4LCOy-XUk9PVA@www.googleapis.com-Good Sync-Eclips Projects-Moding Minecraft 1.12.2-Application/2018-0327-132116-SENPAI_DESKTOP-Runner-Mod Sync.log
2018-04-03 14:06:45: Deleted old log file C:/Users/Senpai/AppData/Roaming/GoodSync/_mirrors_/gdrive-Wicky_Gustave-0AGIAX4LCOy-XUk9PVA@www.googleapis.com-Good Sync-Eclips Projects-Moding Minecraft 1.12.2-Application/2018-0327-132137-SENPAI_DESKTOP-Runner-Mod Sync.log
2018-04-03 14:06:45: Deleted old log file C:/Users/Senpai/AppData/Roaming/GoodSync/_mirrors_/gdrive-Wicky_Gustave-0AGIAX4LCOy-XUk9PVA@www.googleapis.com-Good Sync-Eclips Projects-Moding Minecraft 1.12.2-Application/2018-0327-132152-SENPAI_DESKTOP-Runner-Mod Sync.log
2018-04-03 14:06:45: Deleted old log file C:/Users/Senpai/AppData/Roaming/GoodSync/_mirrors_/gdrive-Wicky_Gustave-0AGIAX4LCOy-XUk9PVA@www.googleapis.com-Good Sync-Eclips Projects-Moding Minecraft 1.12.2-Application/2018-0327-132213-SENPAI_DESKTOP-Runner-Mod Sync.log
2018-04-03 14:06:45: Deleted old log file C:/Users/Senpai/AppData/Roaming/GoodSync/_mirrors_/gdrive-Wicky_Gustave-0AGIAX4LCOy-XUk9PVA@www.googleapis.com-Good Sync-Eclips Projects-Moding Minecraft 1.12.2-Application/2018-0327-132255-SENPAI_DESKTOP-Runner-Mod Sync.log
2018-04-03 14:06:45: Deleted old log file C:/Users/Senpai/AppData/Roaming/GoodSync/_mirrors_/gdrive-Wicky_Gustave-0AGIAX4LCOy-XUk9PVA@www.googleapis.com-Good Sync-Eclips Projects-Moding Minecraft 1.12.2-Application/2018-0327-132316-SENPAI_DESKTOP-Runner-Mod Sync.log
2018-04-03 14:06:45: Deleted old log file C:/Users/Senpai/AppData/Roaming/GoodSync/_mirrors_/gdrive-Wicky_Gustave-0AGIAX4LCOy-XUk9PVA@www.googleapis.com-Good Sync-Eclips Projects-Moding Minecraft 1.12.2-Application/2018-0327-132334-SENPAI_DESKTOP-Runner-Mod Sync.log
2018-04-03 14:06:45: Deleted old log file C:/Users/Senpai/AppData/Roaming/GoodSync/_mirrors_/gdrive-Wicky_Gustave-0AGIAX4LCOy-XUk9PVA@www.googleapis.com-Good Sync-Eclips Projects-Moding Minecraft 1.12.2-Application/2018-0327-132355-SENPAI_DESKTOP-Runner-Mod Sync.log
2018-04-03 14:06:45: Deleted old log file C:/Users/Senpai/AppData/Roaming/GoodSync/_mirrors_/gdrive-Wicky_Gustave-0AGIAX4LCOy-XUk9PVA@www.googleapis.com-Good Sync-Eclips Projects-Moding Minecraft 1.12.2-Application/2018-0327-132416-SENPAI_DESKTOP-Runner-Mod Sync.log
2018-04-03 14:06:45: Deleted old log file C:/Users/Senpai/AppData/Roaming/GoodSync/_mirrors_/gdrive-Wicky_Gustave-0AGIAX4LCOy-XUk9PVA@www.googleapis.com-Good Sync-Eclips Projects-Moding Minecraft 1.12.2-Application/2018-0327-132437-SENPAI_DESKTOP-Runner-Mod Sync.log
2018-04-03 14:06:45: Deleted old log file C:/Users/Senpai/AppData/Roaming/GoodSync/_mirrors_/gdrive-Wicky_Gustave-0AGIAX4LCOy-XUk9PVA@www.googleapis.com-Good Sync-Eclips Projects-Moding Minecraft 1.12.2-Application/2018-0327-132552-SENPAI_DESKTOP-Runner-Mod Sync.log
2018-04-03 14:06:45: Deleted old log file C:/Users/Senpai/AppData/Roaming/GoodSync/_mirrors_/gdrive-Wicky_Gustave-0AGIAX4LCOy-XUk9PVA@www.googleapis.com-Good Sync-Eclips Projects-Moding Minecraft 1.12.2-Application/2018-0327-132613-SENPAI_DESKTOP-Runner-Mod Sync.log
2018-04-03 14:06:45: Deleted old log file C:/Users/Senpai/AppData/Roaming/GoodSync/_mirrors_/gdrive-Wicky_Gustave-0AGIAX4LCOy-XUk9PVA@www.googleapis.com-Good Sync-Eclips Projects-Moding Minecraft 1.12.2-Application/2018-0327-132701-SENPAI_DESKTOP-Runner-Mod Sync.log
2018-04-03 14:06:45: Deleted old log file C:/Users/Senpai/AppData/Roaming/GoodSync/_mirrors_/gdrive-Wicky_Gustave-0AGIAX4LCOy-XUk9PVA@www.googleapis.com-Good Sync-Eclips Projects-Moding Minecraft 1.12.2-Application/2018-0327-132728-SENPAI_DESKTOP-Runner-Mod Sync.log
2018-04-03 14:06:45: Deleted old log file C:/Users/Senpai/AppData/Roaming/GoodSync/_mirrors_/gdrive-Wicky_Gustave-0AGIAX4LCOy-XUk9PVA@www.googleapis.com-Good Sync-Eclips Projects-Moding Minecraft 1.12.2-Application/2018-0327-132749-SENPAI_DESKTOP-Runner-Mod Sync.log
2018-04-03 14:06:45: Deleted old log file C:/Users/Senpai/AppData/Roaming/GoodSync/_mirrors_/gdrive-Wicky_Gustave-0AGIAX4LCOy-XUk9PVA@www.googleapis.com-Good Sync-Eclips Projects-Moding Minecraft 1.12.2-Application/2018-0327-132804-SENPAI_DESKTOP-Runner-Mod Sync.log
2018-04-03 14:06:45: Deleted old log file C:/Users/Senpai/AppData/Roaming/GoodSync/_mirrors_/gdrive-Wicky_Gustave-0AGIAX4LCOy-XUk9PVA@www.googleapis.com-Good Sync-Eclips Projects-Moding Minecraft 1.12.2-Application/2018-0327-132825-SENPAI_DESKTOP-Runner-Mod Sync.log
2018-04-03 14:06:45: Deleted old log file C:/Users/Senpai/AppData/Roaming/GoodSync/_mirrors_/gdrive-Wicky_Gustave-0AGIAX4LCOy-XUk9PVA@www.googleapis.com-Good Sync-Eclips Projects-Moding Minecraft 1.12.2-Application/2018-0327-132849-SENPAI_DESKTOP-Runner-Mod Sync.log
2018-04-03 14:06:45: Deleted old log file C:/Users/Senpai/AppData/Roaming/GoodSync/_mirrors_/gdrive-Wicky_Gustave-0AGIAX4LCOy-XUk9PVA@www.googleapis.com-Good Sync-Eclips Projects-Moding Minecraft 1.12.2-Application/2018-0327-132910-SENPAI_DESKTOP-Runner-Mod Sync.log
2018-04-03 14:06:45: Deleted old log file C:/Users/Senpai/AppData/Roaming/GoodSync/_mirrors_/gdrive-Wicky_Gustave-0AGIAX4LCOy-XUk9PVA@www.googleapis.com-Good Sync-Eclips Projects-Moding Minecraft 1.12.2-Application/2018-0327-132937-SENPAI_DESKTOP-Runner-Mod Sync.log
2018-04-03 14:06:45: Deleted old log file C:/Users/Senpai/AppData/Roaming/GoodSync/_mirrors_/gdrive-Wicky_Gustave-0AGIAX4LCOy-XUk9PVA@www.googleapis.com-Good Sync-Eclips Projects-Moding Minecraft 1.12.2-Application/2018-0327-133001-SENPAI_DESKTOP-Runner-Mod Sync.log
2018-04-03 14:06:45: Deleted old log file C:/Users/Senpai/AppData/Roaming/GoodSync/_mirrors_/gdrive-Wicky_Gustave-0AGIAX4LCOy-XUk9PVA@www.googleapis.com-Good Sync-Eclips Projects-Moding Minecraft 1.12.2-Application/2018-0327-133055-SENPAI_DESKTOP-Runner-Mod Sync.log
2018-04-03 14:06:45: Deleted old log file C:/Users/Senpai/AppData/Roaming/GoodSync/_mirrors_/gdrive-Wicky_Gustave-0AGIAX4LCOy-XUk9PVA@www.googleapis.com-Good Sync-Eclips Projects-Moding Minecraft 1.12.2-Application/2018-0327-133116-SENPAI_DESKTOP-Runner-Mod Sync.log
2018-04-03 14:06:45: Deleted old log file C:/Users/Senpai/AppData/Roaming/GoodSync/_mirrors_/gdrive-Wicky_Gustave-0AGIAX4LCOy-XUk9PVA@www.googleapis.com-Good Sync-Eclips Projects-Moding Minecraft 1.12.2-Application/2018-0327-133146-SENPAI_DESKTOP-Runner-Mod Sync.log
2018-04-03 14:06:45: Deleted old log file C:/Users/Senpai/AppData/Roaming/GoodSync/_mirrors_/gdrive-Wicky_Gustave-0AGIAX4LCOy-XUk9PVA@www.googleapis.com-Good Sync-Eclips Projects-Moding Minecraft 1.12.2-Application/2018-0327-133207-SENPAI_DESKTOP-Runner-Mod Sync.log
2018-04-03 14:06:45: Deleted old log file C:/Users/Senpai/AppData/Roaming/GoodSync/_mirrors_/gdrive-Wicky_Gustave-0AGIAX4LCOy-XUk9PVA@www.googleapis.com-Good Sync-Eclips Projects-Moding Minecraft 1.12.2-Application/2018-0327-133255-SENPAI_DESKTOP-Runner-Mod Sync.log
2018-04-03 14:06:45: Deleted old log file C:/Users/Senpai/AppData/Roaming/GoodSync/_mirrors_/gdrive-Wicky_Gustave-0AGIAX4LCOy-XUk9PVA@www.googleapis.com-Good Sync-Eclips Projects-Moding Minecraft 1.12.2-Application/2018-0327-133316-SENPAI_DESKTOP-Runner-Mod Sync.log
2018-04-03 14:06:45: Deleted old log file C:/Users/Senpai/AppData/Roaming/GoodSync/_mirrors_/gdrive-Wicky_Gustave-0AGIAX4LCOy-XUk9PVA@www.googleapis.com-Good Sync-Eclips Projects-Moding Minecraft 1.12.2-Application/2018-0327-133343-SENPAI_DESKTOP-Runner-Mod Sync.log
2018-04-03 14:06:45: Deleted old log file C:/Users/Senpai/AppData/Roaming/GoodSync/_mirrors_/gdrive-Wicky_Gustave-0AGIAX4LCOy-XUk9PVA@www.googleapis.com-Good Sync-Eclips Projects-Moding Minecraft 1.12.2-Application/2018-0327-133404-SENPAI_DESKTOP-Runner-Mod Sync.log
2018-04-03 14:06:45: Deleted old log file C:/Users/Senpai/AppData/Roaming/GoodSync/_mirrors_/gdrive-Wicky_Gustave-0AGIAX4LCOy-XUk9PVA@www.googleapis.com-Good Sync-Eclips Projects-Moding Minecraft 1.12.2-Application/2018-0327-133416-SENPAI_DESKTOP-Runner-Mod Sync.log
2018-04-03 14:06:45: Deleted old log file C:/Users/Senpai/AppData/Roaming/GoodSync/_mirrors_/gdrive-Wicky_Gustave-0AGIAX4LCOy-XUk9PVA@www.googleapis.com-Good Sync-Eclips Projects-Moding Minecraft 1.12.2-Application/2018-0327-133437-SENPAI_DESKTOP-Runner-Mod Sync.log
2018-04-03 14:06:45: Deleted old log file C:/Users/Senpai/AppData/Roaming/GoodSync/_mirrors_/gdrive-Wicky_Gustave-0AGIAX4LCOy-XUk9PVA@www.googleapis.com-Good Sync-Eclips Projects-Moding Minecraft 1.12.2-Application/2018-0327-133516-SENPAI_DESKTOP-Runner-Mod Sync.log
2018-04-03 14:06:45: Deleted old log file C:/Users/Senpai/AppData/Roaming/GoodSync/_mirrors_/gdrive-Wicky_Gustave-0AGIAX4LCOy-XUk9PVA@www.googleapis.com-Good Sync-Eclips Projects-Moding Minecraft 1.12.2-Application/2018-0327-133537-SENPAI_DESKTOP-Runner-Mod Sync.log
2018-04-03 14:06:45: Deleted old log file C:/Users/Senpai/AppData/Roaming/GoodSync/_mirrors_/gdrive-Wicky_Gustave-0AGIAX4LCOy-XUk9PVA@www.googleapis.com-Good Sync-Eclips Projects-Moding Minecraft 1.12.2-Application/2018-0327-133713-SENPAI_DESKTOP-Runner-Mod Sync.log
2018-04-03 14:06:45: Deleted old log file C:/Users/Senpai/AppData/Roaming/GoodSync/_mirrors_/gdrive-Wicky_Gustave-0AGIAX4LCOy-XUk9PVA@www.googleapis.com-Good Sync-Eclips Projects-Moding Minecraft 1.12.2-Application/2018-0327-133734-SENPAI_DESKTOP-Runner-Mod Sync.log
2018-04-03 14:06:45: Deleted old log file C:/Users/Senpai/AppData/Roaming/GoodSync/_mirrors_/gdrive-Wicky_Gustave-0AGIAX4LCOy-XUk9PVA@www.googleapis.com-Good Sync-Eclips Projects-Moding Minecraft 1.12.2-Application/2018-0327-133801-SENPAI_DESKTOP-Runner-Mod Sync.log
2018-04-03 14:06:45: Deleted old log file C:/Users/Senpai/AppData/Roaming/GoodSync/_mirrors_/gdrive-Wicky_Gustave-0AGIAX4LCOy-XUk9PVA@www.googleapis.com-Good Sync-Eclips Projects-Moding Minecraft 1.12.2-Application/2018-0327-133822-SENPAI_DESKTOP-Runner-Mod Sync.log
2018-04-03 14:06:45: Deleted old log file C:/Users/Senpai/AppData/Roaming/GoodSync/_mirrors_/gdrive-Wicky_Gustave-0AGIAX4LCOy-XUk9PVA@www.googleapis.com-Good Sync-Eclips Projects-Moding Minecraft 1.12.2-Application/2018-0327-134235-SENPAI_DESKTOP-Runner-Mod Sync.log
2018-04-03 14:06:45: Deleted old log file C:/Users/Senpai/AppData/Roaming/GoodSync/_mirrors_/gdrive-Wicky_Gustave-0AGIAX4LCOy-XUk9PVA@www.googleapis.com-Good Sync-Eclips Projects-Moding Minecraft 1.12.2-Application/2018-0327-134259-SENPAI_DESKTOP-Runner-Mod Sync.log
2018-04-03 14:06:45: Deleted old log file C:/Users/Senpai/AppData/Roaming/GoodSync/_mirrors_/gdrive-Wicky_Gustave-0AGIAX4LCOy-XUk9PVA@www.googleapis.com-Good Sync-Eclips Projects-Moding Minecraft 1.12.2-Application/2018-0327-134459-SENPAI_DESKTOP-Runner-Mod Sync.log
2018-04-03 14:06:45: Deleted old log file C:/Users/Senpai/AppData/Roaming/GoodSync/_mirrors_/gdrive-Wicky_Gustave-0AGIAX4LCOy-XUk9PVA@www.googleapis.com-Good Sync-Eclips Projects-Moding Minecraft 1.12.2-Application/2018-0327-134517-SENPAI_DESKTOP-Runner-Mod Sync.log
2018-04-03 14:06:45: Deleted old log file C:/Users/Senpai/AppData/Roaming/GoodSync/_mirrors_/gdrive-Wicky_Gustave-0AGIAX4LCOy-XUk9PVA@www.googleapis.com-Good Sync-Eclips Projects-Moding Minecraft 1.12.2-Application/2018-0327-134856-SENPAI_DESKTOP-Runner-Mod Sync.log
2018-04-03 14:06:45: Deleted old log file C:/Users/Senpai/AppData/Roaming/GoodSync/_mirrors_/gdrive-Wicky_Gustave-0AGIAX4LCOy-XUk9PVA@www.googleapis.com-Good Sync-Eclips Projects-Moding Minecraft 1.12.2-Application/2018-0327-134917-SENPAI_DESKTOP-Runner-Mod Sync.log
2018-04-03 14:06:45: Deleted old log file C:/Users/Senpai/AppData/Roaming/GoodSync/_mirrors_/gdrive-Wicky_Gustave-0AGIAX4LCOy-XUk9PVA@www.googleapis.com-Good Sync-Eclips Projects-Moding Minecraft 1.12.2-Application/2018-0327-135806-SENPAI_DESKTOP-Runner-Mod Sync.log
2018-04-03 14:06:45: Deleted old log file C:/Users/Senpai/AppData/Roaming/GoodSync/_mirrors_/gdrive-Wicky_Gustave-0AGIAX4LCOy-XUk9PVA@www.googleapis.com-Good Sync-Eclips Projects-Moding Minecraft 1.12.2-Application/2018-0327-135830-SENPAI_DESKTOP-Runner-Mod Sync.log
2018-04-03 14:06:45: Deleted old log file C:/Users/Senpai/AppData/Roaming/GoodSync/_mirrors_/gdrive-Wicky_Gustave-0AGIAX4LCOy-XUk9PVA@www.googleapis.com-Good Sync-Eclips Projects-Moding Minecraft 1.12.2-Application/2018-0327-135851-SENPAI_DESKTOP-Runner-Mod Sync.log
2018-04-03 14:06:45: Deleted old log file C:/Users/Senpai/AppData/Roaming/GoodSync/_mirrors_/gdrive-Wicky_Gustave-0AGIAX4LCOy-XUk9PVA@www.googleapis.com-Good Sync-Eclips Projects-Moding Minecraft 1.12.2-Application/2018-0327-140118-SENPAI_DESKTOP-Runner-Mod Sync.log
2018-04-03 14:06:45: Deleted old log file C:/Users/Senpai/AppData/Roaming/GoodSync/_mirrors_/gdrive-Wicky_Gustave-0AGIAX4LCOy-XUk9PVA@www.googleapis.com-Good Sync-Eclips Projects-Moding Minecraft 1.12.2-Application/2018-0327-140139-SENPAI_DESKTOP-Runner-Mod Sync.log
2018-04-03 14:06:45: Deleted old log file C:/Users/Senpai/AppData/Roaming/GoodSync/_mirrors_/gdrive-Wicky_Gustave-0AGIAX4LCOy-XUk9PVA@www.googleapis.com-Good Sync-Eclips Projects-Moding Minecraft 1.12.2-Application/2018-0327-140203-SENPAI_DESKTOP-Runner-Mod Sync.log
2018-04-03 14:06:45: Cleanup old logs in gdrive://www.googleapis.com/Good Sync/Eclips Projects/Moding Minecraft 1.12.2/Application/_gsdata_
2018-04-03 14:06:45: Delete log file gdrive://www.googleapis.com/Good Sync/Eclips Projects/Moding Minecraft 1.12.2/Application/_gsdata_/2018-0327-134856-SENPAI_DESKTOP-Runner-Mod Sync.log
2018-04-03 14:06:46: Delete log file gdrive://www.googleapis.com/Good Sync/Eclips Projects/Moding Minecraft 1.12.2/Application/_gsdata_/2018-0327-140139-SENPAI_DESKTOP-Runner-Mod Sync.log
2018-04-03 14:06:47: Delete log file gdrive://www.googleapis.com/Good Sync/Eclips Projects/Moding Minecraft 1.12.2/Application/_gsdata_/2018-0327-134235-SENPAI_DESKTOP-Runner-Mod Sync.log
2018-04-03 14:06:47: Delete log file gdrive://www.googleapis.com/Good Sync/Eclips Projects/Moding Minecraft 1.12.2/Application/_gsdata_/2018-0327-133146-SENPAI_DESKTOP-Runner-Mod Sync.log
2018-04-03 14:06:48: Delete log file gdrive://www.googleapis.com/Good Sync/Eclips Projects/Moding Minecraft 1.12.2/Application/_gsdata_/2018-0327-133801-SENPAI_DESKTOP-Runner-Mod Sync.log
2018-04-03 14:06:49: Delete log file gdrive://www.googleapis.com/Good Sync/Eclips Projects/Moding Minecraft 1.12.2/Application/_gsdata_/2018-0327-133416-SENPAI_DESKTOP-Runner-Mod Sync.log
2018-04-03 14:06:49: Delete log file gdrive://www.googleapis.com/Good Sync/Eclips Projects/Moding Minecraft 1.12.2/Application/_gsdata_/2018-0327-132037-SENPAI_DESKTOP-Runner-Mod Sync.log
2018-04-03 14:06:50: Delete log file gdrive://www.googleapis.com/Good Sync/Eclips Projects/Moding Minecraft 1.12.2/Application/_gsdata_/2018-0327-132552-SENPAI_DESKTOP-Runner-Mod Sync.log
2018-04-03 14:06:51: Delete log file gdrive://www.googleapis.com/Good Sync/Eclips Projects/Moding Minecraft 1.12.2/Application/_gsdata_/2018-0327-133343-SENPAI_DESKTOP-Runner-Mod Sync.log
2018-04-03 14:06:51: Delete log file gdrive://www.googleapis.com/Good Sync/Eclips Projects/Moding Minecraft 1.12.2/Application/_gsdata_/2018-0327-133713-SENPAI_DESKTOP-Runner-Mod Sync.log
2018-04-03 14:06:52: Delete log file gdrive://www.googleapis.com/Good Sync/Eclips Projects/Moding Minecraft 1.12.2/Application/_gsdata_/2018-0327-132849-SENPAI_DESKTOP-Runner-Mod Sync.log
2018-04-03 14:06:53: Delete log file gdrive://www.googleapis.com/Good Sync/Eclips Projects/Moding Minecraft 1.12.2/Application/_gsdata_/2018-0327-132116-SENPAI_DESKTOP-Runner-Mod Sync.log
2018-04-03 14:06:54: Delete log file gdrive://www.googleapis.com/Good Sync/Eclips Projects/Moding Minecraft 1.12.2/Application/_gsdata_/2018-0327-132937-SENPAI_DESKTOP-Runner-Mod Sync.log
2018-04-03 14:06:54: Delete log file gdrive://www.googleapis.com/Good Sync/Eclips Projects/Moding Minecraft 1.12.2/Application/_gsdata_/2018-0327-132255-SENPAI_DESKTOP-Runner-Mod Sync.log
2018-04-03 14:06:55: Delete log file gdrive://www.googleapis.com/Good Sync/Eclips Projects/Moding Minecraft 1.12.2/Application/_gsdata_/2018-0327-132728-SENPAI_DESKTOP-Runner-Mod Sync.log
2018-04-03 14:06:56: Delete log file gdrive://www.googleapis.com/Good Sync/Eclips Projects/Moding Minecraft 1.12.2/Application/_gsdata_/2018-0327-131837-SENPAI_DESKTOP-Runner-Mod Sync.log
2018-04-03 14:06:57: Delete log file gdrive://www.googleapis.com/Good Sync/Eclips Projects/Moding Minecraft 1.12.2/Application/_gsdata_/2018-0327-131540-SENPAI_DESKTOP-Runner-Mod Sync.log
2018-04-03 14:06:57: Delete log file gdrive://www.googleapis.com/Good Sync/Eclips Projects/Moding Minecraft 1.12.2/Application/_gsdata_/2018-0327-132416-SENPAI_DESKTOP-Runner-Mod Sync.log
2018-04-03 14:06:58: Delete log file gdrive://www.googleapis.com/Good Sync/Eclips Projects/Moding Minecraft 1.12.2/Application/_gsdata_/2018-0327-133516-SENPAI_DESKTOP-Runner-Mod Sync.log
2018-04-03 14:06:58: Delete log file gdrive://www.googleapis.com/Good Sync/Eclips Projects/Moding Minecraft 1.12.2/Application/_gsdata_/2018-0327-135830-SENPAI_DESKTOP-Runner-Mod Sync.log
2018-04-03 14:06:59: Delete log file gdrive://www.googleapis.com/Good Sync/Eclips Projects/Moding Minecraft 1.12.2/Application/_gsdata_/2018-0327-131737-SENPAI_DESKTOP-Runner-Mod Sync.log
2018-04-03 14:07:00: Delete log file gdrive://www.googleapis.com/Good Sync/Eclips Projects/Moding Minecraft 1.12.2/Application/_gsdata_/2018-0327-133255-SENPAI_DESKTOP-Runner-Mod Sync.log
2018-04-03 14:07:00: Delete log file gdrive://www.googleapis.com/Good Sync/Eclips Projects/Moding Minecraft 1.12.2/Application/_gsdata_/2018-0327-132334-SENPAI_DESKTOP-Runner-Mod Sync.log
2018-04-03 14:07:01: Delete log file gdrive://www.googleapis.com/Good Sync/Eclips Projects/Moding Minecraft 1.12.2/Application/_gsdata_/2018-0327-140118-SENPAI_DESKTOP-Runner-Mod Sync.log
2018-04-03 14:07:02: Delete log file gdrive://www.googleapis.com/Good Sync/Eclips Projects/Moding Minecraft 1.12.2/Application/_gsdata_/2018-0327-133055-SENPAI_DESKTOP-Runner-Mod Sync.log
2018-04-03 14:07:03: Delete log file gdrive://www.googleapis.com/Good Sync/Eclips Projects/Moding Minecraft 1.12.2/Application/_gsdata_/2018-0327-132701-SENPAI_DESKTOP-Runner-Mod Sync.log
2018-04-03 14:07:04: Delete log file gdrive://www.googleapis.com/Good Sync/Eclips Projects/Moding Minecraft 1.12.2/Application/_gsdata_/2018-0327-131922-SENPAI_DESKTOP-Runner-Mod Sync.log
2018-04-03 14:07:05: Delete log file gdrive://www.googleapis.com/Good Sync/Eclips Projects/Moding Minecraft 1.12.2/Application/_gsdata_/2018-0327-135806-SENPAI_DESKTOP-Runner-Mod Sync.log
2018-04-03 14:07:05: Delete log file gdrive://www.googleapis.com/Good Sync/Eclips Projects/Moding Minecraft 1.12.2/Application/_gsdata_/2018-0327-132152-SENPAI_DESKTOP-Runner-Mod Sync.log
2018-04-03 14:07:06: Delete log file gdrive://www.googleapis.com/Good Sync/Eclips Projects/Moding Minecraft 1.12.2/Application/_gsdata_/2018-0327-131958-SENPAI_DESKTOP-Runner-Mod Sync.log
2018-04-03 14:07:06: Delete log file gdrive://www.googleapis.com/Good Sync/Eclips Projects/Moding Minecraft 1.12.2/Application/_gsdata_/2018-0327-132804-SENPAI_DESKTOP-Runner-Mod Sync.log
2018-04-03 14:07:07: Delete log file gdrive://www.googleapis.com/Good Sync/Eclips Projects/Moding Minecraft 1.12.2/Application/_gsdata_/2018-0327-131419-SENPAI_DESKTOP-Runner-Mod Sync.log
2018-04-03 14:07:07: Delete log file gdrive://www.googleapis.com/Good Sync/Eclips Projects/Moding Minecraft 1.12.2/Application/_gsdata_/2018-0327-134459-SENPAI_DESKTOP-Runner-Mod Sync.log
2018-04-03 14:07:08: == Sync Complete. Time: 00:00:32, Speed: 3.21 KB/s, OK: 1, Errors: 0
2018-04-03 14:07:08: Unlocking folder S:/Documents/MinecraftModding/xcraftmod/src/_gsdata_/lock.gsl
2018-04-03 14:07:08: Unlocking folder gdrive://www.googleapis.com/Good Sync/Eclips Projects/Moding Minecraft 1.12.2/Application/_gsdata_/lock.gsl
2018-04-03 14:07:09: 
