2018-04-02 16:37:58: Connected to S:\Documents\MinecraftModding\xcraftmod\src: S: NTFS: type=NTFS vol=Data Storage flags=3E706FF
2018-04-02 16:37:58: Connected to gdrive://www.googleapis.com/Good Sync/Eclips Projects/Moding Minecraft 1.12.2/Application
2018-04-02 16:37:58: Incremental Analyze for On File Change
2018-04-02 16:37:59: -- Analysis Started by On File Change, After Delay, Under Runner
2018-04-02 16:37:59: Mod Sync: ANALYSIS started by On File Change, After Delay, Under Runner on 'SENPAI_DESKTOP' (GoodSync 10.8.1.1)
2018-04-02 16:37:59: =Data Storage:\Documents\MinecraftModding\xcraftmod\src (S:/Documents/MinecraftModding/xcraftmod/src) [TmpDest] <-> gdrive://www.googleapis.com/Good Sync/Eclips Projects/Moding Minecraft 1.12.2/Application [DirDest], RecycleTo_RecycleBin, SaveDays_RecycleBin=30d, ReconnectSecs=120, SyncWorkerThreads=99, OnFileChange Delay=5, Unattended, WaitForLocksMin=20, ResolveConflicts=NewerFileWins, AutoClear, LinksIgnore
2018-04-02 16:37:59: Exclude Hidden, Exclude System, Exclude name *._gstmp|/System Volume Information|Thumbs.db|.DS_Store 
2018-04-02 16:37:59: Locking folder S:/Documents/MinecraftModding/xcraftmod/src for write
2018-04-02 16:37:59: Change Analyzed: S:/Documents/MinecraftModding/xcraftmod/src/main/java/com/senpai/objects/blocks/machines/engineering/BlockPipe.java
2018-04-02 16:37:59: Change Analyzed: S:/Documents/MinecraftModding/xcraftmod/src/main/java/com/senpai/objects/blocks/machines/engineering/BlockPipe.java
2018-04-02 16:37:59: Change Analyzed: S:/Documents/MinecraftModding/xcraftmod/src/main/java/com/senpai/proxy/ClientProxy.java
2018-04-02 16:37:59: Change Analyzed: S:/Documents/MinecraftModding/xcraftmod/src/main/java/com/senpai/proxy/ClientProxy.java
2018-04-02 16:37:59: Change Analyzed: S:/Documents/MinecraftModding/xcraftmod/src/main/java/com/senpai/util/handlers/TileEntityHandler.java
2018-04-02 16:37:59: Change Analyzed: S:/Documents/MinecraftModding/xcraftmod/src/main/java/com/senpai/util/handlers/TileEntityHandler.java
2018-04-02 16:37:59: Change Analyzed: S:/Documents/MinecraftModding/xcraftmod/src/main/java/com/senpai/tileEntity/render/rendererPipe.java
2018-04-02 16:37:59: Change Analyzed: S:/Documents/MinecraftModding/xcraftmod/src/main/java/com/senpai/tileEntity/render/rendererPipe.java
2018-04-02 16:37:59: Change Analyzed: S:/Documents/MinecraftModding/xcraftmod/src/main/java/pipe
2018-04-02 16:37:59: Scan Newly Added Folder: S:/Documents/MinecraftModding/xcraftmod/src/main/java/pipe
2018-04-02 16:37:59: Change Analyzed: S:/Documents/MinecraftModding/xcraftmod/src/main/java/com/senpai/tileEntity/TileEntityPipe.java
2018-04-02 16:37:59: Change Analyzed: S:/Documents/MinecraftModding/xcraftmod/src/main/java/pipe/TileEntityPipe.java
2018-04-02 16:37:59: Change Analyzed: S:/Documents/MinecraftModding/xcraftmod/src/main/java/pipe/TileEntityPipe.java
2018-04-02 16:37:59: Change Analyzed: S:/Documents/MinecraftModding/xcraftmod/src/main/java/pipe/TileEntityPipe.java
2018-04-02 16:37:59: Change Analyzed: S:/Documents/MinecraftModding/xcraftmod/src/main/java/pipes
2018-04-02 16:37:59: Scan Newly Added Folder: S:/Documents/MinecraftModding/xcraftmod/src/main/java/pipes
2018-04-02 16:37:59: Change Analyzed: S:/Documents/MinecraftModding/xcraftmod/src/main/java/pipes/TileEntityPipe.java
2018-04-02 16:37:59: Change Analyzed: S:/Documents/MinecraftModding/xcraftmod/src/main/java/pipes/TileEntityPipe.java
2018-04-02 16:37:59: Change Analyzed: S:/Documents/MinecraftModding/xcraftmod/src/main/java/pipes/TileEntityPipe.java
2018-04-02 16:37:59: Change Analyzed: S:/Documents/MinecraftModding/xcraftmod/src/main/java/pipes/TileEntityPipe.java
2018-04-02 16:37:59: Change Analyzed: S:/Documents/MinecraftModding/xcraftmod/src/main/java/pipes/TileEntityPipe.java
2018-04-02 16:37:59: Locking folder gdrive://www.googleapis.com/Good Sync/Eclips Projects/Moding Minecraft 1.12.2/Application for write
2018-04-02 16:38:01: Change Analyzed: gdrive://www.googleapis.com/Good Sync/Eclips Projects/Moding Minecraft 1.12.2/Application/main/java/com/senpai/tileEntity/TileEntityEnergyCell.java
2018-04-02 16:38:01: Change Analyzed: gdrive://www.googleapis.com/Good Sync/Eclips Projects/Moding Minecraft 1.12.2/Application/main/java/com/senpai/objects/blocks/machines/engineering/BlockEnergyStorage.java
2018-04-02 16:38:01: Change Analyzed: gdrive://www.googleapis.com/Good Sync/Eclips Projects/Moding Minecraft 1.12.2/Application/main/java/com/senpai/proxy/ClientProxy.java
2018-04-02 16:38:01: Change Analyzed: gdrive://www.googleapis.com/Good Sync/Eclips Projects/Moding Minecraft 1.12.2/Application/main/java/com/senpai/proxy/ClientProxy.java
2018-04-02 16:38:01: Change Analyzed: gdrive://www.googleapis.com/Good Sync/Eclips Projects/Moding Minecraft 1.12.2/Application/main/java/com/senpai/util/tileEntities/TileEntityEnergyCell.java
2018-04-02 16:38:01: Change Analyzed: gdrive://www.googleapis.com/Good Sync/Eclips Projects/Moding Minecraft 1.12.2/Application/main/java/com/senpai/objects/blocks/machines/engineering/BlockEnergyStorage.java
2018-04-02 16:38:01: Change Analyzed: gdrive://www.googleapis.com/Good Sync/Eclips Projects/Moding Minecraft 1.12.2/Application/main/java/com/senpai/util/tileEntities/TileEntityEnergyCell.java
2018-04-02 16:38:01: Change Analyzed: gdrive://www.googleapis.com/Good Sync/Eclips Projects/Moding Minecraft 1.12.2/Application/main/java/com/senpai/proxy/ClientProxy.java
2018-04-02 16:38:01: Change Analyzed: gdrive://www.googleapis.com/Good Sync/Eclips Projects/Moding Minecraft 1.12.2/Application/main/java/com/senpai/container/ContainerEnergyCell.java
2018-04-02 16:38:02: Change Analyzed: gdrive://www.googleapis.com/Good Sync/Eclips Projects/Moding Minecraft 1.12.2/Application/main/java/com/senpai/objects/blocks/machines/engineering/BlockEnergyStorage.java
2018-04-02 16:38:02: Change Analyzed: gdrive://www.googleapis.com/Good Sync/Eclips Projects/Moding Minecraft 1.12.2/Application/main/java/com/senpai/container/ContainerEnergyCell.java
2018-04-02 16:38:02: Change Analyzed: gdrive://www.googleapis.com/Good Sync/Eclips Projects/Moding Minecraft 1.12.2/Application/main/java/com/senpai/container/ContainerEnergyCell.java
2018-04-02 16:38:03: On disk file:///S: space required for sync is 0 bytes, you have 1.25 TB
2018-04-02 16:38:03: On disk gdrive://www.googleapis.com space required for sync is 29.0 KB, you have 12.4 GB
2018-04-02 16:38:04: Changes: 8, Conflicts: 0, CopyTime: 0, FixState: 0, Errors: 0, All: 21937
2018-04-02 16:38:04: Left to Right: Copy File: 7 Delete File: 1 
2018-04-02 16:38:04: -- Analysis Complete. Time 00:00:06, Speed: 50 files/s
2018-04-02 16:38:04: == Sync Started by On File Change, After Delay, Under Runner
2018-04-02 16:38:04: Mod Sync: SYNC started by On File Change, After Delay, Under Runner on 'SENPAI_DESKTOP'
2018-04-02 16:38:04: =Data Storage:\Documents\MinecraftModding\xcraftmod\src (S:/Documents/MinecraftModding/xcraftmod/src) [TmpDest] <-> gdrive://www.googleapis.com/Good Sync/Eclips Projects/Moding Minecraft 1.12.2/Application [DirDest], RecycleTo_RecycleBin, SaveDays_RecycleBin=30d, ReconnectSecs=120, SyncWorkerThreads=99, OnFileChange Delay=5, Unattended, WaitForLocksMin=20, ResolveConflicts=NewerFileWins, AutoClear, LinksIgnore
2018-04-02 16:38:06: Load Recycled DB: gdrive://www.googleapis.com/Good Sync/Eclips Projects/Moding Minecraft 1.12.2/Application/_gsdata_/_recycled_db._gs
2018-04-02 16:38:06: Delete File 'gdrive://www.googleapis.com/Good Sync/Eclips Projects/Moding Minecraft 1.12.2/Application/main/java/com/senpai/tileEntity/TileEntityPipe.java'
2018-04-02 16:38:07: Create Folder 'gdrive://www.googleapis.com/Good Sync/Eclips Projects/Moding Minecraft 1.12.2/Application/main/java/pipe'
2018-04-02 16:38:08: Create Folder 'gdrive://www.googleapis.com/Good Sync/Eclips Projects/Moding Minecraft 1.12.2/Application/main/java/pipes'
2018-04-02 16:38:08: File Systems limited number of parallel threads to 20
2018-04-02 16:38:08: Start only 5 threads, limited by tasks to run
2018-04-02 16:38:08: Change detected [1]: t=Created path=/main/java/pipes
2018-04-02 16:38:08: Change detected [1]: t=Created path=/main/java/pipe
2018-04-02 16:38:08: Change detected [1]: t=MovedFrom path=/main/java/com/senpai/tileEntity/TileEntityPipe.java
2018-04-02 16:38:11: Copy Over 'S:/Documents/MinecraftModding/xcraftmod/src/main/java/com/senpai/tileEntity/render/rendererPipe.java' -> 'gdrive://www.googleapis.com/Good Sync/Eclips Projects/Moding Minecraft 1.12.2/Application/main/java/com/senpai/tileEntity/render/rendererPipe.java' (1302)
2018-04-02 16:38:12: Copy Over 'S:/Documents/MinecraftModding/xcraftmod/src/main/java/com/senpai/util/handlers/TileEntityHandler.java' -> 'gdrive://www.googleapis.com/Good Sync/Eclips Projects/Moding Minecraft 1.12.2/Application/main/java/com/senpai/util/handlers/TileEntityHandler.java' (351)
2018-04-02 16:38:13: Copy New 'S:/Documents/MinecraftModding/xcraftmod/src/main/java/pipe/TileEntityPipe.java' -> 'gdrive://www.googleapis.com/Good Sync/Eclips Projects/Moding Minecraft 1.12.2/Application/main/java/pipe/TileEntityPipe.java' (2311)
2018-04-02 16:38:13: Copy Over 'S:/Documents/MinecraftModding/xcraftmod/src/main/java/com/senpai/objects/blocks/machines/engineering/BlockPipe.java' -> 'gdrive://www.googleapis.com/Good Sync/Eclips Projects/Moding Minecraft 1.12.2/Application/main/java/com/senpai/objects/blocks/machines/engineering/BlockPipe.java' (19771)
2018-04-02 16:38:14: Copy New 'S:/Documents/MinecraftModding/xcraftmod/src/main/java/pipes/TileEntityPipe.java' -> 'gdrive://www.googleapis.com/Good Sync/Eclips Projects/Moding Minecraft 1.12.2/Application/main/java/pipes/TileEntityPipe.java' (2312)
2018-04-02 16:38:14: Save State File S:/Documents/MinecraftModding/xcraftmod/src/_gsdata_/_file_state_v4._gs
2018-04-02 16:38:15: Save State File gdrive://www.googleapis.com/Good Sync/Eclips Projects/Moding Minecraft 1.12.2/Application/_gsdata_/_file_state_v4._gs
2018-04-02 16:38:15: Cleanup recycled files in S:/Documents/MinecraftModding/xcraftmod/src/_gsdata_/_saved_
2018-04-02 16:38:15: Load Recycled DB: S:/Documents/MinecraftModding/xcraftmod/src/_gsdata_/_recycled_db._gs
2018-04-02 16:38:15: Cleanup old logs in S:/Documents/MinecraftModding/xcraftmod/src/_gsdata_
2018-04-02 16:38:15: Cleanup recycled files in gdrive://www.googleapis.com/Good Sync/Eclips Projects/Moding Minecraft 1.12.2/Application/_gsdata_/_saved_
2018-04-02 16:38:16: Save Recycled DB: gdrive://www.googleapis.com/Good Sync/Eclips Projects/Moding Minecraft 1.12.2/Application/_gsdata_/_recycled_db._gs
2018-04-02 16:38:16: Cleanup old logs in gdrive://www.googleapis.com/Good Sync/Eclips Projects/Moding Minecraft 1.12.2/Application/_gsdata_
2018-04-02 16:38:17: == Sync Complete. Time: 00:00:13, Speed: 7.13 KB/s, OK: 8, Errors: 0
2018-04-02 16:38:17: Unlocking folder S:/Documents/MinecraftModding/xcraftmod/src/_gsdata_/lock.gsl
2018-04-02 16:38:17: Unlocking folder gdrive://www.googleapis.com/Good Sync/Eclips Projects/Moding Minecraft 1.12.2/Application/_gsdata_/lock.gsl
2018-04-02 16:38:18: 
