2018-04-04 15:46:07: Connected to S:\Documents\MinecraftModding\xcraftmod\src: S: NTFS: type=NTFS vol=Data Storage flags=3E706FF
2018-04-04 15:46:08: Connected to gdrive://www.googleapis.com/Good Sync/Eclips Projects/Moding Minecraft 1.12.2/Application
2018-04-04 15:46:08: Incremental Analyze for On File Change
2018-04-04 15:46:08: Change detected [0]: t=MovedFrom path=/main/resources/assets/sxm/textures/items/tin_chestplate.png
2018-04-04 15:46:08: Change detected [0]: t=MovedTo path=/main/resources/assets/sxm/textures/items/chestplate_tin.png
2018-04-04 15:46:08: -- Analysis Started by On File Change, After Delay, Under Runner
2018-04-04 15:46:08: Mod Sync: ANALYSIS started by On File Change, After Delay, Under Runner on 'SENPAI_DESKTOP' (GoodSync 10.8.1.1)
2018-04-04 15:46:08: =Data Storage:\Documents\MinecraftModding\xcraftmod\src (S:/Documents/MinecraftModding/xcraftmod/src) [TmpDest] <-> gdrive://www.googleapis.com/Good Sync/Eclips Projects/Moding Minecraft 1.12.2/Application [DirDest], RecycleTo_RecycleBin, SaveDays_RecycleBin=30d, ReconnectSecs=120, SyncWorkerThreads=99, OnFileChange Delay=5, Unattended, WaitForLocksMin=20, ResolveConflicts=NewerFileWins, AutoClear, LinksIgnore
2018-04-04 15:46:08: Exclude Hidden, Exclude System, Exclude name *._gstmp|/System Volume Information|Thumbs.db|.DS_Store 
2018-04-04 15:46:08: Locking folder S:/Documents/MinecraftModding/xcraftmod/src for write
2018-04-04 15:46:08: Change Analyzed: S:/Documents/MinecraftModding/xcraftmod/src/main/resources/assets/sxm/textures/items/tin_ingot.png
2018-04-04 15:46:08: Change Analyzed: S:/Documents/MinecraftModding/xcraftmod/src/main/resources/assets/sxm/textures/items/ingot_tin.png
2018-04-04 15:46:08: Change Analyzed: S:/Documents/MinecraftModding/xcraftmod/src/main/resources/assets/sxm/textures/items/tin_hoe.png
2018-04-04 15:46:08: Change Analyzed: S:/Documents/MinecraftModding/xcraftmod/src/main/resources/assets/sxm/textures/items/hoe_tin.png
2018-04-04 15:46:08: Change Analyzed: S:/Documents/MinecraftModding/xcraftmod/src/main/resources/assets/sxm/textures/items/tin_helmet.png
2018-04-04 15:46:08: Change Analyzed: S:/Documents/MinecraftModding/xcraftmod/src/main/resources/assets/sxm/textures/items/helmet_tin.png
2018-04-04 15:46:08: Locking folder gdrive://www.googleapis.com/Good Sync/Eclips Projects/Moding Minecraft 1.12.2/Application for write
2018-04-04 15:46:10: Change Analyzed: gdrive://www.googleapis.com/Good Sync/Eclips Projects/Moding Minecraft 1.12.2/Application/main/resources/assets/sxm/textures/items/stick_tin.png
2018-04-04 15:46:10: Change Analyzed: gdrive://www.googleapis.com/Good Sync/Eclips Projects/Moding Minecraft 1.12.2/Application/main/resources/assets/sxm/textures/items/stick_tin.png
2018-04-04 15:46:10: Change Analyzed: gdrive://www.googleapis.com/Good Sync/Eclips Projects/Moding Minecraft 1.12.2/Application/main/resources/assets/sxm/textures/items/tin_stick.png
2018-04-04 15:46:10: Change Analyzed: gdrive://www.googleapis.com/Good Sync/Eclips Projects/Moding Minecraft 1.12.2/Application/main/resources/assets/sxm/textures/items/shovel_tin.png
2018-04-04 15:46:10: Change Analyzed: gdrive://www.googleapis.com/Good Sync/Eclips Projects/Moding Minecraft 1.12.2/Application/main/resources/assets/sxm/textures/items/shovel_tin.png
2018-04-04 15:46:10: Change Analyzed: gdrive://www.googleapis.com/Good Sync/Eclips Projects/Moding Minecraft 1.12.2/Application/main/resources/assets/sxm/textures/items/tin_shovel.png
2018-04-04 15:46:11: Change Analyzed: gdrive://www.googleapis.com/Good Sync/Eclips Projects/Moding Minecraft 1.12.2/Application/main/resources/assets/sxm/textures/items/pickaxe_tin.png
2018-04-04 15:46:11: Change Analyzed: gdrive://www.googleapis.com/Good Sync/Eclips Projects/Moding Minecraft 1.12.2/Application/main/resources/assets/sxm/textures/items/pickaxe_tin.png
2018-04-04 15:46:11: Change Analyzed: gdrive://www.googleapis.com/Good Sync/Eclips Projects/Moding Minecraft 1.12.2/Application/main/resources/assets/sxm/textures/items/tin_pickaxe.png
2018-04-04 15:46:11: Change Analyzed: gdrive://www.googleapis.com/Good Sync/Eclips Projects/Moding Minecraft 1.12.2/Application/main/resources/assets/sxm/textures/items/nugget_tin.png
2018-04-04 15:46:11: Change Analyzed: gdrive://www.googleapis.com/Good Sync/Eclips Projects/Moding Minecraft 1.12.2/Application/main/resources/assets/sxm/textures/items/nugget_tin.png
2018-04-04 15:46:11: Change Analyzed: gdrive://www.googleapis.com/Good Sync/Eclips Projects/Moding Minecraft 1.12.2/Application/main/resources/assets/sxm/textures/items/tin_nugget.png
2018-04-04 15:46:11: Change Analyzed: gdrive://www.googleapis.com/Good Sync/Eclips Projects/Moding Minecraft 1.12.2/Application/main/resources/assets/sxm/textures/items/leggings_tin.png
2018-04-04 15:46:11: Change Analyzed: gdrive://www.googleapis.com/Good Sync/Eclips Projects/Moding Minecraft 1.12.2/Application/main/resources/assets/sxm/textures/items/leggings_tin.png
2018-04-04 15:46:12: Change Analyzed: gdrive://www.googleapis.com/Good Sync/Eclips Projects/Moding Minecraft 1.12.2/Application/main/resources/assets/sxm/textures/items/tin_leggings.png
2018-04-04 15:46:12: On disk file:///S: space required for sync is 0 bytes, you have 1.25 TB
2018-04-04 15:46:12: On disk gdrive://www.googleapis.com space required for sync is 0 bytes, you have 12.4 GB
2018-04-04 15:46:12: Changes: 6, Conflicts: 0, CopyTime: 0, FixState: 0, Errors: 0, All: 22408
2018-04-04 15:46:12: Left to Right: Rename/Move File/Folder: 6 
2018-04-04 15:46:12: -- Analysis Complete. Time 00:00:06, Speed: 92 files/s
2018-04-04 15:46:12: == Sync Started by On File Change, After Delay, Under Runner
2018-04-04 15:46:12: Mod Sync: SYNC started by On File Change, After Delay, Under Runner on 'SENPAI_DESKTOP'
2018-04-04 15:46:12: =Data Storage:\Documents\MinecraftModding\xcraftmod\src (S:/Documents/MinecraftModding/xcraftmod/src) [TmpDest] <-> gdrive://www.googleapis.com/Good Sync/Eclips Projects/Moding Minecraft 1.12.2/Application [DirDest], RecycleTo_RecycleBin, SaveDays_RecycleBin=30d, ReconnectSecs=120, SyncWorkerThreads=99, OnFileChange Delay=5, Unattended, WaitForLocksMin=20, ResolveConflicts=NewerFileWins, AutoClear, LinksIgnore
2018-04-04 15:46:12: File Systems limited number of parallel threads to 20
2018-04-04 15:46:12: Start only 6 threads, limited by tasks to run
2018-04-04 15:46:13: Move File gdrive://www.googleapis.com/Good Sync/Eclips Projects/Moding Minecraft 1.12.2/Application/main/resources/assets/sxm/textures/items/tin_helmet.png -> gdrive://www.googleapis.com/Good Sync/Eclips Projects/Moding Minecraft 1.12.2/Application/main/resources/assets/sxm/textures/items/helmet_tin.png
2018-04-04 15:46:14: Move File gdrive://www.googleapis.com/Good Sync/Eclips Projects/Moding Minecraft 1.12.2/Application/main/resources/assets/sxm/textures/items/tin_ingot.png -> gdrive://www.googleapis.com/Good Sync/Eclips Projects/Moding Minecraft 1.12.2/Application/main/resources/assets/sxm/textures/items/ingot_tin.png
2018-04-04 15:46:15: Move File gdrive://www.googleapis.com/Good Sync/Eclips Projects/Moding Minecraft 1.12.2/Application/main/resources/assets/sxm/textures/items/tin_hoe.png -> gdrive://www.googleapis.com/Good Sync/Eclips Projects/Moding Minecraft 1.12.2/Application/main/resources/assets/sxm/textures/items/hoe_tin.png
2018-04-04 15:46:16: Save State File S:/Documents/MinecraftModding/xcraftmod/src/_gsdata_/_file_state_v4._gs
2018-04-04 15:46:17: Change detected [1]: t=Modified path=/main/resources/assets/sxm/textures/items/ingot_tin.png
2018-04-04 15:46:17: Change detected [1]: t=MovedTo path=/main/resources/assets/sxm/textures/items/ingot_tin.png
2018-04-04 15:46:17: Change detected [0]: t=MovedFrom path=/main/resources/assets/sxm/textures/items/tin_boots.png
2018-04-04 15:46:17: Change detected [0]: t=MovedTo path=/main/resources/assets/sxm/textures/items/boots_tin.png
2018-04-04 15:46:17: Change detected [1]: t=MovedFrom path=/main/resources/assets/sxm/textures/items/tin_ingot.png
2018-04-04 15:46:17: Change detected [1]: t=Modified path=/main/resources/assets/sxm/textures/items/hoe_tin.png
2018-04-04 15:46:17: Change detected [1]: t=MovedTo path=/main/resources/assets/sxm/textures/items/hoe_tin.png
2018-04-04 15:46:17: Change detected [1]: t=MovedFrom path=/main/resources/assets/sxm/textures/items/tin_hoe.png
2018-04-04 15:46:18: Change detected [1]: t=Modified path=/main/resources/assets/sxm/textures/items/helmet_tin.png
2018-04-04 15:46:18: Change detected [1]: t=MovedTo path=/main/resources/assets/sxm/textures/items/helmet_tin.png
2018-04-04 15:46:18: Change detected [1]: t=MovedFrom path=/main/resources/assets/sxm/textures/items/tin_helmet.png
2018-04-04 15:46:18: Save State File gdrive://www.googleapis.com/Good Sync/Eclips Projects/Moding Minecraft 1.12.2/Application/_gsdata_/_file_state_v4._gs
2018-04-04 15:46:18: Cleanup recycled files in S:/Documents/MinecraftModding/xcraftmod/src/_gsdata_/_saved_
2018-04-04 15:46:18: Load Recycled DB: S:/Documents/MinecraftModding/xcraftmod/src/_gsdata_/_recycled_db._gs
2018-04-04 15:46:18: Deleted old log file C:/Users/Senpai/AppData/Roaming/GoodSync/_mirrors_/file-=Data Storage-Documents-MinecraftModding-xcraftmod-src/2018-0328-154546-SENPAI_DESKTOP-Runner-Mod Sync.log
2018-04-04 15:46:18: Cleanup old logs in S:/Documents/MinecraftModding/xcraftmod/src/_gsdata_
2018-04-04 15:46:18: Delete log file S:/Documents/MinecraftModding/xcraftmod/src/_gsdata_/2018-0328-154546-SENPAI_DESKTOP-Runner-Mod Sync.log
2018-04-04 15:46:18: Cleanup recycled files in gdrive://www.googleapis.com/Good Sync/Eclips Projects/Moding Minecraft 1.12.2/Application/_gsdata_/_saved_
2018-04-04 15:46:19: Load Recycled DB: gdrive://www.googleapis.com/Good Sync/Eclips Projects/Moding Minecraft 1.12.2/Application/_gsdata_/_recycled_db._gs
2018-04-04 15:46:19: Deleted old log file C:/Users/Senpai/AppData/Roaming/GoodSync/_mirrors_/gdrive-Wicky_Gustave-0AGIAX4LCOy-XUk9PVA@www.googleapis.com-Good Sync-Eclips Projects-Moding Minecraft 1.12.2-Application/2018-0328-154546-SENPAI_DESKTOP-Runner-Mod Sync.log
2018-04-04 15:46:19: Cleanup old logs in gdrive://www.googleapis.com/Good Sync/Eclips Projects/Moding Minecraft 1.12.2/Application/_gsdata_
2018-04-04 15:46:20: Delete log file gdrive://www.googleapis.com/Good Sync/Eclips Projects/Moding Minecraft 1.12.2/Application/_gsdata_/2018-0328-154546-SENPAI_DESKTOP-Runner-Mod Sync.log
2018-04-04 15:46:20: == Sync Complete. Time: 00:00:08, Speed: 5.33 KB/s, OK: 6, Errors: 0
2018-04-04 15:46:20: Unlocking folder S:/Documents/MinecraftModding/xcraftmod/src/_gsdata_/lock.gsl
2018-04-04 15:46:20: Unlocking folder gdrive://www.googleapis.com/Good Sync/Eclips Projects/Moding Minecraft 1.12.2/Application/_gsdata_/lock.gsl
2018-04-04 15:46:22: 
