2018-04-02 17:14:14: Connected to S:\Documents\MinecraftModding\xcraftmod\src: S: NTFS: type=NTFS vol=Data Storage flags=3E706FF
2018-04-02 17:14:14: Connected to gdrive://www.googleapis.com/Good Sync/Eclips Projects/Moding Minecraft 1.12.2/Application
2018-04-02 17:14:14: Incremental Analyze for On File Change
2018-04-02 17:14:14: -- Analysis Started by On File Change, After Delay, Under Runner
2018-04-02 17:14:14: Mod Sync: ANALYSIS started by On File Change, After Delay, Under Runner on 'SENPAI_DESKTOP' (GoodSync 10.8.1.1)
2018-04-02 17:14:14: =Data Storage:\Documents\MinecraftModding\xcraftmod\src (S:/Documents/MinecraftModding/xcraftmod/src) [TmpDest] <-> gdrive://www.googleapis.com/Good Sync/Eclips Projects/Moding Minecraft 1.12.2/Application [DirDest], RecycleTo_RecycleBin, SaveDays_RecycleBin=30d, ReconnectSecs=120, SyncWorkerThreads=99, OnFileChange Delay=5, Unattended, WaitForLocksMin=20, ResolveConflicts=NewerFileWins, AutoClear, LinksIgnore
2018-04-02 17:14:14: Exclude Hidden, Exclude System, Exclude name *._gstmp|/System Volume Information|Thumbs.db|.DS_Store 
2018-04-02 17:14:14: Locking folder S:/Documents/MinecraftModding/xcraftmod/src for write
2018-04-02 17:14:14: Change Analyzed: S:/Documents/MinecraftModding/xcraftmod/src/main/java/com/senpai/objects/blocks/machines/engineering/BlockEnergyStorage.java
2018-04-02 17:14:14: Change Analyzed: S:/Documents/MinecraftModding/xcraftmod/src/main/java/com/senpai/objects/blocks/machines/engineering/BlockEnergyStorage.java
2018-04-02 17:14:14: Change Analyzed: S:/Documents/MinecraftModding/xcraftmod/src/main/java/com/senpai/proxy/ClientProxy.java
2018-04-02 17:14:14: Change Analyzed: S:/Documents/MinecraftModding/xcraftmod/src/main/java/com/senpai/proxy/ClientProxy.java
2018-04-02 17:14:14: Change Analyzed: S:/Documents/MinecraftModding/xcraftmod/src/main/java/com/senpai/util/tileEntities/EnergyCell/GuiEnergyCell.java
2018-04-02 17:14:14: Change Analyzed: S:/Documents/MinecraftModding/xcraftmod/src/main/java/com/senpai/util/tileEntities/EnergyCell/GuiEnergyCell.java
2018-04-02 17:14:14: Change Analyzed: S:/Documents/MinecraftModding/xcraftmod/src/main/java/com/senpai/util/handlers/GuiHandler.java
2018-04-02 17:14:14: Change Analyzed: S:/Documents/MinecraftModding/xcraftmod/src/main/java/com/senpai/util/handlers/GuiHandler.java
2018-04-02 17:14:14: Change Analyzed: S:/Documents/MinecraftModding/xcraftmod/src/main/java/com/senpai/tileEntity/render/TileEntityEnergyCell.java
2018-04-02 17:14:14: Change Analyzed: S:/Documents/MinecraftModding/xcraftmod/src/main/java/com/senpai/tileEntity/TileEntityEnergyCell.java
2018-04-02 17:14:14: Change Analyzed: S:/Documents/MinecraftModding/xcraftmod/src/main/java/com/senpai/tileEntity/TileEntityEnergyCell.java
2018-04-02 17:14:14: Change Analyzed: S:/Documents/MinecraftModding/xcraftmod/src/main/java/com/senpai/tileEntity/TileEntityEnergyCell.java
2018-04-02 17:14:14: Locking folder gdrive://www.googleapis.com/Good Sync/Eclips Projects/Moding Minecraft 1.12.2/Application for write
2018-04-02 17:14:16: Change Analyzed: gdrive://www.googleapis.com/Good Sync/Eclips Projects/Moding Minecraft 1.12.2/Application/main/java/com/senpai/proxy/ClientProxy.java
2018-04-02 17:14:16: Change Analyzed: gdrive://www.googleapis.com/Good Sync/Eclips Projects/Moding Minecraft 1.12.2/Application/main/java/com/senpai/objects/blocks/machines/engineering/BlockEnergyStorage.java
2018-04-02 17:14:16: Change Analyzed: gdrive://www.googleapis.com/Good Sync/Eclips Projects/Moding Minecraft 1.12.2/Application/main/java/com/senpai/objects/blocks/machines/engineering/BlockEnergyStorage.java
2018-04-02 17:14:17: Change Analyzed: gdrive://www.googleapis.com/Good Sync/Eclips Projects/Moding Minecraft 1.12.2/Application/main/java/com/senpai/util/tileEntities/EnergyCell/TileEntityEnergyCell.java
2018-04-02 17:14:17: Change Analyzed: gdrive://www.googleapis.com/Good Sync/Eclips Projects/Moding Minecraft 1.12.2/Application/main/java/com/senpai/util/tileEntities/EnergyCell/GuiEnergyCell.java
2018-04-02 17:14:17: Change Analyzed: gdrive://www.googleapis.com/Good Sync/Eclips Projects/Moding Minecraft 1.12.2/Application/main/java/com/senpai/util/tileEntities/EnergyCell/GuiEnergyCell.java
2018-04-02 17:14:17: Change Analyzed: gdrive://www.googleapis.com/Good Sync/Eclips Projects/Moding Minecraft 1.12.2/Application/main/java/com/senpai/util/handlers/GuiHandler.java
2018-04-02 17:14:17: Change Analyzed: gdrive://www.googleapis.com/Good Sync/Eclips Projects/Moding Minecraft 1.12.2/Application/main/java/com/senpai/util/tileEntities/EnergyCell/GuiEnergyCell.java
2018-04-02 17:14:17: Change Analyzed: gdrive://www.googleapis.com/Good Sync/Eclips Projects/Moding Minecraft 1.12.2/Application/main/java/com/senpai/util/handlers/GuiHandler.java
2018-04-02 17:14:17: Change Analyzed: gdrive://www.googleapis.com/Good Sync/Eclips Projects/Moding Minecraft 1.12.2/Application/main/java/com/senpai/proxy/ClientProxy.java
2018-04-02 17:14:17: Change Analyzed: gdrive://www.googleapis.com/Good Sync/Eclips Projects/Moding Minecraft 1.12.2/Application/main/java/com/senpai/proxy/ClientProxy.java
2018-04-02 17:14:18: Change Analyzed: gdrive://www.googleapis.com/Good Sync/Eclips Projects/Moding Minecraft 1.12.2/Application/main/java/com/senpai/util/handlers/GuiHandler.java
2018-04-02 17:14:18: Change Analyzed: gdrive://www.googleapis.com/Good Sync/Eclips Projects/Moding Minecraft 1.12.2/Application/main/java/com/senpai/tileEntity/render/TileEntityEnergyCell.java
2018-04-02 17:14:18: Change Analyzed: gdrive://www.googleapis.com/Good Sync/Eclips Projects/Moding Minecraft 1.12.2/Application/main/java/com/senpai/objects/blocks/machines/engineering/BlockEnergyStorage.java
2018-04-02 17:14:18: On disk file:///S: space required for sync is 0 bytes, you have 1.25 TB
2018-04-02 17:14:18: On disk gdrive://www.googleapis.com space required for sync is 23.0 KB, you have 12.4 GB
2018-04-02 17:14:19: Changes: 3, Conflicts: 0, CopyTime: 0, FixState: 1, Errors: 0, All: 21958
2018-04-02 17:14:19: Left to Right: Copy File: 2 Delete File: 1 
2018-04-02 17:14:19: -- Analysis Complete. Time 00:00:05, Speed: 61 files/s
2018-04-02 17:14:19: == Sync Started by On File Change, After Delay, Under Runner
2018-04-02 17:14:19: Mod Sync: SYNC started by On File Change, After Delay, Under Runner on 'SENPAI_DESKTOP'
2018-04-02 17:14:19: =Data Storage:\Documents\MinecraftModding\xcraftmod\src (S:/Documents/MinecraftModding/xcraftmod/src) [TmpDest] <-> gdrive://www.googleapis.com/Good Sync/Eclips Projects/Moding Minecraft 1.12.2/Application [DirDest], RecycleTo_RecycleBin, SaveDays_RecycleBin=30d, ReconnectSecs=120, SyncWorkerThreads=99, OnFileChange Delay=5, Unattended, WaitForLocksMin=20, ResolveConflicts=NewerFileWins, AutoClear, LinksIgnore
2018-04-02 17:14:19: Sync State Merge: /main/java/com/senpai/proxy/ClientProxy.java
2018-04-02 17:14:20: Load Recycled DB: gdrive://www.googleapis.com/Good Sync/Eclips Projects/Moding Minecraft 1.12.2/Application/_gsdata_/_recycled_db._gs
2018-04-02 17:14:20: Delete File 'gdrive://www.googleapis.com/Good Sync/Eclips Projects/Moding Minecraft 1.12.2/Application/main/java/com/senpai/tileEntity/render/TileEntityEnergyCell.java'
2018-04-02 17:14:21: File Systems limited number of parallel threads to 20
2018-04-02 17:14:21: Start only 2 threads, limited by tasks to run
2018-04-02 17:14:23: Copy New 'S:/Documents/MinecraftModding/xcraftmod/src/main/java/com/senpai/tileEntity/TileEntityEnergyCell.java' -> 'gdrive://www.googleapis.com/Good Sync/Eclips Projects/Moding Minecraft 1.12.2/Application/main/java/com/senpai/tileEntity/TileEntityEnergyCell.java' (3732)
2018-04-02 17:14:24: Copy Over 'S:/Documents/MinecraftModding/xcraftmod/src/main/java/com/senpai/objects/blocks/machines/engineering/BlockEnergyStorage.java' -> 'gdrive://www.googleapis.com/Good Sync/Eclips Projects/Moding Minecraft 1.12.2/Application/main/java/com/senpai/objects/blocks/machines/engineering/BlockEnergyStorage.java' (18535)
2018-04-02 17:14:24: Change detected [1]: t=Modified path=/main/java/com/senpai/objects/blocks/machines/engineering/BlockEnergyStorage.java
2018-04-02 17:14:24: Change detected [1]: t=Created path=/main/java/com/senpai/objects/blocks/machines/engineering/BlockEnergyStorage.java
2018-04-02 17:14:24: Save State File S:/Documents/MinecraftModding/xcraftmod/src/_gsdata_/_file_state_v4._gs
2018-04-02 17:14:24: Change detected [1]: t=Modified path=/main/java/com/senpai/tileEntity/TileEntityEnergyCell.java
2018-04-02 17:14:24: Change detected [1]: t=Created path=/main/java/com/senpai/tileEntity/TileEntityEnergyCell.java
2018-04-02 17:14:24: Change detected [1]: t=MovedFrom path=/main/java/com/senpai/objects/blocks/machines/engineering/BlockEnergyStorage.java
2018-04-02 17:14:24: Change detected [1]: t=MovedFrom path=/main/java/com/senpai/tileEntity/render/TileEntityEnergyCell.java
2018-04-02 17:14:26: Save State File gdrive://www.googleapis.com/Good Sync/Eclips Projects/Moding Minecraft 1.12.2/Application/_gsdata_/_file_state_v4._gs
2018-04-02 17:14:26: Cleanup recycled files in S:/Documents/MinecraftModding/xcraftmod/src/_gsdata_/_saved_
2018-04-02 17:14:26: Load Recycled DB: S:/Documents/MinecraftModding/xcraftmod/src/_gsdata_/_recycled_db._gs
2018-04-02 17:14:26: Deleted old log file C:/Users/Senpai/AppData/Roaming/GoodSync/_mirrors_/file-=Data Storage-Documents-MinecraftModding-xcraftmod-src/2018-0326-171351-SENPAI_DESKTOP-Runner-Mod Sync.log
2018-04-02 17:14:26: Deleted old log file C:/Users/Senpai/AppData/Roaming/GoodSync/_mirrors_/file-=Data Storage-Documents-MinecraftModding-xcraftmod-src/2018-0326-171412-SENPAI_DESKTOP-Runner-Mod Sync.log
2018-04-02 17:14:26: Cleanup old logs in S:/Documents/MinecraftModding/xcraftmod/src/_gsdata_
2018-04-02 17:14:26: Delete log file S:/Documents/MinecraftModding/xcraftmod/src/_gsdata_/2018-0326-171351-SENPAI_DESKTOP-Runner-Mod Sync.log
2018-04-02 17:14:26: Cleanup recycled files in gdrive://www.googleapis.com/Good Sync/Eclips Projects/Moding Minecraft 1.12.2/Application/_gsdata_/_saved_
2018-04-02 17:14:27: Save Recycled DB: gdrive://www.googleapis.com/Good Sync/Eclips Projects/Moding Minecraft 1.12.2/Application/_gsdata_/_recycled_db._gs
2018-04-02 17:14:27: Deleted old log file C:/Users/Senpai/AppData/Roaming/GoodSync/_mirrors_/gdrive-Wicky_Gustave-0AGIAX4LCOy-XUk9PVA@www.googleapis.com-Good Sync-Eclips Projects-Moding Minecraft 1.12.2-Application/2018-0326-171351-SENPAI_DESKTOP-Runner-Mod Sync.log
2018-04-02 17:14:27: Deleted old log file C:/Users/Senpai/AppData/Roaming/GoodSync/_mirrors_/gdrive-Wicky_Gustave-0AGIAX4LCOy-XUk9PVA@www.googleapis.com-Good Sync-Eclips Projects-Moding Minecraft 1.12.2-Application/2018-0326-171412-SENPAI_DESKTOP-Runner-Mod Sync.log
2018-04-02 17:14:27: Cleanup old logs in gdrive://www.googleapis.com/Good Sync/Eclips Projects/Moding Minecraft 1.12.2/Application/_gsdata_
2018-04-02 17:14:28: Delete log file gdrive://www.googleapis.com/Good Sync/Eclips Projects/Moding Minecraft 1.12.2/Application/_gsdata_/2018-0326-171351-SENPAI_DESKTOP-Runner-Mod Sync.log
2018-04-02 17:14:28: == Sync Complete. Time: 00:00:09, Speed: 8.77 KB/s, OK: 4, Errors: 0
2018-04-02 17:14:28: Unlocking folder S:/Documents/MinecraftModding/xcraftmod/src/_gsdata_/lock.gsl
2018-04-02 17:14:28: Unlocking folder gdrive://www.googleapis.com/Good Sync/Eclips Projects/Moding Minecraft 1.12.2/Application/_gsdata_/lock.gsl
2018-04-02 17:14:29: 
