2018-04-04 03:00:45: Change detected [0]: t=Modified path=/main/resources/assets/sxm/models/item/shovel_tin.json
2018-04-04 03:00:45: Change detected [0]: t=Modified path=/main/resources/assets/sxm/models/item/shovel_tin.json
2018-04-04 03:00:46: Connected to S:\Documents\MinecraftModding\xcraftmod\src: S: NTFS: type=NTFS vol=Data Storage flags=3E706FF
2018-04-04 03:00:46: Connected to gdrive://www.googleapis.com/Good Sync/Eclips Projects/Moding Minecraft 1.12.2/Application
2018-04-04 03:00:46: Incremental Analyze for On File Change
2018-04-04 03:00:47: -- Analysis Started by On File Change, After Delay, Under Runner
2018-04-04 03:00:47: Mod Sync: ANALYSIS started by On File Change, After Delay, Under Runner on 'SENPAI_DESKTOP' (GoodSync 10.8.1.1)
2018-04-04 03:00:47: =Data Storage:\Documents\MinecraftModding\xcraftmod\src (S:/Documents/MinecraftModding/xcraftmod/src) [TmpDest] <-> gdrive://www.googleapis.com/Good Sync/Eclips Projects/Moding Minecraft 1.12.2/Application [DirDest], RecycleTo_RecycleBin, SaveDays_RecycleBin=30d, ReconnectSecs=120, SyncWorkerThreads=99, OnFileChange Delay=5, Unattended, WaitForLocksMin=20, ResolveConflicts=NewerFileWins, AutoClear, LinksIgnore
2018-04-04 03:00:47: Exclude Hidden, Exclude System, Exclude name *._gstmp|/System Volume Information|Thumbs.db|.DS_Store 
2018-04-04 03:00:47: Locking folder S:/Documents/MinecraftModding/xcraftmod/src for write
2018-04-04 03:00:47: Change Analyzed: S:/Documents/MinecraftModding/xcraftmod/src/main/resources/assets/sxm/models/item/slab_half_tin.json
2018-04-04 03:00:47: Change Analyzed: S:/Documents/MinecraftModding/xcraftmod/src/main/resources/assets/sxm/models/item/slab_half_tin.json
2018-04-04 03:00:47: Change Analyzed: S:/Documents/MinecraftModding/xcraftmod/src/main/resources/assets/sxm/models/item/shovel_tin.json
2018-04-04 03:00:47: Change Analyzed: S:/Documents/MinecraftModding/xcraftmod/src/main/resources/assets/sxm/models/item/shovel_tin.json
2018-04-04 03:00:47: Locking folder gdrive://www.googleapis.com/Good Sync/Eclips Projects/Moding Minecraft 1.12.2/Application for write
2018-04-04 03:00:48: Change Analyzed: gdrive://www.googleapis.com/Good Sync/Eclips Projects/Moding Minecraft 1.12.2/Application/main/resources/assets/sxm/models/item/stairs_tin.json
2018-04-04 03:00:49: Change Analyzed: gdrive://www.googleapis.com/Good Sync/Eclips Projects/Moding Minecraft 1.12.2/Application/main/resources/assets/sxm/models/item/stairs_tin.json
2018-04-04 03:00:49: Change Analyzed: gdrive://www.googleapis.com/Good Sync/Eclips Projects/Moding Minecraft 1.12.2/Application/main/resources/assets/sxm/models/item/stairs_tin.json
2018-04-04 03:00:49: On disk file:///S: space required for sync is 0 bytes, you have 1.25 TB
2018-04-04 03:00:49: On disk gdrive://www.googleapis.com space required for sync is 2.00 KB, you have 12.4 GB
2018-04-04 03:00:49: Changes: 2, Conflicts: 0, CopyTime: 0, FixState: 0, Errors: 0, All: 22364
2018-04-04 03:00:49: Left to Right: Copy File: 2 
2018-04-04 03:00:49: -- Analysis Complete. Time 00:00:04, Speed: 138 files/s
2018-04-04 03:00:49: == Sync Started by On File Change, After Delay, Under Runner
2018-04-04 03:00:49: Mod Sync: SYNC started by On File Change, After Delay, Under Runner on 'SENPAI_DESKTOP'
2018-04-04 03:00:49: =Data Storage:\Documents\MinecraftModding\xcraftmod\src (S:/Documents/MinecraftModding/xcraftmod/src) [TmpDest] <-> gdrive://www.googleapis.com/Good Sync/Eclips Projects/Moding Minecraft 1.12.2/Application [DirDest], RecycleTo_RecycleBin, SaveDays_RecycleBin=30d, ReconnectSecs=120, SyncWorkerThreads=99, OnFileChange Delay=5, Unattended, WaitForLocksMin=20, ResolveConflicts=NewerFileWins, AutoClear, LinksIgnore
2018-04-04 03:00:50: File Systems limited number of parallel threads to 20
2018-04-04 03:00:50: Start only 2 threads, limited by tasks to run
2018-04-04 03:00:52: Load Recycled DB: gdrive://www.googleapis.com/Good Sync/Eclips Projects/Moding Minecraft 1.12.2/Application/_gsdata_/_recycled_db._gs
2018-04-04 03:00:54: Copy Over 'S:/Documents/MinecraftModding/xcraftmod/src/main/resources/assets/sxm/models/item/slab_half_tin.json' -> 'gdrive://www.googleapis.com/Good Sync/Eclips Projects/Moding Minecraft 1.12.2/Application/main/resources/assets/sxm/models/item/slab_half_tin.json' (237)
2018-04-04 03:00:55: Copy Over 'S:/Documents/MinecraftModding/xcraftmod/src/main/resources/assets/sxm/models/item/shovel_tin.json' -> 'gdrive://www.googleapis.com/Good Sync/Eclips Projects/Moding Minecraft 1.12.2/Application/main/resources/assets/sxm/models/item/shovel_tin.json' (84)
2018-04-04 03:00:55: Save State File S:/Documents/MinecraftModding/xcraftmod/src/_gsdata_/_file_state_v4._gs
2018-04-04 03:00:56: Change detected [1]: t=Modified path=/main/resources/assets/sxm/models/item/slab_half_tin.json
2018-04-04 03:00:56: Change detected [1]: t=Modified path=/main/resources/assets/sxm/models/item/shovel_tin.json
2018-04-04 03:00:57: Change detected [1]: t=Created path=/main/resources/assets/sxm/models/item/shovel_tin.json
2018-04-04 03:00:57: Change detected [1]: t=Created path=/main/resources/assets/sxm/models/item/slab_half_tin.json
2018-04-04 03:00:57: Change detected [1]: t=MovedFrom path=/main/resources/assets/sxm/models/item/slab_half_tin.json
2018-04-04 03:00:57: Change detected [1]: t=MovedFrom path=/main/resources/assets/sxm/models/item/shovel_tin.json
2018-04-04 03:00:57: Save State File gdrive://www.googleapis.com/Good Sync/Eclips Projects/Moding Minecraft 1.12.2/Application/_gsdata_/_file_state_v4._gs
2018-04-04 03:00:58: Cleanup recycled files in S:/Documents/MinecraftModding/xcraftmod/src/_gsdata_/_saved_
2018-04-04 03:00:58: Load Recycled DB: S:/Documents/MinecraftModding/xcraftmod/src/_gsdata_/_recycled_db._gs
2018-04-04 03:00:58: Cleanup old logs in S:/Documents/MinecraftModding/xcraftmod/src/_gsdata_
2018-04-04 03:00:58: Cleanup recycled files in gdrive://www.googleapis.com/Good Sync/Eclips Projects/Moding Minecraft 1.12.2/Application/_gsdata_/_saved_
2018-04-04 03:00:59: Save Recycled DB: gdrive://www.googleapis.com/Good Sync/Eclips Projects/Moding Minecraft 1.12.2/Application/_gsdata_/_recycled_db._gs
2018-04-04 03:00:59: Cleanup old logs in gdrive://www.googleapis.com/Good Sync/Eclips Projects/Moding Minecraft 1.12.2/Application/_gsdata_
2018-04-04 03:00:59: == Sync Complete. Time: 00:00:10, Speed: 1.64 KB/s, OK: 2, Errors: 0
2018-04-04 03:00:59: Unlocking folder S:/Documents/MinecraftModding/xcraftmod/src/_gsdata_/lock.gsl
2018-04-04 03:00:59: Unlocking folder gdrive://www.googleapis.com/Good Sync/Eclips Projects/Moding Minecraft 1.12.2/Application/_gsdata_/lock.gsl
2018-04-04 03:01:00: 
