2018-04-04 01:47:14: Connected to S:\Documents\MinecraftModding\xcraftmod\src: S: NTFS: type=NTFS vol=Data Storage flags=3E706FF
2018-04-04 01:47:14: Connected to gdrive://www.googleapis.com/Good Sync/Eclips Projects/Moding Minecraft 1.12.2/Application
2018-04-04 01:47:14: Incremental Analyze for On File Change
2018-04-04 01:47:14: -- Analysis Started by On File Change, After Delay, Under Runner
2018-04-04 01:47:14: Mod Sync: ANALYSIS started by On File Change, After Delay, Under Runner on 'SENPAI_DESKTOP' (GoodSync 10.8.1.1)
2018-04-04 01:47:14: =Data Storage:\Documents\MinecraftModding\xcraftmod\src (S:/Documents/MinecraftModding/xcraftmod/src) [TmpDest] <-> gdrive://www.googleapis.com/Good Sync/Eclips Projects/Moding Minecraft 1.12.2/Application [DirDest], RecycleTo_RecycleBin, SaveDays_RecycleBin=30d, ReconnectSecs=120, SyncWorkerThreads=99, OnFileChange Delay=5, Unattended, WaitForLocksMin=20, ResolveConflicts=NewerFileWins, AutoClear, LinksIgnore
2018-04-04 01:47:14: Exclude Hidden, Exclude System, Exclude name *._gstmp|/System Volume Information|Thumbs.db|.DS_Store 
2018-04-04 01:47:14: Locking folder S:/Documents/MinecraftModding/xcraftmod/src for write
2018-04-04 01:47:14: Change Analyzed: S:/Documents/MinecraftModding/xcraftmod/src/main/java/com/senpai/blocks/BlockPlank.java
2018-04-04 01:47:14: Change Analyzed: S:/Documents/MinecraftModding/xcraftmod/src/main/java/com/senpai/blocks/BlockPlank.java
2018-04-04 01:47:14: Change Analyzed: S:/Documents/MinecraftModding/xcraftmod/src/main/java/com/senpai/blocks/BlockSaplings.java
2018-04-04 01:47:14: Change Analyzed: S:/Documents/MinecraftModding/xcraftmod/src/main/java/com/senpai/blocks/BlockSaplings.java
2018-04-04 01:47:14: Change Analyzed: S:/Documents/MinecraftModding/xcraftmod/src/main/java/com/senpai/entity/EntityCentaur.java
2018-04-04 01:47:14: Change Analyzed: S:/Documents/MinecraftModding/xcraftmod/src/main/java/com/senpai/entity/EntityCentaur.java
2018-04-04 01:47:14: Change Analyzed: S:/Documents/MinecraftModding/xcraftmod/src/main/java/com/senpai/items/basic/ItemChip.java
2018-04-04 01:47:14: Change Analyzed: S:/Documents/MinecraftModding/xcraftmod/src/main/java/com/senpai/items/basic/ItemChip.java
2018-04-04 01:47:14: Change Analyzed: S:/Documents/MinecraftModding/xcraftmod/src/main/java/com/senpai/tileEntity/TileEntityBlockBreaker.java
2018-04-04 01:47:14: Change Analyzed: S:/Documents/MinecraftModding/xcraftmod/src/main/java/com/senpai/tileEntity/TileEntityBlockBreaker.java
2018-04-04 01:47:14: Change Analyzed: S:/Documents/MinecraftModding/xcraftmod/src/main/java/com/senpai/world/biomes/BiomeCopper.java
2018-04-04 01:47:14: Change Analyzed: S:/Documents/MinecraftModding/xcraftmod/src/main/java/com/senpai/world/biomes/BiomeCopper.java
2018-04-04 01:47:14: Change Analyzed: S:/Documents/MinecraftModding/xcraftmod/src/main/java/com/senpai/blocks/BlockSaplings.java
2018-04-04 01:47:14: Locking folder gdrive://www.googleapis.com/Good Sync/Eclips Projects/Moding Minecraft 1.12.2/Application for write
2018-04-04 01:47:16: On disk file:///S: space required for sync is 0 bytes, you have 1.25 TB
2018-04-04 01:47:16: On disk gdrive://www.googleapis.com space required for sync is 30.0 KB, you have 12.4 GB
2018-04-04 01:47:16: Changes: 6, Conflicts: 0, CopyTime: 0, FixState: 0, Errors: 0, All: 22336
2018-04-04 01:47:16: Left to Right: Copy File: 6 
2018-04-04 01:47:16: -- Analysis Complete. Time 00:00:03, Speed: 184 files/s
2018-04-04 01:47:16: == Sync Started by On File Change, After Delay, Under Runner
2018-04-04 01:47:16: Mod Sync: SYNC started by On File Change, After Delay, Under Runner on 'SENPAI_DESKTOP'
2018-04-04 01:47:16: =Data Storage:\Documents\MinecraftModding\xcraftmod\src (S:/Documents/MinecraftModding/xcraftmod/src) [TmpDest] <-> gdrive://www.googleapis.com/Good Sync/Eclips Projects/Moding Minecraft 1.12.2/Application [DirDest], RecycleTo_RecycleBin, SaveDays_RecycleBin=30d, ReconnectSecs=120, SyncWorkerThreads=99, OnFileChange Delay=5, Unattended, WaitForLocksMin=20, ResolveConflicts=NewerFileWins, AutoClear, LinksIgnore
2018-04-04 01:47:17: File Systems limited number of parallel threads to 20
2018-04-04 01:47:17: Start only 6 threads, limited by tasks to run
2018-04-04 01:47:20: Load Recycled DB: gdrive://www.googleapis.com/Good Sync/Eclips Projects/Moding Minecraft 1.12.2/Application/_gsdata_/_recycled_db._gs
2018-04-04 01:47:22: Copy Over 'S:/Documents/MinecraftModding/xcraftmod/src/main/java/com/senpai/items/basic/ItemChip.java' -> 'gdrive://www.googleapis.com/Good Sync/Eclips Projects/Moding Minecraft 1.12.2/Application/main/java/com/senpai/items/basic/ItemChip.java' (2346)
2018-04-04 01:47:22: Copy Over 'S:/Documents/MinecraftModding/xcraftmod/src/main/java/com/senpai/tileEntity/TileEntityBlockBreaker.java' -> 'gdrive://www.googleapis.com/Good Sync/Eclips Projects/Moding Minecraft 1.12.2/Application/main/java/com/senpai/tileEntity/TileEntityBlockBreaker.java' (10346)
2018-04-04 01:47:22: Copy Over 'S:/Documents/MinecraftModding/xcraftmod/src/main/java/com/senpai/blocks/BlockPlank.java' -> 'gdrive://www.googleapis.com/Good Sync/Eclips Projects/Moding Minecraft 1.12.2/Application/main/java/com/senpai/blocks/BlockPlank.java' (3284)
2018-04-04 01:47:23: Copy Over 'S:/Documents/MinecraftModding/xcraftmod/src/main/java/com/senpai/blocks/BlockSaplings.java' -> 'gdrive://www.googleapis.com/Good Sync/Eclips Projects/Moding Minecraft 1.12.2/Application/main/java/com/senpai/blocks/BlockSaplings.java' (6864)
2018-04-04 01:47:23: Copy Over 'S:/Documents/MinecraftModding/xcraftmod/src/main/java/com/senpai/entity/EntityCentaur.java' -> 'gdrive://www.googleapis.com/Good Sync/Eclips Projects/Moding Minecraft 1.12.2/Application/main/java/com/senpai/entity/EntityCentaur.java' (2630)
2018-04-04 01:47:24: Change detected [1]: t=Modified path=/main/java/com/senpai/entity/EntityCentaur.java
2018-04-04 01:47:24: Change detected [1]: t=Created path=/main/java/com/senpai/entity/EntityCentaur.java
2018-04-04 01:47:26: Change detected [1]: t=Modified path=/main/java/com/senpai/tileEntity/TileEntityBlockBreaker.java
2018-04-04 01:47:26: Change detected [1]: t=Modified path=/main/java/com/senpai/blocks/BlockSaplings.java
2018-04-04 01:47:26: Change detected [1]: t=Modified path=/main/java/com/senpai/blocks/BlockPlank.java
2018-04-04 01:47:26: Change detected [1]: t=Modified path=/main/java/com/senpai/items/basic/ItemChip.java
2018-04-04 01:47:26: Change detected [1]: t=Created path=/main/java/com/senpai/tileEntity/TileEntityBlockBreaker.java
2018-04-04 01:47:26: Change detected [1]: t=Created path=/main/java/com/senpai/blocks/BlockPlank.java
2018-04-04 01:47:27: Change detected [1]: t=Created path=/main/java/com/senpai/blocks/BlockSaplings.java
2018-04-04 01:47:27: Change detected [1]: t=Created path=/main/java/com/senpai/items/basic/ItemChip.java
2018-04-04 01:47:27: Change detected [1]: t=MovedFrom path=/main/java/com/senpai/tileEntity/TileEntityBlockBreaker.java
2018-04-04 01:47:27: Change detected [1]: t=MovedFrom path=/main/java/com/senpai/items/basic/ItemChip.java
2018-04-04 01:47:28: Change detected [1]: t=MovedFrom path=/main/java/com/senpai/blocks/BlockSaplings.java
2018-04-04 01:47:28: Change detected [1]: t=MovedFrom path=/main/java/com/senpai/entity/EntityCentaur.java
2018-04-04 01:47:28: Change detected [1]: t=MovedFrom path=/main/java/com/senpai/blocks/BlockPlank.java
2018-04-04 01:47:29: Copy Over 'S:/Documents/MinecraftModding/xcraftmod/src/main/java/com/senpai/world/biomes/BiomeCopper.java' -> 'gdrive://www.googleapis.com/Good Sync/Eclips Projects/Moding Minecraft 1.12.2/Application/main/java/com/senpai/world/biomes/BiomeCopper.java' (1682)
2018-04-04 01:47:30: Save State File S:/Documents/MinecraftModding/xcraftmod/src/_gsdata_/_file_state_v4._gs
2018-04-04 01:47:31: Save State File gdrive://www.googleapis.com/Good Sync/Eclips Projects/Moding Minecraft 1.12.2/Application/_gsdata_/_file_state_v4._gs
2018-04-04 01:47:31: Cleanup recycled files in S:/Documents/MinecraftModding/xcraftmod/src/_gsdata_/_saved_
2018-04-04 01:47:31: Load Recycled DB: S:/Documents/MinecraftModding/xcraftmod/src/_gsdata_/_recycled_db._gs
2018-04-04 01:47:31: Deleted old log file C:/Users/Senpai/AppData/Roaming/GoodSync/_mirrors_/file-=Data Storage-Documents-MinecraftModding-xcraftmod-src/2018-0328-014655-SENPAI_DESKTOP-Runner-Mod Sync.log
2018-04-04 01:47:31: Deleted old log file C:/Users/Senpai/AppData/Roaming/GoodSync/_mirrors_/file-=Data Storage-Documents-MinecraftModding-xcraftmod-src/2018-0328-014716-SENPAI_DESKTOP-Runner-Mod Sync.log
2018-04-04 01:47:31: Cleanup old logs in S:/Documents/MinecraftModding/xcraftmod/src/_gsdata_
2018-04-04 01:47:31: Delete log file S:/Documents/MinecraftModding/xcraftmod/src/_gsdata_/2018-0328-014655-SENPAI_DESKTOP-Runner-Mod Sync.log
2018-04-04 01:47:31: Cleanup recycled files in gdrive://www.googleapis.com/Good Sync/Eclips Projects/Moding Minecraft 1.12.2/Application/_gsdata_/_saved_
2018-04-04 01:47:33: Save Recycled DB: gdrive://www.googleapis.com/Good Sync/Eclips Projects/Moding Minecraft 1.12.2/Application/_gsdata_/_recycled_db._gs
2018-04-04 01:47:33: Deleted old log file C:/Users/Senpai/AppData/Roaming/GoodSync/_mirrors_/gdrive-Wicky_Gustave-0AGIAX4LCOy-XUk9PVA@www.googleapis.com-Good Sync-Eclips Projects-Moding Minecraft 1.12.2-Application/2018-0328-014655-SENPAI_DESKTOP-Runner-Mod Sync.log
2018-04-04 01:47:33: Deleted old log file C:/Users/Senpai/AppData/Roaming/GoodSync/_mirrors_/gdrive-Wicky_Gustave-0AGIAX4LCOy-XUk9PVA@www.googleapis.com-Good Sync-Eclips Projects-Moding Minecraft 1.12.2-Application/2018-0328-014716-SENPAI_DESKTOP-Runner-Mod Sync.log
2018-04-04 01:47:33: Cleanup old logs in gdrive://www.googleapis.com/Good Sync/Eclips Projects/Moding Minecraft 1.12.2/Application/_gsdata_
2018-04-04 01:47:33: Delete log file gdrive://www.googleapis.com/Good Sync/Eclips Projects/Moding Minecraft 1.12.2/Application/_gsdata_/2018-0328-014655-SENPAI_DESKTOP-Runner-Mod Sync.log
2018-04-04 01:47:33: == Sync Complete. Time: 00:00:17, Speed: 3.50 KB/s, OK: 6, Errors: 0
2018-04-04 01:47:33: Unlocking folder S:/Documents/MinecraftModding/xcraftmod/src/_gsdata_/lock.gsl
2018-04-04 01:47:33: Unlocking folder gdrive://www.googleapis.com/Good Sync/Eclips Projects/Moding Minecraft 1.12.2/Application/_gsdata_/lock.gsl
2018-04-04 01:47:35: 
