2018-04-03 22:27:08: Connected to S:\Documents\MinecraftModding\xcraftmod\src: S: NTFS: type=NTFS vol=Data Storage flags=3E706FF
2018-04-03 22:27:08: Connected to gdrive://www.googleapis.com/Good Sync/Eclips Projects/Moding Minecraft 1.12.2/Application
2018-04-03 22:27:08: Incremental Analyze for On File Change
2018-04-03 22:27:09: -- Analysis Started by On File Change, After Delay, Under Runner
2018-04-03 22:27:09: Mod Sync: ANALYSIS started by On File Change, After Delay, Under Runner on 'SENPAI_DESKTOP' (GoodSync 10.8.1.1)
2018-04-03 22:27:09: =Data Storage:\Documents\MinecraftModding\xcraftmod\src (S:/Documents/MinecraftModding/xcraftmod/src) [TmpDest] <-> gdrive://www.googleapis.com/Good Sync/Eclips Projects/Moding Minecraft 1.12.2/Application [DirDest], RecycleTo_RecycleBin, SaveDays_RecycleBin=30d, ReconnectSecs=120, SyncWorkerThreads=99, OnFileChange Delay=5, Unattended, WaitForLocksMin=20, ResolveConflicts=NewerFileWins, AutoClear, LinksIgnore
2018-04-03 22:27:09: Exclude Hidden, Exclude System, Exclude name *._gstmp|/System Volume Information|Thumbs.db|.DS_Store 
2018-04-03 22:27:09: Locking folder S:/Documents/MinecraftModding/xcraftmod/src for write
2018-04-03 22:27:09: Change Analyzed: S:/Documents/MinecraftModding/xcraftmod/src/main/java/com/senpai/objects/blocks/item/ItemBlockBreaker.java
2018-04-03 22:27:09: Change Analyzed: S:/Documents/MinecraftModding/xcraftmod/src/main/java/com/senpai/objects/blocks/item/ItemBlockBreaker.java
2018-04-03 22:27:09: Change Analyzed: S:/Documents/MinecraftModding/xcraftmod/src/main/java/com/senpai/objects/blocks/item/ItemBlockBreaker.java
2018-04-03 22:27:09: Change Analyzed: S:/Documents/MinecraftModding/xcraftmod/src/main/java/com/senpai/objects/blocks/item/ItemBlockDoor.java
2018-04-03 22:27:09: Change Analyzed: S:/Documents/MinecraftModding/xcraftmod/src/main/java/com/senpai/objects/blocks/item/ItemBlockDoor.java
2018-04-03 22:27:09: Change Analyzed: S:/Documents/MinecraftModding/xcraftmod/src/main/java/com/senpai/objects/blocks/item/ItemBlockDoor.java
2018-04-03 22:27:09: Change Analyzed: S:/Documents/MinecraftModding/xcraftmod/src/main/java/com/senpai/objects/blocks/item/ItemBlockMeta.java
2018-04-03 22:27:09: Change Analyzed: S:/Documents/MinecraftModding/xcraftmod/src/main/java/com/senpai/objects/blocks/item/ItemBlockMeta.java
2018-04-03 22:27:09: Change Analyzed: S:/Documents/MinecraftModding/xcraftmod/src/main/java/com/senpai/objects/blocks/item/ItemBlockMeta.java
2018-04-03 22:27:09: Locking folder gdrive://www.googleapis.com/Good Sync/Eclips Projects/Moding Minecraft 1.12.2/Application for write
2018-04-03 22:27:10: /main/java/com/senpai/objects/blocks/item/ItemBlockBreaker.java: L:TimeSize<>; Warning: Older file to replace Newer file
2018-04-03 22:27:10: /main/java/com/senpai/objects/blocks/item/ItemBlockDoor.java: L:TimeSize<>; Warning: Older file to replace Newer file
2018-04-03 22:27:10: /main/java/com/senpai/objects/blocks/item/ItemBlockMeta.java: L:TimeSize<>; Warning: Older file to replace Newer file
2018-04-03 22:27:11: On disk file:///S: space required for sync is 0 bytes, you have 1.25 TB
2018-04-03 22:27:11: On disk gdrive://www.googleapis.com space required for sync is 9.00 KB, you have 12.4 GB
2018-04-03 22:27:11: Changes: 3, Conflicts: 0, CopyTime: 0, FixState: 0, Errors: 0, All: 22110
2018-04-03 22:27:11: Left to Right: Copy File: 3 
2018-04-03 22:27:11: -- Analysis Complete. Time 00:00:04, Speed: 106 files/s
2018-04-03 22:27:11: == Sync Started by On File Change, After Delay, Under Runner
2018-04-03 22:27:11: Mod Sync: SYNC started by On File Change, After Delay, Under Runner on 'SENPAI_DESKTOP'
2018-04-03 22:27:11: =Data Storage:\Documents\MinecraftModding\xcraftmod\src (S:/Documents/MinecraftModding/xcraftmod/src) [TmpDest] <-> gdrive://www.googleapis.com/Good Sync/Eclips Projects/Moding Minecraft 1.12.2/Application [DirDest], RecycleTo_RecycleBin, SaveDays_RecycleBin=30d, ReconnectSecs=120, SyncWorkerThreads=99, OnFileChange Delay=5, Unattended, WaitForLocksMin=20, ResolveConflicts=NewerFileWins, AutoClear, LinksIgnore
2018-04-03 22:27:11: File Systems limited number of parallel threads to 20
2018-04-03 22:27:11: Start only 3 threads, limited by tasks to run
2018-04-03 22:27:13: Load Recycled DB: gdrive://www.googleapis.com/Good Sync/Eclips Projects/Moding Minecraft 1.12.2/Application/_gsdata_/_recycled_db._gs
2018-04-03 22:27:14: Copy Over 'S:/Documents/MinecraftModding/xcraftmod/src/main/java/com/senpai/objects/blocks/item/ItemBlockBreaker.java' -> 'gdrive://www.googleapis.com/Good Sync/Eclips Projects/Moding Minecraft 1.12.2/Application/main/java/com/senpai/objects/blocks/item/ItemBlockBreaker.java' (1301)
2018-04-03 22:27:14: Copy Over 'S:/Documents/MinecraftModding/xcraftmod/src/main/java/com/senpai/objects/blocks/item/ItemBlockMeta.java' -> 'gdrive://www.googleapis.com/Good Sync/Eclips Projects/Moding Minecraft 1.12.2/Application/main/java/com/senpai/objects/blocks/item/ItemBlockMeta.java' (1194)
2018-04-03 22:27:15: Copy Over 'S:/Documents/MinecraftModding/xcraftmod/src/main/java/com/senpai/objects/blocks/item/ItemBlockDoor.java' -> 'gdrive://www.googleapis.com/Good Sync/Eclips Projects/Moding Minecraft 1.12.2/Application/main/java/com/senpai/objects/blocks/item/ItemBlockDoor.java' (4263)
2018-04-03 22:27:16: Save State File S:/Documents/MinecraftModding/xcraftmod/src/_gsdata_/_file_state_v4._gs
2018-04-03 22:27:17: Change detected [1]: t=Modified path=/main/java/com/senpai/objects/blocks/item/ItemBlockBreaker.java
2018-04-03 22:27:18: Change detected [1]: t=Modified path=/main/java/com/senpai/objects/blocks/item/ItemBlockMeta.java
2018-04-03 22:27:18: Change detected [1]: t=Modified path=/main/java/com/senpai/objects/blocks/item/ItemBlockDoor.java
2018-04-03 22:27:18: Change detected [1]: t=Created path=/main/java/com/senpai/objects/blocks/item/ItemBlockDoor.java
2018-04-03 22:27:18: Change detected [1]: t=Created path=/main/java/com/senpai/objects/blocks/item/ItemBlockMeta.java
2018-04-03 22:27:18: Change detected [1]: t=Created path=/main/java/com/senpai/objects/blocks/item/ItemBlockBreaker.java
2018-04-03 22:27:18: Change detected [1]: t=MovedFrom path=/main/java/com/senpai/objects/blocks/item/ItemBlockDoor.java
2018-04-03 22:27:18: Change detected [1]: t=MovedFrom path=/main/java/com/senpai/objects/blocks/item/ItemBlockMeta.java
2018-04-03 22:27:18: Change detected [1]: t=MovedFrom path=/main/java/com/senpai/objects/blocks/item/ItemBlockBreaker.java
2018-04-03 22:27:19: Change detected [0]: t=Modified path=/main/java/com/senpai/objects/blocks/item/ItemBlockDoor.java
2018-04-03 22:27:19: Save State File gdrive://www.googleapis.com/Good Sync/Eclips Projects/Moding Minecraft 1.12.2/Application/_gsdata_/_file_state_v4._gs
2018-04-03 22:27:19: Cleanup recycled files in S:/Documents/MinecraftModding/xcraftmod/src/_gsdata_/_saved_
2018-04-03 22:27:19: Load Recycled DB: S:/Documents/MinecraftModding/xcraftmod/src/_gsdata_/_recycled_db._gs
2018-04-03 22:27:19: Cleanup old logs in S:/Documents/MinecraftModding/xcraftmod/src/_gsdata_
2018-04-03 22:27:19: Cleanup recycled files in gdrive://www.googleapis.com/Good Sync/Eclips Projects/Moding Minecraft 1.12.2/Application/_gsdata_/_saved_
2018-04-03 22:27:20: Save Recycled DB: gdrive://www.googleapis.com/Good Sync/Eclips Projects/Moding Minecraft 1.12.2/Application/_gsdata_/_recycled_db._gs
2018-04-03 22:27:20: Deleted old log file C:/Users/Senpai/AppData/Roaming/GoodSync/_mirrors_/gdrive-Wicky_Gustave-0AGIAX4LCOy-XUk9PVA@www.googleapis.com-Good Sync-Eclips Projects-Moding Minecraft 1.12.2-Application/2018-0327-222700-SENPAI_DESKTOP-Runner-Mod Sync.log
2018-04-03 22:27:20: Cleanup old logs in gdrive://www.googleapis.com/Good Sync/Eclips Projects/Moding Minecraft 1.12.2/Application/_gsdata_
2018-04-03 22:27:20: == Sync Complete. Time: 00:00:09, Speed: 5.49 KB/s, OK: 3, Errors: 0
2018-04-03 22:27:20: Unlocking folder S:/Documents/MinecraftModding/xcraftmod/src/_gsdata_/lock.gsl
2018-04-03 22:27:20: Unlocking folder gdrive://www.googleapis.com/Good Sync/Eclips Projects/Moding Minecraft 1.12.2/Application/_gsdata_/lock.gsl
2018-04-03 22:27:23: Change detected [0]: t=Deleted path=/main/java/com/senpai/objects/blocks/BlockCotton.java
2018-04-03 22:27:24: 
