2018-04-04 02:41:19: Connected to S:\Documents\MinecraftModding\xcraftmod\src: S: NTFS: type=NTFS vol=Data Storage flags=3E706FF
2018-04-04 02:41:19: Connected to gdrive://www.googleapis.com/Good Sync/Eclips Projects/Moding Minecraft 1.12.2/Application
2018-04-04 02:41:19: Incremental Analyze for On File Change
2018-04-04 02:41:19: -- Analysis Started by On File Change, After Delay, Under Runner
2018-04-04 02:41:19: Mod Sync: ANALYSIS started by On File Change, After Delay, Under Runner on 'SENPAI_DESKTOP' (GoodSync 10.8.1.1)
2018-04-04 02:41:19: =Data Storage:\Documents\MinecraftModding\xcraftmod\src (S:/Documents/MinecraftModding/xcraftmod/src) [TmpDest] <-> gdrive://www.googleapis.com/Good Sync/Eclips Projects/Moding Minecraft 1.12.2/Application [DirDest], RecycleTo_RecycleBin, SaveDays_RecycleBin=30d, ReconnectSecs=120, SyncWorkerThreads=99, OnFileChange Delay=5, Unattended, WaitForLocksMin=20, ResolveConflicts=NewerFileWins, AutoClear, LinksIgnore
2018-04-04 02:41:19: Exclude Hidden, Exclude System, Exclude name *._gstmp|/System Volume Information|Thumbs.db|.DS_Store 
2018-04-04 02:41:19: Locking folder S:/Documents/MinecraftModding/xcraftmod/src for write
2018-04-04 02:41:19: Change Analyzed: S:/Documents/MinecraftModding/xcraftmod/src/main/resources/assets/sxm/models/item/tin_leggings.json
2018-04-04 02:41:19: Change Analyzed: S:/Documents/MinecraftModding/xcraftmod/src/main/resources/assets/sxm/models/item/leggings_tin.json
2018-04-04 02:41:19: Change Analyzed: S:/Documents/MinecraftModding/xcraftmod/src/main/resources/assets/sxm/models/item/tin_nugget.json
2018-04-04 02:41:19: Change Analyzed: S:/Documents/MinecraftModding/xcraftmod/src/main/resources/assets/sxm/models/item/nugget_tin.json
2018-04-04 02:41:19: Locking folder gdrive://www.googleapis.com/Good Sync/Eclips Projects/Moding Minecraft 1.12.2/Application for write
2018-04-04 02:41:21: Change Analyzed: gdrive://www.googleapis.com/Good Sync/Eclips Projects/Moding Minecraft 1.12.2/Application/main/resources/assets/sxm/models/item/pressure_plate_tin.json
2018-04-04 02:41:21: Change detected [0]: t=MovedFrom path=/main/resources/assets/sxm/models/item/tin_apple.json
2018-04-04 02:41:21: Change detected [0]: t=MovedTo path=/main/resources/assets/sxm/models/item/apple_tin.json
2018-04-04 02:41:21: Change Analyzed: gdrive://www.googleapis.com/Good Sync/Eclips Projects/Moding Minecraft 1.12.2/Application/main/resources/assets/sxm/models/item/pressure_plate_tin.json
2018-04-04 02:41:21: Change Analyzed: gdrive://www.googleapis.com/Good Sync/Eclips Projects/Moding Minecraft 1.12.2/Application/main/resources/assets/sxm/models/item/tin_pressure_plate.json
2018-04-04 02:41:21: Change Analyzed: gdrive://www.googleapis.com/Good Sync/Eclips Projects/Moding Minecraft 1.12.2/Application/main/resources/assets/sxm/models/item/ingot_tin.json
2018-04-04 02:41:21: Change Analyzed: gdrive://www.googleapis.com/Good Sync/Eclips Projects/Moding Minecraft 1.12.2/Application/main/resources/assets/sxm/models/item/ingot_tin.json
2018-04-04 02:41:21: Change Analyzed: gdrive://www.googleapis.com/Good Sync/Eclips Projects/Moding Minecraft 1.12.2/Application/main/resources/assets/sxm/models/item/tin_ingot.json
2018-04-04 02:41:22: Change Analyzed: gdrive://www.googleapis.com/Good Sync/Eclips Projects/Moding Minecraft 1.12.2/Application/main/resources/assets/sxm/models/item/ore_overworld_tin.json
2018-04-04 02:41:22: On disk file:///S: space required for sync is 0 bytes, you have 1.25 TB
2018-04-04 02:41:22: On disk gdrive://www.googleapis.com space required for sync is 0 bytes, you have 12.4 GB
2018-04-04 02:41:22: Changes: 4, Conflicts: 0, CopyTime: 0, FixState: 0, Errors: 0, All: 22353
2018-04-04 02:41:22: Left to Right: Rename/Move File/Folder: 4 
2018-04-04 02:41:22: -- Analysis Complete. Time 00:00:04, Speed: 138 files/s
2018-04-04 02:41:22: == Sync Started by On File Change, After Delay, Under Runner
2018-04-04 02:41:22: Mod Sync: SYNC started by On File Change, After Delay, Under Runner on 'SENPAI_DESKTOP'
2018-04-04 02:41:22: =Data Storage:\Documents\MinecraftModding\xcraftmod\src (S:/Documents/MinecraftModding/xcraftmod/src) [TmpDest] <-> gdrive://www.googleapis.com/Good Sync/Eclips Projects/Moding Minecraft 1.12.2/Application [DirDest], RecycleTo_RecycleBin, SaveDays_RecycleBin=30d, ReconnectSecs=120, SyncWorkerThreads=99, OnFileChange Delay=5, Unattended, WaitForLocksMin=20, ResolveConflicts=NewerFileWins, AutoClear, LinksIgnore
2018-04-04 02:41:22: File Systems limited number of parallel threads to 20
2018-04-04 02:41:22: Start only 4 threads, limited by tasks to run
2018-04-04 02:41:23: Move File gdrive://www.googleapis.com/Good Sync/Eclips Projects/Moding Minecraft 1.12.2/Application/main/resources/assets/sxm/models/item/tin_leggings.json -> gdrive://www.googleapis.com/Good Sync/Eclips Projects/Moding Minecraft 1.12.2/Application/main/resources/assets/sxm/models/item/leggings_tin.json
2018-04-04 02:41:24: Move File gdrive://www.googleapis.com/Good Sync/Eclips Projects/Moding Minecraft 1.12.2/Application/main/resources/assets/sxm/models/item/tin_nugget.json -> gdrive://www.googleapis.com/Good Sync/Eclips Projects/Moding Minecraft 1.12.2/Application/main/resources/assets/sxm/models/item/nugget_tin.json
2018-04-04 02:41:25: Save State File S:/Documents/MinecraftModding/xcraftmod/src/_gsdata_/_file_state_v4._gs
2018-04-04 02:41:26: Save State File gdrive://www.googleapis.com/Good Sync/Eclips Projects/Moding Minecraft 1.12.2/Application/_gsdata_/_file_state_v4._gs
2018-04-04 02:41:26: Cleanup recycled files in S:/Documents/MinecraftModding/xcraftmod/src/_gsdata_/_saved_
2018-04-04 02:41:26: Load Recycled DB: S:/Documents/MinecraftModding/xcraftmod/src/_gsdata_/_recycled_db._gs
2018-04-04 02:41:26: Deleted old log file C:/Users/Senpai/AppData/Roaming/GoodSync/_mirrors_/file-=Data Storage-Documents-MinecraftModding-xcraftmod-src/2018-0328-024101-SENPAI_DESKTOP-Runner-Mod Sync.log
2018-04-04 02:41:26: Cleanup old logs in S:/Documents/MinecraftModding/xcraftmod/src/_gsdata_
2018-04-04 02:41:26: Delete log file S:/Documents/MinecraftModding/xcraftmod/src/_gsdata_/2018-0328-024101-SENPAI_DESKTOP-Runner-Mod Sync.log
2018-04-04 02:41:26: Cleanup recycled files in gdrive://www.googleapis.com/Good Sync/Eclips Projects/Moding Minecraft 1.12.2/Application/_gsdata_/_saved_
2018-04-04 02:41:27: Load Recycled DB: gdrive://www.googleapis.com/Good Sync/Eclips Projects/Moding Minecraft 1.12.2/Application/_gsdata_/_recycled_db._gs
2018-04-04 02:41:27: Deleted old log file C:/Users/Senpai/AppData/Roaming/GoodSync/_mirrors_/gdrive-Wicky_Gustave-0AGIAX4LCOy-XUk9PVA@www.googleapis.com-Good Sync-Eclips Projects-Moding Minecraft 1.12.2-Application/2018-0328-024101-SENPAI_DESKTOP-Runner-Mod Sync.log
2018-04-04 02:41:27: Cleanup old logs in gdrive://www.googleapis.com/Good Sync/Eclips Projects/Moding Minecraft 1.12.2/Application/_gsdata_
2018-04-04 02:41:27: Delete log file gdrive://www.googleapis.com/Good Sync/Eclips Projects/Moding Minecraft 1.12.2/Application/_gsdata_/2018-0328-024101-SENPAI_DESKTOP-Runner-Mod Sync.log
2018-04-04 02:41:27: == Sync Complete. Time: 00:00:05, Speed: 4.00 KB/s, OK: 4, Errors: 0
2018-04-04 02:41:27: Unlocking folder S:/Documents/MinecraftModding/xcraftmod/src/_gsdata_/lock.gsl
2018-04-04 02:41:27: Unlocking folder gdrive://www.googleapis.com/Good Sync/Eclips Projects/Moding Minecraft 1.12.2/Application/_gsdata_/lock.gsl
2018-04-04 02:41:29: Change detected [1]: t=Modified path=/main/resources/assets/sxm/models/item/nugget_tin.json
2018-04-04 02:41:29: Change detected [1]: t=MovedTo path=/main/resources/assets/sxm/models/item/nugget_tin.json
2018-04-04 02:41:29: Change detected [1]: t=MovedFrom path=/main/resources/assets/sxm/models/item/tin_nugget.json
2018-04-04 02:41:29: Change detected [1]: t=Modified path=/main/resources/assets/sxm/models/item/leggings_tin.json
2018-04-04 02:41:29: Change detected [1]: t=MovedTo path=/main/resources/assets/sxm/models/item/leggings_tin.json
2018-04-04 02:41:29: Change detected [1]: t=MovedFrom path=/main/resources/assets/sxm/models/item/tin_leggings.json
2018-04-04 02:41:30: Change detected [0]: t=MovedFrom path=/main/resources/assets/sxm/models/item/tin_axe.json
2018-04-04 02:41:30: Change detected [0]: t=MovedTo path=/main/resources/assets/sxm/models/item/axe_tin.json
2018-04-04 02:41:30: 
