2018-04-04 03:06:34: Connected to S:\Documents\MinecraftModding\xcraftmod\src: S: NTFS: type=NTFS vol=Data Storage flags=3E706FF
2018-04-04 03:06:35: Connected to gdrive://www.googleapis.com/Good Sync/Eclips Projects/Moding Minecraft 1.12.2/Application
2018-04-04 03:06:35: Incremental Analyze for On File Change
2018-04-04 03:06:35: -- Analysis Started by On File Change, After Delay, Under Runner
2018-04-04 03:06:35: Mod Sync: ANALYSIS started by On File Change, After Delay, Under Runner on 'SENPAI_DESKTOP' (GoodSync 10.8.1.1)
2018-04-04 03:06:35: =Data Storage:\Documents\MinecraftModding\xcraftmod\src (S:/Documents/MinecraftModding/xcraftmod/src) [TmpDest] <-> gdrive://www.googleapis.com/Good Sync/Eclips Projects/Moding Minecraft 1.12.2/Application [DirDest], RecycleTo_RecycleBin, SaveDays_RecycleBin=30d, ReconnectSecs=120, SyncWorkerThreads=99, OnFileChange Delay=5, Unattended, WaitForLocksMin=20, ResolveConflicts=NewerFileWins, AutoClear, LinksIgnore
2018-04-04 03:06:35: Exclude Hidden, Exclude System, Exclude name *._gstmp|/System Volume Information|Thumbs.db|.DS_Store 
2018-04-04 03:06:35: Locking folder S:/Documents/MinecraftModding/xcraftmod/src for write
2018-04-04 03:06:35: Change Analyzed: S:/Documents/MinecraftModding/xcraftmod/src/main/resources/assets/sxm/blockstates/tin_stairs.json
2018-04-04 03:06:35: Change Analyzed: S:/Documents/MinecraftModding/xcraftmod/src/main/resources/assets/sxm/blockstates/stairs_tin.json
2018-04-04 03:06:35: Change Analyzed: S:/Documents/MinecraftModding/xcraftmod/src/main/resources/assets/sxm/blockstates/tin_slab_half.json
2018-04-04 03:06:35: Change Analyzed: S:/Documents/MinecraftModding/xcraftmod/src/main/resources/assets/sxm/blockstates/slab_half_tin.json
2018-04-04 03:06:35: Locking folder gdrive://www.googleapis.com/Good Sync/Eclips Projects/Moding Minecraft 1.12.2/Application for write
2018-04-04 03:06:36: Change detected [0]: t=MovedFrom path=/main/resources/assets/sxm/blockstates/tin_slab_double.json
2018-04-04 03:06:36: Change detected [0]: t=MovedTo path=/main/resources/assets/sxm/blockstates/slab_double_tin.json
2018-04-04 03:06:37: Change Analyzed: gdrive://www.googleapis.com/Good Sync/Eclips Projects/Moding Minecraft 1.12.2/Application/main/resources/assets/sxm/blockstates/button_tin.json
2018-04-04 03:06:37: Change Analyzed: gdrive://www.googleapis.com/Good Sync/Eclips Projects/Moding Minecraft 1.12.2/Application/main/resources/assets/sxm/blockstates/button_tin.json
2018-04-04 03:06:37: Change Analyzed: gdrive://www.googleapis.com/Good Sync/Eclips Projects/Moding Minecraft 1.12.2/Application/main/resources/assets/sxm/blockstates/tin_button.json
2018-04-04 03:06:37: Change Analyzed: gdrive://www.googleapis.com/Good Sync/Eclips Projects/Moding Minecraft 1.12.2/Application/main/resources/assets/sxm/blockstates/block_tin.json
2018-04-04 03:06:37: Change Analyzed: gdrive://www.googleapis.com/Good Sync/Eclips Projects/Moding Minecraft 1.12.2/Application/main/resources/assets/sxm/blockstates/block_tin.json
2018-04-04 03:06:37: Change Analyzed: gdrive://www.googleapis.com/Good Sync/Eclips Projects/Moding Minecraft 1.12.2/Application/main/resources/assets/sxm/blockstates/tin_block.json
2018-04-04 03:06:38: On disk file:///S: space required for sync is 0 bytes, you have 1.25 TB
2018-04-04 03:06:38: On disk gdrive://www.googleapis.com space required for sync is 0 bytes, you have 12.4 GB
2018-04-04 03:06:38: Changes: 4, Conflicts: 0, CopyTime: 0, FixState: 0, Errors: 0, All: 22373
2018-04-04 03:06:38: Left to Right: Rename/Move File/Folder: 4 
2018-04-04 03:06:38: -- Analysis Complete. Time 00:00:05, Speed: 110 files/s
2018-04-04 03:06:38: == Sync Started by On File Change, After Delay, Under Runner
2018-04-04 03:06:38: Mod Sync: SYNC started by On File Change, After Delay, Under Runner on 'SENPAI_DESKTOP'
2018-04-04 03:06:38: =Data Storage:\Documents\MinecraftModding\xcraftmod\src (S:/Documents/MinecraftModding/xcraftmod/src) [TmpDest] <-> gdrive://www.googleapis.com/Good Sync/Eclips Projects/Moding Minecraft 1.12.2/Application [DirDest], RecycleTo_RecycleBin, SaveDays_RecycleBin=30d, ReconnectSecs=120, SyncWorkerThreads=99, OnFileChange Delay=5, Unattended, WaitForLocksMin=20, ResolveConflicts=NewerFileWins, AutoClear, LinksIgnore
2018-04-04 03:06:38: File Systems limited number of parallel threads to 20
2018-04-04 03:06:38: Start only 4 threads, limited by tasks to run
2018-04-04 03:06:39: Move File gdrive://www.googleapis.com/Good Sync/Eclips Projects/Moding Minecraft 1.12.2/Application/main/resources/assets/sxm/blockstates/tin_slab_half.json -> gdrive://www.googleapis.com/Good Sync/Eclips Projects/Moding Minecraft 1.12.2/Application/main/resources/assets/sxm/blockstates/slab_half_tin.json
2018-04-04 03:06:40: Move File gdrive://www.googleapis.com/Good Sync/Eclips Projects/Moding Minecraft 1.12.2/Application/main/resources/assets/sxm/blockstates/tin_stairs.json -> gdrive://www.googleapis.com/Good Sync/Eclips Projects/Moding Minecraft 1.12.2/Application/main/resources/assets/sxm/blockstates/stairs_tin.json
2018-04-04 03:06:41: Save State File S:/Documents/MinecraftModding/xcraftmod/src/_gsdata_/_file_state_v4._gs
2018-04-04 03:06:42: Save State File gdrive://www.googleapis.com/Good Sync/Eclips Projects/Moding Minecraft 1.12.2/Application/_gsdata_/_file_state_v4._gs
2018-04-04 03:06:42: Cleanup recycled files in S:/Documents/MinecraftModding/xcraftmod/src/_gsdata_/_saved_
2018-04-04 03:06:42: Load Recycled DB: S:/Documents/MinecraftModding/xcraftmod/src/_gsdata_/_recycled_db._gs
2018-04-04 03:06:42: Cleanup old logs in S:/Documents/MinecraftModding/xcraftmod/src/_gsdata_
2018-04-04 03:06:42: Cleanup recycled files in gdrive://www.googleapis.com/Good Sync/Eclips Projects/Moding Minecraft 1.12.2/Application/_gsdata_/_saved_
2018-04-04 03:06:43: Load Recycled DB: gdrive://www.googleapis.com/Good Sync/Eclips Projects/Moding Minecraft 1.12.2/Application/_gsdata_/_recycled_db._gs
2018-04-04 03:06:43: Cleanup old logs in gdrive://www.googleapis.com/Good Sync/Eclips Projects/Moding Minecraft 1.12.2/Application/_gsdata_
2018-04-04 03:06:43: == Sync Complete. Time: 00:00:05, Speed: 4.00 KB/s, OK: 4, Errors: 0
2018-04-04 03:06:43: Unlocking folder S:/Documents/MinecraftModding/xcraftmod/src/_gsdata_/lock.gsl
2018-04-04 03:06:43: Unlocking folder gdrive://www.googleapis.com/Good Sync/Eclips Projects/Moding Minecraft 1.12.2/Application/_gsdata_/lock.gsl
2018-04-04 03:06:44: 
2018-04-04 03:06:44: Change detected [1]: t=Modified path=/main/resources/assets/sxm/blockstates/stairs_tin.json
