2018-04-03 18:43:48: Connected to S:\Documents\MinecraftModding\xcraftmod\src: S: NTFS: type=NTFS vol=Data Storage flags=3E706FF
2018-04-03 18:43:48: Connected to gdrive://www.googleapis.com/Good Sync/Eclips Projects/Moding Minecraft 1.12.2/Application
2018-04-03 18:43:48: Incremental Analyze for On File Change
2018-04-03 18:43:48: -- Analysis Started by On File Change, After Delay, Under Runner
2018-04-03 18:43:48: Mod Sync: ANALYSIS started by On File Change, After Delay, Under Runner on 'SENPAI_DESKTOP' (GoodSync 10.8.1.1)
2018-04-03 18:43:48: =Data Storage:\Documents\MinecraftModding\xcraftmod\src (S:/Documents/MinecraftModding/xcraftmod/src) [TmpDest] <-> gdrive://www.googleapis.com/Good Sync/Eclips Projects/Moding Minecraft 1.12.2/Application [DirDest], RecycleTo_RecycleBin, SaveDays_RecycleBin=30d, ReconnectSecs=120, SyncWorkerThreads=99, OnFileChange Delay=5, Unattended, WaitForLocksMin=20, ResolveConflicts=NewerFileWins, AutoClear, LinksIgnore
2018-04-03 18:43:48: Exclude Hidden, Exclude System, Exclude name *._gstmp|/System Volume Information|Thumbs.db|.DS_Store 
2018-04-03 18:43:48: Locking folder S:/Documents/MinecraftModding/xcraftmod/src for write
2018-04-03 18:43:48: Change Analyzed: S:/Documents/MinecraftModding/xcraftmod/src/main/resources/assets/sxm/models/item/core_advanced.json
2018-04-03 18:43:48: Change Analyzed: S:/Documents/MinecraftModding/xcraftmod/src/main/resources/assets/sxm/models/item/core_advanced.json
2018-04-03 18:43:48: Change Analyzed: S:/Documents/MinecraftModding/xcraftmod/src/main/resources/assets/sxm/models/item/core_basic.json
2018-04-03 18:43:48: Change Analyzed: S:/Documents/MinecraftModding/xcraftmod/src/main/resources/assets/sxm/models/item/core_basic.json
2018-04-03 18:43:48: Change Analyzed: S:/Documents/MinecraftModding/xcraftmod/src/main/resources/assets/sxm/models/block/core_centre_advanced.json
2018-04-03 18:43:48: Change Analyzed: S:/Documents/MinecraftModding/xcraftmod/src/main/resources/assets/sxm/models/block/core_centre_advanced.json
2018-04-03 18:43:48: Change Analyzed: S:/Documents/MinecraftModding/xcraftmod/src/main/resources/assets/sxm/models/block/core_centre_basic.json
2018-04-03 18:43:48: Change Analyzed: S:/Documents/MinecraftModding/xcraftmod/src/main/resources/assets/sxm/models/block/core_centre_basic.json
2018-04-03 18:43:48: Change Analyzed: S:/Documents/MinecraftModding/xcraftmod/src/main/resources/assets/sxm/models/block/core_connection_in_advanced.json
2018-04-03 18:43:48: Change Analyzed: S:/Documents/MinecraftModding/xcraftmod/src/main/resources/assets/sxm/models/block/core_connection_in_advanced.json
2018-04-03 18:43:48: Change Analyzed: S:/Documents/MinecraftModding/xcraftmod/src/main/resources/assets/sxm/models/block/core_connection_in_basic.json
2018-04-03 18:43:48: Change Analyzed: S:/Documents/MinecraftModding/xcraftmod/src/main/resources/assets/sxm/models/block/core_connection_in_basic.json
2018-04-03 18:43:48: Change Analyzed: S:/Documents/MinecraftModding/xcraftmod/src/main/resources/assets/sxm/models/block/core_connection_normal_advanced.json
2018-04-03 18:43:48: Change Analyzed: S:/Documents/MinecraftModding/xcraftmod/src/main/resources/assets/sxm/models/block/core_connection_normal_advanced.json
2018-04-03 18:43:48: Change Analyzed: S:/Documents/MinecraftModding/xcraftmod/src/main/resources/assets/sxm/models/block/core_connection_normal_basic.json
2018-04-03 18:43:48: Change Analyzed: S:/Documents/MinecraftModding/xcraftmod/src/main/resources/assets/sxm/models/block/core_connection_normal_basic.json
2018-04-03 18:43:48: Locking folder gdrive://www.googleapis.com/Good Sync/Eclips Projects/Moding Minecraft 1.12.2/Application for write
2018-04-03 18:43:51: Change Analyzed: gdrive://www.googleapis.com/Good Sync/Eclips Projects/Moding Minecraft 1.12.2/Application/main/resources/assets/sxm/models/block/core_connection_out_basic.json
2018-04-03 18:43:51: Change Analyzed: gdrive://www.googleapis.com/Good Sync/Eclips Projects/Moding Minecraft 1.12.2/Application/main/resources/assets/sxm/models/block/core_connection_out_basic.json
2018-04-03 18:43:51: Change Analyzed: gdrive://www.googleapis.com/Good Sync/Eclips Projects/Moding Minecraft 1.12.2/Application/main/resources/assets/sxm/models/block/core_connection_out_basic.json
2018-04-03 18:43:52: On disk file:///S: space required for sync is 0 bytes, you have 1.25 TB
2018-04-03 18:43:52: On disk gdrive://www.googleapis.com space required for sync is 38.0 KB, you have 12.4 GB
2018-04-03 18:43:52: Changes: 8, Conflicts: 0, CopyTime: 0, FixState: 0, Errors: 0, All: 22083
2018-04-03 18:43:52: Left to Right: Copy File: 8 
2018-04-03 18:43:52: -- Analysis Complete. Time 00:00:06, Speed: 66 files/s
2018-04-03 18:43:52: == Sync Started by On File Change, After Delay, Under Runner
2018-04-03 18:43:52: Mod Sync: SYNC started by On File Change, After Delay, Under Runner on 'SENPAI_DESKTOP'
2018-04-03 18:43:52: =Data Storage:\Documents\MinecraftModding\xcraftmod\src (S:/Documents/MinecraftModding/xcraftmod/src) [TmpDest] <-> gdrive://www.googleapis.com/Good Sync/Eclips Projects/Moding Minecraft 1.12.2/Application [DirDest], RecycleTo_RecycleBin, SaveDays_RecycleBin=30d, ReconnectSecs=120, SyncWorkerThreads=99, OnFileChange Delay=5, Unattended, WaitForLocksMin=20, ResolveConflicts=NewerFileWins, AutoClear, LinksIgnore
2018-04-03 18:43:52: File Systems limited number of parallel threads to 20
2018-04-03 18:43:52: Start only 8 threads, limited by tasks to run
2018-04-03 18:43:54: Load Recycled DB: gdrive://www.googleapis.com/Good Sync/Eclips Projects/Moding Minecraft 1.12.2/Application/_gsdata_/_recycled_db._gs
2018-04-03 18:43:57: Copy Over 'S:/Documents/MinecraftModding/xcraftmod/src/main/resources/assets/sxm/models/block/core_connection_in_advanced.json' -> 'gdrive://www.googleapis.com/Good Sync/Eclips Projects/Moding Minecraft 1.12.2/Application/main/resources/assets/sxm/models/block/core_connection_in_advanced.json' (1164)
2018-04-03 18:43:58: Change detected [1]: t=MovedFrom path=/main/resources/assets/sxm/models/block/core_connection_normal_basic.json
2018-04-03 18:43:58: Change detected [1]: t=Created path=/main/resources/assets/sxm/models/block/core_connection_in_basic.json
2018-04-03 18:43:58: Change detected [1]: t=MovedFrom path=/main/resources/assets/sxm/models/block/core_connection_normal_advanced.json
2018-04-03 18:43:58: Change detected [1]: t=Modified path=/main/resources/assets/sxm/models/block/core_connection_in_advanced.json
2018-04-03 18:43:58: Change detected [1]: t=Modified path=/main/resources/assets/sxm/models/block/core_centre_advanced.json
2018-04-03 18:43:58: Change detected [1]: t=Modified path=/main/resources/assets/sxm/models/block/core_centre_basic.json
2018-04-03 18:43:58: Change detected [1]: t=Created path=/main/resources/assets/sxm/models/block/core_centre_basic.json
2018-04-03 18:44:00: Change detected [1]: t=Created path=/main/resources/assets/sxm/models/block/core_connection_in_advanced.json
2018-04-03 18:44:00: Change detected [1]: t=MovedFrom path=/main/resources/assets/sxm/models/block/core_connection_in_basic.json
2018-04-03 18:44:01: Change detected [1]: t=Created path=/main/resources/assets/sxm/models/block/core_centre_advanced.json
2018-04-03 18:44:01: Change detected [1]: t=MovedFrom path=/main/resources/assets/sxm/models/block/core_connection_in_advanced.json
2018-04-03 18:44:01: Change detected [1]: t=MovedFrom path=/main/resources/assets/sxm/models/block/core_centre_basic.json
2018-04-03 18:44:01: Change detected [1]: t=MovedFrom path=/main/resources/assets/sxm/models/block/core_centre_advanced.json
2018-04-03 18:44:02: Copy Over 'S:/Documents/MinecraftModding/xcraftmod/src/main/resources/assets/sxm/models/block/core_centre_basic.json' -> 'gdrive://www.googleapis.com/Good Sync/Eclips Projects/Moding Minecraft 1.12.2/Application/main/resources/assets/sxm/models/block/core_centre_basic.json' (4212)
2018-04-03 18:44:03: Copy Over 'S:/Documents/MinecraftModding/xcraftmod/src/main/resources/assets/sxm/models/block/core_centre_advanced.json' -> 'gdrive://www.googleapis.com/Good Sync/Eclips Projects/Moding Minecraft 1.12.2/Application/main/resources/assets/sxm/models/block/core_centre_advanced.json' (4218)
2018-04-03 18:44:03: Copy Over 'S:/Documents/MinecraftModding/xcraftmod/src/main/resources/assets/sxm/models/block/core_connection_in_basic.json' -> 'gdrive://www.googleapis.com/Good Sync/Eclips Projects/Moding Minecraft 1.12.2/Application/main/resources/assets/sxm/models/block/core_connection_in_basic.json' (1158)
2018-04-03 18:44:03: Copy Over 'S:/Documents/MinecraftModding/xcraftmod/src/main/resources/assets/sxm/models/item/core_advanced.json' -> 'gdrive://www.googleapis.com/Good Sync/Eclips Projects/Moding Minecraft 1.12.2/Application/main/resources/assets/sxm/models/item/core_advanced.json' (10142)
2018-04-03 18:44:04: Copy Over 'S:/Documents/MinecraftModding/xcraftmod/src/main/resources/assets/sxm/models/block/core_connection_normal_advanced.json' -> 'gdrive://www.googleapis.com/Good Sync/Eclips Projects/Moding Minecraft 1.12.2/Application/main/resources/assets/sxm/models/block/core_connection_normal_advanced.json' (1055)
2018-04-03 18:44:04: Copy Over 'S:/Documents/MinecraftModding/xcraftmod/src/main/resources/assets/sxm/models/block/core_connection_normal_basic.json' -> 'gdrive://www.googleapis.com/Good Sync/Eclips Projects/Moding Minecraft 1.12.2/Application/main/resources/assets/sxm/models/block/core_connection_normal_basic.json' (1049)
2018-04-03 18:44:06: Copy Over 'S:/Documents/MinecraftModding/xcraftmod/src/main/resources/assets/sxm/models/item/core_basic.json' -> 'gdrive://www.googleapis.com/Good Sync/Eclips Projects/Moding Minecraft 1.12.2/Application/main/resources/assets/sxm/models/item/core_basic.json' (10136)
2018-04-03 18:44:06: Save State File S:/Documents/MinecraftModding/xcraftmod/src/_gsdata_/_file_state_v4._gs
2018-04-03 18:44:08: Save State File gdrive://www.googleapis.com/Good Sync/Eclips Projects/Moding Minecraft 1.12.2/Application/_gsdata_/_file_state_v4._gs
2018-04-03 18:44:08: Cleanup recycled files in S:/Documents/MinecraftModding/xcraftmod/src/_gsdata_/_saved_
2018-04-03 18:44:08: Load Recycled DB: S:/Documents/MinecraftModding/xcraftmod/src/_gsdata_/_recycled_db._gs
2018-04-03 18:44:08: Cleanup old logs in S:/Documents/MinecraftModding/xcraftmod/src/_gsdata_
2018-04-03 18:44:08: Cleanup recycled files in gdrive://www.googleapis.com/Good Sync/Eclips Projects/Moding Minecraft 1.12.2/Application/_gsdata_/_saved_
2018-04-03 18:44:09: Save Recycled DB: gdrive://www.googleapis.com/Good Sync/Eclips Projects/Moding Minecraft 1.12.2/Application/_gsdata_/_recycled_db._gs
2018-04-03 18:44:09: Cleanup old logs in gdrive://www.googleapis.com/Good Sync/Eclips Projects/Moding Minecraft 1.12.2/Application/_gsdata_
2018-04-03 18:44:09: == Sync Complete. Time: 00:00:17, Speed: 4.97 KB/s, OK: 8, Errors: 0
2018-04-03 18:44:09: Unlocking folder S:/Documents/MinecraftModding/xcraftmod/src/_gsdata_/lock.gsl
2018-04-03 18:44:09: Unlocking folder gdrive://www.googleapis.com/Good Sync/Eclips Projects/Moding Minecraft 1.12.2/Application/_gsdata_/lock.gsl
2018-04-03 18:44:11: Change detected [1]: t=Modified path=/main/resources/assets/sxm/models/item/core_basic.json
2018-04-03 18:44:12: Change detected [1]: t=Created path=/main/resources/assets/sxm/models/item/core_basic.json
2018-04-03 18:44:12: Change detected [1]: t=Modified path=/main/resources/assets/sxm/models/block/core_connection_normal_basic.json
2018-04-03 18:44:12: Change detected [1]: t=Modified path=/main/resources/assets/sxm/models/block/core_connection_normal_advanced.json
2018-04-03 18:44:12: Change detected [1]: t=Modified path=/main/resources/assets/sxm/models/item/core_advanced.json
2018-04-03 18:44:12: Change detected [1]: t=MovedFrom path=/main/resources/assets/sxm/models/item/core_basic.json
2018-04-03 18:44:12: Change detected [1]: t=Created path=/main/resources/assets/sxm/models/block/core_connection_normal_advanced.json
2018-04-03 18:44:13: Change detected [1]: t=Created path=/main/resources/assets/sxm/models/block/core_connection_normal_basic.json
2018-04-03 18:44:13: Change detected [1]: t=Created path=/main/resources/assets/sxm/models/item/core_advanced.json
2018-04-03 18:44:13: Change detected [1]: t=Modified path=/main/resources/assets/sxm/models/block/core_connection_in_basic.json
2018-04-03 18:44:13: Change detected [1]: t=MovedFrom path=/main/resources/assets/sxm/models/item/core_advanced.json
2018-04-03 18:44:14: 
