2018-04-02 19:00:43: Connected to S:\Documents\MinecraftModding\xcraftmod\src: S: NTFS: type=NTFS vol=Data Storage flags=3E706FF
2018-04-02 19:00:44: Connected to gdrive://www.googleapis.com/Good Sync/Eclips Projects/Moding Minecraft 1.12.2/Application
2018-04-02 19:00:44: Incremental Analyze for On File Change
2018-04-02 19:00:44: -- Analysis Started by On File Change, After Delay, Under Runner
2018-04-02 19:00:44: Mod Sync: ANALYSIS started by On File Change, After Delay, Under Runner on 'SENPAI_DESKTOP' (GoodSync 10.8.1.1)
2018-04-02 19:00:44: =Data Storage:\Documents\MinecraftModding\xcraftmod\src (S:/Documents/MinecraftModding/xcraftmod/src) [TmpDest] <-> gdrive://www.googleapis.com/Good Sync/Eclips Projects/Moding Minecraft 1.12.2/Application [DirDest], RecycleTo_RecycleBin, SaveDays_RecycleBin=30d, ReconnectSecs=120, SyncWorkerThreads=99, OnFileChange Delay=5, Unattended, WaitForLocksMin=20, ResolveConflicts=NewerFileWins, AutoClear, LinksIgnore
2018-04-02 19:00:44: Exclude Hidden, Exclude System, Exclude name *._gstmp|/System Volume Information|Thumbs.db|.DS_Store 
2018-04-02 19:00:44: Locking folder S:/Documents/MinecraftModding/xcraftmod/src for write
2018-04-02 19:00:44: Change Analyzed: S:/Documents/MinecraftModding/xcraftmod/src/main/resources/assets/sxm/textures/blocks/ctm
2018-04-02 19:00:44: Scan Newly Added Folder: S:/Documents/MinecraftModding/xcraftmod/src/main/resources/assets/sxm/textures/blocks/ctm
2018-04-02 19:00:44: Change Analyzed: S:/Documents/MinecraftModding/xcraftmod/src/main/resources/assets/sxm/textures/blocks/ctm/canvas.ctx
2018-04-02 19:00:44: Change Analyzed: S:/Documents/MinecraftModding/xcraftmod/src/main/resources/assets/sxm/textures/blocks/ctm/canvas.ctx
2018-04-02 19:00:44: Change Analyzed: S:/Documents/MinecraftModding/xcraftmod/src/main/resources/assets/sxm/textures/blocks/ctm/canvas.ctx
2018-04-02 19:00:44: Change Analyzed: S:/Documents/MinecraftModding/xcraftmod/src/main/resources/assets/sxm/textures/blocks/ctm/canvas.png
2018-04-02 19:00:44: Change Analyzed: S:/Documents/MinecraftModding/xcraftmod/src/main/resources/assets/sxm/textures/blocks/ctm/canvas.png
2018-04-02 19:00:44: Change Analyzed: S:/Documents/MinecraftModding/xcraftmod/src/main/resources/assets/sxm/textures/blocks/ctm/canvas.png
2018-04-02 19:00:44: Change Analyzed: S:/Documents/MinecraftModding/xcraftmod/src/main/resources/assets/sxm/textures/blocks/ctm/machine_advanced.ctx
2018-04-02 19:00:44: Change Analyzed: S:/Documents/MinecraftModding/xcraftmod/src/main/resources/assets/sxm/textures/blocks/ctm/machine_advanced.ctx
2018-04-02 19:00:44: Change Analyzed: S:/Documents/MinecraftModding/xcraftmod/src/main/resources/assets/sxm/textures/blocks/ctm/machine_advanced.ctx
2018-04-02 19:00:44: Change Analyzed: S:/Documents/MinecraftModding/xcraftmod/src/main/resources/assets/sxm/textures/blocks/ctm/machine_advanced.png
2018-04-02 19:00:44: Change Analyzed: S:/Documents/MinecraftModding/xcraftmod/src/main/resources/assets/sxm/textures/blocks/ctm/machine_advanced.png
2018-04-02 19:00:44: Change Analyzed: S:/Documents/MinecraftModding/xcraftmod/src/main/resources/assets/sxm/textures/blocks/ctm/machine_advanced.png
2018-04-02 19:00:44: Change Analyzed: S:/Documents/MinecraftModding/xcraftmod/src/main/resources/assets/sxm/textures/blocks/ctm/machine_basic.ctx
2018-04-02 19:00:44: Change Analyzed: S:/Documents/MinecraftModding/xcraftmod/src/main/resources/assets/sxm/textures/blocks/ctm/machine_basic.ctx
2018-04-02 19:00:44: Change Analyzed: S:/Documents/MinecraftModding/xcraftmod/src/main/resources/assets/sxm/textures/blocks/ctm/machine_basic.ctx
2018-04-02 19:00:44: Change Analyzed: S:/Documents/MinecraftModding/xcraftmod/src/main/resources/assets/sxm/textures/blocks/ctm/machine_basic.png
2018-04-02 19:00:44: Change Analyzed: S:/Documents/MinecraftModding/xcraftmod/src/main/resources/assets/sxm/textures/blocks/ctm/machine_basic.png
2018-04-02 19:00:44: Change Analyzed: S:/Documents/MinecraftModding/xcraftmod/src/main/resources/assets/sxm/textures/blocks/ctm/machine_basic.png
2018-04-02 19:00:44: Change Analyzed: S:/Documents/MinecraftModding/xcraftmod/src/main/resources/assets/sxm/textures/blocks/block_breaker_advanced.png
2018-04-02 19:00:44: Change Analyzed: S:/Documents/MinecraftModding/xcraftmod/src/main/resources/assets/sxm/textures/blocks/block_breaker_advanced.png
2018-04-02 19:00:44: Change Analyzed: S:/Documents/MinecraftModding/xcraftmod/src/main/resources/assets/sxm/textures/blocks/block_breaker_advanced.png
2018-04-02 19:00:44: Change Analyzed: S:/Documents/MinecraftModding/xcraftmod/src/main/resources/assets/sxm/textures/blocks/block_breaker_advanced_front.png
2018-04-02 19:00:44: Change Analyzed: S:/Documents/MinecraftModding/xcraftmod/src/main/resources/assets/sxm/textures/blocks/block_breaker_advanced_front.png
2018-04-02 19:00:44: Change Analyzed: S:/Documents/MinecraftModding/xcraftmod/src/main/resources/assets/sxm/textures/blocks/block_breaker_advanced_front.png
2018-04-02 19:00:44: Change Analyzed: S:/Documents/MinecraftModding/xcraftmod/src/main/resources/assets/sxm/textures/blocks/block_breaker_advanced_front_activated.png
2018-04-02 19:00:44: Change Analyzed: S:/Documents/MinecraftModding/xcraftmod/src/main/resources/assets/sxm/textures/blocks/block_breaker_advanced_front_activated.png
2018-04-02 19:00:44: Change Analyzed: S:/Documents/MinecraftModding/xcraftmod/src/main/resources/assets/sxm/textures/blocks/block_breaker_advanced_front_activated.png
2018-04-02 19:00:44: Change Analyzed: S:/Documents/MinecraftModding/xcraftmod/src/main/resources/assets/sxm/textures/blocks/block_breaker_advanced_front_activated.png.mcmeta
2018-04-02 19:00:44: Change Analyzed: S:/Documents/MinecraftModding/xcraftmod/src/main/resources/assets/sxm/textures/blocks/block_breaker_advanced_front_activated.png.mcmeta
2018-04-02 19:00:44: Change Analyzed: S:/Documents/MinecraftModding/xcraftmod/src/main/resources/assets/sxm/textures/blocks/block_breaker_advanced_front_activated.png.mcmeta
2018-04-02 19:00:44: Change Analyzed: S:/Documents/MinecraftModding/xcraftmod/src/main/resources/assets/sxm/textures/blocks/block_breaker_basic.png
2018-04-02 19:00:44: Change Analyzed: S:/Documents/MinecraftModding/xcraftmod/src/main/resources/assets/sxm/textures/blocks/block_breaker_basic.png
2018-04-02 19:00:44: Change Analyzed: S:/Documents/MinecraftModding/xcraftmod/src/main/resources/assets/sxm/textures/blocks/block_breaker_basic.png
2018-04-02 19:00:44: Change Analyzed: S:/Documents/MinecraftModding/xcraftmod/src/main/resources/assets/sxm/textures/blocks/block_breaker_basic_front.png
2018-04-02 19:00:44: Change Analyzed: S:/Documents/MinecraftModding/xcraftmod/src/main/resources/assets/sxm/textures/blocks/block_breaker_basic_front.png
2018-04-02 19:00:44: Change Analyzed: S:/Documents/MinecraftModding/xcraftmod/src/main/resources/assets/sxm/textures/blocks/block_breaker_basic_front.png
2018-04-02 19:00:44: Change Analyzed: S:/Documents/MinecraftModding/xcraftmod/src/main/resources/assets/sxm/textures/blocks/block_breaker_basic_front_activated.png
2018-04-02 19:00:44: Change Analyzed: S:/Documents/MinecraftModding/xcraftmod/src/main/resources/assets/sxm/textures/blocks/block_breaker_basic_front_activated.png
2018-04-02 19:00:44: Change Analyzed: S:/Documents/MinecraftModding/xcraftmod/src/main/resources/assets/sxm/textures/blocks/block_breaker_basic_front_activated.png
2018-04-02 19:00:44: Change Analyzed: S:/Documents/MinecraftModding/xcraftmod/src/main/resources/assets/sxm/textures/blocks/block_breaker_basic_front_activated.png.mcmeta
2018-04-02 19:00:44: Change Analyzed: S:/Documents/MinecraftModding/xcraftmod/src/main/resources/assets/sxm/textures/blocks/block_breaker_basic_front_activated.png.mcmeta
2018-04-02 19:00:44: Change Analyzed: S:/Documents/MinecraftModding/xcraftmod/src/main/resources/assets/sxm/textures/blocks/block_breaker_basic_front_activated.png.mcmeta
2018-04-02 19:00:44: Change Analyzed: S:/Documents/MinecraftModding/xcraftmod/src/main/resources/assets/sxm/textures/blocks/block_breaker_front_advanced.png
2018-04-02 19:00:44: Change Analyzed: S:/Documents/MinecraftModding/xcraftmod/src/main/resources/assets/sxm/textures/blocks/block_breaker_front_advanced.png
2018-04-02 19:00:44: Change Analyzed: S:/Documents/MinecraftModding/xcraftmod/src/main/resources/assets/sxm/textures/blocks/block_breaker_front_advanced.png
2018-04-02 19:00:44: Change Analyzed: S:/Documents/MinecraftModding/xcraftmod/src/main/resources/assets/sxm/textures/blocks/block_breaker_front_advanced_activated.png
2018-04-02 19:00:44: Change Analyzed: S:/Documents/MinecraftModding/xcraftmod/src/main/resources/assets/sxm/textures/blocks/block_breaker_front_advanced_activated.png
2018-04-02 19:00:44: Change Analyzed: S:/Documents/MinecraftModding/xcraftmod/src/main/resources/assets/sxm/textures/blocks/block_breaker_front_advanced_activated.png
2018-04-02 19:00:44: Change Analyzed: S:/Documents/MinecraftModding/xcraftmod/src/main/resources/assets/sxm/textures/blocks/block_breaker_front_advanced_activated.png.mcmeta
2018-04-02 19:00:44: Change Analyzed: S:/Documents/MinecraftModding/xcraftmod/src/main/resources/assets/sxm/textures/blocks/block_breaker_front_advanced_activated.png.mcmeta
2018-04-02 19:00:44: Change Analyzed: S:/Documents/MinecraftModding/xcraftmod/src/main/resources/assets/sxm/textures/blocks/block_breaker_front_advanced_activated.png.mcmeta
2018-04-02 19:00:44: Change Analyzed: S:/Documents/MinecraftModding/xcraftmod/src/main/resources/assets/sxm/textures/blocks/block_breaker_front_basic.png
2018-04-02 19:00:44: Change Analyzed: S:/Documents/MinecraftModding/xcraftmod/src/main/resources/assets/sxm/textures/blocks/block_breaker_front_basic.png
2018-04-02 19:00:44: Change Analyzed: S:/Documents/MinecraftModding/xcraftmod/src/main/resources/assets/sxm/textures/blocks/block_breaker_front_basic.png
2018-04-02 19:00:44: Change Analyzed: S:/Documents/MinecraftModding/xcraftmod/src/main/resources/assets/sxm/textures/blocks/block_breaker_front_basic_activated.png
2018-04-02 19:00:44: Change Analyzed: S:/Documents/MinecraftModding/xcraftmod/src/main/resources/assets/sxm/textures/blocks/block_breaker_front_basic_activated.png
2018-04-02 19:00:44: Change Analyzed: S:/Documents/MinecraftModding/xcraftmod/src/main/resources/assets/sxm/textures/blocks/block_breaker_front_basic_activated.png
2018-04-02 19:00:44: Change Analyzed: S:/Documents/MinecraftModding/xcraftmod/src/main/resources/assets/sxm/textures/blocks/block_breaker_front_basic_activated.png.mcmeta
2018-04-02 19:00:44: Change Analyzed: S:/Documents/MinecraftModding/xcraftmod/src/main/resources/assets/sxm/textures/blocks/block_breaker_front_basic_activated.png.mcmeta
2018-04-02 19:00:44: Change Analyzed: S:/Documents/MinecraftModding/xcraftmod/src/main/resources/assets/sxm/textures/blocks/block_breaker_front_basic_activated.png.mcmeta
2018-04-02 19:00:44: Change Analyzed: S:/Documents/MinecraftModding/xcraftmod/src/main/resources/assets/sxm/textures/blocks/block_breaker_side_advanced.png
2018-04-02 19:00:44: Change Analyzed: S:/Documents/MinecraftModding/xcraftmod/src/main/resources/assets/sxm/textures/blocks/block_breaker_side_advanced.png
2018-04-02 19:00:44: Change Analyzed: S:/Documents/MinecraftModding/xcraftmod/src/main/resources/assets/sxm/textures/blocks/block_breaker_side_advanced.png
2018-04-02 19:00:44: Change Analyzed: S:/Documents/MinecraftModding/xcraftmod/src/main/resources/assets/sxm/textures/blocks/block_breaker_side_basic.png
2018-04-02 19:00:44: Change Analyzed: S:/Documents/MinecraftModding/xcraftmod/src/main/resources/assets/sxm/textures/blocks/block_breaker_side_basic.png
2018-04-02 19:00:44: Change Analyzed: S:/Documents/MinecraftModding/xcraftmod/src/main/resources/assets/sxm/textures/blocks/block_breaker_side_basic.png
2018-04-02 19:00:44: Change Analyzed: S:/Documents/MinecraftModding/xcraftmod/src/main/resources/assets/sxm/textures/blocks/block_placer_side_advanced.png
2018-04-02 19:00:44: Change Analyzed: S:/Documents/MinecraftModding/xcraftmod/src/main/resources/assets/sxm/textures/blocks/block_placer_side_advanced.png
2018-04-02 19:00:44: Change Analyzed: S:/Documents/MinecraftModding/xcraftmod/src/main/resources/assets/sxm/textures/blocks/block_placer_side_advanced.png
2018-04-02 19:00:44: Change Analyzed: S:/Documents/MinecraftModding/xcraftmod/src/main/resources/assets/sxm/textures/blocks/block_placer_side_basic.png
2018-04-02 19:00:44: Change Analyzed: S:/Documents/MinecraftModding/xcraftmod/src/main/resources/assets/sxm/textures/blocks/block_placer_side_basic.png
2018-04-02 19:00:44: Change Analyzed: S:/Documents/MinecraftModding/xcraftmod/src/main/resources/assets/sxm/textures/blocks/block_placer_side_basic.png
2018-04-02 19:00:44: Change Analyzed: S:/Documents/MinecraftModding/xcraftmod/src/main/resources/assets/sxm/textures/blocks/canvas.png
2018-04-02 19:00:44: Change Analyzed: S:/Documents/MinecraftModding/xcraftmod/src/main/resources/assets/sxm/textures/blocks/canvas.png
2018-04-02 19:00:44: Change Analyzed: S:/Documents/MinecraftModding/xcraftmod/src/main/resources/assets/sxm/textures/blocks/canvas.png
2018-04-02 19:00:44: Change Analyzed: S:/Documents/MinecraftModding/xcraftmod/src/main/resources/assets/sxm/textures/blocks/canvas_core.png
2018-04-02 19:00:44: Change Analyzed: S:/Documents/MinecraftModding/xcraftmod/src/main/resources/assets/sxm/textures/blocks/canvas_core.png
2018-04-02 19:00:44: Change Analyzed: S:/Documents/MinecraftModding/xcraftmod/src/main/resources/assets/sxm/textures/blocks/canvas_core.png
2018-04-02 19:00:44: Change Analyzed: S:/Documents/MinecraftModding/xcraftmod/src/main/resources/assets/sxm/textures/blocks/cotton_stage_0.png
2018-04-02 19:00:44: Change Analyzed: S:/Documents/MinecraftModding/xcraftmod/src/main/resources/assets/sxm/textures/blocks/cotton_stage_0.png
2018-04-02 19:00:44: Change Analyzed: S:/Documents/MinecraftModding/xcraftmod/src/main/resources/assets/sxm/textures/blocks/cotton_stage_0.png
2018-04-02 19:00:44: Change Analyzed: S:/Documents/MinecraftModding/xcraftmod/src/main/resources/assets/sxm/textures/blocks/cotton_stage_0.png
2018-04-02 19:00:44: Change Analyzed: S:/Documents/MinecraftModding/xcraftmod/src/main/resources/assets/sxm/textures/blocks/cotton_stage_1.png
2018-04-02 19:00:44: Change Analyzed: S:/Documents/MinecraftModding/xcraftmod/src/main/resources/assets/sxm/textures/blocks/cotton_stage_1.png
2018-04-02 19:00:44: Change Analyzed: S:/Documents/MinecraftModding/xcraftmod/src/main/resources/assets/sxm/textures/blocks/cotton_stage_1.png
2018-04-02 19:00:44: Change Analyzed: S:/Documents/MinecraftModding/xcraftmod/src/main/resources/assets/sxm/textures/blocks/cotton_stage_1.png
2018-04-02 19:00:44: Change Analyzed: S:/Documents/MinecraftModding/xcraftmod/src/main/resources/assets/sxm/textures/blocks/cotton_stage_2.png
2018-04-02 19:00:44: Change Analyzed: S:/Documents/MinecraftModding/xcraftmod/src/main/resources/assets/sxm/textures/blocks/cotton_stage_2.png
2018-04-02 19:00:44: Change Analyzed: S:/Documents/MinecraftModding/xcraftmod/src/main/resources/assets/sxm/textures/blocks/cotton_stage_2.png
2018-04-02 19:00:44: Change Analyzed: S:/Documents/MinecraftModding/xcraftmod/src/main/resources/assets/sxm/textures/blocks/cotton_stage_2.png
2018-04-02 19:00:44: Change Analyzed: S:/Documents/MinecraftModding/xcraftmod/src/main/resources/assets/sxm/textures/blocks/cotton_stage_3.png
2018-04-02 19:00:44: Change Analyzed: S:/Documents/MinecraftModding/xcraftmod/src/main/resources/assets/sxm/textures/blocks/cotton_stage_3.png
2018-04-02 19:00:44: Change Analyzed: S:/Documents/MinecraftModding/xcraftmod/src/main/resources/assets/sxm/textures/blocks/cotton_stage_3.png
2018-04-02 19:00:44: Change Analyzed: S:/Documents/MinecraftModding/xcraftmod/src/main/resources/assets/sxm/textures/blocks/cotton_stage_3.png
2018-04-02 19:00:44: Change Analyzed: S:/Documents/MinecraftModding/xcraftmod/src/main/resources/assets/sxm/textures/blocks/cotton_stage_4.png
2018-04-02 19:00:44: Change Analyzed: S:/Documents/MinecraftModding/xcraftmod/src/main/resources/assets/sxm/textures/blocks/cotton_stage_4.png
2018-04-02 19:00:44: Change Analyzed: S:/Documents/MinecraftModding/xcraftmod/src/main/resources/assets/sxm/textures/blocks/cotton_stage_4.png
2018-04-02 19:00:44: Change Analyzed: S:/Documents/MinecraftModding/xcraftmod/src/main/resources/assets/sxm/textures/blocks/cotton_stage_4.png
2018-04-02 19:00:44: Change Analyzed: S:/Documents/MinecraftModding/xcraftmod/src/main/resources/assets/sxm/textures/blocks/cotton_stage_5.png
2018-04-02 19:00:44: Change Analyzed: S:/Documents/MinecraftModding/xcraftmod/src/main/resources/assets/sxm/textures/blocks/cotton_stage_5.png
2018-04-02 19:00:44: Change Analyzed: S:/Documents/MinecraftModding/xcraftmod/src/main/resources/assets/sxm/textures/blocks/cotton_stage_5.png
2018-04-02 19:00:44: Change Analyzed: S:/Documents/MinecraftModding/xcraftmod/src/main/resources/assets/sxm/textures/blocks/cotton_stage_5.png
2018-04-02 19:00:44: Change Analyzed: S:/Documents/MinecraftModding/xcraftmod/src/main/resources/assets/sxm/textures/blocks/cotton_stage_6.png
2018-04-02 19:00:44: Change Analyzed: S:/Documents/MinecraftModding/xcraftmod/src/main/resources/assets/sxm/textures/blocks/cotton_stage_6.png
2018-04-02 19:00:44: Change Analyzed: S:/Documents/MinecraftModding/xcraftmod/src/main/resources/assets/sxm/textures/blocks/cotton_stage_6.png
2018-04-02 19:00:44: Change Analyzed: S:/Documents/MinecraftModding/xcraftmod/src/main/resources/assets/sxm/textures/blocks/cotton_stage_6.png
2018-04-02 19:00:44: Change Analyzed: S:/Documents/MinecraftModding/xcraftmod/src/main/resources/assets/sxm/textures/blocks/cotton_stage_7.png
2018-04-02 19:00:44: Change Analyzed: S:/Documents/MinecraftModding/xcraftmod/src/main/resources/assets/sxm/textures/blocks/cotton_stage_7.png
2018-04-02 19:00:44: Change Analyzed: S:/Documents/MinecraftModding/xcraftmod/src/main/resources/assets/sxm/textures/blocks/cotton_stage_7.png
2018-04-02 19:00:44: Change Analyzed: S:/Documents/MinecraftModding/xcraftmod/src/main/resources/assets/sxm/textures/blocks/cotton_stage_7.png
2018-04-02 19:00:44: Change Analyzed: S:/Documents/MinecraftModding/xcraftmod/src/main/resources/assets/sxm/textures/blocks/door_tin_lower.png
2018-04-02 19:00:44: Change Analyzed: S:/Documents/MinecraftModding/xcraftmod/src/main/resources/assets/sxm/textures/blocks/door_tin_lower.png
2018-04-02 19:00:44: Change Analyzed: S:/Documents/MinecraftModding/xcraftmod/src/main/resources/assets/sxm/textures/blocks/door_tin_lower.png
2018-04-02 19:00:44: Change Analyzed: S:/Documents/MinecraftModding/xcraftmod/src/main/resources/assets/sxm/textures/blocks/door_tin_upper.png
2018-04-02 19:00:44: Change Analyzed: S:/Documents/MinecraftModding/xcraftmod/src/main/resources/assets/sxm/textures/blocks/door_tin_upper.png
2018-04-02 19:00:44: Change Analyzed: S:/Documents/MinecraftModding/xcraftmod/src/main/resources/assets/sxm/textures/blocks/door_tin_upper.png
2018-04-02 19:00:44: Change Analyzed: S:/Documents/MinecraftModding/xcraftmod/src/main/resources/assets/sxm/textures/blocks/energy_cell.png
2018-04-02 19:00:44: Change Analyzed: S:/Documents/MinecraftModding/xcraftmod/src/main/resources/assets/sxm/textures/blocks/energy_cell.png
2018-04-02 19:00:44: Change Analyzed: S:/Documents/MinecraftModding/xcraftmod/src/main/resources/assets/sxm/textures/blocks/energy_cell.png
2018-04-02 19:00:44: Change Analyzed: S:/Documents/MinecraftModding/xcraftmod/src/main/resources/assets/sxm/textures/blocks/energy_cell.png.mcmeta
2018-04-02 19:00:44: Change Analyzed: S:/Documents/MinecraftModding/xcraftmod/src/main/resources/assets/sxm/textures/blocks/energy_cell.png.mcmeta
2018-04-02 19:00:44: Change Analyzed: S:/Documents/MinecraftModding/xcraftmod/src/main/resources/assets/sxm/textures/blocks/energy_cell.png.mcmeta
2018-04-02 19:00:44: Change Analyzed: S:/Documents/MinecraftModding/xcraftmod/src/main/resources/assets/sxm/textures/blocks/energy_cell_centre_advanced.png
2018-04-02 19:00:44: Change Analyzed: S:/Documents/MinecraftModding/xcraftmod/src/main/resources/assets/sxm/textures/blocks/energy_cell_centre_advanced.png
2018-04-02 19:00:44: Change Analyzed: S:/Documents/MinecraftModding/xcraftmod/src/main/resources/assets/sxm/textures/blocks/energy_cell_centre_advanced.png
2018-04-02 19:00:44: Change Analyzed: S:/Documents/MinecraftModding/xcraftmod/src/main/resources/assets/sxm/textures/blocks/energy_cell_centre_advanced.png.mcmeta
2018-04-02 19:00:44: Change Analyzed: S:/Documents/MinecraftModding/xcraftmod/src/main/resources/assets/sxm/textures/blocks/energy_cell_centre_advanced.png.mcmeta
2018-04-02 19:00:44: Change Analyzed: S:/Documents/MinecraftModding/xcraftmod/src/main/resources/assets/sxm/textures/blocks/energy_cell_centre_advanced.png.mcmeta
2018-04-02 19:00:44: Change Analyzed: S:/Documents/MinecraftModding/xcraftmod/src/main/resources/assets/sxm/textures/blocks/energy_cell_centre_basic.png
2018-04-02 19:00:44: Change Analyzed: S:/Documents/MinecraftModding/xcraftmod/src/main/resources/assets/sxm/textures/blocks/energy_cell_centre_basic.png
2018-04-02 19:00:44: Change Analyzed: S:/Documents/MinecraftModding/xcraftmod/src/main/resources/assets/sxm/textures/blocks/energy_cell_centre_basic.png
2018-04-02 19:00:44: Change Analyzed: S:/Documents/MinecraftModding/xcraftmod/src/main/resources/assets/sxm/textures/blocks/energy_cell_centre_basic.png.mcmeta
2018-04-02 19:00:44: Change Analyzed: S:/Documents/MinecraftModding/xcraftmod/src/main/resources/assets/sxm/textures/blocks/energy_cell_centre_basic.png.mcmeta
2018-04-02 19:00:44: Change Analyzed: S:/Documents/MinecraftModding/xcraftmod/src/main/resources/assets/sxm/textures/blocks/energy_cell_centre_basic.png.mcmeta
2018-04-02 19:00:44: Change Analyzed: S:/Documents/MinecraftModding/xcraftmod/src/main/resources/assets/sxm/textures/blocks/energy_cell_strip_in.png
2018-04-02 19:00:44: Change Analyzed: S:/Documents/MinecraftModding/xcraftmod/src/main/resources/assets/sxm/textures/blocks/energy_cell_strip_in.png
2018-04-02 19:00:44: Change Analyzed: S:/Documents/MinecraftModding/xcraftmod/src/main/resources/assets/sxm/textures/blocks/energy_cell_strip_in.png
2018-04-02 19:00:44: Change Analyzed: S:/Documents/MinecraftModding/xcraftmod/src/main/resources/assets/sxm/textures/blocks/energy_cell_strip_in.png.mcmeta
2018-04-02 19:00:44: Change Analyzed: S:/Documents/MinecraftModding/xcraftmod/src/main/resources/assets/sxm/textures/blocks/energy_cell_strip_in.png.mcmeta
2018-04-02 19:00:44: Change Analyzed: S:/Documents/MinecraftModding/xcraftmod/src/main/resources/assets/sxm/textures/blocks/energy_cell_strip_in.png.mcmeta
2018-04-02 19:00:44: Change Analyzed: S:/Documents/MinecraftModding/xcraftmod/src/main/resources/assets/sxm/textures/blocks/energy_cell_strip_normal.png
2018-04-02 19:00:44: Change Analyzed: S:/Documents/MinecraftModding/xcraftmod/src/main/resources/assets/sxm/textures/blocks/energy_cell_strip_normal.png
2018-04-02 19:00:44: Change Analyzed: S:/Documents/MinecraftModding/xcraftmod/src/main/resources/assets/sxm/textures/blocks/energy_cell_strip_normal.png
2018-04-02 19:00:44: Change Analyzed: S:/Documents/MinecraftModding/xcraftmod/src/main/resources/assets/sxm/textures/blocks/energy_cell_strip_out.png
2018-04-02 19:00:44: Change Analyzed: S:/Documents/MinecraftModding/xcraftmod/src/main/resources/assets/sxm/textures/blocks/energy_cell_strip_out.png
2018-04-02 19:00:44: Change Analyzed: S:/Documents/MinecraftModding/xcraftmod/src/main/resources/assets/sxm/textures/blocks/energy_cell_strip_out.png
2018-04-02 19:00:44: Change Analyzed: S:/Documents/MinecraftModding/xcraftmod/src/main/resources/assets/sxm/textures/blocks/energy_cell_strip_out.png.mcmeta
2018-04-02 19:00:44: Change Analyzed: S:/Documents/MinecraftModding/xcraftmod/src/main/resources/assets/sxm/textures/blocks/energy_cell_strip_out.png.mcmeta
2018-04-02 19:00:44: Change Analyzed: S:/Documents/MinecraftModding/xcraftmod/src/main/resources/assets/sxm/textures/blocks/energy_cell_strip_out.png.mcmeta
2018-04-02 19:00:44: Change Analyzed: S:/Documents/MinecraftModding/xcraftmod/src/main/resources/assets/sxm/textures/blocks/gamemode_detector.png
2018-04-02 19:00:44: Change Analyzed: S:/Documents/MinecraftModding/xcraftmod/src/main/resources/assets/sxm/textures/blocks/gamemode_detector.png
2018-04-02 19:00:44: Change Analyzed: S:/Documents/MinecraftModding/xcraftmod/src/main/resources/assets/sxm/textures/blocks/gamemode_detector.png
2018-04-02 19:00:44: Change Analyzed: S:/Documents/MinecraftModding/xcraftmod/src/main/resources/assets/sxm/textures/blocks/machine_advanced.png
2018-04-02 19:00:44: Change Analyzed: S:/Documents/MinecraftModding/xcraftmod/src/main/resources/assets/sxm/textures/blocks/machine_advanced.png
2018-04-02 19:00:44: Change Analyzed: S:/Documents/MinecraftModding/xcraftmod/src/main/resources/assets/sxm/textures/blocks/machine_advanced.png
2018-04-02 19:00:44: Change Analyzed: S:/Documents/MinecraftModding/xcraftmod/src/main/resources/assets/sxm/textures/blocks/machine_basic.png
2018-04-02 19:00:44: Change Analyzed: S:/Documents/MinecraftModding/xcraftmod/src/main/resources/assets/sxm/textures/blocks/machine_basic.png
2018-04-02 19:00:44: Change Analyzed: S:/Documents/MinecraftModding/xcraftmod/src/main/resources/assets/sxm/textures/blocks/machine_basic.png
2018-04-02 19:00:44: Change Analyzed: S:/Documents/MinecraftModding/xcraftmod/src/main/resources/assets/sxm/textures/blocks/tin_block.png
2018-04-02 19:00:44: Change Analyzed: S:/Documents/MinecraftModding/xcraftmod/src/main/resources/assets/sxm/textures/blocks/tin_block.png
2018-04-02 19:00:44: Change Analyzed: S:/Documents/MinecraftModding/xcraftmod/src/main/resources/assets/sxm/textures/blocks/tin_block.png
2018-04-02 19:00:44: Change Analyzed: S:/Documents/MinecraftModding/xcraftmod/src/main/resources/assets/sxm/textures/blocks/tin_ore.png
2018-04-02 19:00:44: Change Analyzed: S:/Documents/MinecraftModding/xcraftmod/src/main/resources/assets/sxm/textures/blocks/tin_ore.png
2018-04-02 19:00:44: Change Analyzed: S:/Documents/MinecraftModding/xcraftmod/src/main/resources/assets/sxm/textures/blocks/tin_ore.png
2018-04-02 19:00:44: Change Analyzed: S:/Documents/MinecraftModding/xcraftmod/src/main/resources/assets/sxm/textures/blocks/tin_ore_end.png
2018-04-02 19:00:44: Change Analyzed: S:/Documents/MinecraftModding/xcraftmod/src/main/resources/assets/sxm/textures/blocks/tin_ore_end.png
2018-04-02 19:00:44: Change Analyzed: S:/Documents/MinecraftModding/xcraftmod/src/main/resources/assets/sxm/textures/blocks/tin_ore_end.png
2018-04-02 19:00:44: Change Analyzed: S:/Documents/MinecraftModding/xcraftmod/src/main/resources/assets/sxm/textures/blocks/tin_ore_nether.png
2018-04-02 19:00:44: Change Analyzed: S:/Documents/MinecraftModding/xcraftmod/src/main/resources/assets/sxm/textures/blocks/tin_ore_nether.png
2018-04-02 19:00:44: Change Analyzed: S:/Documents/MinecraftModding/xcraftmod/src/main/resources/assets/sxm/textures/blocks/tin_ore_nether.png
2018-04-02 19:00:44: Change Analyzed: S:/Documents/MinecraftModding/xcraftmod/src/main/resources/assets/sxm/textures/blocks/cotton_stage_6.png
2018-04-02 19:00:44: Change Analyzed: S:/Documents/MinecraftModding/xcraftmod/src/main/resources/assets/sxm/textures/blocks/cotton_stage_7.png
2018-04-02 19:00:44: Change Analyzed: S:/Documents/MinecraftModding/xcraftmod/src/main/resources/assets/sxm/textures/blocks/block_placer_side_advanced.png
2018-04-02 19:00:44: Change Analyzed: S:/Documents/MinecraftModding/xcraftmod/src/main/resources/assets/sxm/textures/blocks/block_placer_side_basic.png
2018-04-02 19:00:44: Change Analyzed: S:/Documents/MinecraftModding/xcraftmod/src/main/resources/assets/sxm/textures/blocks/cotton_stage_0.png
2018-04-02 19:00:44: Change Analyzed: S:/Documents/MinecraftModding/xcraftmod/src/main/resources/assets/sxm/textures/blocks/cotton_stage_1.png
2018-04-02 19:00:44: Change Analyzed: S:/Documents/MinecraftModding/xcraftmod/src/main/resources/assets/sxm/textures/blocks/cotton_stage_2.png
2018-04-02 19:00:44: Change Analyzed: S:/Documents/MinecraftModding/xcraftmod/src/main/resources/assets/sxm/textures/blocks/cotton_stage_3.png
2018-04-02 19:00:44: Change Analyzed: S:/Documents/MinecraftModding/xcraftmod/src/main/resources/assets/sxm/textures/blocks/cotton_stage_4.png
2018-04-02 19:00:44: Change Analyzed: S:/Documents/MinecraftModding/xcraftmod/src/main/resources/assets/sxm/textures/blocks/cotton_stage_5.png
2018-04-02 19:00:44: Locking folder gdrive://www.googleapis.com/Good Sync/Eclips Projects/Moding Minecraft 1.12.2/Application for write
2018-04-02 19:00:46: On disk file:///S: space required for sync is 0 bytes, you have 1.25 TB
2018-04-02 19:00:46: On disk gdrive://www.googleapis.com space required for sync is 200 KB, you have 12.4 GB
2018-04-02 19:00:46: Changes: 55, Conflicts: 0, CopyTime: 0, FixState: 0, Errors: 0, All: 22038
2018-04-02 19:00:46: Left to Right: Copy File: 55 
2018-04-02 19:00:46: -- Analysis Complete. Time 00:00:04, Speed: 92 files/s
2018-04-02 19:00:46: == Sync Started by On File Change, After Delay, Under Runner
2018-04-02 19:00:46: Mod Sync: SYNC started by On File Change, After Delay, Under Runner on 'SENPAI_DESKTOP'
2018-04-02 19:00:46: =Data Storage:\Documents\MinecraftModding\xcraftmod\src (S:/Documents/MinecraftModding/xcraftmod/src) [TmpDest] <-> gdrive://www.googleapis.com/Good Sync/Eclips Projects/Moding Minecraft 1.12.2/Application [DirDest], RecycleTo_RecycleBin, SaveDays_RecycleBin=30d, ReconnectSecs=120, SyncWorkerThreads=99, OnFileChange Delay=5, Unattended, WaitForLocksMin=20, ResolveConflicts=NewerFileWins, AutoClear, LinksIgnore
2018-04-02 19:00:47: Create Folder 'gdrive://www.googleapis.com/Good Sync/Eclips Projects/Moding Minecraft 1.12.2/Application/main/resources/assets/sxm/textures/blocks/ctm'
2018-04-02 19:00:47: File Systems limited number of parallel threads to 20
2018-04-02 19:00:49: Copy New 'S:/Documents/MinecraftModding/xcraftmod/src/main/resources/assets/sxm/textures/blocks/block_breaker_advanced.png' -> 'gdrive://www.googleapis.com/Good Sync/Eclips Projects/Moding Minecraft 1.12.2/Application/main/resources/assets/sxm/textures/blocks/block_breaker_advanced.png' (489)
2018-04-02 19:00:49: Copy New 'S:/Documents/MinecraftModding/xcraftmod/src/main/resources/assets/sxm/textures/blocks/block_breaker_advanced_front.png' -> 'gdrive://www.googleapis.com/Good Sync/Eclips Projects/Moding Minecraft 1.12.2/Application/main/resources/assets/sxm/textures/blocks/block_breaker_advanced_front.png' (430)
2018-04-02 19:00:50: Copy New 'S:/Documents/MinecraftModding/xcraftmod/src/main/resources/assets/sxm/textures/blocks/block_breaker_advanced_front_activated.png' -> 'gdrive://www.googleapis.com/Good Sync/Eclips Projects/Moding Minecraft 1.12.2/Application/main/resources/assets/sxm/textures/blocks/block_breaker_advanced_front_activated.png' (522)
2018-04-02 19:00:51: Copy New 'S:/Documents/MinecraftModding/xcraftmod/src/main/resources/assets/sxm/textures/blocks/block_breaker_basic.png' -> 'gdrive://www.googleapis.com/Good Sync/Eclips Projects/Moding Minecraft 1.12.2/Application/main/resources/assets/sxm/textures/blocks/block_breaker_basic.png' (500)
2018-04-02 19:00:51: Copy New 'S:/Documents/MinecraftModding/xcraftmod/src/main/resources/assets/sxm/textures/blocks/block_breaker_basic_front.png' -> 'gdrive://www.googleapis.com/Good Sync/Eclips Projects/Moding Minecraft 1.12.2/Application/main/resources/assets/sxm/textures/blocks/block_breaker_basic_front.png' (424)
2018-04-02 19:00:52: Copy New 'S:/Documents/MinecraftModding/xcraftmod/src/main/resources/assets/sxm/textures/blocks/block_breaker_advanced_front_activated.png.mcmeta' -> 'gdrive://www.googleapis.com/Good Sync/Eclips Projects/Moding Minecraft 1.12.2/Application/main/resources/assets/sxm/textures/blocks/block_breaker_advanced_front_activated.png.mcmeta' (40)
2018-04-02 19:00:53: Copy New 'S:/Documents/MinecraftModding/xcraftmod/src/main/resources/assets/sxm/textures/blocks/block_breaker_basic_front_activated.png' -> 'gdrive://www.googleapis.com/Good Sync/Eclips Projects/Moding Minecraft 1.12.2/Application/main/resources/assets/sxm/textures/blocks/block_breaker_basic_front_activated.png' (515)
2018-04-02 19:00:54: Change detected [1]: t=Modified path=/main/resources/assets/sxm/textures/blocks/block_breaker_front_basic.png
2018-04-02 19:00:54: Change detected [1]: t=Created path=/main/resources/assets/sxm/textures/blocks/block_breaker_front_advanced_activated.png.mcmeta
2018-04-02 19:00:54: Change detected [1]: t=Modified path=/main/resources/assets/sxm/textures/blocks/block_breaker_basic_front_activated.png
2018-04-02 19:00:54: Change detected [1]: t=Modified path=/main/resources/assets/sxm/textures/blocks/block_breaker_front_advanced.png
2018-04-02 19:00:54: Change detected [1]: t=Modified path=/main/resources/assets/sxm/textures/blocks/block_breaker_basic_front_activated.png.mcmeta
2018-04-02 19:00:55: Change detected [1]: t=Created path=/main/resources/assets/sxm/textures/blocks/block_breaker_front_basic.png
2018-04-02 19:00:55: Change detected [1]: t=Modified path=/main/resources/assets/sxm/textures/blocks/block_breaker_front_advanced_activated.png
2018-04-02 19:00:55: Change detected [1]: t=Created path=/main/resources/assets/sxm/textures/blocks/block_breaker_front_advanced_activated.png
2018-04-02 19:00:55: Change detected [1]: t=Created path=/main/resources/assets/sxm/textures/blocks/block_breaker_front_advanced.png
2018-04-02 19:00:55: Change detected [1]: t=Modified path=/main/resources/assets/sxm/textures/blocks/block_breaker_advanced_front_activated.png.mcmeta
2018-04-02 19:00:55: Change detected [1]: t=Created path=/main/resources/assets/sxm/textures/blocks/block_breaker_basic_front_activated.png.mcmeta
2018-04-02 19:00:55: Change detected [1]: t=Created path=/main/resources/assets/sxm/textures/blocks/block_breaker_basic_front_activated.png
2018-04-02 19:00:55: Change detected [1]: t=Modified path=/main/resources/assets/sxm/textures/blocks/block_breaker_basic.png
2018-04-02 19:00:55: Change detected [1]: t=Modified path=/main/resources/assets/sxm/textures/blocks/block_breaker_basic_front.png
2018-04-02 19:00:56: Change detected [1]: t=Created path=/main/resources/assets/sxm/textures/blocks/block_breaker_basic_front.png
2018-04-02 19:00:56: Change detected [1]: t=Created path=/main/resources/assets/sxm/textures/blocks/block_breaker_basic.png
2018-04-02 19:00:56: Change detected [1]: t=Modified path=/main/resources/assets/sxm/textures/blocks/block_breaker_advanced_front_activated.png
2018-04-02 19:00:56: Change detected [1]: t=Created path=/main/resources/assets/sxm/textures/blocks/block_breaker_advanced_front_activated.png.mcmeta
2018-04-02 19:00:56: Change detected [1]: t=Modified path=/main/resources/assets/sxm/textures/blocks/block_breaker_advanced_front.png
2018-04-02 19:00:56: Change detected [1]: t=Created path=/main/resources/assets/sxm/textures/blocks/block_breaker_advanced_front_activated.png
2018-04-02 19:00:56: Change detected [1]: t=Created path=/main/resources/assets/sxm/textures/blocks/block_breaker_advanced_front.png
2018-04-02 19:00:56: Change detected [1]: t=Modified path=/main/resources/assets/sxm/textures/blocks/block_breaker_advanced.png
2018-04-02 19:00:57: Change detected [1]: t=Created path=/main/resources/assets/sxm/textures/blocks/block_breaker_advanced.png
2018-04-02 19:00:57: Change detected [1]: t=Created path=/main/resources/assets/sxm/textures/blocks/ctm
2018-04-02 19:00:57: Copy New 'S:/Documents/MinecraftModding/xcraftmod/src/main/resources/assets/sxm/textures/blocks/block_breaker_front_basic.png' -> 'gdrive://www.googleapis.com/Good Sync/Eclips Projects/Moding Minecraft 1.12.2/Application/main/resources/assets/sxm/textures/blocks/block_breaker_front_basic.png' (497)
2018-04-02 19:00:58: Copy New 'S:/Documents/MinecraftModding/xcraftmod/src/main/resources/assets/sxm/textures/blocks/block_breaker_front_advanced.png' -> 'gdrive://www.googleapis.com/Good Sync/Eclips Projects/Moding Minecraft 1.12.2/Application/main/resources/assets/sxm/textures/blocks/block_breaker_front_advanced.png' (497)
2018-04-02 19:00:58: Copy New 'S:/Documents/MinecraftModding/xcraftmod/src/main/resources/assets/sxm/textures/blocks/block_breaker_front_advanced_activated.png.mcmeta' -> 'gdrive://www.googleapis.com/Good Sync/Eclips Projects/Moding Minecraft 1.12.2/Application/main/resources/assets/sxm/textures/blocks/block_breaker_front_advanced_activated.png.mcmeta' (40)
2018-04-02 19:00:59: Copy New 'S:/Documents/MinecraftModding/xcraftmod/src/main/resources/assets/sxm/textures/blocks/block_breaker_front_basic_activated.png' -> 'gdrive://www.googleapis.com/Good Sync/Eclips Projects/Moding Minecraft 1.12.2/Application/main/resources/assets/sxm/textures/blocks/block_breaker_front_basic_activated.png' (578)
2018-04-02 19:00:59: Copy New 'S:/Documents/MinecraftModding/xcraftmod/src/main/resources/assets/sxm/textures/blocks/block_breaker_side_basic.png' -> 'gdrive://www.googleapis.com/Good Sync/Eclips Projects/Moding Minecraft 1.12.2/Application/main/resources/assets/sxm/textures/blocks/block_breaker_side_basic.png' (518)
2018-04-02 19:01:00: Copy New 'S:/Documents/MinecraftModding/xcraftmod/src/main/resources/assets/sxm/textures/blocks/block_placer_side_basic.png' -> 'gdrive://www.googleapis.com/Good Sync/Eclips Projects/Moding Minecraft 1.12.2/Application/main/resources/assets/sxm/textures/blocks/block_placer_side_basic.png' (4068)
2018-04-02 19:01:01: Copy New 'S:/Documents/MinecraftModding/xcraftmod/src/main/resources/assets/sxm/textures/blocks/block_breaker_basic_front_activated.png.mcmeta' -> 'gdrive://www.googleapis.com/Good Sync/Eclips Projects/Moding Minecraft 1.12.2/Application/main/resources/assets/sxm/textures/blocks/block_breaker_basic_front_activated.png.mcmeta' (40)
2018-04-02 19:01:01: Copy New 'S:/Documents/MinecraftModding/xcraftmod/src/main/resources/assets/sxm/textures/blocks/canvas.png' -> 'gdrive://www.googleapis.com/Good Sync/Eclips Projects/Moding Minecraft 1.12.2/Application/main/resources/assets/sxm/textures/blocks/canvas.png' (269)
2018-04-02 19:01:02: Copy New 'S:/Documents/MinecraftModding/xcraftmod/src/main/resources/assets/sxm/textures/blocks/block_placer_side_advanced.png' -> 'gdrive://www.googleapis.com/Good Sync/Eclips Projects/Moding Minecraft 1.12.2/Application/main/resources/assets/sxm/textures/blocks/block_placer_side_advanced.png' (4064)
2018-04-02 19:01:03: Copy New 'S:/Documents/MinecraftModding/xcraftmod/src/main/resources/assets/sxm/textures/blocks/cotton_stage_2.png' -> 'gdrive://www.googleapis.com/Good Sync/Eclips Projects/Moding Minecraft 1.12.2/Application/main/resources/assets/sxm/textures/blocks/cotton_stage_2.png' (18009)
2018-04-02 19:01:03: Copy New 'S:/Documents/MinecraftModding/xcraftmod/src/main/resources/assets/sxm/textures/blocks/block_breaker_side_advanced.png' -> 'gdrive://www.googleapis.com/Good Sync/Eclips Projects/Moding Minecraft 1.12.2/Application/main/resources/assets/sxm/textures/blocks/block_breaker_side_advanced.png' (519)
2018-04-02 19:01:04: Copy New 'S:/Documents/MinecraftModding/xcraftmod/src/main/resources/assets/sxm/textures/blocks/block_breaker_front_advanced_activated.png' -> 'gdrive://www.googleapis.com/Good Sync/Eclips Projects/Moding Minecraft 1.12.2/Application/main/resources/assets/sxm/textures/blocks/block_breaker_front_advanced_activated.png' (576)
2018-04-02 19:01:04: Copy New 'S:/Documents/MinecraftModding/xcraftmod/src/main/resources/assets/sxm/textures/blocks/block_breaker_front_basic_activated.png.mcmeta' -> 'gdrive://www.googleapis.com/Good Sync/Eclips Projects/Moding Minecraft 1.12.2/Application/main/resources/assets/sxm/textures/blocks/block_breaker_front_basic_activated.png.mcmeta' (40)
2018-04-02 19:01:05: Copy New 'S:/Documents/MinecraftModding/xcraftmod/src/main/resources/assets/sxm/textures/blocks/cotton_stage_5.png' -> 'gdrive://www.googleapis.com/Good Sync/Eclips Projects/Moding Minecraft 1.12.2/Application/main/resources/assets/sxm/textures/blocks/cotton_stage_5.png' (18163)
2018-04-02 19:01:06: Copy New 'S:/Documents/MinecraftModding/xcraftmod/src/main/resources/assets/sxm/textures/blocks/cotton_stage_3.png' -> 'gdrive://www.googleapis.com/Good Sync/Eclips Projects/Moding Minecraft 1.12.2/Application/main/resources/assets/sxm/textures/blocks/cotton_stage_3.png' (18089)
2018-04-02 19:01:07: Copy New 'S:/Documents/MinecraftModding/xcraftmod/src/main/resources/assets/sxm/textures/blocks/ctm/canvas.ctx' -> 'gdrive://www.googleapis.com/Good Sync/Eclips Projects/Moding Minecraft 1.12.2/Application/main/resources/assets/sxm/textures/blocks/ctm/canvas.ctx' (69)
2018-04-02 19:01:08: Copy New 'S:/Documents/MinecraftModding/xcraftmod/src/main/resources/assets/sxm/textures/blocks/cotton_stage_0.png' -> 'gdrive://www.googleapis.com/Good Sync/Eclips Projects/Moding Minecraft 1.12.2/Application/main/resources/assets/sxm/textures/blocks/cotton_stage_0.png' (17758)
2018-04-02 19:01:08: Copy New 'S:/Documents/MinecraftModding/xcraftmod/src/main/resources/assets/sxm/textures/blocks/cotton_stage_6.png' -> 'gdrive://www.googleapis.com/Good Sync/Eclips Projects/Moding Minecraft 1.12.2/Application/main/resources/assets/sxm/textures/blocks/cotton_stage_6.png' (18142)
2018-04-02 19:01:08: Copy New 'S:/Documents/MinecraftModding/xcraftmod/src/main/resources/assets/sxm/textures/blocks/cotton_stage_7.png' -> 'gdrive://www.googleapis.com/Good Sync/Eclips Projects/Moding Minecraft 1.12.2/Application/main/resources/assets/sxm/textures/blocks/cotton_stage_7.png' (18094)
2018-04-02 19:01:09: Copy New 'S:/Documents/MinecraftModding/xcraftmod/src/main/resources/assets/sxm/textures/blocks/canvas_core.png' -> 'gdrive://www.googleapis.com/Good Sync/Eclips Projects/Moding Minecraft 1.12.2/Application/main/resources/assets/sxm/textures/blocks/canvas_core.png' (281)
2018-04-02 19:01:09: Copy New 'S:/Documents/MinecraftModding/xcraftmod/src/main/resources/assets/sxm/textures/blocks/ctm/machine_advanced.ctx' -> 'gdrive://www.googleapis.com/Good Sync/Eclips Projects/Moding Minecraft 1.12.2/Application/main/resources/assets/sxm/textures/blocks/ctm/machine_advanced.ctx' (89)
2018-04-02 19:01:09: Copy New 'S:/Documents/MinecraftModding/xcraftmod/src/main/resources/assets/sxm/textures/blocks/ctm/machine_basic.png' -> 'gdrive://www.googleapis.com/Good Sync/Eclips Projects/Moding Minecraft 1.12.2/Application/main/resources/assets/sxm/textures/blocks/ctm/machine_basic.png' (830)
2018-04-02 19:01:10: Copy New 'S:/Documents/MinecraftModding/xcraftmod/src/main/resources/assets/sxm/textures/blocks/ctm/canvas.png' -> 'gdrive://www.googleapis.com/Good Sync/Eclips Projects/Moding Minecraft 1.12.2/Application/main/resources/assets/sxm/textures/blocks/ctm/canvas.png' (501)
2018-04-02 19:01:10: Copy New 'S:/Documents/MinecraftModding/xcraftmod/src/main/resources/assets/sxm/textures/blocks/energy_cell.png' -> 'gdrive://www.googleapis.com/Good Sync/Eclips Projects/Moding Minecraft 1.12.2/Application/main/resources/assets/sxm/textures/blocks/energy_cell.png' (478)
2018-04-02 19:01:11: Copy New 'S:/Documents/MinecraftModding/xcraftmod/src/main/resources/assets/sxm/textures/blocks/ctm/machine_basic.ctx' -> 'gdrive://www.googleapis.com/Good Sync/Eclips Projects/Moding Minecraft 1.12.2/Application/main/resources/assets/sxm/textures/blocks/ctm/machine_basic.ctx' (83)
2018-04-02 19:01:12: Copy New 'S:/Documents/MinecraftModding/xcraftmod/src/main/resources/assets/sxm/textures/blocks/ctm/machine_advanced.png' -> 'gdrive://www.googleapis.com/Good Sync/Eclips Projects/Moding Minecraft 1.12.2/Application/main/resources/assets/sxm/textures/blocks/ctm/machine_advanced.png' (830)
2018-04-02 19:01:12: Copy New 'S:/Documents/MinecraftModding/xcraftmod/src/main/resources/assets/sxm/textures/blocks/energy_cell.png.mcmeta' -> 'gdrive://www.googleapis.com/Good Sync/Eclips Projects/Moding Minecraft 1.12.2/Application/main/resources/assets/sxm/textures/blocks/energy_cell.png.mcmeta' (62)
2018-04-02 19:01:13: Copy New 'S:/Documents/MinecraftModding/xcraftmod/src/main/resources/assets/sxm/textures/blocks/energy_cell_centre_basic.png' -> 'gdrive://www.googleapis.com/Good Sync/Eclips Projects/Moding Minecraft 1.12.2/Application/main/resources/assets/sxm/textures/blocks/energy_cell_centre_basic.png' (1131)
2018-04-02 19:01:14: Copy New 'S:/Documents/MinecraftModding/xcraftmod/src/main/resources/assets/sxm/textures/blocks/energy_cell_strip_in.png.mcmeta' -> 'gdrive://www.googleapis.com/Good Sync/Eclips Projects/Moding Minecraft 1.12.2/Application/main/resources/assets/sxm/textures/blocks/energy_cell_strip_in.png.mcmeta' (62)
2018-04-02 19:01:15: Copy New 'S:/Documents/MinecraftModding/xcraftmod/src/main/resources/assets/sxm/textures/blocks/door_tin_upper.png' -> 'gdrive://www.googleapis.com/Good Sync/Eclips Projects/Moding Minecraft 1.12.2/Application/main/resources/assets/sxm/textures/blocks/door_tin_upper.png' (477)
2018-04-02 19:01:15: Copy New 'S:/Documents/MinecraftModding/xcraftmod/src/main/resources/assets/sxm/textures/blocks/cotton_stage_1.png' -> 'gdrive://www.googleapis.com/Good Sync/Eclips Projects/Moding Minecraft 1.12.2/Application/main/resources/assets/sxm/textures/blocks/cotton_stage_1.png' (17846)
2018-04-02 19:01:16: Copy New 'S:/Documents/MinecraftModding/xcraftmod/src/main/resources/assets/sxm/textures/blocks/gamemode_detector.png' -> 'gdrive://www.googleapis.com/Good Sync/Eclips Projects/Moding Minecraft 1.12.2/Application/main/resources/assets/sxm/textures/blocks/gamemode_detector.png' (651)
2018-04-02 19:01:16: Copy New 'S:/Documents/MinecraftModding/xcraftmod/src/main/resources/assets/sxm/textures/blocks/energy_cell_strip_out.png.mcmeta' -> 'gdrive://www.googleapis.com/Good Sync/Eclips Projects/Moding Minecraft 1.12.2/Application/main/resources/assets/sxm/textures/blocks/energy_cell_strip_out.png.mcmeta' (62)
2018-04-02 19:01:17: Change detected [1]: t=Modified path=/main/resources/assets/sxm/textures/blocks/machine_advanced.png
2018-04-02 19:01:17: Change detected [1]: t=Modified path=/main/resources/assets/sxm/textures/blocks/gamemode_detector.png
2018-04-02 19:01:17: Change detected [1]: t=Modified path=/main/resources/assets/sxm/textures/blocks/energy_cell_strip_out.png.mcmeta
2018-04-02 19:01:17: Change detected [1]: t=Created path=/main/resources/assets/sxm/textures/blocks/machine_advanced.png
2018-04-02 19:01:17: Change detected [1]: t=Created path=/main/resources/assets/sxm/textures/blocks/gamemode_detector.png
2018-04-02 19:01:17: Change detected [1]: t=Created path=/main/resources/assets/sxm/textures/blocks/energy_cell_strip_out.png.mcmeta
2018-04-02 19:01:18: Change detected [1]: t=Created path=/main/resources/assets/sxm/textures/blocks/energy_cell_strip_out.png
2018-04-02 19:01:18: Change detected [1]: t=Modified path=/main/resources/assets/sxm/textures/blocks/energy_cell_strip_in.png.mcmeta
2018-04-02 19:01:18: Change detected [1]: t=Created path=/main/resources/assets/sxm/textures/blocks/energy_cell_strip_normal.png
2018-04-02 19:01:18: Change detected [1]: t=Created path=/main/resources/assets/sxm/textures/blocks/energy_cell_strip_in.png.mcmeta
2018-04-02 19:01:18: Change detected [1]: t=Modified path=/main/resources/assets/sxm/textures/blocks/energy_cell_strip_in.png
2018-04-02 19:01:18: Change detected [1]: t=Modified path=/main/resources/assets/sxm/textures/blocks/energy_cell_centre_basic.png
2018-04-02 19:01:18: Change detected [1]: t=Created path=/main/resources/assets/sxm/textures/blocks/energy_cell_strip_in.png
2018-04-02 19:01:19: Change detected [1]: t=Created path=/main/resources/assets/sxm/textures/blocks/energy_cell_centre_basic.png.mcmeta
2018-04-02 19:01:19: Change detected [1]: t=Modified path=/main/resources/assets/sxm/textures/blocks/door_tin_upper.png
2018-04-02 19:01:19: Change detected [1]: t=Modified path=/main/resources/assets/sxm/textures/blocks/ctm/machine_advanced.png
2018-04-02 19:01:19: Change detected [1]: t=Created path=/main/resources/assets/sxm/textures/blocks/energy_cell_centre_basic.png
2018-04-02 19:01:19: Change detected [1]: t=Modified path=/main/resources/assets/sxm/textures/blocks/energy_cell.png.mcmeta
2018-04-02 19:01:19: Change detected [1]: t=Created path=/main/resources/assets/sxm/textures/blocks/energy_cell_centre_advanced.png.mcmeta
2018-04-02 19:01:19: Change detected [1]: t=Created path=/main/resources/assets/sxm/textures/blocks/energy_cell_centre_advanced.png
2018-04-02 19:01:19: Change detected [1]: t=Modified path=/main/resources/assets/sxm/textures/blocks/ctm/machine_basic.ctx
2018-04-02 19:01:20: Change detected [1]: t=Created path=/main/resources/assets/sxm/textures/blocks/energy_cell.png.mcmeta
2018-04-02 19:01:20: Change detected [1]: t=Created path=/main/resources/assets/sxm/textures/blocks/door_tin_upper.png
2018-04-02 19:01:20: Change detected [1]: t=Modified path=/main/resources/assets/sxm/textures/blocks/energy_cell.png
2018-04-02 19:01:20: Change detected [1]: t=Modified path=/main/resources/assets/sxm/textures/blocks/ctm/machine_basic.png
2018-04-02 19:01:20: Change detected [1]: t=Created path=/main/resources/assets/sxm/textures/blocks/energy_cell.png
2018-04-02 19:01:20: Change detected [1]: t=Modified path=/main/resources/assets/sxm/textures/blocks/ctm/machine_advanced.ctx
2018-04-02 19:01:20: Change detected [1]: t=Created path=/main/resources/assets/sxm/textures/blocks/door_tin_lower.png
2018-04-02 19:01:20: Change detected [1]: t=Created path=/main/resources/assets/sxm/textures/blocks/ctm/machine_basic.png
2018-04-02 19:01:20: Change detected [1]: t=Modified path=/main/resources/assets/sxm/textures/blocks/cotton_stage_6.png
2018-04-02 19:01:20: Change detected [1]: t=Created path=/main/resources/assets/sxm/textures/blocks/ctm/machine_basic.ctx
2018-04-02 19:01:21: Change detected [1]: t=Created path=/main/resources/assets/sxm/textures/blocks/ctm/machine_advanced.png
2018-04-02 19:01:21: Change detected [1]: t=Modified path=/main/resources/assets/sxm/textures/blocks/ctm/canvas.ctx
2018-04-02 19:01:21: Change detected [1]: t=Modified path=/main/resources/assets/sxm/textures/blocks/cotton_stage_1.png
2018-04-02 19:01:21: Change detected [1]: t=Modified path=/main/resources/assets/sxm/textures/blocks/cotton_stage_7.png
2018-04-02 19:01:21: Change detected [1]: t=Modified path=/main/resources/assets/sxm/textures/blocks/cotton_stage_4.png
2018-04-02 19:01:21: Change detected [1]: t=Modified path=/main/resources/assets/sxm/textures/blocks/ctm/canvas.png
2018-04-02 19:01:21: Change detected [1]: t=Created path=/main/resources/assets/sxm/textures/blocks/ctm/machine_advanced.ctx
2018-04-02 19:01:21: Change detected [1]: t=Created path=/main/resources/assets/sxm/textures/blocks/ctm/canvas.png
2018-04-02 19:01:21: Change detected [1]: t=Created path=/main/resources/assets/sxm/textures/blocks/ctm/canvas.ctx
2018-04-02 19:01:22: Change detected [1]: t=Created path=/main/resources/assets/sxm/textures/blocks/cotton_stage_7.png
2018-04-02 19:01:22: Change detected [1]: t=Modified path=/main/resources/assets/sxm/textures/blocks/cotton_stage_0.png
2018-04-02 19:01:22: Change detected [1]: t=Created path=/main/resources/assets/sxm/textures/blocks/cotton_stage_6.png
2018-04-02 19:01:22: Change detected [1]: t=Modified path=/main/resources/assets/sxm/textures/blocks/canvas_core.png
2018-04-02 19:01:22: Change detected [1]: t=Modified path=/main/resources/assets/sxm/textures/blocks/block_breaker_front_basic_activated.png.mcmeta
2018-04-02 19:01:22: Change detected [1]: t=Modified path=/main/resources/assets/sxm/textures/blocks/cotton_stage_5.png
2018-04-02 19:01:22: Change detected [1]: t=Modified path=/main/resources/assets/sxm/textures/blocks/cotton_stage_3.png
2018-04-02 19:01:22: Change detected [1]: t=Created path=/main/resources/assets/sxm/textures/blocks/cotton_stage_4.png
2018-04-02 19:01:23: Change detected [1]: t=Created path=/main/resources/assets/sxm/textures/blocks/cotton_stage_5.png
2018-04-02 19:01:23: Change detected [1]: t=Modified path=/main/resources/assets/sxm/textures/blocks/block_breaker_side_advanced.png
2018-04-02 19:01:23: Change detected [1]: t=Created path=/main/resources/assets/sxm/textures/blocks/cotton_stage_3.png
2018-04-02 19:01:23: Change detected [1]: t=Modified path=/main/resources/assets/sxm/textures/blocks/cotton_stage_2.png
2018-04-02 19:01:23: Change detected [1]: t=Created path=/main/resources/assets/sxm/textures/blocks/cotton_stage_1.png
2018-04-02 19:01:23: Change detected [1]: t=Created path=/main/resources/assets/sxm/textures/blocks/cotton_stage_2.png
2018-04-02 19:01:23: Change detected [1]: t=Created path=/main/resources/assets/sxm/textures/blocks/cotton_stage_0.png
2018-04-02 19:01:23: Change detected [1]: t=Created path=/main/resources/assets/sxm/textures/blocks/canvas_core.png
2018-04-02 19:01:23: Change detected [1]: t=Modified path=/main/resources/assets/sxm/textures/blocks/canvas.png
2018-04-02 19:01:24: Change detected [1]: t=Modified path=/main/resources/assets/sxm/textures/blocks/block_placer_side_advanced.png
2018-04-02 19:01:24: Change detected [1]: t=Modified path=/main/resources/assets/sxm/textures/blocks/block_placer_side_basic.png
2018-04-02 19:01:24: Change detected [1]: t=Created path=/main/resources/assets/sxm/textures/blocks/canvas.png
2018-04-02 19:01:24: Change detected [1]: t=Created path=/main/resources/assets/sxm/textures/blocks/block_placer_side_basic.png
2018-04-02 19:01:24: Change detected [1]: t=Created path=/main/resources/assets/sxm/textures/blocks/block_placer_side_advanced.png
2018-04-02 19:01:24: Change detected [1]: t=Modified path=/main/resources/assets/sxm/textures/blocks/block_breaker_side_basic.png
2018-04-02 19:01:24: Change detected [1]: t=Modified path=/main/resources/assets/sxm/textures/blocks/block_breaker_front_basic_activated.png
2018-04-02 19:01:24: Change detected [1]: t=Created path=/main/resources/assets/sxm/textures/blocks/block_breaker_side_basic.png
2018-04-02 19:01:24: Change detected [1]: t=Created path=/main/resources/assets/sxm/textures/blocks/block_breaker_side_advanced.png
2018-04-02 19:01:24: Change detected [1]: t=Modified path=/main/resources/assets/sxm/textures/blocks/block_breaker_front_advanced_activated.png.mcmeta
2018-04-02 19:01:25: Change detected [1]: t=Created path=/main/resources/assets/sxm/textures/blocks/block_breaker_front_basic_activated.png.mcmeta
2018-04-02 19:01:25: Change detected [1]: t=Created path=/main/resources/assets/sxm/textures/blocks/block_breaker_front_basic_activated.png
2018-04-02 19:01:25: Copy New 'S:/Documents/MinecraftModding/xcraftmod/src/main/resources/assets/sxm/textures/blocks/cotton_stage_4.png' -> 'gdrive://www.googleapis.com/Good Sync/Eclips Projects/Moding Minecraft 1.12.2/Application/main/resources/assets/sxm/textures/blocks/cotton_stage_4.png' (18146)
2018-04-02 19:01:25: Copy New 'S:/Documents/MinecraftModding/xcraftmod/src/main/resources/assets/sxm/textures/blocks/energy_cell_centre_advanced.png.mcmeta' -> 'gdrive://www.googleapis.com/Good Sync/Eclips Projects/Moding Minecraft 1.12.2/Application/main/resources/assets/sxm/textures/blocks/energy_cell_centre_advanced.png.mcmeta' (62)
2018-04-02 19:01:25: Copy New 'S:/Documents/MinecraftModding/xcraftmod/src/main/resources/assets/sxm/textures/blocks/machine_advanced.png' -> 'gdrive://www.googleapis.com/Good Sync/Eclips Projects/Moding Minecraft 1.12.2/Application/main/resources/assets/sxm/textures/blocks/machine_advanced.png' (492)
2018-04-02 19:01:26: Copy New 'S:/Documents/MinecraftModding/xcraftmod/src/main/resources/assets/sxm/textures/blocks/energy_cell_centre_advanced.png' -> 'gdrive://www.googleapis.com/Good Sync/Eclips Projects/Moding Minecraft 1.12.2/Application/main/resources/assets/sxm/textures/blocks/energy_cell_centre_advanced.png' (1126)
2018-04-02 19:01:26: Copy New 'S:/Documents/MinecraftModding/xcraftmod/src/main/resources/assets/sxm/textures/blocks/energy_cell_strip_normal.png' -> 'gdrive://www.googleapis.com/Good Sync/Eclips Projects/Moding Minecraft 1.12.2/Application/main/resources/assets/sxm/textures/blocks/energy_cell_strip_normal.png' (241)
2018-04-02 19:01:26: Copy New 'S:/Documents/MinecraftModding/xcraftmod/src/main/resources/assets/sxm/textures/blocks/tin_block.png' -> 'gdrive://www.googleapis.com/Good Sync/Eclips Projects/Moding Minecraft 1.12.2/Application/main/resources/assets/sxm/textures/blocks/tin_block.png' (352)
2018-04-02 19:01:26: Copy New 'S:/Documents/MinecraftModding/xcraftmod/src/main/resources/assets/sxm/textures/blocks/tin_ore.png' -> 'gdrive://www.googleapis.com/Good Sync/Eclips Projects/Moding Minecraft 1.12.2/Application/main/resources/assets/sxm/textures/blocks/tin_ore.png' (347)
2018-04-02 19:01:26: Copy New 'S:/Documents/MinecraftModding/xcraftmod/src/main/resources/assets/sxm/textures/blocks/energy_cell_centre_basic.png.mcmeta' -> 'gdrive://www.googleapis.com/Good Sync/Eclips Projects/Moding Minecraft 1.12.2/Application/main/resources/assets/sxm/textures/blocks/energy_cell_centre_basic.png.mcmeta' (62)
2018-04-02 19:01:27: Copy New 'S:/Documents/MinecraftModding/xcraftmod/src/main/resources/assets/sxm/textures/blocks/machine_basic.png' -> 'gdrive://www.googleapis.com/Good Sync/Eclips Projects/Moding Minecraft 1.12.2/Application/main/resources/assets/sxm/textures/blocks/machine_basic.png' (491)
2018-04-02 19:01:27: Copy New 'S:/Documents/MinecraftModding/xcraftmod/src/main/resources/assets/sxm/textures/blocks/tin_ore_end.png' -> 'gdrive://www.googleapis.com/Good Sync/Eclips Projects/Moding Minecraft 1.12.2/Application/main/resources/assets/sxm/textures/blocks/tin_ore_end.png' (494)
2018-04-02 19:01:27: Copy New 'S:/Documents/MinecraftModding/xcraftmod/src/main/resources/assets/sxm/textures/blocks/energy_cell_strip_out.png' -> 'gdrive://www.googleapis.com/Good Sync/Eclips Projects/Moding Minecraft 1.12.2/Application/main/resources/assets/sxm/textures/blocks/energy_cell_strip_out.png' (1197)
2018-04-02 19:01:28: Copy New 'S:/Documents/MinecraftModding/xcraftmod/src/main/resources/assets/sxm/textures/blocks/tin_ore_nether.png' -> 'gdrive://www.googleapis.com/Good Sync/Eclips Projects/Moding Minecraft 1.12.2/Application/main/resources/assets/sxm/textures/blocks/tin_ore_nether.png' (737)
2018-04-02 19:01:28: Copy New 'S:/Documents/MinecraftModding/xcraftmod/src/main/resources/assets/sxm/textures/blocks/energy_cell_strip_in.png' -> 'gdrive://www.googleapis.com/Good Sync/Eclips Projects/Moding Minecraft 1.12.2/Application/main/resources/assets/sxm/textures/blocks/energy_cell_strip_in.png' (1226)
2018-04-02 19:01:29: Copy New 'S:/Documents/MinecraftModding/xcraftmod/src/main/resources/assets/sxm/textures/blocks/door_tin_lower.png' -> 'gdrive://www.googleapis.com/Good Sync/Eclips Projects/Moding Minecraft 1.12.2/Application/main/resources/assets/sxm/textures/blocks/door_tin_lower.png' (507)
2018-04-02 19:01:29: Save State File S:/Documents/MinecraftModding/xcraftmod/src/_gsdata_/_file_state_v4._gs
2018-04-02 19:01:31: Save State File gdrive://www.googleapis.com/Good Sync/Eclips Projects/Moding Minecraft 1.12.2/Application/_gsdata_/_file_state_v4._gs
2018-04-02 19:01:31: Cleanup recycled files in S:/Documents/MinecraftModding/xcraftmod/src/_gsdata_/_saved_
2018-04-02 19:01:31: Load Recycled DB: S:/Documents/MinecraftModding/xcraftmod/src/_gsdata_/_recycled_db._gs
2018-04-02 19:01:31: Deleted old log file C:/Users/Senpai/AppData/Roaming/GoodSync/_mirrors_/file-=Data Storage-Documents-MinecraftModding-xcraftmod-src/2018-0326-185750-SENPAI_DESKTOP-Runner-Mod Sync.log
2018-04-02 19:01:31: Deleted old log file C:/Users/Senpai/AppData/Roaming/GoodSync/_mirrors_/file-=Data Storage-Documents-MinecraftModding-xcraftmod-src/2018-0326-185811-SENPAI_DESKTOP-Runner-Mod Sync.log
2018-04-02 19:01:31: Deleted old log file C:/Users/Senpai/AppData/Roaming/GoodSync/_mirrors_/file-=Data Storage-Documents-MinecraftModding-xcraftmod-src/2018-0326-185920-SENPAI_DESKTOP-Runner-Mod Sync.log
2018-04-02 19:01:31: Deleted old log file C:/Users/Senpai/AppData/Roaming/GoodSync/_mirrors_/file-=Data Storage-Documents-MinecraftModding-xcraftmod-src/2018-0326-185941-SENPAI_DESKTOP-Runner-Mod Sync.log
2018-04-02 19:01:31: Deleted old log file C:/Users/Senpai/AppData/Roaming/GoodSync/_mirrors_/file-=Data Storage-Documents-MinecraftModding-xcraftmod-src/2018-0326-190050-SENPAI_DESKTOP-Runner-Mod Sync.log
2018-04-02 19:01:31: Deleted old log file C:/Users/Senpai/AppData/Roaming/GoodSync/_mirrors_/file-=Data Storage-Documents-MinecraftModding-xcraftmod-src/2018-0326-190114-SENPAI_DESKTOP-Runner-Mod Sync.log
2018-04-02 19:01:31: Cleanup old logs in S:/Documents/MinecraftModding/xcraftmod/src/_gsdata_
2018-04-02 19:01:31: Delete log file S:/Documents/MinecraftModding/xcraftmod/src/_gsdata_/2018-0326-185750-SENPAI_DESKTOP-Runner-Mod Sync.log
2018-04-02 19:01:31: Delete log file S:/Documents/MinecraftModding/xcraftmod/src/_gsdata_/2018-0326-185920-SENPAI_DESKTOP-Runner-Mod Sync.log
2018-04-02 19:01:31: Delete log file S:/Documents/MinecraftModding/xcraftmod/src/_gsdata_/2018-0326-190050-SENPAI_DESKTOP-Runner-Mod Sync.log
2018-04-02 19:01:31: Cleanup recycled files in gdrive://www.googleapis.com/Good Sync/Eclips Projects/Moding Minecraft 1.12.2/Application/_gsdata_/_saved_
2018-04-02 19:01:32: Load Recycled DB: gdrive://www.googleapis.com/Good Sync/Eclips Projects/Moding Minecraft 1.12.2/Application/_gsdata_/_recycled_db._gs
2018-04-02 19:01:32: Deleted old log file C:/Users/Senpai/AppData/Roaming/GoodSync/_mirrors_/gdrive-Wicky_Gustave-0AGIAX4LCOy-XUk9PVA@www.googleapis.com-Good Sync-Eclips Projects-Moding Minecraft 1.12.2-Application/2018-0326-185811-SENPAI_DESKTOP-Runner-Mod Sync.log
2018-04-02 19:01:32: Deleted old log file C:/Users/Senpai/AppData/Roaming/GoodSync/_mirrors_/gdrive-Wicky_Gustave-0AGIAX4LCOy-XUk9PVA@www.googleapis.com-Good Sync-Eclips Projects-Moding Minecraft 1.12.2-Application/2018-0326-185920-SENPAI_DESKTOP-Runner-Mod Sync.log
2018-04-02 19:01:32: Deleted old log file C:/Users/Senpai/AppData/Roaming/GoodSync/_mirrors_/gdrive-Wicky_Gustave-0AGIAX4LCOy-XUk9PVA@www.googleapis.com-Good Sync-Eclips Projects-Moding Minecraft 1.12.2-Application/2018-0326-185941-SENPAI_DESKTOP-Runner-Mod Sync.log
2018-04-02 19:01:32: Deleted old log file C:/Users/Senpai/AppData/Roaming/GoodSync/_mirrors_/gdrive-Wicky_Gustave-0AGIAX4LCOy-XUk9PVA@www.googleapis.com-Good Sync-Eclips Projects-Moding Minecraft 1.12.2-Application/2018-0326-190050-SENPAI_DESKTOP-Runner-Mod Sync.log
2018-04-02 19:01:32: Deleted old log file C:/Users/Senpai/AppData/Roaming/GoodSync/_mirrors_/gdrive-Wicky_Gustave-0AGIAX4LCOy-XUk9PVA@www.googleapis.com-Good Sync-Eclips Projects-Moding Minecraft 1.12.2-Application/2018-0326-190114-SENPAI_DESKTOP-Runner-Mod Sync.log
2018-04-02 19:01:32: Cleanup old logs in gdrive://www.googleapis.com/Good Sync/Eclips Projects/Moding Minecraft 1.12.2/Application/_gsdata_
2018-04-02 19:01:32: Delete log file gdrive://www.googleapis.com/Good Sync/Eclips Projects/Moding Minecraft 1.12.2/Application/_gsdata_/2018-0326-185920-SENPAI_DESKTOP-Runner-Mod Sync.log
2018-04-02 19:01:33: Delete log file gdrive://www.googleapis.com/Good Sync/Eclips Projects/Moding Minecraft 1.12.2/Application/_gsdata_/2018-0326-190050-SENPAI_DESKTOP-Runner-Mod Sync.log
2018-04-02 19:01:33: == Sync Complete. Time: 00:00:47, Speed: 11.8 KB/s, OK: 55, Errors: 0
2018-04-02 19:01:33: Unlocking folder S:/Documents/MinecraftModding/xcraftmod/src/_gsdata_/lock.gsl
2018-04-02 19:01:33: Unlocking folder gdrive://www.googleapis.com/Good Sync/Eclips Projects/Moding Minecraft 1.12.2/Application/_gsdata_/lock.gsl
2018-04-02 19:01:35: 
