2018-04-02 16:07:54: Connected to S:\Documents\MinecraftModding\xcraftmod\src: S: NTFS: type=NTFS vol=Data Storage flags=3E706FF
2018-04-02 16:07:55: Connected to gdrive://www.googleapis.com/Good Sync/Eclips Projects/Moding Minecraft 1.12.2/Application
2018-04-02 16:07:55: Incremental Analyze for On File Change
2018-04-02 16:07:55: -- Analysis Started by On File Change, After Delay, Under Runner
2018-04-02 16:07:55: Mod Sync: ANALYSIS started by On File Change, After Delay, Under Runner on 'SENPAI_DESKTOP' (GoodSync 10.8.1.1)
2018-04-02 16:07:55: =Data Storage:\Documents\MinecraftModding\xcraftmod\src (S:/Documents/MinecraftModding/xcraftmod/src) [TmpDest] <-> gdrive://www.googleapis.com/Good Sync/Eclips Projects/Moding Minecraft 1.12.2/Application [DirDest], RecycleTo_RecycleBin, SaveDays_RecycleBin=30d, ReconnectSecs=120, SyncWorkerThreads=99, OnFileChange Delay=5, Unattended, WaitForLocksMin=20, ResolveConflicts=NewerFileWins, AutoClear, LinksIgnore
2018-04-02 16:07:55: Exclude Hidden, Exclude System, Exclude name *._gstmp|/System Volume Information|Thumbs.db|.DS_Store 
2018-04-02 16:07:55: Locking folder S:/Documents/MinecraftModding/xcraftmod/src for write
2018-04-02 16:07:55: Change Analyzed: S:/Documents/MinecraftModding/xcraftmod/src/main/java/com/senpai/tileEntity/render/rendererEnergyStorge.java
2018-04-02 16:07:55: Change Analyzed: S:/Documents/MinecraftModding/xcraftmod/src/main/java/com/senpai/tileEntity/render/rendererEnergyStorge.java
2018-04-02 16:07:55: Change Analyzed: S:/Documents/MinecraftModding/xcraftmod/src/main/java/com/senpai/tileEntity/render/rendererEnergyStorge.java
2018-04-02 16:07:55: Locking folder gdrive://www.googleapis.com/Good Sync/Eclips Projects/Moding Minecraft 1.12.2/Application for write
2018-04-02 16:07:57: On disk file:///S: space required for sync is 0 bytes, you have 1.25 TB
2018-04-02 16:07:57: On disk gdrive://www.googleapis.com space required for sync is 0 bytes, you have 12.4 GB
2018-04-02 16:07:57: Changes: 1, Conflicts: 0, CopyTime: 0, FixState: 0, Errors: 0, All: 21922
2018-04-02 16:07:57: Left to Right: Delete File: 1 
2018-04-02 16:07:57: -- Analysis Complete. Time 00:00:04, Speed: 73 files/s
2018-04-02 16:07:57: == Sync Started by On File Change, After Delay, Under Runner
2018-04-02 16:07:57: Mod Sync: SYNC started by On File Change, After Delay, Under Runner on 'SENPAI_DESKTOP'
2018-04-02 16:07:57: =Data Storage:\Documents\MinecraftModding\xcraftmod\src (S:/Documents/MinecraftModding/xcraftmod/src) [TmpDest] <-> gdrive://www.googleapis.com/Good Sync/Eclips Projects/Moding Minecraft 1.12.2/Application [DirDest], RecycleTo_RecycleBin, SaveDays_RecycleBin=30d, ReconnectSecs=120, SyncWorkerThreads=99, OnFileChange Delay=5, Unattended, WaitForLocksMin=20, ResolveConflicts=NewerFileWins, AutoClear, LinksIgnore
2018-04-02 16:07:59: Load Recycled DB: gdrive://www.googleapis.com/Good Sync/Eclips Projects/Moding Minecraft 1.12.2/Application/_gsdata_/_recycled_db._gs
2018-04-02 16:07:59: Delete File 'gdrive://www.googleapis.com/Good Sync/Eclips Projects/Moding Minecraft 1.12.2/Application/main/java/com/senpai/tileEntity/render/rendererEnergyStorge.java'
2018-04-02 16:07:59: File Systems limited number of parallel threads to 20
2018-04-02 16:07:59: Start only 0 threads, limited by tasks to run
2018-04-02 16:08:00: Save State File S:/Documents/MinecraftModding/xcraftmod/src/_gsdata_/_file_state_v4._gs
2018-04-02 16:08:01: Save State File gdrive://www.googleapis.com/Good Sync/Eclips Projects/Moding Minecraft 1.12.2/Application/_gsdata_/_file_state_v4._gs
2018-04-02 16:08:01: Cleanup recycled files in S:/Documents/MinecraftModding/xcraftmod/src/_gsdata_/_saved_
2018-04-02 16:08:01: Load Recycled DB: S:/Documents/MinecraftModding/xcraftmod/src/_gsdata_/_recycled_db._gs
2018-04-02 16:08:01: Deleted old log file C:/Users/Senpai/AppData/Roaming/GoodSync/_mirrors_/file-=Data Storage-Documents-MinecraftModding-xcraftmod-src/2018-0326-160616-SENPAI_DESKTOP-Runner-Mod Sync.log
2018-04-02 16:08:01: Deleted old log file C:/Users/Senpai/AppData/Roaming/GoodSync/_mirrors_/file-=Data Storage-Documents-MinecraftModding-xcraftmod-src/2018-0326-160716-SENPAI_DESKTOP-Runner-Mod Sync.log
2018-04-02 16:08:01: Deleted old log file C:/Users/Senpai/AppData/Roaming/GoodSync/_mirrors_/file-=Data Storage-Documents-MinecraftModding-xcraftmod-src/2018-0326-160740-SENPAI_DESKTOP-Runner-Mod Sync.log
2018-04-02 16:08:01: Cleanup old logs in S:/Documents/MinecraftModding/xcraftmod/src/_gsdata_
2018-04-02 16:08:01: Delete log file S:/Documents/MinecraftModding/xcraftmod/src/_gsdata_/2018-0326-160716-SENPAI_DESKTOP-Runner-Mod Sync.log
2018-04-02 16:08:01: Delete log file S:/Documents/MinecraftModding/xcraftmod/src/_gsdata_/2018-0326-160740-SENPAI_DESKTOP-Runner-Mod Sync.log
2018-04-02 16:08:01: Cleanup recycled files in gdrive://www.googleapis.com/Good Sync/Eclips Projects/Moding Minecraft 1.12.2/Application/_gsdata_/_saved_
2018-04-02 16:08:02: Save Recycled DB: gdrive://www.googleapis.com/Good Sync/Eclips Projects/Moding Minecraft 1.12.2/Application/_gsdata_/_recycled_db._gs
2018-04-02 16:08:02: Deleted old log file C:/Users/Senpai/AppData/Roaming/GoodSync/_mirrors_/gdrive-Wicky_Gustave-0AGIAX4LCOy-XUk9PVA@www.googleapis.com-Good Sync-Eclips Projects-Moding Minecraft 1.12.2-Application/2018-0326-160716-SENPAI_DESKTOP-Runner-Mod Sync.log
2018-04-02 16:08:02: Deleted old log file C:/Users/Senpai/AppData/Roaming/GoodSync/_mirrors_/gdrive-Wicky_Gustave-0AGIAX4LCOy-XUk9PVA@www.googleapis.com-Good Sync-Eclips Projects-Moding Minecraft 1.12.2-Application/2018-0326-160740-SENPAI_DESKTOP-Runner-Mod Sync.log
2018-04-02 16:08:02: Cleanup old logs in gdrive://www.googleapis.com/Good Sync/Eclips Projects/Moding Minecraft 1.12.2/Application/_gsdata_
2018-04-02 16:08:03: Delete log file gdrive://www.googleapis.com/Good Sync/Eclips Projects/Moding Minecraft 1.12.2/Application/_gsdata_/2018-0326-160740-SENPAI_DESKTOP-Runner-Mod Sync.log
2018-04-02 16:08:04: Delete log file gdrive://www.googleapis.com/Good Sync/Eclips Projects/Moding Minecraft 1.12.2/Application/_gsdata_/2018-0326-160716-SENPAI_DESKTOP-Runner-Mod Sync.log
2018-04-02 16:08:04: == Sync Complete. Time: 00:00:07, Speed: 0 bytes/s, OK: 1, Errors: 0
2018-04-02 16:08:04: Unlocking folder S:/Documents/MinecraftModding/xcraftmod/src/_gsdata_/lock.gsl
2018-04-02 16:08:04: Unlocking folder gdrive://www.googleapis.com/Good Sync/Eclips Projects/Moding Minecraft 1.12.2/Application/_gsdata_/lock.gsl
2018-04-02 16:08:05: 
