2018-04-03 18:37:04: Connected to S:\Documents\MinecraftModding\xcraftmod\src: S: NTFS: type=NTFS vol=Data Storage flags=3E706FF
2018-04-03 18:37:05: Connected to gdrive://www.googleapis.com/Good Sync/Eclips Projects/Moding Minecraft 1.12.2/Application
2018-04-03 18:37:05: Incremental Analyze for On File Change
2018-04-03 18:37:05: -- Analysis Started by On File Change, After Delay, Under Runner
2018-04-03 18:37:05: Mod Sync: ANALYSIS started by On File Change, After Delay, Under Runner on 'SENPAI_DESKTOP' (GoodSync 10.8.1.1)
2018-04-03 18:37:05: =Data Storage:\Documents\MinecraftModding\xcraftmod\src (S:/Documents/MinecraftModding/xcraftmod/src) [TmpDest] <-> gdrive://www.googleapis.com/Good Sync/Eclips Projects/Moding Minecraft 1.12.2/Application [DirDest], RecycleTo_RecycleBin, SaveDays_RecycleBin=30d, ReconnectSecs=120, SyncWorkerThreads=99, OnFileChange Delay=5, Unattended, WaitForLocksMin=20, ResolveConflicts=NewerFileWins, AutoClear, LinksIgnore
2018-04-03 18:37:05: Exclude Hidden, Exclude System, Exclude name *._gstmp|/System Volume Information|Thumbs.db|.DS_Store 
2018-04-03 18:37:05: Locking folder S:/Documents/MinecraftModding/xcraftmod/src for write
2018-04-03 18:37:05: Change Analyzed: S:/Documents/MinecraftModding/xcraftmod/src/main/resources/assets/sxm/models/item/core_advanced.json
2018-04-03 18:37:05: Change Analyzed: S:/Documents/MinecraftModding/xcraftmod/src/main/resources/assets/sxm/models/item/core_advanced.json
2018-04-03 18:37:05: Change Analyzed: S:/Documents/MinecraftModding/xcraftmod/src/main/resources/assets/sxm/models/item/core_advanced.json
2018-04-03 18:37:05: Change Analyzed: S:/Documents/MinecraftModding/xcraftmod/src/main/resources/assets/sxm/models/item/core_basic.json
2018-04-03 18:37:05: Change Analyzed: S:/Documents/MinecraftModding/xcraftmod/src/main/resources/assets/sxm/models/item/core_basic.json
2018-04-03 18:37:05: Change Analyzed: S:/Documents/MinecraftModding/xcraftmod/src/main/resources/assets/sxm/models/item/core_basic.json
2018-04-03 18:37:05: Locking folder gdrive://www.googleapis.com/Good Sync/Eclips Projects/Moding Minecraft 1.12.2/Application for write
2018-04-03 18:37:08: On disk file:///S: space required for sync is 0 bytes, you have 1.25 TB
2018-04-03 18:37:08: On disk gdrive://www.googleapis.com space required for sync is 20.0 KB, you have 12.4 GB
2018-04-03 18:37:08: Changes: 2, Conflicts: 0, CopyTime: 0, FixState: 0, Errors: 0, All: 22082
2018-04-03 18:37:08: Left to Right: Copy File: 2 
2018-04-03 18:37:08: -- Analysis Complete. Time 00:00:05, Speed: 79 files/s
2018-04-03 18:37:08: == Sync Started by On File Change, After Delay, Under Runner
2018-04-03 18:37:08: Mod Sync: SYNC started by On File Change, After Delay, Under Runner on 'SENPAI_DESKTOP'
2018-04-03 18:37:08: =Data Storage:\Documents\MinecraftModding\xcraftmod\src (S:/Documents/MinecraftModding/xcraftmod/src) [TmpDest] <-> gdrive://www.googleapis.com/Good Sync/Eclips Projects/Moding Minecraft 1.12.2/Application [DirDest], RecycleTo_RecycleBin, SaveDays_RecycleBin=30d, ReconnectSecs=120, SyncWorkerThreads=99, OnFileChange Delay=5, Unattended, WaitForLocksMin=20, ResolveConflicts=NewerFileWins, AutoClear, LinksIgnore
2018-04-03 18:37:08: File Systems limited number of parallel threads to 20
2018-04-03 18:37:08: Start only 2 threads, limited by tasks to run
2018-04-03 18:37:10: Copy New 'S:/Documents/MinecraftModding/xcraftmod/src/main/resources/assets/sxm/models/item/core_advanced.json' -> 'gdrive://www.googleapis.com/Good Sync/Eclips Projects/Moding Minecraft 1.12.2/Application/main/resources/assets/sxm/models/item/core_advanced.json' (10163)
2018-04-03 18:37:10: Copy New 'S:/Documents/MinecraftModding/xcraftmod/src/main/resources/assets/sxm/models/item/core_basic.json' -> 'gdrive://www.googleapis.com/Good Sync/Eclips Projects/Moding Minecraft 1.12.2/Application/main/resources/assets/sxm/models/item/core_basic.json' (10157)
2018-04-03 18:37:11: Save State File S:/Documents/MinecraftModding/xcraftmod/src/_gsdata_/_file_state_v4._gs
2018-04-03 18:37:12: Save State File gdrive://www.googleapis.com/Good Sync/Eclips Projects/Moding Minecraft 1.12.2/Application/_gsdata_/_file_state_v4._gs
2018-04-03 18:37:12: Cleanup recycled files in S:/Documents/MinecraftModding/xcraftmod/src/_gsdata_/_saved_
2018-04-03 18:37:12: Load Recycled DB: S:/Documents/MinecraftModding/xcraftmod/src/_gsdata_/_recycled_db._gs
2018-04-03 18:37:12: Cleanup old logs in S:/Documents/MinecraftModding/xcraftmod/src/_gsdata_
2018-04-03 18:37:12: Cleanup recycled files in gdrive://www.googleapis.com/Good Sync/Eclips Projects/Moding Minecraft 1.12.2/Application/_gsdata_/_saved_
2018-04-03 18:37:13: Load Recycled DB: gdrive://www.googleapis.com/Good Sync/Eclips Projects/Moding Minecraft 1.12.2/Application/_gsdata_/_recycled_db._gs
2018-04-03 18:37:13: Cleanup old logs in gdrive://www.googleapis.com/Good Sync/Eclips Projects/Moding Minecraft 1.12.2/Application/_gsdata_
2018-04-03 18:37:13: == Sync Complete. Time: 00:00:05, Speed: 10.8 KB/s, OK: 2, Errors: 0
2018-04-03 18:37:13: Unlocking folder S:/Documents/MinecraftModding/xcraftmod/src/_gsdata_/lock.gsl
2018-04-03 18:37:13: Unlocking folder gdrive://www.googleapis.com/Good Sync/Eclips Projects/Moding Minecraft 1.12.2/Application/_gsdata_/lock.gsl
2018-04-03 18:37:14: Change detected [1]: t=Modified path=/main/resources/assets/sxm/models/item/core_basic.json
2018-04-03 18:37:14: Change detected [1]: t=Modified path=/main/resources/assets/sxm/models/item/core_advanced.json
2018-04-03 18:37:15: Change detected [1]: t=Created path=/main/resources/assets/sxm/models/item/core_basic.json
2018-04-03 18:37:15: Change detected [1]: t=Created path=/main/resources/assets/sxm/models/item/core_advanced.json
2018-04-03 18:37:15: 
