2018-04-04 03:09:28: Connected to S:\Documents\MinecraftModding\xcraftmod\src: S: NTFS: type=NTFS vol=Data Storage flags=3E706FF
2018-04-04 03:09:29: Connected to gdrive://www.googleapis.com/Good Sync/Eclips Projects/Moding Minecraft 1.12.2/Application
2018-04-04 03:09:29: Incremental Analyze for On File Change
2018-04-04 03:09:29: -- Analysis Started by On File Change, After Delay, Under Runner
2018-04-04 03:09:29: Mod Sync: ANALYSIS started by On File Change, After Delay, Under Runner on 'SENPAI_DESKTOP' (GoodSync 10.8.1.1)
2018-04-04 03:09:29: =Data Storage:\Documents\MinecraftModding\xcraftmod\src (S:/Documents/MinecraftModding/xcraftmod/src) [TmpDest] <-> gdrive://www.googleapis.com/Good Sync/Eclips Projects/Moding Minecraft 1.12.2/Application [DirDest], RecycleTo_RecycleBin, SaveDays_RecycleBin=30d, ReconnectSecs=120, SyncWorkerThreads=99, OnFileChange Delay=5, Unattended, WaitForLocksMin=20, ResolveConflicts=NewerFileWins, AutoClear, LinksIgnore
2018-04-04 03:09:29: Exclude Hidden, Exclude System, Exclude name *._gstmp|/System Volume Information|Thumbs.db|.DS_Store 
2018-04-04 03:09:29: Locking folder S:/Documents/MinecraftModding/xcraftmod/src for write
2018-04-04 03:09:29: Change Analyzed: S:/Documents/MinecraftModding/xcraftmod/src/main/resources/assets/sxm/models/block/tin_fence_gate_closed.json
2018-04-04 03:09:29: Change Analyzed: S:/Documents/MinecraftModding/xcraftmod/src/main/resources/assets/sxm/models/block/fence_gate_closed_tin.json
2018-04-04 03:09:29: Change Analyzed: S:/Documents/MinecraftModding/xcraftmod/src/main/resources/assets/sxm/models/block/tin_fence_gate_open.json
2018-04-04 03:09:29: Change Analyzed: S:/Documents/MinecraftModding/xcraftmod/src/main/resources/assets/sxm/models/block/fence_gate_open_tin.json
2018-04-04 03:09:29: Change Analyzed: S:/Documents/MinecraftModding/xcraftmod/src/main/resources/assets/sxm/models/block/tin_fence_post.json
2018-04-04 03:09:29: Change Analyzed: S:/Documents/MinecraftModding/xcraftmod/src/main/resources/assets/sxm/models/block/fence_post_tin.json
2018-04-04 03:09:29: Locking folder gdrive://www.googleapis.com/Good Sync/Eclips Projects/Moding Minecraft 1.12.2/Application for write
2018-04-04 03:09:30: Change detected [0]: t=MovedFrom path=/main/resources/assets/sxm/models/block/tin_fence_side.json
2018-04-04 03:09:30: Change detected [0]: t=MovedTo path=/main/resources/assets/sxm/models/block/fence_side_tin.json
2018-04-04 03:09:31: Change Analyzed: gdrive://www.googleapis.com/Good Sync/Eclips Projects/Moding Minecraft 1.12.2/Application/main/resources/assets/sxm/models/block/door_top_rh_tin.json
2018-04-04 03:09:31: Change Analyzed: gdrive://www.googleapis.com/Good Sync/Eclips Projects/Moding Minecraft 1.12.2/Application/main/resources/assets/sxm/models/block/door_top_rh_tin.json
2018-04-04 03:09:31: Change Analyzed: gdrive://www.googleapis.com/Good Sync/Eclips Projects/Moding Minecraft 1.12.2/Application/main/resources/assets/sxm/models/block/door_top_tin.json
2018-04-04 03:09:31: Change Analyzed: gdrive://www.googleapis.com/Good Sync/Eclips Projects/Moding Minecraft 1.12.2/Application/main/resources/assets/sxm/models/block/door_top_tin.json
2018-04-04 03:09:31: Change Analyzed: gdrive://www.googleapis.com/Good Sync/Eclips Projects/Moding Minecraft 1.12.2/Application/main/resources/assets/sxm/models/block/tin_door_top.json
2018-04-04 03:09:31: Change Analyzed: gdrive://www.googleapis.com/Good Sync/Eclips Projects/Moding Minecraft 1.12.2/Application/main/resources/assets/sxm/models/block/door_bottom_tin.json
2018-04-04 03:09:32: Change Analyzed: gdrive://www.googleapis.com/Good Sync/Eclips Projects/Moding Minecraft 1.12.2/Application/main/resources/assets/sxm/models/block/door_bottom_tin.json
2018-04-04 03:09:32: Change Analyzed: gdrive://www.googleapis.com/Good Sync/Eclips Projects/Moding Minecraft 1.12.2/Application/main/resources/assets/sxm/models/block/tin_door_top_rh.json
2018-04-04 03:09:32: Change Analyzed: gdrive://www.googleapis.com/Good Sync/Eclips Projects/Moding Minecraft 1.12.2/Application/main/resources/assets/sxm/models/block/tin_door_bottom.json
2018-04-04 03:09:32: On disk file:///S: space required for sync is 0 bytes, you have 1.25 TB
2018-04-04 03:09:32: On disk gdrive://www.googleapis.com space required for sync is 0 bytes, you have 12.4 GB
2018-04-04 03:09:33: Changes: 6, Conflicts: 0, CopyTime: 0, FixState: 0, Errors: 0, All: 22388
2018-04-04 03:09:33: Left to Right: Rename/Move File/Folder: 6 
2018-04-04 03:09:33: -- Analysis Complete. Time 00:00:05, Speed: 111 files/s
2018-04-04 03:09:33: == Sync Started by On File Change, After Delay, Under Runner
2018-04-04 03:09:33: Mod Sync: SYNC started by On File Change, After Delay, Under Runner on 'SENPAI_DESKTOP'
2018-04-04 03:09:33: =Data Storage:\Documents\MinecraftModding\xcraftmod\src (S:/Documents/MinecraftModding/xcraftmod/src) [TmpDest] <-> gdrive://www.googleapis.com/Good Sync/Eclips Projects/Moding Minecraft 1.12.2/Application [DirDest], RecycleTo_RecycleBin, SaveDays_RecycleBin=30d, ReconnectSecs=120, SyncWorkerThreads=99, OnFileChange Delay=5, Unattended, WaitForLocksMin=20, ResolveConflicts=NewerFileWins, AutoClear, LinksIgnore
2018-04-04 03:09:33: File Systems limited number of parallel threads to 20
2018-04-04 03:09:33: Start only 6 threads, limited by tasks to run
2018-04-04 03:09:33: Move File gdrive://www.googleapis.com/Good Sync/Eclips Projects/Moding Minecraft 1.12.2/Application/main/resources/assets/sxm/models/block/tin_fence_gate_closed.json -> gdrive://www.googleapis.com/Good Sync/Eclips Projects/Moding Minecraft 1.12.2/Application/main/resources/assets/sxm/models/block/fence_gate_closed_tin.json
2018-04-04 03:09:35: Move File gdrive://www.googleapis.com/Good Sync/Eclips Projects/Moding Minecraft 1.12.2/Application/main/resources/assets/sxm/models/block/tin_fence_gate_open.json -> gdrive://www.googleapis.com/Good Sync/Eclips Projects/Moding Minecraft 1.12.2/Application/main/resources/assets/sxm/models/block/fence_gate_open_tin.json
2018-04-04 03:09:35: Move File gdrive://www.googleapis.com/Good Sync/Eclips Projects/Moding Minecraft 1.12.2/Application/main/resources/assets/sxm/models/block/tin_fence_post.json -> gdrive://www.googleapis.com/Good Sync/Eclips Projects/Moding Minecraft 1.12.2/Application/main/resources/assets/sxm/models/block/fence_post_tin.json
2018-04-04 03:09:36: Save State File S:/Documents/MinecraftModding/xcraftmod/src/_gsdata_/_file_state_v4._gs
2018-04-04 03:09:37: Save State File gdrive://www.googleapis.com/Good Sync/Eclips Projects/Moding Minecraft 1.12.2/Application/_gsdata_/_file_state_v4._gs
2018-04-04 03:09:37: Cleanup recycled files in S:/Documents/MinecraftModding/xcraftmod/src/_gsdata_/_saved_
2018-04-04 03:09:37: Load Recycled DB: S:/Documents/MinecraftModding/xcraftmod/src/_gsdata_/_recycled_db._gs
2018-04-04 03:09:37: Cleanup old logs in S:/Documents/MinecraftModding/xcraftmod/src/_gsdata_
2018-04-04 03:09:37: Cleanup recycled files in gdrive://www.googleapis.com/Good Sync/Eclips Projects/Moding Minecraft 1.12.2/Application/_gsdata_/_saved_
2018-04-04 03:09:38: Change detected [1]: t=Modified path=/main/resources/assets/sxm/models/block/fence_post_tin.json
2018-04-04 03:09:38: Change detected [1]: t=MovedTo path=/main/resources/assets/sxm/models/block/fence_post_tin.json
2018-04-04 03:09:38: Change detected [1]: t=MovedFrom path=/main/resources/assets/sxm/models/block/tin_fence_post.json
2018-04-04 03:09:38: Change detected [1]: t=Modified path=/main/resources/assets/sxm/models/block/fence_gate_open_tin.json
2018-04-04 03:09:38: Change detected [1]: t=MovedTo path=/main/resources/assets/sxm/models/block/fence_gate_open_tin.json
2018-04-04 03:09:38: Change detected [1]: t=MovedFrom path=/main/resources/assets/sxm/models/block/tin_fence_gate_open.json
2018-04-04 03:09:38: Load Recycled DB: gdrive://www.googleapis.com/Good Sync/Eclips Projects/Moding Minecraft 1.12.2/Application/_gsdata_/_recycled_db._gs
2018-04-04 03:09:38: Cleanup old logs in gdrive://www.googleapis.com/Good Sync/Eclips Projects/Moding Minecraft 1.12.2/Application/_gsdata_
2018-04-04 03:09:39: Change detected [1]: t=Modified path=/main/resources/assets/sxm/models/block/fence_gate_closed_tin.json
2018-04-04 03:09:39: Change detected [1]: t=MovedTo path=/main/resources/assets/sxm/models/block/fence_gate_closed_tin.json
2018-04-04 03:09:39: Change detected [1]: t=MovedFrom path=/main/resources/assets/sxm/models/block/tin_fence_gate_closed.json
2018-04-04 03:09:39: Change detected [0]: t=MovedFrom path=/main/resources/assets/sxm/models/block/tin_inner_stairs.json
2018-04-04 03:09:39: Change detected [0]: t=MovedTo path=/main/resources/assets/sxm/models/block/inner_stairs_tin.json
2018-04-04 03:09:39: == Sync Complete. Time: 00:00:06, Speed: 8.00 KB/s, OK: 6, Errors: 0
2018-04-04 03:09:39: Unlocking folder S:/Documents/MinecraftModding/xcraftmod/src/_gsdata_/lock.gsl
2018-04-04 03:09:39: Unlocking folder gdrive://www.googleapis.com/Good Sync/Eclips Projects/Moding Minecraft 1.12.2/Application/_gsdata_/lock.gsl
2018-04-04 03:09:41: 
