2018-04-02 17:21:47: Connected to S:\Documents\MinecraftModding\xcraftmod\src: S: NTFS: type=NTFS vol=Data Storage flags=3E706FF
2018-04-02 17:21:47: Connected to gdrive://www.googleapis.com/Good Sync/Eclips Projects/Moding Minecraft 1.12.2/Application
2018-04-02 17:21:47: Incremental Analyze for On File Change
2018-04-02 17:21:48: -- Analysis Started by On File Change, After Delay, Under Runner
2018-04-02 17:21:48: Mod Sync: ANALYSIS started by On File Change, After Delay, Under Runner on 'SENPAI_DESKTOP' (GoodSync 10.8.1.1)
2018-04-02 17:21:48: =Data Storage:\Documents\MinecraftModding\xcraftmod\src (S:/Documents/MinecraftModding/xcraftmod/src) [TmpDest] <-> gdrive://www.googleapis.com/Good Sync/Eclips Projects/Moding Minecraft 1.12.2/Application [DirDest], RecycleTo_RecycleBin, SaveDays_RecycleBin=30d, ReconnectSecs=120, SyncWorkerThreads=99, OnFileChange Delay=5, Unattended, WaitForLocksMin=20, ResolveConflicts=NewerFileWins, AutoClear, LinksIgnore
2018-04-02 17:21:48: Exclude Hidden, Exclude System, Exclude name *._gstmp|/System Volume Information|Thumbs.db|.DS_Store 
2018-04-02 17:21:48: Locking folder S:/Documents/MinecraftModding/xcraftmod/src for write
2018-04-02 17:21:48: Change Analyzed: S:/Documents/MinecraftModding/xcraftmod/src/main/java/com/senpai/util/container
2018-04-02 17:21:48: Locking folder gdrive://www.googleapis.com/Good Sync/Eclips Projects/Moding Minecraft 1.12.2/Application for write
2018-04-02 17:21:49: Change Analyzed: gdrive://www.googleapis.com/Good Sync/Eclips Projects/Moding Minecraft 1.12.2/Application/main/java/com/senpai/util/tileEntities/EnergyCell/slots
2018-04-02 17:21:49: Change Analyzed: gdrive://www.googleapis.com/Good Sync/Eclips Projects/Moding Minecraft 1.12.2/Application/main/java/com/senpai/util/tileEntities/EnergyCell/slots/SlotEnergyCellOutput.java
2018-04-02 17:21:50: On disk file:///S: space required for sync is 0 bytes, you have 1.25 TB
2018-04-02 17:21:50: On disk gdrive://www.googleapis.com space required for sync is 0 bytes, you have 12.4 GB
2018-04-02 17:21:50: Changes: 1, Conflicts: 0, CopyTime: 0, FixState: 0, Errors: 0, All: 21958
2018-04-02 17:21:50: Left to Right: Delete File: 1 
2018-04-02 17:21:50: -- Analysis Complete. Time 00:00:04, Speed: 75 files/s
2018-04-02 17:21:50: == Sync Started by On File Change, After Delay, Under Runner
2018-04-02 17:21:50: Mod Sync: SYNC started by On File Change, After Delay, Under Runner on 'SENPAI_DESKTOP'
2018-04-02 17:21:50: =Data Storage:\Documents\MinecraftModding\xcraftmod\src (S:/Documents/MinecraftModding/xcraftmod/src) [TmpDest] <-> gdrive://www.googleapis.com/Good Sync/Eclips Projects/Moding Minecraft 1.12.2/Application [DirDest], RecycleTo_RecycleBin, SaveDays_RecycleBin=30d, ReconnectSecs=120, SyncWorkerThreads=99, OnFileChange Delay=5, Unattended, WaitForLocksMin=20, ResolveConflicts=NewerFileWins, AutoClear, LinksIgnore
2018-04-02 17:21:51: Delete Folder 'gdrive://www.googleapis.com/Good Sync/Eclips Projects/Moding Minecraft 1.12.2/Application/main/java/com/senpai/util/container'
2018-04-02 17:21:51: File Systems limited number of parallel threads to 20
2018-04-02 17:21:51: Start only 0 threads, limited by tasks to run
2018-04-02 17:21:51: Change detected [0]: t=Modified path=/main/java/com/senpai/objects/blocks/machines/engineering/BlockPipe.java
2018-04-02 17:21:51: Change detected [0]: t=Modified path=/main/java/com/senpai/objects/blocks/machines/engineering/BlockPipe.java
2018-04-02 17:21:51: Change detected [0]: t=Modified path=/main/java/com/senpai/proxy/ClientProxy.java
2018-04-02 17:21:51: Change detected [0]: t=Modified path=/main/java/com/senpai/proxy/ClientProxy.java
2018-04-02 17:21:51: Change detected [0]: t=Modified path=/main/java/com/senpai/util/handlers/TileEntityHandler.java
2018-04-02 17:21:51: Change detected [0]: t=Modified path=/main/java/com/senpai/util/handlers/TileEntityHandler.java
2018-04-02 17:21:51: Change detected [0]: t=Modified path=/main/java/com/senpai/tileEntity/render/rendererPipe.java
2018-04-02 17:21:51: Change detected [0]: t=Modified path=/main/java/com/senpai/tileEntity/render/rendererPipe.java
2018-04-02 17:21:51: Change detected [0]: t=Deleted path=/main/java/com/senpai/util/tileEntities/pipe/TileEntityPipe.java
2018-04-02 17:21:51: Change detected [0]: t=Created path=/main/java/com/senpai/tileEntity/TileEntityPipe.java
2018-04-02 17:21:51: Change detected [0]: t=Modified path=/main/java/com/senpai/tileEntity/TileEntityPipe.java
2018-04-02 17:21:51: Change detected [0]: t=Modified path=/main/java/com/senpai/tileEntity/TileEntityPipe.java
2018-04-02 17:21:51: Save State File S:/Documents/MinecraftModding/xcraftmod/src/_gsdata_/_file_state_v4._gs
2018-04-02 17:21:53: Save State File gdrive://www.googleapis.com/Good Sync/Eclips Projects/Moding Minecraft 1.12.2/Application/_gsdata_/_file_state_v4._gs
2018-04-02 17:21:53: Cleanup recycled files in S:/Documents/MinecraftModding/xcraftmod/src/_gsdata_/_saved_
2018-04-02 17:21:53: Load Recycled DB: S:/Documents/MinecraftModding/xcraftmod/src/_gsdata_/_recycled_db._gs
2018-04-02 17:21:53: Cleanup old logs in S:/Documents/MinecraftModding/xcraftmod/src/_gsdata_
2018-04-02 17:21:53: Cleanup recycled files in gdrive://www.googleapis.com/Good Sync/Eclips Projects/Moding Minecraft 1.12.2/Application/_gsdata_/_saved_
2018-04-02 17:21:54: Load Recycled DB: gdrive://www.googleapis.com/Good Sync/Eclips Projects/Moding Minecraft 1.12.2/Application/_gsdata_/_recycled_db._gs
2018-04-02 17:21:54: Cleanup old logs in gdrive://www.googleapis.com/Good Sync/Eclips Projects/Moding Minecraft 1.12.2/Application/_gsdata_
2018-04-02 17:21:54: == Sync Complete. Time: 00:00:04, Speed: 0 bytes/s, OK: 1, Errors: 0
2018-04-02 17:21:54: Unlocking folder S:/Documents/MinecraftModding/xcraftmod/src/_gsdata_/lock.gsl
2018-04-02 17:21:54: Unlocking folder gdrive://www.googleapis.com/Good Sync/Eclips Projects/Moding Minecraft 1.12.2/Application/_gsdata_/lock.gsl
2018-04-02 17:21:56: 
