2018-04-02 22:32:31: Connected to S:\Documents\MinecraftModding\xcraftmod\src: S: NTFS: type=NTFS vol=Data Storage flags=3E706FF
2018-04-02 22:32:31: Connected to gdrive://www.googleapis.com/Good Sync/Eclips Projects/Moding Minecraft 1.12.2/Application
2018-04-02 22:32:31: Incremental Analyze for On File Change
2018-04-02 22:32:31: -- Analysis Started by On File Change, After Delay, Under Runner
2018-04-02 22:32:31: Mod Sync: ANALYSIS started by On File Change, After Delay, Under Runner on 'SENPAI_DESKTOP' (GoodSync 10.8.1.1)
2018-04-02 22:32:31: =Data Storage:\Documents\MinecraftModding\xcraftmod\src (S:/Documents/MinecraftModding/xcraftmod/src) [TmpDest] <-> gdrive://www.googleapis.com/Good Sync/Eclips Projects/Moding Minecraft 1.12.2/Application [DirDest], RecycleTo_RecycleBin, SaveDays_RecycleBin=30d, ReconnectSecs=120, SyncWorkerThreads=99, OnFileChange Delay=5, Unattended, WaitForLocksMin=20, ResolveConflicts=NewerFileWins, AutoClear, LinksIgnore
2018-04-02 22:32:31: Exclude Hidden, Exclude System, Exclude name *._gstmp|/System Volume Information|Thumbs.db|.DS_Store 
2018-04-02 22:32:31: Locking folder S:/Documents/MinecraftModding/xcraftmod/src for write
2018-04-02 22:32:31: Change Analyzed: S:/Documents/MinecraftModding/xcraftmod/src/main/java/com/senpai/entity/EntityCentaur.java
2018-04-02 22:32:31: Change Analyzed: S:/Documents/MinecraftModding/xcraftmod/src/main/java/com/senpai/entity/co/EntityCentaur.java
2018-04-02 22:32:31: Change Analyzed: S:/Documents/MinecraftModding/xcraftmod/src/main/java/com/senpai/entity/EntityCentaur.java
2018-04-02 22:32:31: Change Analyzed: S:/Documents/MinecraftModding/xcraftmod/src/main/java/com/senpai/entity/EntityCentaur.java
2018-04-02 22:32:31: Change Analyzed: S:/Documents/MinecraftModding/xcraftmod/src/main/java/com/senpai/entity/EntityCentaur.java
2018-04-02 22:32:31: Change Analyzed: S:/Documents/MinecraftModding/xcraftmod/src/main/java/com/senpai/entity/co
2018-04-02 22:32:31: Locking folder gdrive://www.googleapis.com/Good Sync/Eclips Projects/Moding Minecraft 1.12.2/Application for write
2018-04-02 22:32:34: On disk file:///S: space required for sync is 0 bytes, you have 1.25 TB
2018-04-02 22:32:34: On disk gdrive://www.googleapis.com space required for sync is 1.00 KB, you have 12.4 GB
2018-04-02 22:32:34: Changes: 3, Conflicts: 0, CopyTime: 0, FixState: 0, Errors: 0, All: 22051
2018-04-02 22:32:34: Left to Right: Copy File: 1 Delete File: 2 
2018-04-02 22:32:34: -- Analysis Complete. Time 00:00:04, Speed: 94 files/s
2018-04-02 22:32:34: == Sync Started by On File Change, After Delay, Under Runner
2018-04-02 22:32:34: Mod Sync: SYNC started by On File Change, After Delay, Under Runner on 'SENPAI_DESKTOP'
2018-04-02 22:32:34: =Data Storage:\Documents\MinecraftModding\xcraftmod\src (S:/Documents/MinecraftModding/xcraftmod/src) [TmpDest] <-> gdrive://www.googleapis.com/Good Sync/Eclips Projects/Moding Minecraft 1.12.2/Application [DirDest], RecycleTo_RecycleBin, SaveDays_RecycleBin=30d, ReconnectSecs=120, SyncWorkerThreads=99, OnFileChange Delay=5, Unattended, WaitForLocksMin=20, ResolveConflicts=NewerFileWins, AutoClear, LinksIgnore
2018-04-02 22:32:38: Load Recycled DB: gdrive://www.googleapis.com/Good Sync/Eclips Projects/Moding Minecraft 1.12.2/Application/_gsdata_/_recycled_db._gs
2018-04-02 22:32:38: Delete File 'gdrive://www.googleapis.com/Good Sync/Eclips Projects/Moding Minecraft 1.12.2/Application/main/java/com/senpai/entity/co/EntityCentaur.java'
2018-04-02 22:32:39: Delete Folder 'gdrive://www.googleapis.com/Good Sync/Eclips Projects/Moding Minecraft 1.12.2/Application/main/java/com/senpai/entity/co'
2018-04-02 22:32:39: File Systems limited number of parallel threads to 20
2018-04-02 22:32:39: Start only 1 threads, limited by tasks to run
2018-04-02 22:32:43: Change detected [1]: t=Deleted path=/main/java/com/senpai/entity/co
2018-04-02 22:32:43: Change detected [1]: t=MovedFrom path=/main/java/com/senpai/entity/co/EntityCentaur.java
2018-04-02 22:32:45: Copy Over 'S:/Documents/MinecraftModding/xcraftmod/src/main/java/com/senpai/entity/EntityCentaur.java' -> 'gdrive://www.googleapis.com/Good Sync/Eclips Projects/Moding Minecraft 1.12.2/Application/main/java/com/senpai/entity/EntityCentaur.java' (133)
2018-04-02 22:32:45: Save State File S:/Documents/MinecraftModding/xcraftmod/src/_gsdata_/_file_state_v4._gs
2018-04-02 22:32:46: Save State File gdrive://www.googleapis.com/Good Sync/Eclips Projects/Moding Minecraft 1.12.2/Application/_gsdata_/_file_state_v4._gs
2018-04-02 22:32:47: Cleanup recycled files in S:/Documents/MinecraftModding/xcraftmod/src/_gsdata_/_saved_
2018-04-02 22:32:47: Load Recycled DB: S:/Documents/MinecraftModding/xcraftmod/src/_gsdata_/_recycled_db._gs
2018-04-02 22:32:47: Deleted old log file C:/Users/Senpai/AppData/Roaming/GoodSync/_mirrors_/file-=Data Storage-Documents-MinecraftModding-xcraftmod-src/2018-0326-223155-SENPAI_DESKTOP-Runner-Mod Sync.log
2018-04-02 22:32:47: Deleted old log file C:/Users/Senpai/AppData/Roaming/GoodSync/_mirrors_/file-=Data Storage-Documents-MinecraftModding-xcraftmod-src/2018-0326-223216-SENPAI_DESKTOP-Runner-Mod Sync.log
2018-04-02 22:32:47: Cleanup old logs in S:/Documents/MinecraftModding/xcraftmod/src/_gsdata_
2018-04-02 22:32:47: Delete log file S:/Documents/MinecraftModding/xcraftmod/src/_gsdata_/2018-0326-223155-SENPAI_DESKTOP-Runner-Mod Sync.log
2018-04-02 22:32:47: Cleanup recycled files in gdrive://www.googleapis.com/Good Sync/Eclips Projects/Moding Minecraft 1.12.2/Application/_gsdata_/_saved_
2018-04-02 22:32:47: Change detected [0]: t=Modified path=/main/java/com/senpai/entity/EntityCentaur.java
2018-04-02 22:32:47: Change detected [0]: t=Modified path=/main/java/com/senpai/entity/EntityCentaur.java
2018-04-02 22:32:48: Save Recycled DB: gdrive://www.googleapis.com/Good Sync/Eclips Projects/Moding Minecraft 1.12.2/Application/_gsdata_/_recycled_db._gs
2018-04-02 22:32:48: Deleted old log file C:/Users/Senpai/AppData/Roaming/GoodSync/_mirrors_/gdrive-Wicky_Gustave-0AGIAX4LCOy-XUk9PVA@www.googleapis.com-Good Sync-Eclips Projects-Moding Minecraft 1.12.2-Application/2018-0326-223155-SENPAI_DESKTOP-Runner-Mod Sync.log
2018-04-02 22:32:48: Deleted old log file C:/Users/Senpai/AppData/Roaming/GoodSync/_mirrors_/gdrive-Wicky_Gustave-0AGIAX4LCOy-XUk9PVA@www.googleapis.com-Good Sync-Eclips Projects-Moding Minecraft 1.12.2-Application/2018-0326-223216-SENPAI_DESKTOP-Runner-Mod Sync.log
2018-04-02 22:32:48: Cleanup old logs in gdrive://www.googleapis.com/Good Sync/Eclips Projects/Moding Minecraft 1.12.2/Application/_gsdata_
2018-04-02 22:32:50: Delete log file gdrive://www.googleapis.com/Good Sync/Eclips Projects/Moding Minecraft 1.12.2/Application/_gsdata_/2018-0326-223155-SENPAI_DESKTOP-Runner-Mod Sync.log
2018-04-02 22:32:50: == Sync Complete. Time: 00:00:16, Speed: 1.62 KB/s, OK: 3, Errors: 0
2018-04-02 22:32:50: Unlocking folder S:/Documents/MinecraftModding/xcraftmod/src/_gsdata_/lock.gsl
2018-04-02 22:32:50: Unlocking folder gdrive://www.googleapis.com/Good Sync/Eclips Projects/Moding Minecraft 1.12.2/Application/_gsdata_/lock.gsl
2018-04-02 22:32:52: 
