2018-04-04 16:07:11: Change detected [0]: t=Created path=/main/resources/assets/sxm/models/item/leaves_tin.json
2018-04-04 16:07:11: Change detected [0]: t=Modified path=/main/resources/assets/sxm/models/item/leaves_tin.json
2018-04-04 16:07:11: Change detected [0]: t=Modified path=/main/resources/assets/sxm/models/item/leaves_tin.json
2018-04-04 16:07:11: Connected to S:\Documents\MinecraftModding\xcraftmod\src: S: NTFS: type=NTFS vol=Data Storage flags=3E706FF
2018-04-04 16:07:11: Connected to gdrive://www.googleapis.com/Good Sync/Eclips Projects/Moding Minecraft 1.12.2/Application
2018-04-04 16:07:11: Incremental Analyze for On File Change
2018-04-04 16:07:12: -- Analysis Started by On File Change, After Delay, Under Runner
2018-04-04 16:07:12: Mod Sync: ANALYSIS started by On File Change, After Delay, Under Runner on 'SENPAI_DESKTOP' (GoodSync 10.8.1.1)
2018-04-04 16:07:12: =Data Storage:\Documents\MinecraftModding\xcraftmod\src (S:/Documents/MinecraftModding/xcraftmod/src) [TmpDest] <-> gdrive://www.googleapis.com/Good Sync/Eclips Projects/Moding Minecraft 1.12.2/Application [DirDest], RecycleTo_RecycleBin, SaveDays_RecycleBin=30d, ReconnectSecs=120, SyncWorkerThreads=99, OnFileChange Delay=5, Unattended, WaitForLocksMin=20, ResolveConflicts=NewerFileWins, AutoClear, LinksIgnore
2018-04-04 16:07:12: Exclude Hidden, Exclude System, Exclude name *._gstmp|/System Volume Information|Thumbs.db|.DS_Store 
2018-04-04 16:07:12: Locking folder S:/Documents/MinecraftModding/xcraftmod/src for write
2018-04-04 16:07:12: Change Analyzed: S:/Documents/MinecraftModding/xcraftmod/src/main/resources/assets/sxm/models/item/leaves_tin.json
2018-04-04 16:07:12: Change Analyzed: S:/Documents/MinecraftModding/xcraftmod/src/main/resources/assets/sxm/models/item/leaves_tin.json
2018-04-04 16:07:12: Change Analyzed: S:/Documents/MinecraftModding/xcraftmod/src/main/resources/assets/sxm/models/item/leaves_tin.json
2018-04-04 16:07:12: Locking folder gdrive://www.googleapis.com/Good Sync/Eclips Projects/Moding Minecraft 1.12.2/Application for write
2018-04-04 16:07:13: Change Analyzed: gdrive://www.googleapis.com/Good Sync/Eclips Projects/Moding Minecraft 1.12.2/Application/main/resources/assets/sxm/blockstates/log.json
2018-04-04 16:07:13: Change Analyzed: gdrive://www.googleapis.com/Good Sync/Eclips Projects/Moding Minecraft 1.12.2/Application/main/resources/assets/sxm/blockstates/log.json
2018-04-04 16:07:13: Change Analyzed: gdrive://www.googleapis.com/Good Sync/Eclips Projects/Moding Minecraft 1.12.2/Application/main/resources/assets/sxm/blockstates/log.json
2018-04-04 16:07:14: On disk file:///S: space required for sync is 0 bytes, you have 1.25 TB
2018-04-04 16:07:14: On disk gdrive://www.googleapis.com space required for sync is 1.00 KB, you have 12.4 GB
2018-04-04 16:07:14: Changes: 1, Conflicts: 0, CopyTime: 0, FixState: 0, Errors: 0, All: 22420
2018-04-04 16:07:14: Left to Right: Copy File: 1 
2018-04-04 16:07:14: -- Analysis Complete. Time 00:00:04, Speed: 140 files/s
2018-04-04 16:07:14: == Sync Started by On File Change, After Delay, Under Runner
2018-04-04 16:07:14: Mod Sync: SYNC started by On File Change, After Delay, Under Runner on 'SENPAI_DESKTOP'
2018-04-04 16:07:14: =Data Storage:\Documents\MinecraftModding\xcraftmod\src (S:/Documents/MinecraftModding/xcraftmod/src) [TmpDest] <-> gdrive://www.googleapis.com/Good Sync/Eclips Projects/Moding Minecraft 1.12.2/Application [DirDest], RecycleTo_RecycleBin, SaveDays_RecycleBin=30d, ReconnectSecs=120, SyncWorkerThreads=99, OnFileChange Delay=5, Unattended, WaitForLocksMin=20, ResolveConflicts=NewerFileWins, AutoClear, LinksIgnore
2018-04-04 16:07:14: File Systems limited number of parallel threads to 20
2018-04-04 16:07:14: Start only 1 threads, limited by tasks to run
2018-04-04 16:07:16: Copy New 'S:/Documents/MinecraftModding/xcraftmod/src/main/resources/assets/sxm/models/item/leaves_tin.json' -> 'gdrive://www.googleapis.com/Good Sync/Eclips Projects/Moding Minecraft 1.12.2/Application/main/resources/assets/sxm/models/item/leaves_tin.json' (45)
2018-04-04 16:07:16: Save State File S:/Documents/MinecraftModding/xcraftmod/src/_gsdata_/_file_state_v4._gs
2018-04-04 16:07:17: Change detected [0]: t=Modified path=/main/resources/assets/sxm/models/item/leaves_tin.json
2018-04-04 16:07:17: Change detected [0]: t=Modified path=/main/resources/assets/sxm/models/item/leaves_tin.json
2018-04-04 16:07:17: Save State File gdrive://www.googleapis.com/Good Sync/Eclips Projects/Moding Minecraft 1.12.2/Application/_gsdata_/_file_state_v4._gs
2018-04-04 16:07:17: Cleanup recycled files in S:/Documents/MinecraftModding/xcraftmod/src/_gsdata_/_saved_
2018-04-04 16:07:17: Load Recycled DB: S:/Documents/MinecraftModding/xcraftmod/src/_gsdata_/_recycled_db._gs
2018-04-04 16:07:17: Cleanup old logs in S:/Documents/MinecraftModding/xcraftmod/src/_gsdata_
2018-04-04 16:07:17: Cleanup recycled files in gdrive://www.googleapis.com/Good Sync/Eclips Projects/Moding Minecraft 1.12.2/Application/_gsdata_/_saved_
2018-04-04 16:07:18: Load Recycled DB: gdrive://www.googleapis.com/Good Sync/Eclips Projects/Moding Minecraft 1.12.2/Application/_gsdata_/_recycled_db._gs
2018-04-04 16:07:18: Cleanup old logs in gdrive://www.googleapis.com/Good Sync/Eclips Projects/Moding Minecraft 1.12.2/Application/_gsdata_
2018-04-04 16:07:19: == Sync Complete. Time: 00:00:05, Speed: 925 bytes/s, OK: 1, Errors: 0
2018-04-04 16:07:19: Unlocking folder S:/Documents/MinecraftModding/xcraftmod/src/_gsdata_/lock.gsl
2018-04-04 16:07:19: Unlocking folder gdrive://www.googleapis.com/Good Sync/Eclips Projects/Moding Minecraft 1.12.2/Application/_gsdata_/lock.gsl
2018-04-04 16:07:20: 
