2018-04-02 20:13:51: Connected to S:\Documents\MinecraftModding\xcraftmod\src: S: NTFS: type=NTFS vol=Data Storage flags=3E706FF
2018-04-02 20:13:56: Connected to gdrive://www.googleapis.com/Good Sync/Eclips Projects/Moding Minecraft 1.12.2/Application
2018-04-02 20:13:56: Incremental Analyze for On File Change
2018-04-02 20:13:56: -- Analysis Started by On File Change, After Delay, Under Runner
2018-04-02 20:13:56: Mod Sync: ANALYSIS started by On File Change, After Delay, Under Runner on 'SENPAI_DESKTOP' (GoodSync 10.8.1.1)
2018-04-02 20:13:56: =Data Storage:\Documents\MinecraftModding\xcraftmod\src (S:/Documents/MinecraftModding/xcraftmod/src) [TmpDest] <-> gdrive://www.googleapis.com/Good Sync/Eclips Projects/Moding Minecraft 1.12.2/Application [DirDest], RecycleTo_RecycleBin, SaveDays_RecycleBin=30d, ReconnectSecs=120, SyncWorkerThreads=99, OnFileChange Delay=5, Unattended, WaitForLocksMin=20, ResolveConflicts=NewerFileWins, AutoClear, LinksIgnore
2018-04-02 20:13:56: Exclude Hidden, Exclude System, Exclude name *._gstmp|/System Volume Information|Thumbs.db|.DS_Store 
2018-04-02 20:13:56: Locking folder S:/Documents/MinecraftModding/xcraftmod/src for write
2018-04-02 20:13:56: Change Analyzed: S:/Documents/MinecraftModding/xcraftmod/src/main/resources/assets/sxm/models/item/energy_cell_basic.json
2018-04-02 20:13:56: Change Analyzed: S:/Documents/MinecraftModding/xcraftmod/src/main/resources/assets/sxm/models/item/energy_cell_basic.json
2018-04-02 20:13:56: Change Analyzed: S:/Documents/MinecraftModding/xcraftmod/src/main/resources/assets/sxm/models/item/energy_cell_basic.json
2018-04-02 20:13:56: Locking folder gdrive://www.googleapis.com/Good Sync/Eclips Projects/Moding Minecraft 1.12.2/Application for write
2018-04-02 20:13:59: On disk file:///S: space required for sync is 0 bytes, you have 1.25 TB
2018-04-02 20:13:59: On disk gdrive://www.googleapis.com space required for sync is 15.0 KB, you have 12.4 GB
2018-04-02 20:13:59: Changes: 1, Conflicts: 0, CopyTime: 0, FixState: 0, Errors: 0, All: 22040
2018-04-02 20:13:59: Left to Right: Copy File: 1 
2018-04-02 20:13:59: -- Analysis Complete. Time 00:00:09, Speed: 41 files/s
2018-04-02 20:13:59: == Sync Started by On File Change, After Delay, Under Runner
2018-04-02 20:13:59: Mod Sync: SYNC started by On File Change, After Delay, Under Runner on 'SENPAI_DESKTOP'
2018-04-02 20:13:59: =Data Storage:\Documents\MinecraftModding\xcraftmod\src (S:/Documents/MinecraftModding/xcraftmod/src) [TmpDest] <-> gdrive://www.googleapis.com/Good Sync/Eclips Projects/Moding Minecraft 1.12.2/Application [DirDest], RecycleTo_RecycleBin, SaveDays_RecycleBin=30d, ReconnectSecs=120, SyncWorkerThreads=99, OnFileChange Delay=5, Unattended, WaitForLocksMin=20, ResolveConflicts=NewerFileWins, AutoClear, LinksIgnore
2018-04-02 20:13:59: Change detected [0]: t=Modified path=/main/resources/assets/sxm/models/item/energy_cell_basic.json
2018-04-02 20:13:59: Change detected [0]: t=Modified path=/main/resources/assets/sxm/models/item/energy_cell_basic.json
2018-04-02 20:13:59: File Systems limited number of parallel threads to 20
2018-04-02 20:13:59: Start only 1 threads, limited by tasks to run
2018-04-02 20:14:02: Load Recycled DB: gdrive://www.googleapis.com/Good Sync/Eclips Projects/Moding Minecraft 1.12.2/Application/_gsdata_/_recycled_db._gs
2018-04-02 20:14:03: Change detected [1]: t=MovedFrom path=/main/resources/assets/sxm/models/item/energy_cell_basic.json
2018-04-02 20:14:04: S:/Documents/MinecraftModding/xcraftmod/src/main/resources/assets/sxm/models/item/energy_cell_basic.json: Source file has changed between Analyze and Sync from '[file] size=14410 accu-time=2018-04-02 20:13:41 attr=Archive cktype=0' to 'size=14455 time=2018-04-02 20:13:58', noted in source file state
2018-04-02 20:14:04: Copy Over 'S:/Documents/MinecraftModding/xcraftmod/src/main/resources/assets/sxm/models/item/energy_cell_basic.json' -> 'gdrive://www.googleapis.com/Good Sync/Eclips Projects/Moding Minecraft 1.12.2/Application/main/resources/assets/sxm/models/item/energy_cell_basic.json' (14410)
2018-04-02 20:14:05: Save State File S:/Documents/MinecraftModding/xcraftmod/src/_gsdata_/_file_state_v4._gs
2018-04-02 20:14:06: Save State File gdrive://www.googleapis.com/Good Sync/Eclips Projects/Moding Minecraft 1.12.2/Application/_gsdata_/_file_state_v4._gs
2018-04-02 20:14:06: Cleanup recycled files in S:/Documents/MinecraftModding/xcraftmod/src/_gsdata_/_saved_
2018-04-02 20:14:06: Load Recycled DB: S:/Documents/MinecraftModding/xcraftmod/src/_gsdata_/_recycled_db._gs
2018-04-02 20:14:06: Cleanup old logs in S:/Documents/MinecraftModding/xcraftmod/src/_gsdata_
2018-04-02 20:14:06: Cleanup recycled files in gdrive://www.googleapis.com/Good Sync/Eclips Projects/Moding Minecraft 1.12.2/Application/_gsdata_/_saved_
2018-04-02 20:14:07: Save Recycled DB: gdrive://www.googleapis.com/Good Sync/Eclips Projects/Moding Minecraft 1.12.2/Application/_gsdata_/_recycled_db._gs
2018-04-02 20:14:07: Cleanup old logs in gdrive://www.googleapis.com/Good Sync/Eclips Projects/Moding Minecraft 1.12.2/Application/_gsdata_
2018-04-02 20:14:07: == Sync Complete. Time: 00:00:08, Speed: 3.18 KB/s, OK: 1, Errors: 0
2018-04-02 20:14:07: Unlocking folder S:/Documents/MinecraftModding/xcraftmod/src/_gsdata_/lock.gsl
2018-04-02 20:14:07: Unlocking folder gdrive://www.googleapis.com/Good Sync/Eclips Projects/Moding Minecraft 1.12.2/Application/_gsdata_/lock.gsl
2018-04-02 20:14:08: 
