2018-04-04 16:07:56: Connected to S:\Documents\MinecraftModding\xcraftmod\src: S: NTFS: type=NTFS vol=Data Storage flags=3E706FF
2018-04-04 16:07:56: Connected to gdrive://www.googleapis.com/Good Sync/Eclips Projects/Moding Minecraft 1.12.2/Application
2018-04-04 16:07:56: Incremental Analyze for On File Change
2018-04-04 16:07:57: -- Analysis Started by On File Change, After Delay, Under Runner
2018-04-04 16:07:57: Mod Sync: ANALYSIS started by On File Change, After Delay, Under Runner on 'SENPAI_DESKTOP' (GoodSync 10.8.1.1)
2018-04-04 16:07:57: =Data Storage:\Documents\MinecraftModding\xcraftmod\src (S:/Documents/MinecraftModding/xcraftmod/src) [TmpDest] <-> gdrive://www.googleapis.com/Good Sync/Eclips Projects/Moding Minecraft 1.12.2/Application [DirDest], RecycleTo_RecycleBin, SaveDays_RecycleBin=30d, ReconnectSecs=120, SyncWorkerThreads=99, OnFileChange Delay=5, Unattended, WaitForLocksMin=20, ResolveConflicts=NewerFileWins, AutoClear, LinksIgnore
2018-04-04 16:07:57: Exclude Hidden, Exclude System, Exclude name *._gstmp|/System Volume Information|Thumbs.db|.DS_Store 
2018-04-04 16:07:57: Locking folder S:/Documents/MinecraftModding/xcraftmod/src for write
2018-04-04 16:07:57: Change Analyzed: S:/Documents/MinecraftModding/xcraftmod/src/main/resources/assets/sxm/models/item/log_tin.json
2018-04-04 16:07:57: Change Analyzed: S:/Documents/MinecraftModding/xcraftmod/src/main/resources/assets/sxm/models/item/log_tin.json
2018-04-04 16:07:57: Change Analyzed: S:/Documents/MinecraftModding/xcraftmod/src/main/resources/assets/sxm/models/item/log_tin.json
2018-04-04 16:07:57: Locking folder gdrive://www.googleapis.com/Good Sync/Eclips Projects/Moding Minecraft 1.12.2/Application for write
2018-04-04 16:07:59: Change Analyzed: gdrive://www.googleapis.com/Good Sync/Eclips Projects/Moding Minecraft 1.12.2/Application/main/resources/assets/sxm/models/item/leaves_tin.json
2018-04-04 16:07:59: Change Analyzed: gdrive://www.googleapis.com/Good Sync/Eclips Projects/Moding Minecraft 1.12.2/Application/main/resources/assets/sxm/models/item/leaves_tin.json
2018-04-04 16:07:59: Change Analyzed: gdrive://www.googleapis.com/Good Sync/Eclips Projects/Moding Minecraft 1.12.2/Application/main/resources/assets/sxm/models/item/leaves_tin.json
2018-04-04 16:08:00: On disk file:///S: space required for sync is 0 bytes, you have 1.25 TB
2018-04-04 16:08:00: On disk gdrive://www.googleapis.com space required for sync is 1.00 KB, you have 12.4 GB
2018-04-04 16:08:00: Changes: 1, Conflicts: 0, CopyTime: 0, FixState: 0, Errors: 0, All: 22421
2018-04-04 16:08:00: Left to Right: Copy File: 1 
2018-04-04 16:08:00: -- Analysis Complete. Time 00:00:05, Speed: 112 files/s
2018-04-04 16:08:00: == Sync Started by On File Change, After Delay, Under Runner
2018-04-04 16:08:00: Mod Sync: SYNC started by On File Change, After Delay, Under Runner on 'SENPAI_DESKTOP'
2018-04-04 16:08:00: =Data Storage:\Documents\MinecraftModding\xcraftmod\src (S:/Documents/MinecraftModding/xcraftmod/src) [TmpDest] <-> gdrive://www.googleapis.com/Good Sync/Eclips Projects/Moding Minecraft 1.12.2/Application [DirDest], RecycleTo_RecycleBin, SaveDays_RecycleBin=30d, ReconnectSecs=120, SyncWorkerThreads=99, OnFileChange Delay=5, Unattended, WaitForLocksMin=20, ResolveConflicts=NewerFileWins, AutoClear, LinksIgnore
2018-04-04 16:08:00: Change detected [0]: t=Modified path=/main/resources/assets/sxm/models/item/log_tin.json
2018-04-04 16:08:00: Change detected [0]: t=Modified path=/main/resources/assets/sxm/models/item/log_tin.json
2018-04-04 16:08:00: File Systems limited number of parallel threads to 20
2018-04-04 16:08:00: Start only 1 threads, limited by tasks to run
2018-04-04 16:08:01: S:/Documents/MinecraftModding/xcraftmod/src/main/resources/assets/sxm/models/item/log_tin.json: Source file has changed between Analyze and Sync from '[file] size=42 accu-time=2018-03-21 00:36:29 attr=Archive cktype=0' to 'size=39 time=2018-04-04 16:07:59', noted in source file state
2018-04-04 16:08:01: Copy New 'S:/Documents/MinecraftModding/xcraftmod/src/main/resources/assets/sxm/models/item/log_tin.json' -> 'gdrive://www.googleapis.com/Good Sync/Eclips Projects/Moding Minecraft 1.12.2/Application/main/resources/assets/sxm/models/item/log_tin.json' (42)
2018-04-04 16:08:02: Save State File S:/Documents/MinecraftModding/xcraftmod/src/_gsdata_/_file_state_v4._gs
2018-04-04 16:08:03: Save State File gdrive://www.googleapis.com/Good Sync/Eclips Projects/Moding Minecraft 1.12.2/Application/_gsdata_/_file_state_v4._gs
2018-04-04 16:08:03: Cleanup recycled files in S:/Documents/MinecraftModding/xcraftmod/src/_gsdata_/_saved_
2018-04-04 16:08:03: Load Recycled DB: S:/Documents/MinecraftModding/xcraftmod/src/_gsdata_/_recycled_db._gs
2018-04-04 16:08:03: Cleanup old logs in S:/Documents/MinecraftModding/xcraftmod/src/_gsdata_
2018-04-04 16:08:03: Cleanup recycled files in gdrive://www.googleapis.com/Good Sync/Eclips Projects/Moding Minecraft 1.12.2/Application/_gsdata_/_saved_
2018-04-04 16:08:04: Load Recycled DB: gdrive://www.googleapis.com/Good Sync/Eclips Projects/Moding Minecraft 1.12.2/Application/_gsdata_/_recycled_db._gs
2018-04-04 16:08:04: Cleanup old logs in gdrive://www.googleapis.com/Good Sync/Eclips Projects/Moding Minecraft 1.12.2/Application/_gsdata_
2018-04-04 16:08:05: == Sync Complete. Time: 00:00:05, Speed: 1.81 KB/s, OK: 1, Errors: 0
2018-04-04 16:08:05: Unlocking folder S:/Documents/MinecraftModding/xcraftmod/src/_gsdata_/lock.gsl
2018-04-04 16:08:05: Unlocking folder gdrive://www.googleapis.com/Good Sync/Eclips Projects/Moding Minecraft 1.12.2/Application/_gsdata_/lock.gsl
2018-04-04 16:08:06: 
