2018-04-03 02:53:18: Connected to S:\Documents\MinecraftModding\xcraftmod\src: S: NTFS: type=NTFS vol=Data Storage flags=3E706FF
2018-04-03 02:53:18: Connected to gdrive://www.googleapis.com/Good Sync/Eclips Projects/Moding Minecraft 1.12.2/Application
2018-04-03 02:53:18: Incremental Analyze for On File Change
2018-04-03 02:53:18: -- Analysis Started by On File Change, After Delay, Under Runner
2018-04-03 02:53:18: Mod Sync: ANALYSIS started by On File Change, After Delay, Under Runner on 'SENPAI_DESKTOP' (GoodSync 10.8.1.1)
2018-04-03 02:53:18: =Data Storage:\Documents\MinecraftModding\xcraftmod\src (S:/Documents/MinecraftModding/xcraftmod/src) [TmpDest] <-> gdrive://www.googleapis.com/Good Sync/Eclips Projects/Moding Minecraft 1.12.2/Application [DirDest], RecycleTo_RecycleBin, SaveDays_RecycleBin=30d, ReconnectSecs=120, SyncWorkerThreads=99, OnFileChange Delay=5, Unattended, WaitForLocksMin=20, ResolveConflicts=NewerFileWins, AutoClear, LinksIgnore
2018-04-03 02:53:18: Exclude Hidden, Exclude System, Exclude name *._gstmp|/System Volume Information|Thumbs.db|.DS_Store 
2018-04-03 02:53:18: Locking folder S:/Documents/MinecraftModding/xcraftmod/src for write
2018-04-03 02:53:18: Change Analyzed: S:/Documents/MinecraftModding/xcraftmod/src/main/java/com/senpai/objects/blocks/BlockBeacon.java
2018-04-03 02:53:18: Change Analyzed: S:/Documents/MinecraftModding/xcraftmod/src/main/java/com/senpai/objects/blocks/BlockBeacon.java
2018-04-03 02:53:18: Locking folder gdrive://www.googleapis.com/Good Sync/Eclips Projects/Moding Minecraft 1.12.2/Application for write
2018-04-03 02:53:21: On disk file:///S: space required for sync is 0 bytes, you have 1.25 TB
2018-04-03 02:53:21: On disk gdrive://www.googleapis.com space required for sync is 6.00 KB, you have 12.4 GB
2018-04-03 02:53:21: Changes: 1, Conflicts: 0, CopyTime: 0, FixState: 0, Errors: 0, All: 22066
2018-04-03 02:53:21: Left to Right: Copy File: 1 
2018-04-03 02:53:21: -- Analysis Complete. Time 00:00:04, Speed: 95 files/s
2018-04-03 02:53:21: == Sync Started by On File Change, After Delay, Under Runner
2018-04-03 02:53:21: Mod Sync: SYNC started by On File Change, After Delay, Under Runner on 'SENPAI_DESKTOP'
2018-04-03 02:53:21: =Data Storage:\Documents\MinecraftModding\xcraftmod\src (S:/Documents/MinecraftModding/xcraftmod/src) [TmpDest] <-> gdrive://www.googleapis.com/Good Sync/Eclips Projects/Moding Minecraft 1.12.2/Application [DirDest], RecycleTo_RecycleBin, SaveDays_RecycleBin=30d, ReconnectSecs=120, SyncWorkerThreads=99, OnFileChange Delay=5, Unattended, WaitForLocksMin=20, ResolveConflicts=NewerFileWins, AutoClear, LinksIgnore
2018-04-03 02:53:21: File Systems limited number of parallel threads to 20
2018-04-03 02:53:21: Start only 1 threads, limited by tasks to run
2018-04-03 02:53:23: Load Recycled DB: gdrive://www.googleapis.com/Good Sync/Eclips Projects/Moding Minecraft 1.12.2/Application/_gsdata_/_recycled_db._gs
2018-04-03 02:53:24: Change detected [0]: t=Modified path=/main/java/com/senpai/objects/blocks/BlockBeacon.java
2018-04-03 02:53:25: Copy Over 'S:/Documents/MinecraftModding/xcraftmod/src/main/java/com/senpai/objects/blocks/BlockBeacon.java' -> 'gdrive://www.googleapis.com/Good Sync/Eclips Projects/Moding Minecraft 1.12.2/Application/main/java/com/senpai/objects/blocks/BlockBeacon.java' (5917)
2018-04-03 02:53:25: Save State File S:/Documents/MinecraftModding/xcraftmod/src/_gsdata_/_file_state_v4._gs
2018-04-03 02:53:26: Save State File gdrive://www.googleapis.com/Good Sync/Eclips Projects/Moding Minecraft 1.12.2/Application/_gsdata_/_file_state_v4._gs
2018-04-03 02:53:27: Cleanup recycled files in S:/Documents/MinecraftModding/xcraftmod/src/_gsdata_/_saved_
2018-04-03 02:53:27: Load Recycled DB: S:/Documents/MinecraftModding/xcraftmod/src/_gsdata_/_recycled_db._gs
2018-04-03 02:53:27: Deleted old log file C:/Users/Senpai/AppData/Roaming/GoodSync/_mirrors_/file-=Data Storage-Documents-MinecraftModding-xcraftmod-src/2018-0327-025301-SENPAI_DESKTOP-Runner-Mod Sync.log
2018-04-03 02:53:27: Cleanup old logs in S:/Documents/MinecraftModding/xcraftmod/src/_gsdata_
2018-04-03 02:53:27: Delete log file S:/Documents/MinecraftModding/xcraftmod/src/_gsdata_/2018-0327-025301-SENPAI_DESKTOP-Runner-Mod Sync.log
2018-04-03 02:53:27: Cleanup recycled files in gdrive://www.googleapis.com/Good Sync/Eclips Projects/Moding Minecraft 1.12.2/Application/_gsdata_/_saved_
2018-04-03 02:53:27: Change detected [1]: t=Modified path=/main/java/com/senpai/objects/blocks/BlockBeacon.java
2018-04-03 02:53:27: Change detected [1]: t=Created path=/main/java/com/senpai/objects/blocks/BlockBeacon.java
2018-04-03 02:53:28: Change detected [1]: t=MovedFrom path=/main/java/com/senpai/objects/blocks/BlockBeacon.java
2018-04-03 02:53:28: Save Recycled DB: gdrive://www.googleapis.com/Good Sync/Eclips Projects/Moding Minecraft 1.12.2/Application/_gsdata_/_recycled_db._gs
2018-04-03 02:53:28: Deleted old log file C:/Users/Senpai/AppData/Roaming/GoodSync/_mirrors_/gdrive-Wicky_Gustave-0AGIAX4LCOy-XUk9PVA@www.googleapis.com-Good Sync-Eclips Projects-Moding Minecraft 1.12.2-Application/2018-0327-025301-SENPAI_DESKTOP-Runner-Mod Sync.log
2018-04-03 02:53:28: Cleanup old logs in gdrive://www.googleapis.com/Good Sync/Eclips Projects/Moding Minecraft 1.12.2/Application/_gsdata_
2018-04-03 02:53:30: Delete log file gdrive://www.googleapis.com/Good Sync/Eclips Projects/Moding Minecraft 1.12.2/Application/_gsdata_/2018-0327-025301-SENPAI_DESKTOP-Runner-Mod Sync.log
2018-04-03 02:53:30: == Sync Complete. Time: 00:00:09, Speed: 1.89 KB/s, OK: 1, Errors: 0
2018-04-03 02:53:30: Unlocking folder S:/Documents/MinecraftModding/xcraftmod/src/_gsdata_/lock.gsl
2018-04-03 02:53:30: Unlocking folder gdrive://www.googleapis.com/Good Sync/Eclips Projects/Moding Minecraft 1.12.2/Application/_gsdata_/lock.gsl
2018-04-03 02:53:32: 
