2018-04-02 16:40:19: Connected to S:\Documents\MinecraftModding\xcraftmod\src: S: NTFS: type=NTFS vol=Data Storage flags=3E706FF
2018-04-02 16:40:19: Connected to gdrive://www.googleapis.com/Good Sync/Eclips Projects/Moding Minecraft 1.12.2/Application
2018-04-02 16:40:19: Incremental Analyze for On File Change
2018-04-02 16:40:20: -- Analysis Started by On File Change, After Delay, Under Runner
2018-04-02 16:40:20: Mod Sync: ANALYSIS started by On File Change, After Delay, Under Runner on 'SENPAI_DESKTOP' (GoodSync 10.8.1.1)
2018-04-02 16:40:20: =Data Storage:\Documents\MinecraftModding\xcraftmod\src (S:/Documents/MinecraftModding/xcraftmod/src) [TmpDest] <-> gdrive://www.googleapis.com/Good Sync/Eclips Projects/Moding Minecraft 1.12.2/Application [DirDest], RecycleTo_RecycleBin, SaveDays_RecycleBin=30d, ReconnectSecs=120, SyncWorkerThreads=99, OnFileChange Delay=5, Unattended, WaitForLocksMin=20, ResolveConflicts=NewerFileWins, AutoClear, LinksIgnore
2018-04-02 16:40:20: Exclude Hidden, Exclude System, Exclude name *._gstmp|/System Volume Information|Thumbs.db|.DS_Store 
2018-04-02 16:40:20: Locking folder S:/Documents/MinecraftModding/xcraftmod/src for write
2018-04-02 16:40:20: Change Analyzed: S:/Documents/MinecraftModding/xcraftmod/src/main/java/pipe
2018-04-02 16:40:20: Change Analyzed: S:/Documents/MinecraftModding/xcraftmod/src/main/java/pipes/TileEntityPipe.java
2018-04-02 16:40:20: Change Analyzed: S:/Documents/MinecraftModding/xcraftmod/src/main/java/pipes
2018-04-02 16:40:20: Change Analyzed: S:/Documents/MinecraftModding/xcraftmod/src/main/java/pipes
2018-04-02 16:40:20: Locking folder gdrive://www.googleapis.com/Good Sync/Eclips Projects/Moding Minecraft 1.12.2/Application for write
2018-04-02 16:40:23: Change Analyzed: gdrive://www.googleapis.com/Good Sync/Eclips Projects/Moding Minecraft 1.12.2/Application/main/java/com/senpai/proxy/ClientProxy.java
2018-04-02 16:40:23: Change Analyzed: gdrive://www.googleapis.com/Good Sync/Eclips Projects/Moding Minecraft 1.12.2/Application/main/java/com/senpai/objects/blocks/machines/engineering/BlockPipe.java
2018-04-02 16:40:23: Change Analyzed: gdrive://www.googleapis.com/Good Sync/Eclips Projects/Moding Minecraft 1.12.2/Application/main/java/com/senpai/util/tileEntities/pipe
2018-04-02 16:40:23: Change Analyzed: gdrive://www.googleapis.com/Good Sync/Eclips Projects/Moding Minecraft 1.12.2/Application/main/java/com/senpai/util/tileEntities/TileEntityPipe.java
2018-04-02 16:40:23: Change Analyzed: gdrive://www.googleapis.com/Good Sync/Eclips Projects/Moding Minecraft 1.12.2/Application/main/java/com/senpai/util/handlers/TileEntityHandler.java
2018-04-02 16:40:24: Change Analyzed: gdrive://www.googleapis.com/Good Sync/Eclips Projects/Moding Minecraft 1.12.2/Application/main/java/com/senpai/util/handlers/TileEntityHandler.java
2018-04-02 16:40:24: Change Analyzed: gdrive://www.googleapis.com/Good Sync/Eclips Projects/Moding Minecraft 1.12.2/Application/main/java/com/senpai/tileEntity/render/rendererPipe.java
2018-04-02 16:40:24: Change Analyzed: gdrive://www.googleapis.com/Good Sync/Eclips Projects/Moding Minecraft 1.12.2/Application/main/java/com/senpai/util/tileEntities/pipe/TileEntityPipe.java
2018-04-02 16:40:24: Change Analyzed: gdrive://www.googleapis.com/Good Sync/Eclips Projects/Moding Minecraft 1.12.2/Application/main/java/com/senpai/util/tileEntities/pipe/TileEntityPipe.java
2018-04-02 16:40:24: Change Analyzed: gdrive://www.googleapis.com/Good Sync/Eclips Projects/Moding Minecraft 1.12.2/Application/main/java/com/senpai/util/handlers/TileEntityHandler.java
2018-04-02 16:40:24: Change Analyzed: gdrive://www.googleapis.com/Good Sync/Eclips Projects/Moding Minecraft 1.12.2/Application/main/java/com/senpai/tileEntity/render/rendererPipe.java
2018-04-02 16:40:24: Change Analyzed: gdrive://www.googleapis.com/Good Sync/Eclips Projects/Moding Minecraft 1.12.2/Application/main/java/com/senpai/objects/blocks/machines/engineering/BlockPipe.java
2018-04-02 16:40:24: Change Analyzed: gdrive://www.googleapis.com/Good Sync/Eclips Projects/Moding Minecraft 1.12.2/Application/main/java/com/senpai/proxy/ClientProxy.java
2018-04-02 16:40:24: Change Analyzed: gdrive://www.googleapis.com/Good Sync/Eclips Projects/Moding Minecraft 1.12.2/Application/main/java/com/senpai/proxy/ClientProxy.java
2018-04-02 16:40:25: Change Analyzed: gdrive://www.googleapis.com/Good Sync/Eclips Projects/Moding Minecraft 1.12.2/Application/main/java/com/senpai/tileEntity/render/rendererPipe.java
2018-04-02 16:40:25: Change Analyzed: gdrive://www.googleapis.com/Good Sync/Eclips Projects/Moding Minecraft 1.12.2/Application/main/java/com/senpai/objects/blocks/machines/engineering/BlockPipe.java
2018-04-02 16:40:25: On disk file:///S: space required for sync is 0 bytes, you have 1.25 TB
2018-04-02 16:40:25: On disk gdrive://www.googleapis.com space required for sync is 0 bytes, you have 12.4 GB
2018-04-02 16:40:25: Changes: 3, Conflicts: 0, CopyTime: 0, FixState: 0, Errors: 0, All: 21940
2018-04-02 16:40:25: Left to Right: Delete File: 3 
2018-04-02 16:40:25: -- Analysis Complete. Time 00:00:07, Speed: 43 files/s
2018-04-02 16:40:25: == Sync Started by On File Change, After Delay, Under Runner
2018-04-02 16:40:25: Mod Sync: SYNC started by On File Change, After Delay, Under Runner on 'SENPAI_DESKTOP'
2018-04-02 16:40:25: =Data Storage:\Documents\MinecraftModding\xcraftmod\src (S:/Documents/MinecraftModding/xcraftmod/src) [TmpDest] <-> gdrive://www.googleapis.com/Good Sync/Eclips Projects/Moding Minecraft 1.12.2/Application [DirDest], RecycleTo_RecycleBin, SaveDays_RecycleBin=30d, ReconnectSecs=120, SyncWorkerThreads=99, OnFileChange Delay=5, Unattended, WaitForLocksMin=20, ResolveConflicts=NewerFileWins, AutoClear, LinksIgnore
2018-04-02 16:40:26: Delete Folder 'gdrive://www.googleapis.com/Good Sync/Eclips Projects/Moding Minecraft 1.12.2/Application/main/java/pipe'
2018-04-02 16:40:28: Load Recycled DB: gdrive://www.googleapis.com/Good Sync/Eclips Projects/Moding Minecraft 1.12.2/Application/_gsdata_/_recycled_db._gs
2018-04-02 16:40:28: Delete File 'gdrive://www.googleapis.com/Good Sync/Eclips Projects/Moding Minecraft 1.12.2/Application/main/java/pipes/TileEntityPipe.java'
2018-04-02 16:40:29: Delete Folder 'gdrive://www.googleapis.com/Good Sync/Eclips Projects/Moding Minecraft 1.12.2/Application/main/java/pipes'
2018-04-02 16:40:29: Change detected [1]: t=MovedFrom path=/main/java/pipes/TileEntityPipe.java
2018-04-02 16:40:29: File Systems limited number of parallel threads to 20
2018-04-02 16:40:29: Start only 0 threads, limited by tasks to run
2018-04-02 16:40:30: Save State File S:/Documents/MinecraftModding/xcraftmod/src/_gsdata_/_file_state_v4._gs
2018-04-02 16:40:30: Change detected [1]: t=Deleted path=/main/java/pipe
2018-04-02 16:40:32: Save State File gdrive://www.googleapis.com/Good Sync/Eclips Projects/Moding Minecraft 1.12.2/Application/_gsdata_/_file_state_v4._gs
2018-04-02 16:40:32: Cleanup recycled files in S:/Documents/MinecraftModding/xcraftmod/src/_gsdata_/_saved_
2018-04-02 16:40:32: Load Recycled DB: S:/Documents/MinecraftModding/xcraftmod/src/_gsdata_/_recycled_db._gs
2018-04-02 16:40:32: Cleanup old logs in S:/Documents/MinecraftModding/xcraftmod/src/_gsdata_
2018-04-02 16:40:32: Cleanup recycled files in gdrive://www.googleapis.com/Good Sync/Eclips Projects/Moding Minecraft 1.12.2/Application/_gsdata_/_saved_
2018-04-02 16:40:33: Save Recycled DB: gdrive://www.googleapis.com/Good Sync/Eclips Projects/Moding Minecraft 1.12.2/Application/_gsdata_/_recycled_db._gs
2018-04-02 16:40:33: Cleanup old logs in gdrive://www.googleapis.com/Good Sync/Eclips Projects/Moding Minecraft 1.12.2/Application/_gsdata_
2018-04-02 16:40:33: == Sync Complete. Time: 00:00:08, Speed: 4.00 KB/s, OK: 3, Errors: 0
2018-04-02 16:40:33: Unlocking folder S:/Documents/MinecraftModding/xcraftmod/src/_gsdata_/lock.gsl
2018-04-02 16:40:33: Unlocking folder gdrive://www.googleapis.com/Good Sync/Eclips Projects/Moding Minecraft 1.12.2/Application/_gsdata_/lock.gsl
2018-04-02 16:40:34: 
