2018-04-02 22:24:22: Connected to S:\Documents\MinecraftModding\xcraftmod\src: S: NTFS: type=NTFS vol=Data Storage flags=3E706FF
2018-04-02 22:24:22: Connected to gdrive://www.googleapis.com/Good Sync/Eclips Projects/Moding Minecraft 1.12.2/Application
2018-04-02 22:24:27: Incremental Analyze for On File Change
2018-04-02 22:24:28: -- Analysis Started by On File Change, After Delay, Under Runner
2018-04-02 22:24:28: Mod Sync: ANALYSIS started by On File Change, After Delay, Under Runner on 'SENPAI_DESKTOP' (GoodSync 10.8.1.1)
2018-04-02 22:24:28: =Data Storage:\Documents\MinecraftModding\xcraftmod\src (S:/Documents/MinecraftModding/xcraftmod/src) [TmpDest] <-> gdrive://www.googleapis.com/Good Sync/Eclips Projects/Moding Minecraft 1.12.2/Application [DirDest], RecycleTo_RecycleBin, SaveDays_RecycleBin=30d, ReconnectSecs=120, SyncWorkerThreads=99, OnFileChange Delay=5, Unattended, WaitForLocksMin=20, ResolveConflicts=NewerFileWins, AutoClear, LinksIgnore
2018-04-02 22:24:28: Exclude Hidden, Exclude System, Exclude name *._gstmp|/System Volume Information|Thumbs.db|.DS_Store 
2018-04-02 22:24:28: Locking folder S:/Documents/MinecraftModding/xcraftmod/src for write
2018-04-02 22:24:28: Change Analyzed: S:/Documents/MinecraftModding/xcraftmod/src/main/java/com/senpai/world/dimension/foz/ChunkGeneratorFoz.java
2018-04-02 22:24:28: Change Analyzed: S:/Documents/MinecraftModding/xcraftmod/src/main/java/com/senpai/world/dimension/foz/ChunkGeneratorFoz.java
2018-04-02 22:24:28: Locking folder gdrive://www.googleapis.com/Good Sync/Eclips Projects/Moding Minecraft 1.12.2/Application for write
2018-04-02 22:24:30: On disk file:///S: space required for sync is 0 bytes, you have 1.25 TB
2018-04-02 22:24:30: On disk gdrive://www.googleapis.com space required for sync is 17.0 KB, you have 12.4 GB
2018-04-02 22:24:30: Changes: 1, Conflicts: 0, CopyTime: 0, FixState: 0, Errors: 0, All: 22049
2018-04-02 22:24:30: Left to Right: Copy File: 1 
2018-04-02 22:24:30: -- Analysis Complete. Time 00:00:09, Speed: 41 files/s
2018-04-02 22:24:30: == Sync Started by On File Change, After Delay, Under Runner
2018-04-02 22:24:30: Mod Sync: SYNC started by On File Change, After Delay, Under Runner on 'SENPAI_DESKTOP'
2018-04-02 22:24:30: =Data Storage:\Documents\MinecraftModding\xcraftmod\src (S:/Documents/MinecraftModding/xcraftmod/src) [TmpDest] <-> gdrive://www.googleapis.com/Good Sync/Eclips Projects/Moding Minecraft 1.12.2/Application [DirDest], RecycleTo_RecycleBin, SaveDays_RecycleBin=30d, ReconnectSecs=120, SyncWorkerThreads=99, OnFileChange Delay=5, Unattended, WaitForLocksMin=20, ResolveConflicts=NewerFileWins, AutoClear, LinksIgnore
2018-04-02 22:24:30: File Systems limited number of parallel threads to 20
2018-04-02 22:24:30: Start only 1 threads, limited by tasks to run
2018-04-02 22:24:35: Load Recycled DB: gdrive://www.googleapis.com/Good Sync/Eclips Projects/Moding Minecraft 1.12.2/Application/_gsdata_/_recycled_db._gs
2018-04-02 22:24:36: Copy Over 'S:/Documents/MinecraftModding/xcraftmod/src/main/java/com/senpai/world/dimension/foz/ChunkGeneratorFoz.java' -> 'gdrive://www.googleapis.com/Good Sync/Eclips Projects/Moding Minecraft 1.12.2/Application/main/java/com/senpai/world/dimension/foz/ChunkGeneratorFoz.java' (16434)
2018-04-02 22:24:36: Save State File S:/Documents/MinecraftModding/xcraftmod/src/_gsdata_/_file_state_v4._gs
2018-04-02 22:24:38: Save State File gdrive://www.googleapis.com/Good Sync/Eclips Projects/Moding Minecraft 1.12.2/Application/_gsdata_/_file_state_v4._gs
2018-04-02 22:24:38: Cleanup recycled files in S:/Documents/MinecraftModding/xcraftmod/src/_gsdata_/_saved_
2018-04-02 22:24:38: Load Recycled DB: S:/Documents/MinecraftModding/xcraftmod/src/_gsdata_/_recycled_db._gs
2018-04-02 22:24:38: Deleted old log file C:/Users/Senpai/AppData/Roaming/GoodSync/_mirrors_/file-=Data Storage-Documents-MinecraftModding-xcraftmod-src/2018-0326-222001-SENPAI_DESKTOP-Runner-Mod Sync.log
2018-04-02 22:24:38: Deleted old log file C:/Users/Senpai/AppData/Roaming/GoodSync/_mirrors_/file-=Data Storage-Documents-MinecraftModding-xcraftmod-src/2018-0326-222019-SENPAI_DESKTOP-Runner-Mod Sync.log
2018-04-02 22:24:38: Deleted old log file C:/Users/Senpai/AppData/Roaming/GoodSync/_mirrors_/file-=Data Storage-Documents-MinecraftModding-xcraftmod-src/2018-0326-222052-SENPAI_DESKTOP-Runner-Mod Sync.log
2018-04-02 22:24:38: Deleted old log file C:/Users/Senpai/AppData/Roaming/GoodSync/_mirrors_/file-=Data Storage-Documents-MinecraftModding-xcraftmod-src/2018-0326-222110-SENPAI_DESKTOP-Runner-Mod Sync.log
2018-04-02 22:24:38: Deleted old log file C:/Users/Senpai/AppData/Roaming/GoodSync/_mirrors_/file-=Data Storage-Documents-MinecraftModding-xcraftmod-src/2018-0326-222210-SENPAI_DESKTOP-Runner-Mod Sync.log
2018-04-02 22:24:38: Deleted old log file C:/Users/Senpai/AppData/Roaming/GoodSync/_mirrors_/file-=Data Storage-Documents-MinecraftModding-xcraftmod-src/2018-0326-222231-SENPAI_DESKTOP-Runner-Mod Sync.log
2018-04-02 22:24:38: Cleanup old logs in S:/Documents/MinecraftModding/xcraftmod/src/_gsdata_
2018-04-02 22:24:38: Delete log file S:/Documents/MinecraftModding/xcraftmod/src/_gsdata_/2018-0326-222001-SENPAI_DESKTOP-Runner-Mod Sync.log
2018-04-02 22:24:38: Delete log file S:/Documents/MinecraftModding/xcraftmod/src/_gsdata_/2018-0326-222052-SENPAI_DESKTOP-Runner-Mod Sync.log
2018-04-02 22:24:38: Delete log file S:/Documents/MinecraftModding/xcraftmod/src/_gsdata_/2018-0326-222210-SENPAI_DESKTOP-Runner-Mod Sync.log
2018-04-02 22:24:38: Cleanup recycled files in gdrive://www.googleapis.com/Good Sync/Eclips Projects/Moding Minecraft 1.12.2/Application/_gsdata_/_saved_
2018-04-02 22:24:39: Save Recycled DB: gdrive://www.googleapis.com/Good Sync/Eclips Projects/Moding Minecraft 1.12.2/Application/_gsdata_/_recycled_db._gs
2018-04-02 22:24:39: Deleted old log file C:/Users/Senpai/AppData/Roaming/GoodSync/_mirrors_/gdrive-Wicky_Gustave-0AGIAX4LCOy-XUk9PVA@www.googleapis.com-Good Sync-Eclips Projects-Moding Minecraft 1.12.2-Application/2018-0326-222001-SENPAI_DESKTOP-Runner-Mod Sync.log
2018-04-02 22:24:39: Deleted old log file C:/Users/Senpai/AppData/Roaming/GoodSync/_mirrors_/gdrive-Wicky_Gustave-0AGIAX4LCOy-XUk9PVA@www.googleapis.com-Good Sync-Eclips Projects-Moding Minecraft 1.12.2-Application/2018-0326-222019-SENPAI_DESKTOP-Runner-Mod Sync.log
2018-04-02 22:24:39: Deleted old log file C:/Users/Senpai/AppData/Roaming/GoodSync/_mirrors_/gdrive-Wicky_Gustave-0AGIAX4LCOy-XUk9PVA@www.googleapis.com-Good Sync-Eclips Projects-Moding Minecraft 1.12.2-Application/2018-0326-222052-SENPAI_DESKTOP-Runner-Mod Sync.log
2018-04-02 22:24:39: Deleted old log file C:/Users/Senpai/AppData/Roaming/GoodSync/_mirrors_/gdrive-Wicky_Gustave-0AGIAX4LCOy-XUk9PVA@www.googleapis.com-Good Sync-Eclips Projects-Moding Minecraft 1.12.2-Application/2018-0326-222110-SENPAI_DESKTOP-Runner-Mod Sync.log
2018-04-02 22:24:39: Deleted old log file C:/Users/Senpai/AppData/Roaming/GoodSync/_mirrors_/gdrive-Wicky_Gustave-0AGIAX4LCOy-XUk9PVA@www.googleapis.com-Good Sync-Eclips Projects-Moding Minecraft 1.12.2-Application/2018-0326-222210-SENPAI_DESKTOP-Runner-Mod Sync.log
2018-04-02 22:24:39: Deleted old log file C:/Users/Senpai/AppData/Roaming/GoodSync/_mirrors_/gdrive-Wicky_Gustave-0AGIAX4LCOy-XUk9PVA@www.googleapis.com-Good Sync-Eclips Projects-Moding Minecraft 1.12.2-Application/2018-0326-222231-SENPAI_DESKTOP-Runner-Mod Sync.log
2018-04-02 22:24:39: Cleanup old logs in gdrive://www.googleapis.com/Good Sync/Eclips Projects/Moding Minecraft 1.12.2/Application/_gsdata_
2018-04-02 22:24:40: Delete log file gdrive://www.googleapis.com/Good Sync/Eclips Projects/Moding Minecraft 1.12.2/Application/_gsdata_/2018-0326-222210-SENPAI_DESKTOP-Runner-Mod Sync.log
2018-04-02 22:24:40: Delete log file gdrive://www.googleapis.com/Good Sync/Eclips Projects/Moding Minecraft 1.12.2/Application/_gsdata_/2018-0326-222001-SENPAI_DESKTOP-Runner-Mod Sync.log
2018-04-02 22:24:41: Delete log file gdrive://www.googleapis.com/Good Sync/Eclips Projects/Moding Minecraft 1.12.2/Application/_gsdata_/2018-0326-222052-SENPAI_DESKTOP-Runner-Mod Sync.log
2018-04-02 22:24:41: == Sync Complete. Time: 00:00:11, Speed: 2.97 KB/s, OK: 1, Errors: 0
2018-04-02 22:24:41: Unlocking folder S:/Documents/MinecraftModding/xcraftmod/src/_gsdata_/lock.gsl
2018-04-02 22:24:41: Unlocking folder gdrive://www.googleapis.com/Good Sync/Eclips Projects/Moding Minecraft 1.12.2/Application/_gsdata_/lock.gsl
2018-04-02 22:24:41: Change detected [1]: t=Modified path=/main/java/com/senpai/world/dimension/foz/ChunkGeneratorFoz.java
2018-04-02 22:24:42: Change detected [1]: t=Created path=/main/java/com/senpai/world/dimension/foz/ChunkGeneratorFoz.java
2018-04-02 22:24:42: Change detected [1]: t=MovedFrom path=/main/java/com/senpai/world/dimension/foz/ChunkGeneratorFoz.java
2018-04-02 22:24:43: 
