2018-04-02 15:25:51: Connected to S:\Documents\MinecraftModding\xcraftmod\src: S: NTFS: type=NTFS vol=Data Storage flags=3E706FF
2018-04-02 15:25:51: Connected to gdrive://www.googleapis.com/Good Sync/Eclips Projects/Moding Minecraft 1.12.2/Application
2018-04-02 15:25:51: Incremental Analyze for On File Change
2018-04-02 15:25:51: -- Analysis Started by On File Change, After Delay, Under Runner
2018-04-02 15:25:51: Mod Sync: ANALYSIS started by On File Change, After Delay, Under Runner on 'SENPAI_DESKTOP' (GoodSync 10.8.1.1)
2018-04-02 15:25:51: =Data Storage:\Documents\MinecraftModding\xcraftmod\src (S:/Documents/MinecraftModding/xcraftmod/src) [TmpDest] <-> gdrive://www.googleapis.com/Good Sync/Eclips Projects/Moding Minecraft 1.12.2/Application [DirDest], RecycleTo_RecycleBin, SaveDays_RecycleBin=30d, ReconnectSecs=120, SyncWorkerThreads=99, OnFileChange Delay=5, Unattended, WaitForLocksMin=20, ResolveConflicts=NewerFileWins, AutoClear, LinksIgnore
2018-04-02 15:25:51: Exclude Hidden, Exclude System, Exclude name *._gstmp|/System Volume Information|Thumbs.db|.DS_Store 
2018-04-02 15:25:51: Locking folder S:/Documents/MinecraftModding/xcraftmod/src for write
2018-04-02 15:25:51: Change Analyzed: S:/Documents/MinecraftModding/xcraftmod/src/main/java/com/senpai/objects/blocks/machines/engineering/BlockEnergyStorage.java
2018-04-02 15:25:51: Change Analyzed: S:/Documents/MinecraftModding/xcraftmod/src/main/java/com/senpai/objects/blocks/machines/engineering/BlockEnergyStorage.java
2018-04-02 15:25:51: Locking folder gdrive://www.googleapis.com/Good Sync/Eclips Projects/Moding Minecraft 1.12.2/Application for write
2018-04-02 15:25:54: On disk file:///S: space required for sync is 0 bytes, you have 1.25 TB
2018-04-02 15:25:54: On disk gdrive://www.googleapis.com space required for sync is 19.0 KB, you have 12.4 GB
2018-04-02 15:25:55: Changes: 1, Conflicts: 0, CopyTime: 0, FixState: 0, Errors: 0, All: 21920
2018-04-02 15:25:55: Left to Right: Copy File: 1 
2018-04-02 15:25:55: -- Analysis Complete. Time 00:00:04, Speed: 73 files/s
2018-04-02 15:25:55: == Sync Started by On File Change, After Delay, Under Runner
2018-04-02 15:25:55: Mod Sync: SYNC started by On File Change, After Delay, Under Runner on 'SENPAI_DESKTOP'
2018-04-02 15:25:55: =Data Storage:\Documents\MinecraftModding\xcraftmod\src (S:/Documents/MinecraftModding/xcraftmod/src) [TmpDest] <-> gdrive://www.googleapis.com/Good Sync/Eclips Projects/Moding Minecraft 1.12.2/Application [DirDest], RecycleTo_RecycleBin, SaveDays_RecycleBin=30d, ReconnectSecs=120, SyncWorkerThreads=99, OnFileChange Delay=5, Unattended, WaitForLocksMin=20, ResolveConflicts=NewerFileWins, AutoClear, LinksIgnore
2018-04-02 15:25:55: File Systems limited number of parallel threads to 20
2018-04-02 15:25:55: Start only 1 threads, limited by tasks to run
2018-04-02 15:25:57: Load Recycled DB: gdrive://www.googleapis.com/Good Sync/Eclips Projects/Moding Minecraft 1.12.2/Application/_gsdata_/_recycled_db._gs
2018-04-02 15:25:59: Change detected [0]: t=Modified path=/main/java/com/senpai/proxy/ClientProxy.java
2018-04-02 15:25:59: Change detected [0]: t=Modified path=/main/java/com/senpai/proxy/ClientProxy.java
2018-04-02 15:25:59: Change detected [0]: t=Modified path=/main/java/com/senpai/tileEntity/render/rendererEnergyStorge.java
2018-04-02 15:25:59: Change detected [0]: t=Modified path=/main/java/com/senpai/tileEntity/render/rendererEnergyStorge.java
2018-04-02 15:25:59: Change detected [0]: t=MovedFrom path=/main/java/com/senpai/tileEntity/TileEntityEnergyStorge.java
2018-04-02 15:25:59: Change detected [0]: t=MovedTo path=/main/java/com/senpai/tileEntity/TileEntityEnergyStorage.java
2018-04-02 15:25:59: Change detected [0]: t=Modified path=/main/java/com/senpai/tileEntity/TileEntityEnergyStorage.java
2018-04-02 15:25:59: Change detected [0]: t=Modified path=/main/java/com/senpai/tileEntity/TileEntityEnergyStorage.java
2018-04-02 15:25:59: Copy Over 'S:/Documents/MinecraftModding/xcraftmod/src/main/java/com/senpai/objects/blocks/machines/engineering/BlockEnergyStorage.java' -> 'gdrive://www.googleapis.com/Good Sync/Eclips Projects/Moding Minecraft 1.12.2/Application/main/java/com/senpai/objects/blocks/machines/engineering/BlockEnergyStorage.java' (18548)
2018-04-02 15:25:59: Save State File S:/Documents/MinecraftModding/xcraftmod/src/_gsdata_/_file_state_v4._gs
2018-04-02 15:26:00: Change detected [1]: t=Modified path=/main/java/com/senpai/objects/blocks/machines/engineering/BlockEnergyStorage.java
2018-04-02 15:26:00: Change detected [1]: t=Created path=/main/java/com/senpai/objects/blocks/machines/engineering/BlockEnergyStorage.java
2018-04-02 15:26:01: Change detected [1]: t=MovedFrom path=/main/java/com/senpai/objects/blocks/machines/engineering/BlockEnergyStorage.java
2018-04-02 15:26:01: Save State File gdrive://www.googleapis.com/Good Sync/Eclips Projects/Moding Minecraft 1.12.2/Application/_gsdata_/_file_state_v4._gs
2018-04-02 15:26:01: Cleanup recycled files in S:/Documents/MinecraftModding/xcraftmod/src/_gsdata_/_saved_
2018-04-02 15:26:01: Load Recycled DB: S:/Documents/MinecraftModding/xcraftmod/src/_gsdata_/_recycled_db._gs
2018-04-02 15:26:01: Cleanup old logs in S:/Documents/MinecraftModding/xcraftmod/src/_gsdata_
2018-04-02 15:26:01: Cleanup recycled files in gdrive://www.googleapis.com/Good Sync/Eclips Projects/Moding Minecraft 1.12.2/Application/_gsdata_/_saved_
2018-04-02 15:26:02: Save Recycled DB: gdrive://www.googleapis.com/Good Sync/Eclips Projects/Moding Minecraft 1.12.2/Application/_gsdata_/_recycled_db._gs
2018-04-02 15:26:02: Cleanup old logs in gdrive://www.googleapis.com/Good Sync/Eclips Projects/Moding Minecraft 1.12.2/Application/_gsdata_
2018-04-02 15:26:02: == Sync Complete. Time: 00:00:07, Speed: 4.97 KB/s, OK: 1, Errors: 0
2018-04-02 15:26:02: Unlocking folder S:/Documents/MinecraftModding/xcraftmod/src/_gsdata_/lock.gsl
2018-04-02 15:26:02: Unlocking folder gdrive://www.googleapis.com/Good Sync/Eclips Projects/Moding Minecraft 1.12.2/Application/_gsdata_/lock.gsl
2018-04-02 15:26:04: 
