2018-04-03 15:05:58: Connected to S:\Documents\MinecraftModding\xcraftmod\src: S: NTFS: type=NTFS vol=Data Storage flags=3E706FF
2018-04-03 15:05:58: Connected to gdrive://www.googleapis.com/Good Sync/Eclips Projects/Moding Minecraft 1.12.2/Application
2018-04-03 15:05:58: Incremental Analyze for On File Change
2018-04-03 15:05:58: -- Analysis Started by On File Change, After Delay, Under Runner
2018-04-03 15:05:58: Mod Sync: ANALYSIS started by On File Change, After Delay, Under Runner on 'SENPAI_DESKTOP' (GoodSync 10.8.1.1)
2018-04-03 15:05:58: =Data Storage:\Documents\MinecraftModding\xcraftmod\src (S:/Documents/MinecraftModding/xcraftmod/src) [TmpDest] <-> gdrive://www.googleapis.com/Good Sync/Eclips Projects/Moding Minecraft 1.12.2/Application [DirDest], RecycleTo_RecycleBin, SaveDays_RecycleBin=30d, ReconnectSecs=120, SyncWorkerThreads=99, OnFileChange Delay=5, Unattended, WaitForLocksMin=20, ResolveConflicts=NewerFileWins, AutoClear, LinksIgnore
2018-04-03 15:05:58: Exclude Hidden, Exclude System, Exclude name *._gstmp|/System Volume Information|Thumbs.db|.DS_Store 
2018-04-03 15:05:58: Locking folder S:/Documents/MinecraftModding/xcraftmod/src for write
2018-04-03 15:05:58: Change Analyzed: S:/Documents/MinecraftModding/xcraftmod/src/main/java/com/senpai/tileEntity/TileEntityBeacon.java
2018-04-03 15:05:58: Change Analyzed: S:/Documents/MinecraftModding/xcraftmod/src/main/java/com/senpai/tileEntity/TileEntityBeacon.java
2018-04-03 15:05:58: Locking folder gdrive://www.googleapis.com/Good Sync/Eclips Projects/Moding Minecraft 1.12.2/Application for write
2018-04-03 15:06:01: On disk file:///S: space required for sync is 0 bytes, you have 1.25 TB
2018-04-03 15:06:01: On disk gdrive://www.googleapis.com space required for sync is 18.0 KB, you have 12.4 GB
2018-04-03 15:06:01: Changes: 1, Conflicts: 0, CopyTime: 0, FixState: 0, Errors: 0, All: 22069
2018-04-03 15:06:01: Left to Right: Copy File: 1 
2018-04-03 15:06:01: -- Analysis Complete. Time 00:00:04, Speed: 96 files/s
2018-04-03 15:06:01: == Sync Started by On File Change, After Delay, Under Runner
2018-04-03 15:06:01: Mod Sync: SYNC started by On File Change, After Delay, Under Runner on 'SENPAI_DESKTOP'
2018-04-03 15:06:01: =Data Storage:\Documents\MinecraftModding\xcraftmod\src (S:/Documents/MinecraftModding/xcraftmod/src) [TmpDest] <-> gdrive://www.googleapis.com/Good Sync/Eclips Projects/Moding Minecraft 1.12.2/Application [DirDest], RecycleTo_RecycleBin, SaveDays_RecycleBin=30d, ReconnectSecs=120, SyncWorkerThreads=99, OnFileChange Delay=5, Unattended, WaitForLocksMin=20, ResolveConflicts=NewerFileWins, AutoClear, LinksIgnore
2018-04-03 15:06:01: File Systems limited number of parallel threads to 20
2018-04-03 15:06:01: Start only 1 threads, limited by tasks to run
2018-04-03 15:06:04: Load Recycled DB: gdrive://www.googleapis.com/Good Sync/Eclips Projects/Moding Minecraft 1.12.2/Application/_gsdata_/_recycled_db._gs
2018-04-03 15:06:05: Copy Over 'S:/Documents/MinecraftModding/xcraftmod/src/main/java/com/senpai/tileEntity/TileEntityBeacon.java' -> 'gdrive://www.googleapis.com/Good Sync/Eclips Projects/Moding Minecraft 1.12.2/Application/main/java/com/senpai/tileEntity/TileEntityBeacon.java' (17539)
2018-04-03 15:06:06: Save State File S:/Documents/MinecraftModding/xcraftmod/src/_gsdata_/_file_state_v4._gs
2018-04-03 15:06:08: Change detected [1]: t=Modified path=/main/java/com/senpai/tileEntity/TileEntityBeacon.java
2018-04-03 15:06:08: Change detected [1]: t=Created path=/main/java/com/senpai/tileEntity/TileEntityBeacon.java
2018-04-03 15:06:08: Change detected [1]: t=MovedFrom path=/main/java/com/senpai/tileEntity/TileEntityBeacon.java
2018-04-03 15:06:09: Save State File gdrive://www.googleapis.com/Good Sync/Eclips Projects/Moding Minecraft 1.12.2/Application/_gsdata_/_file_state_v4._gs
2018-04-03 15:06:09: Cleanup recycled files in S:/Documents/MinecraftModding/xcraftmod/src/_gsdata_/_saved_
2018-04-03 15:06:09: Load Recycled DB: S:/Documents/MinecraftModding/xcraftmod/src/_gsdata_/_recycled_db._gs
2018-04-03 15:06:09: Deleted old log file C:/Users/Senpai/AppData/Roaming/GoodSync/_mirrors_/file-=Data Storage-Documents-MinecraftModding-xcraftmod-src/2018-0327-143943-SENPAI_DESKTOP-Runner-Mod Sync.log
2018-04-03 15:06:09: Deleted old log file C:/Users/Senpai/AppData/Roaming/GoodSync/_mirrors_/file-=Data Storage-Documents-MinecraftModding-xcraftmod-src/2018-0327-144249-SENPAI_DESKTOP-Runner-Mod Sync.log
2018-04-03 15:06:09: Deleted old log file C:/Users/Senpai/AppData/Roaming/GoodSync/_mirrors_/file-=Data Storage-Documents-MinecraftModding-xcraftmod-src/2018-0327-144313-SENPAI_DESKTOP-Runner-Mod Sync.log
2018-04-03 15:06:09: Deleted old log file C:/Users/Senpai/AppData/Roaming/GoodSync/_mirrors_/file-=Data Storage-Documents-MinecraftModding-xcraftmod-src/2018-0327-144905-SENPAI_DESKTOP-Runner-Mod Sync.log
2018-04-03 15:06:09: Deleted old log file C:/Users/Senpai/AppData/Roaming/GoodSync/_mirrors_/file-=Data Storage-Documents-MinecraftModding-xcraftmod-src/2018-0327-144926-SENPAI_DESKTOP-Runner-Mod Sync.log
2018-04-03 15:06:09: Deleted old log file C:/Users/Senpai/AppData/Roaming/GoodSync/_mirrors_/file-=Data Storage-Documents-MinecraftModding-xcraftmod-src/2018-0327-145259-SENPAI_DESKTOP-Runner-Mod Sync.log
2018-04-03 15:06:09: Deleted old log file C:/Users/Senpai/AppData/Roaming/GoodSync/_mirrors_/file-=Data Storage-Documents-MinecraftModding-xcraftmod-src/2018-0327-145320-SENPAI_DESKTOP-Runner-Mod Sync.log
2018-04-03 15:06:09: Deleted old log file C:/Users/Senpai/AppData/Roaming/GoodSync/_mirrors_/file-=Data Storage-Documents-MinecraftModding-xcraftmod-src/2018-0327-145517-SENPAI_DESKTOP-Runner-Mod Sync.log
2018-04-03 15:06:09: Deleted old log file C:/Users/Senpai/AppData/Roaming/GoodSync/_mirrors_/file-=Data Storage-Documents-MinecraftModding-xcraftmod-src/2018-0327-145538-SENPAI_DESKTOP-Runner-Mod Sync.log
2018-04-03 15:06:09: Deleted old log file C:/Users/Senpai/AppData/Roaming/GoodSync/_mirrors_/file-=Data Storage-Documents-MinecraftModding-xcraftmod-src/2018-0327-145602-SENPAI_DESKTOP-Runner-Mod Sync.log
2018-04-03 15:06:09: Deleted old log file C:/Users/Senpai/AppData/Roaming/GoodSync/_mirrors_/file-=Data Storage-Documents-MinecraftModding-xcraftmod-src/2018-0327-150226-SENPAI_DESKTOP-Runner-Mod Sync.log
2018-04-03 15:06:09: Deleted old log file C:/Users/Senpai/AppData/Roaming/GoodSync/_mirrors_/file-=Data Storage-Documents-MinecraftModding-xcraftmod-src/2018-0327-150247-SENPAI_DESKTOP-Runner-Mod Sync.log
2018-04-03 15:06:09: Deleted old log file C:/Users/Senpai/AppData/Roaming/GoodSync/_mirrors_/file-=Data Storage-Documents-MinecraftModding-xcraftmod-src/2018-0327-150314-SENPAI_DESKTOP-Runner-Mod Sync.log
2018-04-03 15:06:09: Deleted old log file C:/Users/Senpai/AppData/Roaming/GoodSync/_mirrors_/file-=Data Storage-Documents-MinecraftModding-xcraftmod-src/2018-0327-150335-SENPAI_DESKTOP-Runner-Mod Sync.log
2018-04-03 15:06:09: Cleanup old logs in S:/Documents/MinecraftModding/xcraftmod/src/_gsdata_
2018-04-03 15:06:09: Delete log file S:/Documents/MinecraftModding/xcraftmod/src/_gsdata_/2018-0327-144249-SENPAI_DESKTOP-Runner-Mod Sync.log
2018-04-03 15:06:09: Delete log file S:/Documents/MinecraftModding/xcraftmod/src/_gsdata_/2018-0327-144905-SENPAI_DESKTOP-Runner-Mod Sync.log
2018-04-03 15:06:09: Delete log file S:/Documents/MinecraftModding/xcraftmod/src/_gsdata_/2018-0327-145259-SENPAI_DESKTOP-Runner-Mod Sync.log
2018-04-03 15:06:09: Delete log file S:/Documents/MinecraftModding/xcraftmod/src/_gsdata_/2018-0327-145517-SENPAI_DESKTOP-Runner-Mod Sync.log
2018-04-03 15:06:09: Delete log file S:/Documents/MinecraftModding/xcraftmod/src/_gsdata_/2018-0327-145538-SENPAI_DESKTOP-Runner-Mod Sync.log
2018-04-03 15:06:09: Delete log file S:/Documents/MinecraftModding/xcraftmod/src/_gsdata_/2018-0327-150226-SENPAI_DESKTOP-Runner-Mod Sync.log
2018-04-03 15:06:09: Delete log file S:/Documents/MinecraftModding/xcraftmod/src/_gsdata_/2018-0327-150314-SENPAI_DESKTOP-Runner-Mod Sync.log
2018-04-03 15:06:09: Cleanup recycled files in gdrive://www.googleapis.com/Good Sync/Eclips Projects/Moding Minecraft 1.12.2/Application/_gsdata_/_saved_
2018-04-03 15:06:10: Save Recycled DB: gdrive://www.googleapis.com/Good Sync/Eclips Projects/Moding Minecraft 1.12.2/Application/_gsdata_/_recycled_db._gs
2018-04-03 15:06:10: Deleted old log file C:/Users/Senpai/AppData/Roaming/GoodSync/_mirrors_/gdrive-Wicky_Gustave-0AGIAX4LCOy-XUk9PVA@www.googleapis.com-Good Sync-Eclips Projects-Moding Minecraft 1.12.2-Application/2018-0327-143943-SENPAI_DESKTOP-Runner-Mod Sync.log
2018-04-03 15:06:10: Deleted old log file C:/Users/Senpai/AppData/Roaming/GoodSync/_mirrors_/gdrive-Wicky_Gustave-0AGIAX4LCOy-XUk9PVA@www.googleapis.com-Good Sync-Eclips Projects-Moding Minecraft 1.12.2-Application/2018-0327-144249-SENPAI_DESKTOP-Runner-Mod Sync.log
2018-04-03 15:06:10: Deleted old log file C:/Users/Senpai/AppData/Roaming/GoodSync/_mirrors_/gdrive-Wicky_Gustave-0AGIAX4LCOy-XUk9PVA@www.googleapis.com-Good Sync-Eclips Projects-Moding Minecraft 1.12.2-Application/2018-0327-144313-SENPAI_DESKTOP-Runner-Mod Sync.log
2018-04-03 15:06:10: Deleted old log file C:/Users/Senpai/AppData/Roaming/GoodSync/_mirrors_/gdrive-Wicky_Gustave-0AGIAX4LCOy-XUk9PVA@www.googleapis.com-Good Sync-Eclips Projects-Moding Minecraft 1.12.2-Application/2018-0327-144905-SENPAI_DESKTOP-Runner-Mod Sync.log
2018-04-03 15:06:10: Deleted old log file C:/Users/Senpai/AppData/Roaming/GoodSync/_mirrors_/gdrive-Wicky_Gustave-0AGIAX4LCOy-XUk9PVA@www.googleapis.com-Good Sync-Eclips Projects-Moding Minecraft 1.12.2-Application/2018-0327-144926-SENPAI_DESKTOP-Runner-Mod Sync.log
2018-04-03 15:06:10: Deleted old log file C:/Users/Senpai/AppData/Roaming/GoodSync/_mirrors_/gdrive-Wicky_Gustave-0AGIAX4LCOy-XUk9PVA@www.googleapis.com-Good Sync-Eclips Projects-Moding Minecraft 1.12.2-Application/2018-0327-145259-SENPAI_DESKTOP-Runner-Mod Sync.log
2018-04-03 15:06:10: Deleted old log file C:/Users/Senpai/AppData/Roaming/GoodSync/_mirrors_/gdrive-Wicky_Gustave-0AGIAX4LCOy-XUk9PVA@www.googleapis.com-Good Sync-Eclips Projects-Moding Minecraft 1.12.2-Application/2018-0327-145320-SENPAI_DESKTOP-Runner-Mod Sync.log
2018-04-03 15:06:10: Deleted old log file C:/Users/Senpai/AppData/Roaming/GoodSync/_mirrors_/gdrive-Wicky_Gustave-0AGIAX4LCOy-XUk9PVA@www.googleapis.com-Good Sync-Eclips Projects-Moding Minecraft 1.12.2-Application/2018-0327-145517-SENPAI_DESKTOP-Runner-Mod Sync.log
2018-04-03 15:06:10: Deleted old log file C:/Users/Senpai/AppData/Roaming/GoodSync/_mirrors_/gdrive-Wicky_Gustave-0AGIAX4LCOy-XUk9PVA@www.googleapis.com-Good Sync-Eclips Projects-Moding Minecraft 1.12.2-Application/2018-0327-145538-SENPAI_DESKTOP-Runner-Mod Sync.log
2018-04-03 15:06:10: Deleted old log file C:/Users/Senpai/AppData/Roaming/GoodSync/_mirrors_/gdrive-Wicky_Gustave-0AGIAX4LCOy-XUk9PVA@www.googleapis.com-Good Sync-Eclips Projects-Moding Minecraft 1.12.2-Application/2018-0327-145602-SENPAI_DESKTOP-Runner-Mod Sync.log
2018-04-03 15:06:10: Deleted old log file C:/Users/Senpai/AppData/Roaming/GoodSync/_mirrors_/gdrive-Wicky_Gustave-0AGIAX4LCOy-XUk9PVA@www.googleapis.com-Good Sync-Eclips Projects-Moding Minecraft 1.12.2-Application/2018-0327-150226-SENPAI_DESKTOP-Runner-Mod Sync.log
2018-04-03 15:06:10: Deleted old log file C:/Users/Senpai/AppData/Roaming/GoodSync/_mirrors_/gdrive-Wicky_Gustave-0AGIAX4LCOy-XUk9PVA@www.googleapis.com-Good Sync-Eclips Projects-Moding Minecraft 1.12.2-Application/2018-0327-150247-SENPAI_DESKTOP-Runner-Mod Sync.log
2018-04-03 15:06:10: Deleted old log file C:/Users/Senpai/AppData/Roaming/GoodSync/_mirrors_/gdrive-Wicky_Gustave-0AGIAX4LCOy-XUk9PVA@www.googleapis.com-Good Sync-Eclips Projects-Moding Minecraft 1.12.2-Application/2018-0327-150314-SENPAI_DESKTOP-Runner-Mod Sync.log
2018-04-03 15:06:10: Deleted old log file C:/Users/Senpai/AppData/Roaming/GoodSync/_mirrors_/gdrive-Wicky_Gustave-0AGIAX4LCOy-XUk9PVA@www.googleapis.com-Good Sync-Eclips Projects-Moding Minecraft 1.12.2-Application/2018-0327-150335-SENPAI_DESKTOP-Runner-Mod Sync.log
2018-04-03 15:06:10: Cleanup old logs in gdrive://www.googleapis.com/Good Sync/Eclips Projects/Moding Minecraft 1.12.2/Application/_gsdata_
2018-04-03 15:06:11: Delete log file gdrive://www.googleapis.com/Good Sync/Eclips Projects/Moding Minecraft 1.12.2/Application/_gsdata_/2018-0327-150314-SENPAI_DESKTOP-Runner-Mod Sync.log
2018-04-03 15:06:11: Delete log file gdrive://www.googleapis.com/Good Sync/Eclips Projects/Moding Minecraft 1.12.2/Application/_gsdata_/2018-0327-144249-SENPAI_DESKTOP-Runner-Mod Sync.log
2018-04-03 15:06:12: Delete log file gdrive://www.googleapis.com/Good Sync/Eclips Projects/Moding Minecraft 1.12.2/Application/_gsdata_/2018-0327-145517-SENPAI_DESKTOP-Runner-Mod Sync.log
2018-04-03 15:06:13: Delete log file gdrive://www.googleapis.com/Good Sync/Eclips Projects/Moding Minecraft 1.12.2/Application/_gsdata_/2018-0327-144905-SENPAI_DESKTOP-Runner-Mod Sync.log
2018-04-03 15:06:13: Delete log file gdrive://www.googleapis.com/Good Sync/Eclips Projects/Moding Minecraft 1.12.2/Application/_gsdata_/2018-0327-145538-SENPAI_DESKTOP-Runner-Mod Sync.log
2018-04-03 15:06:14: Delete log file gdrive://www.googleapis.com/Good Sync/Eclips Projects/Moding Minecraft 1.12.2/Application/_gsdata_/2018-0327-145259-SENPAI_DESKTOP-Runner-Mod Sync.log
2018-04-03 15:06:14: Delete log file gdrive://www.googleapis.com/Good Sync/Eclips Projects/Moding Minecraft 1.12.2/Application/_gsdata_/2018-0327-150226-SENPAI_DESKTOP-Runner-Mod Sync.log
2018-04-03 15:06:15: == Sync Complete. Time: 00:00:14, Speed: 4.72 KB/s, OK: 1, Errors: 0
2018-04-03 15:06:15: Unlocking folder S:/Documents/MinecraftModding/xcraftmod/src/_gsdata_/lock.gsl
2018-04-03 15:06:15: Unlocking folder gdrive://www.googleapis.com/Good Sync/Eclips Projects/Moding Minecraft 1.12.2/Application/_gsdata_/lock.gsl
2018-04-03 15:06:16: 
