2018-04-04 01:29:19: Connected to S:\Documents\MinecraftModding\xcraftmod\src: S: NTFS: type=NTFS vol=Data Storage flags=3E706FF
2018-04-04 01:29:19: Connected to gdrive://www.googleapis.com/Good Sync/Eclips Projects/Moding Minecraft 1.12.2/Application
2018-04-04 01:29:19: Incremental Analyze for On File Change
2018-04-04 01:29:20: -- Analysis Started by On File Change, After Delay, Under Runner
2018-04-04 01:29:20: Mod Sync: ANALYSIS started by On File Change, After Delay, Under Runner on 'SENPAI_DESKTOP' (GoodSync 10.8.1.1)
2018-04-04 01:29:20: =Data Storage:\Documents\MinecraftModding\xcraftmod\src (S:/Documents/MinecraftModding/xcraftmod/src) [TmpDest] <-> gdrive://www.googleapis.com/Good Sync/Eclips Projects/Moding Minecraft 1.12.2/Application [DirDest], RecycleTo_RecycleBin, SaveDays_RecycleBin=30d, ReconnectSecs=120, SyncWorkerThreads=99, OnFileChange Delay=5, Unattended, WaitForLocksMin=20, ResolveConflicts=NewerFileWins, AutoClear, LinksIgnore
2018-04-04 01:29:20: Exclude Hidden, Exclude System, Exclude name *._gstmp|/System Volume Information|Thumbs.db|.DS_Store 
2018-04-04 01:29:20: Locking folder S:/Documents/MinecraftModding/xcraftmod/src for write
2018-04-04 01:29:20: Change Analyzed: S:/Documents/MinecraftModding/xcraftmod/src/main/java/com/senpai/network/PacketReturnWorker.java
2018-04-04 01:29:20: Change Analyzed: S:/Documents/MinecraftModding/xcraftmod/src/main/java/com/senpai/network/PacketReturnWorker.java
2018-04-04 01:29:20: Locking folder gdrive://www.googleapis.com/Good Sync/Eclips Projects/Moding Minecraft 1.12.2/Application for write
2018-04-04 01:29:22: On disk file:///S: space required for sync is 0 bytes, you have 1.25 TB
2018-04-04 01:29:22: On disk gdrive://www.googleapis.com space required for sync is 4.00 KB, you have 12.4 GB
2018-04-04 01:29:22: Changes: 1, Conflicts: 0, CopyTime: 0, FixState: 0, Errors: 0, All: 22190
2018-04-04 01:29:22: Left to Right: Copy File: 1 
2018-04-04 01:29:22: -- Analysis Complete. Time 00:00:04, Speed: 104 files/s
2018-04-04 01:29:22: == Sync Started by On File Change, After Delay, Under Runner
2018-04-04 01:29:22: Mod Sync: SYNC started by On File Change, After Delay, Under Runner on 'SENPAI_DESKTOP'
2018-04-04 01:29:22: =Data Storage:\Documents\MinecraftModding\xcraftmod\src (S:/Documents/MinecraftModding/xcraftmod/src) [TmpDest] <-> gdrive://www.googleapis.com/Good Sync/Eclips Projects/Moding Minecraft 1.12.2/Application [DirDest], RecycleTo_RecycleBin, SaveDays_RecycleBin=30d, ReconnectSecs=120, SyncWorkerThreads=99, OnFileChange Delay=5, Unattended, WaitForLocksMin=20, ResolveConflicts=NewerFileWins, AutoClear, LinksIgnore
2018-04-04 01:29:22: File Systems limited number of parallel threads to 20
2018-04-04 01:29:22: Start only 1 threads, limited by tasks to run
2018-04-04 01:29:24: Load Recycled DB: gdrive://www.googleapis.com/Good Sync/Eclips Projects/Moding Minecraft 1.12.2/Application/_gsdata_/_recycled_db._gs
2018-04-04 01:29:25: Copy Over 'S:/Documents/MinecraftModding/xcraftmod/src/main/java/com/senpai/network/PacketReturnWorker.java' -> 'gdrive://www.googleapis.com/Good Sync/Eclips Projects/Moding Minecraft 1.12.2/Application/main/java/com/senpai/network/PacketReturnWorker.java' (4012)
2018-04-04 01:29:25: Save State File S:/Documents/MinecraftModding/xcraftmod/src/_gsdata_/_file_state_v4._gs
2018-04-04 01:29:27: Save State File gdrive://www.googleapis.com/Good Sync/Eclips Projects/Moding Minecraft 1.12.2/Application/_gsdata_/_file_state_v4._gs
2018-04-04 01:29:27: Cleanup recycled files in S:/Documents/MinecraftModding/xcraftmod/src/_gsdata_/_saved_
2018-04-04 01:29:27: Load Recycled DB: S:/Documents/MinecraftModding/xcraftmod/src/_gsdata_/_recycled_db._gs
2018-04-04 01:29:27: Cleanup old logs in S:/Documents/MinecraftModding/xcraftmod/src/_gsdata_
2018-04-04 01:29:27: Cleanup recycled files in gdrive://www.googleapis.com/Good Sync/Eclips Projects/Moding Minecraft 1.12.2/Application/_gsdata_/_saved_
2018-04-04 01:29:28: Save Recycled DB: gdrive://www.googleapis.com/Good Sync/Eclips Projects/Moding Minecraft 1.12.2/Application/_gsdata_/_recycled_db._gs
2018-04-04 01:29:28: Cleanup old logs in gdrive://www.googleapis.com/Good Sync/Eclips Projects/Moding Minecraft 1.12.2/Application/_gsdata_
2018-04-04 01:29:28: == Sync Complete. Time: 00:00:06, Speed: 1.91 KB/s, OK: 1, Errors: 0
2018-04-04 01:29:28: Unlocking folder S:/Documents/MinecraftModding/xcraftmod/src/_gsdata_/lock.gsl
2018-04-04 01:29:28: Unlocking folder gdrive://www.googleapis.com/Good Sync/Eclips Projects/Moding Minecraft 1.12.2/Application/_gsdata_/lock.gsl
2018-04-04 01:29:29: 
