2018-04-02 20:03:08: Connected to S:\Documents\MinecraftModding\xcraftmod\src: S: NTFS: type=NTFS vol=Data Storage flags=3E706FF
2018-04-02 20:03:08: Connected to gdrive://www.googleapis.com/Good Sync/Eclips Projects/Moding Minecraft 1.12.2/Application
2018-04-02 20:03:08: Incremental Analyze for On File Change
2018-04-02 20:03:09: -- Analysis Started by On File Change, After Delay, Under Runner
2018-04-02 20:03:09: Mod Sync: ANALYSIS started by On File Change, After Delay, Under Runner on 'SENPAI_DESKTOP' (GoodSync 10.8.1.1)
2018-04-02 20:03:09: =Data Storage:\Documents\MinecraftModding\xcraftmod\src (S:/Documents/MinecraftModding/xcraftmod/src) [TmpDest] <-> gdrive://www.googleapis.com/Good Sync/Eclips Projects/Moding Minecraft 1.12.2/Application [DirDest], RecycleTo_RecycleBin, SaveDays_RecycleBin=30d, ReconnectSecs=120, SyncWorkerThreads=99, OnFileChange Delay=5, Unattended, WaitForLocksMin=20, ResolveConflicts=NewerFileWins, AutoClear, LinksIgnore
2018-04-02 20:03:09: Exclude Hidden, Exclude System, Exclude name *._gstmp|/System Volume Information|Thumbs.db|.DS_Store 
2018-04-02 20:03:09: Locking folder S:/Documents/MinecraftModding/xcraftmod/src for write
2018-04-02 20:03:09: Change Analyzed: S:/Documents/MinecraftModding/xcraftmod/src/main/java/com/senpai/objects/blocks/BlockMachine.java
2018-04-02 20:03:09: Change Analyzed: S:/Documents/MinecraftModding/xcraftmod/src/main/java/com/senpai/objects/blocks/BlockMachine.java
2018-04-02 20:03:09: Change Analyzed: S:/Documents/MinecraftModding/xcraftmod/src/main/java/com/senpai/objects/blocks/BlockMachine.java
2018-04-02 20:03:09: Locking folder gdrive://www.googleapis.com/Good Sync/Eclips Projects/Moding Minecraft 1.12.2/Application for write
2018-04-02 20:03:12: Change Analyzed: gdrive://www.googleapis.com/Good Sync/Eclips Projects/Moding Minecraft 1.12.2/Application/main/resources/assets/sxm/models/block/energy_cell_connection_out_basic.json
2018-04-02 20:03:12: Change Analyzed: gdrive://www.googleapis.com/Good Sync/Eclips Projects/Moding Minecraft 1.12.2/Application/main/resources/assets/sxm/models/block/energy_cell_connection_out_basic.json
2018-04-02 20:03:12: Change Analyzed: gdrive://www.googleapis.com/Good Sync/Eclips Projects/Moding Minecraft 1.12.2/Application/main/resources/assets/sxm/models/block/energy_cell_connection_out_basic.json
2018-04-02 20:03:13: On disk file:///S: space required for sync is 0 bytes, you have 1.25 TB
2018-04-02 20:03:13: On disk gdrive://www.googleapis.com space required for sync is 6.00 KB, you have 12.4 GB
2018-04-02 20:03:13: Changes: 1, Conflicts: 0, CopyTime: 0, FixState: 0, Errors: 0, All: 22040
2018-04-02 20:03:13: Left to Right: Copy File: 1 
2018-04-02 20:03:13: -- Analysis Complete. Time 00:00:06, Speed: 61 files/s
2018-04-02 20:03:13: == Sync Started by On File Change, After Delay, Under Runner
2018-04-02 20:03:13: Mod Sync: SYNC started by On File Change, After Delay, Under Runner on 'SENPAI_DESKTOP'
2018-04-02 20:03:13: =Data Storage:\Documents\MinecraftModding\xcraftmod\src (S:/Documents/MinecraftModding/xcraftmod/src) [TmpDest] <-> gdrive://www.googleapis.com/Good Sync/Eclips Projects/Moding Minecraft 1.12.2/Application [DirDest], RecycleTo_RecycleBin, SaveDays_RecycleBin=30d, ReconnectSecs=120, SyncWorkerThreads=99, OnFileChange Delay=5, Unattended, WaitForLocksMin=20, ResolveConflicts=NewerFileWins, AutoClear, LinksIgnore
2018-04-02 20:03:14: File Systems limited number of parallel threads to 20
2018-04-02 20:03:14: Start only 1 threads, limited by tasks to run
2018-04-02 20:03:16: Load Recycled DB: gdrive://www.googleapis.com/Good Sync/Eclips Projects/Moding Minecraft 1.12.2/Application/_gsdata_/_recycled_db._gs
2018-04-02 20:03:17: Copy Over 'S:/Documents/MinecraftModding/xcraftmod/src/main/java/com/senpai/objects/blocks/BlockMachine.java' -> 'gdrive://www.googleapis.com/Good Sync/Eclips Projects/Moding Minecraft 1.12.2/Application/main/java/com/senpai/objects/blocks/BlockMachine.java' (5974)
2018-04-02 20:03:18: Change detected [1]: t=Modified path=/main/java/com/senpai/objects/blocks/BlockMachine.java
2018-04-02 20:03:18: Change detected [1]: t=Created path=/main/java/com/senpai/objects/blocks/BlockMachine.java
2018-04-02 20:03:18: Change detected [1]: t=MovedFrom path=/main/java/com/senpai/objects/blocks/BlockMachine.java
2018-04-02 20:03:19: Save State File S:/Documents/MinecraftModding/xcraftmod/src/_gsdata_/_file_state_v4._gs
2018-04-02 20:03:22: Save State File gdrive://www.googleapis.com/Good Sync/Eclips Projects/Moding Minecraft 1.12.2/Application/_gsdata_/_file_state_v4._gs
2018-04-02 20:03:22: Cleanup recycled files in S:/Documents/MinecraftModding/xcraftmod/src/_gsdata_/_saved_
2018-04-02 20:03:22: Load Recycled DB: S:/Documents/MinecraftModding/xcraftmod/src/_gsdata_/_recycled_db._gs
2018-04-02 20:03:22: Cleanup old logs in S:/Documents/MinecraftModding/xcraftmod/src/_gsdata_
2018-04-02 20:03:22: Cleanup recycled files in gdrive://www.googleapis.com/Good Sync/Eclips Projects/Moding Minecraft 1.12.2/Application/_gsdata_/_saved_
2018-04-02 20:03:23: Save Recycled DB: gdrive://www.googleapis.com/Good Sync/Eclips Projects/Moding Minecraft 1.12.2/Application/_gsdata_/_recycled_db._gs
2018-04-02 20:03:23: Cleanup old logs in gdrive://www.googleapis.com/Good Sync/Eclips Projects/Moding Minecraft 1.12.2/Application/_gsdata_
2018-04-02 20:03:24: == Sync Complete. Time: 00:00:11, Speed: 1.90 KB/s, OK: 1, Errors: 0
2018-04-02 20:03:24: Unlocking folder S:/Documents/MinecraftModding/xcraftmod/src/_gsdata_/lock.gsl
2018-04-02 20:03:24: Unlocking folder gdrive://www.googleapis.com/Good Sync/Eclips Projects/Moding Minecraft 1.12.2/Application/_gsdata_/lock.gsl
2018-04-02 20:03:25: 
