2018-04-03 01:10:39: Connected to S:\Documents\MinecraftModding\xcraftmod\src: S: NTFS: type=NTFS vol=Data Storage flags=3E706FF
2018-04-03 01:10:39: Connected to gdrive://www.googleapis.com/Good Sync/Eclips Projects/Moding Minecraft 1.12.2/Application
2018-04-03 01:10:39: Incremental Analyze for On File Change
2018-04-03 01:10:40: -- Analysis Started by On File Change, After Delay, Under Runner
2018-04-03 01:10:40: Mod Sync: ANALYSIS started by On File Change, After Delay, Under Runner on 'SENPAI_DESKTOP' (GoodSync 10.8.1.1)
2018-04-03 01:10:40: =Data Storage:\Documents\MinecraftModding\xcraftmod\src (S:/Documents/MinecraftModding/xcraftmod/src) [TmpDest] <-> gdrive://www.googleapis.com/Good Sync/Eclips Projects/Moding Minecraft 1.12.2/Application [DirDest], RecycleTo_RecycleBin, SaveDays_RecycleBin=30d, ReconnectSecs=120, SyncWorkerThreads=99, OnFileChange Delay=5, Unattended, WaitForLocksMin=20, ResolveConflicts=NewerFileWins, AutoClear, LinksIgnore
2018-04-03 01:10:40: Exclude Hidden, Exclude System, Exclude name *._gstmp|/System Volume Information|Thumbs.db|.DS_Store 
2018-04-03 01:10:40: Locking folder S:/Documents/MinecraftModding/xcraftmod/src for write
2018-04-03 01:10:40: Change Analyzed: S:/Documents/MinecraftModding/xcraftmod/src/main/java/com/senpai/objects/blocks/item/IMetaBlockName.java
2018-04-03 01:10:40: Change Analyzed: S:/Documents/MinecraftModding/xcraftmod/src/main/java/com/senpai/objects/blocks/item/IMetaBlockName.java
2018-04-03 01:10:40: Change Analyzed: S:/Documents/MinecraftModding/xcraftmod/src/main/java/com/senpai/objects/blocks/item/IMetaBlockName.java
2018-04-03 01:10:40: Change Analyzed: S:/Documents/MinecraftModding/xcraftmod/src/main/java/com/senpai/objects/blocks/item/IMetaBlockName.java
2018-04-03 01:10:40: Change Analyzed: S:/Documents/MinecraftModding/xcraftmod/src/main/java/com/senpai/objects/blocks/item/IMetaBlockName.java
2018-04-03 01:10:40: Change Analyzed: S:/Documents/MinecraftModding/xcraftmod/src/main/java/com/senpai/objects/blocks/item/IMetaBlockName.java
2018-04-03 01:10:40: Change Analyzed: S:/Documents/MinecraftModding/xcraftmod/src/main/java/com/senpai/objects/blocks/item/ItemBlockBreaker.java
2018-04-03 01:10:40: Change Analyzed: S:/Documents/MinecraftModding/xcraftmod/src/main/java/com/senpai/objects/blocks/item/ItemBlockBreaker.java
2018-04-03 01:10:40: Change Analyzed: S:/Documents/MinecraftModding/xcraftmod/src/main/java/com/senpai/objects/blocks/item/ItemBlockBreaker.java
2018-04-03 01:10:40: Change Analyzed: S:/Documents/MinecraftModding/xcraftmod/src/main/java/com/senpai/objects/blocks/item/ItemBlockDoor.java
2018-04-03 01:10:40: Change Analyzed: S:/Documents/MinecraftModding/xcraftmod/src/main/java/com/senpai/objects/blocks/item/ItemBlockDoor.java
2018-04-03 01:10:40: Change Analyzed: S:/Documents/MinecraftModding/xcraftmod/src/main/java/com/senpai/objects/blocks/item/ItemBlockDoor.java
2018-04-03 01:10:40: Change Analyzed: S:/Documents/MinecraftModding/xcraftmod/src/main/java/com/senpai/objects/blocks/item/ItemBlockMeta.java
2018-04-03 01:10:40: Change Analyzed: S:/Documents/MinecraftModding/xcraftmod/src/main/java/com/senpai/objects/blocks/item/ItemBlockMeta.java
2018-04-03 01:10:40: Change Analyzed: S:/Documents/MinecraftModding/xcraftmod/src/main/java/com/senpai/objects/blocks/item/ItemBlockMeta.java
2018-04-03 01:10:40: Locking folder gdrive://www.googleapis.com/Good Sync/Eclips Projects/Moding Minecraft 1.12.2/Application for write
2018-04-03 01:10:40: Change detected [0]: t=Modified path=/main/java/com/senpai/objects/blocks/item/ItemBlockDoor.java
2018-04-03 01:10:42: /main/java/com/senpai/objects/blocks/item/ItemBlockBreaker.java: L:TimeSize<>; Warning: Older file to replace Newer file
2018-04-03 01:10:42: /main/java/com/senpai/objects/blocks/item/ItemBlockDoor.java: L:TimeSize<>; Warning: Older file to replace Newer file
2018-04-03 01:10:42: /main/java/com/senpai/objects/blocks/item/ItemBlockMeta.java: L:TimeSize<>; Warning: Older file to replace Newer file
2018-04-03 01:10:42: On disk file:///S: space required for sync is 0 bytes, you have 1.25 TB
2018-04-03 01:10:42: On disk gdrive://www.googleapis.com space required for sync is 10.0 KB, you have 12.4 GB
2018-04-03 01:10:42: Changes: 4, Conflicts: 0, CopyTime: 0, FixState: 0, Errors: 0, All: 22055
2018-04-03 01:10:42: Left to Right: Copy File: 4 
2018-04-03 01:10:42: -- Analysis Complete. Time 00:00:04, Speed: 95 files/s
2018-04-03 01:10:42: == Sync Started by On File Change, After Delay, Under Runner
2018-04-03 01:10:42: Mod Sync: SYNC started by On File Change, After Delay, Under Runner on 'SENPAI_DESKTOP'
2018-04-03 01:10:42: =Data Storage:\Documents\MinecraftModding\xcraftmod\src (S:/Documents/MinecraftModding/xcraftmod/src) [TmpDest] <-> gdrive://www.googleapis.com/Good Sync/Eclips Projects/Moding Minecraft 1.12.2/Application [DirDest], RecycleTo_RecycleBin, SaveDays_RecycleBin=30d, ReconnectSecs=120, SyncWorkerThreads=99, OnFileChange Delay=5, Unattended, WaitForLocksMin=20, ResolveConflicts=NewerFileWins, AutoClear, LinksIgnore
2018-04-03 01:10:42: File Systems limited number of parallel threads to 20
2018-04-03 01:10:42: Start only 4 threads, limited by tasks to run
2018-04-03 01:10:45: Copy New 'S:/Documents/MinecraftModding/xcraftmod/src/main/java/com/senpai/objects/blocks/item/IMetaBlockName.java' -> 'gdrive://www.googleapis.com/Good Sync/Eclips Projects/Moding Minecraft 1.12.2/Application/main/java/com/senpai/objects/blocks/item/IMetaBlockName.java' (608)
2018-04-03 01:10:46: Load Recycled DB: gdrive://www.googleapis.com/Good Sync/Eclips Projects/Moding Minecraft 1.12.2/Application/_gsdata_/_recycled_db._gs
2018-04-03 01:10:48: Copy Over 'S:/Documents/MinecraftModding/xcraftmod/src/main/java/com/senpai/objects/blocks/item/ItemBlockBreaker.java' -> 'gdrive://www.googleapis.com/Good Sync/Eclips Projects/Moding Minecraft 1.12.2/Application/main/java/com/senpai/objects/blocks/item/ItemBlockBreaker.java' (1301)
2018-04-03 01:10:49: Copy Over 'S:/Documents/MinecraftModding/xcraftmod/src/main/java/com/senpai/objects/blocks/item/ItemBlockMeta.java' -> 'gdrive://www.googleapis.com/Good Sync/Eclips Projects/Moding Minecraft 1.12.2/Application/main/java/com/senpai/objects/blocks/item/ItemBlockMeta.java' (1194)
2018-04-03 01:10:49: Copy Over 'S:/Documents/MinecraftModding/xcraftmod/src/main/java/com/senpai/objects/blocks/item/ItemBlockDoor.java' -> 'gdrive://www.googleapis.com/Good Sync/Eclips Projects/Moding Minecraft 1.12.2/Application/main/java/com/senpai/objects/blocks/item/ItemBlockDoor.java' (4263)
2018-04-03 01:10:50: Save State File S:/Documents/MinecraftModding/xcraftmod/src/_gsdata_/_file_state_v4._gs
2018-04-03 01:10:50: Change detected [1]: t=Modified path=/main/java/com/senpai/objects/blocks/item/ItemBlockDoor.java
2018-04-03 01:10:50: Change detected [1]: t=Modified path=/main/java/com/senpai/objects/blocks/item/ItemBlockMeta.java
2018-04-03 01:10:50: Change detected [1]: t=Modified path=/main/java/com/senpai/objects/blocks/item/ItemBlockBreaker.java
2018-04-03 01:10:50: Change detected [1]: t=Created path=/main/java/com/senpai/objects/blocks/item/ItemBlockMeta.java
2018-04-03 01:10:50: Change detected [1]: t=Created path=/main/java/com/senpai/objects/blocks/item/ItemBlockDoor.java
2018-04-03 01:10:51: Change detected [1]: t=Created path=/main/java/com/senpai/objects/blocks/item/ItemBlockBreaker.java
2018-04-03 01:10:51: Change detected [1]: t=MovedFrom path=/main/java/com/senpai/objects/blocks/item/ItemBlockMeta.java
2018-04-03 01:10:51: Change detected [1]: t=MovedFrom path=/main/java/com/senpai/objects/blocks/item/ItemBlockDoor.java
2018-04-03 01:10:51: Change detected [1]: t=Modified path=/main/java/com/senpai/objects/blocks/item/IMetaBlockName.java
2018-04-03 01:10:51: Change detected [1]: t=MovedFrom path=/main/java/com/senpai/objects/blocks/item/ItemBlockBreaker.java
2018-04-03 01:10:51: Change detected [1]: t=Created path=/main/java/com/senpai/objects/blocks/item/IMetaBlockName.java
2018-04-03 01:10:52: Save State File gdrive://www.googleapis.com/Good Sync/Eclips Projects/Moding Minecraft 1.12.2/Application/_gsdata_/_file_state_v4._gs
2018-04-03 01:10:52: Cleanup recycled files in S:/Documents/MinecraftModding/xcraftmod/src/_gsdata_/_saved_
2018-04-03 01:10:52: Load Recycled DB: S:/Documents/MinecraftModding/xcraftmod/src/_gsdata_/_recycled_db._gs
2018-04-03 01:10:52: Cleanup old logs in S:/Documents/MinecraftModding/xcraftmod/src/_gsdata_
2018-04-03 01:10:52: Cleanup recycled files in gdrive://www.googleapis.com/Good Sync/Eclips Projects/Moding Minecraft 1.12.2/Application/_gsdata_/_saved_
2018-04-03 01:10:53: Save Recycled DB: gdrive://www.googleapis.com/Good Sync/Eclips Projects/Moding Minecraft 1.12.2/Application/_gsdata_/_recycled_db._gs
2018-04-03 01:10:53: Cleanup old logs in gdrive://www.googleapis.com/Good Sync/Eclips Projects/Moding Minecraft 1.12.2/Application/_gsdata_
2018-04-03 01:10:53: == Sync Complete. Time: 00:00:11, Speed: 4.27 KB/s, OK: 4, Errors: 0
2018-04-03 01:10:53: Unlocking folder S:/Documents/MinecraftModding/xcraftmod/src/_gsdata_/lock.gsl
2018-04-03 01:10:53: Unlocking folder gdrive://www.googleapis.com/Good Sync/Eclips Projects/Moding Minecraft 1.12.2/Application/_gsdata_/lock.gsl
2018-04-03 01:10:55: 
