2018-04-03 16:30:37: Connected to S:\Documents\MinecraftModding\xcraftmod\src: S: NTFS: type=NTFS vol=Data Storage flags=3E706FF
2018-04-03 16:30:38: Connected to gdrive://www.googleapis.com/Good Sync/Eclips Projects/Moding Minecraft 1.12.2/Application
2018-04-03 16:30:38: Incremental Analyze for On File Change
2018-04-03 16:30:38: -- Analysis Started by On File Change, After Delay, Under Runner
2018-04-03 16:30:38: Mod Sync: ANALYSIS started by On File Change, After Delay, Under Runner on 'SENPAI_DESKTOP' (GoodSync 10.8.1.1)
2018-04-03 16:30:38: =Data Storage:\Documents\MinecraftModding\xcraftmod\src (S:/Documents/MinecraftModding/xcraftmod/src) [TmpDest] <-> gdrive://www.googleapis.com/Good Sync/Eclips Projects/Moding Minecraft 1.12.2/Application [DirDest], RecycleTo_RecycleBin, SaveDays_RecycleBin=30d, ReconnectSecs=120, SyncWorkerThreads=99, OnFileChange Delay=5, Unattended, WaitForLocksMin=20, ResolveConflicts=NewerFileWins, AutoClear, LinksIgnore
2018-04-03 16:30:38: Exclude Hidden, Exclude System, Exclude name *._gstmp|/System Volume Information|Thumbs.db|.DS_Store 
2018-04-03 16:30:38: Locking folder S:/Documents/MinecraftModding/xcraftmod/src for write
2018-04-03 16:30:38: Change Analyzed: S:/Documents/MinecraftModding/xcraftmod/src/main/resources/assets/sxm/lang/en_us.lang
2018-04-03 16:30:38: Change Analyzed: S:/Documents/MinecraftModding/xcraftmod/src/main/resources/assets/sxm/lang/en_us.lang
2018-04-03 16:30:38: Locking folder gdrive://www.googleapis.com/Good Sync/Eclips Projects/Moding Minecraft 1.12.2/Application for write
2018-04-03 16:30:42: On disk file:///S: space required for sync is 0 bytes, you have 1.25 TB
2018-04-03 16:30:42: On disk gdrive://www.googleapis.com space required for sync is 2.00 KB, you have 12.4 GB
2018-04-03 16:30:42: Changes: 1, Conflicts: 0, CopyTime: 0, FixState: 0, Errors: 0, All: 22069
2018-04-03 16:30:42: Left to Right: Copy File: 1 
2018-04-03 16:30:42: -- Analysis Complete. Time 00:00:06, Speed: 64 files/s
2018-04-03 16:30:42: == Sync Started by On File Change, After Delay, Under Runner
2018-04-03 16:30:42: Mod Sync: SYNC started by On File Change, After Delay, Under Runner on 'SENPAI_DESKTOP'
2018-04-03 16:30:42: =Data Storage:\Documents\MinecraftModding\xcraftmod\src (S:/Documents/MinecraftModding/xcraftmod/src) [TmpDest] <-> gdrive://www.googleapis.com/Good Sync/Eclips Projects/Moding Minecraft 1.12.2/Application [DirDest], RecycleTo_RecycleBin, SaveDays_RecycleBin=30d, ReconnectSecs=120, SyncWorkerThreads=99, OnFileChange Delay=5, Unattended, WaitForLocksMin=20, ResolveConflicts=NewerFileWins, AutoClear, LinksIgnore
2018-04-03 16:30:43: File Systems limited number of parallel threads to 20
2018-04-03 16:30:43: Start only 1 threads, limited by tasks to run
2018-04-03 16:30:46: Load Recycled DB: gdrive://www.googleapis.com/Good Sync/Eclips Projects/Moding Minecraft 1.12.2/Application/_gsdata_/_recycled_db._gs
2018-04-03 16:30:48: Change detected [1]: t=Modified path=/main/resources/assets/sxm/lang/en_us.lang
2018-04-03 16:30:48: Change detected [1]: t=Created path=/main/resources/assets/sxm/lang/en_us.lang
2018-04-03 16:30:48: Change detected [1]: t=MovedFrom path=/main/resources/assets/sxm/lang/en_us.lang
2018-04-03 16:30:49: Copy Over 'S:/Documents/MinecraftModding/xcraftmod/src/main/resources/assets/sxm/lang/en_us.lang' -> 'gdrive://www.googleapis.com/Good Sync/Eclips Projects/Moding Minecraft 1.12.2/Application/main/resources/assets/sxm/lang/en_us.lang' (2035)
2018-04-03 16:30:51: Save State File S:/Documents/MinecraftModding/xcraftmod/src/_gsdata_/_file_state_v4._gs
2018-04-03 16:30:54: Save State File gdrive://www.googleapis.com/Good Sync/Eclips Projects/Moding Minecraft 1.12.2/Application/_gsdata_/_file_state_v4._gs
2018-04-03 16:30:54: Cleanup recycled files in S:/Documents/MinecraftModding/xcraftmod/src/_gsdata_/_saved_
2018-04-03 16:30:54: Load Recycled DB: S:/Documents/MinecraftModding/xcraftmod/src/_gsdata_/_recycled_db._gs
2018-04-03 16:30:54: Deleted old log file C:/Users/Senpai/AppData/Roaming/GoodSync/_mirrors_/file-=Data Storage-Documents-MinecraftModding-xcraftmod-src/2018-0327-153500-SENPAI_DESKTOP-Runner-Mod Sync.log
2018-04-03 16:30:54: Deleted old log file C:/Users/Senpai/AppData/Roaming/GoodSync/_mirrors_/file-=Data Storage-Documents-MinecraftModding-xcraftmod-src/2018-0327-153521-SENPAI_DESKTOP-Runner-Mod Sync.log
2018-04-03 16:30:54: Deleted old log file C:/Users/Senpai/AppData/Roaming/GoodSync/_mirrors_/file-=Data Storage-Documents-MinecraftModding-xcraftmod-src/2018-0327-153651-SENPAI_DESKTOP-Runner-Mod Sync.log
2018-04-03 16:30:54: Deleted old log file C:/Users/Senpai/AppData/Roaming/GoodSync/_mirrors_/file-=Data Storage-Documents-MinecraftModding-xcraftmod-src/2018-0327-153712-SENPAI_DESKTOP-Runner-Mod Sync.log
2018-04-03 16:30:54: Deleted old log file C:/Users/Senpai/AppData/Roaming/GoodSync/_mirrors_/file-=Data Storage-Documents-MinecraftModding-xcraftmod-src/2018-0327-154206-SENPAI_DESKTOP-Runner-Mod Sync.log
2018-04-03 16:30:54: Deleted old log file C:/Users/Senpai/AppData/Roaming/GoodSync/_mirrors_/file-=Data Storage-Documents-MinecraftModding-xcraftmod-src/2018-0327-154230-SENPAI_DESKTOP-Runner-Mod Sync.log
2018-04-03 16:30:54: Deleted old log file C:/Users/Senpai/AppData/Roaming/GoodSync/_mirrors_/file-=Data Storage-Documents-MinecraftModding-xcraftmod-src/2018-0327-154309-SENPAI_DESKTOP-Runner-Mod Sync.log
2018-04-03 16:30:54: Deleted old log file C:/Users/Senpai/AppData/Roaming/GoodSync/_mirrors_/file-=Data Storage-Documents-MinecraftModding-xcraftmod-src/2018-0327-154330-SENPAI_DESKTOP-Runner-Mod Sync.log
2018-04-03 16:30:54: Deleted old log file C:/Users/Senpai/AppData/Roaming/GoodSync/_mirrors_/file-=Data Storage-Documents-MinecraftModding-xcraftmod-src/2018-0327-154348-SENPAI_DESKTOP-Runner-Mod Sync.log
2018-04-03 16:30:54: Deleted old log file C:/Users/Senpai/AppData/Roaming/GoodSync/_mirrors_/file-=Data Storage-Documents-MinecraftModding-xcraftmod-src/2018-0327-154415-SENPAI_DESKTOP-Runner-Mod Sync.log
2018-04-03 16:30:54: Deleted old log file C:/Users/Senpai/AppData/Roaming/GoodSync/_mirrors_/file-=Data Storage-Documents-MinecraftModding-xcraftmod-src/2018-0327-154439-SENPAI_DESKTOP-Runner-Mod Sync.log
2018-04-03 16:30:54: Deleted old log file C:/Users/Senpai/AppData/Roaming/GoodSync/_mirrors_/file-=Data Storage-Documents-MinecraftModding-xcraftmod-src/2018-0327-154515-SENPAI_DESKTOP-Runner-Mod Sync.log
2018-04-03 16:30:54: Deleted old log file C:/Users/Senpai/AppData/Roaming/GoodSync/_mirrors_/file-=Data Storage-Documents-MinecraftModding-xcraftmod-src/2018-0327-154539-SENPAI_DESKTOP-Runner-Mod Sync.log
2018-04-03 16:30:54: Deleted old log file C:/Users/Senpai/AppData/Roaming/GoodSync/_mirrors_/file-=Data Storage-Documents-MinecraftModding-xcraftmod-src/2018-0327-154600-SENPAI_DESKTOP-Runner-Mod Sync.log
2018-04-03 16:30:54: Deleted old log file C:/Users/Senpai/AppData/Roaming/GoodSync/_mirrors_/file-=Data Storage-Documents-MinecraftModding-xcraftmod-src/2018-0327-154633-SENPAI_DESKTOP-Runner-Mod Sync.log
2018-04-03 16:30:54: Deleted old log file C:/Users/Senpai/AppData/Roaming/GoodSync/_mirrors_/file-=Data Storage-Documents-MinecraftModding-xcraftmod-src/2018-0327-154657-SENPAI_DESKTOP-Runner-Mod Sync.log
2018-04-03 16:30:54: Deleted old log file C:/Users/Senpai/AppData/Roaming/GoodSync/_mirrors_/file-=Data Storage-Documents-MinecraftModding-xcraftmod-src/2018-0327-154721-SENPAI_DESKTOP-Runner-Mod Sync.log
2018-04-03 16:30:54: Deleted old log file C:/Users/Senpai/AppData/Roaming/GoodSync/_mirrors_/file-=Data Storage-Documents-MinecraftModding-xcraftmod-src/2018-0327-154748-SENPAI_DESKTOP-Runner-Mod Sync.log
2018-04-03 16:30:54: Deleted old log file C:/Users/Senpai/AppData/Roaming/GoodSync/_mirrors_/file-=Data Storage-Documents-MinecraftModding-xcraftmod-src/2018-0327-154809-SENPAI_DESKTOP-Runner-Mod Sync.log
2018-04-03 16:30:54: Deleted old log file C:/Users/Senpai/AppData/Roaming/GoodSync/_mirrors_/file-=Data Storage-Documents-MinecraftModding-xcraftmod-src/2018-0327-154834-SENPAI_DESKTOP-Runner-Mod Sync.log
2018-04-03 16:30:54: Deleted old log file C:/Users/Senpai/AppData/Roaming/GoodSync/_mirrors_/file-=Data Storage-Documents-MinecraftModding-xcraftmod-src/2018-0327-154855-SENPAI_DESKTOP-Runner-Mod Sync.log
2018-04-03 16:30:54: Deleted old log file C:/Users/Senpai/AppData/Roaming/GoodSync/_mirrors_/file-=Data Storage-Documents-MinecraftModding-xcraftmod-src/2018-0327-154916-SENPAI_DESKTOP-Runner-Mod Sync.log
2018-04-03 16:30:54: Deleted old log file C:/Users/Senpai/AppData/Roaming/GoodSync/_mirrors_/file-=Data Storage-Documents-MinecraftModding-xcraftmod-src/2018-0327-154928-SENPAI_DESKTOP-Runner-Mod Sync.log
2018-04-03 16:30:54: Deleted old log file C:/Users/Senpai/AppData/Roaming/GoodSync/_mirrors_/file-=Data Storage-Documents-MinecraftModding-xcraftmod-src/2018-0327-154949-SENPAI_DESKTOP-Runner-Mod Sync.log
2018-04-03 16:30:54: Deleted old log file C:/Users/Senpai/AppData/Roaming/GoodSync/_mirrors_/file-=Data Storage-Documents-MinecraftModding-xcraftmod-src/2018-0327-161737-SENPAI_DESKTOP-Runner-Mod Sync.log
2018-04-03 16:30:54: Deleted old log file C:/Users/Senpai/AppData/Roaming/GoodSync/_mirrors_/file-=Data Storage-Documents-MinecraftModding-xcraftmod-src/2018-0327-161801-SENPAI_DESKTOP-Runner-Mod Sync.log
2018-04-03 16:30:54: Deleted old log file C:/Users/Senpai/AppData/Roaming/GoodSync/_mirrors_/file-=Data Storage-Documents-MinecraftModding-xcraftmod-src/2018-0327-162219-SENPAI_DESKTOP-Runner-Mod Sync.log
2018-04-03 16:30:54: Deleted old log file C:/Users/Senpai/AppData/Roaming/GoodSync/_mirrors_/file-=Data Storage-Documents-MinecraftModding-xcraftmod-src/2018-0327-162240-SENPAI_DESKTOP-Runner-Mod Sync.log
2018-04-03 16:30:54: Deleted old log file C:/Users/Senpai/AppData/Roaming/GoodSync/_mirrors_/file-=Data Storage-Documents-MinecraftModding-xcraftmod-src/2018-0327-162540-SENPAI_DESKTOP-Runner-Mod Sync.log
2018-04-03 16:30:54: Deleted old log file C:/Users/Senpai/AppData/Roaming/GoodSync/_mirrors_/file-=Data Storage-Documents-MinecraftModding-xcraftmod-src/2018-0327-162601-SENPAI_DESKTOP-Runner-Mod Sync.log
2018-04-03 16:30:54: Cleanup old logs in S:/Documents/MinecraftModding/xcraftmod/src/_gsdata_
2018-04-03 16:30:54: Delete log file S:/Documents/MinecraftModding/xcraftmod/src/_gsdata_/2018-0327-153500-SENPAI_DESKTOP-Runner-Mod Sync.log
2018-04-03 16:30:54: Delete log file S:/Documents/MinecraftModding/xcraftmod/src/_gsdata_/2018-0327-153651-SENPAI_DESKTOP-Runner-Mod Sync.log
2018-04-03 16:30:54: Delete log file S:/Documents/MinecraftModding/xcraftmod/src/_gsdata_/2018-0327-154206-SENPAI_DESKTOP-Runner-Mod Sync.log
2018-04-03 16:30:54: Delete log file S:/Documents/MinecraftModding/xcraftmod/src/_gsdata_/2018-0327-154309-SENPAI_DESKTOP-Runner-Mod Sync.log
2018-04-03 16:30:54: Delete log file S:/Documents/MinecraftModding/xcraftmod/src/_gsdata_/2018-0327-154330-SENPAI_DESKTOP-Runner-Mod Sync.log
2018-04-03 16:30:54: Delete log file S:/Documents/MinecraftModding/xcraftmod/src/_gsdata_/2018-0327-154415-SENPAI_DESKTOP-Runner-Mod Sync.log
2018-04-03 16:30:54: Delete log file S:/Documents/MinecraftModding/xcraftmod/src/_gsdata_/2018-0327-154439-SENPAI_DESKTOP-Runner-Mod Sync.log
2018-04-03 16:30:54: Delete log file S:/Documents/MinecraftModding/xcraftmod/src/_gsdata_/2018-0327-154515-SENPAI_DESKTOP-Runner-Mod Sync.log
2018-04-03 16:30:54: Delete log file S:/Documents/MinecraftModding/xcraftmod/src/_gsdata_/2018-0327-154539-SENPAI_DESKTOP-Runner-Mod Sync.log
2018-04-03 16:30:54: Delete log file S:/Documents/MinecraftModding/xcraftmod/src/_gsdata_/2018-0327-154633-SENPAI_DESKTOP-Runner-Mod Sync.log
2018-04-03 16:30:54: Delete log file S:/Documents/MinecraftModding/xcraftmod/src/_gsdata_/2018-0327-154657-SENPAI_DESKTOP-Runner-Mod Sync.log
2018-04-03 16:30:54: Delete log file S:/Documents/MinecraftModding/xcraftmod/src/_gsdata_/2018-0327-154721-SENPAI_DESKTOP-Runner-Mod Sync.log
2018-04-03 16:30:54: Delete log file S:/Documents/MinecraftModding/xcraftmod/src/_gsdata_/2018-0327-154748-SENPAI_DESKTOP-Runner-Mod Sync.log
2018-04-03 16:30:54: Delete log file S:/Documents/MinecraftModding/xcraftmod/src/_gsdata_/2018-0327-154834-SENPAI_DESKTOP-Runner-Mod Sync.log
2018-04-03 16:30:54: Delete log file S:/Documents/MinecraftModding/xcraftmod/src/_gsdata_/2018-0327-154855-SENPAI_DESKTOP-Runner-Mod Sync.log
2018-04-03 16:30:54: Delete log file S:/Documents/MinecraftModding/xcraftmod/src/_gsdata_/2018-0327-154928-SENPAI_DESKTOP-Runner-Mod Sync.log
2018-04-03 16:30:54: Delete log file S:/Documents/MinecraftModding/xcraftmod/src/_gsdata_/2018-0327-161737-SENPAI_DESKTOP-Runner-Mod Sync.log
2018-04-03 16:30:54: Delete log file S:/Documents/MinecraftModding/xcraftmod/src/_gsdata_/2018-0327-162219-SENPAI_DESKTOP-Runner-Mod Sync.log
2018-04-03 16:30:54: Delete log file S:/Documents/MinecraftModding/xcraftmod/src/_gsdata_/2018-0327-162540-SENPAI_DESKTOP-Runner-Mod Sync.log
2018-04-03 16:30:54: Cleanup recycled files in gdrive://www.googleapis.com/Good Sync/Eclips Projects/Moding Minecraft 1.12.2/Application/_gsdata_/_saved_
2018-04-03 16:30:56: Save Recycled DB: gdrive://www.googleapis.com/Good Sync/Eclips Projects/Moding Minecraft 1.12.2/Application/_gsdata_/_recycled_db._gs
2018-04-03 16:30:56: Deleted old log file C:/Users/Senpai/AppData/Roaming/GoodSync/_mirrors_/gdrive-Wicky_Gustave-0AGIAX4LCOy-XUk9PVA@www.googleapis.com-Good Sync-Eclips Projects-Moding Minecraft 1.12.2-Application/2018-0327-153500-SENPAI_DESKTOP-Runner-Mod Sync.log
2018-04-03 16:30:56: Deleted old log file C:/Users/Senpai/AppData/Roaming/GoodSync/_mirrors_/gdrive-Wicky_Gustave-0AGIAX4LCOy-XUk9PVA@www.googleapis.com-Good Sync-Eclips Projects-Moding Minecraft 1.12.2-Application/2018-0327-153521-SENPAI_DESKTOP-Runner-Mod Sync.log
2018-04-03 16:30:56: Deleted old log file C:/Users/Senpai/AppData/Roaming/GoodSync/_mirrors_/gdrive-Wicky_Gustave-0AGIAX4LCOy-XUk9PVA@www.googleapis.com-Good Sync-Eclips Projects-Moding Minecraft 1.12.2-Application/2018-0327-153651-SENPAI_DESKTOP-Runner-Mod Sync.log
2018-04-03 16:30:56: Deleted old log file C:/Users/Senpai/AppData/Roaming/GoodSync/_mirrors_/gdrive-Wicky_Gustave-0AGIAX4LCOy-XUk9PVA@www.googleapis.com-Good Sync-Eclips Projects-Moding Minecraft 1.12.2-Application/2018-0327-153712-SENPAI_DESKTOP-Runner-Mod Sync.log
2018-04-03 16:30:56: Deleted old log file C:/Users/Senpai/AppData/Roaming/GoodSync/_mirrors_/gdrive-Wicky_Gustave-0AGIAX4LCOy-XUk9PVA@www.googleapis.com-Good Sync-Eclips Projects-Moding Minecraft 1.12.2-Application/2018-0327-154206-SENPAI_DESKTOP-Runner-Mod Sync.log
2018-04-03 16:30:56: Deleted old log file C:/Users/Senpai/AppData/Roaming/GoodSync/_mirrors_/gdrive-Wicky_Gustave-0AGIAX4LCOy-XUk9PVA@www.googleapis.com-Good Sync-Eclips Projects-Moding Minecraft 1.12.2-Application/2018-0327-154230-SENPAI_DESKTOP-Runner-Mod Sync.log
2018-04-03 16:30:56: Deleted old log file C:/Users/Senpai/AppData/Roaming/GoodSync/_mirrors_/gdrive-Wicky_Gustave-0AGIAX4LCOy-XUk9PVA@www.googleapis.com-Good Sync-Eclips Projects-Moding Minecraft 1.12.2-Application/2018-0327-154309-SENPAI_DESKTOP-Runner-Mod Sync.log
2018-04-03 16:30:56: Deleted old log file C:/Users/Senpai/AppData/Roaming/GoodSync/_mirrors_/gdrive-Wicky_Gustave-0AGIAX4LCOy-XUk9PVA@www.googleapis.com-Good Sync-Eclips Projects-Moding Minecraft 1.12.2-Application/2018-0327-154330-SENPAI_DESKTOP-Runner-Mod Sync.log
2018-04-03 16:30:56: Deleted old log file C:/Users/Senpai/AppData/Roaming/GoodSync/_mirrors_/gdrive-Wicky_Gustave-0AGIAX4LCOy-XUk9PVA@www.googleapis.com-Good Sync-Eclips Projects-Moding Minecraft 1.12.2-Application/2018-0327-154348-SENPAI_DESKTOP-Runner-Mod Sync.log
2018-04-03 16:30:56: Deleted old log file C:/Users/Senpai/AppData/Roaming/GoodSync/_mirrors_/gdrive-Wicky_Gustave-0AGIAX4LCOy-XUk9PVA@www.googleapis.com-Good Sync-Eclips Projects-Moding Minecraft 1.12.2-Application/2018-0327-154415-SENPAI_DESKTOP-Runner-Mod Sync.log
2018-04-03 16:30:56: Deleted old log file C:/Users/Senpai/AppData/Roaming/GoodSync/_mirrors_/gdrive-Wicky_Gustave-0AGIAX4LCOy-XUk9PVA@www.googleapis.com-Good Sync-Eclips Projects-Moding Minecraft 1.12.2-Application/2018-0327-154439-SENPAI_DESKTOP-Runner-Mod Sync.log
2018-04-03 16:30:56: Deleted old log file C:/Users/Senpai/AppData/Roaming/GoodSync/_mirrors_/gdrive-Wicky_Gustave-0AGIAX4LCOy-XUk9PVA@www.googleapis.com-Good Sync-Eclips Projects-Moding Minecraft 1.12.2-Application/2018-0327-154515-SENPAI_DESKTOP-Runner-Mod Sync.log
2018-04-03 16:30:56: Deleted old log file C:/Users/Senpai/AppData/Roaming/GoodSync/_mirrors_/gdrive-Wicky_Gustave-0AGIAX4LCOy-XUk9PVA@www.googleapis.com-Good Sync-Eclips Projects-Moding Minecraft 1.12.2-Application/2018-0327-154539-SENPAI_DESKTOP-Runner-Mod Sync.log
2018-04-03 16:30:56: Deleted old log file C:/Users/Senpai/AppData/Roaming/GoodSync/_mirrors_/gdrive-Wicky_Gustave-0AGIAX4LCOy-XUk9PVA@www.googleapis.com-Good Sync-Eclips Projects-Moding Minecraft 1.12.2-Application/2018-0327-154600-SENPAI_DESKTOP-Runner-Mod Sync.log
2018-04-03 16:30:56: Deleted old log file C:/Users/Senpai/AppData/Roaming/GoodSync/_mirrors_/gdrive-Wicky_Gustave-0AGIAX4LCOy-XUk9PVA@www.googleapis.com-Good Sync-Eclips Projects-Moding Minecraft 1.12.2-Application/2018-0327-154633-SENPAI_DESKTOP-Runner-Mod Sync.log
2018-04-03 16:30:56: Deleted old log file C:/Users/Senpai/AppData/Roaming/GoodSync/_mirrors_/gdrive-Wicky_Gustave-0AGIAX4LCOy-XUk9PVA@www.googleapis.com-Good Sync-Eclips Projects-Moding Minecraft 1.12.2-Application/2018-0327-154657-SENPAI_DESKTOP-Runner-Mod Sync.log
2018-04-03 16:30:56: Deleted old log file C:/Users/Senpai/AppData/Roaming/GoodSync/_mirrors_/gdrive-Wicky_Gustave-0AGIAX4LCOy-XUk9PVA@www.googleapis.com-Good Sync-Eclips Projects-Moding Minecraft 1.12.2-Application/2018-0327-154721-SENPAI_DESKTOP-Runner-Mod Sync.log
2018-04-03 16:30:56: Deleted old log file C:/Users/Senpai/AppData/Roaming/GoodSync/_mirrors_/gdrive-Wicky_Gustave-0AGIAX4LCOy-XUk9PVA@www.googleapis.com-Good Sync-Eclips Projects-Moding Minecraft 1.12.2-Application/2018-0327-154748-SENPAI_DESKTOP-Runner-Mod Sync.log
2018-04-03 16:30:56: Deleted old log file C:/Users/Senpai/AppData/Roaming/GoodSync/_mirrors_/gdrive-Wicky_Gustave-0AGIAX4LCOy-XUk9PVA@www.googleapis.com-Good Sync-Eclips Projects-Moding Minecraft 1.12.2-Application/2018-0327-154809-SENPAI_DESKTOP-Runner-Mod Sync.log
2018-04-03 16:30:56: Deleted old log file C:/Users/Senpai/AppData/Roaming/GoodSync/_mirrors_/gdrive-Wicky_Gustave-0AGIAX4LCOy-XUk9PVA@www.googleapis.com-Good Sync-Eclips Projects-Moding Minecraft 1.12.2-Application/2018-0327-154834-SENPAI_DESKTOP-Runner-Mod Sync.log
2018-04-03 16:30:56: Deleted old log file C:/Users/Senpai/AppData/Roaming/GoodSync/_mirrors_/gdrive-Wicky_Gustave-0AGIAX4LCOy-XUk9PVA@www.googleapis.com-Good Sync-Eclips Projects-Moding Minecraft 1.12.2-Application/2018-0327-154855-SENPAI_DESKTOP-Runner-Mod Sync.log
2018-04-03 16:30:56: Deleted old log file C:/Users/Senpai/AppData/Roaming/GoodSync/_mirrors_/gdrive-Wicky_Gustave-0AGIAX4LCOy-XUk9PVA@www.googleapis.com-Good Sync-Eclips Projects-Moding Minecraft 1.12.2-Application/2018-0327-154916-SENPAI_DESKTOP-Runner-Mod Sync.log
2018-04-03 16:30:56: Deleted old log file C:/Users/Senpai/AppData/Roaming/GoodSync/_mirrors_/gdrive-Wicky_Gustave-0AGIAX4LCOy-XUk9PVA@www.googleapis.com-Good Sync-Eclips Projects-Moding Minecraft 1.12.2-Application/2018-0327-154928-SENPAI_DESKTOP-Runner-Mod Sync.log
2018-04-03 16:30:56: Deleted old log file C:/Users/Senpai/AppData/Roaming/GoodSync/_mirrors_/gdrive-Wicky_Gustave-0AGIAX4LCOy-XUk9PVA@www.googleapis.com-Good Sync-Eclips Projects-Moding Minecraft 1.12.2-Application/2018-0327-154949-SENPAI_DESKTOP-Runner-Mod Sync.log
2018-04-03 16:30:56: Deleted old log file C:/Users/Senpai/AppData/Roaming/GoodSync/_mirrors_/gdrive-Wicky_Gustave-0AGIAX4LCOy-XUk9PVA@www.googleapis.com-Good Sync-Eclips Projects-Moding Minecraft 1.12.2-Application/2018-0327-161737-SENPAI_DESKTOP-Runner-Mod Sync.log
2018-04-03 16:30:56: Deleted old log file C:/Users/Senpai/AppData/Roaming/GoodSync/_mirrors_/gdrive-Wicky_Gustave-0AGIAX4LCOy-XUk9PVA@www.googleapis.com-Good Sync-Eclips Projects-Moding Minecraft 1.12.2-Application/2018-0327-161801-SENPAI_DESKTOP-Runner-Mod Sync.log
2018-04-03 16:30:56: Deleted old log file C:/Users/Senpai/AppData/Roaming/GoodSync/_mirrors_/gdrive-Wicky_Gustave-0AGIAX4LCOy-XUk9PVA@www.googleapis.com-Good Sync-Eclips Projects-Moding Minecraft 1.12.2-Application/2018-0327-162219-SENPAI_DESKTOP-Runner-Mod Sync.log
2018-04-03 16:30:56: Deleted old log file C:/Users/Senpai/AppData/Roaming/GoodSync/_mirrors_/gdrive-Wicky_Gustave-0AGIAX4LCOy-XUk9PVA@www.googleapis.com-Good Sync-Eclips Projects-Moding Minecraft 1.12.2-Application/2018-0327-162240-SENPAI_DESKTOP-Runner-Mod Sync.log
2018-04-03 16:30:56: Deleted old log file C:/Users/Senpai/AppData/Roaming/GoodSync/_mirrors_/gdrive-Wicky_Gustave-0AGIAX4LCOy-XUk9PVA@www.googleapis.com-Good Sync-Eclips Projects-Moding Minecraft 1.12.2-Application/2018-0327-162540-SENPAI_DESKTOP-Runner-Mod Sync.log
2018-04-03 16:30:56: Deleted old log file C:/Users/Senpai/AppData/Roaming/GoodSync/_mirrors_/gdrive-Wicky_Gustave-0AGIAX4LCOy-XUk9PVA@www.googleapis.com-Good Sync-Eclips Projects-Moding Minecraft 1.12.2-Application/2018-0327-162601-SENPAI_DESKTOP-Runner-Mod Sync.log
2018-04-03 16:30:56: Cleanup old logs in gdrive://www.googleapis.com/Good Sync/Eclips Projects/Moding Minecraft 1.12.2/Application/_gsdata_
2018-04-03 16:30:57: Delete log file gdrive://www.googleapis.com/Good Sync/Eclips Projects/Moding Minecraft 1.12.2/Application/_gsdata_/2018-0327-154721-SENPAI_DESKTOP-Runner-Mod Sync.log
2018-04-03 16:30:58: Delete log file gdrive://www.googleapis.com/Good Sync/Eclips Projects/Moding Minecraft 1.12.2/Application/_gsdata_/2018-0327-161737-SENPAI_DESKTOP-Runner-Mod Sync.log
2018-04-03 16:30:59: Delete log file gdrive://www.googleapis.com/Good Sync/Eclips Projects/Moding Minecraft 1.12.2/Application/_gsdata_/2018-0327-154834-SENPAI_DESKTOP-Runner-Mod Sync.log
2018-04-03 16:31:00: Delete log file gdrive://www.googleapis.com/Good Sync/Eclips Projects/Moding Minecraft 1.12.2/Application/_gsdata_/2018-0327-154330-SENPAI_DESKTOP-Runner-Mod Sync.log
2018-04-03 16:31:00: Delete log file gdrive://www.googleapis.com/Good Sync/Eclips Projects/Moding Minecraft 1.12.2/Application/_gsdata_/2018-0327-154439-SENPAI_DESKTOP-Runner-Mod Sync.log
2018-04-03 16:31:01: Delete log file gdrive://www.googleapis.com/Good Sync/Eclips Projects/Moding Minecraft 1.12.2/Application/_gsdata_/2018-0327-153651-SENPAI_DESKTOP-Runner-Mod Sync.log
2018-04-03 16:31:01: Delete log file gdrive://www.googleapis.com/Good Sync/Eclips Projects/Moding Minecraft 1.12.2/Application/_gsdata_/2018-0327-154748-SENPAI_DESKTOP-Runner-Mod Sync.log
2018-04-03 16:31:02: Delete log file gdrive://www.googleapis.com/Good Sync/Eclips Projects/Moding Minecraft 1.12.2/Application/_gsdata_/2018-0327-154657-SENPAI_DESKTOP-Runner-Mod Sync.log
2018-04-03 16:31:03: Delete log file gdrive://www.googleapis.com/Good Sync/Eclips Projects/Moding Minecraft 1.12.2/Application/_gsdata_/2018-0327-154539-SENPAI_DESKTOP-Runner-Mod Sync.log
2018-04-03 16:31:04: Delete log file gdrive://www.googleapis.com/Good Sync/Eclips Projects/Moding Minecraft 1.12.2/Application/_gsdata_/2018-0327-154309-SENPAI_DESKTOP-Runner-Mod Sync.log
2018-04-03 16:31:05: Delete log file gdrive://www.googleapis.com/Good Sync/Eclips Projects/Moding Minecraft 1.12.2/Application/_gsdata_/2018-0327-154515-SENPAI_DESKTOP-Runner-Mod Sync.log
2018-04-03 16:31:06: Delete log file gdrive://www.googleapis.com/Good Sync/Eclips Projects/Moding Minecraft 1.12.2/Application/_gsdata_/2018-0327-154206-SENPAI_DESKTOP-Runner-Mod Sync.log
2018-04-03 16:31:07: Delete log file gdrive://www.googleapis.com/Good Sync/Eclips Projects/Moding Minecraft 1.12.2/Application/_gsdata_/2018-0327-154928-SENPAI_DESKTOP-Runner-Mod Sync.log
2018-04-03 16:31:08: Delete log file gdrive://www.googleapis.com/Good Sync/Eclips Projects/Moding Minecraft 1.12.2/Application/_gsdata_/2018-0327-154415-SENPAI_DESKTOP-Runner-Mod Sync.log
2018-04-03 16:31:09: Delete log file gdrive://www.googleapis.com/Good Sync/Eclips Projects/Moding Minecraft 1.12.2/Application/_gsdata_/2018-0327-154855-SENPAI_DESKTOP-Runner-Mod Sync.log
2018-04-03 16:31:10: Delete log file gdrive://www.googleapis.com/Good Sync/Eclips Projects/Moding Minecraft 1.12.2/Application/_gsdata_/2018-0327-162219-SENPAI_DESKTOP-Runner-Mod Sync.log
2018-04-03 16:31:10: Delete log file gdrive://www.googleapis.com/Good Sync/Eclips Projects/Moding Minecraft 1.12.2/Application/_gsdata_/2018-0327-153500-SENPAI_DESKTOP-Runner-Mod Sync.log
2018-04-03 16:31:11: Delete log file gdrive://www.googleapis.com/Good Sync/Eclips Projects/Moding Minecraft 1.12.2/Application/_gsdata_/2018-0327-162540-SENPAI_DESKTOP-Runner-Mod Sync.log
2018-04-03 16:31:12: Delete log file gdrive://www.googleapis.com/Good Sync/Eclips Projects/Moding Minecraft 1.12.2/Application/_gsdata_/2018-0327-154633-SENPAI_DESKTOP-Runner-Mod Sync.log
2018-04-03 16:31:12: == Sync Complete. Time: 00:00:30, Speed: 554 bytes/s, OK: 1, Errors: 0
2018-04-03 16:31:12: Unlocking folder S:/Documents/MinecraftModding/xcraftmod/src/_gsdata_/lock.gsl
2018-04-03 16:31:12: Unlocking folder gdrive://www.googleapis.com/Good Sync/Eclips Projects/Moding Minecraft 1.12.2/Application/_gsdata_/lock.gsl
2018-04-03 16:31:13: 
