2018-04-03 23:56:29: Connected to S:\Documents\MinecraftModding\xcraftmod\src: S: NTFS: type=NTFS vol=Data Storage flags=3E706FF
2018-04-03 23:56:29: Connected to gdrive://www.googleapis.com/Good Sync/Eclips Projects/Moding Minecraft 1.12.2/Application
2018-04-03 23:56:29: Incremental Analyze for On File Change
2018-04-03 23:56:30: -- Analysis Started by On File Change, After Delay, Under Runner
2018-04-03 23:56:30: Mod Sync: ANALYSIS started by On File Change, After Delay, Under Runner on 'SENPAI_DESKTOP' (GoodSync 10.8.1.1)
2018-04-03 23:56:30: =Data Storage:\Documents\MinecraftModding\xcraftmod\src (S:/Documents/MinecraftModding/xcraftmod/src) [TmpDest] <-> gdrive://www.googleapis.com/Good Sync/Eclips Projects/Moding Minecraft 1.12.2/Application [DirDest], RecycleTo_RecycleBin, SaveDays_RecycleBin=30d, ReconnectSecs=120, SyncWorkerThreads=99, OnFileChange Delay=5, Unattended, WaitForLocksMin=20, ResolveConflicts=NewerFileWins, AutoClear, LinksIgnore
2018-04-03 23:56:30: Exclude Hidden, Exclude System, Exclude name *._gstmp|/System Volume Information|Thumbs.db|.DS_Store 
2018-04-03 23:56:30: Locking folder S:/Documents/MinecraftModding/xcraftmod/src for write
2018-04-03 23:56:30: Change Analyzed: S:/Documents/MinecraftModding/xcraftmod/src/main/java/com/senpai/blocks/BlockDirts.java
2018-04-03 23:56:30: Change Analyzed: S:/Documents/MinecraftModding/xcraftmod/src/main/java/com/senpai/blocks/BlockDirts.java
2018-04-03 23:56:30: Change Analyzed: S:/Documents/MinecraftModding/xcraftmod/src/main/java/com/senpai/blocks/BlockLeaf.java
2018-04-03 23:56:30: Change Analyzed: S:/Documents/MinecraftModding/xcraftmod/src/main/java/com/senpai/blocks/BlockLeaf.java
2018-04-03 23:56:30: Change Analyzed: S:/Documents/MinecraftModding/xcraftmod/src/main/java/com/senpai/blocks/BlockLogs.java
2018-04-03 23:56:30: Change Analyzed: S:/Documents/MinecraftModding/xcraftmod/src/main/java/com/senpai/blocks/BlockLogs.java
2018-04-03 23:56:30: Change Analyzed: S:/Documents/MinecraftModding/xcraftmod/src/main/java/com/senpai/blocks/BlockOres.java
2018-04-03 23:56:30: Change Analyzed: S:/Documents/MinecraftModding/xcraftmod/src/main/java/com/senpai/blocks/BlockOres.java
2018-04-03 23:56:30: Change Analyzed: S:/Documents/MinecraftModding/xcraftmod/src/main/java/com/senpai/blocks/BlockPlank.java
2018-04-03 23:56:30: Change Analyzed: S:/Documents/MinecraftModding/xcraftmod/src/main/java/com/senpai/blocks/BlockPlank.java
2018-04-03 23:56:30: Change Analyzed: S:/Documents/MinecraftModding/xcraftmod/src/main/java/com/senpai/blocks/BlockSaplings.java
2018-04-03 23:56:30: Change Analyzed: S:/Documents/MinecraftModding/xcraftmod/src/main/java/com/senpai/blocks/BlockSaplings.java
2018-04-03 23:56:30: Change Analyzed: S:/Documents/MinecraftModding/xcraftmod/src/main/java/com/senpai/objects/blocks/item/ItemBlockMeta.java
2018-04-03 23:56:30: Change Analyzed: S:/Documents/MinecraftModding/xcraftmod/src/main/java/com/senpai/items/ItemBlockMeta.java
2018-04-03 23:56:30: Change Analyzed: S:/Documents/MinecraftModding/xcraftmod/src/main/java/com/senpai/items/ItemBlockMeta.java
2018-04-03 23:56:30: Change Analyzed: S:/Documents/MinecraftModding/xcraftmod/src/main/java/com/senpai/items/ItemBlockMeta.java
2018-04-03 23:56:30: Change Analyzed: S:/Documents/MinecraftModding/xcraftmod/src/main/java/com/senpai/objects/blocks/item/ItemBlockVariants.java
2018-04-03 23:56:30: Change Analyzed: S:/Documents/MinecraftModding/xcraftmod/src/main/java/com/senpai/items/ItemBlockVariants.java
2018-04-03 23:56:30: Change Analyzed: S:/Documents/MinecraftModding/xcraftmod/src/main/java/com/senpai/items/ItemBlockVariants.java
2018-04-03 23:56:30: Change Analyzed: S:/Documents/MinecraftModding/xcraftmod/src/main/java/com/senpai/items/ItemBlockVariants.java
2018-04-03 23:56:30: Change Analyzed: S:/Documents/MinecraftModding/xcraftmod/src/main/java/com/senpai/blocks/BlockLeaf.java
2018-04-03 23:56:30: Change Analyzed: S:/Documents/MinecraftModding/xcraftmod/src/main/java/com/senpai/blocks/BlockSaplings.java
2018-04-03 23:56:30: Change Analyzed: S:/Documents/MinecraftModding/xcraftmod/src/main/java/com/senpai/objects/blocks/item
2018-04-03 23:56:30: Locking folder gdrive://www.googleapis.com/Good Sync/Eclips Projects/Moding Minecraft 1.12.2/Application for write
2018-04-03 23:56:31: Change Analyzed: gdrive://www.googleapis.com/Good Sync/Eclips Projects/Moding Minecraft 1.12.2/Application/main/java/com/senpai/objects/blocks/item/ItemBlockMeta.java
2018-04-03 23:56:31: Change Analyzed: gdrive://www.googleapis.com/Good Sync/Eclips Projects/Moding Minecraft 1.12.2/Application/main/java/com/senpai/objects/blocks/item/ItemBlockMeta.java
2018-04-03 23:56:31: Change Analyzed: gdrive://www.googleapis.com/Good Sync/Eclips Projects/Moding Minecraft 1.12.2/Application/main/java/com/senpai/items/ItemBlockDoor.java
2018-04-03 23:56:32: Change Analyzed: gdrive://www.googleapis.com/Good Sync/Eclips Projects/Moding Minecraft 1.12.2/Application/main/java/com/senpai/items/ItemBlockDoor.java
2018-04-03 23:56:32: Change Analyzed: gdrive://www.googleapis.com/Good Sync/Eclips Projects/Moding Minecraft 1.12.2/Application/main/java/com/senpai/objects/blocks/item/ItemBlockDoor.java
2018-04-03 23:56:32: On disk file:///S: space required for sync is 0 bytes, you have 1.25 TB
2018-04-03 23:56:32: On disk gdrive://www.googleapis.com space required for sync is 31.0 KB, you have 12.4 GB
2018-04-03 23:56:32: Changes: 11, Conflicts: 0, CopyTime: 0, FixState: 0, Errors: 0, All: 22146
2018-04-03 23:56:32: Left to Right: Copy File: 8 Delete File: 3 
2018-04-03 23:56:32: -- Analysis Complete. Time 00:00:04, Speed: 107 files/s
2018-04-03 23:56:32: == Sync Started by On File Change, After Delay, Under Runner
2018-04-03 23:56:32: Mod Sync: SYNC started by On File Change, After Delay, Under Runner on 'SENPAI_DESKTOP'
2018-04-03 23:56:32: =Data Storage:\Documents\MinecraftModding\xcraftmod\src (S:/Documents/MinecraftModding/xcraftmod/src) [TmpDest] <-> gdrive://www.googleapis.com/Good Sync/Eclips Projects/Moding Minecraft 1.12.2/Application [DirDest], RecycleTo_RecycleBin, SaveDays_RecycleBin=30d, ReconnectSecs=120, SyncWorkerThreads=99, OnFileChange Delay=5, Unattended, WaitForLocksMin=20, ResolveConflicts=NewerFileWins, AutoClear, LinksIgnore
2018-04-03 23:56:34: Load Recycled DB: gdrive://www.googleapis.com/Good Sync/Eclips Projects/Moding Minecraft 1.12.2/Application/_gsdata_/_recycled_db._gs
2018-04-03 23:56:34: Delete File 'gdrive://www.googleapis.com/Good Sync/Eclips Projects/Moding Minecraft 1.12.2/Application/main/java/com/senpai/objects/blocks/item/ItemBlockMeta.java'
2018-04-03 23:56:35: Delete File 'gdrive://www.googleapis.com/Good Sync/Eclips Projects/Moding Minecraft 1.12.2/Application/main/java/com/senpai/objects/blocks/item/ItemBlockVariants.java'
2018-04-03 23:56:36: Delete Folder 'gdrive://www.googleapis.com/Good Sync/Eclips Projects/Moding Minecraft 1.12.2/Application/main/java/com/senpai/objects/blocks/item'
2018-04-03 23:56:36: File Systems limited number of parallel threads to 20
2018-04-03 23:56:36: Start only 8 threads, limited by tasks to run
2018-04-03 23:56:39: Change detected [1]: t=MovedFrom path=/main/java/com/senpai/blocks/BlockLeaf.java
2018-04-03 23:56:39: Change detected [1]: t=Created path=/main/java/com/senpai/blocks/BlockDirts.java
2018-04-03 23:56:39: Change detected [1]: t=MovedFrom path=/main/java/com/senpai/blocks/BlockDirts.java
2018-04-03 23:56:39: Change detected [1]: t=Deleted path=/main/java/com/senpai/objects/blocks/item
2018-04-03 23:56:39: Change detected [1]: t=MovedFrom path=/main/java/com/senpai/objects/blocks/item/ItemBlockVariants.java
2018-04-03 23:56:39: Change detected [1]: t=MovedFrom path=/main/java/com/senpai/objects/blocks/item/ItemBlockMeta.java
2018-04-03 23:56:40: Copy Over 'S:/Documents/MinecraftModding/xcraftmod/src/main/java/com/senpai/blocks/BlockDirts.java' -> 'gdrive://www.googleapis.com/Good Sync/Eclips Projects/Moding Minecraft 1.12.2/Application/main/java/com/senpai/blocks/BlockDirts.java' (3582)
2018-04-03 23:56:41: Copy Over 'S:/Documents/MinecraftModding/xcraftmod/src/main/java/com/senpai/blocks/BlockLeaf.java' -> 'gdrive://www.googleapis.com/Good Sync/Eclips Projects/Moding Minecraft 1.12.2/Application/main/java/com/senpai/blocks/BlockLeaf.java' (4488)
2018-04-03 23:56:48: Copy New 'S:/Documents/MinecraftModding/xcraftmod/src/main/java/com/senpai/items/ItemBlockMeta.java' -> 'gdrive://www.googleapis.com/Good Sync/Eclips Projects/Moding Minecraft 1.12.2/Application/main/java/com/senpai/items/ItemBlockMeta.java' (1217)
2018-04-03 23:56:48: Copy Over 'S:/Documents/MinecraftModding/xcraftmod/src/main/java/com/senpai/blocks/BlockPlank.java' -> 'gdrive://www.googleapis.com/Good Sync/Eclips Projects/Moding Minecraft 1.12.2/Application/main/java/com/senpai/blocks/BlockPlank.java' (3283)
2018-04-03 23:56:49: Copy Over 'S:/Documents/MinecraftModding/xcraftmod/src/main/java/com/senpai/blocks/BlockLogs.java' -> 'gdrive://www.googleapis.com/Good Sync/Eclips Projects/Moding Minecraft 1.12.2/Application/main/java/com/senpai/blocks/BlockLogs.java' (3905)
2018-04-03 23:56:49: Copy Over 'S:/Documents/MinecraftModding/xcraftmod/src/main/java/com/senpai/blocks/BlockSaplings.java' -> 'gdrive://www.googleapis.com/Good Sync/Eclips Projects/Moding Minecraft 1.12.2/Application/main/java/com/senpai/blocks/BlockSaplings.java' (6863)
2018-04-03 23:56:49: Copy Over 'S:/Documents/MinecraftModding/xcraftmod/src/main/java/com/senpai/blocks/BlockOres.java' -> 'gdrive://www.googleapis.com/Good Sync/Eclips Projects/Moding Minecraft 1.12.2/Application/main/java/com/senpai/blocks/BlockOres.java' (3247)
2018-04-03 23:56:50: Change detected [1]: t=Modified path=/main/java/com/senpai/blocks/BlockOres.java
2018-04-03 23:56:50: Change detected [1]: t=Modified path=/main/java/com/senpai/blocks/BlockSaplings.java
2018-04-03 23:56:50: Change detected [1]: t=Created path=/main/java/com/senpai/items/ItemBlockVariants.java
2018-04-03 23:56:50: Change detected [1]: t=Modified path=/main/java/com/senpai/blocks/BlockLogs.java
2018-04-03 23:56:50: Change detected [1]: t=Modified path=/main/java/com/senpai/blocks/BlockPlank.java
2018-04-03 23:56:50: Change detected [1]: t=Created path=/main/java/com/senpai/blocks/BlockSaplings.java
2018-04-03 23:56:50: Change detected [1]: t=Created path=/main/java/com/senpai/blocks/BlockLogs.java
2018-04-03 23:56:50: Change detected [1]: t=Created path=/main/java/com/senpai/blocks/BlockPlank.java
2018-04-03 23:56:50: Change detected [1]: t=Modified path=/main/java/com/senpai/items/ItemBlockMeta.java
2018-04-03 23:56:51: Change detected [1]: t=Created path=/main/java/com/senpai/blocks/BlockOres.java
2018-04-03 23:56:51: Change detected [1]: t=MovedFrom path=/main/java/com/senpai/blocks/BlockSaplings.java
2018-04-03 23:56:51: Change detected [1]: t=Created path=/main/java/com/senpai/items/ItemBlockMeta.java
2018-04-03 23:56:51: Change detected [1]: t=MovedFrom path=/main/java/com/senpai/blocks/BlockPlank.java
2018-04-03 23:56:51: Change detected [1]: t=Modified path=/main/java/com/senpai/blocks/BlockLeaf.java
2018-04-03 23:56:51: Change detected [1]: t=MovedFrom path=/main/java/com/senpai/blocks/BlockOres.java
2018-04-03 23:56:51: Change detected [1]: t=Created path=/main/java/com/senpai/blocks/BlockLeaf.java
2018-04-03 23:56:51: Change detected [1]: t=Modified path=/main/java/com/senpai/blocks/BlockDirts.java
2018-04-03 23:56:51: Change detected [1]: t=MovedFrom path=/main/java/com/senpai/blocks/BlockLogs.java
2018-04-03 23:56:52: Copy New 'S:/Documents/MinecraftModding/xcraftmod/src/main/java/com/senpai/items/ItemBlockVariants.java' -> 'gdrive://www.googleapis.com/Good Sync/Eclips Projects/Moding Minecraft 1.12.2/Application/main/java/com/senpai/items/ItemBlockVariants.java' (599)
2018-04-03 23:56:53: Save State File S:/Documents/MinecraftModding/xcraftmod/src/_gsdata_/_file_state_v4._gs
2018-04-03 23:56:54: Save State File gdrive://www.googleapis.com/Good Sync/Eclips Projects/Moding Minecraft 1.12.2/Application/_gsdata_/_file_state_v4._gs
2018-04-03 23:56:54: Cleanup recycled files in S:/Documents/MinecraftModding/xcraftmod/src/_gsdata_/_saved_
2018-04-03 23:56:54: Load Recycled DB: S:/Documents/MinecraftModding/xcraftmod/src/_gsdata_/_recycled_db._gs
2018-04-03 23:56:54: Cleanup old logs in S:/Documents/MinecraftModding/xcraftmod/src/_gsdata_
2018-04-03 23:56:54: Cleanup recycled files in gdrive://www.googleapis.com/Good Sync/Eclips Projects/Moding Minecraft 1.12.2/Application/_gsdata_/_saved_
2018-04-03 23:56:55: Save Recycled DB: gdrive://www.googleapis.com/Good Sync/Eclips Projects/Moding Minecraft 1.12.2/Application/_gsdata_/_recycled_db._gs
2018-04-03 23:56:55: Cleanup old logs in gdrive://www.googleapis.com/Good Sync/Eclips Projects/Moding Minecraft 1.12.2/Application/_gsdata_
2018-04-03 23:56:55: == Sync Complete. Time: 00:00:23, Speed: 4.11 KB/s, OK: 11, Errors: 0
2018-04-03 23:56:55: Unlocking folder S:/Documents/MinecraftModding/xcraftmod/src/_gsdata_/lock.gsl
2018-04-03 23:56:55: Unlocking folder gdrive://www.googleapis.com/Good Sync/Eclips Projects/Moding Minecraft 1.12.2/Application/_gsdata_/lock.gsl
2018-04-03 23:56:56: 
