2018-04-03 02:27:50: Connected to S:\Documents\MinecraftModding\xcraftmod\src: S: NTFS: type=NTFS vol=Data Storage flags=3E706FF
2018-04-03 02:27:51: Connected to gdrive://www.googleapis.com/Good Sync/Eclips Projects/Moding Minecraft 1.12.2/Application
2018-04-03 02:27:55: First Full Analyze for On File Change
2018-04-03 02:27:55: -- Analysis Started by On File Change First Full Analyze Upon Folder Connect, Under Runner
2018-04-03 02:27:55: Mod Sync: ANALYSIS started by On File Change First Full Analyze Upon Folder Connect, Under Runner on 'SENPAI_DESKTOP' (GoodSync 10.8.1.1)
2018-04-03 02:27:55: =Data Storage:\Documents\MinecraftModding\xcraftmod\src (S:/Documents/MinecraftModding/xcraftmod/src) [TmpDest] <-> gdrive://www.googleapis.com/Good Sync/Eclips Projects/Moding Minecraft 1.12.2/Application [DirDest], RecycleTo_RecycleBin, SaveDays_RecycleBin=30d, ReconnectSecs=120, SyncWorkerThreads=99, OnFileChange Delay=5, Unattended, WaitForLocksMin=20, ResolveConflicts=NewerFileWins, AutoClear, LinksIgnore
2018-04-03 02:27:55: Exclude Hidden, Exclude System, Exclude name *._gstmp|/System Volume Information|Thumbs.db|.DS_Store 
2018-04-03 02:27:55: Locking folder S:/Documents/MinecraftModding/xcraftmod/src for write
2018-04-03 02:27:55: L: Reading State File S:/Documents/MinecraftModding/xcraftmod/src/_gsdata_/_file_state_v4._gs
2018-04-03 02:27:56: L: Files: 329 (excluded 0). Folders: 58 (excluded 1). Times (s): Folder Scan: 0.239 (1623 f/s), Compare: 0.017 S: NTFS Free: 1.25 TB, Total: 1.81 TB
2018-04-03 02:27:56: Locking folder gdrive://www.googleapis.com/Good Sync/Eclips Projects/Moding Minecraft 1.12.2/Application for write
2018-04-03 02:27:57: R: Reading State File gdrive://www.googleapis.com/Good Sync/Eclips Projects/Moding Minecraft 1.12.2/Application/_gsdata_/_file_state_v4._gs
2018-04-03 02:28:05: R: Files: 329 (excluded 0). Folders: 58 (excluded 1). Times (s): Folder Scan: 9.395 (41 f/s), Compare: 0.015 Wicky_Gustave-0AGIAX4LCOy-XUk9PVA Free: 12.4 GB, Total: 15.0 GB
2018-04-03 02:28:06: On disk file:///S: space required for sync is 0 bytes, you have 1.25 TB
2018-04-03 02:28:06: On disk gdrive://www.googleapis.com space required for sync is 17.0 KB, you have 12.4 GB
2018-04-03 02:28:06: Changes: 1, Conflicts: 0, CopyTime: 0, FixState: 0, Errors: 0, All: 22066
2018-04-03 02:28:06: Left to Right: Copy File: 1 
2018-04-03 02:28:06: -- Analysis Complete. Time 00:00:17, Speed: 22 files/s
2018-04-03 02:28:06: == Sync Started by On File Change First Full Analyze Upon Folder Connect, Under Runner
2018-04-03 02:28:06: Mod Sync: SYNC started by On File Change First Full Analyze Upon Folder Connect, Under Runner on 'SENPAI_DESKTOP'
2018-04-03 02:28:06: =Data Storage:\Documents\MinecraftModding\xcraftmod\src (S:/Documents/MinecraftModding/xcraftmod/src) [TmpDest] <-> gdrive://www.googleapis.com/Good Sync/Eclips Projects/Moding Minecraft 1.12.2/Application [DirDest], RecycleTo_RecycleBin, SaveDays_RecycleBin=30d, ReconnectSecs=120, SyncWorkerThreads=99, OnFileChange Delay=5, Unattended, WaitForLocksMin=20, ResolveConflicts=NewerFileWins, AutoClear, LinksIgnore
2018-04-03 02:28:06: File Systems limited number of parallel threads to 20
2018-04-03 02:28:06: Start only 1 threads, limited by tasks to run
2018-04-03 02:28:08: Load Recycled DB: gdrive://www.googleapis.com/Good Sync/Eclips Projects/Moding Minecraft 1.12.2/Application/_gsdata_/_recycled_db._gs
2018-04-03 02:28:11: Copy Over 'S:/Documents/MinecraftModding/xcraftmod/src/main/java/com/senpai/advancements/PlayerAdvancements.java' -> 'gdrive://www.googleapis.com/Good Sync/Eclips Projects/Moding Minecraft 1.12.2/Application/main/java/com/senpai/advancements/PlayerAdvancements.java' (16666)
2018-04-03 02:28:11: Save State File S:/Documents/MinecraftModding/xcraftmod/src/_gsdata_/_file_state_v4._gs
2018-04-03 02:28:13: Save State File gdrive://www.googleapis.com/Good Sync/Eclips Projects/Moding Minecraft 1.12.2/Application/_gsdata_/_file_state_v4._gs
2018-04-03 02:28:13: Cleanup recycled files in S:/Documents/MinecraftModding/xcraftmod/src/_gsdata_/_saved_
2018-04-03 02:28:13: Load Recycled DB: S:/Documents/MinecraftModding/xcraftmod/src/_gsdata_/_recycled_db._gs
2018-04-03 02:28:13: Deleted old log file C:/Users/Senpai/AppData/Roaming/GoodSync/_mirrors_/file-=Data Storage-Documents-MinecraftModding-xcraftmod-src/2018-0327-022737-SENPAI_DESKTOP-Runner-Mod Sync.log
2018-04-03 02:28:13: Deleted old log file C:/Users/Senpai/AppData/Roaming/GoodSync/_mirrors_/file-=Data Storage-Documents-MinecraftModding-xcraftmod-src/2018-0327-022752-SENPAI_DESKTOP-Runner-Mod Sync.log
2018-04-03 02:28:13: Cleanup old logs in S:/Documents/MinecraftModding/xcraftmod/src/_gsdata_
2018-04-03 02:28:13: Delete log file S:/Documents/MinecraftModding/xcraftmod/src/_gsdata_/2018-0327-022752-SENPAI_DESKTOP-Runner-Mod Sync.log
2018-04-03 02:28:13: Cleanup recycled files in gdrive://www.googleapis.com/Good Sync/Eclips Projects/Moding Minecraft 1.12.2/Application/_gsdata_/_saved_
2018-04-03 02:28:14: Save Recycled DB: gdrive://www.googleapis.com/Good Sync/Eclips Projects/Moding Minecraft 1.12.2/Application/_gsdata_/_recycled_db._gs
2018-04-03 02:28:14: Deleted old log file C:/Users/Senpai/AppData/Roaming/GoodSync/_mirrors_/gdrive-Wicky_Gustave-0AGIAX4LCOy-XUk9PVA@www.googleapis.com-Good Sync-Eclips Projects-Moding Minecraft 1.12.2-Application/2018-0327-022737-SENPAI_DESKTOP-Runner-Mod Sync.log
2018-04-03 02:28:14: Deleted old log file C:/Users/Senpai/AppData/Roaming/GoodSync/_mirrors_/gdrive-Wicky_Gustave-0AGIAX4LCOy-XUk9PVA@www.googleapis.com-Good Sync-Eclips Projects-Moding Minecraft 1.12.2-Application/2018-0327-022752-SENPAI_DESKTOP-Runner-Mod Sync.log
2018-04-03 02:28:14: Cleanup old logs in gdrive://www.googleapis.com/Good Sync/Eclips Projects/Moding Minecraft 1.12.2/Application/_gsdata_
2018-04-03 02:28:15: Delete log file gdrive://www.googleapis.com/Good Sync/Eclips Projects/Moding Minecraft 1.12.2/Application/_gsdata_/2018-0327-022752-SENPAI_DESKTOP-Runner-Mod Sync.log
2018-04-03 02:28:15: == Sync Complete. Time: 00:00:09, Speed: 3.61 KB/s, OK: 1, Errors: 0
2018-04-03 02:28:15: Unlocking folder S:/Documents/MinecraftModding/xcraftmod/src/_gsdata_/lock.gsl
2018-04-03 02:28:15: Unlocking folder gdrive://www.googleapis.com/Good Sync/Eclips Projects/Moding Minecraft 1.12.2/Application/_gsdata_/lock.gsl
2018-04-03 02:28:16: 
