2018-04-04 00:44:42: Change detected [0]: t=Deleted path=/main/java/armour/copy
2018-04-04 00:44:42: Change detected [0]: t=Modified path=/main/java/armour
2018-04-04 00:44:42: Change detected [0]: t=Deleted path=/main/java/armour
2018-04-04 00:44:42: Connected to S:\Documents\MinecraftModding\xcraftmod\src: S: NTFS: type=NTFS vol=Data Storage flags=3E706FF
2018-04-04 00:44:42: Connected to gdrive://www.googleapis.com/Good Sync/Eclips Projects/Moding Minecraft 1.12.2/Application
2018-04-04 00:44:43: Incremental Analyze for On File Change
2018-04-04 00:44:43: -- Analysis Started by On File Change, After Delay, Under Runner
2018-04-04 00:44:43: Mod Sync: ANALYSIS started by On File Change, After Delay, Under Runner on 'SENPAI_DESKTOP' (GoodSync 10.8.1.1)
2018-04-04 00:44:43: =Data Storage:\Documents\MinecraftModding\xcraftmod\src (S:/Documents/MinecraftModding/xcraftmod/src) [TmpDest] <-> gdrive://www.googleapis.com/Good Sync/Eclips Projects/Moding Minecraft 1.12.2/Application [DirDest], RecycleTo_RecycleBin, SaveDays_RecycleBin=30d, ReconnectSecs=120, SyncWorkerThreads=99, OnFileChange Delay=5, Unattended, WaitForLocksMin=20, ResolveConflicts=NewerFileWins, AutoClear, LinksIgnore
2018-04-04 00:44:43: Exclude Hidden, Exclude System, Exclude name *._gstmp|/System Volume Information|Thumbs.db|.DS_Store 
2018-04-04 00:44:43: Locking folder S:/Documents/MinecraftModding/xcraftmod/src for write
2018-04-04 00:44:43: Change Analyzed: S:/Documents/MinecraftModding/xcraftmod/src/main/java/armour/copy
2018-04-04 00:44:43: Change Analyzed: S:/Documents/MinecraftModding/xcraftmod/src/main/java/armour/copy
2018-04-04 00:44:43: Change Analyzed: S:/Documents/MinecraftModding/xcraftmod/src/main/java/armour
2018-04-04 00:44:43: Change Analyzed: S:/Documents/MinecraftModding/xcraftmod/src/main/java/armour
2018-04-04 00:44:43: Locking folder gdrive://www.googleapis.com/Good Sync/Eclips Projects/Moding Minecraft 1.12.2/Application for write
2018-04-04 00:44:44: Change Analyzed: gdrive://www.googleapis.com/Good Sync/Eclips Projects/Moding Minecraft 1.12.2/Application/main/java/armour
2018-04-04 00:44:45: On disk file:///S: space required for sync is 0 bytes, you have 1.25 TB
2018-04-04 00:44:45: On disk gdrive://www.googleapis.com space required for sync is 0 bytes, you have 12.4 GB
2018-04-04 00:44:45: Changes: 1, Conflicts: 0, CopyTime: 0, FixState: 0, Errors: 0, All: 22179
2018-04-04 00:44:45: Left to Right: Delete File: 1 
2018-04-04 00:44:45: -- Analysis Complete. Time 00:00:04, Speed: 105 files/s
2018-04-04 00:44:45: == Sync Started by On File Change, After Delay, Under Runner
2018-04-04 00:44:45: Mod Sync: SYNC started by On File Change, After Delay, Under Runner on 'SENPAI_DESKTOP'
2018-04-04 00:44:45: =Data Storage:\Documents\MinecraftModding\xcraftmod\src (S:/Documents/MinecraftModding/xcraftmod/src) [TmpDest] <-> gdrive://www.googleapis.com/Good Sync/Eclips Projects/Moding Minecraft 1.12.2/Application [DirDest], RecycleTo_RecycleBin, SaveDays_RecycleBin=30d, ReconnectSecs=120, SyncWorkerThreads=99, OnFileChange Delay=5, Unattended, WaitForLocksMin=20, ResolveConflicts=NewerFileWins, AutoClear, LinksIgnore
2018-04-04 00:44:46: Delete Folder 'gdrive://www.googleapis.com/Good Sync/Eclips Projects/Moding Minecraft 1.12.2/Application/main/java/armour'
2018-04-04 00:44:46: File Systems limited number of parallel threads to 20
2018-04-04 00:44:46: Start only 0 threads, limited by tasks to run
2018-04-04 00:44:47: Save State File S:/Documents/MinecraftModding/xcraftmod/src/_gsdata_/_file_state_v4._gs
2018-04-04 00:44:48: Save State File gdrive://www.googleapis.com/Good Sync/Eclips Projects/Moding Minecraft 1.12.2/Application/_gsdata_/_file_state_v4._gs
2018-04-04 00:44:48: Cleanup recycled files in S:/Documents/MinecraftModding/xcraftmod/src/_gsdata_/_saved_
2018-04-04 00:44:48: Load Recycled DB: S:/Documents/MinecraftModding/xcraftmod/src/_gsdata_/_recycled_db._gs
2018-04-04 00:44:48: Cleanup old logs in S:/Documents/MinecraftModding/xcraftmod/src/_gsdata_
2018-04-04 00:44:48: Cleanup recycled files in gdrive://www.googleapis.com/Good Sync/Eclips Projects/Moding Minecraft 1.12.2/Application/_gsdata_/_saved_
2018-04-04 00:44:49: Load Recycled DB: gdrive://www.googleapis.com/Good Sync/Eclips Projects/Moding Minecraft 1.12.2/Application/_gsdata_/_recycled_db._gs
2018-04-04 00:44:49: Cleanup old logs in gdrive://www.googleapis.com/Good Sync/Eclips Projects/Moding Minecraft 1.12.2/Application/_gsdata_
2018-04-04 00:44:49: == Sync Complete. Time: 00:00:04, Speed: 0 bytes/s, OK: 1, Errors: 0
2018-04-04 00:44:49: Unlocking folder S:/Documents/MinecraftModding/xcraftmod/src/_gsdata_/lock.gsl
2018-04-04 00:44:49: Unlocking folder gdrive://www.googleapis.com/Good Sync/Eclips Projects/Moding Minecraft 1.12.2/Application/_gsdata_/lock.gsl
2018-04-04 00:44:50: 
