2018-04-04 16:09:41: Connected to S:\Documents\MinecraftModding\xcraftmod\src: S: NTFS: type=NTFS vol=Data Storage flags=3E706FF
2018-04-04 16:09:41: Connected to gdrive://www.googleapis.com/Good Sync/Eclips Projects/Moding Minecraft 1.12.2/Application
2018-04-04 16:09:41: Incremental Analyze for On File Change
2018-04-04 16:09:42: -- Analysis Started by On File Change, After Delay, Under Runner
2018-04-04 16:09:42: Mod Sync: ANALYSIS started by On File Change, After Delay, Under Runner on 'SENPAI_DESKTOP' (GoodSync 10.8.1.1)
2018-04-04 16:09:42: =Data Storage:\Documents\MinecraftModding\xcraftmod\src (S:/Documents/MinecraftModding/xcraftmod/src) [TmpDest] <-> gdrive://www.googleapis.com/Good Sync/Eclips Projects/Moding Minecraft 1.12.2/Application [DirDest], RecycleTo_RecycleBin, SaveDays_RecycleBin=30d, ReconnectSecs=120, SyncWorkerThreads=99, OnFileChange Delay=5, Unattended, WaitForLocksMin=20, ResolveConflicts=NewerFileWins, AutoClear, LinksIgnore
2018-04-04 16:09:42: Exclude Hidden, Exclude System, Exclude name *._gstmp|/System Volume Information|Thumbs.db|.DS_Store 
2018-04-04 16:09:42: Locking folder S:/Documents/MinecraftModding/xcraftmod/src for write
2018-04-04 16:09:42: Change Analyzed: S:/Documents/MinecraftModding/xcraftmod/src/main/resources/assets/sxm/textures/blocks/log_tin.png
2018-04-04 16:09:42: Change Analyzed: S:/Documents/MinecraftModding/xcraftmod/src/main/resources/assets/sxm/textures/blocks/log_tin.png
2018-04-04 16:09:42: Change Analyzed: S:/Documents/MinecraftModding/xcraftmod/src/main/resources/assets/sxm/textures/blocks/log_tin.png
2018-04-04 16:09:42: Locking folder gdrive://www.googleapis.com/Good Sync/Eclips Projects/Moding Minecraft 1.12.2/Application for write
2018-04-04 16:09:44: On disk file:///S: space required for sync is 0 bytes, you have 1.25 TB
2018-04-04 16:09:44: On disk gdrive://www.googleapis.com space required for sync is 1.00 KB, you have 12.4 GB
2018-04-04 16:09:44: Changes: 1, Conflicts: 0, CopyTime: 0, FixState: 0, Errors: 0, All: 22423
2018-04-04 16:09:44: Left to Right: Copy File: 1 
2018-04-04 16:09:44: -- Analysis Complete. Time 00:00:04, Speed: 140 files/s
2018-04-04 16:09:44: == Sync Started by On File Change, After Delay, Under Runner
2018-04-04 16:09:44: Mod Sync: SYNC started by On File Change, After Delay, Under Runner on 'SENPAI_DESKTOP'
2018-04-04 16:09:44: =Data Storage:\Documents\MinecraftModding\xcraftmod\src (S:/Documents/MinecraftModding/xcraftmod/src) [TmpDest] <-> gdrive://www.googleapis.com/Good Sync/Eclips Projects/Moding Minecraft 1.12.2/Application [DirDest], RecycleTo_RecycleBin, SaveDays_RecycleBin=30d, ReconnectSecs=120, SyncWorkerThreads=99, OnFileChange Delay=5, Unattended, WaitForLocksMin=20, ResolveConflicts=NewerFileWins, AutoClear, LinksIgnore
2018-04-04 16:09:44: File Systems limited number of parallel threads to 20
2018-04-04 16:09:44: Start only 1 threads, limited by tasks to run
2018-04-04 16:09:46: Copy New 'S:/Documents/MinecraftModding/xcraftmod/src/main/resources/assets/sxm/textures/blocks/log_tin.png' -> 'gdrive://www.googleapis.com/Good Sync/Eclips Projects/Moding Minecraft 1.12.2/Application/main/resources/assets/sxm/textures/blocks/log_tin.png' (247)
2018-04-04 16:09:47: Save State File S:/Documents/MinecraftModding/xcraftmod/src/_gsdata_/_file_state_v4._gs
2018-04-04 16:09:48: Save State File gdrive://www.googleapis.com/Good Sync/Eclips Projects/Moding Minecraft 1.12.2/Application/_gsdata_/_file_state_v4._gs
2018-04-04 16:09:48: Cleanup recycled files in S:/Documents/MinecraftModding/xcraftmod/src/_gsdata_/_saved_
2018-04-04 16:09:48: Load Recycled DB: S:/Documents/MinecraftModding/xcraftmod/src/_gsdata_/_recycled_db._gs
2018-04-04 16:09:48: Cleanup old logs in S:/Documents/MinecraftModding/xcraftmod/src/_gsdata_
2018-04-04 16:09:48: Cleanup recycled files in gdrive://www.googleapis.com/Good Sync/Eclips Projects/Moding Minecraft 1.12.2/Application/_gsdata_/_saved_
2018-04-04 16:09:49: Load Recycled DB: gdrive://www.googleapis.com/Good Sync/Eclips Projects/Moding Minecraft 1.12.2/Application/_gsdata_/_recycled_db._gs
2018-04-04 16:09:49: Cleanup old logs in gdrive://www.googleapis.com/Good Sync/Eclips Projects/Moding Minecraft 1.12.2/Application/_gsdata_
2018-04-04 16:09:49: == Sync Complete. Time: 00:00:05, Speed: 1022 bytes/s, OK: 1, Errors: 0
2018-04-04 16:09:49: Unlocking folder S:/Documents/MinecraftModding/xcraftmod/src/_gsdata_/lock.gsl
2018-04-04 16:09:49: Unlocking folder gdrive://www.googleapis.com/Good Sync/Eclips Projects/Moding Minecraft 1.12.2/Application/_gsdata_/lock.gsl
2018-04-04 16:09:50: Change detected [0]: t=Created path=/main/resources/assets/sxm/textures/blocks/log_tin_top.png
2018-04-04 16:09:50: Change detected [0]: t=Modified path=/main/resources/assets/sxm/textures/blocks/log_tin_top.png
2018-04-04 16:09:50: Change detected [0]: t=Modified path=/main/resources/assets/sxm/textures/blocks/log_tin_top.png
2018-04-04 16:09:51: 
