2018-04-03 22:47:36: Connected to S:\Documents\MinecraftModding\xcraftmod\src: S: NTFS: type=NTFS vol=Data Storage flags=3E706FF
2018-04-03 22:47:36: Connected to gdrive://www.googleapis.com/Good Sync/Eclips Projects/Moding Minecraft 1.12.2/Application
2018-04-03 22:47:36: Incremental Analyze for On File Change
2018-04-03 22:47:37: -- Analysis Started by On File Change, After Delay, Under Runner
2018-04-03 22:47:37: Mod Sync: ANALYSIS started by On File Change, After Delay, Under Runner on 'SENPAI_DESKTOP' (GoodSync 10.8.1.1)
2018-04-03 22:47:37: =Data Storage:\Documents\MinecraftModding\xcraftmod\src (S:/Documents/MinecraftModding/xcraftmod/src) [TmpDest] <-> gdrive://www.googleapis.com/Good Sync/Eclips Projects/Moding Minecraft 1.12.2/Application [DirDest], RecycleTo_RecycleBin, SaveDays_RecycleBin=30d, ReconnectSecs=120, SyncWorkerThreads=99, OnFileChange Delay=5, Unattended, WaitForLocksMin=20, ResolveConflicts=NewerFileWins, AutoClear, LinksIgnore
2018-04-03 22:47:37: Exclude Hidden, Exclude System, Exclude name *._gstmp|/System Volume Information|Thumbs.db|.DS_Store 
2018-04-03 22:47:37: Locking folder S:/Documents/MinecraftModding/xcraftmod/src for write
2018-04-03 22:47:37: Change Analyzed: S:/Documents/MinecraftModding/xcraftmod/src/main/java/com/senpai/blocks/BlockBeacon.java
2018-04-03 22:47:37: Change Analyzed: S:/Documents/MinecraftModding/xcraftmod/src/main/java/com/senpai/world/biomes/BiomeCopper.java
2018-04-03 22:47:37: Change Analyzed: S:/Documents/MinecraftModding/xcraftmod/src/main/java/com/senpai/world/biomes/BiomeCopper.java
2018-04-03 22:47:37: Change Analyzed: S:/Documents/MinecraftModding/xcraftmod/src/main/java/com/senpai/world/biomes/BiomeFoz.java
2018-04-03 22:47:37: Change Analyzed: S:/Documents/MinecraftModding/xcraftmod/src/main/java/com/senpai/world/biomes/BiomeFoz.java
2018-04-03 22:47:37: Change Analyzed: S:/Documents/MinecraftModding/xcraftmod/src/main/java/com/senpai/init/BlockInit.java
2018-04-03 22:47:37: Change Analyzed: S:/Documents/MinecraftModding/xcraftmod/src/main/java/com/senpai/init/BlockInit.java
2018-04-03 22:47:37: Change Analyzed: S:/Documents/MinecraftModding/xcraftmod/src/main/java/com/senpai/objects/blocks/BlockDirts.java
2018-04-03 22:47:37: Change Analyzed: S:/Documents/MinecraftModding/xcraftmod/src/main/java/com/senpai/blocks/BlockDirts.java
2018-04-03 22:47:37: Change Analyzed: S:/Documents/MinecraftModding/xcraftmod/src/main/java/com/senpai/blocks/BlockDirts.java
2018-04-03 22:47:37: Change Analyzed: S:/Documents/MinecraftModding/xcraftmod/src/main/java/com/senpai/blocks/BlockDirts.java
2018-04-03 22:47:37: Locking folder gdrive://www.googleapis.com/Good Sync/Eclips Projects/Moding Minecraft 1.12.2/Application for write
2018-04-03 22:47:38: Change detected [0]: t=Modified path=/main/java/com/senpai/world/biomes/BiomeCopper.java
2018-04-03 22:47:38: Change detected [0]: t=Modified path=/main/java/com/senpai/world/biomes/BiomeCopper.java
2018-04-03 22:47:38: Change detected [0]: t=Modified path=/main/java/com/senpai/world/biomes/BiomeFoz.java
2018-04-03 22:47:38: Change detected [0]: t=Modified path=/main/java/com/senpai/world/biomes/BiomeFoz.java
2018-04-03 22:47:38: Change detected [0]: t=Modified path=/main/java/com/senpai/init/BlockInit.java
2018-04-03 22:47:38: Change detected [0]: t=Modified path=/main/java/com/senpai/init/BlockInit.java
2018-04-03 22:47:38: Change detected [0]: t=Modified path=/main/java/com/senpai/objects/blocks/BlockTeleporter.java
2018-04-03 22:47:38: Change detected [0]: t=Modified path=/main/java/com/senpai/objects/blocks/BlockTeleporter.java
2018-04-03 22:47:38: Change detected [0]: t=Modified path=/main/java/com/senpai/world/gen/generators/WorldGenAluminiumTree.java
2018-04-03 22:47:38: Change detected [0]: t=Modified path=/main/java/com/senpai/world/gen/generators/WorldGenAluminiumTree.java
2018-04-03 22:47:38: Change detected [0]: t=Modified path=/main/java/com/senpai/world/gen/generators/WorldGenCopperTree.java
2018-04-03 22:47:38: Change detected [0]: t=Modified path=/main/java/com/senpai/world/gen/generators/WorldGenCopperTree.java
2018-04-03 22:47:38: Change detected [0]: t=Modified path=/main/java/com/senpai/world/gen/WorldGenCustomOres.java
2018-04-03 22:47:38: Change detected [0]: t=Modified path=/main/java/com/senpai/world/gen/WorldGenCustomOres.java
2018-04-03 22:47:38: Change Analyzed: gdrive://www.googleapis.com/Good Sync/Eclips Projects/Moding Minecraft 1.12.2/Application/main/java/com/senpai/blocks/BlockBeacon.java
2018-04-03 22:47:38: Change Analyzed: gdrive://www.googleapis.com/Good Sync/Eclips Projects/Moding Minecraft 1.12.2/Application/main/java/com/senpai/init/BlockInit.java
2018-04-03 22:47:39: Change Analyzed: gdrive://www.googleapis.com/Good Sync/Eclips Projects/Moding Minecraft 1.12.2/Application/main/java/com/senpai/objects/blocks/BlockTeleporter.java
2018-04-03 22:47:39: Change Analyzed: gdrive://www.googleapis.com/Good Sync/Eclips Projects/Moding Minecraft 1.12.2/Application/main/java/com/senpai/blocks/BlockBase.java
2018-04-03 22:47:39: Change Analyzed: gdrive://www.googleapis.com/Good Sync/Eclips Projects/Moding Minecraft 1.12.2/Application/main/java/com/senpai/objects/blocks/BlockTeleporter.java
2018-04-03 22:47:39: Change Analyzed: gdrive://www.googleapis.com/Good Sync/Eclips Projects/Moding Minecraft 1.12.2/Application/main/java/com/senpai/init/BlockInit.java
2018-04-03 22:47:39: Change Analyzed: gdrive://www.googleapis.com/Good Sync/Eclips Projects/Moding Minecraft 1.12.2/Application/main/java/com/senpai/blocks/BlockBeacon.java
2018-04-03 22:47:39: Change detected [0]: t=Deleted path=/main/java/com/senpai/objects/blocks/BlockOres.java
2018-04-03 22:47:39: Change detected [0]: t=Created path=/main/java/com/senpai/blocks/BlockOres.java
2018-04-03 22:47:39: Change detected [0]: t=Modified path=/main/java/com/senpai/blocks/BlockOres.java
2018-04-03 22:47:39: Change detected [0]: t=Modified path=/main/java/com/senpai/blocks/BlockOres.java
2018-04-03 22:47:39: Change detected [0]: t=Deleted path=/main/java/com/senpai/objects/blocks/BlockRicePlant.java
2018-04-03 22:47:39: Change detected [0]: t=Created path=/main/java/com/senpai/blocks/BlockRicePlant.java
2018-04-03 22:47:39: Change detected [0]: t=Modified path=/main/java/com/senpai/blocks/BlockRicePlant.java
2018-04-03 22:47:39: Change detected [0]: t=Modified path=/main/java/com/senpai/blocks/BlockRicePlant.java
2018-04-03 22:47:39: Change detected [0]: t=Deleted path=/main/java/com/senpai/objects/blocks/BlockLeaf.java
2018-04-03 22:47:39: Change detected [0]: t=Created path=/main/java/com/senpai/blocks/BlockLeaf.java
2018-04-03 22:47:39: Change detected [0]: t=Modified path=/main/java/com/senpai/blocks/BlockLeaf.java
2018-04-03 22:47:39: Change detected [0]: t=Modified path=/main/java/com/senpai/blocks/BlockLeaf.java
2018-04-03 22:47:39: Change detected [0]: t=Deleted path=/main/java/com/senpai/objects/blocks/BlockPlank.java
2018-04-03 22:47:39: Change detected [0]: t=Created path=/main/java/com/senpai/blocks/BlockPlank.java
2018-04-03 22:47:39: Change detected [0]: t=Modified path=/main/java/com/senpai/blocks/BlockPlank.java
2018-04-03 22:47:39: Change detected [0]: t=Modified path=/main/java/com/senpai/blocks/BlockPlank.java
2018-04-03 22:47:39: Change detected [0]: t=Deleted path=/main/java/com/senpai/objects/blocks/BlockLogs.java
2018-04-03 22:47:39: Change detected [0]: t=Created path=/main/java/com/senpai/blocks/BlockLogs.java
2018-04-03 22:47:39: Change detected [0]: t=Modified path=/main/java/com/senpai/blocks/BlockLogs.java
2018-04-03 22:47:39: Change detected [0]: t=Modified path=/main/java/com/senpai/blocks/BlockLogs.java
2018-04-03 22:47:39: Change detected [0]: t=Deleted path=/main/java/com/senpai/objects/blocks/BlockTeleporter.java
2018-04-03 22:47:39: Change detected [0]: t=Created path=/main/java/com/senpai/blocks/BlockTeleporter.java
2018-04-03 22:47:39: Change detected [0]: t=Modified path=/main/java/com/senpai/blocks/BlockTeleporter.java
2018-04-03 22:47:39: Change detected [0]: t=Modified path=/main/java/com/senpai/blocks/BlockTeleporter.java
2018-04-03 22:47:39: Change detected [0]: t=Modified path=/main/java/com/senpai/blocks/BlockLeaf.java
2018-04-03 22:47:39: Change detected [0]: t=Modified path=/main/java/com/senpai/world/gen/generators/WorldGenCopperTree.java
2018-04-03 22:47:39: Change Analyzed: gdrive://www.googleapis.com/Good Sync/Eclips Projects/Moding Minecraft 1.12.2/Application/main/java/com/senpai/blocks/BlockBase.java
2018-04-03 22:47:39: Change Analyzed: gdrive://www.googleapis.com/Good Sync/Eclips Projects/Moding Minecraft 1.12.2/Application/main/java/com/senpai/objects/blocks/BlockBeacon.java
2018-04-03 22:47:39: Change Analyzed: gdrive://www.googleapis.com/Good Sync/Eclips Projects/Moding Minecraft 1.12.2/Application/main/java/com/senpai/objects/blocks/BlockBase.java
2018-04-03 22:47:40: Change Analyzed: gdrive://www.googleapis.com/Good Sync/Eclips Projects/Moding Minecraft 1.12.2/Application/main/java/com/senpai/objects/blocks/BlockTinBlock.java
2018-04-03 22:47:40: Change Analyzed: gdrive://www.googleapis.com/Good Sync/Eclips Projects/Moding Minecraft 1.12.2/Application/main/java/com/senpai/objects/blocks/BlockTinBlock.java
2018-04-03 22:47:40: Change Analyzed: gdrive://www.googleapis.com/Good Sync/Eclips Projects/Moding Minecraft 1.12.2/Application/main/java/com/senpai/init/BlockInit.java
2018-04-03 22:47:40: Change Analyzed: gdrive://www.googleapis.com/Good Sync/Eclips Projects/Moding Minecraft 1.12.2/Application/main/java/com/senpai/objects/blocks/BlockTinBlock.java
2018-04-03 22:47:40: Change Analyzed: gdrive://www.googleapis.com/Good Sync/Eclips Projects/Moding Minecraft 1.12.2/Application/main/java/com/senpai/objects/blocks/BlockTeleporter.java
2018-04-03 22:47:41: On disk file:///S: space required for sync is 0 bytes, you have 1.25 TB
2018-04-03 22:47:41: On disk gdrive://www.googleapis.com space required for sync is 10.0 KB, you have 12.4 GB
2018-04-03 22:47:41: Changes: 5, Conflicts: 0, CopyTime: 0, FixState: 0, Errors: 0, All: 22113
2018-04-03 22:47:41: Left to Right: Copy File: 4 Delete File: 1 
2018-04-03 22:47:41: -- Analysis Complete. Time 00:00:06, Speed: 69 files/s
2018-04-03 22:47:41: == Sync Started by On File Change, After Delay, Under Runner
2018-04-03 22:47:41: Mod Sync: SYNC started by On File Change, After Delay, Under Runner on 'SENPAI_DESKTOP'
2018-04-03 22:47:41: =Data Storage:\Documents\MinecraftModding\xcraftmod\src (S:/Documents/MinecraftModding/xcraftmod/src) [TmpDest] <-> gdrive://www.googleapis.com/Good Sync/Eclips Projects/Moding Minecraft 1.12.2/Application [DirDest], RecycleTo_RecycleBin, SaveDays_RecycleBin=30d, ReconnectSecs=120, SyncWorkerThreads=99, OnFileChange Delay=5, Unattended, WaitForLocksMin=20, ResolveConflicts=NewerFileWins, AutoClear, LinksIgnore
2018-04-03 22:47:43: Load Recycled DB: gdrive://www.googleapis.com/Good Sync/Eclips Projects/Moding Minecraft 1.12.2/Application/_gsdata_/_recycled_db._gs
2018-04-03 22:47:43: Delete File 'gdrive://www.googleapis.com/Good Sync/Eclips Projects/Moding Minecraft 1.12.2/Application/main/java/com/senpai/objects/blocks/BlockDirts.java'
2018-04-03 22:47:43: File Systems limited number of parallel threads to 20
2018-04-03 22:47:43: Start only 4 threads, limited by tasks to run
2018-04-03 22:47:44: Copy New 'S:/Documents/MinecraftModding/xcraftmod/src/main/java/com/senpai/blocks/BlockDirts.java' -> 'gdrive://www.googleapis.com/Good Sync/Eclips Projects/Moding Minecraft 1.12.2/Application/main/java/com/senpai/blocks/BlockDirts.java' (3604)
2018-04-03 22:47:46: Change detected [1]: t=MovedFrom path=/main/java/com/senpai/init/BlockInit.java
2018-04-03 22:47:46: Change detected [1]: t=Modified path=/main/java/com/senpai/blocks/BlockDirts.java
2018-04-03 22:47:46: Change detected [1]: t=Created path=/main/java/com/senpai/blocks/BlockDirts.java
2018-04-03 22:47:46: Change detected [1]: t=MovedFrom path=/main/java/com/senpai/objects/blocks/BlockDirts.java
2018-04-03 22:47:47: S:/Documents/MinecraftModding/xcraftmod/src/main/java/com/senpai/init/BlockInit.java: Source file has changed between Analyze and Sync from '[file] size=1614 accu-time=2018-04-03 22:47:20 attr=Archive cktype=0' to 'size=1576 time=2018-04-03 22:47:38', noted in source file state
2018-04-03 22:47:47: Copy Over 'S:/Documents/MinecraftModding/xcraftmod/src/main/java/com/senpai/init/BlockInit.java' -> 'gdrive://www.googleapis.com/Good Sync/Eclips Projects/Moding Minecraft 1.12.2/Application/main/java/com/senpai/init/BlockInit.java' (1614)
2018-04-03 22:47:47: S:/Documents/MinecraftModding/xcraftmod/src/main/java/com/senpai/world/biomes/BiomeFoz.java: Source file has changed between Analyze and Sync from '[file] size=1895 accu-time=2018-04-03 22:47:20 attr=Archive cktype=0' to 'size=1879 time=2018-04-03 22:47:38', noted in source file state
2018-04-03 22:47:47: Copy Over 'S:/Documents/MinecraftModding/xcraftmod/src/main/java/com/senpai/world/biomes/BiomeFoz.java' -> 'gdrive://www.googleapis.com/Good Sync/Eclips Projects/Moding Minecraft 1.12.2/Application/main/java/com/senpai/world/biomes/BiomeFoz.java' (1895)
2018-04-03 22:47:48: S:/Documents/MinecraftModding/xcraftmod/src/main/java/com/senpai/world/biomes/BiomeCopper.java: Source file has changed between Analyze and Sync from '[file] size=1703 accu-time=2018-04-03 22:47:20 attr=Archive cktype=0' to 'size=1687 time=2018-04-03 22:47:38', noted in source file state
2018-04-03 22:47:48: Copy Over 'S:/Documents/MinecraftModding/xcraftmod/src/main/java/com/senpai/world/biomes/BiomeCopper.java' -> 'gdrive://www.googleapis.com/Good Sync/Eclips Projects/Moding Minecraft 1.12.2/Application/main/java/com/senpai/world/biomes/BiomeCopper.java' (1703)
2018-04-03 22:47:48: Save State File S:/Documents/MinecraftModding/xcraftmod/src/_gsdata_/_file_state_v4._gs
2018-04-03 22:47:49: Save State File gdrive://www.googleapis.com/Good Sync/Eclips Projects/Moding Minecraft 1.12.2/Application/_gsdata_/_file_state_v4._gs
2018-04-03 22:47:49: Cleanup recycled files in S:/Documents/MinecraftModding/xcraftmod/src/_gsdata_/_saved_
2018-04-03 22:47:49: Load Recycled DB: S:/Documents/MinecraftModding/xcraftmod/src/_gsdata_/_recycled_db._gs
2018-04-03 22:47:50: Deleted old log file C:/Users/Senpai/AppData/Roaming/GoodSync/_mirrors_/file-=Data Storage-Documents-MinecraftModding-xcraftmod-src/2018-0327-224731-SENPAI_DESKTOP-Runner-Mod Sync.log
2018-04-03 22:47:50: Cleanup old logs in S:/Documents/MinecraftModding/xcraftmod/src/_gsdata_
2018-04-03 22:47:50: Cleanup recycled files in gdrive://www.googleapis.com/Good Sync/Eclips Projects/Moding Minecraft 1.12.2/Application/_gsdata_/_saved_
2018-04-03 22:47:50: Save Recycled DB: gdrive://www.googleapis.com/Good Sync/Eclips Projects/Moding Minecraft 1.12.2/Application/_gsdata_/_recycled_db._gs
2018-04-03 22:47:50: Deleted old log file C:/Users/Senpai/AppData/Roaming/GoodSync/_mirrors_/gdrive-Wicky_Gustave-0AGIAX4LCOy-XUk9PVA@www.googleapis.com-Good Sync-Eclips Projects-Moding Minecraft 1.12.2-Application/2018-0327-224731-SENPAI_DESKTOP-Runner-Mod Sync.log
2018-04-03 22:47:50: Cleanup old logs in gdrive://www.googleapis.com/Good Sync/Eclips Projects/Moding Minecraft 1.12.2/Application/_gsdata_
2018-04-03 22:47:51: == Sync Complete. Time: 00:00:10, Speed: 5.06 KB/s, OK: 5, Errors: 0
2018-04-03 22:47:51: Unlocking folder S:/Documents/MinecraftModding/xcraftmod/src/_gsdata_/lock.gsl
2018-04-03 22:47:51: Unlocking folder gdrive://www.googleapis.com/Good Sync/Eclips Projects/Moding Minecraft 1.12.2/Application/_gsdata_/lock.gsl
2018-04-03 22:47:52: 
