2018-04-04 01:36:34: Connected to S:\Documents\MinecraftModding\xcraftmod\src: S: NTFS: type=NTFS vol=Data Storage flags=3E706FF
2018-04-04 01:36:35: Connected to gdrive://www.googleapis.com/Good Sync/Eclips Projects/Moding Minecraft 1.12.2/Application
2018-04-04 01:36:35: Incremental Analyze for On File Change
2018-04-04 01:36:35: -- Analysis Started by On File Change, After Delay, Under Runner
2018-04-04 01:36:35: Mod Sync: ANALYSIS started by On File Change, After Delay, Under Runner on 'SENPAI_DESKTOP' (GoodSync 10.8.1.1)
2018-04-04 01:36:35: =Data Storage:\Documents\MinecraftModding\xcraftmod\src (S:/Documents/MinecraftModding/xcraftmod/src) [TmpDest] <-> gdrive://www.googleapis.com/Good Sync/Eclips Projects/Moding Minecraft 1.12.2/Application [DirDest], RecycleTo_RecycleBin, SaveDays_RecycleBin=30d, ReconnectSecs=120, SyncWorkerThreads=99, OnFileChange Delay=5, Unattended, WaitForLocksMin=20, ResolveConflicts=NewerFileWins, AutoClear, LinksIgnore
2018-04-04 01:36:35: Exclude Hidden, Exclude System, Exclude name *._gstmp|/System Volume Information|Thumbs.db|.DS_Store 
2018-04-04 01:36:35: Locking folder S:/Documents/MinecraftModding/xcraftmod/src for write
2018-04-04 01:36:35: Change Analyzed: S:/Documents/MinecraftModding/xcraftmod/src/main/java/com/senpai/util/proxy/ClientProxy.java
2018-04-04 01:36:35: Change Analyzed: S:/Documents/MinecraftModding/xcraftmod/src/main/java/com/senpai/util/proxy
2018-04-04 01:36:35: Change Analyzed: S:/Documents/MinecraftModding/xcraftmod/src/main/java/com/senpai/util/proxy/CommonProxy.java
2018-04-04 01:36:35: Change Analyzed: S:/Documents/MinecraftModding/xcraftmod/src/main/java/com/senpai/util/proxy
2018-04-04 01:36:35: Change Analyzed: S:/Documents/MinecraftModding/xcraftmod/src/main/java/com/senpai/util/proxy
2018-04-04 01:36:35: Locking folder gdrive://www.googleapis.com/Good Sync/Eclips Projects/Moding Minecraft 1.12.2/Application for write
2018-04-04 01:36:37: Change Analyzed: gdrive://www.googleapis.com/Good Sync/Eclips Projects/Moding Minecraft 1.12.2/Application/main/java/com/senpai/proxy
2018-04-04 01:36:37: Change Analyzed: gdrive://www.googleapis.com/Good Sync/Eclips Projects/Moding Minecraft 1.12.2/Application/main/java/com/senpai/proxy/CommonProxy.java
2018-04-04 01:36:37: Change Analyzed: gdrive://www.googleapis.com/Good Sync/Eclips Projects/Moding Minecraft 1.12.2/Application/main/java/com/senpai/proxy/CommonProxy.java
2018-04-04 01:36:37: Change Analyzed: gdrive://www.googleapis.com/Good Sync/Eclips Projects/Moding Minecraft 1.12.2/Application/main/java/com/senpai/proxy/ClientProxy.java
2018-04-04 01:36:37: Change Analyzed: gdrive://www.googleapis.com/Good Sync/Eclips Projects/Moding Minecraft 1.12.2/Application/main/java/com/senpai/proxy/ClientProxy.java
2018-04-04 01:36:37: On disk file:///S: space required for sync is 0 bytes, you have 1.25 TB
2018-04-04 01:36:37: On disk gdrive://www.googleapis.com space required for sync is 0 bytes, you have 12.4 GB
2018-04-04 01:36:38: Changes: 3, Conflicts: 0, CopyTime: 0, FixState: 0, Errors: 0, All: 22194
2018-04-04 01:36:38: Left to Right: Delete File: 3 
2018-04-04 01:36:38: -- Analysis Complete. Time 00:00:04, Speed: 107 files/s
2018-04-04 01:36:38: == Sync Started by On File Change, After Delay, Under Runner
2018-04-04 01:36:38: Mod Sync: SYNC started by On File Change, After Delay, Under Runner on 'SENPAI_DESKTOP'
2018-04-04 01:36:38: =Data Storage:\Documents\MinecraftModding\xcraftmod\src (S:/Documents/MinecraftModding/xcraftmod/src) [TmpDest] <-> gdrive://www.googleapis.com/Good Sync/Eclips Projects/Moding Minecraft 1.12.2/Application [DirDest], RecycleTo_RecycleBin, SaveDays_RecycleBin=30d, ReconnectSecs=120, SyncWorkerThreads=99, OnFileChange Delay=5, Unattended, WaitForLocksMin=20, ResolveConflicts=NewerFileWins, AutoClear, LinksIgnore
2018-04-04 01:36:40: Load Recycled DB: gdrive://www.googleapis.com/Good Sync/Eclips Projects/Moding Minecraft 1.12.2/Application/_gsdata_/_recycled_db._gs
2018-04-04 01:36:40: Delete File 'gdrive://www.googleapis.com/Good Sync/Eclips Projects/Moding Minecraft 1.12.2/Application/main/java/com/senpai/util/proxy/ClientProxy.java'
2018-04-04 01:36:40: Delete File 'gdrive://www.googleapis.com/Good Sync/Eclips Projects/Moding Minecraft 1.12.2/Application/main/java/com/senpai/util/proxy/CommonProxy.java'
2018-04-04 01:36:41: Delete Folder 'gdrive://www.googleapis.com/Good Sync/Eclips Projects/Moding Minecraft 1.12.2/Application/main/java/com/senpai/util/proxy'
2018-04-04 01:36:41: File Systems limited number of parallel threads to 20
2018-04-04 01:36:41: Start only 0 threads, limited by tasks to run
2018-04-04 01:36:41: Save State File S:/Documents/MinecraftModding/xcraftmod/src/_gsdata_/_file_state_v4._gs
2018-04-04 01:36:43: Save State File gdrive://www.googleapis.com/Good Sync/Eclips Projects/Moding Minecraft 1.12.2/Application/_gsdata_/_file_state_v4._gs
2018-04-04 01:36:43: Cleanup recycled files in S:/Documents/MinecraftModding/xcraftmod/src/_gsdata_/_saved_
2018-04-04 01:36:43: Load Recycled DB: S:/Documents/MinecraftModding/xcraftmod/src/_gsdata_/_recycled_db._gs
2018-04-04 01:36:43: Cleanup old logs in S:/Documents/MinecraftModding/xcraftmod/src/_gsdata_
2018-04-04 01:36:43: Cleanup recycled files in gdrive://www.googleapis.com/Good Sync/Eclips Projects/Moding Minecraft 1.12.2/Application/_gsdata_/_saved_
2018-04-04 01:36:44: Save Recycled DB: gdrive://www.googleapis.com/Good Sync/Eclips Projects/Moding Minecraft 1.12.2/Application/_gsdata_/_recycled_db._gs
2018-04-04 01:36:44: Cleanup old logs in gdrive://www.googleapis.com/Good Sync/Eclips Projects/Moding Minecraft 1.12.2/Application/_gsdata_
2018-04-04 01:36:44: == Sync Complete. Time: 00:00:06, Speed: 5.33 KB/s, OK: 3, Errors: 0
2018-04-04 01:36:44: Unlocking folder S:/Documents/MinecraftModding/xcraftmod/src/_gsdata_/lock.gsl
2018-04-04 01:36:44: Unlocking folder gdrive://www.googleapis.com/Good Sync/Eclips Projects/Moding Minecraft 1.12.2/Application/_gsdata_/lock.gsl
2018-04-04 01:36:45: Change detected [1]: t=Deleted path=/main/java/com/senpai/util/proxy
2018-04-04 01:36:45: Change detected [1]: t=MovedFrom path=/main/java/com/senpai/util/proxy/CommonProxy.java
2018-04-04 01:36:45: Change detected [1]: t=MovedFrom path=/main/java/com/senpai/util/proxy/ClientProxy.java
2018-04-04 01:36:46: 
