2018-04-04 00:45:30: Connected to S:\Documents\MinecraftModding\xcraftmod\src: S: NTFS: type=NTFS vol=Data Storage flags=3E706FF
2018-04-04 00:45:31: Connected to gdrive://www.googleapis.com/Good Sync/Eclips Projects/Moding Minecraft 1.12.2/Application
2018-04-04 00:45:31: Incremental Analyze for On File Change
2018-04-04 00:45:31: -- Analysis Started by On File Change, After Delay, Under Runner
2018-04-04 00:45:31: Mod Sync: ANALYSIS started by On File Change, After Delay, Under Runner on 'SENPAI_DESKTOP' (GoodSync 10.8.1.1)
2018-04-04 00:45:31: =Data Storage:\Documents\MinecraftModding\xcraftmod\src (S:/Documents/MinecraftModding/xcraftmod/src) [TmpDest] <-> gdrive://www.googleapis.com/Good Sync/Eclips Projects/Moding Minecraft 1.12.2/Application [DirDest], RecycleTo_RecycleBin, SaveDays_RecycleBin=30d, ReconnectSecs=120, SyncWorkerThreads=99, OnFileChange Delay=5, Unattended, WaitForLocksMin=20, ResolveConflicts=NewerFileWins, AutoClear, LinksIgnore
2018-04-04 00:45:31: Exclude Hidden, Exclude System, Exclude name *._gstmp|/System Volume Information|Thumbs.db|.DS_Store 
2018-04-04 00:45:31: Locking folder S:/Documents/MinecraftModding/xcraftmod/src for write
2018-04-04 00:45:31: Change Analyzed: S:/Documents/MinecraftModding/xcraftmod/src/main/java/com/senpai/init/ItemInit.java
2018-04-04 00:45:31: Change Analyzed: S:/Documents/MinecraftModding/xcraftmod/src/main/java/com/senpai/init/ItemInit.java
2018-04-04 00:45:31: Change Analyzed: S:/Documents/MinecraftModding/xcraftmod/src/main/java/com/senpai/objects/armour/ArmourBase.java
2018-04-04 00:45:31: Change Analyzed: S:/Documents/MinecraftModding/xcraftmod/src/main/java/com/senpai/items/armour/ArmourBase.java
2018-04-04 00:45:31: Change Analyzed: S:/Documents/MinecraftModding/xcraftmod/src/main/java/com/senpai/items/armour/ArmourBase.java
2018-04-04 00:45:31: Change Analyzed: S:/Documents/MinecraftModding/xcraftmod/src/main/java/com/senpai/items/armour/ArmourBase.java
2018-04-04 00:45:31: Change Analyzed: S:/Documents/MinecraftModding/xcraftmod/src/main/java/com/senpai/objects/armour
2018-04-04 00:45:31: Locking folder gdrive://www.googleapis.com/Good Sync/Eclips Projects/Moding Minecraft 1.12.2/Application for write
2018-04-04 00:45:33: Change Analyzed: gdrive://www.googleapis.com/Good Sync/Eclips Projects/Moding Minecraft 1.12.2/Application/main/java/com/senpai/items/armour/ArmourBase.java
2018-04-04 00:45:33: Change Analyzed: gdrive://www.googleapis.com/Good Sync/Eclips Projects/Moding Minecraft 1.12.2/Application/main/java/com/senpai/items/armour/ArmourBase.java
2018-04-04 00:45:33: Change Analyzed: gdrive://www.googleapis.com/Good Sync/Eclips Projects/Moding Minecraft 1.12.2/Application/main/java/com/senpai/items/armour
2018-04-04 00:45:34: On disk file:///S: space required for sync is 0 bytes, you have 1.25 TB
2018-04-04 00:45:34: On disk gdrive://www.googleapis.com space required for sync is 3.00 KB, you have 12.4 GB
2018-04-04 00:45:34: Changes: 3, Conflicts: 0, CopyTime: 0, FixState: 0, Errors: 0, All: 22181
2018-04-04 00:45:34: Left to Right: Copy File: 1 Delete File: 2 
2018-04-04 00:45:34: -- Analysis Complete. Time 00:00:05, Speed: 84 files/s
2018-04-04 00:45:34: == Sync Started by On File Change, After Delay, Under Runner
2018-04-04 00:45:34: Mod Sync: SYNC started by On File Change, After Delay, Under Runner on 'SENPAI_DESKTOP'
2018-04-04 00:45:34: =Data Storage:\Documents\MinecraftModding\xcraftmod\src (S:/Documents/MinecraftModding/xcraftmod/src) [TmpDest] <-> gdrive://www.googleapis.com/Good Sync/Eclips Projects/Moding Minecraft 1.12.2/Application [DirDest], RecycleTo_RecycleBin, SaveDays_RecycleBin=30d, ReconnectSecs=120, SyncWorkerThreads=99, OnFileChange Delay=5, Unattended, WaitForLocksMin=20, ResolveConflicts=NewerFileWins, AutoClear, LinksIgnore
2018-04-04 00:45:36: Load Recycled DB: gdrive://www.googleapis.com/Good Sync/Eclips Projects/Moding Minecraft 1.12.2/Application/_gsdata_/_recycled_db._gs
2018-04-04 00:45:36: Delete File 'gdrive://www.googleapis.com/Good Sync/Eclips Projects/Moding Minecraft 1.12.2/Application/main/java/com/senpai/objects/armour/ArmourBase.java'
2018-04-04 00:45:37: Delete Folder 'gdrive://www.googleapis.com/Good Sync/Eclips Projects/Moding Minecraft 1.12.2/Application/main/java/com/senpai/objects/armour'
2018-04-04 00:45:37: File Systems limited number of parallel threads to 20
2018-04-04 00:45:37: Start only 1 threads, limited by tasks to run
2018-04-04 00:45:40: Copy Over 'S:/Documents/MinecraftModding/xcraftmod/src/main/java/com/senpai/init/ItemInit.java' -> 'gdrive://www.googleapis.com/Good Sync/Eclips Projects/Moding Minecraft 1.12.2/Application/main/java/com/senpai/init/ItemInit.java' (2784)
2018-04-04 00:45:40: Save State File S:/Documents/MinecraftModding/xcraftmod/src/_gsdata_/_file_state_v4._gs
2018-04-04 00:45:41: Change detected [1]: t=Modified path=/main/java/com/senpai/init/ItemInit.java
2018-04-04 00:45:41: Change detected [1]: t=Deleted path=/main/java/com/senpai/objects/armour
2018-04-04 00:45:41: Change detected [1]: t=Created path=/main/java/com/senpai/init/ItemInit.java
2018-04-04 00:45:42: Change detected [1]: t=MovedFrom path=/main/java/com/senpai/init/ItemInit.java
2018-04-04 00:45:42: Change detected [1]: t=MovedFrom path=/main/java/com/senpai/objects/armour/ArmourBase.java
2018-04-04 00:45:42: Save State File gdrive://www.googleapis.com/Good Sync/Eclips Projects/Moding Minecraft 1.12.2/Application/_gsdata_/_file_state_v4._gs
2018-04-04 00:45:42: Cleanup recycled files in S:/Documents/MinecraftModding/xcraftmod/src/_gsdata_/_saved_
2018-04-04 00:45:42: Load Recycled DB: S:/Documents/MinecraftModding/xcraftmod/src/_gsdata_/_recycled_db._gs
2018-04-04 00:45:42: Deleted old log file C:/Users/Senpai/AppData/Roaming/GoodSync/_mirrors_/file-=Data Storage-Documents-MinecraftModding-xcraftmod-src/2018-0328-004520-SENPAI_DESKTOP-Runner-Mod Sync.log
2018-04-04 00:45:42: Cleanup old logs in S:/Documents/MinecraftModding/xcraftmod/src/_gsdata_
2018-04-04 00:45:42: Delete log file S:/Documents/MinecraftModding/xcraftmod/src/_gsdata_/2018-0328-004520-SENPAI_DESKTOP-Runner-Mod Sync.log
2018-04-04 00:45:42: Cleanup recycled files in gdrive://www.googleapis.com/Good Sync/Eclips Projects/Moding Minecraft 1.12.2/Application/_gsdata_/_saved_
2018-04-04 00:45:43: Save Recycled DB: gdrive://www.googleapis.com/Good Sync/Eclips Projects/Moding Minecraft 1.12.2/Application/_gsdata_/_recycled_db._gs
2018-04-04 00:45:43: Deleted old log file C:/Users/Senpai/AppData/Roaming/GoodSync/_mirrors_/gdrive-Wicky_Gustave-0AGIAX4LCOy-XUk9PVA@www.googleapis.com-Good Sync-Eclips Projects-Moding Minecraft 1.12.2-Application/2018-0328-004520-SENPAI_DESKTOP-Runner-Mod Sync.log
2018-04-04 00:45:43: Cleanup old logs in gdrive://www.googleapis.com/Good Sync/Eclips Projects/Moding Minecraft 1.12.2/Application/_gsdata_
2018-04-04 00:45:44: Delete log file gdrive://www.googleapis.com/Good Sync/Eclips Projects/Moding Minecraft 1.12.2/Application/_gsdata_/2018-0328-004520-SENPAI_DESKTOP-Runner-Mod Sync.log
2018-04-04 00:45:44: == Sync Complete. Time: 00:00:10, Speed: 3.41 KB/s, OK: 3, Errors: 0
2018-04-04 00:45:44: Unlocking folder S:/Documents/MinecraftModding/xcraftmod/src/_gsdata_/lock.gsl
2018-04-04 00:45:44: Unlocking folder gdrive://www.googleapis.com/Good Sync/Eclips Projects/Moding Minecraft 1.12.2/Application/_gsdata_/lock.gsl
2018-04-04 00:45:45: 
