2018-04-02 19:26:48: Connected to S:\Documents\MinecraftModding\xcraftmod\src: S: NTFS: type=NTFS vol=Data Storage flags=3E706FF
2018-04-02 19:26:48: Connected to gdrive://www.googleapis.com/Good Sync/Eclips Projects/Moding Minecraft 1.12.2/Application
2018-04-02 19:26:49: Incremental Analyze for On File Change
2018-04-02 19:26:49: -- Analysis Started by On File Change, After Delay, Under Runner
2018-04-02 19:26:49: Mod Sync: ANALYSIS started by On File Change, After Delay, Under Runner on 'SENPAI_DESKTOP' (GoodSync 10.8.1.1)
2018-04-02 19:26:49: =Data Storage:\Documents\MinecraftModding\xcraftmod\src (S:/Documents/MinecraftModding/xcraftmod/src) [TmpDest] <-> gdrive://www.googleapis.com/Good Sync/Eclips Projects/Moding Minecraft 1.12.2/Application [DirDest], RecycleTo_RecycleBin, SaveDays_RecycleBin=30d, ReconnectSecs=120, SyncWorkerThreads=99, OnFileChange Delay=5, Unattended, WaitForLocksMin=20, ResolveConflicts=NewerFileWins, AutoClear, LinksIgnore
2018-04-02 19:26:49: Exclude Hidden, Exclude System, Exclude name *._gstmp|/System Volume Information|Thumbs.db|.DS_Store 
2018-04-02 19:26:49: Locking folder S:/Documents/MinecraftModding/xcraftmod/src for write
2018-04-02 19:26:49: Change Analyzed: S:/Documents/MinecraftModding/xcraftmod/src/main/java/com/senpai/gui/EnergyBar.java
2018-04-02 19:26:49: Change Analyzed: S:/Documents/MinecraftModding/xcraftmod/src/main/java/com/senpai/gui/EnergyBar.java
2018-04-02 19:26:49: Change Analyzed: S:/Documents/MinecraftModding/xcraftmod/src/main/java/com/senpai/gui/EnergyBar.java
2018-04-02 19:26:49: Locking folder gdrive://www.googleapis.com/Good Sync/Eclips Projects/Moding Minecraft 1.12.2/Application for write
2018-04-02 19:26:51: On disk file:///S: space required for sync is 0 bytes, you have 1.25 TB
2018-04-02 19:26:51: On disk gdrive://www.googleapis.com space required for sync is 1.00 KB, you have 12.4 GB
2018-04-02 19:26:51: Changes: 1, Conflicts: 0, CopyTime: 0, FixState: 0, Errors: 0, All: 22040
2018-04-02 19:26:51: Left to Right: Copy File: 1 
2018-04-02 19:26:51: -- Analysis Complete. Time 00:00:04, Speed: 92 files/s
2018-04-02 19:26:51: == Sync Started by On File Change, After Delay, Under Runner
2018-04-02 19:26:51: Mod Sync: SYNC started by On File Change, After Delay, Under Runner on 'SENPAI_DESKTOP'
2018-04-02 19:26:51: =Data Storage:\Documents\MinecraftModding\xcraftmod\src (S:/Documents/MinecraftModding/xcraftmod/src) [TmpDest] <-> gdrive://www.googleapis.com/Good Sync/Eclips Projects/Moding Minecraft 1.12.2/Application [DirDest], RecycleTo_RecycleBin, SaveDays_RecycleBin=30d, ReconnectSecs=120, SyncWorkerThreads=99, OnFileChange Delay=5, Unattended, WaitForLocksMin=20, ResolveConflicts=NewerFileWins, AutoClear, LinksIgnore
2018-04-02 19:26:52: File Systems limited number of parallel threads to 20
2018-04-02 19:26:52: Start only 1 threads, limited by tasks to run
2018-04-02 19:26:53: Copy New 'S:/Documents/MinecraftModding/xcraftmod/src/main/java/com/senpai/gui/EnergyBar.java' -> 'gdrive://www.googleapis.com/Good Sync/Eclips Projects/Moding Minecraft 1.12.2/Application/main/java/com/senpai/gui/EnergyBar.java' (58)
2018-04-02 19:26:54: Save State File S:/Documents/MinecraftModding/xcraftmod/src/_gsdata_/_file_state_v4._gs
2018-04-02 19:26:55: Save State File gdrive://www.googleapis.com/Good Sync/Eclips Projects/Moding Minecraft 1.12.2/Application/_gsdata_/_file_state_v4._gs
2018-04-02 19:26:55: Cleanup recycled files in S:/Documents/MinecraftModding/xcraftmod/src/_gsdata_/_saved_
2018-04-02 19:26:55: Load Recycled DB: S:/Documents/MinecraftModding/xcraftmod/src/_gsdata_/_recycled_db._gs
2018-04-02 19:26:55: Deleted old log file C:/Users/Senpai/AppData/Roaming/GoodSync/_mirrors_/file-=Data Storage-Documents-MinecraftModding-xcraftmod-src/2018-0326-192241-SENPAI_DESKTOP-Runner-Mod Sync.log
2018-04-02 19:26:55: Deleted old log file C:/Users/Senpai/AppData/Roaming/GoodSync/_mirrors_/file-=Data Storage-Documents-MinecraftModding-xcraftmod-src/2018-0326-192305-SENPAI_DESKTOP-Runner-Mod Sync.log
2018-04-02 19:26:55: Deleted old log file C:/Users/Senpai/AppData/Roaming/GoodSync/_mirrors_/file-=Data Storage-Documents-MinecraftModding-xcraftmod-src/2018-0326-192514-SENPAI_DESKTOP-Runner-Mod Sync.log
2018-04-02 19:26:55: Deleted old log file C:/Users/Senpai/AppData/Roaming/GoodSync/_mirrors_/file-=Data Storage-Documents-MinecraftModding-xcraftmod-src/2018-0326-192535-SENPAI_DESKTOP-Runner-Mod Sync.log
2018-04-02 19:26:55: Deleted old log file C:/Users/Senpai/AppData/Roaming/GoodSync/_mirrors_/file-=Data Storage-Documents-MinecraftModding-xcraftmod-src/2018-0326-192557-SENPAI_DESKTOP-Runner-Mod Sync.log
2018-04-02 19:26:55: Cleanup old logs in S:/Documents/MinecraftModding/xcraftmod/src/_gsdata_
2018-04-02 19:26:55: Delete log file S:/Documents/MinecraftModding/xcraftmod/src/_gsdata_/2018-0326-192241-SENPAI_DESKTOP-Runner-Mod Sync.log
2018-04-02 19:26:55: Delete log file S:/Documents/MinecraftModding/xcraftmod/src/_gsdata_/2018-0326-192514-SENPAI_DESKTOP-Runner-Mod Sync.log
2018-04-02 19:26:55: Delete log file S:/Documents/MinecraftModding/xcraftmod/src/_gsdata_/2018-0326-192535-SENPAI_DESKTOP-Runner-Mod Sync.log
2018-04-02 19:26:55: Cleanup recycled files in gdrive://www.googleapis.com/Good Sync/Eclips Projects/Moding Minecraft 1.12.2/Application/_gsdata_/_saved_
2018-04-02 19:26:56: Load Recycled DB: gdrive://www.googleapis.com/Good Sync/Eclips Projects/Moding Minecraft 1.12.2/Application/_gsdata_/_recycled_db._gs
2018-04-02 19:26:57: Deleted old log file C:/Users/Senpai/AppData/Roaming/GoodSync/_mirrors_/gdrive-Wicky_Gustave-0AGIAX4LCOy-XUk9PVA@www.googleapis.com-Good Sync-Eclips Projects-Moding Minecraft 1.12.2-Application/2018-0326-192305-SENPAI_DESKTOP-Runner-Mod Sync.log
2018-04-02 19:26:57: Deleted old log file C:/Users/Senpai/AppData/Roaming/GoodSync/_mirrors_/gdrive-Wicky_Gustave-0AGIAX4LCOy-XUk9PVA@www.googleapis.com-Good Sync-Eclips Projects-Moding Minecraft 1.12.2-Application/2018-0326-192514-SENPAI_DESKTOP-Runner-Mod Sync.log
2018-04-02 19:26:57: Deleted old log file C:/Users/Senpai/AppData/Roaming/GoodSync/_mirrors_/gdrive-Wicky_Gustave-0AGIAX4LCOy-XUk9PVA@www.googleapis.com-Good Sync-Eclips Projects-Moding Minecraft 1.12.2-Application/2018-0326-192535-SENPAI_DESKTOP-Runner-Mod Sync.log
2018-04-02 19:26:57: Deleted old log file C:/Users/Senpai/AppData/Roaming/GoodSync/_mirrors_/gdrive-Wicky_Gustave-0AGIAX4LCOy-XUk9PVA@www.googleapis.com-Good Sync-Eclips Projects-Moding Minecraft 1.12.2-Application/2018-0326-192557-SENPAI_DESKTOP-Runner-Mod Sync.log
2018-04-02 19:26:57: Deleted old log file C:/Users/Senpai/AppData/Roaming/GoodSync/_mirrors_/gdrive-Wicky_Gustave-0AGIAX4LCOy-XUk9PVA@www.googleapis.com-Good Sync-Eclips Projects-Moding Minecraft 1.12.2-Application/2018-0326-192642-SENPAI_DESKTOP-Runner-Mod Sync.log
2018-04-02 19:26:57: Cleanup old logs in gdrive://www.googleapis.com/Good Sync/Eclips Projects/Moding Minecraft 1.12.2/Application/_gsdata_
2018-04-02 19:26:57: Delete log file gdrive://www.googleapis.com/Good Sync/Eclips Projects/Moding Minecraft 1.12.2/Application/_gsdata_/2018-0326-192514-SENPAI_DESKTOP-Runner-Mod Sync.log
2018-04-02 19:26:58: Delete log file gdrive://www.googleapis.com/Good Sync/Eclips Projects/Moding Minecraft 1.12.2/Application/_gsdata_/2018-0326-192535-SENPAI_DESKTOP-Runner-Mod Sync.log
2018-04-02 19:26:58: Change detected [1]: t=Modified path=/main/java/com/senpai/gui/EnergyBar.java
2018-04-02 19:26:58: Change detected [1]: t=Created path=/main/java/com/senpai/gui/EnergyBar.java
2018-04-02 19:26:59: Delete log file gdrive://www.googleapis.com/Good Sync/Eclips Projects/Moding Minecraft 1.12.2/Application/_gsdata_/2018-0326-192642-SENPAI_DESKTOP-Runner-Mod Sync.log
2018-04-02 19:26:59: == Sync Complete. Time: 00:00:08, Speed: 936 bytes/s, OK: 1, Errors: 0
2018-04-02 19:26:59: Unlocking folder S:/Documents/MinecraftModding/xcraftmod/src/_gsdata_/lock.gsl
2018-04-02 19:26:59: Unlocking folder gdrive://www.googleapis.com/Good Sync/Eclips Projects/Moding Minecraft 1.12.2/Application/_gsdata_/lock.gsl
2018-04-02 19:27:01: 
