2018-04-04 02:08:05: Connected to S:\Documents\MinecraftModding\xcraftmod\src: S: NTFS: type=NTFS vol=Data Storage flags=3E706FF
2018-04-04 02:08:06: Connected to gdrive://www.googleapis.com/Good Sync/Eclips Projects/Moding Minecraft 1.12.2/Application
2018-04-04 02:08:06: Incremental Analyze for On File Change
2018-04-04 02:08:06: -- Analysis Started by On File Change, After Delay, Under Runner
2018-04-04 02:08:06: Mod Sync: ANALYSIS started by On File Change, After Delay, Under Runner on 'SENPAI_DESKTOP' (GoodSync 10.8.1.1)
2018-04-04 02:08:06: =Data Storage:\Documents\MinecraftModding\xcraftmod\src (S:/Documents/MinecraftModding/xcraftmod/src) [TmpDest] <-> gdrive://www.googleapis.com/Good Sync/Eclips Projects/Moding Minecraft 1.12.2/Application [DirDest], RecycleTo_RecycleBin, SaveDays_RecycleBin=30d, ReconnectSecs=120, SyncWorkerThreads=99, OnFileChange Delay=5, Unattended, WaitForLocksMin=20, ResolveConflicts=NewerFileWins, AutoClear, LinksIgnore
2018-04-04 02:08:06: Exclude Hidden, Exclude System, Exclude name *._gstmp|/System Volume Information|Thumbs.db|.DS_Store 
2018-04-04 02:08:06: Locking folder S:/Documents/MinecraftModding/xcraftmod/src for write
2018-04-04 02:08:06: Change Analyzed: S:/Documents/MinecraftModding/xcraftmod/src/main/resources/assets/sxm/models/block/tin_ore_nether.json
2018-04-04 02:08:06: Change Analyzed: S:/Documents/MinecraftModding/xcraftmod/src/main/resources/assets/sxm/models/block/ore_nether_tin.json
2018-04-04 02:08:06: Change Analyzed: S:/Documents/MinecraftModding/xcraftmod/src/main/resources/assets/sxm/models/block/tin_ore_end.json
2018-04-04 02:08:06: Change Analyzed: S:/Documents/MinecraftModding/xcraftmod/src/main/resources/assets/sxm/models/block/ore_end_tin.json
2018-04-04 02:08:06: Locking folder gdrive://www.googleapis.com/Good Sync/Eclips Projects/Moding Minecraft 1.12.2/Application for write
2018-04-04 02:08:08: Change Analyzed: gdrive://www.googleapis.com/Good Sync/Eclips Projects/Moding Minecraft 1.12.2/Application/main/resources/assets/sxm/models/block/ore_overworld_tin.json
2018-04-04 02:08:08: Change Analyzed: gdrive://www.googleapis.com/Good Sync/Eclips Projects/Moding Minecraft 1.12.2/Application/main/resources/assets/sxm/models/block/ore_overworld_tin.json
2018-04-04 02:08:08: Change Analyzed: gdrive://www.googleapis.com/Good Sync/Eclips Projects/Moding Minecraft 1.12.2/Application/main/resources/assets/sxm/models/block/tin_ore_overworld.json
2018-04-04 02:08:10: On disk file:///S: space required for sync is 0 bytes, you have 1.25 TB
2018-04-04 02:08:10: On disk gdrive://www.googleapis.com space required for sync is 0 bytes, you have 12.4 GB
2018-04-04 02:08:10: Changes: 4, Conflicts: 0, CopyTime: 0, FixState: 0, Errors: 0, All: 22340
2018-04-04 02:08:10: Left to Right: Rename/Move File/Folder: 4 
2018-04-04 02:08:10: -- Analysis Complete. Time 00:00:06, Speed: 92 files/s
2018-04-04 02:08:10: == Sync Started by On File Change, After Delay, Under Runner
2018-04-04 02:08:10: Mod Sync: SYNC started by On File Change, After Delay, Under Runner on 'SENPAI_DESKTOP'
2018-04-04 02:08:10: =Data Storage:\Documents\MinecraftModding\xcraftmod\src (S:/Documents/MinecraftModding/xcraftmod/src) [TmpDest] <-> gdrive://www.googleapis.com/Good Sync/Eclips Projects/Moding Minecraft 1.12.2/Application [DirDest], RecycleTo_RecycleBin, SaveDays_RecycleBin=30d, ReconnectSecs=120, SyncWorkerThreads=99, OnFileChange Delay=5, Unattended, WaitForLocksMin=20, ResolveConflicts=NewerFileWins, AutoClear, LinksIgnore
2018-04-04 02:08:11: File Systems limited number of parallel threads to 20
2018-04-04 02:08:11: Start only 4 threads, limited by tasks to run
2018-04-04 02:08:12: Move File gdrive://www.googleapis.com/Good Sync/Eclips Projects/Moding Minecraft 1.12.2/Application/main/resources/assets/sxm/models/block/tin_ore_end.json -> gdrive://www.googleapis.com/Good Sync/Eclips Projects/Moding Minecraft 1.12.2/Application/main/resources/assets/sxm/models/block/ore_end_tin.json
2018-04-04 02:08:12: Move File gdrive://www.googleapis.com/Good Sync/Eclips Projects/Moding Minecraft 1.12.2/Application/main/resources/assets/sxm/models/block/tin_ore_nether.json -> gdrive://www.googleapis.com/Good Sync/Eclips Projects/Moding Minecraft 1.12.2/Application/main/resources/assets/sxm/models/block/ore_nether_tin.json
2018-04-04 02:08:15: Change detected [1]: t=Modified path=/main/resources/assets/sxm/models/block/ore_nether_tin.json
2018-04-04 02:08:15: Change detected [1]: t=MovedTo path=/main/resources/assets/sxm/models/block/ore_nether_tin.json
2018-04-04 02:08:15: Change detected [1]: t=MovedFrom path=/main/resources/assets/sxm/models/block/tin_ore_nether.json
2018-04-04 02:08:16: Change detected [1]: t=Modified path=/main/resources/assets/sxm/models/block/ore_end_tin.json
2018-04-04 02:08:16: Change detected [1]: t=MovedTo path=/main/resources/assets/sxm/models/block/ore_end_tin.json
2018-04-04 02:08:16: Change detected [1]: t=MovedFrom path=/main/resources/assets/sxm/models/block/tin_ore_end.json
2018-04-04 02:08:16: Save State File S:/Documents/MinecraftModding/xcraftmod/src/_gsdata_/_file_state_v4._gs
2018-04-04 02:08:20: Save State File gdrive://www.googleapis.com/Good Sync/Eclips Projects/Moding Minecraft 1.12.2/Application/_gsdata_/_file_state_v4._gs
2018-04-04 02:08:20: Cleanup recycled files in S:/Documents/MinecraftModding/xcraftmod/src/_gsdata_/_saved_
2018-04-04 02:08:20: Load Recycled DB: S:/Documents/MinecraftModding/xcraftmod/src/_gsdata_/_recycled_db._gs
2018-04-04 02:08:20: Cleanup old logs in S:/Documents/MinecraftModding/xcraftmod/src/_gsdata_
2018-04-04 02:08:20: Cleanup recycled files in gdrive://www.googleapis.com/Good Sync/Eclips Projects/Moding Minecraft 1.12.2/Application/_gsdata_/_saved_
2018-04-04 02:08:21: Load Recycled DB: gdrive://www.googleapis.com/Good Sync/Eclips Projects/Moding Minecraft 1.12.2/Application/_gsdata_/_recycled_db._gs
2018-04-04 02:08:21: Cleanup old logs in gdrive://www.googleapis.com/Good Sync/Eclips Projects/Moding Minecraft 1.12.2/Application/_gsdata_
2018-04-04 02:08:21: == Sync Complete. Time: 00:00:11, Speed: 2.66 KB/s, OK: 4, Errors: 0
2018-04-04 02:08:21: Unlocking folder S:/Documents/MinecraftModding/xcraftmod/src/_gsdata_/lock.gsl
2018-04-04 02:08:21: Unlocking folder gdrive://www.googleapis.com/Good Sync/Eclips Projects/Moding Minecraft 1.12.2/Application/_gsdata_/lock.gsl
2018-04-04 02:08:22: 
