2018-04-04 00:24:39: Connected to S:\Documents\MinecraftModding\xcraftmod\src: S: NTFS: type=NTFS vol=Data Storage flags=3E706FF
2018-04-04 00:24:39: Connected to gdrive://www.googleapis.com/Good Sync/Eclips Projects/Moding Minecraft 1.12.2/Application
2018-04-04 00:24:39: Incremental Analyze for On File Change
2018-04-04 00:24:39: -- Analysis Started by On File Change, After Delay, Under Runner
2018-04-04 00:24:39: Mod Sync: ANALYSIS started by On File Change, After Delay, Under Runner on 'SENPAI_DESKTOP' (GoodSync 10.8.1.1)
2018-04-04 00:24:39: =Data Storage:\Documents\MinecraftModding\xcraftmod\src (S:/Documents/MinecraftModding/xcraftmod/src) [TmpDest] <-> gdrive://www.googleapis.com/Good Sync/Eclips Projects/Moding Minecraft 1.12.2/Application [DirDest], RecycleTo_RecycleBin, SaveDays_RecycleBin=30d, ReconnectSecs=120, SyncWorkerThreads=99, OnFileChange Delay=5, Unattended, WaitForLocksMin=20, ResolveConflicts=NewerFileWins, AutoClear, LinksIgnore
2018-04-04 00:24:39: Exclude Hidden, Exclude System, Exclude name *._gstmp|/System Volume Information|Thumbs.db|.DS_Store 
2018-04-04 00:24:39: Locking folder S:/Documents/MinecraftModding/xcraftmod/src for write
2018-04-04 00:24:39: Change Analyzed: S:/Documents/MinecraftModding/xcraftmod/src/main/java/com/senpai/init/ItemInit.java
2018-04-04 00:24:39: Change Analyzed: S:/Documents/MinecraftModding/xcraftmod/src/main/java/com/senpai/init/ItemInit.java
2018-04-04 00:24:39: Change Analyzed: S:/Documents/MinecraftModding/xcraftmod/src/main/java/com/senpai/objects/items/ItemBase.java
2018-04-04 00:24:39: Change Analyzed: S:/Documents/MinecraftModding/xcraftmod/src/main/java/com/senpai/items/ItemBase.java
2018-04-04 00:24:39: Change Analyzed: S:/Documents/MinecraftModding/xcraftmod/src/main/java/com/senpai/items/ItemBase.java
2018-04-04 00:24:39: Change Analyzed: S:/Documents/MinecraftModding/xcraftmod/src/main/java/com/senpai/items/ItemBase.java
2018-04-04 00:24:39: Change Analyzed: S:/Documents/MinecraftModding/xcraftmod/src/main/java/com/senpai/objects/items/ItemChip.java
2018-04-04 00:24:39: Change Analyzed: S:/Documents/MinecraftModding/xcraftmod/src/main/java/com/senpai/items/ItemChip.java
2018-04-04 00:24:39: Change Analyzed: S:/Documents/MinecraftModding/xcraftmod/src/main/java/com/senpai/items/ItemChip.java
2018-04-04 00:24:39: Change Analyzed: S:/Documents/MinecraftModding/xcraftmod/src/main/java/com/senpai/items/ItemChip.java
2018-04-04 00:24:39: Change Analyzed: S:/Documents/MinecraftModding/xcraftmod/src/main/java/com/senpai/init/ItemInit.java
2018-04-04 00:24:39: Change Analyzed: S:/Documents/MinecraftModding/xcraftmod/src/main/java/com/senpai/init/ItemInit.java
2018-04-04 00:24:39: Change Analyzed: S:/Documents/MinecraftModding/xcraftmod/src/main/java/com/senpai/objects/items/XcraftHandbook.java
2018-04-04 00:24:39: Change Analyzed: S:/Documents/MinecraftModding/xcraftmod/src/main/java/com/senpai/items/XcraftHandbook.java
2018-04-04 00:24:39: Change Analyzed: S:/Documents/MinecraftModding/xcraftmod/src/main/java/com/senpai/items/XcraftHandbook.java
2018-04-04 00:24:39: Change Analyzed: S:/Documents/MinecraftModding/xcraftmod/src/main/java/com/senpai/items/XcraftHandbook.java
2018-04-04 00:24:39: Change Analyzed: S:/Documents/MinecraftModding/xcraftmod/src/main/java/com/senpai/objects/items/ItemChip.java
2018-04-04 00:24:39: Locking folder gdrive://www.googleapis.com/Good Sync/Eclips Projects/Moding Minecraft 1.12.2/Application for write
2018-04-04 00:24:44: Change Analyzed: gdrive://www.googleapis.com/Good Sync/Eclips Projects/Moding Minecraft 1.12.2/Application/main/java/com/senpai/blocks/BlockTinBlock.java
2018-04-04 00:24:44: Change Analyzed: gdrive://www.googleapis.com/Good Sync/Eclips Projects/Moding Minecraft 1.12.2/Application/main/java/com/senpai/blocks/BlockBreaker.java
2018-04-04 00:24:44: Change Analyzed: gdrive://www.googleapis.com/Good Sync/Eclips Projects/Moding Minecraft 1.12.2/Application/main/java/com/senpai/blocks/BlockEnergyCell.java
2018-04-04 00:24:45: Change Analyzed: gdrive://www.googleapis.com/Good Sync/Eclips Projects/Moding Minecraft 1.12.2/Application/main/java/com/senpai/blocks/BlockMachineFrame.java
2018-04-04 00:24:45: Change Analyzed: gdrive://www.googleapis.com/Good Sync/Eclips Projects/Moding Minecraft 1.12.2/Application/main/java/com/senpai/blocks/BlockMachine.java
2018-04-04 00:24:45: Change Analyzed: gdrive://www.googleapis.com/Good Sync/Eclips Projects/Moding Minecraft 1.12.2/Application/main/java/com/senpai/blocks/BlockBreaker.java
2018-04-04 00:24:45: Change Analyzed: gdrive://www.googleapis.com/Good Sync/Eclips Projects/Moding Minecraft 1.12.2/Application/main/java/com/senpai/blocks/BlockMachine.java
2018-04-04 00:24:45: Change Analyzed: gdrive://www.googleapis.com/Good Sync/Eclips Projects/Moding Minecraft 1.12.2/Application/main/java/com/senpai/objects/blocks/BlockTinBlock.java
2018-04-04 00:24:45: Change Analyzed: gdrive://www.googleapis.com/Good Sync/Eclips Projects/Moding Minecraft 1.12.2/Application/main/java/com/senpai/objects/blocks/BlockMachine.java
2018-04-04 00:24:45: Change Analyzed: gdrive://www.googleapis.com/Good Sync/Eclips Projects/Moding Minecraft 1.12.2/Application/main/java/com/senpai/objects/blocks/BlockEnergyCell.java
2018-04-04 00:24:45: Change Analyzed: gdrive://www.googleapis.com/Good Sync/Eclips Projects/Moding Minecraft 1.12.2/Application/main/java/com/senpai/blocks/BlockMachineFrame.java
2018-04-04 00:24:45: Change Analyzed: gdrive://www.googleapis.com/Good Sync/Eclips Projects/Moding Minecraft 1.12.2/Application/main/java/com/senpai/blocks/BlockMachineFrame.java
2018-04-04 00:24:46: Change Analyzed: gdrive://www.googleapis.com/Good Sync/Eclips Projects/Moding Minecraft 1.12.2/Application/main/java/com/senpai/blocks/BlockTinBlock.java
2018-04-04 00:24:46: Change Analyzed: gdrive://www.googleapis.com/Good Sync/Eclips Projects/Moding Minecraft 1.12.2/Application/main/java/com/senpai/objects/items/ItemChip.java
2018-04-04 00:24:46: Change Analyzed: gdrive://www.googleapis.com/Good Sync/Eclips Projects/Moding Minecraft 1.12.2/Application/main/java/com/senpai/blocks/BlockEnergyCell.java
2018-04-04 00:24:46: Change Analyzed: gdrive://www.googleapis.com/Good Sync/Eclips Projects/Moding Minecraft 1.12.2/Application/main/java/com/senpai/blocks/BlockBreaker.java
2018-04-04 00:24:46: Change Analyzed: gdrive://www.googleapis.com/Good Sync/Eclips Projects/Moding Minecraft 1.12.2/Application/main/java/com/senpai/objects/items/ItemChip.java
2018-04-04 00:24:46: On disk file:///S: space required for sync is 0 bytes, you have 1.25 TB
2018-04-04 00:24:46: On disk gdrive://www.googleapis.com space required for sync is 8.00 KB, you have 12.4 GB
2018-04-04 00:24:47: Changes: 6, Conflicts: 0, CopyTime: 0, FixState: 1, Errors: 0, All: 22156
2018-04-04 00:24:47: Left to Right: Copy File: 4 Delete File: 2 
2018-04-04 00:24:47: -- Analysis Complete. Time 00:00:08, Speed: 53 files/s
2018-04-04 00:24:47: == Sync Started by On File Change, After Delay, Under Runner
2018-04-04 00:24:47: Mod Sync: SYNC started by On File Change, After Delay, Under Runner on 'SENPAI_DESKTOP'
2018-04-04 00:24:47: =Data Storage:\Documents\MinecraftModding\xcraftmod\src (S:/Documents/MinecraftModding/xcraftmod/src) [TmpDest] <-> gdrive://www.googleapis.com/Good Sync/Eclips Projects/Moding Minecraft 1.12.2/Application [DirDest], RecycleTo_RecycleBin, SaveDays_RecycleBin=30d, ReconnectSecs=120, SyncWorkerThreads=99, OnFileChange Delay=5, Unattended, WaitForLocksMin=20, ResolveConflicts=NewerFileWins, AutoClear, LinksIgnore
2018-04-04 00:24:49: Load Recycled DB: gdrive://www.googleapis.com/Good Sync/Eclips Projects/Moding Minecraft 1.12.2/Application/_gsdata_/_recycled_db._gs
2018-04-04 00:24:49: Delete File 'gdrive://www.googleapis.com/Good Sync/Eclips Projects/Moding Minecraft 1.12.2/Application/main/java/com/senpai/objects/items/ItemBase.java'
2018-04-04 00:24:49: Sync State Merge: /main/java/com/senpai/objects/items/ItemChip.java
2018-04-04 00:24:49: Change detected [1]: t=MovedFrom path=/main/java/com/senpai/objects/items/ItemBase.java
2018-04-04 00:24:50: Change detected [0]: t=Created path=/main/java/com/senpai/items/basic
2018-04-04 00:24:50: Delete File 'gdrive://www.googleapis.com/Good Sync/Eclips Projects/Moding Minecraft 1.12.2/Application/main/java/com/senpai/objects/items/XcraftHandbook.java'
2018-04-04 00:24:50: File Systems limited number of parallel threads to 20
2018-04-04 00:24:50: Start only 4 threads, limited by tasks to run
2018-04-04 00:24:53: Copy New 'S:/Documents/MinecraftModding/xcraftmod/src/main/java/com/senpai/items/ItemBase.java' -> 'gdrive://www.googleapis.com/Good Sync/Eclips Projects/Moding Minecraft 1.12.2/Application/main/java/com/senpai/items/ItemBase.java' (605)
2018-04-04 00:24:53: Copy Over 'S:/Documents/MinecraftModding/xcraftmod/src/main/java/com/senpai/init/ItemInit.java' -> 'gdrive://www.googleapis.com/Good Sync/Eclips Projects/Moding Minecraft 1.12.2/Application/main/java/com/senpai/init/ItemInit.java' (2786)
2018-04-04 00:24:54: Copy New 'S:/Documents/MinecraftModding/xcraftmod/src/main/java/com/senpai/items/ItemChip.java' -> 'gdrive://www.googleapis.com/Good Sync/Eclips Projects/Moding Minecraft 1.12.2/Application/main/java/com/senpai/items/ItemChip.java' (2345)
2018-04-04 00:24:54: Copy New 'S:/Documents/MinecraftModding/xcraftmod/src/main/java/com/senpai/items/XcraftHandbook.java' -> 'gdrive://www.googleapis.com/Good Sync/Eclips Projects/Moding Minecraft 1.12.2/Application/main/java/com/senpai/items/XcraftHandbook.java' (613)
2018-04-04 00:24:54: Save State File S:/Documents/MinecraftModding/xcraftmod/src/_gsdata_/_file_state_v4._gs
2018-04-04 00:24:56: Save State File gdrive://www.googleapis.com/Good Sync/Eclips Projects/Moding Minecraft 1.12.2/Application/_gsdata_/_file_state_v4._gs
2018-04-04 00:24:56: Cleanup recycled files in S:/Documents/MinecraftModding/xcraftmod/src/_gsdata_/_saved_
2018-04-04 00:24:56: Load Recycled DB: S:/Documents/MinecraftModding/xcraftmod/src/_gsdata_/_recycled_db._gs
2018-04-04 00:24:56: Deleted old log file C:/Users/Senpai/AppData/Roaming/GoodSync/_mirrors_/file-=Data Storage-Documents-MinecraftModding-xcraftmod-src/2018-0328-002421-SENPAI_DESKTOP-Runner-Mod Sync.log
2018-04-04 00:24:56: Cleanup old logs in S:/Documents/MinecraftModding/xcraftmod/src/_gsdata_
2018-04-04 00:24:56: Delete log file S:/Documents/MinecraftModding/xcraftmod/src/_gsdata_/2018-0328-002421-SENPAI_DESKTOP-Runner-Mod Sync.log
2018-04-04 00:24:56: Cleanup recycled files in gdrive://www.googleapis.com/Good Sync/Eclips Projects/Moding Minecraft 1.12.2/Application/_gsdata_/_saved_
2018-04-04 00:24:57: Save Recycled DB: gdrive://www.googleapis.com/Good Sync/Eclips Projects/Moding Minecraft 1.12.2/Application/_gsdata_/_recycled_db._gs
2018-04-04 00:24:57: Deleted old log file C:/Users/Senpai/AppData/Roaming/GoodSync/_mirrors_/gdrive-Wicky_Gustave-0AGIAX4LCOy-XUk9PVA@www.googleapis.com-Good Sync-Eclips Projects-Moding Minecraft 1.12.2-Application/2018-0328-002421-SENPAI_DESKTOP-Runner-Mod Sync.log
2018-04-04 00:24:57: Cleanup old logs in gdrive://www.googleapis.com/Good Sync/Eclips Projects/Moding Minecraft 1.12.2/Application/_gsdata_
2018-04-04 00:24:57: Delete log file gdrive://www.googleapis.com/Good Sync/Eclips Projects/Moding Minecraft 1.12.2/Application/_gsdata_/2018-0328-002421-SENPAI_DESKTOP-Runner-Mod Sync.log
2018-04-04 00:24:58: == Sync Complete. Time: 00:00:11, Speed: 7.19 KB/s, OK: 7, Errors: 0
2018-04-04 00:24:58: Unlocking folder S:/Documents/MinecraftModding/xcraftmod/src/_gsdata_/lock.gsl
2018-04-04 00:24:58: Unlocking folder gdrive://www.googleapis.com/Good Sync/Eclips Projects/Moding Minecraft 1.12.2/Application/_gsdata_/lock.gsl
2018-04-04 00:24:59: 
