2018-04-02 17:36:17: Connected to S:\Documents\MinecraftModding\xcraftmod\src: S: NTFS: type=NTFS vol=Data Storage flags=3E706FF
2018-04-02 17:36:18: Connected to gdrive://www.googleapis.com/Good Sync/Eclips Projects/Moding Minecraft 1.12.2/Application
2018-04-02 17:36:18: Incremental Analyze for On File Change
2018-04-02 17:36:18: -- Analysis Started by On File Change, After Delay, Under Runner
2018-04-02 17:36:18: Mod Sync: ANALYSIS started by On File Change, After Delay, Under Runner on 'SENPAI_DESKTOP' (GoodSync 10.8.1.1)
2018-04-02 17:36:18: =Data Storage:\Documents\MinecraftModding\xcraftmod\src (S:/Documents/MinecraftModding/xcraftmod/src) [TmpDest] <-> gdrive://www.googleapis.com/Good Sync/Eclips Projects/Moding Minecraft 1.12.2/Application [DirDest], RecycleTo_RecycleBin, SaveDays_RecycleBin=30d, ReconnectSecs=120, SyncWorkerThreads=99, OnFileChange Delay=5, Unattended, WaitForLocksMin=20, ResolveConflicts=NewerFileWins, AutoClear, LinksIgnore
2018-04-02 17:36:18: Exclude Hidden, Exclude System, Exclude name *._gstmp|/System Volume Information|Thumbs.db|.DS_Store 
2018-04-02 17:36:18: Locking folder S:/Documents/MinecraftModding/xcraftmod/src for write
2018-04-02 17:36:18: Change Analyzed: S:/Documents/MinecraftModding/xcraftmod/src/main/java/com/senpai/util/Utils.java
2018-04-02 17:36:18: Change Analyzed: S:/Documents/MinecraftModding/xcraftmod/src/main/java/com/senpai/util/Utils.java
2018-04-02 17:36:18: Change Analyzed: S:/Documents/MinecraftModding/xcraftmod/src/main/java/com/senpai/util/Utils.java
2018-04-02 17:36:18: Locking folder gdrive://www.googleapis.com/Good Sync/Eclips Projects/Moding Minecraft 1.12.2/Application for write
2018-04-02 17:36:20: On disk file:///S: space required for sync is 0 bytes, you have 1.25 TB
2018-04-02 17:36:20: On disk gdrive://www.googleapis.com space required for sync is 1.00 KB, you have 12.4 GB
2018-04-02 17:36:20: Changes: 1, Conflicts: 0, CopyTime: 0, FixState: 0, Errors: 0, All: 21964
2018-04-02 17:36:20: Left to Right: Copy File: 1 
2018-04-02 17:36:20: -- Analysis Complete. Time 00:00:04, Speed: 75 files/s
2018-04-02 17:36:20: == Sync Started by On File Change, After Delay, Under Runner
2018-04-02 17:36:20: Mod Sync: SYNC started by On File Change, After Delay, Under Runner on 'SENPAI_DESKTOP'
2018-04-02 17:36:20: =Data Storage:\Documents\MinecraftModding\xcraftmod\src (S:/Documents/MinecraftModding/xcraftmod/src) [TmpDest] <-> gdrive://www.googleapis.com/Good Sync/Eclips Projects/Moding Minecraft 1.12.2/Application [DirDest], RecycleTo_RecycleBin, SaveDays_RecycleBin=30d, ReconnectSecs=120, SyncWorkerThreads=99, OnFileChange Delay=5, Unattended, WaitForLocksMin=20, ResolveConflicts=NewerFileWins, AutoClear, LinksIgnore
2018-04-02 17:36:22: File Systems limited number of parallel threads to 20
2018-04-02 17:36:22: Start only 1 threads, limited by tasks to run
2018-04-02 17:36:23: S:\Documents\MinecraftModding\xcraftmod\src\main\java\com\senpai\util\Utils.java: Downloaded 5670 bytes, MORE than expected 55 bytes
2018-04-02 17:36:23: Change detected [0]: t=Modified path=/main/java/com/senpai/util/Utils.java
2018-04-02 17:36:23: Change detected [0]: t=Modified path=/main/java/com/senpai/util/Utils.java
2018-04-02 17:36:24: gdrive://www.googleapis.com/Good Sync/Eclips Projects/Moding Minecraft 1.12.2/Application/main/java/com/senpai/util/Utils.java: Destination file has changed size after upload from 55 to 5670 while source file remained the same
2018-04-02 17:36:24: Copy New 'S:/Documents/MinecraftModding/xcraftmod/src/main/java/com/senpai/util/Utils.java' -> 'gdrive://www.googleapis.com/Good Sync/Eclips Projects/Moding Minecraft 1.12.2/Application/main/java/com/senpai/util/Utils.java' (55)
2018-04-02 17:36:24: Change detected [0]: t=Modified path=/main/java/com/senpai/util/Utils.java
2018-04-02 17:36:24: Save State File S:/Documents/MinecraftModding/xcraftmod/src/_gsdata_/_file_state_v4._gs
2018-04-02 17:36:26: Save State File gdrive://www.googleapis.com/Good Sync/Eclips Projects/Moding Minecraft 1.12.2/Application/_gsdata_/_file_state_v4._gs
2018-04-02 17:36:26: Cleanup recycled files in S:/Documents/MinecraftModding/xcraftmod/src/_gsdata_/_saved_
2018-04-02 17:36:26: Load Recycled DB: S:/Documents/MinecraftModding/xcraftmod/src/_gsdata_/_recycled_db._gs
2018-04-02 17:36:26: Deleted old log file C:/Users/Senpai/AppData/Roaming/GoodSync/_mirrors_/file-=Data Storage-Documents-MinecraftModding-xcraftmod-src/2018-0326-173322-SENPAI_DESKTOP-Runner-Mod Sync.log
2018-04-02 17:36:26: Deleted old log file C:/Users/Senpai/AppData/Roaming/GoodSync/_mirrors_/file-=Data Storage-Documents-MinecraftModding-xcraftmod-src/2018-0326-173337-SENPAI_DESKTOP-Runner-Mod Sync.log
2018-04-02 17:36:26: Deleted old log file C:/Users/Senpai/AppData/Roaming/GoodSync/_mirrors_/file-=Data Storage-Documents-MinecraftModding-xcraftmod-src/2018-0326-173358-SENPAI_DESKTOP-Runner-Mod Sync.log
2018-04-02 17:36:26: Cleanup old logs in S:/Documents/MinecraftModding/xcraftmod/src/_gsdata_
2018-04-02 17:36:26: Delete log file S:/Documents/MinecraftModding/xcraftmod/src/_gsdata_/2018-0326-173337-SENPAI_DESKTOP-Runner-Mod Sync.log
2018-04-02 17:36:26: Cleanup recycled files in gdrive://www.googleapis.com/Good Sync/Eclips Projects/Moding Minecraft 1.12.2/Application/_gsdata_/_saved_
2018-04-02 17:36:27: Load Recycled DB: gdrive://www.googleapis.com/Good Sync/Eclips Projects/Moding Minecraft 1.12.2/Application/_gsdata_/_recycled_db._gs
2018-04-02 17:36:27: Deleted old log file C:/Users/Senpai/AppData/Roaming/GoodSync/_mirrors_/gdrive-Wicky_Gustave-0AGIAX4LCOy-XUk9PVA@www.googleapis.com-Good Sync-Eclips Projects-Moding Minecraft 1.12.2-Application/2018-0326-173322-SENPAI_DESKTOP-Runner-Mod Sync.log
2018-04-02 17:36:27: Deleted old log file C:/Users/Senpai/AppData/Roaming/GoodSync/_mirrors_/gdrive-Wicky_Gustave-0AGIAX4LCOy-XUk9PVA@www.googleapis.com-Good Sync-Eclips Projects-Moding Minecraft 1.12.2-Application/2018-0326-173337-SENPAI_DESKTOP-Runner-Mod Sync.log
2018-04-02 17:36:27: Deleted old log file C:/Users/Senpai/AppData/Roaming/GoodSync/_mirrors_/gdrive-Wicky_Gustave-0AGIAX4LCOy-XUk9PVA@www.googleapis.com-Good Sync-Eclips Projects-Moding Minecraft 1.12.2-Application/2018-0326-173358-SENPAI_DESKTOP-Runner-Mod Sync.log
2018-04-02 17:36:27: Cleanup old logs in gdrive://www.googleapis.com/Good Sync/Eclips Projects/Moding Minecraft 1.12.2/Application/_gsdata_
2018-04-02 17:36:27: Change detected [1]: t=Modified path=/main/java/com/senpai/util/Utils.java
2018-04-02 17:36:27: Delete log file gdrive://www.googleapis.com/Good Sync/Eclips Projects/Moding Minecraft 1.12.2/Application/_gsdata_/2018-0326-173337-SENPAI_DESKTOP-Runner-Mod Sync.log
2018-04-02 17:36:27: Change detected [1]: t=Created path=/main/java/com/senpai/util/Utils.java
2018-04-02 17:36:27: == Sync Complete. Time: 00:00:07, Speed: 1.82 KB/s, OK: 1, Errors: 0
2018-04-02 17:36:27: Unlocking folder S:/Documents/MinecraftModding/xcraftmod/src/_gsdata_/lock.gsl
2018-04-02 17:36:27: Unlocking folder gdrive://www.googleapis.com/Good Sync/Eclips Projects/Moding Minecraft 1.12.2/Application/_gsdata_/lock.gsl
2018-04-02 17:36:29: 
