2018-04-03 02:40:06: Connected to S:\Documents\MinecraftModding\xcraftmod\src: S: NTFS: type=NTFS vol=Data Storage flags=3E706FF
2018-04-03 02:40:06: Connected to gdrive://www.googleapis.com/Good Sync/Eclips Projects/Moding Minecraft 1.12.2/Application
2018-04-03 02:40:06: Incremental Analyze for On File Change
2018-04-03 02:40:07: -- Analysis Started by On File Change, After Delay, Under Runner
2018-04-03 02:40:07: Mod Sync: ANALYSIS started by On File Change, After Delay, Under Runner on 'SENPAI_DESKTOP' (GoodSync 10.8.1.1)
2018-04-03 02:40:07: =Data Storage:\Documents\MinecraftModding\xcraftmod\src (S:/Documents/MinecraftModding/xcraftmod/src) [TmpDest] <-> gdrive://www.googleapis.com/Good Sync/Eclips Projects/Moding Minecraft 1.12.2/Application [DirDest], RecycleTo_RecycleBin, SaveDays_RecycleBin=30d, ReconnectSecs=120, SyncWorkerThreads=99, OnFileChange Delay=5, Unattended, WaitForLocksMin=20, ResolveConflicts=NewerFileWins, AutoClear, LinksIgnore
2018-04-03 02:40:07: Exclude Hidden, Exclude System, Exclude name *._gstmp|/System Volume Information|Thumbs.db|.DS_Store 
2018-04-03 02:40:07: Locking folder S:/Documents/MinecraftModding/xcraftmod/src for write
2018-04-03 02:40:07: Change Analyzed: S:/Documents/MinecraftModding/xcraftmod/src/main/java/com/senpai/advancements/Criterion.java
2018-04-03 02:40:07: Change Analyzed: S:/Documents/MinecraftModding/xcraftmod/src/main/java/com/senpai/advancements
2018-04-03 02:40:07: Change Analyzed: S:/Documents/MinecraftModding/xcraftmod/src/main/java/com/senpai/advancements/ICriterionInstance.java
2018-04-03 02:40:07: Change Analyzed: S:/Documents/MinecraftModding/xcraftmod/src/main/java/com/senpai/advancements
2018-04-03 02:40:07: Change Analyzed: S:/Documents/MinecraftModding/xcraftmod/src/main/java/com/senpai/advancements/CriteriaTriggers.java
2018-04-03 02:40:07: Change Analyzed: S:/Documents/MinecraftModding/xcraftmod/src/main/java/com/senpai/advancements
2018-04-03 02:40:07: Change Analyzed: S:/Documents/MinecraftModding/xcraftmod/src/main/java/com/senpai/advancements/ICriterionTrigger.java
2018-04-03 02:40:07: Change Analyzed: S:/Documents/MinecraftModding/xcraftmod/src/main/java/com/senpai/advancements
2018-04-03 02:40:07: Change Analyzed: S:/Documents/MinecraftModding/xcraftmod/src/main/java/com/senpai/advancements/PlayerAdvancements.java
2018-04-03 02:40:07: Change Analyzed: S:/Documents/MinecraftModding/xcraftmod/src/main/java/com/senpai/advancements
2018-04-03 02:40:07: Change Analyzed: S:/Documents/MinecraftModding/xcraftmod/src/main/java/com/senpai/advancements
2018-04-03 02:40:07: Change Analyzed: S:/Documents/MinecraftModding/xcraftmod/src/main/java/com/senpai/advancements/CriteriaTriggers.java
2018-04-03 02:40:07: Locking folder gdrive://www.googleapis.com/Good Sync/Eclips Projects/Moding Minecraft 1.12.2/Application for write
2018-04-03 02:40:08: Change Analyzed: gdrive://www.googleapis.com/Good Sync/Eclips Projects/Moding Minecraft 1.12.2/Application/main/java/com/senpai/advancements/CriteriaTriggers.java
2018-04-03 02:40:10: Change Analyzed: gdrive://www.googleapis.com/Good Sync/Eclips Projects/Moding Minecraft 1.12.2/Application/main/java/com/senpai/advancements/CriteriaTriggers.java
2018-04-03 02:40:10: On disk file:///S: space required for sync is 0 bytes, you have 1.25 TB
2018-04-03 02:40:10: On disk gdrive://www.googleapis.com space required for sync is 0 bytes, you have 12.4 GB
2018-04-03 02:40:10: Changes: 5, Conflicts: 0, CopyTime: 0, FixState: 1, Errors: 0, All: 22066
2018-04-03 02:40:10: Left to Right: Delete File: 5 
2018-04-03 02:40:10: -- Analysis Complete. Time 00:00:05, Speed: 77 files/s
2018-04-03 02:40:10: == Sync Started by On File Change, After Delay, Under Runner
2018-04-03 02:40:10: Mod Sync: SYNC started by On File Change, After Delay, Under Runner on 'SENPAI_DESKTOP'
2018-04-03 02:40:10: =Data Storage:\Documents\MinecraftModding\xcraftmod\src (S:/Documents/MinecraftModding/xcraftmod/src) [TmpDest] <-> gdrive://www.googleapis.com/Good Sync/Eclips Projects/Moding Minecraft 1.12.2/Application [DirDest], RecycleTo_RecycleBin, SaveDays_RecycleBin=30d, ReconnectSecs=120, SyncWorkerThreads=99, OnFileChange Delay=5, Unattended, WaitForLocksMin=20, ResolveConflicts=NewerFileWins, AutoClear, LinksIgnore
2018-04-03 02:40:10: Sync State Merge: /main/java/com/senpai/advancements/CriteriaTriggers.java
2018-04-03 02:40:11: Change detected [0]: t=Modified path=/main/java/com/senpai/objects/blocks/BlockBeacon.java
2018-04-03 02:40:11: Change detected [0]: t=Modified path=/main/java/com/senpai/objects/blocks/BlockBeacon.java
2018-04-03 02:40:12: Change detected [0]: t=Modified path=/main/java/com/senpai/objects/blocks/BlockBeacon.java
2018-04-03 02:40:12: Load Recycled DB: gdrive://www.googleapis.com/Good Sync/Eclips Projects/Moding Minecraft 1.12.2/Application/_gsdata_/_recycled_db._gs
2018-04-03 02:40:12: Delete File 'gdrive://www.googleapis.com/Good Sync/Eclips Projects/Moding Minecraft 1.12.2/Application/main/java/com/senpai/advancements/Criterion.java'
2018-04-03 02:40:13: Delete File 'gdrive://www.googleapis.com/Good Sync/Eclips Projects/Moding Minecraft 1.12.2/Application/main/java/com/senpai/advancements/ICriterionInstance.java'
2018-04-03 02:40:14: Delete File 'gdrive://www.googleapis.com/Good Sync/Eclips Projects/Moding Minecraft 1.12.2/Application/main/java/com/senpai/advancements/ICriterionTrigger.java'
2018-04-03 02:40:15: Delete File 'gdrive://www.googleapis.com/Good Sync/Eclips Projects/Moding Minecraft 1.12.2/Application/main/java/com/senpai/advancements/PlayerAdvancements.java'
2018-04-03 02:40:15: Delete Folder 'gdrive://www.googleapis.com/Good Sync/Eclips Projects/Moding Minecraft 1.12.2/Application/main/java/com/senpai/advancements'
2018-04-03 02:40:15: File Systems limited number of parallel threads to 20
2018-04-03 02:40:15: Start only 0 threads, limited by tasks to run
2018-04-03 02:40:16: Save State File S:/Documents/MinecraftModding/xcraftmod/src/_gsdata_/_file_state_v4._gs
2018-04-03 02:40:16: Change detected [1]: t=Deleted path=/main/java/com/senpai/advancements
2018-04-03 02:40:17: Change detected [1]: t=MovedFrom path=/main/java/com/senpai/advancements/PlayerAdvancements.java
2018-04-03 02:40:17: Change detected [1]: t=MovedFrom path=/main/java/com/senpai/advancements/ICriterionTrigger.java
2018-04-03 02:40:17: Change detected [1]: t=MovedFrom path=/main/java/com/senpai/advancements/ICriterionInstance.java
2018-04-03 02:40:17: Change detected [1]: t=MovedFrom path=/main/java/com/senpai/advancements/Criterion.java
2018-04-03 02:40:18: Save State File gdrive://www.googleapis.com/Good Sync/Eclips Projects/Moding Minecraft 1.12.2/Application/_gsdata_/_file_state_v4._gs
2018-04-03 02:40:18: Cleanup recycled files in S:/Documents/MinecraftModding/xcraftmod/src/_gsdata_/_saved_
2018-04-03 02:40:18: Load Recycled DB: S:/Documents/MinecraftModding/xcraftmod/src/_gsdata_/_recycled_db._gs
2018-04-03 02:40:18: Cleanup old logs in S:/Documents/MinecraftModding/xcraftmod/src/_gsdata_
2018-04-03 02:40:18: Cleanup recycled files in gdrive://www.googleapis.com/Good Sync/Eclips Projects/Moding Minecraft 1.12.2/Application/_gsdata_/_saved_
2018-04-03 02:40:19: Save Recycled DB: gdrive://www.googleapis.com/Good Sync/Eclips Projects/Moding Minecraft 1.12.2/Application/_gsdata_/_recycled_db._gs
2018-04-03 02:40:19: Cleanup old logs in gdrive://www.googleapis.com/Good Sync/Eclips Projects/Moding Minecraft 1.12.2/Application/_gsdata_
2018-04-03 02:40:20: == Sync Complete. Time: 00:00:10, Speed: 8.00 KB/s, OK: 6, Errors: 0
2018-04-03 02:40:20: Unlocking folder S:/Documents/MinecraftModding/xcraftmod/src/_gsdata_/lock.gsl
2018-04-03 02:40:20: Unlocking folder gdrive://www.googleapis.com/Good Sync/Eclips Projects/Moding Minecraft 1.12.2/Application/_gsdata_/lock.gsl
2018-04-03 02:40:21: 
