2018-04-02 16:41:52: Change detected [0]: t=Created path=/main/java/com/senpai/util/tileEntities/EnergyCell/slots
2018-04-02 16:41:52: Change detected [0]: t=Created path=/main/java/com/senpai/util/tileEntities/EnergyCell/slots/SlotSinteringFurnaceFuel.java
2018-04-02 16:41:52: Change detected [0]: t=Modified path=/main/java/com/senpai/util/tileEntities/EnergyCell/slots/SlotSinteringFurnaceFuel.java
2018-04-02 16:41:52: Change detected [0]: t=Modified path=/main/java/com/senpai/util/tileEntities/EnergyCell/slots/SlotSinteringFurnaceFuel.java
2018-04-02 16:41:52: Change detected [0]: t=Created path=/main/java/com/senpai/util/tileEntities/EnergyCell/slots/SlotSinteringFurnaceOutput.java
2018-04-02 16:41:52: Change detected [0]: t=Modified path=/main/java/com/senpai/util/tileEntities/EnergyCell/slots/SlotSinteringFurnaceOutput.java
2018-04-02 16:41:52: Change detected [0]: t=Modified path=/main/java/com/senpai/util/tileEntities/EnergyCell/slots/SlotSinteringFurnaceOutput.java
2018-04-02 16:41:52: Change detected [0]: t=Created path=/main/java/com/senpai/util/tileEntities/EnergyCell/BlockSinteringFurnace.java
2018-04-02 16:41:52: Change detected [0]: t=Modified path=/main/java/com/senpai/util/tileEntities/EnergyCell/BlockSinteringFurnace.java
2018-04-02 16:41:52: Change detected [0]: t=Modified path=/main/java/com/senpai/util/tileEntities/EnergyCell/BlockSinteringFurnace.java
2018-04-02 16:41:52: Change detected [0]: t=Modified path=/main/java/com/senpai/util/tileEntities/EnergyCell/BlockSinteringFurnace.java
2018-04-02 16:41:52: Change detected [0]: t=Created path=/main/java/com/senpai/util/tileEntities/EnergyCell/ContainerSinteringFurnace.java
2018-04-02 16:41:52: Change detected [0]: t=Modified path=/main/java/com/senpai/util/tileEntities/EnergyCell/ContainerSinteringFurnace.java
2018-04-02 16:41:52: Change detected [0]: t=Modified path=/main/java/com/senpai/util/tileEntities/EnergyCell/ContainerSinteringFurnace.java
2018-04-02 16:41:52: Change detected [0]: t=Modified path=/main/java/com/senpai/util/tileEntities/EnergyCell/ContainerSinteringFurnace.java
2018-04-02 16:41:52: Change detected [0]: t=Created path=/main/java/com/senpai/util/tileEntities/EnergyCell/GuiSinteringFurnace.java
2018-04-02 16:41:52: Change detected [0]: t=Modified path=/main/java/com/senpai/util/tileEntities/EnergyCell/GuiSinteringFurnace.java
2018-04-02 16:41:52: Change detected [0]: t=Modified path=/main/java/com/senpai/util/tileEntities/EnergyCell/GuiSinteringFurnace.java
2018-04-02 16:41:52: Change detected [0]: t=Created path=/main/java/com/senpai/util/tileEntities/EnergyCell/SinteringFurnaceRecipes.java
2018-04-02 16:41:52: Change detected [0]: t=Modified path=/main/java/com/senpai/util/tileEntities/EnergyCell/SinteringFurnaceRecipes.java
2018-04-02 16:41:52: Change detected [0]: t=Modified path=/main/java/com/senpai/util/tileEntities/EnergyCell/SinteringFurnaceRecipes.java
2018-04-02 16:41:52: Change detected [0]: t=Created path=/main/java/com/senpai/util/tileEntities/EnergyCell/TileEntitySinteringFurnace.java
2018-04-02 16:41:52: Change detected [0]: t=Modified path=/main/java/com/senpai/util/tileEntities/EnergyCell/TileEntitySinteringFurnace.java
2018-04-02 16:41:52: Change detected [0]: t=Modified path=/main/java/com/senpai/util/tileEntities/EnergyCell/TileEntitySinteringFurnace.java
2018-04-02 16:41:52: Change detected [0]: t=Modified path=/main/java/com/senpai/util/tileEntities/EnergyCell/TileEntitySinteringFurnace.java
2018-04-02 16:41:52: Connected to S:\Documents\MinecraftModding\xcraftmod\src: S: NTFS: type=NTFS vol=Data Storage flags=3E706FF
2018-04-02 16:41:52: Connected to gdrive://www.googleapis.com/Good Sync/Eclips Projects/Moding Minecraft 1.12.2/Application
2018-04-02 16:41:52: Incremental Analyze for On File Change
2018-04-02 16:41:53: -- Analysis Started by On File Change, After Delay, Under Runner
2018-04-02 16:41:53: Mod Sync: ANALYSIS started by On File Change, After Delay, Under Runner on 'SENPAI_DESKTOP' (GoodSync 10.8.1.1)
2018-04-02 16:41:53: =Data Storage:\Documents\MinecraftModding\xcraftmod\src (S:/Documents/MinecraftModding/xcraftmod/src) [TmpDest] <-> gdrive://www.googleapis.com/Good Sync/Eclips Projects/Moding Minecraft 1.12.2/Application [DirDest], RecycleTo_RecycleBin, SaveDays_RecycleBin=30d, ReconnectSecs=120, SyncWorkerThreads=99, OnFileChange Delay=5, Unattended, WaitForLocksMin=20, ResolveConflicts=NewerFileWins, AutoClear, LinksIgnore
2018-04-02 16:41:53: Exclude Hidden, Exclude System, Exclude name *._gstmp|/System Volume Information|Thumbs.db|.DS_Store 
2018-04-02 16:41:53: Locking folder S:/Documents/MinecraftModding/xcraftmod/src for write
2018-04-02 16:41:53: Change Analyzed: S:/Documents/MinecraftModding/xcraftmod/src/main/java/com/senpai/util/tileEntities/EnergyCell/slots
2018-04-02 16:41:53: Scan Newly Added Folder: S:/Documents/MinecraftModding/xcraftmod/src/main/java/com/senpai/util/tileEntities/EnergyCell/slots
2018-04-02 16:41:53: Change Analyzed: S:/Documents/MinecraftModding/xcraftmod/src/main/java/com/senpai/util/tileEntities/EnergyCell/slots/SlotSinteringFurnaceFuel.java
2018-04-02 16:41:53: Change Analyzed: S:/Documents/MinecraftModding/xcraftmod/src/main/java/com/senpai/util/tileEntities/EnergyCell/slots/SlotSinteringFurnaceFuel.java
2018-04-02 16:41:53: Change Analyzed: S:/Documents/MinecraftModding/xcraftmod/src/main/java/com/senpai/util/tileEntities/EnergyCell/slots/SlotSinteringFurnaceFuel.java
2018-04-02 16:41:53: Change Analyzed: S:/Documents/MinecraftModding/xcraftmod/src/main/java/com/senpai/util/tileEntities/EnergyCell/slots/SlotSinteringFurnaceOutput.java
2018-04-02 16:41:53: Change Analyzed: S:/Documents/MinecraftModding/xcraftmod/src/main/java/com/senpai/util/tileEntities/EnergyCell/slots/SlotSinteringFurnaceOutput.java
2018-04-02 16:41:53: Change Analyzed: S:/Documents/MinecraftModding/xcraftmod/src/main/java/com/senpai/util/tileEntities/EnergyCell/slots/SlotSinteringFurnaceOutput.java
2018-04-02 16:41:53: Change Analyzed: S:/Documents/MinecraftModding/xcraftmod/src/main/java/com/senpai/util/tileEntities/EnergyCell/BlockSinteringFurnace.java
2018-04-02 16:41:53: Change Analyzed: S:/Documents/MinecraftModding/xcraftmod/src/main/java/com/senpai/util/tileEntities/EnergyCell/BlockSinteringFurnace.java
2018-04-02 16:41:53: Change Analyzed: S:/Documents/MinecraftModding/xcraftmod/src/main/java/com/senpai/util/tileEntities/EnergyCell/BlockSinteringFurnace.java
2018-04-02 16:41:53: Change Analyzed: S:/Documents/MinecraftModding/xcraftmod/src/main/java/com/senpai/util/tileEntities/EnergyCell/BlockSinteringFurnace.java
2018-04-02 16:41:53: Change Analyzed: S:/Documents/MinecraftModding/xcraftmod/src/main/java/com/senpai/util/tileEntities/EnergyCell/ContainerSinteringFurnace.java
2018-04-02 16:41:53: Change Analyzed: S:/Documents/MinecraftModding/xcraftmod/src/main/java/com/senpai/util/tileEntities/EnergyCell/ContainerSinteringFurnace.java
2018-04-02 16:41:53: Change Analyzed: S:/Documents/MinecraftModding/xcraftmod/src/main/java/com/senpai/util/tileEntities/EnergyCell/ContainerSinteringFurnace.java
2018-04-02 16:41:53: Change Analyzed: S:/Documents/MinecraftModding/xcraftmod/src/main/java/com/senpai/util/tileEntities/EnergyCell/ContainerSinteringFurnace.java
2018-04-02 16:41:53: Change Analyzed: S:/Documents/MinecraftModding/xcraftmod/src/main/java/com/senpai/util/tileEntities/EnergyCell/GuiSinteringFurnace.java
2018-04-02 16:41:53: Change Analyzed: S:/Documents/MinecraftModding/xcraftmod/src/main/java/com/senpai/util/tileEntities/EnergyCell/GuiSinteringFurnace.java
2018-04-02 16:41:53: Change Analyzed: S:/Documents/MinecraftModding/xcraftmod/src/main/java/com/senpai/util/tileEntities/EnergyCell/GuiSinteringFurnace.java
2018-04-02 16:41:53: Change Analyzed: S:/Documents/MinecraftModding/xcraftmod/src/main/java/com/senpai/util/tileEntities/EnergyCell/SinteringFurnaceRecipes.java
2018-04-02 16:41:53: Change Analyzed: S:/Documents/MinecraftModding/xcraftmod/src/main/java/com/senpai/util/tileEntities/EnergyCell/SinteringFurnaceRecipes.java
2018-04-02 16:41:53: Change Analyzed: S:/Documents/MinecraftModding/xcraftmod/src/main/java/com/senpai/util/tileEntities/EnergyCell/SinteringFurnaceRecipes.java
2018-04-02 16:41:53: Change Analyzed: S:/Documents/MinecraftModding/xcraftmod/src/main/java/com/senpai/util/tileEntities/EnergyCell/TileEntitySinteringFurnace.java
2018-04-02 16:41:53: Change Analyzed: S:/Documents/MinecraftModding/xcraftmod/src/main/java/com/senpai/util/tileEntities/EnergyCell/TileEntitySinteringFurnace.java
2018-04-02 16:41:53: Change Analyzed: S:/Documents/MinecraftModding/xcraftmod/src/main/java/com/senpai/util/tileEntities/EnergyCell/TileEntitySinteringFurnace.java
2018-04-02 16:41:53: Change Analyzed: S:/Documents/MinecraftModding/xcraftmod/src/main/java/com/senpai/util/tileEntities/EnergyCell/TileEntitySinteringFurnace.java
2018-04-02 16:41:53: Locking folder gdrive://www.googleapis.com/Good Sync/Eclips Projects/Moding Minecraft 1.12.2/Application for write
2018-04-02 16:41:53: Change detected [0]: t=Modified path=/main/java/com/senpai/util/tileEntities/EnergyCell/BlockSinteringFurnace.java
2018-04-02 16:41:53: Change detected [0]: t=Modified path=/main/java/com/senpai/util/tileEntities/EnergyCell/ContainerSinteringFurnace.java
2018-04-02 16:41:53: Change detected [0]: t=Modified path=/main/java/com/senpai/util/tileEntities/EnergyCell/TileEntitySinteringFurnace.java
2018-04-02 16:41:54: Change Analyzed: gdrive://www.googleapis.com/Good Sync/Eclips Projects/Moding Minecraft 1.12.2/Application/main/java/com/senpai/util/tileEntities/EnergyCell/TileEntityEnergyCell.java
2018-04-02 16:41:54: Change Analyzed: gdrive://www.googleapis.com/Good Sync/Eclips Projects/Moding Minecraft 1.12.2/Application/main/java/com/senpai/proxy/ClientProxy.java
2018-04-02 16:41:54: Change Analyzed: gdrive://www.googleapis.com/Good Sync/Eclips Projects/Moding Minecraft 1.12.2/Application/main/java/com/senpai/objects/blocks/machines/engineering/BlockEnergyStorage.java
2018-04-02 16:41:54: Change Analyzed: gdrive://www.googleapis.com/Good Sync/Eclips Projects/Moding Minecraft 1.12.2/Application/main/java/com/senpai/util/tileEntities/EnergyCell/TileEntityEnergyCell.java
2018-04-02 16:41:54: Change Analyzed: gdrive://www.googleapis.com/Good Sync/Eclips Projects/Moding Minecraft 1.12.2/Application/main/java/com/senpai/objects/blocks/machines/engineering/BlockEnergyStorage.java
2018-04-02 16:41:55: Change Analyzed: gdrive://www.googleapis.com/Good Sync/Eclips Projects/Moding Minecraft 1.12.2/Application/main/java/com/senpai/container/ContainerEnergyCell.java
2018-04-02 16:41:55: Change Analyzed: gdrive://www.googleapis.com/Good Sync/Eclips Projects/Moding Minecraft 1.12.2/Application/main/java/com/senpai/proxy/ClientProxy.java
2018-04-02 16:41:55: Change Analyzed: gdrive://www.googleapis.com/Good Sync/Eclips Projects/Moding Minecraft 1.12.2/Application/main/java/com/senpai/container/ContainerEnergyCell.java
2018-04-02 16:41:55: Change Analyzed: gdrive://www.googleapis.com/Good Sync/Eclips Projects/Moding Minecraft 1.12.2/Application/main/java/com/senpai/objects/blocks/machines/engineering/BlockEnergyStorage.java
2018-04-02 16:41:55: Change Analyzed: gdrive://www.googleapis.com/Good Sync/Eclips Projects/Moding Minecraft 1.12.2/Application/main/java/com/senpai/container/ContainerEnergyCell.java
2018-04-02 16:41:55: Change Analyzed: gdrive://www.googleapis.com/Good Sync/Eclips Projects/Moding Minecraft 1.12.2/Application/main/java/com/senpai/util/tileEntities/TileEntityEnergyCell.java
2018-04-02 16:41:55: Change Analyzed: gdrive://www.googleapis.com/Good Sync/Eclips Projects/Moding Minecraft 1.12.2/Application/main/java/com/senpai/proxy/ClientProxy.java
2018-04-02 16:41:56: On disk file:///S: space required for sync is 0 bytes, you have 1.25 TB
2018-04-02 16:41:56: On disk gdrive://www.googleapis.com space required for sync is 29.0 KB, you have 12.4 GB
2018-04-02 16:41:56: Changes: 8, Conflicts: 0, CopyTime: 0, FixState: 0, Errors: 0, All: 21950
2018-04-02 16:41:56: Left to Right: Copy File: 8 
2018-04-02 16:41:56: -- Analysis Complete. Time 00:00:05, Speed: 61 files/s
2018-04-02 16:41:56: == Sync Started by On File Change, After Delay, Under Runner
2018-04-02 16:41:56: Mod Sync: SYNC started by On File Change, After Delay, Under Runner on 'SENPAI_DESKTOP'
2018-04-02 16:41:56: =Data Storage:\Documents\MinecraftModding\xcraftmod\src (S:/Documents/MinecraftModding/xcraftmod/src) [TmpDest] <-> gdrive://www.googleapis.com/Good Sync/Eclips Projects/Moding Minecraft 1.12.2/Application [DirDest], RecycleTo_RecycleBin, SaveDays_RecycleBin=30d, ReconnectSecs=120, SyncWorkerThreads=99, OnFileChange Delay=5, Unattended, WaitForLocksMin=20, ResolveConflicts=NewerFileWins, AutoClear, LinksIgnore
2018-04-02 16:41:57: Create Folder 'gdrive://www.googleapis.com/Good Sync/Eclips Projects/Moding Minecraft 1.12.2/Application/main/java/com/senpai/util/tileEntities/EnergyCell/slots'
2018-04-02 16:41:57: File Systems limited number of parallel threads to 20
2018-04-02 16:41:57: Start only 7 threads, limited by tasks to run
2018-04-02 16:41:58: Change detected [0]: t=Deleted path=/main/java/com/senpai/util/tileEntities/EnergyCell/TileEntitySinteringFurnace.java
2018-04-02 16:41:59: Copy New 'S:/Documents/MinecraftModding/xcraftmod/src/main/java/com/senpai/util/tileEntities/EnergyCell/BlockSinteringFurnace.java' -> 'gdrive://www.googleapis.com/Good Sync/Eclips Projects/Moding Minecraft 1.12.2/Application/main/java/com/senpai/util/tileEntities/EnergyCell/BlockSinteringFurnace.java' (6041)
2018-04-02 16:41:59: Change detected [0]: t=Deleted path=/main/java/com/senpai/util/tileEntities/EnergyCell/SinteringFurnaceRecipes.java
2018-04-02 16:41:59: Copy New 'S:/Documents/MinecraftModding/xcraftmod/src/main/java/com/senpai/util/tileEntities/EnergyCell/SinteringFurnaceRecipes.java' -> 'gdrive://www.googleapis.com/Good Sync/Eclips Projects/Moding Minecraft 1.12.2/Application/main/java/com/senpai/util/tileEntities/EnergyCell/SinteringFurnaceRecipes.java' (2571)
- ERROR: Copying file: Cannot open local file 'S:/Documents/MinecraftModding/xcraftmod/src/main/java/com/senpai/util/tileEntities/EnergyCell/SinteringFurnaceRecipes.java' for read: The system cannot find the file specified.  (error 2)
2018-04-02 16:42:00: Copy New 'S:/Documents/MinecraftModding/xcraftmod/src/main/java/com/senpai/util/tileEntities/EnergyCell/ContainerSinteringFurnace.java' -> 'gdrive://www.googleapis.com/Good Sync/Eclips Projects/Moding Minecraft 1.12.2/Application/main/java/com/senpai/util/tileEntities/EnergyCell/ContainerSinteringFurnace.java' (4785)
2018-04-02 16:42:00: Copy New 'S:/Documents/MinecraftModding/xcraftmod/src/main/java/com/senpai/util/tileEntities/EnergyCell/GuiSinteringFurnace.java' -> 'gdrive://www.googleapis.com/Good Sync/Eclips Projects/Moding Minecraft 1.12.2/Application/main/java/com/senpai/util/tileEntities/EnergyCell/GuiSinteringFurnace.java' (2240)
2018-04-02 16:42:00: Copy New 'S:/Documents/MinecraftModding/xcraftmod/src/main/java/com/senpai/util/tileEntities/EnergyCell/TileEntitySinteringFurnace.java' -> 'gdrive://www.googleapis.com/Good Sync/Eclips Projects/Moding Minecraft 1.12.2/Application/main/java/com/senpai/util/tileEntities/EnergyCell/TileEntitySinteringFurnace.java' (10012)
- ERROR: Copying file: Cannot open local file 'S:/Documents/MinecraftModding/xcraftmod/src/main/java/com/senpai/util/tileEntities/EnergyCell/TileEntitySinteringFurnace.java' for read: The system cannot find the file specified.  (error 2)
2018-04-02 16:42:00: Copy New 'S:/Documents/MinecraftModding/xcraftmod/src/main/java/com/senpai/util/tileEntities/EnergyCell/TileEntitySinteringFurnace.java' -> 'gdrive://www.googleapis.com/Good Sync/Eclips Projects/Moding Minecraft 1.12.2/Application/main/java/com/senpai/util/tileEntities/EnergyCell/TileEntitySinteringFurnace.java' (10012)
- ERROR: Copying file: Cannot open local file 'S:/Documents/MinecraftModding/xcraftmod/src/main/java/com/senpai/util/tileEntities/EnergyCell/TileEntitySinteringFurnace.java' for read: The system cannot find the file specified.  (error 2)
2018-04-02 16:42:01: Copy New 'S:/Documents/MinecraftModding/xcraftmod/src/main/java/com/senpai/util/tileEntities/EnergyCell/slots/SlotSinteringFurnaceFuel.java' -> 'gdrive://www.googleapis.com/Good Sync/Eclips Projects/Moding Minecraft 1.12.2/Application/main/java/com/senpai/util/tileEntities/EnergyCell/slots/SlotSinteringFurnaceFuel.java' (685)
2018-04-02 16:42:01: Copy New 'S:/Documents/MinecraftModding/xcraftmod/src/main/java/com/senpai/util/tileEntities/EnergyCell/slots/SlotSinteringFurnaceOutput.java' -> 'gdrive://www.googleapis.com/Good Sync/Eclips Projects/Moding Minecraft 1.12.2/Application/main/java/com/senpai/util/tileEntities/EnergyCell/slots/SlotSinteringFurnaceOutput.java' (989)
2018-04-02 16:42:02: Save State File S:/Documents/MinecraftModding/xcraftmod/src/_gsdata_/_file_state_v4._gs
2018-04-02 16:42:03: Change detected [1]: t=Modified path=/main/java/com/senpai/util/tileEntities/EnergyCell/slots/SlotSinteringFurnaceOutput.java
2018-04-02 16:42:03: Change detected [1]: t=Created path=/main/java/com/senpai/util/tileEntities/EnergyCell/slots/SlotSinteringFurnaceOutput.java
2018-04-02 16:42:03: Change detected [1]: t=Modified path=/main/java/com/senpai/util/tileEntities/EnergyCell/slots/SlotSinteringFurnaceFuel.java
2018-04-02 16:42:03: Change detected [1]: t=Created path=/main/java/com/senpai/util/tileEntities/EnergyCell/slots/SlotSinteringFurnaceFuel.java
2018-04-02 16:42:03: Change detected [1]: t=Modified path=/main/java/com/senpai/util/tileEntities/EnergyCell/GuiSinteringFurnace.java
2018-04-02 16:42:03: Change detected [1]: t=Created path=/main/java/com/senpai/util/tileEntities/EnergyCell/GuiSinteringFurnace.java
2018-04-02 16:42:03: Change detected [1]: t=Modified path=/main/java/com/senpai/util/tileEntities/EnergyCell/ContainerSinteringFurnace.java
2018-04-02 16:42:03: Change detected [1]: t=Created path=/main/java/com/senpai/util/tileEntities/EnergyCell/ContainerSinteringFurnace.java
2018-04-02 16:42:03: Change detected [1]: t=Modified path=/main/java/com/senpai/util/tileEntities/EnergyCell/BlockSinteringFurnace.java
2018-04-02 16:42:04: Change detected [1]: t=Created path=/main/java/com/senpai/util/tileEntities/EnergyCell/BlockSinteringFurnace.java
2018-04-02 16:42:04: Change detected [1]: t=Created path=/main/java/com/senpai/util/tileEntities/EnergyCell/slots
2018-04-02 16:42:04: Save State File gdrive://www.googleapis.com/Good Sync/Eclips Projects/Moding Minecraft 1.12.2/Application/_gsdata_/_file_state_v4._gs
2018-04-02 16:42:05: Sync finished with 3 errors. Click Errors button to see sync errors
2018-04-02 16:42:05: Cleanup recycled files in S:/Documents/MinecraftModding/xcraftmod/src/_gsdata_/_saved_
2018-04-02 16:42:05: Load Recycled DB: S:/Documents/MinecraftModding/xcraftmod/src/_gsdata_/_recycled_db._gs
2018-04-02 16:42:05: Cleanup old logs in S:/Documents/MinecraftModding/xcraftmod/src/_gsdata_
2018-04-02 16:42:05: Cleanup recycled files in gdrive://www.googleapis.com/Good Sync/Eclips Projects/Moding Minecraft 1.12.2/Application/_gsdata_/_saved_
2018-04-02 16:42:06: Load Recycled DB: gdrive://www.googleapis.com/Good Sync/Eclips Projects/Moding Minecraft 1.12.2/Application/_gsdata_/_recycled_db._gs
2018-04-02 16:42:06: Cleanup old logs in gdrive://www.googleapis.com/Good Sync/Eclips Projects/Moding Minecraft 1.12.2/Application/_gsdata_
2018-04-02 16:42:06: == Sync Complete. Time: 00:00:10, Speed: 12.1 KB/s, OK: 6, Errors: 3
2018-04-02 16:42:06: Deleted lock file S:/Documents/MinecraftModding/xcraftmod/src/_gsdata_/lock.gsl
2018-04-02 16:42:06: Deleted lock file gdrive://www.googleapis.com/Good Sync/Eclips Projects/Moding Minecraft 1.12.2/Application/_gsdata_/lock.gsl
2018-04-02 16:42:06: 
