2018-04-02 17:42:33: Connected to S:\Documents\MinecraftModding\xcraftmod\src: S: NTFS: type=NTFS vol=Data Storage flags=3E706FF
2018-04-02 17:42:33: Connected to gdrive://www.googleapis.com/Good Sync/Eclips Projects/Moding Minecraft 1.12.2/Application
2018-04-02 17:42:33: Incremental Analyze for On File Change
2018-04-02 17:42:34: -- Analysis Started by On File Change, After Delay, Under Runner
2018-04-02 17:42:34: Mod Sync: ANALYSIS started by On File Change, After Delay, Under Runner on 'SENPAI_DESKTOP' (GoodSync 10.8.1.1)
2018-04-02 17:42:34: =Data Storage:\Documents\MinecraftModding\xcraftmod\src (S:/Documents/MinecraftModding/xcraftmod/src) [TmpDest] <-> gdrive://www.googleapis.com/Good Sync/Eclips Projects/Moding Minecraft 1.12.2/Application [DirDest], RecycleTo_RecycleBin, SaveDays_RecycleBin=30d, ReconnectSecs=120, SyncWorkerThreads=99, OnFileChange Delay=5, Unattended, WaitForLocksMin=20, ResolveConflicts=NewerFileWins, AutoClear, LinksIgnore
2018-04-02 17:42:34: Exclude Hidden, Exclude System, Exclude name *._gstmp|/System Volume Information|Thumbs.db|.DS_Store 
2018-04-02 17:42:34: Locking folder S:/Documents/MinecraftModding/xcraftmod/src for write
2018-04-02 17:42:34: Change Analyzed: S:/Documents/MinecraftModding/xcraftmod/src/main/java/com/senpai/objects/blocks/item/IMetaBlockName.java
2018-04-02 17:42:34: Change Analyzed: S:/Documents/MinecraftModding/xcraftmod/src/main/java/com/senpai/objects/blocks/item/IMetaBlockName.java
2018-04-02 17:42:34: Change Analyzed: S:/Documents/MinecraftModding/xcraftmod/src/main/java/com/senpai/objects/blocks/item/IMetaBlockName.java
2018-04-02 17:42:34: Locking folder gdrive://www.googleapis.com/Good Sync/Eclips Projects/Moding Minecraft 1.12.2/Application for write
2018-04-02 17:42:36: On disk file:///S: space required for sync is 0 bytes, you have 1.25 TB
2018-04-02 17:42:36: On disk gdrive://www.googleapis.com space required for sync is 1.00 KB, you have 12.4 GB
2018-04-02 17:42:36: Changes: 1, Conflicts: 0, CopyTime: 0, FixState: 0, Errors: 0, All: 21966
2018-04-02 17:42:36: Left to Right: Copy File: 1 
2018-04-02 17:42:36: -- Analysis Complete. Time 00:00:04, Speed: 75 files/s
2018-04-02 17:42:36: == Sync Started by On File Change, After Delay, Under Runner
2018-04-02 17:42:36: Mod Sync: SYNC started by On File Change, After Delay, Under Runner on 'SENPAI_DESKTOP'
2018-04-02 17:42:36: =Data Storage:\Documents\MinecraftModding\xcraftmod\src (S:/Documents/MinecraftModding/xcraftmod/src) [TmpDest] <-> gdrive://www.googleapis.com/Good Sync/Eclips Projects/Moding Minecraft 1.12.2/Application [DirDest], RecycleTo_RecycleBin, SaveDays_RecycleBin=30d, ReconnectSecs=120, SyncWorkerThreads=99, OnFileChange Delay=5, Unattended, WaitForLocksMin=20, ResolveConflicts=NewerFileWins, AutoClear, LinksIgnore
2018-04-02 17:42:36: File Systems limited number of parallel threads to 20
2018-04-02 17:42:36: Start only 1 threads, limited by tasks to run
2018-04-02 17:42:38: Change detected [0]: t=Modified path=/main/java/com/senpai/objects/blocks/item/IMetaBlockName.java
2018-04-02 17:42:38: Change detected [0]: t=Modified path=/main/java/com/senpai/objects/blocks/item/IMetaBlockName.java
2018-04-02 17:42:38: Copy New 'S:/Documents/MinecraftModding/xcraftmod/src/main/java/com/senpai/objects/blocks/item/IMetaBlockName.java' -> 'gdrive://www.googleapis.com/Good Sync/Eclips Projects/Moding Minecraft 1.12.2/Application/main/java/com/senpai/objects/blocks/item/IMetaBlockName.java' (79)
2018-04-02 17:42:38: Save State File S:/Documents/MinecraftModding/xcraftmod/src/_gsdata_/_file_state_v4._gs
2018-04-02 17:42:40: Save State File gdrive://www.googleapis.com/Good Sync/Eclips Projects/Moding Minecraft 1.12.2/Application/_gsdata_/_file_state_v4._gs
2018-04-02 17:42:40: Cleanup recycled files in S:/Documents/MinecraftModding/xcraftmod/src/_gsdata_/_saved_
2018-04-02 17:42:40: Load Recycled DB: S:/Documents/MinecraftModding/xcraftmod/src/_gsdata_/_recycled_db._gs
2018-04-02 17:42:40: Cleanup old logs in S:/Documents/MinecraftModding/xcraftmod/src/_gsdata_
2018-04-02 17:42:40: Cleanup recycled files in gdrive://www.googleapis.com/Good Sync/Eclips Projects/Moding Minecraft 1.12.2/Application/_gsdata_/_saved_
2018-04-02 17:42:41: Load Recycled DB: gdrive://www.googleapis.com/Good Sync/Eclips Projects/Moding Minecraft 1.12.2/Application/_gsdata_/_recycled_db._gs
2018-04-02 17:42:41: Cleanup old logs in gdrive://www.googleapis.com/Good Sync/Eclips Projects/Moding Minecraft 1.12.2/Application/_gsdata_
2018-04-02 17:42:41: == Sync Complete. Time: 00:00:05, Speed: 951 bytes/s, OK: 1, Errors: 0
2018-04-02 17:42:41: Unlocking folder S:/Documents/MinecraftModding/xcraftmod/src/_gsdata_/lock.gsl
2018-04-02 17:42:41: Unlocking folder gdrive://www.googleapis.com/Good Sync/Eclips Projects/Moding Minecraft 1.12.2/Application/_gsdata_/lock.gsl
2018-04-02 17:42:42: 
