2018-04-02 18:53:25: Connected to S:\Documents\MinecraftModding\xcraftmod\src: S: NTFS: type=NTFS vol=Data Storage flags=3E706FF
2018-04-02 18:53:25: Connected to gdrive://www.googleapis.com/Good Sync/Eclips Projects/Moding Minecraft 1.12.2/Application
2018-04-02 18:53:26: Incremental Analyze for On File Change
2018-04-02 18:53:26: -- Analysis Started by On File Change, After Delay, Under Runner
2018-04-02 18:53:26: Mod Sync: ANALYSIS started by On File Change, After Delay, Under Runner on 'SENPAI_DESKTOP' (GoodSync 10.8.1.1)
2018-04-02 18:53:26: =Data Storage:\Documents\MinecraftModding\xcraftmod\src (S:/Documents/MinecraftModding/xcraftmod/src) [TmpDest] <-> gdrive://www.googleapis.com/Good Sync/Eclips Projects/Moding Minecraft 1.12.2/Application [DirDest], RecycleTo_RecycleBin, SaveDays_RecycleBin=30d, ReconnectSecs=120, SyncWorkerThreads=99, OnFileChange Delay=5, Unattended, WaitForLocksMin=20, ResolveConflicts=NewerFileWins, AutoClear, LinksIgnore
2018-04-02 18:53:26: Exclude Hidden, Exclude System, Exclude name *._gstmp|/System Volume Information|Thumbs.db|.DS_Store 
2018-04-02 18:53:26: Locking folder S:/Documents/MinecraftModding/xcraftmod/src for write
2018-04-02 18:53:26: Change Analyzed: S:/Documents/MinecraftModding/xcraftmod/src/main/resources/assets/sxm/models/item/energy_cell_basic.json
2018-04-02 18:53:26: Change Analyzed: S:/Documents/MinecraftModding/xcraftmod/src/main/resources/assets/sxm/models/item/energy_cell_basic.json
2018-04-02 18:53:26: Change Analyzed: S:/Documents/MinecraftModding/xcraftmod/src/main/resources/assets/sxm/models/item/energy_cell_basic.json
2018-04-02 18:53:26: Change Analyzed: S:/Documents/MinecraftModding/xcraftmod/src/main/resources/assets/sxm/models/item/energy_cell_basic.json
2018-04-02 18:53:26: Change Analyzed: S:/Documents/MinecraftModding/xcraftmod/src/main/resources/assets/sxm/models/item/energy_cell_advanced.json
2018-04-02 18:53:26: Change Analyzed: S:/Documents/MinecraftModding/xcraftmod/src/main/resources/assets/sxm/models/item/energy_cell_advanced.json
2018-04-02 18:53:26: Change Analyzed: S:/Documents/MinecraftModding/xcraftmod/src/main/resources/assets/sxm/models/item/energy_cell_advanced.json
2018-04-02 18:53:26: Change Analyzed: S:/Documents/MinecraftModding/xcraftmod/src/main/resources/assets/sxm/models/item/energy_cell_advanced.json
2018-04-02 18:53:26: Change Analyzed: S:/Documents/MinecraftModding/xcraftmod/src/main/resources/assets/sxm/models/item/energy_cell_basic.json
2018-04-02 18:53:26: Change Analyzed: S:/Documents/MinecraftModding/xcraftmod/src/main/resources/assets/sxm/models/item/energy_cell_advanced.json
2018-04-02 18:53:26: Change Analyzed: S:/Documents/MinecraftModding/xcraftmod/src/main/resources/assets/sxm/models/item/energy_storge.json
2018-04-02 18:53:26: Locking folder gdrive://www.googleapis.com/Good Sync/Eclips Projects/Moding Minecraft 1.12.2/Application for write
2018-04-02 18:53:28: Change Analyzed: gdrive://www.googleapis.com/Good Sync/Eclips Projects/Moding Minecraft 1.12.2/Application/main/resources/assets/sxm/models/block/energy_storge.json
2018-04-02 18:53:28: Change Analyzed: gdrive://www.googleapis.com/Good Sync/Eclips Projects/Moding Minecraft 1.12.2/Application/main/resources/assets/sxm/models/block/energy_cell_connection_normal_basic.json
2018-04-02 18:53:28: Change Analyzed: gdrive://www.googleapis.com/Good Sync/Eclips Projects/Moding Minecraft 1.12.2/Application/main/resources/assets/sxm/models/block/energy_cell_connection_out_basic.json
2018-04-02 18:53:28: Change Analyzed: gdrive://www.googleapis.com/Good Sync/Eclips Projects/Moding Minecraft 1.12.2/Application/main/resources/assets/sxm/models/block/energy_cell_connection_out_basic.json
2018-04-02 18:53:28: Change Analyzed: gdrive://www.googleapis.com/Good Sync/Eclips Projects/Moding Minecraft 1.12.2/Application/main/resources/assets/sxm/models/block/energy_cell_connection_out_advanced.json
2018-04-02 18:53:28: Change Analyzed: gdrive://www.googleapis.com/Good Sync/Eclips Projects/Moding Minecraft 1.12.2/Application/main/resources/assets/sxm/models/block/energy_cell_connection_out_advanced.json
2018-04-02 18:53:28: Change Analyzed: gdrive://www.googleapis.com/Good Sync/Eclips Projects/Moding Minecraft 1.12.2/Application/main/resources/assets/sxm/models/block/energy_cell_connection_normal_basic.json
2018-04-02 18:53:28: Change Analyzed: gdrive://www.googleapis.com/Good Sync/Eclips Projects/Moding Minecraft 1.12.2/Application/main/resources/assets/sxm/models/block/energy_cell_connection_in_basic.json
2018-04-02 18:53:28: Change Analyzed: gdrive://www.googleapis.com/Good Sync/Eclips Projects/Moding Minecraft 1.12.2/Application/main/resources/assets/sxm/models/block/energy_cell_connection_normal_advanced.json
2018-04-02 18:53:29: Change Analyzed: gdrive://www.googleapis.com/Good Sync/Eclips Projects/Moding Minecraft 1.12.2/Application/main/resources/assets/sxm/models/block/energy_cell_connection_normal_advanced.json
2018-04-02 18:53:29: Change Analyzed: gdrive://www.googleapis.com/Good Sync/Eclips Projects/Moding Minecraft 1.12.2/Application/main/resources/assets/sxm/models/block/energy_cell_connection_in_basic.json
2018-04-02 18:53:29: Change Analyzed: gdrive://www.googleapis.com/Good Sync/Eclips Projects/Moding Minecraft 1.12.2/Application/main/resources/assets/sxm/models/block/energy_cell_centre_basic.json
2018-04-02 18:53:29: Change Analyzed: gdrive://www.googleapis.com/Good Sync/Eclips Projects/Moding Minecraft 1.12.2/Application/main/resources/assets/sxm/models/block/energy_cell_connection_in_advanced.json
2018-04-02 18:53:29: Change Analyzed: gdrive://www.googleapis.com/Good Sync/Eclips Projects/Moding Minecraft 1.12.2/Application/main/resources/assets/sxm/models/block/energy_cell_connection_in_advanced.json
2018-04-02 18:53:29: Change Analyzed: gdrive://www.googleapis.com/Good Sync/Eclips Projects/Moding Minecraft 1.12.2/Application/main/resources/assets/sxm/models/block/energy_cell_centre_basic.json
2018-04-02 18:53:29: Change Analyzed: gdrive://www.googleapis.com/Good Sync/Eclips Projects/Moding Minecraft 1.12.2/Application/main/resources/assets/sxm/models/block/energy_cell_centre_advanced.json
2018-04-02 18:53:29: Change Analyzed: gdrive://www.googleapis.com/Good Sync/Eclips Projects/Moding Minecraft 1.12.2/Application/main/resources/assets/sxm/models/block/energy_cell_centre_advanced.json
2018-04-02 18:53:30: On disk file:///S: space required for sync is 0 bytes, you have 1.25 TB
2018-04-02 18:53:30: On disk gdrive://www.googleapis.com space required for sync is 30.0 KB, you have 12.4 GB
2018-04-02 18:53:30: Changes: 3, Conflicts: 0, CopyTime: 0, FixState: 0, Errors: 0, All: 21983
2018-04-02 18:53:30: Left to Right: Copy File: 2 Delete File: 1 
2018-04-02 18:53:30: -- Analysis Complete. Time 00:00:06, Speed: 52 files/s
2018-04-02 18:53:30: == Sync Started by On File Change, After Delay, Under Runner
2018-04-02 18:53:30: Mod Sync: SYNC started by On File Change, After Delay, Under Runner on 'SENPAI_DESKTOP'
2018-04-02 18:53:30: =Data Storage:\Documents\MinecraftModding\xcraftmod\src (S:/Documents/MinecraftModding/xcraftmod/src) [TmpDest] <-> gdrive://www.googleapis.com/Good Sync/Eclips Projects/Moding Minecraft 1.12.2/Application [DirDest], RecycleTo_RecycleBin, SaveDays_RecycleBin=30d, ReconnectSecs=120, SyncWorkerThreads=99, OnFileChange Delay=5, Unattended, WaitForLocksMin=20, ResolveConflicts=NewerFileWins, AutoClear, LinksIgnore
2018-04-02 18:53:32: Load Recycled DB: gdrive://www.googleapis.com/Good Sync/Eclips Projects/Moding Minecraft 1.12.2/Application/_gsdata_/_recycled_db._gs
2018-04-02 18:53:32: Delete File 'gdrive://www.googleapis.com/Good Sync/Eclips Projects/Moding Minecraft 1.12.2/Application/main/resources/assets/sxm/models/item/energy_storge.json'
2018-04-02 18:53:32: File Systems limited number of parallel threads to 20
2018-04-02 18:53:32: Start only 2 threads, limited by tasks to run
2018-04-02 18:53:34: Copy New 'S:/Documents/MinecraftModding/xcraftmod/src/main/resources/assets/sxm/models/item/energy_cell_advanced.json' -> 'gdrive://www.googleapis.com/Good Sync/Eclips Projects/Moding Minecraft 1.12.2/Application/main/resources/assets/sxm/models/item/energy_cell_advanced.json' (14461)
2018-04-02 18:53:35: Copy New 'S:/Documents/MinecraftModding/xcraftmod/src/main/resources/assets/sxm/models/item/energy_cell_basic.json' -> 'gdrive://www.googleapis.com/Good Sync/Eclips Projects/Moding Minecraft 1.12.2/Application/main/resources/assets/sxm/models/item/energy_cell_basic.json' (14455)
2018-04-02 18:53:35: Change detected [1]: t=Modified path=/main/resources/assets/sxm/models/item/energy_cell_basic.json
2018-04-02 18:53:35: Save State File S:/Documents/MinecraftModding/xcraftmod/src/_gsdata_/_file_state_v4._gs
2018-04-02 18:53:35: Change detected [1]: t=Modified path=/main/resources/assets/sxm/models/item/energy_cell_advanced.json
2018-04-02 18:53:35: Change detected [1]: t=Created path=/main/resources/assets/sxm/models/item/energy_cell_basic.json
2018-04-02 18:53:35: Change detected [1]: t=Created path=/main/resources/assets/sxm/models/item/energy_cell_advanced.json
2018-04-02 18:53:35: Change detected [1]: t=MovedFrom path=/main/resources/assets/sxm/models/item/energy_storge.json
2018-04-02 18:53:37: Save State File gdrive://www.googleapis.com/Good Sync/Eclips Projects/Moding Minecraft 1.12.2/Application/_gsdata_/_file_state_v4._gs
2018-04-02 18:53:37: Cleanup recycled files in S:/Documents/MinecraftModding/xcraftmod/src/_gsdata_/_saved_
2018-04-02 18:53:37: Load Recycled DB: S:/Documents/MinecraftModding/xcraftmod/src/_gsdata_/_recycled_db._gs
2018-04-02 18:53:37: Deleted old log file C:/Users/Senpai/AppData/Roaming/GoodSync/_mirrors_/file-=Data Storage-Documents-MinecraftModding-xcraftmod-src/2018-0326-185259-SENPAI_DESKTOP-Runner-Mod Sync.log
2018-04-02 18:53:37: Deleted old log file C:/Users/Senpai/AppData/Roaming/GoodSync/_mirrors_/file-=Data Storage-Documents-MinecraftModding-xcraftmod-src/2018-0326-185329-SENPAI_DESKTOP-Runner-Mod Sync.log
2018-04-02 18:53:37: Cleanup old logs in S:/Documents/MinecraftModding/xcraftmod/src/_gsdata_
2018-04-02 18:53:37: Delete log file S:/Documents/MinecraftModding/xcraftmod/src/_gsdata_/2018-0326-185259-SENPAI_DESKTOP-Runner-Mod Sync.log
2018-04-02 18:53:37: Cleanup recycled files in gdrive://www.googleapis.com/Good Sync/Eclips Projects/Moding Minecraft 1.12.2/Application/_gsdata_/_saved_
2018-04-02 18:53:38: Save Recycled DB: gdrive://www.googleapis.com/Good Sync/Eclips Projects/Moding Minecraft 1.12.2/Application/_gsdata_/_recycled_db._gs
2018-04-02 18:53:38: Deleted old log file C:/Users/Senpai/AppData/Roaming/GoodSync/_mirrors_/gdrive-Wicky_Gustave-0AGIAX4LCOy-XUk9PVA@www.googleapis.com-Good Sync-Eclips Projects-Moding Minecraft 1.12.2-Application/2018-0326-185259-SENPAI_DESKTOP-Runner-Mod Sync.log
2018-04-02 18:53:38: Deleted old log file C:/Users/Senpai/AppData/Roaming/GoodSync/_mirrors_/gdrive-Wicky_Gustave-0AGIAX4LCOy-XUk9PVA@www.googleapis.com-Good Sync-Eclips Projects-Moding Minecraft 1.12.2-Application/2018-0326-185329-SENPAI_DESKTOP-Runner-Mod Sync.log
2018-04-02 18:53:38: Cleanup old logs in gdrive://www.googleapis.com/Good Sync/Eclips Projects/Moding Minecraft 1.12.2/Application/_gsdata_
2018-04-02 18:53:38: Delete log file gdrive://www.googleapis.com/Good Sync/Eclips Projects/Moding Minecraft 1.12.2/Application/_gsdata_/2018-0326-185259-SENPAI_DESKTOP-Runner-Mod Sync.log
2018-04-02 18:53:39: == Sync Complete. Time: 00:00:09, Speed: 7.60 KB/s, OK: 3, Errors: 0
2018-04-02 18:53:39: Unlocking folder S:/Documents/MinecraftModding/xcraftmod/src/_gsdata_/lock.gsl
2018-04-02 18:53:39: Unlocking folder gdrive://www.googleapis.com/Good Sync/Eclips Projects/Moding Minecraft 1.12.2/Application/_gsdata_/lock.gsl
2018-04-02 18:53:40: 
