2018-04-04 15:45:40: Connected to S:\Documents\MinecraftModding\xcraftmod\src: S: NTFS: type=NTFS vol=Data Storage flags=3E706FF
2018-04-04 15:45:41: Connected to gdrive://www.googleapis.com/Good Sync/Eclips Projects/Moding Minecraft 1.12.2/Application
2018-04-04 15:45:41: Incremental Analyze for On File Change
2018-04-04 15:45:41: -- Analysis Started by On File Change, After Delay, Under Runner
2018-04-04 15:45:41: Mod Sync: ANALYSIS started by On File Change, After Delay, Under Runner on 'SENPAI_DESKTOP' (GoodSync 10.8.1.1)
2018-04-04 15:45:41: =Data Storage:\Documents\MinecraftModding\xcraftmod\src (S:/Documents/MinecraftModding/xcraftmod/src) [TmpDest] <-> gdrive://www.googleapis.com/Good Sync/Eclips Projects/Moding Minecraft 1.12.2/Application [DirDest], RecycleTo_RecycleBin, SaveDays_RecycleBin=30d, ReconnectSecs=120, SyncWorkerThreads=99, OnFileChange Delay=5, Unattended, WaitForLocksMin=20, ResolveConflicts=NewerFileWins, AutoClear, LinksIgnore
2018-04-04 15:45:41: Exclude Hidden, Exclude System, Exclude name *._gstmp|/System Volume Information|Thumbs.db|.DS_Store 
2018-04-04 15:45:41: Locking folder S:/Documents/MinecraftModding/xcraftmod/src for write
2018-04-04 15:45:41: Change Analyzed: S:/Documents/MinecraftModding/xcraftmod/src/main/resources/assets/sxm/textures/items/tin_stick.png
2018-04-04 15:45:41: Change Analyzed: S:/Documents/MinecraftModding/xcraftmod/src/main/resources/assets/sxm/textures/items/stick_tin.png
2018-04-04 15:45:41: Change Analyzed: S:/Documents/MinecraftModding/xcraftmod/src/main/resources/assets/sxm/textures/items/tin_shovel.png
2018-04-04 15:45:41: Change Analyzed: S:/Documents/MinecraftModding/xcraftmod/src/main/resources/assets/sxm/textures/items/shovel_tin.png
2018-04-04 15:45:41: Change Analyzed: S:/Documents/MinecraftModding/xcraftmod/src/main/resources/assets/sxm/textures/items/tin_pickaxe.png
2018-04-04 15:45:41: Change Analyzed: S:/Documents/MinecraftModding/xcraftmod/src/main/resources/assets/sxm/textures/items/pickaxe_tin.png
2018-04-04 15:45:41: Change Analyzed: S:/Documents/MinecraftModding/xcraftmod/src/main/resources/assets/sxm/textures/items/tin_nugget.png
2018-04-04 15:45:41: Change Analyzed: S:/Documents/MinecraftModding/xcraftmod/src/main/resources/assets/sxm/textures/items/nugget_tin.png
2018-04-04 15:45:41: Change Analyzed: S:/Documents/MinecraftModding/xcraftmod/src/main/resources/assets/sxm/textures/items/tin_leggings.png
2018-04-04 15:45:41: Change Analyzed: S:/Documents/MinecraftModding/xcraftmod/src/main/resources/assets/sxm/textures/items/leggings_tin.png
2018-04-04 15:45:41: Locking folder gdrive://www.googleapis.com/Good Sync/Eclips Projects/Moding Minecraft 1.12.2/Application for write
2018-04-04 15:45:42: Change detected [0]: t=MovedFrom path=/main/resources/assets/sxm/textures/items/tin_ingot.png
2018-04-04 15:45:42: Change detected [0]: t=MovedTo path=/main/resources/assets/sxm/textures/items/ingot_tin.png
2018-04-04 15:45:43: Change Analyzed: gdrive://www.googleapis.com/Good Sync/Eclips Projects/Moding Minecraft 1.12.2/Application/main/resources/assets/sxm/textures/items/sword_tin.png
2018-04-04 15:45:43: Change Analyzed: gdrive://www.googleapis.com/Good Sync/Eclips Projects/Moding Minecraft 1.12.2/Application/main/resources/assets/sxm/textures/items/sword_tin.png
2018-04-04 15:45:43: Change Analyzed: gdrive://www.googleapis.com/Good Sync/Eclips Projects/Moding Minecraft 1.12.2/Application/main/resources/assets/sxm/textures/items/tin_sword.png
2018-04-04 15:45:44: On disk file:///S: space required for sync is 0 bytes, you have 1.25 TB
2018-04-04 15:45:44: On disk gdrive://www.googleapis.com space required for sync is 0 bytes, you have 12.4 GB
2018-04-04 15:45:44: Changes: 10, Conflicts: 0, CopyTime: 0, FixState: 0, Errors: 0, All: 22405
2018-04-04 15:45:44: Left to Right: Rename/Move File/Folder: 10 
2018-04-04 15:45:44: -- Analysis Complete. Time 00:00:05, Speed: 111 files/s
2018-04-04 15:45:44: == Sync Started by On File Change, After Delay, Under Runner
2018-04-04 15:45:44: Mod Sync: SYNC started by On File Change, After Delay, Under Runner on 'SENPAI_DESKTOP'
2018-04-04 15:45:44: =Data Storage:\Documents\MinecraftModding\xcraftmod\src (S:/Documents/MinecraftModding/xcraftmod/src) [TmpDest] <-> gdrive://www.googleapis.com/Good Sync/Eclips Projects/Moding Minecraft 1.12.2/Application [DirDest], RecycleTo_RecycleBin, SaveDays_RecycleBin=30d, ReconnectSecs=120, SyncWorkerThreads=99, OnFileChange Delay=5, Unattended, WaitForLocksMin=20, ResolveConflicts=NewerFileWins, AutoClear, LinksIgnore
2018-04-04 15:45:44: File Systems limited number of parallel threads to 20
2018-04-04 15:45:44: Start only 10 threads, limited by tasks to run
2018-04-04 15:45:45: Move File gdrive://www.googleapis.com/Good Sync/Eclips Projects/Moding Minecraft 1.12.2/Application/main/resources/assets/sxm/textures/items/tin_leggings.png -> gdrive://www.googleapis.com/Good Sync/Eclips Projects/Moding Minecraft 1.12.2/Application/main/resources/assets/sxm/textures/items/leggings_tin.png
2018-04-04 15:45:46: Move File gdrive://www.googleapis.com/Good Sync/Eclips Projects/Moding Minecraft 1.12.2/Application/main/resources/assets/sxm/textures/items/tin_nugget.png -> gdrive://www.googleapis.com/Good Sync/Eclips Projects/Moding Minecraft 1.12.2/Application/main/resources/assets/sxm/textures/items/nugget_tin.png
2018-04-04 15:45:46: Move File gdrive://www.googleapis.com/Good Sync/Eclips Projects/Moding Minecraft 1.12.2/Application/main/resources/assets/sxm/textures/items/tin_pickaxe.png -> gdrive://www.googleapis.com/Good Sync/Eclips Projects/Moding Minecraft 1.12.2/Application/main/resources/assets/sxm/textures/items/pickaxe_tin.png
2018-04-04 15:45:46: Move File gdrive://www.googleapis.com/Good Sync/Eclips Projects/Moding Minecraft 1.12.2/Application/main/resources/assets/sxm/textures/items/tin_shovel.png -> gdrive://www.googleapis.com/Good Sync/Eclips Projects/Moding Minecraft 1.12.2/Application/main/resources/assets/sxm/textures/items/shovel_tin.png
2018-04-04 15:45:46: Move File gdrive://www.googleapis.com/Good Sync/Eclips Projects/Moding Minecraft 1.12.2/Application/main/resources/assets/sxm/textures/items/tin_stick.png -> gdrive://www.googleapis.com/Good Sync/Eclips Projects/Moding Minecraft 1.12.2/Application/main/resources/assets/sxm/textures/items/stick_tin.png
2018-04-04 15:45:48: Save State File S:/Documents/MinecraftModding/xcraftmod/src/_gsdata_/_file_state_v4._gs
2018-04-04 15:45:49: Save State File gdrive://www.googleapis.com/Good Sync/Eclips Projects/Moding Minecraft 1.12.2/Application/_gsdata_/_file_state_v4._gs
2018-04-04 15:45:49: Cleanup recycled files in S:/Documents/MinecraftModding/xcraftmod/src/_gsdata_/_saved_
2018-04-04 15:45:49: Load Recycled DB: S:/Documents/MinecraftModding/xcraftmod/src/_gsdata_/_recycled_db._gs
2018-04-04 15:45:49: Deleted old log file C:/Users/Senpai/AppData/Roaming/GoodSync/_mirrors_/file-=Data Storage-Documents-MinecraftModding-xcraftmod-src/2018-0328-154440-SENPAI_DESKTOP-Runner-Mod Sync.log
2018-04-04 15:45:49: Deleted old log file C:/Users/Senpai/AppData/Roaming/GoodSync/_mirrors_/file-=Data Storage-Documents-MinecraftModding-xcraftmod-src/2018-0328-154507-SENPAI_DESKTOP-Runner-Mod Sync.log
2018-04-04 15:45:49: Cleanup old logs in S:/Documents/MinecraftModding/xcraftmod/src/_gsdata_
2018-04-04 15:45:49: Delete log file S:/Documents/MinecraftModding/xcraftmod/src/_gsdata_/2018-0328-154440-SENPAI_DESKTOP-Runner-Mod Sync.log
2018-04-04 15:45:49: Cleanup recycled files in gdrive://www.googleapis.com/Good Sync/Eclips Projects/Moding Minecraft 1.12.2/Application/_gsdata_/_saved_
2018-04-04 15:45:50: Load Recycled DB: gdrive://www.googleapis.com/Good Sync/Eclips Projects/Moding Minecraft 1.12.2/Application/_gsdata_/_recycled_db._gs
2018-04-04 15:45:50: Deleted old log file C:/Users/Senpai/AppData/Roaming/GoodSync/_mirrors_/gdrive-Wicky_Gustave-0AGIAX4LCOy-XUk9PVA@www.googleapis.com-Good Sync-Eclips Projects-Moding Minecraft 1.12.2-Application/2018-0328-154440-SENPAI_DESKTOP-Runner-Mod Sync.log
2018-04-04 15:45:50: Deleted old log file C:/Users/Senpai/AppData/Roaming/GoodSync/_mirrors_/gdrive-Wicky_Gustave-0AGIAX4LCOy-XUk9PVA@www.googleapis.com-Good Sync-Eclips Projects-Moding Minecraft 1.12.2-Application/2018-0328-154507-SENPAI_DESKTOP-Runner-Mod Sync.log
2018-04-04 15:45:50: Cleanup old logs in gdrive://www.googleapis.com/Good Sync/Eclips Projects/Moding Minecraft 1.12.2/Application/_gsdata_
2018-04-04 15:45:50: Delete log file gdrive://www.googleapis.com/Good Sync/Eclips Projects/Moding Minecraft 1.12.2/Application/_gsdata_/2018-0328-154440-SENPAI_DESKTOP-Runner-Mod Sync.log
2018-04-04 15:45:51: == Sync Complete. Time: 00:00:07, Speed: 16.0 KB/s, OK: 10, Errors: 0
2018-04-04 15:45:51: Unlocking folder S:/Documents/MinecraftModding/xcraftmod/src/_gsdata_/lock.gsl
2018-04-04 15:45:51: Unlocking folder gdrive://www.googleapis.com/Good Sync/Eclips Projects/Moding Minecraft 1.12.2/Application/_gsdata_/lock.gsl
2018-04-04 15:45:51: Change detected [1]: t=Modified path=/main/resources/assets/sxm/textures/items/stick_tin.png
2018-04-04 15:45:51: Change detected [1]: t=MovedTo path=/main/resources/assets/sxm/textures/items/stick_tin.png
2018-04-04 15:45:51: Change detected [1]: t=MovedFrom path=/main/resources/assets/sxm/textures/items/tin_stick.png
2018-04-04 15:45:51: Change detected [1]: t=Modified path=/main/resources/assets/sxm/textures/items/shovel_tin.png
2018-04-04 15:45:51: Change detected [0]: t=MovedFrom path=/main/resources/assets/sxm/textures/items/tin_hoe.png
2018-04-04 15:45:51: Change detected [0]: t=MovedTo path=/main/resources/assets/sxm/textures/items/hoe_tin.png
2018-04-04 15:45:51: Change detected [1]: t=MovedTo path=/main/resources/assets/sxm/textures/items/shovel_tin.png
2018-04-04 15:45:51: Change detected [1]: t=MovedFrom path=/main/resources/assets/sxm/textures/items/tin_shovel.png
2018-04-04 15:45:51: Change detected [1]: t=Modified path=/main/resources/assets/sxm/textures/items/pickaxe_tin.png
2018-04-04 15:45:51: Change detected [1]: t=MovedTo path=/main/resources/assets/sxm/textures/items/pickaxe_tin.png
2018-04-04 15:45:52: Change detected [1]: t=MovedFrom path=/main/resources/assets/sxm/textures/items/tin_pickaxe.png
2018-04-04 15:45:52: Change detected [1]: t=Modified path=/main/resources/assets/sxm/textures/items/nugget_tin.png
2018-04-04 15:45:52: Change detected [1]: t=MovedTo path=/main/resources/assets/sxm/textures/items/nugget_tin.png
2018-04-04 15:45:52: Change detected [1]: t=MovedFrom path=/main/resources/assets/sxm/textures/items/tin_nugget.png
2018-04-04 15:45:52: Change detected [1]: t=Modified path=/main/resources/assets/sxm/textures/items/leggings_tin.png
2018-04-04 15:45:52: Change detected [1]: t=MovedTo path=/main/resources/assets/sxm/textures/items/leggings_tin.png
2018-04-04 15:45:52: Change detected [1]: t=MovedFrom path=/main/resources/assets/sxm/textures/items/tin_leggings.png
2018-04-04 15:45:54: 
