2018-04-03 11:30:04: Connected to S:\Documents\MinecraftModding\xcraftmod\src: S: NTFS: type=NTFS vol=Data Storage flags=3E706FF
2018-04-03 11:30:05: Connected to gdrive://www.googleapis.com/Good Sync/Eclips Projects/Moding Minecraft 1.12.2/Application
2018-04-03 11:30:05: Incremental Analyze for On File Change
2018-04-03 11:30:05: -- Analysis Started by On File Change, After Delay, Under Runner
2018-04-03 11:30:05: Mod Sync: ANALYSIS started by On File Change, After Delay, Under Runner on 'SENPAI_DESKTOP' (GoodSync 10.8.1.1)
2018-04-03 11:30:05: =Data Storage:\Documents\MinecraftModding\xcraftmod\src (S:/Documents/MinecraftModding/xcraftmod/src) [TmpDest] <-> gdrive://www.googleapis.com/Good Sync/Eclips Projects/Moding Minecraft 1.12.2/Application [DirDest], RecycleTo_RecycleBin, SaveDays_RecycleBin=30d, ReconnectSecs=120, SyncWorkerThreads=99, OnFileChange Delay=5, Unattended, WaitForLocksMin=20, ResolveConflicts=NewerFileWins, AutoClear, LinksIgnore
2018-04-03 11:30:05: Exclude Hidden, Exclude System, Exclude name *._gstmp|/System Volume Information|Thumbs.db|.DS_Store 
2018-04-03 11:30:05: Locking folder S:/Documents/MinecraftModding/xcraftmod/src for write
2018-04-03 11:30:05: Change Analyzed: S:/Documents/MinecraftModding/xcraftmod/src/main/java/com/senpai/init/BlockInit.java
2018-04-03 11:30:05: Change Analyzed: S:/Documents/MinecraftModding/xcraftmod/src/main/java/com/senpai/init/BlockInit.java
2018-04-03 11:30:05: Locking folder gdrive://www.googleapis.com/Good Sync/Eclips Projects/Moding Minecraft 1.12.2/Application for write
2018-04-03 11:30:08: On disk file:///S: space required for sync is 0 bytes, you have 1.25 TB
2018-04-03 11:30:08: On disk gdrive://www.googleapis.com space required for sync is 2.00 KB, you have 12.4 GB
2018-04-03 11:30:08: Changes: 1, Conflicts: 0, CopyTime: 0, FixState: 0, Errors: 0, All: 22066
2018-04-03 11:30:08: Left to Right: Copy File: 1 
2018-04-03 11:30:08: -- Analysis Complete. Time 00:00:05, Speed: 76 files/s
2018-04-03 11:30:08: == Sync Started by On File Change, After Delay, Under Runner
2018-04-03 11:30:08: Mod Sync: SYNC started by On File Change, After Delay, Under Runner on 'SENPAI_DESKTOP'
2018-04-03 11:30:08: =Data Storage:\Documents\MinecraftModding\xcraftmod\src (S:/Documents/MinecraftModding/xcraftmod/src) [TmpDest] <-> gdrive://www.googleapis.com/Good Sync/Eclips Projects/Moding Minecraft 1.12.2/Application [DirDest], RecycleTo_RecycleBin, SaveDays_RecycleBin=30d, ReconnectSecs=120, SyncWorkerThreads=99, OnFileChange Delay=5, Unattended, WaitForLocksMin=20, ResolveConflicts=NewerFileWins, AutoClear, LinksIgnore
2018-04-03 11:30:09: File Systems limited number of parallel threads to 20
2018-04-03 11:30:09: Start only 1 threads, limited by tasks to run
2018-04-03 11:30:12: Load Recycled DB: gdrive://www.googleapis.com/Good Sync/Eclips Projects/Moding Minecraft 1.12.2/Application/_gsdata_/_recycled_db._gs
2018-04-03 11:30:14: Copy Over 'S:/Documents/MinecraftModding/xcraftmod/src/main/java/com/senpai/init/BlockInit.java' -> 'gdrive://www.googleapis.com/Good Sync/Eclips Projects/Moding Minecraft 1.12.2/Application/main/java/com/senpai/init/BlockInit.java' (1910)
2018-04-03 11:30:14: Save State File S:/Documents/MinecraftModding/xcraftmod/src/_gsdata_/_file_state_v4._gs
2018-04-03 11:30:14: Change detected [1]: t=Created path=/main/java/com/senpai/init/BlockInit.java
2018-04-03 11:30:15: Change detected [1]: t=MovedFrom path=/main/java/com/senpai/init/BlockInit.java
2018-04-03 11:30:16: Save State File gdrive://www.googleapis.com/Good Sync/Eclips Projects/Moding Minecraft 1.12.2/Application/_gsdata_/_file_state_v4._gs
2018-04-03 11:30:17: Cleanup recycled files in S:/Documents/MinecraftModding/xcraftmod/src/_gsdata_/_saved_
2018-04-03 11:30:17: Load Recycled DB: S:/Documents/MinecraftModding/xcraftmod/src/_gsdata_/_recycled_db._gs
2018-04-03 11:30:25: Change detected [1]: t=Modified path=/main/java/com/senpai/init/BlockInit.java
2018-04-03 11:30:30: Deleted old log file C:/Users/Senpai/AppData/Roaming/GoodSync/_mirrors_/file-=Data Storage-Documents-MinecraftModding-xcraftmod-src/2018-0327-025843-SENPAI_DESKTOP-Runner-Mod Sync.log
2018-04-03 11:30:30: Deleted old log file C:/Users/Senpai/AppData/Roaming/GoodSync/_mirrors_/file-=Data Storage-Documents-MinecraftModding-xcraftmod-src/2018-0327-025904-SENPAI_DESKTOP-Runner-Mod Sync.log
2018-04-03 11:30:30: Deleted old log file C:/Users/Senpai/AppData/Roaming/GoodSync/_mirrors_/file-=Data Storage-Documents-MinecraftModding-xcraftmod-src/2018-0327-025919-SENPAI_DESKTOP-Runner-Mod Sync.log
2018-04-03 11:30:30: Deleted old log file C:/Users/Senpai/AppData/Roaming/GoodSync/_mirrors_/file-=Data Storage-Documents-MinecraftModding-xcraftmod-src/2018-0327-025940-SENPAI_DESKTOP-Runner-Mod Sync.log
2018-04-03 11:30:30: Deleted old log file C:/Users/Senpai/AppData/Roaming/GoodSync/_mirrors_/file-=Data Storage-Documents-MinecraftModding-xcraftmod-src/2018-0327-030025-SENPAI_DESKTOP-Runner-Mod Sync.log
2018-04-03 11:30:30: Deleted old log file C:/Users/Senpai/AppData/Roaming/GoodSync/_mirrors_/file-=Data Storage-Documents-MinecraftModding-xcraftmod-src/2018-0327-030046-SENPAI_DESKTOP-Runner-Mod Sync.log
2018-04-03 11:30:30: Deleted old log file C:/Users/Senpai/AppData/Roaming/GoodSync/_mirrors_/file-=Data Storage-Documents-MinecraftModding-xcraftmod-src/2018-0327-030402-SENPAI_DESKTOP-Runner-Mod Sync.log
2018-04-03 11:30:30: Deleted old log file C:/Users/Senpai/AppData/Roaming/GoodSync/_mirrors_/file-=Data Storage-Documents-MinecraftModding-xcraftmod-src/2018-0327-030423-SENPAI_DESKTOP-Runner-Mod Sync.log
2018-04-03 11:30:30: Deleted old log file C:/Users/Senpai/AppData/Roaming/GoodSync/_mirrors_/file-=Data Storage-Documents-MinecraftModding-xcraftmod-src/2018-0327-030708-SENPAI_DESKTOP-Runner-Mod Sync.log
2018-04-03 11:30:30: Deleted old log file C:/Users/Senpai/AppData/Roaming/GoodSync/_mirrors_/file-=Data Storage-Documents-MinecraftModding-xcraftmod-src/2018-0327-030729-SENPAI_DESKTOP-Runner-Mod Sync.log
2018-04-03 11:30:30: Deleted old log file C:/Users/Senpai/AppData/Roaming/GoodSync/_mirrors_/file-=Data Storage-Documents-MinecraftModding-xcraftmod-src/2018-0327-031005-SENPAI_DESKTOP-Runner-Mod Sync.log
2018-04-03 11:30:30: Deleted old log file C:/Users/Senpai/AppData/Roaming/GoodSync/_mirrors_/file-=Data Storage-Documents-MinecraftModding-xcraftmod-src/2018-0327-031027-SENPAI_DESKTOP-Runner-Mod Sync.log
2018-04-03 11:30:30: Deleted old log file C:/Users/Senpai/AppData/Roaming/GoodSync/_mirrors_/file-=Data Storage-Documents-MinecraftModding-xcraftmod-src/2018-0327-031221-SENPAI_DESKTOP-Runner-Mod Sync.log
2018-04-03 11:30:30: Deleted old log file C:/Users/Senpai/AppData/Roaming/GoodSync/_mirrors_/file-=Data Storage-Documents-MinecraftModding-xcraftmod-src/2018-0327-031242-SENPAI_DESKTOP-Runner-Mod Sync.log
2018-04-03 11:30:30: Deleted old log file C:/Users/Senpai/AppData/Roaming/GoodSync/_mirrors_/file-=Data Storage-Documents-MinecraftModding-xcraftmod-src/2018-0327-031303-SENPAI_DESKTOP-Runner-Mod Sync.log
2018-04-03 11:30:30: Deleted old log file C:/Users/Senpai/AppData/Roaming/GoodSync/_mirrors_/file-=Data Storage-Documents-MinecraftModding-xcraftmod-src/2018-0327-031327-SENPAI_DESKTOP-Runner-Mod Sync.log
2018-04-03 11:30:30: Deleted old log file C:/Users/Senpai/AppData/Roaming/GoodSync/_mirrors_/file-=Data Storage-Documents-MinecraftModding-xcraftmod-src/2018-0327-031351-SENPAI_DESKTOP-Runner-Mod Sync.log
2018-04-03 11:30:30: Deleted old log file C:/Users/Senpai/AppData/Roaming/GoodSync/_mirrors_/file-=Data Storage-Documents-MinecraftModding-xcraftmod-src/2018-0327-031909-SENPAI_DESKTOP-Runner-Mod Sync.log
2018-04-03 11:30:30: Deleted old log file C:/Users/Senpai/AppData/Roaming/GoodSync/_mirrors_/file-=Data Storage-Documents-MinecraftModding-xcraftmod-src/2018-0327-031930-SENPAI_DESKTOP-Runner-Mod Sync.log
2018-04-03 11:30:30: Deleted old log file C:/Users/Senpai/AppData/Roaming/GoodSync/_mirrors_/file-=Data Storage-Documents-MinecraftModding-xcraftmod-src/2018-0327-031942-SENPAI_DESKTOP-Runner-Mod Sync.log
2018-04-03 11:30:30: Deleted old log file C:/Users/Senpai/AppData/Roaming/GoodSync/_mirrors_/file-=Data Storage-Documents-MinecraftModding-xcraftmod-src/2018-0327-032006-SENPAI_DESKTOP-Runner-Mod Sync.log
2018-04-03 11:30:30: Deleted old log file C:/Users/Senpai/AppData/Roaming/GoodSync/_mirrors_/file-=Data Storage-Documents-MinecraftModding-xcraftmod-src/2018-0327-032030-SENPAI_DESKTOP-Runner-Mod Sync.log
2018-04-03 11:30:30: Deleted old log file C:/Users/Senpai/AppData/Roaming/GoodSync/_mirrors_/file-=Data Storage-Documents-MinecraftModding-xcraftmod-src/2018-0327-032405-SENPAI_DESKTOP-Runner-Mod Sync.log
2018-04-03 11:30:30: Deleted old log file C:/Users/Senpai/AppData/Roaming/GoodSync/_mirrors_/file-=Data Storage-Documents-MinecraftModding-xcraftmod-src/2018-0327-032426-SENPAI_DESKTOP-Runner-Mod Sync.log
2018-04-03 11:30:30: Deleted old log file C:/Users/Senpai/AppData/Roaming/GoodSync/_mirrors_/file-=Data Storage-Documents-MinecraftModding-xcraftmod-src/2018-0327-032508-SENPAI_DESKTOP-Runner-Mod Sync.log
2018-04-03 11:30:30: Deleted old log file C:/Users/Senpai/AppData/Roaming/GoodSync/_mirrors_/file-=Data Storage-Documents-MinecraftModding-xcraftmod-src/2018-0327-032529-SENPAI_DESKTOP-Runner-Mod Sync.log
2018-04-03 11:30:30: Deleted old log file C:/Users/Senpai/AppData/Roaming/GoodSync/_mirrors_/file-=Data Storage-Documents-MinecraftModding-xcraftmod-src/2018-0327-033600-SENPAI_DESKTOP-Runner-Mod Sync.log
2018-04-03 11:30:30: Deleted old log file C:/Users/Senpai/AppData/Roaming/GoodSync/_mirrors_/file-=Data Storage-Documents-MinecraftModding-xcraftmod-src/2018-0327-033621-SENPAI_DESKTOP-Runner-Mod Sync.log
2018-04-03 11:30:30: Deleted old log file C:/Users/Senpai/AppData/Roaming/GoodSync/_mirrors_/file-=Data Storage-Documents-MinecraftModding-xcraftmod-src/2018-0327-033812-SENPAI_DESKTOP-Runner-Mod Sync.log
2018-04-03 11:30:30: Deleted old log file C:/Users/Senpai/AppData/Roaming/GoodSync/_mirrors_/file-=Data Storage-Documents-MinecraftModding-xcraftmod-src/2018-0327-033833-SENPAI_DESKTOP-Runner-Mod Sync.log
2018-04-03 11:30:30: Deleted old log file C:/Users/Senpai/AppData/Roaming/GoodSync/_mirrors_/file-=Data Storage-Documents-MinecraftModding-xcraftmod-src/2018-0327-034636-SENPAI_DESKTOP-Runner-Mod Sync.log
2018-04-03 11:30:30: Deleted old log file C:/Users/Senpai/AppData/Roaming/GoodSync/_mirrors_/file-=Data Storage-Documents-MinecraftModding-xcraftmod-src/2018-0327-034657-SENPAI_DESKTOP-Runner-Mod Sync.log
2018-04-03 11:30:30: Deleted old log file C:/Users/Senpai/AppData/Roaming/GoodSync/_mirrors_/file-=Data Storage-Documents-MinecraftModding-xcraftmod-src/2018-0327-034949-SENPAI_DESKTOP-Runner-Mod Sync.log
2018-04-03 11:30:30: Deleted old log file C:/Users/Senpai/AppData/Roaming/GoodSync/_mirrors_/file-=Data Storage-Documents-MinecraftModding-xcraftmod-src/2018-0327-035010-SENPAI_DESKTOP-Runner-Mod Sync.log
2018-04-03 11:30:30: Deleted old log file C:/Users/Senpai/AppData/Roaming/GoodSync/_mirrors_/file-=Data Storage-Documents-MinecraftModding-xcraftmod-src/2018-0327-035031-SENPAI_DESKTOP-Runner-Mod Sync.log
2018-04-03 11:30:30: Deleted old log file C:/Users/Senpai/AppData/Roaming/GoodSync/_mirrors_/file-=Data Storage-Documents-MinecraftModding-xcraftmod-src/2018-0327-035240-SENPAI_DESKTOP-Runner-Mod Sync.log
2018-04-03 11:30:30: Deleted old log file C:/Users/Senpai/AppData/Roaming/GoodSync/_mirrors_/file-=Data Storage-Documents-MinecraftModding-xcraftmod-src/2018-0327-035307-SENPAI_DESKTOP-Runner-Mod Sync.log
2018-04-03 11:30:30: Deleted old log file C:/Users/Senpai/AppData/Roaming/GoodSync/_mirrors_/file-=Data Storage-Documents-MinecraftModding-xcraftmod-src/2018-0327-035328-SENPAI_DESKTOP-Runner-Mod Sync.log
2018-04-03 11:30:30: Deleted old log file C:/Users/Senpai/AppData/Roaming/GoodSync/_mirrors_/file-=Data Storage-Documents-MinecraftModding-xcraftmod-src/2018-0327-084757-SENPAI_DESKTOP-Runner-Mod Sync.log
2018-04-03 11:30:30: Deleted old log file C:/Users/Senpai/AppData/Roaming/GoodSync/_mirrors_/file-=Data Storage-Documents-MinecraftModding-xcraftmod-src/2018-0327-085017-SENPAI_DESKTOP-Runner-Mod Sync.log
2018-04-03 11:30:30: Deleted old log file C:/Users/Senpai/AppData/Roaming/GoodSync/_mirrors_/file-=Data Storage-Documents-MinecraftModding-xcraftmod-src/2018-0327-085105-SENPAI_DESKTOP-Runner-Mod Sync.log
2018-04-03 11:30:30: Deleted old log file C:/Users/Senpai/AppData/Roaming/GoodSync/_mirrors_/file-=Data Storage-Documents-MinecraftModding-xcraftmod-src/2018-0327-085235-SENPAI_DESKTOP-Runner-Mod Sync.log
2018-04-03 11:30:30: Deleted old log file C:/Users/Senpai/AppData/Roaming/GoodSync/_mirrors_/file-=Data Storage-Documents-MinecraftModding-xcraftmod-src/2018-0327-085300-SENPAI_DESKTOP-Runner-Mod Sync.log
2018-04-03 11:30:30: Deleted old log file C:/Users/Senpai/AppData/Roaming/GoodSync/_mirrors_/file-=Data Storage-Documents-MinecraftModding-xcraftmod-src/2018-0327-100137-SENPAI_DESKTOP-Runner-Mod Sync.log
2018-04-03 11:30:30: Deleted old log file C:/Users/Senpai/AppData/Roaming/GoodSync/_mirrors_/file-=Data Storage-Documents-MinecraftModding-xcraftmod-src/2018-0327-100204-SENPAI_DESKTOP-Runner-Mod Sync.log
2018-04-03 11:30:30: Deleted old log file C:/Users/Senpai/AppData/Roaming/GoodSync/_mirrors_/file-=Data Storage-Documents-MinecraftModding-xcraftmod-src/2018-0327-100537-SENPAI_DESKTOP-Runner-Mod Sync.log
2018-04-03 11:30:30: Deleted old log file C:/Users/Senpai/AppData/Roaming/GoodSync/_mirrors_/file-=Data Storage-Documents-MinecraftModding-xcraftmod-src/2018-0327-100601-SENPAI_DESKTOP-Runner-Mod Sync.log
2018-04-03 11:30:30: Deleted old log file C:/Users/Senpai/AppData/Roaming/GoodSync/_mirrors_/file-=Data Storage-Documents-MinecraftModding-xcraftmod-src/2018-0327-101655-SENPAI_DESKTOP-Runner-Mod Sync.log
2018-04-03 11:30:30: Deleted old log file C:/Users/Senpai/AppData/Roaming/GoodSync/_mirrors_/file-=Data Storage-Documents-MinecraftModding-xcraftmod-src/2018-0327-101719-SENPAI_DESKTOP-Runner-Mod Sync.log
2018-04-03 11:30:30: Deleted old log file C:/Users/Senpai/AppData/Roaming/GoodSync/_mirrors_/file-=Data Storage-Documents-MinecraftModding-xcraftmod-src/2018-0327-101910-SENPAI_DESKTOP-Runner-Mod Sync.log
2018-04-03 11:30:30: Deleted old log file C:/Users/Senpai/AppData/Roaming/GoodSync/_mirrors_/file-=Data Storage-Documents-MinecraftModding-xcraftmod-src/2018-0327-105244-SENPAI_DESKTOP-Runner-Mod Sync.log
2018-04-03 11:30:30: Deleted old log file C:/Users/Senpai/AppData/Roaming/GoodSync/_mirrors_/file-=Data Storage-Documents-MinecraftModding-xcraftmod-src/2018-0327-105259-SENPAI_DESKTOP-Runner-Mod Sync.log
2018-04-03 11:30:30: Deleted old log file C:/Users/Senpai/AppData/Roaming/GoodSync/_mirrors_/file-=Data Storage-Documents-MinecraftModding-xcraftmod-src/2018-0327-110608-SENPAI_DESKTOP-Runner-Mod Sync.log
2018-04-03 11:30:30: Deleted old log file C:/Users/Senpai/AppData/Roaming/GoodSync/_mirrors_/file-=Data Storage-Documents-MinecraftModding-xcraftmod-src/2018-0327-110647-SENPAI_DESKTOP-Runner-Mod Sync.log
2018-04-03 11:30:30: Deleted old log file C:/Users/Senpai/AppData/Roaming/GoodSync/_mirrors_/file-=Data Storage-Documents-MinecraftModding-xcraftmod-src/2018-0327-110711-SENPAI_DESKTOP-Runner-Mod Sync.log
2018-04-03 11:30:30: Deleted old log file C:/Users/Senpai/AppData/Roaming/GoodSync/_mirrors_/file-=Data Storage-Documents-MinecraftModding-xcraftmod-src/2018-0327-110735-SENPAI_DESKTOP-Runner-Mod Sync.log
2018-04-03 11:30:30: Deleted old log file C:/Users/Senpai/AppData/Roaming/GoodSync/_mirrors_/file-=Data Storage-Documents-MinecraftModding-xcraftmod-src/2018-0327-112123-SENPAI_DESKTOP-Runner-Mod Sync.log
2018-04-03 11:30:30: Deleted old log file C:/Users/Senpai/AppData/Roaming/GoodSync/_mirrors_/file-=Data Storage-Documents-MinecraftModding-xcraftmod-src/2018-0327-112717-SENPAI_DESKTOP-Runner-Mod Sync.log
2018-04-03 11:30:30: Deleted old log file C:/Users/Senpai/AppData/Roaming/GoodSync/_mirrors_/file-=Data Storage-Documents-MinecraftModding-xcraftmod-src/2018-0327-112744-SENPAI_DESKTOP-Runner-Mod Sync.log
2018-04-03 11:30:30: Deleted old log file C:/Users/Senpai/AppData/Roaming/GoodSync/_mirrors_/file-=Data Storage-Documents-MinecraftModding-xcraftmod-src/2018-0327-112811-SENPAI_DESKTOP-Runner-Mod Sync.log
2018-04-03 11:30:30: Deleted old log file C:/Users/Senpai/AppData/Roaming/GoodSync/_mirrors_/file-=Data Storage-Documents-MinecraftModding-xcraftmod-src/2018-0327-112832-SENPAI_DESKTOP-Runner-Mod Sync.log
2018-04-03 11:30:30: Deleted old log file C:/Users/Senpai/AppData/Roaming/GoodSync/_mirrors_/file-=Data Storage-Documents-MinecraftModding-xcraftmod-src/2018-0327-112844-SENPAI_DESKTOP-Runner-Mod Sync.log
2018-04-03 11:30:30: Deleted old log file C:/Users/Senpai/AppData/Roaming/GoodSync/_mirrors_/file-=Data Storage-Documents-MinecraftModding-xcraftmod-src/2018-0327-112908-SENPAI_DESKTOP-Runner-Mod Sync.log
2018-04-03 11:30:30: Cleanup old logs in S:/Documents/MinecraftModding/xcraftmod/src/_gsdata_
2018-04-03 11:30:30: Delete log file S:/Documents/MinecraftModding/xcraftmod/src/_gsdata_/2018-0327-025843-SENPAI_DESKTOP-Runner-Mod Sync.log
2018-04-03 11:30:30: Delete log file S:/Documents/MinecraftModding/xcraftmod/src/_gsdata_/2018-0327-025919-SENPAI_DESKTOP-Runner-Mod Sync.log
2018-04-03 11:30:30: Delete log file S:/Documents/MinecraftModding/xcraftmod/src/_gsdata_/2018-0327-030025-SENPAI_DESKTOP-Runner-Mod Sync.log
2018-04-03 11:30:30: Delete log file S:/Documents/MinecraftModding/xcraftmod/src/_gsdata_/2018-0327-030402-SENPAI_DESKTOP-Runner-Mod Sync.log
2018-04-03 11:30:30: Delete log file S:/Documents/MinecraftModding/xcraftmod/src/_gsdata_/2018-0327-030708-SENPAI_DESKTOP-Runner-Mod Sync.log
2018-04-03 11:30:30: Delete log file S:/Documents/MinecraftModding/xcraftmod/src/_gsdata_/2018-0327-031005-SENPAI_DESKTOP-Runner-Mod Sync.log
2018-04-03 11:30:30: Delete log file S:/Documents/MinecraftModding/xcraftmod/src/_gsdata_/2018-0327-031221-SENPAI_DESKTOP-Runner-Mod Sync.log
2018-04-03 11:30:30: Delete log file S:/Documents/MinecraftModding/xcraftmod/src/_gsdata_/2018-0327-031242-SENPAI_DESKTOP-Runner-Mod Sync.log
2018-04-03 11:30:30: Delete log file S:/Documents/MinecraftModding/xcraftmod/src/_gsdata_/2018-0327-031327-SENPAI_DESKTOP-Runner-Mod Sync.log
2018-04-03 11:30:30: Delete log file S:/Documents/MinecraftModding/xcraftmod/src/_gsdata_/2018-0327-031909-SENPAI_DESKTOP-Runner-Mod Sync.log
2018-04-03 11:30:30: Delete log file S:/Documents/MinecraftModding/xcraftmod/src/_gsdata_/2018-0327-031942-SENPAI_DESKTOP-Runner-Mod Sync.log
2018-04-03 11:30:30: Delete log file S:/Documents/MinecraftModding/xcraftmod/src/_gsdata_/2018-0327-032006-SENPAI_DESKTOP-Runner-Mod Sync.log
2018-04-03 11:30:30: Delete log file S:/Documents/MinecraftModding/xcraftmod/src/_gsdata_/2018-0327-032405-SENPAI_DESKTOP-Runner-Mod Sync.log
2018-04-03 11:30:30: Delete log file S:/Documents/MinecraftModding/xcraftmod/src/_gsdata_/2018-0327-032508-SENPAI_DESKTOP-Runner-Mod Sync.log
2018-04-03 11:30:30: Delete log file S:/Documents/MinecraftModding/xcraftmod/src/_gsdata_/2018-0327-033600-SENPAI_DESKTOP-Runner-Mod Sync.log
2018-04-03 11:30:30: Delete log file S:/Documents/MinecraftModding/xcraftmod/src/_gsdata_/2018-0327-033812-SENPAI_DESKTOP-Runner-Mod Sync.log
2018-04-03 11:30:30: Delete log file S:/Documents/MinecraftModding/xcraftmod/src/_gsdata_/2018-0327-034636-SENPAI_DESKTOP-Runner-Mod Sync.log
2018-04-03 11:30:30: Delete log file S:/Documents/MinecraftModding/xcraftmod/src/_gsdata_/2018-0327-034949-SENPAI_DESKTOP-Runner-Mod Sync.log
2018-04-03 11:30:30: Delete log file S:/Documents/MinecraftModding/xcraftmod/src/_gsdata_/2018-0327-035010-SENPAI_DESKTOP-Runner-Mod Sync.log
2018-04-03 11:30:30: Delete log file S:/Documents/MinecraftModding/xcraftmod/src/_gsdata_/2018-0327-035240-SENPAI_DESKTOP-Runner-Mod Sync.log
2018-04-03 11:30:30: Delete log file S:/Documents/MinecraftModding/xcraftmod/src/_gsdata_/2018-0327-035307-SENPAI_DESKTOP-Runner-Mod Sync.log
2018-04-03 11:30:30: Delete log file S:/Documents/MinecraftModding/xcraftmod/src/_gsdata_/2018-0327-035328-SENPAI_DESKTOP-Runner-Mod Sync.log
2018-04-03 11:30:30: Delete log file S:/Documents/MinecraftModding/xcraftmod/src/_gsdata_/2018-0327-085017-SENPAI_DESKTOP-Runner-Mod Sync.log
2018-04-03 11:30:30: Delete log file S:/Documents/MinecraftModding/xcraftmod/src/_gsdata_/2018-0327-085235-SENPAI_DESKTOP-Runner-Mod Sync.log
2018-04-03 11:30:30: Delete log file S:/Documents/MinecraftModding/xcraftmod/src/_gsdata_/2018-0327-100137-SENPAI_DESKTOP-Runner-Mod Sync.log
2018-04-03 11:30:30: Delete log file S:/Documents/MinecraftModding/xcraftmod/src/_gsdata_/2018-0327-100537-SENPAI_DESKTOP-Runner-Mod Sync.log
2018-04-03 11:30:30: Delete log file S:/Documents/MinecraftModding/xcraftmod/src/_gsdata_/2018-0327-101655-SENPAI_DESKTOP-Runner-Mod Sync.log
2018-04-03 11:30:30: Delete log file S:/Documents/MinecraftModding/xcraftmod/src/_gsdata_/2018-0327-101910-SENPAI_DESKTOP-Runner-Mod Sync.log
2018-04-03 11:30:30: Delete log file S:/Documents/MinecraftModding/xcraftmod/src/_gsdata_/2018-0327-110608-SENPAI_DESKTOP-Runner-Mod Sync.log
2018-04-03 11:30:30: Delete log file S:/Documents/MinecraftModding/xcraftmod/src/_gsdata_/2018-0327-110647-SENPAI_DESKTOP-Runner-Mod Sync.log
2018-04-03 11:30:30: Delete log file S:/Documents/MinecraftModding/xcraftmod/src/_gsdata_/2018-0327-110711-SENPAI_DESKTOP-Runner-Mod Sync.log
2018-04-03 11:30:30: Delete log file S:/Documents/MinecraftModding/xcraftmod/src/_gsdata_/2018-0327-112717-SENPAI_DESKTOP-Runner-Mod Sync.log
2018-04-03 11:30:30: Delete log file S:/Documents/MinecraftModding/xcraftmod/src/_gsdata_/2018-0327-112744-SENPAI_DESKTOP-Runner-Mod Sync.log
2018-04-03 11:30:30: Delete log file S:/Documents/MinecraftModding/xcraftmod/src/_gsdata_/2018-0327-112811-SENPAI_DESKTOP-Runner-Mod Sync.log
2018-04-03 11:30:30: Delete log file S:/Documents/MinecraftModding/xcraftmod/src/_gsdata_/2018-0327-112844-SENPAI_DESKTOP-Runner-Mod Sync.log
2018-04-03 11:30:30: Cleanup recycled files in gdrive://www.googleapis.com/Good Sync/Eclips Projects/Moding Minecraft 1.12.2/Application/_gsdata_/_saved_
2018-04-03 11:30:31: Save Recycled DB: gdrive://www.googleapis.com/Good Sync/Eclips Projects/Moding Minecraft 1.12.2/Application/_gsdata_/_recycled_db._gs
2018-04-03 11:30:36: Deleted old log file C:/Users/Senpai/AppData/Roaming/GoodSync/_mirrors_/gdrive-Wicky_Gustave-0AGIAX4LCOy-XUk9PVA@www.googleapis.com-Good Sync-Eclips Projects-Moding Minecraft 1.12.2-Application/2018-0327-025843-SENPAI_DESKTOP-Runner-Mod Sync.log
2018-04-03 11:30:36: Deleted old log file C:/Users/Senpai/AppData/Roaming/GoodSync/_mirrors_/gdrive-Wicky_Gustave-0AGIAX4LCOy-XUk9PVA@www.googleapis.com-Good Sync-Eclips Projects-Moding Minecraft 1.12.2-Application/2018-0327-025904-SENPAI_DESKTOP-Runner-Mod Sync.log
2018-04-03 11:30:36: Deleted old log file C:/Users/Senpai/AppData/Roaming/GoodSync/_mirrors_/gdrive-Wicky_Gustave-0AGIAX4LCOy-XUk9PVA@www.googleapis.com-Good Sync-Eclips Projects-Moding Minecraft 1.12.2-Application/2018-0327-025919-SENPAI_DESKTOP-Runner-Mod Sync.log
2018-04-03 11:30:36: Deleted old log file C:/Users/Senpai/AppData/Roaming/GoodSync/_mirrors_/gdrive-Wicky_Gustave-0AGIAX4LCOy-XUk9PVA@www.googleapis.com-Good Sync-Eclips Projects-Moding Minecraft 1.12.2-Application/2018-0327-025940-SENPAI_DESKTOP-Runner-Mod Sync.log
2018-04-03 11:30:36: Deleted old log file C:/Users/Senpai/AppData/Roaming/GoodSync/_mirrors_/gdrive-Wicky_Gustave-0AGIAX4LCOy-XUk9PVA@www.googleapis.com-Good Sync-Eclips Projects-Moding Minecraft 1.12.2-Application/2018-0327-030025-SENPAI_DESKTOP-Runner-Mod Sync.log
2018-04-03 11:30:36: Deleted old log file C:/Users/Senpai/AppData/Roaming/GoodSync/_mirrors_/gdrive-Wicky_Gustave-0AGIAX4LCOy-XUk9PVA@www.googleapis.com-Good Sync-Eclips Projects-Moding Minecraft 1.12.2-Application/2018-0327-030046-SENPAI_DESKTOP-Runner-Mod Sync.log
2018-04-03 11:30:36: Deleted old log file C:/Users/Senpai/AppData/Roaming/GoodSync/_mirrors_/gdrive-Wicky_Gustave-0AGIAX4LCOy-XUk9PVA@www.googleapis.com-Good Sync-Eclips Projects-Moding Minecraft 1.12.2-Application/2018-0327-030402-SENPAI_DESKTOP-Runner-Mod Sync.log
2018-04-03 11:30:36: Deleted old log file C:/Users/Senpai/AppData/Roaming/GoodSync/_mirrors_/gdrive-Wicky_Gustave-0AGIAX4LCOy-XUk9PVA@www.googleapis.com-Good Sync-Eclips Projects-Moding Minecraft 1.12.2-Application/2018-0327-030423-SENPAI_DESKTOP-Runner-Mod Sync.log
2018-04-03 11:30:36: Deleted old log file C:/Users/Senpai/AppData/Roaming/GoodSync/_mirrors_/gdrive-Wicky_Gustave-0AGIAX4LCOy-XUk9PVA@www.googleapis.com-Good Sync-Eclips Projects-Moding Minecraft 1.12.2-Application/2018-0327-030708-SENPAI_DESKTOP-Runner-Mod Sync.log
2018-04-03 11:30:36: Deleted old log file C:/Users/Senpai/AppData/Roaming/GoodSync/_mirrors_/gdrive-Wicky_Gustave-0AGIAX4LCOy-XUk9PVA@www.googleapis.com-Good Sync-Eclips Projects-Moding Minecraft 1.12.2-Application/2018-0327-030729-SENPAI_DESKTOP-Runner-Mod Sync.log
2018-04-03 11:30:36: Deleted old log file C:/Users/Senpai/AppData/Roaming/GoodSync/_mirrors_/gdrive-Wicky_Gustave-0AGIAX4LCOy-XUk9PVA@www.googleapis.com-Good Sync-Eclips Projects-Moding Minecraft 1.12.2-Application/2018-0327-031005-SENPAI_DESKTOP-Runner-Mod Sync.log
2018-04-03 11:30:36: Deleted old log file C:/Users/Senpai/AppData/Roaming/GoodSync/_mirrors_/gdrive-Wicky_Gustave-0AGIAX4LCOy-XUk9PVA@www.googleapis.com-Good Sync-Eclips Projects-Moding Minecraft 1.12.2-Application/2018-0327-031027-SENPAI_DESKTOP-Runner-Mod Sync.log
2018-04-03 11:30:36: Deleted old log file C:/Users/Senpai/AppData/Roaming/GoodSync/_mirrors_/gdrive-Wicky_Gustave-0AGIAX4LCOy-XUk9PVA@www.googleapis.com-Good Sync-Eclips Projects-Moding Minecraft 1.12.2-Application/2018-0327-031221-SENPAI_DESKTOP-Runner-Mod Sync.log
2018-04-03 11:30:36: Deleted old log file C:/Users/Senpai/AppData/Roaming/GoodSync/_mirrors_/gdrive-Wicky_Gustave-0AGIAX4LCOy-XUk9PVA@www.googleapis.com-Good Sync-Eclips Projects-Moding Minecraft 1.12.2-Application/2018-0327-031242-SENPAI_DESKTOP-Runner-Mod Sync.log
2018-04-03 11:30:36: Deleted old log file C:/Users/Senpai/AppData/Roaming/GoodSync/_mirrors_/gdrive-Wicky_Gustave-0AGIAX4LCOy-XUk9PVA@www.googleapis.com-Good Sync-Eclips Projects-Moding Minecraft 1.12.2-Application/2018-0327-031303-SENPAI_DESKTOP-Runner-Mod Sync.log
2018-04-03 11:30:36: Deleted old log file C:/Users/Senpai/AppData/Roaming/GoodSync/_mirrors_/gdrive-Wicky_Gustave-0AGIAX4LCOy-XUk9PVA@www.googleapis.com-Good Sync-Eclips Projects-Moding Minecraft 1.12.2-Application/2018-0327-031327-SENPAI_DESKTOP-Runner-Mod Sync.log
2018-04-03 11:30:36: Deleted old log file C:/Users/Senpai/AppData/Roaming/GoodSync/_mirrors_/gdrive-Wicky_Gustave-0AGIAX4LCOy-XUk9PVA@www.googleapis.com-Good Sync-Eclips Projects-Moding Minecraft 1.12.2-Application/2018-0327-031351-SENPAI_DESKTOP-Runner-Mod Sync.log
2018-04-03 11:30:36: Deleted old log file C:/Users/Senpai/AppData/Roaming/GoodSync/_mirrors_/gdrive-Wicky_Gustave-0AGIAX4LCOy-XUk9PVA@www.googleapis.com-Good Sync-Eclips Projects-Moding Minecraft 1.12.2-Application/2018-0327-031909-SENPAI_DESKTOP-Runner-Mod Sync.log
2018-04-03 11:30:36: Deleted old log file C:/Users/Senpai/AppData/Roaming/GoodSync/_mirrors_/gdrive-Wicky_Gustave-0AGIAX4LCOy-XUk9PVA@www.googleapis.com-Good Sync-Eclips Projects-Moding Minecraft 1.12.2-Application/2018-0327-031930-SENPAI_DESKTOP-Runner-Mod Sync.log
2018-04-03 11:30:36: Deleted old log file C:/Users/Senpai/AppData/Roaming/GoodSync/_mirrors_/gdrive-Wicky_Gustave-0AGIAX4LCOy-XUk9PVA@www.googleapis.com-Good Sync-Eclips Projects-Moding Minecraft 1.12.2-Application/2018-0327-031942-SENPAI_DESKTOP-Runner-Mod Sync.log
2018-04-03 11:30:36: Deleted old log file C:/Users/Senpai/AppData/Roaming/GoodSync/_mirrors_/gdrive-Wicky_Gustave-0AGIAX4LCOy-XUk9PVA@www.googleapis.com-Good Sync-Eclips Projects-Moding Minecraft 1.12.2-Application/2018-0327-032006-SENPAI_DESKTOP-Runner-Mod Sync.log
2018-04-03 11:30:36: Deleted old log file C:/Users/Senpai/AppData/Roaming/GoodSync/_mirrors_/gdrive-Wicky_Gustave-0AGIAX4LCOy-XUk9PVA@www.googleapis.com-Good Sync-Eclips Projects-Moding Minecraft 1.12.2-Application/2018-0327-032030-SENPAI_DESKTOP-Runner-Mod Sync.log
2018-04-03 11:30:36: Deleted old log file C:/Users/Senpai/AppData/Roaming/GoodSync/_mirrors_/gdrive-Wicky_Gustave-0AGIAX4LCOy-XUk9PVA@www.googleapis.com-Good Sync-Eclips Projects-Moding Minecraft 1.12.2-Application/2018-0327-032405-SENPAI_DESKTOP-Runner-Mod Sync.log
2018-04-03 11:30:36: Deleted old log file C:/Users/Senpai/AppData/Roaming/GoodSync/_mirrors_/gdrive-Wicky_Gustave-0AGIAX4LCOy-XUk9PVA@www.googleapis.com-Good Sync-Eclips Projects-Moding Minecraft 1.12.2-Application/2018-0327-032426-SENPAI_DESKTOP-Runner-Mod Sync.log
2018-04-03 11:30:36: Deleted old log file C:/Users/Senpai/AppData/Roaming/GoodSync/_mirrors_/gdrive-Wicky_Gustave-0AGIAX4LCOy-XUk9PVA@www.googleapis.com-Good Sync-Eclips Projects-Moding Minecraft 1.12.2-Application/2018-0327-032508-SENPAI_DESKTOP-Runner-Mod Sync.log
2018-04-03 11:30:36: Deleted old log file C:/Users/Senpai/AppData/Roaming/GoodSync/_mirrors_/gdrive-Wicky_Gustave-0AGIAX4LCOy-XUk9PVA@www.googleapis.com-Good Sync-Eclips Projects-Moding Minecraft 1.12.2-Application/2018-0327-032529-SENPAI_DESKTOP-Runner-Mod Sync.log
2018-04-03 11:30:36: Deleted old log file C:/Users/Senpai/AppData/Roaming/GoodSync/_mirrors_/gdrive-Wicky_Gustave-0AGIAX4LCOy-XUk9PVA@www.googleapis.com-Good Sync-Eclips Projects-Moding Minecraft 1.12.2-Application/2018-0327-033600-SENPAI_DESKTOP-Runner-Mod Sync.log
2018-04-03 11:30:36: Deleted old log file C:/Users/Senpai/AppData/Roaming/GoodSync/_mirrors_/gdrive-Wicky_Gustave-0AGIAX4LCOy-XUk9PVA@www.googleapis.com-Good Sync-Eclips Projects-Moding Minecraft 1.12.2-Application/2018-0327-033621-SENPAI_DESKTOP-Runner-Mod Sync.log
2018-04-03 11:30:36: Deleted old log file C:/Users/Senpai/AppData/Roaming/GoodSync/_mirrors_/gdrive-Wicky_Gustave-0AGIAX4LCOy-XUk9PVA@www.googleapis.com-Good Sync-Eclips Projects-Moding Minecraft 1.12.2-Application/2018-0327-033812-SENPAI_DESKTOP-Runner-Mod Sync.log
2018-04-03 11:30:36: Deleted old log file C:/Users/Senpai/AppData/Roaming/GoodSync/_mirrors_/gdrive-Wicky_Gustave-0AGIAX4LCOy-XUk9PVA@www.googleapis.com-Good Sync-Eclips Projects-Moding Minecraft 1.12.2-Application/2018-0327-033833-SENPAI_DESKTOP-Runner-Mod Sync.log
2018-04-03 11:30:36: Deleted old log file C:/Users/Senpai/AppData/Roaming/GoodSync/_mirrors_/gdrive-Wicky_Gustave-0AGIAX4LCOy-XUk9PVA@www.googleapis.com-Good Sync-Eclips Projects-Moding Minecraft 1.12.2-Application/2018-0327-034636-SENPAI_DESKTOP-Runner-Mod Sync.log
2018-04-03 11:30:36: Deleted old log file C:/Users/Senpai/AppData/Roaming/GoodSync/_mirrors_/gdrive-Wicky_Gustave-0AGIAX4LCOy-XUk9PVA@www.googleapis.com-Good Sync-Eclips Projects-Moding Minecraft 1.12.2-Application/2018-0327-034657-SENPAI_DESKTOP-Runner-Mod Sync.log
2018-04-03 11:30:36: Deleted old log file C:/Users/Senpai/AppData/Roaming/GoodSync/_mirrors_/gdrive-Wicky_Gustave-0AGIAX4LCOy-XUk9PVA@www.googleapis.com-Good Sync-Eclips Projects-Moding Minecraft 1.12.2-Application/2018-0327-034949-SENPAI_DESKTOP-Runner-Mod Sync.log
2018-04-03 11:30:36: Deleted old log file C:/Users/Senpai/AppData/Roaming/GoodSync/_mirrors_/gdrive-Wicky_Gustave-0AGIAX4LCOy-XUk9PVA@www.googleapis.com-Good Sync-Eclips Projects-Moding Minecraft 1.12.2-Application/2018-0327-035010-SENPAI_DESKTOP-Runner-Mod Sync.log
2018-04-03 11:30:36: Deleted old log file C:/Users/Senpai/AppData/Roaming/GoodSync/_mirrors_/gdrive-Wicky_Gustave-0AGIAX4LCOy-XUk9PVA@www.googleapis.com-Good Sync-Eclips Projects-Moding Minecraft 1.12.2-Application/2018-0327-035031-SENPAI_DESKTOP-Runner-Mod Sync.log
2018-04-03 11:30:36: Deleted old log file C:/Users/Senpai/AppData/Roaming/GoodSync/_mirrors_/gdrive-Wicky_Gustave-0AGIAX4LCOy-XUk9PVA@www.googleapis.com-Good Sync-Eclips Projects-Moding Minecraft 1.12.2-Application/2018-0327-035240-SENPAI_DESKTOP-Runner-Mod Sync.log
2018-04-03 11:30:36: Deleted old log file C:/Users/Senpai/AppData/Roaming/GoodSync/_mirrors_/gdrive-Wicky_Gustave-0AGIAX4LCOy-XUk9PVA@www.googleapis.com-Good Sync-Eclips Projects-Moding Minecraft 1.12.2-Application/2018-0327-035307-SENPAI_DESKTOP-Runner-Mod Sync.log
2018-04-03 11:30:36: Deleted old log file C:/Users/Senpai/AppData/Roaming/GoodSync/_mirrors_/gdrive-Wicky_Gustave-0AGIAX4LCOy-XUk9PVA@www.googleapis.com-Good Sync-Eclips Projects-Moding Minecraft 1.12.2-Application/2018-0327-035328-SENPAI_DESKTOP-Runner-Mod Sync.log
2018-04-03 11:30:36: Deleted old log file C:/Users/Senpai/AppData/Roaming/GoodSync/_mirrors_/gdrive-Wicky_Gustave-0AGIAX4LCOy-XUk9PVA@www.googleapis.com-Good Sync-Eclips Projects-Moding Minecraft 1.12.2-Application/2018-0327-084757-SENPAI_DESKTOP-Runner-Mod Sync.log
2018-04-03 11:30:36: Deleted old log file C:/Users/Senpai/AppData/Roaming/GoodSync/_mirrors_/gdrive-Wicky_Gustave-0AGIAX4LCOy-XUk9PVA@www.googleapis.com-Good Sync-Eclips Projects-Moding Minecraft 1.12.2-Application/2018-0327-085017-SENPAI_DESKTOP-Runner-Mod Sync.log
2018-04-03 11:30:36: Deleted old log file C:/Users/Senpai/AppData/Roaming/GoodSync/_mirrors_/gdrive-Wicky_Gustave-0AGIAX4LCOy-XUk9PVA@www.googleapis.com-Good Sync-Eclips Projects-Moding Minecraft 1.12.2-Application/2018-0327-085105-SENPAI_DESKTOP-Runner-Mod Sync.log
2018-04-03 11:30:36: Deleted old log file C:/Users/Senpai/AppData/Roaming/GoodSync/_mirrors_/gdrive-Wicky_Gustave-0AGIAX4LCOy-XUk9PVA@www.googleapis.com-Good Sync-Eclips Projects-Moding Minecraft 1.12.2-Application/2018-0327-085235-SENPAI_DESKTOP-Runner-Mod Sync.log
2018-04-03 11:30:36: Deleted old log file C:/Users/Senpai/AppData/Roaming/GoodSync/_mirrors_/gdrive-Wicky_Gustave-0AGIAX4LCOy-XUk9PVA@www.googleapis.com-Good Sync-Eclips Projects-Moding Minecraft 1.12.2-Application/2018-0327-085300-SENPAI_DESKTOP-Runner-Mod Sync.log
2018-04-03 11:30:36: Deleted old log file C:/Users/Senpai/AppData/Roaming/GoodSync/_mirrors_/gdrive-Wicky_Gustave-0AGIAX4LCOy-XUk9PVA@www.googleapis.com-Good Sync-Eclips Projects-Moding Minecraft 1.12.2-Application/2018-0327-100137-SENPAI_DESKTOP-Runner-Mod Sync.log
2018-04-03 11:30:36: Deleted old log file C:/Users/Senpai/AppData/Roaming/GoodSync/_mirrors_/gdrive-Wicky_Gustave-0AGIAX4LCOy-XUk9PVA@www.googleapis.com-Good Sync-Eclips Projects-Moding Minecraft 1.12.2-Application/2018-0327-100204-SENPAI_DESKTOP-Runner-Mod Sync.log
2018-04-03 11:30:36: Deleted old log file C:/Users/Senpai/AppData/Roaming/GoodSync/_mirrors_/gdrive-Wicky_Gustave-0AGIAX4LCOy-XUk9PVA@www.googleapis.com-Good Sync-Eclips Projects-Moding Minecraft 1.12.2-Application/2018-0327-100537-SENPAI_DESKTOP-Runner-Mod Sync.log
2018-04-03 11:30:36: Deleted old log file C:/Users/Senpai/AppData/Roaming/GoodSync/_mirrors_/gdrive-Wicky_Gustave-0AGIAX4LCOy-XUk9PVA@www.googleapis.com-Good Sync-Eclips Projects-Moding Minecraft 1.12.2-Application/2018-0327-100601-SENPAI_DESKTOP-Runner-Mod Sync.log
2018-04-03 11:30:36: Deleted old log file C:/Users/Senpai/AppData/Roaming/GoodSync/_mirrors_/gdrive-Wicky_Gustave-0AGIAX4LCOy-XUk9PVA@www.googleapis.com-Good Sync-Eclips Projects-Moding Minecraft 1.12.2-Application/2018-0327-101655-SENPAI_DESKTOP-Runner-Mod Sync.log
2018-04-03 11:30:36: Deleted old log file C:/Users/Senpai/AppData/Roaming/GoodSync/_mirrors_/gdrive-Wicky_Gustave-0AGIAX4LCOy-XUk9PVA@www.googleapis.com-Good Sync-Eclips Projects-Moding Minecraft 1.12.2-Application/2018-0327-101719-SENPAI_DESKTOP-Runner-Mod Sync.log
2018-04-03 11:30:36: Deleted old log file C:/Users/Senpai/AppData/Roaming/GoodSync/_mirrors_/gdrive-Wicky_Gustave-0AGIAX4LCOy-XUk9PVA@www.googleapis.com-Good Sync-Eclips Projects-Moding Minecraft 1.12.2-Application/2018-0327-101910-SENPAI_DESKTOP-Runner-Mod Sync.log
2018-04-03 11:30:36: Deleted old log file C:/Users/Senpai/AppData/Roaming/GoodSync/_mirrors_/gdrive-Wicky_Gustave-0AGIAX4LCOy-XUk9PVA@www.googleapis.com-Good Sync-Eclips Projects-Moding Minecraft 1.12.2-Application/2018-0327-105244-SENPAI_DESKTOP-Runner-Mod Sync.log
2018-04-03 11:30:36: Deleted old log file C:/Users/Senpai/AppData/Roaming/GoodSync/_mirrors_/gdrive-Wicky_Gustave-0AGIAX4LCOy-XUk9PVA@www.googleapis.com-Good Sync-Eclips Projects-Moding Minecraft 1.12.2-Application/2018-0327-105259-SENPAI_DESKTOP-Runner-Mod Sync.log
2018-04-03 11:30:36: Deleted old log file C:/Users/Senpai/AppData/Roaming/GoodSync/_mirrors_/gdrive-Wicky_Gustave-0AGIAX4LCOy-XUk9PVA@www.googleapis.com-Good Sync-Eclips Projects-Moding Minecraft 1.12.2-Application/2018-0327-110608-SENPAI_DESKTOP-Runner-Mod Sync.log
2018-04-03 11:30:36: Deleted old log file C:/Users/Senpai/AppData/Roaming/GoodSync/_mirrors_/gdrive-Wicky_Gustave-0AGIAX4LCOy-XUk9PVA@www.googleapis.com-Good Sync-Eclips Projects-Moding Minecraft 1.12.2-Application/2018-0327-110647-SENPAI_DESKTOP-Runner-Mod Sync.log
2018-04-03 11:30:36: Deleted old log file C:/Users/Senpai/AppData/Roaming/GoodSync/_mirrors_/gdrive-Wicky_Gustave-0AGIAX4LCOy-XUk9PVA@www.googleapis.com-Good Sync-Eclips Projects-Moding Minecraft 1.12.2-Application/2018-0327-110711-SENPAI_DESKTOP-Runner-Mod Sync.log
2018-04-03 11:30:36: Deleted old log file C:/Users/Senpai/AppData/Roaming/GoodSync/_mirrors_/gdrive-Wicky_Gustave-0AGIAX4LCOy-XUk9PVA@www.googleapis.com-Good Sync-Eclips Projects-Moding Minecraft 1.12.2-Application/2018-0327-110735-SENPAI_DESKTOP-Runner-Mod Sync.log
2018-04-03 11:30:36: Deleted old log file C:/Users/Senpai/AppData/Roaming/GoodSync/_mirrors_/gdrive-Wicky_Gustave-0AGIAX4LCOy-XUk9PVA@www.googleapis.com-Good Sync-Eclips Projects-Moding Minecraft 1.12.2-Application/2018-0327-112123-SENPAI_DESKTOP-Runner-Mod Sync.log
2018-04-03 11:30:36: Deleted old log file C:/Users/Senpai/AppData/Roaming/GoodSync/_mirrors_/gdrive-Wicky_Gustave-0AGIAX4LCOy-XUk9PVA@www.googleapis.com-Good Sync-Eclips Projects-Moding Minecraft 1.12.2-Application/2018-0327-112717-SENPAI_DESKTOP-Runner-Mod Sync.log
2018-04-03 11:30:36: Deleted old log file C:/Users/Senpai/AppData/Roaming/GoodSync/_mirrors_/gdrive-Wicky_Gustave-0AGIAX4LCOy-XUk9PVA@www.googleapis.com-Good Sync-Eclips Projects-Moding Minecraft 1.12.2-Application/2018-0327-112744-SENPAI_DESKTOP-Runner-Mod Sync.log
2018-04-03 11:30:36: Deleted old log file C:/Users/Senpai/AppData/Roaming/GoodSync/_mirrors_/gdrive-Wicky_Gustave-0AGIAX4LCOy-XUk9PVA@www.googleapis.com-Good Sync-Eclips Projects-Moding Minecraft 1.12.2-Application/2018-0327-112811-SENPAI_DESKTOP-Runner-Mod Sync.log
2018-04-03 11:30:36: Deleted old log file C:/Users/Senpai/AppData/Roaming/GoodSync/_mirrors_/gdrive-Wicky_Gustave-0AGIAX4LCOy-XUk9PVA@www.googleapis.com-Good Sync-Eclips Projects-Moding Minecraft 1.12.2-Application/2018-0327-112832-SENPAI_DESKTOP-Runner-Mod Sync.log
2018-04-03 11:30:36: Deleted old log file C:/Users/Senpai/AppData/Roaming/GoodSync/_mirrors_/gdrive-Wicky_Gustave-0AGIAX4LCOy-XUk9PVA@www.googleapis.com-Good Sync-Eclips Projects-Moding Minecraft 1.12.2-Application/2018-0327-112844-SENPAI_DESKTOP-Runner-Mod Sync.log
2018-04-03 11:30:36: Deleted old log file C:/Users/Senpai/AppData/Roaming/GoodSync/_mirrors_/gdrive-Wicky_Gustave-0AGIAX4LCOy-XUk9PVA@www.googleapis.com-Good Sync-Eclips Projects-Moding Minecraft 1.12.2-Application/2018-0327-112908-SENPAI_DESKTOP-Runner-Mod Sync.log
2018-04-03 11:30:36: Cleanup old logs in gdrive://www.googleapis.com/Good Sync/Eclips Projects/Moding Minecraft 1.12.2/Application/_gsdata_
2018-04-03 11:30:38: Delete log file gdrive://www.googleapis.com/Good Sync/Eclips Projects/Moding Minecraft 1.12.2/Application/_gsdata_/2018-0327-101910-SENPAI_DESKTOP-Runner-Mod Sync.log
2018-04-03 11:30:39: Delete log file gdrive://www.googleapis.com/Good Sync/Eclips Projects/Moding Minecraft 1.12.2/Application/_gsdata_/2018-0327-110711-SENPAI_DESKTOP-Runner-Mod Sync.log
2018-04-03 11:30:40: Delete log file gdrive://www.googleapis.com/Good Sync/Eclips Projects/Moding Minecraft 1.12.2/Application/_gsdata_/2018-0327-101655-SENPAI_DESKTOP-Runner-Mod Sync.log
2018-04-03 11:30:41: Delete log file gdrive://www.googleapis.com/Good Sync/Eclips Projects/Moding Minecraft 1.12.2/Application/_gsdata_/2018-0327-035328-SENPAI_DESKTOP-Runner-Mod Sync.log
2018-04-03 11:30:42: Delete log file gdrive://www.googleapis.com/Good Sync/Eclips Projects/Moding Minecraft 1.12.2/Application/_gsdata_/2018-0327-110608-SENPAI_DESKTOP-Runner-Mod Sync.log
2018-04-03 11:30:43: Delete log file gdrive://www.googleapis.com/Good Sync/Eclips Projects/Moding Minecraft 1.12.2/Application/_gsdata_/2018-0327-031005-SENPAI_DESKTOP-Runner-Mod Sync.log
2018-04-03 11:30:44: Delete log file gdrive://www.googleapis.com/Good Sync/Eclips Projects/Moding Minecraft 1.12.2/Application/_gsdata_/2018-0327-034949-SENPAI_DESKTOP-Runner-Mod Sync.log
2018-04-03 11:30:45: Delete log file gdrive://www.googleapis.com/Good Sync/Eclips Projects/Moding Minecraft 1.12.2/Application/_gsdata_/2018-0327-031942-SENPAI_DESKTOP-Runner-Mod Sync.log
2018-04-03 11:30:46: Delete log file gdrive://www.googleapis.com/Good Sync/Eclips Projects/Moding Minecraft 1.12.2/Application/_gsdata_/2018-0327-032006-SENPAI_DESKTOP-Runner-Mod Sync.log
2018-04-03 11:30:47: Delete log file gdrive://www.googleapis.com/Good Sync/Eclips Projects/Moding Minecraft 1.12.2/Application/_gsdata_/2018-0327-040410-Senpai’s MacBook Pro-Mod Sync.log
2018-04-03 11:30:48: Delete log file gdrive://www.googleapis.com/Good Sync/Eclips Projects/Moding Minecraft 1.12.2/Application/_gsdata_/2018-0327-035240-SENPAI_DESKTOP-Runner-Mod Sync.log
2018-04-03 11:30:49: Delete log file gdrive://www.googleapis.com/Good Sync/Eclips Projects/Moding Minecraft 1.12.2/Application/_gsdata_/2018-0327-112811-SENPAI_DESKTOP-Runner-Mod Sync.log
2018-04-03 11:30:50: Delete log file gdrive://www.googleapis.com/Good Sync/Eclips Projects/Moding Minecraft 1.12.2/Application/_gsdata_/2018-0327-100537-SENPAI_DESKTOP-Runner-Mod Sync.log
2018-04-03 11:30:51: Delete log file gdrive://www.googleapis.com/Good Sync/Eclips Projects/Moding Minecraft 1.12.2/Application/_gsdata_/2018-0327-032508-SENPAI_DESKTOP-Runner-Mod Sync.log
2018-04-03 11:30:52: Delete log file gdrive://www.googleapis.com/Good Sync/Eclips Projects/Moding Minecraft 1.12.2/Application/_gsdata_/2018-0327-033600-SENPAI_DESKTOP-Runner-Mod Sync.log
2018-04-03 11:30:53: Delete log file gdrive://www.googleapis.com/Good Sync/Eclips Projects/Moding Minecraft 1.12.2/Application/_gsdata_/2018-0327-033812-SENPAI_DESKTOP-Runner-Mod Sync.log
2018-04-03 11:30:54: Delete log file gdrive://www.googleapis.com/Good Sync/Eclips Projects/Moding Minecraft 1.12.2/Application/_gsdata_/2018-0327-034636-SENPAI_DESKTOP-Runner-Mod Sync.log
2018-04-03 11:30:54: Delete log file gdrive://www.googleapis.com/Good Sync/Eclips Projects/Moding Minecraft 1.12.2/Application/_gsdata_/2018-0327-112844-SENPAI_DESKTOP-Runner-Mod Sync.log
2018-04-03 11:30:55: Delete log file gdrive://www.googleapis.com/Good Sync/Eclips Projects/Moding Minecraft 1.12.2/Application/_gsdata_/2018-0327-030708-SENPAI_DESKTOP-Runner-Mod Sync.log
2018-04-03 11:30:56: Delete log file gdrive://www.googleapis.com/Good Sync/Eclips Projects/Moding Minecraft 1.12.2/Application/_gsdata_/2018-0327-112717-SENPAI_DESKTOP-Runner-Mod Sync.log
2018-04-03 11:30:57: Delete log file gdrive://www.googleapis.com/Good Sync/Eclips Projects/Moding Minecraft 1.12.2/Application/_gsdata_/2018-0327-031909-SENPAI_DESKTOP-Runner-Mod Sync.log
2018-04-03 11:30:58: Delete log file gdrive://www.googleapis.com/Good Sync/Eclips Projects/Moding Minecraft 1.12.2/Application/_gsdata_/2018-0327-112744-SENPAI_DESKTOP-Runner-Mod Sync.log
2018-04-03 11:30:59: Delete log file gdrive://www.googleapis.com/Good Sync/Eclips Projects/Moding Minecraft 1.12.2/Application/_gsdata_/2018-0327-035010-SENPAI_DESKTOP-Runner-Mod Sync.log
2018-04-03 11:31:00: Delete log file gdrive://www.googleapis.com/Good Sync/Eclips Projects/Moding Minecraft 1.12.2/Application/_gsdata_/2018-0327-025919-SENPAI_DESKTOP-Runner-Mod Sync.log
2018-04-03 11:31:01: Delete log file gdrive://www.googleapis.com/Good Sync/Eclips Projects/Moding Minecraft 1.12.2/Application/_gsdata_/2018-0327-031327-SENPAI_DESKTOP-Runner-Mod Sync.log
2018-04-03 11:31:01: Delete log file gdrive://www.googleapis.com/Good Sync/Eclips Projects/Moding Minecraft 1.12.2/Application/_gsdata_/2018-0327-032405-SENPAI_DESKTOP-Runner-Mod Sync.log
2018-04-03 11:31:02: Delete log file gdrive://www.googleapis.com/Good Sync/Eclips Projects/Moding Minecraft 1.12.2/Application/_gsdata_/2018-0327-030025-SENPAI_DESKTOP-Runner-Mod Sync.log
2018-04-03 11:31:03: Delete log file gdrive://www.googleapis.com/Good Sync/Eclips Projects/Moding Minecraft 1.12.2/Application/_gsdata_/2018-0327-025843-SENPAI_DESKTOP-Runner-Mod Sync.log
2018-04-03 11:31:04: Delete log file gdrive://www.googleapis.com/Good Sync/Eclips Projects/Moding Minecraft 1.12.2/Application/_gsdata_/2018-0327-100137-SENPAI_DESKTOP-Runner-Mod Sync.log
2018-04-03 11:31:04: Delete log file gdrive://www.googleapis.com/Good Sync/Eclips Projects/Moding Minecraft 1.12.2/Application/_gsdata_/2018-0327-031221-SENPAI_DESKTOP-Runner-Mod Sync.log
2018-04-03 11:31:05: Delete log file gdrive://www.googleapis.com/Good Sync/Eclips Projects/Moding Minecraft 1.12.2/Application/_gsdata_/2018-0327-085017-SENPAI_DESKTOP-Runner-Mod Sync.log
2018-04-03 11:31:06: Delete log file gdrive://www.googleapis.com/Good Sync/Eclips Projects/Moding Minecraft 1.12.2/Application/_gsdata_/2018-0327-085235-SENPAI_DESKTOP-Runner-Mod Sync.log
2018-04-03 11:31:07: Delete log file gdrive://www.googleapis.com/Good Sync/Eclips Projects/Moding Minecraft 1.12.2/Application/_gsdata_/2018-0327-110647-SENPAI_DESKTOP-Runner-Mod Sync.log
2018-04-03 11:31:08: Delete log file gdrive://www.googleapis.com/Good Sync/Eclips Projects/Moding Minecraft 1.12.2/Application/_gsdata_/2018-0327-031242-SENPAI_DESKTOP-Runner-Mod Sync.log
2018-04-03 11:31:09: Delete log file gdrive://www.googleapis.com/Good Sync/Eclips Projects/Moding Minecraft 1.12.2/Application/_gsdata_/2018-0327-030402-SENPAI_DESKTOP-Runner-Mod Sync.log
2018-04-03 11:31:10: Delete log file gdrive://www.googleapis.com/Good Sync/Eclips Projects/Moding Minecraft 1.12.2/Application/_gsdata_/2018-0327-035307-SENPAI_DESKTOP-Runner-Mod Sync.log
2018-04-03 11:31:10: == Sync Complete. Time: 00:01:02, Speed: 621 bytes/s, OK: 1, Errors: 0
2018-04-03 11:31:10: Unlocking folder S:/Documents/MinecraftModding/xcraftmod/src/_gsdata_/lock.gsl
2018-04-03 11:31:10: Unlocking folder gdrive://www.googleapis.com/Good Sync/Eclips Projects/Moding Minecraft 1.12.2/Application/_gsdata_/lock.gsl
2018-04-03 11:31:12: 
