2018-04-04 00:26:45: Connected to S:\Documents\MinecraftModding\xcraftmod\src: S: NTFS: type=NTFS vol=Data Storage flags=3E706FF
2018-04-04 00:26:45: Connected to gdrive://www.googleapis.com/Good Sync/Eclips Projects/Moding Minecraft 1.12.2/Application
2018-04-04 00:26:46: Incremental Analyze for On File Change
2018-04-04 00:26:46: -- Analysis Started by On File Change, After Delay, Under Runner
2018-04-04 00:26:46: Mod Sync: ANALYSIS started by On File Change, After Delay, Under Runner on 'SENPAI_DESKTOP' (GoodSync 10.8.1.1)
2018-04-04 00:26:46: =Data Storage:\Documents\MinecraftModding\xcraftmod\src (S:/Documents/MinecraftModding/xcraftmod/src) [TmpDest] <-> gdrive://www.googleapis.com/Good Sync/Eclips Projects/Moding Minecraft 1.12.2/Application [DirDest], RecycleTo_RecycleBin, SaveDays_RecycleBin=30d, ReconnectSecs=120, SyncWorkerThreads=99, OnFileChange Delay=5, Unattended, WaitForLocksMin=20, ResolveConflicts=NewerFileWins, AutoClear, LinksIgnore
2018-04-04 00:26:46: Exclude Hidden, Exclude System, Exclude name *._gstmp|/System Volume Information|Thumbs.db|.DS_Store 
2018-04-04 00:26:46: Locking folder S:/Documents/MinecraftModding/xcraftmod/src for write
2018-04-04 00:26:46: Change Analyzed: S:/Documents/MinecraftModding/xcraftmod/src/main/java/com/senpai/items/tool
2018-04-04 00:26:46: Scan Newly Added Folder: S:/Documents/MinecraftModding/xcraftmod/src/main/java/com/senpai/items/tool
2018-04-04 00:26:46: Change Analyzed: S:/Documents/MinecraftModding/xcraftmod/src/main/java/com/senpai/init/ItemInit.java
2018-04-04 00:26:46: Change Analyzed: S:/Documents/MinecraftModding/xcraftmod/src/main/java/com/senpai/init/ItemInit.java
2018-04-04 00:26:46: Change Analyzed: S:/Documents/MinecraftModding/xcraftmod/src/main/java/com/senpai/objects/tools/ToolAxe.java
2018-04-04 00:26:46: Change Analyzed: S:/Documents/MinecraftModding/xcraftmod/src/main/java/com/senpai/items/tool/ToolAxe.java
2018-04-04 00:26:46: Change Analyzed: S:/Documents/MinecraftModding/xcraftmod/src/main/java/com/senpai/items/tool/ToolAxe.java
2018-04-04 00:26:46: Change Analyzed: S:/Documents/MinecraftModding/xcraftmod/src/main/java/com/senpai/items/tool/ToolAxe.java
2018-04-04 00:26:46: Change Analyzed: S:/Documents/MinecraftModding/xcraftmod/src/main/java/com/senpai/objects/tools/ToolPickaxe.java
2018-04-04 00:26:46: Change Analyzed: S:/Documents/MinecraftModding/xcraftmod/src/main/java/com/senpai/items/tool/ToolPickaxe.java
2018-04-04 00:26:46: Change Analyzed: S:/Documents/MinecraftModding/xcraftmod/src/main/java/com/senpai/items/tool/ToolPickaxe.java
2018-04-04 00:26:46: Change Analyzed: S:/Documents/MinecraftModding/xcraftmod/src/main/java/com/senpai/items/tool/ToolPickaxe.java
2018-04-04 00:26:46: Change Analyzed: S:/Documents/MinecraftModding/xcraftmod/src/main/java/com/senpai/objects/tools/ToolShovel.java
2018-04-04 00:26:46: Change Analyzed: S:/Documents/MinecraftModding/xcraftmod/src/main/java/com/senpai/items/tool/ToolShovel.java
2018-04-04 00:26:46: Change Analyzed: S:/Documents/MinecraftModding/xcraftmod/src/main/java/com/senpai/items/tool/ToolShovel.java
2018-04-04 00:26:46: Change Analyzed: S:/Documents/MinecraftModding/xcraftmod/src/main/java/com/senpai/items/tool/ToolShovel.java
2018-04-04 00:26:46: Change Analyzed: S:/Documents/MinecraftModding/xcraftmod/src/main/java/com/senpai/objects/tools/ToolSword.java
2018-04-04 00:26:46: Change Analyzed: S:/Documents/MinecraftModding/xcraftmod/src/main/java/com/senpai/items/tool/ToolSword.java
2018-04-04 00:26:46: Change Analyzed: S:/Documents/MinecraftModding/xcraftmod/src/main/java/com/senpai/items/tool/ToolSword.java
2018-04-04 00:26:46: Change Analyzed: S:/Documents/MinecraftModding/xcraftmod/src/main/java/com/senpai/items/tool/ToolSword.java
2018-04-04 00:26:46: Change Analyzed: S:/Documents/MinecraftModding/xcraftmod/src/main/java/com/senpai/objects/tools/ToolWrench.java
2018-04-04 00:26:46: Change Analyzed: S:/Documents/MinecraftModding/xcraftmod/src/main/java/com/senpai/items/tool/ToolWrench.java
2018-04-04 00:26:46: Change Analyzed: S:/Documents/MinecraftModding/xcraftmod/src/main/java/com/senpai/items/tool/ToolWrench.java
2018-04-04 00:26:46: Change Analyzed: S:/Documents/MinecraftModding/xcraftmod/src/main/java/com/senpai/items/tool/ToolWrench.java
2018-04-04 00:26:46: Change Analyzed: S:/Documents/MinecraftModding/xcraftmod/src/main/java/com/senpai/objects/tools/ToolHoe.java
2018-04-04 00:26:46: Change Analyzed: S:/Documents/MinecraftModding/xcraftmod/src/main/java/com/senpai/items/tool/ToolHoe.java
2018-04-04 00:26:46: Change Analyzed: S:/Documents/MinecraftModding/xcraftmod/src/main/java/com/senpai/items/tool/ToolHoe.java
2018-04-04 00:26:46: Change Analyzed: S:/Documents/MinecraftModding/xcraftmod/src/main/java/com/senpai/items/tool/ToolHoe.java
2018-04-04 00:26:46: Change Analyzed: S:/Documents/MinecraftModding/xcraftmod/src/main/java/com/senpai/objects/tools
2018-04-04 00:26:46: Locking folder gdrive://www.googleapis.com/Good Sync/Eclips Projects/Moding Minecraft 1.12.2/Application for write
2018-04-04 00:26:48: Change Analyzed: gdrive://www.googleapis.com/Good Sync/Eclips Projects/Moding Minecraft 1.12.2/Application/main/java/com/senpai/objects/items/food/ItemCustomFood.java
2018-04-04 00:26:48: Change Analyzed: gdrive://www.googleapis.com/Good Sync/Eclips Projects/Moding Minecraft 1.12.2/Application/main/java/com/senpai/items/XcraftHandbook.java
2018-04-04 00:26:48: Change Analyzed: gdrive://www.googleapis.com/Good Sync/Eclips Projects/Moding Minecraft 1.12.2/Application/main/java/com/senpai/items/XcraftHandbook.java
2018-04-04 00:26:48: Change Analyzed: gdrive://www.googleapis.com/Good Sync/Eclips Projects/Moding Minecraft 1.12.2/Application/main/java/com/senpai/items/food/ItemRice.java
2018-04-04 00:26:48: Change Analyzed: gdrive://www.googleapis.com/Good Sync/Eclips Projects/Moding Minecraft 1.12.2/Application/main/java/com/senpai/items/food/ItemCustomFood.java
2018-04-04 00:26:48: Change Analyzed: gdrive://www.googleapis.com/Good Sync/Eclips Projects/Moding Minecraft 1.12.2/Application/main/java/com/senpai/items/food/ItemCustomFood.java
2018-04-04 00:26:48: Change Analyzed: gdrive://www.googleapis.com/Good Sync/Eclips Projects/Moding Minecraft 1.12.2/Application/main/java/com/senpai/items/food/ItemRice.java
2018-04-04 00:26:48: Change Analyzed: gdrive://www.googleapis.com/Good Sync/Eclips Projects/Moding Minecraft 1.12.2/Application/main/java/com/senpai/objects/items/food
2018-04-04 00:26:48: Change Analyzed: gdrive://www.googleapis.com/Good Sync/Eclips Projects/Moding Minecraft 1.12.2/Application/main/java/com/senpai/items/food
2018-04-04 00:26:49: Change Analyzed: gdrive://www.googleapis.com/Good Sync/Eclips Projects/Moding Minecraft 1.12.2/Application/main/java/com/senpai/objects/items/food/ItemRice.java
2018-04-04 00:26:49: On disk file:///S: space required for sync is 0 bytes, you have 1.25 TB
2018-04-04 00:26:49: On disk gdrive://www.googleapis.com space required for sync is 11.0 KB, you have 12.4 GB
2018-04-04 00:26:49: Changes: 15, Conflicts: 0, CopyTime: 0, FixState: 0, Errors: 0, All: 22174
2018-04-04 00:26:49: Left to Right: Copy File: 8 Delete File: 7 
2018-04-04 00:26:49: -- Analysis Complete. Time 00:00:05, Speed: 86 files/s
2018-04-04 00:26:49: == Sync Started by On File Change, After Delay, Under Runner
2018-04-04 00:26:49: Mod Sync: SYNC started by On File Change, After Delay, Under Runner on 'SENPAI_DESKTOP'
2018-04-04 00:26:49: =Data Storage:\Documents\MinecraftModding\xcraftmod\src (S:/Documents/MinecraftModding/xcraftmod/src) [TmpDest] <-> gdrive://www.googleapis.com/Good Sync/Eclips Projects/Moding Minecraft 1.12.2/Application [DirDest], RecycleTo_RecycleBin, SaveDays_RecycleBin=30d, ReconnectSecs=120, SyncWorkerThreads=99, OnFileChange Delay=5, Unattended, WaitForLocksMin=20, ResolveConflicts=NewerFileWins, AutoClear, LinksIgnore
2018-04-04 00:26:52: Load Recycled DB: gdrive://www.googleapis.com/Good Sync/Eclips Projects/Moding Minecraft 1.12.2/Application/_gsdata_/_recycled_db._gs
2018-04-04 00:26:52: Delete File 'gdrive://www.googleapis.com/Good Sync/Eclips Projects/Moding Minecraft 1.12.2/Application/main/java/com/senpai/objects/tools/ToolAxe.java'
2018-04-04 00:26:53: Delete File 'gdrive://www.googleapis.com/Good Sync/Eclips Projects/Moding Minecraft 1.12.2/Application/main/java/com/senpai/objects/tools/ToolHoe.java'
2018-04-04 00:26:54: Delete File 'gdrive://www.googleapis.com/Good Sync/Eclips Projects/Moding Minecraft 1.12.2/Application/main/java/com/senpai/objects/tools/ToolPickaxe.java'
2018-04-04 00:26:55: Change detected [1]: t=MovedFrom path=/main/java/com/senpai/objects/tools/ToolPickaxe.java
2018-04-04 00:26:55: Change detected [1]: t=MovedFrom path=/main/java/com/senpai/objects/tools/ToolHoe.java
2018-04-04 00:26:55: Change detected [1]: t=MovedFrom path=/main/java/com/senpai/objects/tools/ToolAxe.java
2018-04-04 00:26:55: Delete File 'gdrive://www.googleapis.com/Good Sync/Eclips Projects/Moding Minecraft 1.12.2/Application/main/java/com/senpai/objects/tools/ToolShovel.java'
2018-04-04 00:26:56: Delete File 'gdrive://www.googleapis.com/Good Sync/Eclips Projects/Moding Minecraft 1.12.2/Application/main/java/com/senpai/objects/tools/ToolSword.java'
2018-04-04 00:26:57: Delete File 'gdrive://www.googleapis.com/Good Sync/Eclips Projects/Moding Minecraft 1.12.2/Application/main/java/com/senpai/objects/tools/ToolWrench.java'
2018-04-04 00:26:58: Delete Folder 'gdrive://www.googleapis.com/Good Sync/Eclips Projects/Moding Minecraft 1.12.2/Application/main/java/com/senpai/objects/tools'
2018-04-04 00:26:58: Create Folder 'gdrive://www.googleapis.com/Good Sync/Eclips Projects/Moding Minecraft 1.12.2/Application/main/java/com/senpai/items/tool'
2018-04-04 00:26:58: File Systems limited number of parallel threads to 20
2018-04-04 00:26:58: Start only 7 threads, limited by tasks to run
2018-04-04 00:27:01: Copy New 'S:/Documents/MinecraftModding/xcraftmod/src/main/java/com/senpai/items/tool/ToolAxe.java' -> 'gdrive://www.googleapis.com/Good Sync/Eclips Projects/Moding Minecraft 1.12.2/Application/main/java/com/senpai/items/tool/ToolAxe.java' (1610)
2018-04-04 00:27:02: Copy New 'S:/Documents/MinecraftModding/xcraftmod/src/main/java/com/senpai/items/tool/ToolHoe.java' -> 'gdrive://www.googleapis.com/Good Sync/Eclips Projects/Moding Minecraft 1.12.2/Application/main/java/com/senpai/items/tool/ToolHoe.java' (668)
2018-04-04 00:27:02: Copy Over 'S:/Documents/MinecraftModding/xcraftmod/src/main/java/com/senpai/init/ItemInit.java' -> 'gdrive://www.googleapis.com/Good Sync/Eclips Projects/Moding Minecraft 1.12.2/Application/main/java/com/senpai/init/ItemInit.java' (2786)
2018-04-04 00:27:03: Copy New 'S:/Documents/MinecraftModding/xcraftmod/src/main/java/com/senpai/items/tool/ToolPickaxe.java' -> 'gdrive://www.googleapis.com/Good Sync/Eclips Projects/Moding Minecraft 1.12.2/Application/main/java/com/senpai/items/tool/ToolPickaxe.java' (729)
2018-04-04 00:27:03: Copy New 'S:/Documents/MinecraftModding/xcraftmod/src/main/java/com/senpai/items/tool/ToolShovel.java' -> 'gdrive://www.googleapis.com/Good Sync/Eclips Projects/Moding Minecraft 1.12.2/Application/main/java/com/senpai/items/tool/ToolShovel.java' (677)
2018-04-04 00:27:04: Copy New 'S:/Documents/MinecraftModding/xcraftmod/src/main/java/com/senpai/items/tool/ToolSword.java' -> 'gdrive://www.googleapis.com/Good Sync/Eclips Projects/Moding Minecraft 1.12.2/Application/main/java/com/senpai/items/tool/ToolSword.java' (676)
2018-04-04 00:27:04: Copy New 'S:/Documents/MinecraftModding/xcraftmod/src/main/java/com/senpai/items/tool/ToolWrench.java' -> 'gdrive://www.googleapis.com/Good Sync/Eclips Projects/Moding Minecraft 1.12.2/Application/main/java/com/senpai/items/tool/ToolWrench.java' (1606)
2018-04-04 00:27:04: Save State File S:/Documents/MinecraftModding/xcraftmod/src/_gsdata_/_file_state_v4._gs
2018-04-04 00:27:05: Change detected [0]: t=Modified path=/main/java/com/senpai/objects/items/ItemHeart.java
2018-04-04 00:27:05: Change detected [0]: t=Modified path=/main/java/com/senpai/objects/items/ItemHeart.java
2018-04-04 00:27:05: Change detected [1]: t=Modified path=/main/java/com/senpai/items/tool/ToolWrench.java
2018-04-04 00:27:06: Change detected [1]: t=Created path=/main/java/com/senpai/items/tool/ToolWrench.java
2018-04-04 00:27:06: Change detected [1]: t=Modified path=/main/java/com/senpai/items/tool/ToolPickaxe.java
2018-04-04 00:27:06: Change detected [1]: t=Modified path=/main/java/com/senpai/items/tool/ToolShovel.java
2018-04-04 00:27:06: Change detected [1]: t=Modified path=/main/java/com/senpai/items/tool/ToolSword.java
2018-04-04 00:27:06: Change detected [1]: t=Created path=/main/java/com/senpai/items/tool/ToolShovel.java
2018-04-04 00:27:06: Change detected [1]: t=Created path=/main/java/com/senpai/items/tool/ToolSword.java
2018-04-04 00:27:06: Change detected [1]: t=Modified path=/main/java/com/senpai/items/tool/ToolHoe.java
2018-04-04 00:27:06: Change detected [1]: t=Created path=/main/java/com/senpai/items/tool/ToolPickaxe.java
2018-04-04 00:27:07: Change detected [1]: t=Modified path=/main/java/com/senpai/init/ItemInit.java
2018-04-04 00:27:07: Change detected [1]: t=Created path=/main/java/com/senpai/items/tool/ToolHoe.java
2018-04-04 00:27:07: Change detected [1]: t=Created path=/main/java/com/senpai/init/ItemInit.java
2018-04-04 00:27:07: Change detected [1]: t=Modified path=/main/java/com/senpai/items/tool/ToolAxe.java
2018-04-04 00:27:07: Change detected [1]: t=Created path=/main/java/com/senpai/items/tool/ToolAxe.java
2018-04-04 00:27:07: Change detected [1]: t=MovedFrom path=/main/java/com/senpai/init/ItemInit.java
2018-04-04 00:27:07: Change detected [1]: t=Created path=/main/java/com/senpai/items/tool
2018-04-04 00:27:07: Change detected [1]: t=Deleted path=/main/java/com/senpai/objects/tools
2018-04-04 00:27:07: Change detected [1]: t=MovedFrom path=/main/java/com/senpai/objects/tools/ToolWrench.java
2018-04-04 00:27:08: Change detected [1]: t=MovedFrom path=/main/java/com/senpai/objects/tools/ToolSword.java
2018-04-04 00:27:08: Change detected [1]: t=MovedFrom path=/main/java/com/senpai/objects/tools/ToolShovel.java
2018-04-04 00:27:08: Save State File gdrive://www.googleapis.com/Good Sync/Eclips Projects/Moding Minecraft 1.12.2/Application/_gsdata_/_file_state_v4._gs
2018-04-04 00:27:08: Cleanup recycled files in S:/Documents/MinecraftModding/xcraftmod/src/_gsdata_/_saved_
2018-04-04 00:27:08: Load Recycled DB: S:/Documents/MinecraftModding/xcraftmod/src/_gsdata_/_recycled_db._gs
2018-04-04 00:27:08: Deleted old log file C:/Users/Senpai/AppData/Roaming/GoodSync/_mirrors_/file-=Data Storage-Documents-MinecraftModding-xcraftmod-src/2018-0328-002515-SENPAI_DESKTOP-Runner-Mod Sync.log
2018-04-04 00:27:08: Cleanup old logs in S:/Documents/MinecraftModding/xcraftmod/src/_gsdata_
2018-04-04 00:27:08: Delete log file S:/Documents/MinecraftModding/xcraftmod/src/_gsdata_/2018-0328-002515-SENPAI_DESKTOP-Runner-Mod Sync.log
2018-04-04 00:27:08: Cleanup recycled files in gdrive://www.googleapis.com/Good Sync/Eclips Projects/Moding Minecraft 1.12.2/Application/_gsdata_/_saved_
2018-04-04 00:27:09: Save Recycled DB: gdrive://www.googleapis.com/Good Sync/Eclips Projects/Moding Minecraft 1.12.2/Application/_gsdata_/_recycled_db._gs
2018-04-04 00:27:09: Deleted old log file C:/Users/Senpai/AppData/Roaming/GoodSync/_mirrors_/gdrive-Wicky_Gustave-0AGIAX4LCOy-XUk9PVA@www.googleapis.com-Good Sync-Eclips Projects-Moding Minecraft 1.12.2-Application/2018-0328-002515-SENPAI_DESKTOP-Runner-Mod Sync.log
2018-04-04 00:27:09: Cleanup old logs in gdrive://www.googleapis.com/Good Sync/Eclips Projects/Moding Minecraft 1.12.2/Application/_gsdata_
2018-04-04 00:27:10: Delete log file gdrive://www.googleapis.com/Good Sync/Eclips Projects/Moding Minecraft 1.12.2/Application/_gsdata_/2018-0328-002515-SENPAI_DESKTOP-Runner-Mod Sync.log
2018-04-04 00:27:10: == Sync Complete. Time: 00:00:21, Speed: 7.68 KB/s, OK: 15, Errors: 0
2018-04-04 00:27:10: Unlocking folder S:/Documents/MinecraftModding/xcraftmod/src/_gsdata_/lock.gsl
2018-04-04 00:27:10: Unlocking folder gdrive://www.googleapis.com/Good Sync/Eclips Projects/Moding Minecraft 1.12.2/Application/_gsdata_/lock.gsl
2018-04-04 00:27:12: 
