2018-04-02 16:37:04: Connected to S:\Documents\MinecraftModding\xcraftmod\src: S: NTFS: type=NTFS vol=Data Storage flags=3E706FF
2018-04-02 16:37:05: Connected to gdrive://www.googleapis.com/Good Sync/Eclips Projects/Moding Minecraft 1.12.2/Application
2018-04-02 16:37:05: Incremental Analyze for On File Change
2018-04-02 16:37:05: -- Analysis Started by On File Change, After Delay, Under Runner
2018-04-02 16:37:05: Mod Sync: ANALYSIS started by On File Change, After Delay, Under Runner on 'SENPAI_DESKTOP' (GoodSync 10.8.1.1)
2018-04-02 16:37:05: =Data Storage:\Documents\MinecraftModding\xcraftmod\src (S:/Documents/MinecraftModding/xcraftmod/src) [TmpDest] <-> gdrive://www.googleapis.com/Good Sync/Eclips Projects/Moding Minecraft 1.12.2/Application [DirDest], RecycleTo_RecycleBin, SaveDays_RecycleBin=30d, ReconnectSecs=120, SyncWorkerThreads=99, OnFileChange Delay=5, Unattended, WaitForLocksMin=20, ResolveConflicts=NewerFileWins, AutoClear, LinksIgnore
2018-04-02 16:37:05: Exclude Hidden, Exclude System, Exclude name *._gstmp|/System Volume Information|Thumbs.db|.DS_Store 
2018-04-02 16:37:05: Locking folder S:/Documents/MinecraftModding/xcraftmod/src for write
2018-04-02 16:37:05: Change Analyzed: S:/Documents/MinecraftModding/xcraftmod/src/main/java/com/senpai/util/tileEntities
2018-04-02 16:37:05: Scan Newly Added Folder: S:/Documents/MinecraftModding/xcraftmod/src/main/java/com/senpai/util/tileEntities
2018-04-02 16:37:05: Locking folder gdrive://www.googleapis.com/Good Sync/Eclips Projects/Moding Minecraft 1.12.2/Application for write
2018-04-02 16:37:06: Change Analyzed: gdrive://www.googleapis.com/Good Sync/Eclips Projects/Moding Minecraft 1.12.2/Application/main/java/com/senpai/util/container
2018-04-02 16:37:07: On disk file:///S: space required for sync is 0 bytes, you have 1.25 TB
2018-04-02 16:37:07: On disk gdrive://www.googleapis.com space required for sync is 0 bytes, you have 12.4 GB
2018-04-02 16:37:07: Changes: 1, Conflicts: 0, CopyTime: 0, FixState: 0, Errors: 0, All: 21932
2018-04-02 16:37:07: Left to Right: Copy File: 1 
2018-04-02 16:37:07: -- Analysis Complete. Time 00:00:04, Speed: 74 files/s
2018-04-02 16:37:07: == Sync Started by On File Change, After Delay, Under Runner
2018-04-02 16:37:07: Mod Sync: SYNC started by On File Change, After Delay, Under Runner on 'SENPAI_DESKTOP'
2018-04-02 16:37:07: =Data Storage:\Documents\MinecraftModding\xcraftmod\src (S:/Documents/MinecraftModding/xcraftmod/src) [TmpDest] <-> gdrive://www.googleapis.com/Good Sync/Eclips Projects/Moding Minecraft 1.12.2/Application [DirDest], RecycleTo_RecycleBin, SaveDays_RecycleBin=30d, ReconnectSecs=120, SyncWorkerThreads=99, OnFileChange Delay=5, Unattended, WaitForLocksMin=20, ResolveConflicts=NewerFileWins, AutoClear, LinksIgnore
2018-04-02 16:37:08: Create Folder 'gdrive://www.googleapis.com/Good Sync/Eclips Projects/Moding Minecraft 1.12.2/Application/main/java/com/senpai/util/tileEntities'
2018-04-02 16:37:08: File Systems limited number of parallel threads to 20
2018-04-02 16:37:08: Start only 0 threads, limited by tasks to run
2018-04-02 16:37:08: Save State File S:/Documents/MinecraftModding/xcraftmod/src/_gsdata_/_file_state_v4._gs
2018-04-02 16:37:09: Change detected [0]: t=Modified path=/main/java/com/senpai/objects/blocks/machines/engineering/BlockEnergyStorage.java
2018-04-02 16:37:09: Change detected [0]: t=Modified path=/main/java/com/senpai/objects/blocks/machines/engineering/BlockEnergyStorage.java
2018-04-02 16:37:09: Change detected [0]: t=Modified path=/main/java/com/senpai/proxy/ClientProxy.java
2018-04-02 16:37:09: Change detected [0]: t=Modified path=/main/java/com/senpai/proxy/ClientProxy.java
2018-04-02 16:37:09: Change detected [0]: t=Modified path=/main/java/com/senpai/container/ContainerEnergyCell.java
2018-04-02 16:37:09: Change detected [0]: t=Modified path=/main/java/com/senpai/container/ContainerEnergyCell.java
2018-04-02 16:37:09: Change detected [0]: t=Deleted path=/main/java/com/senpai/tileEntity/TileEntityEnergyCell.java
2018-04-02 16:37:09: Change detected [0]: t=Created path=/main/java/com/senpai/util/tileEntities/TileEntityEnergyCell.java
2018-04-02 16:37:09: Change detected [0]: t=Modified path=/main/java/com/senpai/util/tileEntities/TileEntityEnergyCell.java
2018-04-02 16:37:09: Change detected [0]: t=Modified path=/main/java/com/senpai/util/tileEntities/TileEntityEnergyCell.java
2018-04-02 16:37:10: Save State File gdrive://www.googleapis.com/Good Sync/Eclips Projects/Moding Minecraft 1.12.2/Application/_gsdata_/_file_state_v4._gs
2018-04-02 16:37:10: Cleanup recycled files in S:/Documents/MinecraftModding/xcraftmod/src/_gsdata_/_saved_
2018-04-02 16:37:10: Load Recycled DB: S:/Documents/MinecraftModding/xcraftmod/src/_gsdata_/_recycled_db._gs
2018-04-02 16:37:10: Cleanup old logs in S:/Documents/MinecraftModding/xcraftmod/src/_gsdata_
2018-04-02 16:37:10: Cleanup recycled files in gdrive://www.googleapis.com/Good Sync/Eclips Projects/Moding Minecraft 1.12.2/Application/_gsdata_/_saved_
2018-04-02 16:37:12: Load Recycled DB: gdrive://www.googleapis.com/Good Sync/Eclips Projects/Moding Minecraft 1.12.2/Application/_gsdata_/_recycled_db._gs
2018-04-02 16:37:12: Cleanup old logs in gdrive://www.googleapis.com/Good Sync/Eclips Projects/Moding Minecraft 1.12.2/Application/_gsdata_
2018-04-02 16:37:12: == Sync Complete. Time: 00:00:05, Speed: 0 bytes/s, OK: 1, Errors: 0
2018-04-02 16:37:12: Unlocking folder S:/Documents/MinecraftModding/xcraftmod/src/_gsdata_/lock.gsl
2018-04-02 16:37:12: Unlocking folder gdrive://www.googleapis.com/Good Sync/Eclips Projects/Moding Minecraft 1.12.2/Application/_gsdata_/lock.gsl
2018-04-02 16:37:13: 
