2018-04-03 18:08:48: Change detected [0]: t=Created path=/main/resources/assets/sxm/models/block/core_connection_normal_basic.json
2018-04-03 18:08:48: Change detected [0]: t=Modified path=/main/resources/assets/sxm/models/block/core_connection_normal_basic.json
2018-04-03 18:08:48: Change detected [0]: t=Modified path=/main/resources/assets/sxm/models/block/core_connection_normal_basic.json
2018-04-03 18:08:48: Connected to S:\Documents\MinecraftModding\xcraftmod\src: S: NTFS: type=NTFS vol=Data Storage flags=3E706FF
2018-04-03 18:08:49: Connected to gdrive://www.googleapis.com/Good Sync/Eclips Projects/Moding Minecraft 1.12.2/Application
2018-04-03 18:08:49: Incremental Analyze for On File Change
2018-04-03 18:08:49: -- Analysis Started by On File Change, After Delay, Under Runner
2018-04-03 18:08:49: Mod Sync: ANALYSIS started by On File Change, After Delay, Under Runner on 'SENPAI_DESKTOP' (GoodSync 10.8.1.1)
2018-04-03 18:08:49: =Data Storage:\Documents\MinecraftModding\xcraftmod\src (S:/Documents/MinecraftModding/xcraftmod/src) [TmpDest] <-> gdrive://www.googleapis.com/Good Sync/Eclips Projects/Moding Minecraft 1.12.2/Application [DirDest], RecycleTo_RecycleBin, SaveDays_RecycleBin=30d, ReconnectSecs=120, SyncWorkerThreads=99, OnFileChange Delay=5, Unattended, WaitForLocksMin=20, ResolveConflicts=NewerFileWins, AutoClear, LinksIgnore
2018-04-03 18:08:49: Exclude Hidden, Exclude System, Exclude name *._gstmp|/System Volume Information|Thumbs.db|.DS_Store 
2018-04-03 18:08:49: Locking folder S:/Documents/MinecraftModding/xcraftmod/src for write
2018-04-03 18:08:49: Change Analyzed: S:/Documents/MinecraftModding/xcraftmod/src/main/resources/assets/sxm/models/block/core_centre_basic.json
2018-04-03 18:08:49: Change Analyzed: S:/Documents/MinecraftModding/xcraftmod/src/main/resources/assets/sxm/models/block/core_centre_basic.json
2018-04-03 18:08:49: Change Analyzed: S:/Documents/MinecraftModding/xcraftmod/src/main/resources/assets/sxm/models/block/core_centre_basic.json
2018-04-03 18:08:49: Change Analyzed: S:/Documents/MinecraftModding/xcraftmod/src/main/resources/assets/sxm/models/block/core_connection_out_advanced.json
2018-04-03 18:08:49: Change Analyzed: S:/Documents/MinecraftModding/xcraftmod/src/main/resources/assets/sxm/models/block/core_connection_out_advanced.json
2018-04-03 18:08:49: Change Analyzed: S:/Documents/MinecraftModding/xcraftmod/src/main/resources/assets/sxm/models/block/core_connection_out_advanced.json
2018-04-03 18:08:49: Change Analyzed: S:/Documents/MinecraftModding/xcraftmod/src/main/resources/assets/sxm/models/block/core_connection_normal_basic.json
2018-04-03 18:08:49: Change Analyzed: S:/Documents/MinecraftModding/xcraftmod/src/main/resources/assets/sxm/models/block/core_connection_normal_basic.json
2018-04-03 18:08:49: Change Analyzed: S:/Documents/MinecraftModding/xcraftmod/src/main/resources/assets/sxm/models/block/core_connection_normal_basic.json
2018-04-03 18:08:49: Locking folder gdrive://www.googleapis.com/Good Sync/Eclips Projects/Moding Minecraft 1.12.2/Application for write
2018-04-03 18:08:51: Change Analyzed: gdrive://www.googleapis.com/Good Sync/Eclips Projects/Moding Minecraft 1.12.2/Application/main/resources/assets/sxm/models/block/core_connection_in_basic.json
2018-04-03 18:08:51: Change Analyzed: gdrive://www.googleapis.com/Good Sync/Eclips Projects/Moding Minecraft 1.12.2/Application/main/resources/assets/sxm/models/block/core_connection_in_basic.json
2018-04-03 18:08:52: On disk file:///S: space required for sync is 0 bytes, you have 1.25 TB
2018-04-03 18:08:52: On disk gdrive://www.googleapis.com space required for sync is 9.00 KB, you have 12.4 GB
2018-04-03 18:08:52: Changes: 3, Conflicts: 0, CopyTime: 0, FixState: 0, Errors: 0, All: 22076
2018-04-03 18:08:52: Left to Right: Copy File: 3 
2018-04-03 18:08:52: -- Analysis Complete. Time 00:00:05, Speed: 78 files/s
2018-04-03 18:08:52: == Sync Started by On File Change, After Delay, Under Runner
2018-04-03 18:08:52: Mod Sync: SYNC started by On File Change, After Delay, Under Runner on 'SENPAI_DESKTOP'
2018-04-03 18:08:52: =Data Storage:\Documents\MinecraftModding\xcraftmod\src (S:/Documents/MinecraftModding/xcraftmod/src) [TmpDest] <-> gdrive://www.googleapis.com/Good Sync/Eclips Projects/Moding Minecraft 1.12.2/Application [DirDest], RecycleTo_RecycleBin, SaveDays_RecycleBin=30d, ReconnectSecs=120, SyncWorkerThreads=99, OnFileChange Delay=5, Unattended, WaitForLocksMin=20, ResolveConflicts=NewerFileWins, AutoClear, LinksIgnore
2018-04-03 18:08:52: File Systems limited number of parallel threads to 20
2018-04-03 18:08:52: Start only 3 threads, limited by tasks to run
2018-04-03 18:08:54: Copy New 'S:/Documents/MinecraftModding/xcraftmod/src/main/resources/assets/sxm/models/block/core_centre_basic.json' -> 'gdrive://www.googleapis.com/Good Sync/Eclips Projects/Moding Minecraft 1.12.2/Application/main/resources/assets/sxm/models/block/core_centre_basic.json' (4226)
2018-04-03 18:08:55: Change detected [0]: t=Created path=/main/resources/assets/sxm/models/block/core_connection_in_advanced.json
2018-04-03 18:08:55: Change detected [0]: t=Modified path=/main/resources/assets/sxm/models/block/core_connection_in_advanced.json
2018-04-03 18:08:55: Change detected [0]: t=Modified path=/main/resources/assets/sxm/models/block/core_connection_in_advanced.json
2018-04-03 18:08:55: Copy New 'S:/Documents/MinecraftModding/xcraftmod/src/main/resources/assets/sxm/models/block/core_connection_normal_basic.json' -> 'gdrive://www.googleapis.com/Good Sync/Eclips Projects/Moding Minecraft 1.12.2/Application/main/resources/assets/sxm/models/block/core_connection_normal_basic.json' (1056)
2018-04-03 18:08:55: Copy New 'S:/Documents/MinecraftModding/xcraftmod/src/main/resources/assets/sxm/models/block/core_connection_out_advanced.json' -> 'gdrive://www.googleapis.com/Good Sync/Eclips Projects/Moding Minecraft 1.12.2/Application/main/resources/assets/sxm/models/block/core_connection_out_advanced.json' (1172)
2018-04-03 18:08:56: Save State File S:/Documents/MinecraftModding/xcraftmod/src/_gsdata_/_file_state_v4._gs
2018-04-03 18:08:57: Save State File gdrive://www.googleapis.com/Good Sync/Eclips Projects/Moding Minecraft 1.12.2/Application/_gsdata_/_file_state_v4._gs
2018-04-03 18:08:57: Cleanup recycled files in S:/Documents/MinecraftModding/xcraftmod/src/_gsdata_/_saved_
2018-04-03 18:08:57: Load Recycled DB: S:/Documents/MinecraftModding/xcraftmod/src/_gsdata_/_recycled_db._gs
2018-04-03 18:08:57: Cleanup old logs in S:/Documents/MinecraftModding/xcraftmod/src/_gsdata_
2018-04-03 18:08:57: Cleanup recycled files in gdrive://www.googleapis.com/Good Sync/Eclips Projects/Moding Minecraft 1.12.2/Application/_gsdata_/_saved_
2018-04-03 18:08:58: Load Recycled DB: gdrive://www.googleapis.com/Good Sync/Eclips Projects/Moding Minecraft 1.12.2/Application/_gsdata_/_recycled_db._gs
2018-04-03 18:08:58: Cleanup old logs in gdrive://www.googleapis.com/Good Sync/Eclips Projects/Moding Minecraft 1.12.2/Application/_gsdata_
2018-04-03 18:08:58: Change detected [1]: t=Modified path=/main/resources/assets/sxm/models/block/core_connection_out_advanced.json
2018-04-03 18:08:59: Change detected [1]: t=Created path=/main/resources/assets/sxm/models/block/core_connection_out_advanced.json
2018-04-03 18:08:59: Change detected [1]: t=Modified path=/main/resources/assets/sxm/models/block/core_connection_normal_basic.json
2018-04-03 18:08:59: Change detected [1]: t=Created path=/main/resources/assets/sxm/models/block/core_connection_normal_basic.json
2018-04-03 18:08:59: Change detected [1]: t=Modified path=/main/resources/assets/sxm/models/block/core_centre_basic.json
2018-04-03 18:08:59: Change detected [1]: t=Created path=/main/resources/assets/sxm/models/block/core_centre_basic.json
2018-04-03 18:08:59: == Sync Complete. Time: 00:00:07, Speed: 6.31 KB/s, OK: 3, Errors: 0
2018-04-03 18:08:59: Unlocking folder S:/Documents/MinecraftModding/xcraftmod/src/_gsdata_/lock.gsl
2018-04-03 18:08:59: Unlocking folder gdrive://www.googleapis.com/Good Sync/Eclips Projects/Moding Minecraft 1.12.2/Application/_gsdata_/lock.gsl
2018-04-03 18:09:03: Change detected [0]: t=Created path=/main/resources/assets/sxm/models/block/core_connection_normal_advanced.json
2018-04-03 18:09:03: Change detected [0]: t=Modified path=/main/resources/assets/sxm/models/block/core_connection_normal_advanced.json
2018-04-03 18:09:03: Change detected [0]: t=Modified path=/main/resources/assets/sxm/models/block/core_connection_normal_advanced.json
2018-04-03 18:09:03: 
