2018-04-04 03:10:43: Connected to S:\Documents\MinecraftModding\xcraftmod\src: S: NTFS: type=NTFS vol=Data Storage flags=3E706FF
2018-04-04 03:10:44: Connected to gdrive://www.googleapis.com/Good Sync/Eclips Projects/Moding Minecraft 1.12.2/Application
2018-04-04 03:10:44: Incremental Analyze for On File Change
2018-04-04 03:10:44: -- Analysis Started by On File Change, After Delay, Under Runner
2018-04-04 03:10:44: Mod Sync: ANALYSIS started by On File Change, After Delay, Under Runner on 'SENPAI_DESKTOP' (GoodSync 10.8.1.1)
2018-04-04 03:10:44: =Data Storage:\Documents\MinecraftModding\xcraftmod\src (S:/Documents/MinecraftModding/xcraftmod/src) [TmpDest] <-> gdrive://www.googleapis.com/Good Sync/Eclips Projects/Moding Minecraft 1.12.2/Application [DirDest], RecycleTo_RecycleBin, SaveDays_RecycleBin=30d, ReconnectSecs=120, SyncWorkerThreads=99, OnFileChange Delay=5, Unattended, WaitForLocksMin=20, ResolveConflicts=NewerFileWins, AutoClear, LinksIgnore
2018-04-04 03:10:44: Exclude Hidden, Exclude System, Exclude name *._gstmp|/System Volume Information|Thumbs.db|.DS_Store 
2018-04-04 03:10:44: Locking folder S:/Documents/MinecraftModding/xcraftmod/src for write
2018-04-04 03:10:44: Change Analyzed: S:/Documents/MinecraftModding/xcraftmod/src/main/resources/assets/sxm/models/block/tin_pressure_plate_up.json
2018-04-04 03:10:44: Change Analyzed: S:/Documents/MinecraftModding/xcraftmod/src/main/resources/assets/sxm/models/block/pressure_plate_up_tin.json
2018-04-04 03:10:44: Change Analyzed: S:/Documents/MinecraftModding/xcraftmod/src/main/resources/assets/sxm/models/block/tin_slab_bottom.json
2018-04-04 03:10:44: Change Analyzed: S:/Documents/MinecraftModding/xcraftmod/src/main/resources/assets/sxm/models/block/slab_bottom_tin.json
2018-04-04 03:10:44: Change Analyzed: S:/Documents/MinecraftModding/xcraftmod/src/main/resources/assets/sxm/models/block/tin_slab_top.json
2018-04-04 03:10:44: Change Analyzed: S:/Documents/MinecraftModding/xcraftmod/src/main/resources/assets/sxm/models/block/slab_top_tin.json
2018-04-04 03:10:44: Locking folder gdrive://www.googleapis.com/Good Sync/Eclips Projects/Moding Minecraft 1.12.2/Application for write
2018-04-04 03:10:48: Change Analyzed: gdrive://www.googleapis.com/Good Sync/Eclips Projects/Moding Minecraft 1.12.2/Application/main/resources/assets/sxm/models/block/pressure_plate_down_tin.json
2018-04-04 03:10:48: Change Analyzed: gdrive://www.googleapis.com/Good Sync/Eclips Projects/Moding Minecraft 1.12.2/Application/main/resources/assets/sxm/models/block/pressure_plate_down_tin.json
2018-04-04 03:10:48: Change detected [0]: t=MovedFrom path=/main/resources/assets/sxm/models/block/tin_stairs.json
2018-04-04 03:10:48: Change detected [0]: t=MovedTo path=/main/resources/assets/sxm/models/block/stairs_tin.json
2018-04-04 03:10:48: Change Analyzed: gdrive://www.googleapis.com/Good Sync/Eclips Projects/Moding Minecraft 1.12.2/Application/main/resources/assets/sxm/models/block/tin_pressure_plate_down.json
2018-04-04 03:10:48: Change Analyzed: gdrive://www.googleapis.com/Good Sync/Eclips Projects/Moding Minecraft 1.12.2/Application/main/resources/assets/sxm/models/block/outer_stairs_tin.json
2018-04-04 03:10:48: Change Analyzed: gdrive://www.googleapis.com/Good Sync/Eclips Projects/Moding Minecraft 1.12.2/Application/main/resources/assets/sxm/models/block/outer_stairs_tin.json
2018-04-04 03:10:48: Change Analyzed: gdrive://www.googleapis.com/Good Sync/Eclips Projects/Moding Minecraft 1.12.2/Application/main/resources/assets/sxm/models/block/tin_outer_stairs.json
2018-04-04 03:10:48: Change Analyzed: gdrive://www.googleapis.com/Good Sync/Eclips Projects/Moding Minecraft 1.12.2/Application/main/resources/assets/sxm/models/block/ore_tin.json
2018-04-04 03:10:48: Change Analyzed: gdrive://www.googleapis.com/Good Sync/Eclips Projects/Moding Minecraft 1.12.2/Application/main/resources/assets/sxm/models/block/ore_tin.json
2018-04-04 03:10:49: Change Analyzed: gdrive://www.googleapis.com/Good Sync/Eclips Projects/Moding Minecraft 1.12.2/Application/main/resources/assets/sxm/models/block/tin_ore.json
2018-04-04 03:10:49: On disk file:///S: space required for sync is 0 bytes, you have 1.25 TB
2018-04-04 03:10:49: On disk gdrive://www.googleapis.com space required for sync is 0 bytes, you have 12.4 GB
2018-04-04 03:10:49: Changes: 6, Conflicts: 0, CopyTime: 0, FixState: 0, Errors: 0, All: 22396
2018-04-04 03:10:49: Left to Right: Rename/Move File/Folder: 6 
2018-04-04 03:10:49: -- Analysis Complete. Time 00:00:07, Speed: 79 files/s
2018-04-04 03:10:49: == Sync Started by On File Change, After Delay, Under Runner
2018-04-04 03:10:49: Mod Sync: SYNC started by On File Change, After Delay, Under Runner on 'SENPAI_DESKTOP'
2018-04-04 03:10:49: =Data Storage:\Documents\MinecraftModding\xcraftmod\src (S:/Documents/MinecraftModding/xcraftmod/src) [TmpDest] <-> gdrive://www.googleapis.com/Good Sync/Eclips Projects/Moding Minecraft 1.12.2/Application [DirDest], RecycleTo_RecycleBin, SaveDays_RecycleBin=30d, ReconnectSecs=120, SyncWorkerThreads=99, OnFileChange Delay=5, Unattended, WaitForLocksMin=20, ResolveConflicts=NewerFileWins, AutoClear, LinksIgnore
2018-04-04 03:10:49: File Systems limited number of parallel threads to 20
2018-04-04 03:10:49: Start only 6 threads, limited by tasks to run
2018-04-04 03:10:50: Move File gdrive://www.googleapis.com/Good Sync/Eclips Projects/Moding Minecraft 1.12.2/Application/main/resources/assets/sxm/models/block/tin_pressure_plate_up.json -> gdrive://www.googleapis.com/Good Sync/Eclips Projects/Moding Minecraft 1.12.2/Application/main/resources/assets/sxm/models/block/pressure_plate_up_tin.json
2018-04-04 03:10:51: Move File gdrive://www.googleapis.com/Good Sync/Eclips Projects/Moding Minecraft 1.12.2/Application/main/resources/assets/sxm/models/block/tin_slab_top.json -> gdrive://www.googleapis.com/Good Sync/Eclips Projects/Moding Minecraft 1.12.2/Application/main/resources/assets/sxm/models/block/slab_top_tin.json
2018-04-04 03:10:52: Move File gdrive://www.googleapis.com/Good Sync/Eclips Projects/Moding Minecraft 1.12.2/Application/main/resources/assets/sxm/models/block/tin_slab_bottom.json -> gdrive://www.googleapis.com/Good Sync/Eclips Projects/Moding Minecraft 1.12.2/Application/main/resources/assets/sxm/models/block/slab_bottom_tin.json
2018-04-04 03:10:53: Save State File S:/Documents/MinecraftModding/xcraftmod/src/_gsdata_/_file_state_v4._gs
2018-04-04 03:10:54: Change detected [1]: t=Modified path=/main/resources/assets/sxm/models/block/slab_top_tin.json
2018-04-04 03:10:54: Change detected [1]: t=MovedTo path=/main/resources/assets/sxm/models/block/slab_top_tin.json
2018-04-04 03:10:54: Change detected [1]: t=MovedFrom path=/main/resources/assets/sxm/models/block/tin_slab_top.json
2018-04-04 03:10:54: Change detected [1]: t=Modified path=/main/resources/assets/sxm/models/block/slab_bottom_tin.json
2018-04-04 03:10:54: Change detected [1]: t=MovedTo path=/main/resources/assets/sxm/models/block/slab_bottom_tin.json
2018-04-04 03:10:54: Change detected [1]: t=MovedFrom path=/main/resources/assets/sxm/models/block/tin_slab_bottom.json
2018-04-04 03:10:55: Change detected [1]: t=Modified path=/main/resources/assets/sxm/models/block/pressure_plate_up_tin.json
2018-04-04 03:10:55: Change detected [1]: t=MovedTo path=/main/resources/assets/sxm/models/block/pressure_plate_up_tin.json
2018-04-04 03:10:55: Change detected [1]: t=MovedFrom path=/main/resources/assets/sxm/models/block/tin_pressure_plate_up.json
2018-04-04 03:10:55: Save State File gdrive://www.googleapis.com/Good Sync/Eclips Projects/Moding Minecraft 1.12.2/Application/_gsdata_/_file_state_v4._gs
2018-04-04 03:10:55: Cleanup recycled files in S:/Documents/MinecraftModding/xcraftmod/src/_gsdata_/_saved_
2018-04-04 03:10:55: Load Recycled DB: S:/Documents/MinecraftModding/xcraftmod/src/_gsdata_/_recycled_db._gs
2018-04-04 03:10:55: Cleanup old logs in S:/Documents/MinecraftModding/xcraftmod/src/_gsdata_
2018-04-04 03:10:55: Cleanup recycled files in gdrive://www.googleapis.com/Good Sync/Eclips Projects/Moding Minecraft 1.12.2/Application/_gsdata_/_saved_
2018-04-04 03:10:56: Load Recycled DB: gdrive://www.googleapis.com/Good Sync/Eclips Projects/Moding Minecraft 1.12.2/Application/_gsdata_/_recycled_db._gs
2018-04-04 03:10:56: Cleanup old logs in gdrive://www.googleapis.com/Good Sync/Eclips Projects/Moding Minecraft 1.12.2/Application/_gsdata_
2018-04-04 03:10:56: == Sync Complete. Time: 00:00:07, Speed: 5.33 KB/s, OK: 6, Errors: 0
2018-04-04 03:10:56: Unlocking folder S:/Documents/MinecraftModding/xcraftmod/src/_gsdata_/lock.gsl
2018-04-04 03:10:56: Unlocking folder gdrive://www.googleapis.com/Good Sync/Eclips Projects/Moding Minecraft 1.12.2/Application/_gsdata_/lock.gsl
2018-04-04 03:10:57: 
