2018-04-04 02:23:48: Connected to S:\Documents\MinecraftModding\xcraftmod\src: S: NTFS: type=NTFS vol=Data Storage flags=3E706FF
2018-04-04 02:23:49: Connected to gdrive://www.googleapis.com/Good Sync/Eclips Projects/Moding Minecraft 1.12.2/Application
2018-04-04 02:23:50: Incremental Analyze for On File Change
2018-04-04 02:23:50: -- Analysis Started by On File Change, After Delay, Under Runner
2018-04-04 02:23:50: Mod Sync: ANALYSIS started by On File Change, After Delay, Under Runner on 'SENPAI_DESKTOP' (GoodSync 10.8.1.1)
2018-04-04 02:23:50: =Data Storage:\Documents\MinecraftModding\xcraftmod\src (S:/Documents/MinecraftModding/xcraftmod/src) [TmpDest] <-> gdrive://www.googleapis.com/Good Sync/Eclips Projects/Moding Minecraft 1.12.2/Application [DirDest], RecycleTo_RecycleBin, SaveDays_RecycleBin=30d, ReconnectSecs=120, SyncWorkerThreads=99, OnFileChange Delay=5, Unattended, WaitForLocksMin=20, ResolveConflicts=NewerFileWins, AutoClear, LinksIgnore
2018-04-04 02:23:50: Exclude Hidden, Exclude System, Exclude name *._gstmp|/System Volume Information|Thumbs.db|.DS_Store 
2018-04-04 02:23:50: Locking folder S:/Documents/MinecraftModding/xcraftmod/src for write
2018-04-04 02:23:51: Change Analyzed: S:/Documents/MinecraftModding/xcraftmod/src/main/resources/assets/sxm/lang/en_us.lang
2018-04-04 02:23:51: Change Analyzed: S:/Documents/MinecraftModding/xcraftmod/src/main/resources/assets/sxm/lang/en_us.lang
2018-04-04 02:23:51: Locking folder gdrive://www.googleapis.com/Good Sync/Eclips Projects/Moding Minecraft 1.12.2/Application for write
2018-04-04 02:23:53: On disk file:///S: space required for sync is 0 bytes, you have 1.25 TB
2018-04-04 02:23:53: On disk gdrive://www.googleapis.com space required for sync is 3.00 KB, you have 12.4 GB
2018-04-04 02:23:53: Changes: 1, Conflicts: 0, CopyTime: 0, FixState: 0, Errors: 0, All: 22343
2018-04-04 02:23:53: Left to Right: Copy File: 1 
2018-04-04 02:23:53: -- Analysis Complete. Time 00:00:06, Speed: 92 files/s
2018-04-04 02:23:53: == Sync Started by On File Change, After Delay, Under Runner
2018-04-04 02:23:53: Mod Sync: SYNC started by On File Change, After Delay, Under Runner on 'SENPAI_DESKTOP'
2018-04-04 02:23:53: =Data Storage:\Documents\MinecraftModding\xcraftmod\src (S:/Documents/MinecraftModding/xcraftmod/src) [TmpDest] <-> gdrive://www.googleapis.com/Good Sync/Eclips Projects/Moding Minecraft 1.12.2/Application [DirDest], RecycleTo_RecycleBin, SaveDays_RecycleBin=30d, ReconnectSecs=120, SyncWorkerThreads=99, OnFileChange Delay=5, Unattended, WaitForLocksMin=20, ResolveConflicts=NewerFileWins, AutoClear, LinksIgnore
2018-04-04 02:23:54: File Systems limited number of parallel threads to 20
2018-04-04 02:23:54: Start only 1 threads, limited by tasks to run
2018-04-04 02:23:56: Load Recycled DB: gdrive://www.googleapis.com/Good Sync/Eclips Projects/Moding Minecraft 1.12.2/Application/_gsdata_/_recycled_db._gs
2018-04-04 02:23:57: Copy Over 'S:/Documents/MinecraftModding/xcraftmod/src/main/resources/assets/sxm/lang/en_us.lang' -> 'gdrive://www.googleapis.com/Good Sync/Eclips Projects/Moding Minecraft 1.12.2/Application/main/resources/assets/sxm/lang/en_us.lang' (2058)
2018-04-04 02:23:58: Save State File S:/Documents/MinecraftModding/xcraftmod/src/_gsdata_/_file_state_v4._gs
2018-04-04 02:23:58: Change detected [1]: t=Modified path=/main/resources/assets/sxm/lang/en_us.lang
2018-04-04 02:23:58: Change detected [1]: t=Created path=/main/resources/assets/sxm/lang/en_us.lang
2018-04-04 02:23:58: Change detected [1]: t=MovedFrom path=/main/resources/assets/sxm/lang/en_us.lang
2018-04-04 02:23:59: Save State File gdrive://www.googleapis.com/Good Sync/Eclips Projects/Moding Minecraft 1.12.2/Application/_gsdata_/_file_state_v4._gs
2018-04-04 02:24:00: Cleanup recycled files in S:/Documents/MinecraftModding/xcraftmod/src/_gsdata_/_saved_
2018-04-04 02:24:00: Load Recycled DB: S:/Documents/MinecraftModding/xcraftmod/src/_gsdata_/_recycled_db._gs
2018-04-04 02:24:00: Cleanup old logs in S:/Documents/MinecraftModding/xcraftmod/src/_gsdata_
2018-04-04 02:24:00: Cleanup recycled files in gdrive://www.googleapis.com/Good Sync/Eclips Projects/Moding Minecraft 1.12.2/Application/_gsdata_/_saved_
2018-04-04 02:24:01: Save Recycled DB: gdrive://www.googleapis.com/Good Sync/Eclips Projects/Moding Minecraft 1.12.2/Application/_gsdata_/_recycled_db._gs
2018-04-04 02:24:01: Cleanup old logs in gdrive://www.googleapis.com/Good Sync/Eclips Projects/Moding Minecraft 1.12.2/Application/_gsdata_
2018-04-04 02:24:01: == Sync Complete. Time: 00:00:08, Speed: 975 bytes/s, OK: 1, Errors: 0
2018-04-04 02:24:01: Unlocking folder S:/Documents/MinecraftModding/xcraftmod/src/_gsdata_/lock.gsl
2018-04-04 02:24:01: Unlocking folder gdrive://www.googleapis.com/Good Sync/Eclips Projects/Moding Minecraft 1.12.2/Application/_gsdata_/lock.gsl
2018-04-04 02:24:02: 
