2018-04-04 00:26:09: Connected to S:\Documents\MinecraftModding\xcraftmod\src: S: NTFS: type=NTFS vol=Data Storage flags=3E706FF
2018-04-04 00:26:09: Connected to gdrive://www.googleapis.com/Good Sync/Eclips Projects/Moding Minecraft 1.12.2/Application
2018-04-04 00:26:09: Incremental Analyze for On File Change
2018-04-04 00:26:09: -- Analysis Started by On File Change, After Delay, Under Runner
2018-04-04 00:26:09: Mod Sync: ANALYSIS started by On File Change, After Delay, Under Runner on 'SENPAI_DESKTOP' (GoodSync 10.8.1.1)
2018-04-04 00:26:09: =Data Storage:\Documents\MinecraftModding\xcraftmod\src (S:/Documents/MinecraftModding/xcraftmod/src) [TmpDest] <-> gdrive://www.googleapis.com/Good Sync/Eclips Projects/Moding Minecraft 1.12.2/Application [DirDest], RecycleTo_RecycleBin, SaveDays_RecycleBin=30d, ReconnectSecs=120, SyncWorkerThreads=99, OnFileChange Delay=5, Unattended, WaitForLocksMin=20, ResolveConflicts=NewerFileWins, AutoClear, LinksIgnore
2018-04-04 00:26:09: Exclude Hidden, Exclude System, Exclude name *._gstmp|/System Volume Information|Thumbs.db|.DS_Store 
2018-04-04 00:26:09: Locking folder S:/Documents/MinecraftModding/xcraftmod/src for write
2018-04-04 00:26:09: Change Analyzed: S:/Documents/MinecraftModding/xcraftmod/src/main/java/com/senpai/init/ItemInit.java
2018-04-04 00:26:09: Change Analyzed: S:/Documents/MinecraftModding/xcraftmod/src/main/java/com/senpai/init/ItemInit.java
2018-04-04 00:26:09: Change Analyzed: S:/Documents/MinecraftModding/xcraftmod/src/main/java/com/senpai/items/basic/XcraftHandbook.java
2018-04-04 00:26:09: Change Analyzed: S:/Documents/MinecraftModding/xcraftmod/src/main/java/com/senpai/items/XcraftHandbook.java
2018-04-04 00:26:09: Change Analyzed: S:/Documents/MinecraftModding/xcraftmod/src/main/java/com/senpai/items/XcraftHandbook.java
2018-04-04 00:26:09: Change Analyzed: S:/Documents/MinecraftModding/xcraftmod/src/main/java/com/senpai/items/XcraftHandbook.java
2018-04-04 00:26:09: Change Analyzed: S:/Documents/MinecraftModding/xcraftmod/src/main/java/com/senpai/items/food
2018-04-04 00:26:09: File <-> Folder Change (was 0, now 1), clean it up: 
2018-04-04 00:26:09: Scan Newly Added Folder: S:/Documents/MinecraftModding/xcraftmod/src/main/java/com/senpai/items/food
2018-04-04 00:26:09: Change Analyzed: S:/Documents/MinecraftModding/xcraftmod/src/main/java/com/senpai/objects/items/food/ItemRice.java
2018-04-04 00:26:09: Change Analyzed: S:/Documents/MinecraftModding/xcraftmod/src/main/java/com/senpai/items/food/ItemRice.java
2018-04-04 00:26:09: Change Analyzed: S:/Documents/MinecraftModding/xcraftmod/src/main/java/com/senpai/items/food/ItemRice.java
2018-04-04 00:26:09: Change Analyzed: S:/Documents/MinecraftModding/xcraftmod/src/main/java/com/senpai/items/food/ItemRice.java
2018-04-04 00:26:09: Change Analyzed: S:/Documents/MinecraftModding/xcraftmod/src/main/java/com/senpai/objects/items/food/ItemCustomFood.java
2018-04-04 00:26:09: Change Analyzed: S:/Documents/MinecraftModding/xcraftmod/src/main/java/com/senpai/items/food/ItemCustomFood.java
2018-04-04 00:26:09: Change Analyzed: S:/Documents/MinecraftModding/xcraftmod/src/main/java/com/senpai/items/food/ItemCustomFood.java
2018-04-04 00:26:09: Change Analyzed: S:/Documents/MinecraftModding/xcraftmod/src/main/java/com/senpai/items/food/ItemCustomFood.java
2018-04-04 00:26:09: Change Analyzed: S:/Documents/MinecraftModding/xcraftmod/src/main/java/com/senpai/objects/items/food
2018-04-04 00:26:09: Change Analyzed: S:/Documents/MinecraftModding/xcraftmod/src/main/java/com/senpai/items/basic/XcraftHandbook.java
2018-04-04 00:26:09: Locking folder gdrive://www.googleapis.com/Good Sync/Eclips Projects/Moding Minecraft 1.12.2/Application for write
2018-04-04 00:26:11: Change Analyzed: gdrive://www.googleapis.com/Good Sync/Eclips Projects/Moding Minecraft 1.12.2/Application/main/java/com/senpai/items/ItemBlockMeta.java
2018-04-04 00:26:11: Change Analyzed: gdrive://www.googleapis.com/Good Sync/Eclips Projects/Moding Minecraft 1.12.2/Application/main/java/com/senpai/items/ItemBlockDoor.java
2018-04-04 00:26:11: Change Analyzed: gdrive://www.googleapis.com/Good Sync/Eclips Projects/Moding Minecraft 1.12.2/Application/main/java/com/senpai/items/ItemBlockBreaker.java
2018-04-04 00:26:11: Change Analyzed: gdrive://www.googleapis.com/Good Sync/Eclips Projects/Moding Minecraft 1.12.2/Application/main/java/com/senpai/items/ItemBase.java
2018-04-04 00:26:11: Change Analyzed: gdrive://www.googleapis.com/Good Sync/Eclips Projects/Moding Minecraft 1.12.2/Application/main/java/com/senpai/blocks/BlockSaplings.java
2018-04-04 00:26:11: Change Analyzed: gdrive://www.googleapis.com/Good Sync/Eclips Projects/Moding Minecraft 1.12.2/Application/main/java/com/senpai/blocks/BlockOres.java
2018-04-04 00:26:11: Change Analyzed: gdrive://www.googleapis.com/Good Sync/Eclips Projects/Moding Minecraft 1.12.2/Application/main/java/com/senpai/blocks/BlockPlank.java
2018-04-04 00:26:11: Change Analyzed: gdrive://www.googleapis.com/Good Sync/Eclips Projects/Moding Minecraft 1.12.2/Application/main/java/com/senpai/items/basic/ItemBase.java
2018-04-04 00:26:11: Change Analyzed: gdrive://www.googleapis.com/Good Sync/Eclips Projects/Moding Minecraft 1.12.2/Application/main/java/com/senpai/blocks/BlockOres.java
2018-04-04 00:26:12: Change Analyzed: gdrive://www.googleapis.com/Good Sync/Eclips Projects/Moding Minecraft 1.12.2/Application/main/java/com/senpai/blocks/BlockLogs.java
2018-04-04 00:26:12: Change Analyzed: gdrive://www.googleapis.com/Good Sync/Eclips Projects/Moding Minecraft 1.12.2/Application/main/java/com/senpai/blocks/BlockLeaf.java
2018-04-04 00:26:12: Change Analyzed: gdrive://www.googleapis.com/Good Sync/Eclips Projects/Moding Minecraft 1.12.2/Application/main/java/com/senpai/blocks/BlockDirts.java
2018-04-04 00:26:12: Change Analyzed: gdrive://www.googleapis.com/Good Sync/Eclips Projects/Moding Minecraft 1.12.2/Application/main/java/com/senpai/blocks/BlockOres.java
2018-04-04 00:26:12: Change Analyzed: gdrive://www.googleapis.com/Good Sync/Eclips Projects/Moding Minecraft 1.12.2/Application/main/java/com/senpai/blocks/BlockLogs.java
2018-04-04 00:26:12: Change Analyzed: gdrive://www.googleapis.com/Good Sync/Eclips Projects/Moding Minecraft 1.12.2/Application/main/java/com/senpai/blocks/BlockLeaf.java
2018-04-04 00:26:12: Change Analyzed: gdrive://www.googleapis.com/Good Sync/Eclips Projects/Moding Minecraft 1.12.2/Application/main/java/com/senpai/blocks/BlockLogs.java
2018-04-04 00:26:12: Change Analyzed: gdrive://www.googleapis.com/Good Sync/Eclips Projects/Moding Minecraft 1.12.2/Application/main/java/com/senpai/blocks/BlockLeaf.java
2018-04-04 00:26:12: Change Analyzed: gdrive://www.googleapis.com/Good Sync/Eclips Projects/Moding Minecraft 1.12.2/Application/main/java/com/senpai/blocks/BlockDirts.java
2018-04-04 00:26:13: Change Analyzed: gdrive://www.googleapis.com/Good Sync/Eclips Projects/Moding Minecraft 1.12.2/Application/main/java/com/senpai/items/basic
2018-04-04 00:26:13: Change Analyzed: gdrive://www.googleapis.com/Good Sync/Eclips Projects/Moding Minecraft 1.12.2/Application/main/java/com/senpai/items/XcraftHandbook.java
2018-04-04 00:26:13: Change Analyzed: gdrive://www.googleapis.com/Good Sync/Eclips Projects/Moding Minecraft 1.12.2/Application/main/java/com/senpai/items/ItemPaintBrush.java
2018-04-04 00:26:13: Change Analyzed: gdrive://www.googleapis.com/Good Sync/Eclips Projects/Moding Minecraft 1.12.2/Application/main/java/com/senpai/items/ItemChip.java
2018-04-04 00:26:13: Change Analyzed: gdrive://www.googleapis.com/Good Sync/Eclips Projects/Moding Minecraft 1.12.2/Application/main/java/com/senpai/items/ItemBlockVariants.java
2018-04-04 00:26:13: Change Analyzed: gdrive://www.googleapis.com/Good Sync/Eclips Projects/Moding Minecraft 1.12.2/Application/main/java/com/senpai/items/basic/ItemPaintBrush.java
2018-04-04 00:26:14: Change Analyzed: gdrive://www.googleapis.com/Good Sync/Eclips Projects/Moding Minecraft 1.12.2/Application/main/java/com/senpai/items/basic/ItemChip.java
2018-04-04 00:26:14: Change Analyzed: gdrive://www.googleapis.com/Good Sync/Eclips Projects/Moding Minecraft 1.12.2/Application/main/java/com/senpai/items/basic/ItemPaintBrush.java
2018-04-04 00:26:14: Change Analyzed: gdrive://www.googleapis.com/Good Sync/Eclips Projects/Moding Minecraft 1.12.2/Application/main/java/com/senpai/items/basic/ItemBlockVariants.java
2018-04-04 00:26:14: Change detected [0]: t=Created path=/main/java/com/senpai/items/tool
2018-04-04 00:26:14: Change Analyzed: gdrive://www.googleapis.com/Good Sync/Eclips Projects/Moding Minecraft 1.12.2/Application/main/java/com/senpai/blocks/BlockPlank.java
2018-04-04 00:26:14: Change Analyzed: gdrive://www.googleapis.com/Good Sync/Eclips Projects/Moding Minecraft 1.12.2/Application/main/java/com/senpai/items/basic/ItemBlockBreaker.java
2018-04-04 00:26:14: Change Analyzed: gdrive://www.googleapis.com/Good Sync/Eclips Projects/Moding Minecraft 1.12.2/Application/main/java/com/senpai/items/basic/ItemChip.java
2018-04-04 00:26:14: Change Analyzed: gdrive://www.googleapis.com/Good Sync/Eclips Projects/Moding Minecraft 1.12.2/Application/main/java/com/senpai/init/ItemInit.java
2018-04-04 00:26:14: Change Analyzed: gdrive://www.googleapis.com/Good Sync/Eclips Projects/Moding Minecraft 1.12.2/Application/main/java/com/senpai/items/basic/ItemBlockMeta.java
2018-04-04 00:26:14: Change Analyzed: gdrive://www.googleapis.com/Good Sync/Eclips Projects/Moding Minecraft 1.12.2/Application/main/java/com/senpai/blocks/BlockPlank.java
2018-04-04 00:26:14: Change Analyzed: gdrive://www.googleapis.com/Good Sync/Eclips Projects/Moding Minecraft 1.12.2/Application/main/java/com/senpai/items/basic/ItemBlockVariants.java
2018-04-04 00:26:15: Change Analyzed: gdrive://www.googleapis.com/Good Sync/Eclips Projects/Moding Minecraft 1.12.2/Application/main/java/com/senpai/items/basic/ItemBlockMeta.java
2018-04-04 00:26:15: Change Analyzed: gdrive://www.googleapis.com/Good Sync/Eclips Projects/Moding Minecraft 1.12.2/Application/main/java/com/senpai/init/ItemInit.java
2018-04-04 00:26:15: Change Analyzed: gdrive://www.googleapis.com/Good Sync/Eclips Projects/Moding Minecraft 1.12.2/Application/main/java/com/senpai/blocks/BlockSaplings.java
2018-04-04 00:26:15: Change Analyzed: gdrive://www.googleapis.com/Good Sync/Eclips Projects/Moding Minecraft 1.12.2/Application/main/java/com/senpai/blocks/BlockSaplings.java
2018-04-04 00:26:15: Change Analyzed: gdrive://www.googleapis.com/Good Sync/Eclips Projects/Moding Minecraft 1.12.2/Application/main/java/com/senpai/blocks/BlockDirts.java
2018-04-04 00:26:15: Change Analyzed: gdrive://www.googleapis.com/Good Sync/Eclips Projects/Moding Minecraft 1.12.2/Application/main/java/com/senpai/items/basic/ItemBlockDoor.java
2018-04-04 00:26:15: Change Analyzed: gdrive://www.googleapis.com/Good Sync/Eclips Projects/Moding Minecraft 1.12.2/Application/main/java/com/senpai/init/ItemInit.java
2018-04-04 00:26:15: Change Analyzed: gdrive://www.googleapis.com/Good Sync/Eclips Projects/Moding Minecraft 1.12.2/Application/main/java/com/senpai/items/basic/ItemBlockDoor.java
2018-04-04 00:26:15: Change Analyzed: gdrive://www.googleapis.com/Good Sync/Eclips Projects/Moding Minecraft 1.12.2/Application/main/java/com/senpai/items/basic/ItemBlockBreaker.java
2018-04-04 00:26:16: Change Analyzed: gdrive://www.googleapis.com/Good Sync/Eclips Projects/Moding Minecraft 1.12.2/Application/main/java/com/senpai/items/basic/ItemBase.java
2018-04-04 00:26:16: Change Analyzed: gdrive://www.googleapis.com/Good Sync/Eclips Projects/Moding Minecraft 1.12.2/Application/main/java/com/senpai/items/basic/XcraftHandbook.java
2018-04-04 00:26:16: On disk file:///S: space required for sync is 0 bytes, you have 1.25 TB
2018-04-04 00:26:16: On disk gdrive://www.googleapis.com space required for sync is 5.00 KB, you have 12.4 GB
2018-04-04 00:26:16: Changes: 7, Conflicts: 0, CopyTime: 0, FixState: 1, Errors: 0, All: 22167
2018-04-04 00:26:16: Left to Right: Copy File: 4 Delete File: 3 
2018-04-04 00:26:16: -- Analysis Complete. Time 00:00:08, Speed: 53 files/s
2018-04-04 00:26:16: == Sync Started by On File Change, After Delay, Under Runner
2018-04-04 00:26:16: Mod Sync: SYNC started by On File Change, After Delay, Under Runner on 'SENPAI_DESKTOP'
2018-04-04 00:26:16: =Data Storage:\Documents\MinecraftModding\xcraftmod\src (S:/Documents/MinecraftModding/xcraftmod/src) [TmpDest] <-> gdrive://www.googleapis.com/Good Sync/Eclips Projects/Moding Minecraft 1.12.2/Application [DirDest], RecycleTo_RecycleBin, SaveDays_RecycleBin=30d, ReconnectSecs=120, SyncWorkerThreads=99, OnFileChange Delay=5, Unattended, WaitForLocksMin=20, ResolveConflicts=NewerFileWins, AutoClear, LinksIgnore
2018-04-04 00:26:16: Sync State Merge: /main/java/com/senpai/items/basic/XcraftHandbook.java
2018-04-04 00:26:19: Change detected [1]: t=MovedFrom path=/main/java/com/senpai/objects/items/food/ItemCustomFood.java
2018-04-04 00:26:19: Load Recycled DB: gdrive://www.googleapis.com/Good Sync/Eclips Projects/Moding Minecraft 1.12.2/Application/_gsdata_/_recycled_db._gs
2018-04-04 00:26:19: Delete File 'gdrive://www.googleapis.com/Good Sync/Eclips Projects/Moding Minecraft 1.12.2/Application/main/java/com/senpai/objects/items/food/ItemCustomFood.java'
2018-04-04 00:26:20: Delete File 'gdrive://www.googleapis.com/Good Sync/Eclips Projects/Moding Minecraft 1.12.2/Application/main/java/com/senpai/objects/items/food/ItemRice.java'
2018-04-04 00:26:20: Delete Folder 'gdrive://www.googleapis.com/Good Sync/Eclips Projects/Moding Minecraft 1.12.2/Application/main/java/com/senpai/objects/items/food'
2018-04-04 00:26:21: Create Folder 'gdrive://www.googleapis.com/Good Sync/Eclips Projects/Moding Minecraft 1.12.2/Application/main/java/com/senpai/items/food'
2018-04-04 00:26:21: File Systems limited number of parallel threads to 20
2018-04-04 00:26:21: Start only 3 threads, limited by tasks to run
2018-04-04 00:26:23: Copy New 'S:/Documents/MinecraftModding/xcraftmod/src/main/java/com/senpai/items/food/ItemRice.java' -> 'gdrive://www.googleapis.com/Good Sync/Eclips Projects/Moding Minecraft 1.12.2/Application/main/java/com/senpai/items/food/ItemRice.java' (2073)
2018-04-04 00:26:24: Copy New 'S:/Documents/MinecraftModding/xcraftmod/src/main/java/com/senpai/items/XcraftHandbook.java' -> 'gdrive://www.googleapis.com/Good Sync/Eclips Projects/Moding Minecraft 1.12.2/Application/main/java/com/senpai/items/XcraftHandbook.java' (613)
2018-04-04 00:26:24: Copy New 'S:/Documents/MinecraftModding/xcraftmod/src/main/java/com/senpai/items/food/ItemCustomFood.java' -> 'gdrive://www.googleapis.com/Good Sync/Eclips Projects/Moding Minecraft 1.12.2/Application/main/java/com/senpai/items/food/ItemCustomFood.java' (585)
2018-04-04 00:26:25: Save State File S:/Documents/MinecraftModding/xcraftmod/src/_gsdata_/_file_state_v4._gs
2018-04-04 00:26:27: Save State File gdrive://www.googleapis.com/Good Sync/Eclips Projects/Moding Minecraft 1.12.2/Application/_gsdata_/_file_state_v4._gs
2018-04-04 00:26:27: Cleanup recycled files in S:/Documents/MinecraftModding/xcraftmod/src/_gsdata_/_saved_
2018-04-04 00:26:27: Load Recycled DB: S:/Documents/MinecraftModding/xcraftmod/src/_gsdata_/_recycled_db._gs
2018-04-04 00:26:27: Cleanup old logs in S:/Documents/MinecraftModding/xcraftmod/src/_gsdata_
2018-04-04 00:26:27: Cleanup recycled files in gdrive://www.googleapis.com/Good Sync/Eclips Projects/Moding Minecraft 1.12.2/Application/_gsdata_/_saved_
2018-04-04 00:26:28: Change detected [0]: t=Modified path=/main/java/com/senpai/init/ItemInit.java
2018-04-04 00:26:28: Change detected [0]: t=Modified path=/main/java/com/senpai/init/ItemInit.java
2018-04-04 00:26:28: Change detected [0]: t=Deleted path=/main/java/com/senpai/objects/tools/ToolAxe.java
2018-04-04 00:26:28: Change detected [0]: t=Created path=/main/java/com/senpai/items/tool/ToolAxe.java
2018-04-04 00:26:28: Change detected [0]: t=Modified path=/main/java/com/senpai/items/tool/ToolAxe.java
2018-04-04 00:26:28: Change detected [0]: t=Modified path=/main/java/com/senpai/items/tool/ToolAxe.java
2018-04-04 00:26:28: Change detected [0]: t=Deleted path=/main/java/com/senpai/objects/tools/ToolPickaxe.java
2018-04-04 00:26:28: Change detected [0]: t=Created path=/main/java/com/senpai/items/tool/ToolPickaxe.java
2018-04-04 00:26:28: Change detected [0]: t=Modified path=/main/java/com/senpai/items/tool/ToolPickaxe.java
2018-04-04 00:26:28: Change detected [0]: t=Modified path=/main/java/com/senpai/items/tool/ToolPickaxe.java
2018-04-04 00:26:28: Change detected [0]: t=Deleted path=/main/java/com/senpai/objects/tools/ToolShovel.java
2018-04-04 00:26:28: Change detected [0]: t=Created path=/main/java/com/senpai/items/tool/ToolShovel.java
2018-04-04 00:26:28: Change detected [0]: t=Modified path=/main/java/com/senpai/items/tool/ToolShovel.java
2018-04-04 00:26:28: Change detected [0]: t=Modified path=/main/java/com/senpai/items/tool/ToolShovel.java
2018-04-04 00:26:28: Change detected [0]: t=Deleted path=/main/java/com/senpai/objects/tools/ToolSword.java
2018-04-04 00:26:28: Change detected [0]: t=Created path=/main/java/com/senpai/items/tool/ToolSword.java
2018-04-04 00:26:28: Change detected [0]: t=Modified path=/main/java/com/senpai/items/tool/ToolSword.java
2018-04-04 00:26:28: Change detected [0]: t=Modified path=/main/java/com/senpai/items/tool/ToolSword.java
2018-04-04 00:26:28: Change detected [0]: t=Deleted path=/main/java/com/senpai/objects/tools/ToolWrench.java
2018-04-04 00:26:28: Change detected [0]: t=Created path=/main/java/com/senpai/items/tool/ToolWrench.java
2018-04-04 00:26:28: Change detected [0]: t=Modified path=/main/java/com/senpai/items/tool/ToolWrench.java
2018-04-04 00:26:28: Change detected [0]: t=Modified path=/main/java/com/senpai/items/tool/ToolWrench.java
2018-04-04 00:26:28: Change detected [0]: t=Deleted path=/main/java/com/senpai/objects/tools/ToolHoe.java
2018-04-04 00:26:28: Change detected [0]: t=Created path=/main/java/com/senpai/items/tool/ToolHoe.java
2018-04-04 00:26:28: Change detected [0]: t=Modified path=/main/java/com/senpai/items/tool/ToolHoe.java
2018-04-04 00:26:28: Change detected [0]: t=Modified path=/main/java/com/senpai/items/tool/ToolHoe.java
2018-04-04 00:26:29: Save Recycled DB: gdrive://www.googleapis.com/Good Sync/Eclips Projects/Moding Minecraft 1.12.2/Application/_gsdata_/_recycled_db._gs
2018-04-04 00:26:29: Cleanup old logs in gdrive://www.googleapis.com/Good Sync/Eclips Projects/Moding Minecraft 1.12.2/Application/_gsdata_
2018-04-04 00:26:30: == Sync Complete. Time: 00:00:14, Speed: 7.29 KB/s, OK: 8, Errors: 0
2018-04-04 00:26:30: Unlocking folder S:/Documents/MinecraftModding/xcraftmod/src/_gsdata_/lock.gsl
2018-04-04 00:26:30: Unlocking folder gdrive://www.googleapis.com/Good Sync/Eclips Projects/Moding Minecraft 1.12.2/Application/_gsdata_/lock.gsl
2018-04-04 00:26:30: Change detected [1]: t=Modified path=/main/java/com/senpai/items/XcraftHandbook.java
2018-04-04 00:26:30: Change detected [1]: t=Created path=/main/java/com/senpai/items/XcraftHandbook.java
2018-04-04 00:26:31: Change detected [1]: t=Modified path=/main/java/com/senpai/items/food/ItemRice.java
2018-04-04 00:26:31: Change detected [1]: t=Modified path=/main/java/com/senpai/items/food/ItemCustomFood.java
2018-04-04 00:26:31: Change detected [1]: t=Created path=/main/java/com/senpai/items/food/ItemCustomFood.java
2018-04-04 00:26:31: Change detected [1]: t=Created path=/main/java/com/senpai/items/food/ItemRice.java
2018-04-04 00:26:31: Change detected [1]: t=Deleted path=/main/java/com/senpai/objects/items/food
2018-04-04 00:26:31: Change detected [1]: t=Created path=/main/java/com/senpai/items/food
2018-04-04 00:26:31: Change detected [1]: t=MovedFrom path=/main/java/com/senpai/objects/items/food/ItemRice.java
2018-04-04 00:26:32: 
