2018-04-03 18:09:25: Connected to S:\Documents\MinecraftModding\xcraftmod\src: S: NTFS: type=NTFS vol=Data Storage flags=3E706FF
2018-04-03 18:09:25: Connected to gdrive://www.googleapis.com/Good Sync/Eclips Projects/Moding Minecraft 1.12.2/Application
2018-04-03 18:09:25: Incremental Analyze for On File Change
2018-04-03 18:09:25: -- Analysis Started by On File Change, After Delay, Under Runner
2018-04-03 18:09:25: Mod Sync: ANALYSIS started by On File Change, After Delay, Under Runner on 'SENPAI_DESKTOP' (GoodSync 10.8.1.1)
2018-04-03 18:09:25: =Data Storage:\Documents\MinecraftModding\xcraftmod\src (S:/Documents/MinecraftModding/xcraftmod/src) [TmpDest] <-> gdrive://www.googleapis.com/Good Sync/Eclips Projects/Moding Minecraft 1.12.2/Application [DirDest], RecycleTo_RecycleBin, SaveDays_RecycleBin=30d, ReconnectSecs=120, SyncWorkerThreads=99, OnFileChange Delay=5, Unattended, WaitForLocksMin=20, ResolveConflicts=NewerFileWins, AutoClear, LinksIgnore
2018-04-03 18:09:25: Exclude Hidden, Exclude System, Exclude name *._gstmp|/System Volume Information|Thumbs.db|.DS_Store 
2018-04-03 18:09:25: Locking folder S:/Documents/MinecraftModding/xcraftmod/src for write
2018-04-03 18:09:25: Change Analyzed: S:/Documents/MinecraftModding/xcraftmod/src/main/resources/assets/sxm/models/block/core_connection_in_advanced.json
2018-04-03 18:09:25: Change Analyzed: S:/Documents/MinecraftModding/xcraftmod/src/main/resources/assets/sxm/models/block/core_connection_in_advanced.json
2018-04-03 18:09:25: Change Analyzed: S:/Documents/MinecraftModding/xcraftmod/src/main/resources/assets/sxm/models/block/core_connection_in_advanced.json
2018-04-03 18:09:25: Change Analyzed: S:/Documents/MinecraftModding/xcraftmod/src/main/resources/assets/sxm/models/block/core_connection_normal_advanced.json
2018-04-03 18:09:25: Change Analyzed: S:/Documents/MinecraftModding/xcraftmod/src/main/resources/assets/sxm/models/block/core_connection_normal_advanced.json
2018-04-03 18:09:25: Change Analyzed: S:/Documents/MinecraftModding/xcraftmod/src/main/resources/assets/sxm/models/block/core_connection_normal_advanced.json
2018-04-03 18:09:25: Change Analyzed: S:/Documents/MinecraftModding/xcraftmod/src/main/resources/assets/sxm/models/block/core_centre_advanced.json
2018-04-03 18:09:25: Change Analyzed: S:/Documents/MinecraftModding/xcraftmod/src/main/resources/assets/sxm/models/block/core_centre_advanced.json
2018-04-03 18:09:25: Change Analyzed: S:/Documents/MinecraftModding/xcraftmod/src/main/resources/assets/sxm/models/block/core_centre_advanced.json
2018-04-03 18:09:25: Change Analyzed: S:/Documents/MinecraftModding/xcraftmod/src/main/resources/assets/sxm/models/block/core_connection_out_basic.json
2018-04-03 18:09:25: Change Analyzed: S:/Documents/MinecraftModding/xcraftmod/src/main/resources/assets/sxm/models/block/core_connection_out_basic.json
2018-04-03 18:09:25: Change Analyzed: S:/Documents/MinecraftModding/xcraftmod/src/main/resources/assets/sxm/models/block/core_connection_out_basic.json
2018-04-03 18:09:25: Locking folder gdrive://www.googleapis.com/Good Sync/Eclips Projects/Moding Minecraft 1.12.2/Application for write
2018-04-03 18:09:27: Change Analyzed: gdrive://www.googleapis.com/Good Sync/Eclips Projects/Moding Minecraft 1.12.2/Application/main/resources/assets/sxm/models/block/core_connection_out_advanced.json
2018-04-03 18:09:27: Change Analyzed: gdrive://www.googleapis.com/Good Sync/Eclips Projects/Moding Minecraft 1.12.2/Application/main/resources/assets/sxm/models/block/core_connection_out_advanced.json
2018-04-03 18:09:27: Change Analyzed: gdrive://www.googleapis.com/Good Sync/Eclips Projects/Moding Minecraft 1.12.2/Application/main/resources/assets/sxm/models/block/core_connection_normal_basic.json
2018-04-03 18:09:27: Change Analyzed: gdrive://www.googleapis.com/Good Sync/Eclips Projects/Moding Minecraft 1.12.2/Application/main/resources/assets/sxm/models/block/core_connection_normal_basic.json
2018-04-03 18:09:27: Change Analyzed: gdrive://www.googleapis.com/Good Sync/Eclips Projects/Moding Minecraft 1.12.2/Application/main/resources/assets/sxm/models/block/core_centre_basic.json
2018-04-03 18:09:27: Change Analyzed: gdrive://www.googleapis.com/Good Sync/Eclips Projects/Moding Minecraft 1.12.2/Application/main/resources/assets/sxm/models/block/core_centre_basic.json
2018-04-03 18:09:28: On disk file:///S: space required for sync is 0 bytes, you have 1.25 TB
2018-04-03 18:09:28: On disk gdrive://www.googleapis.com space required for sync is 11.0 KB, you have 12.4 GB
2018-04-03 18:09:28: Changes: 4, Conflicts: 0, CopyTime: 0, FixState: 0, Errors: 0, All: 22080
2018-04-03 18:09:28: Left to Right: Copy File: 4 
2018-04-03 18:09:28: -- Analysis Complete. Time 00:00:04, Speed: 99 files/s
2018-04-03 18:09:28: == Sync Started by On File Change, After Delay, Under Runner
2018-04-03 18:09:28: Mod Sync: SYNC started by On File Change, After Delay, Under Runner on 'SENPAI_DESKTOP'
2018-04-03 18:09:28: =Data Storage:\Documents\MinecraftModding\xcraftmod\src (S:/Documents/MinecraftModding/xcraftmod/src) [TmpDest] <-> gdrive://www.googleapis.com/Good Sync/Eclips Projects/Moding Minecraft 1.12.2/Application [DirDest], RecycleTo_RecycleBin, SaveDays_RecycleBin=30d, ReconnectSecs=120, SyncWorkerThreads=99, OnFileChange Delay=5, Unattended, WaitForLocksMin=20, ResolveConflicts=NewerFileWins, AutoClear, LinksIgnore
2018-04-03 18:09:28: File Systems limited number of parallel threads to 20
2018-04-03 18:09:28: Start only 4 threads, limited by tasks to run
2018-04-03 18:09:30: Copy New 'S:/Documents/MinecraftModding/xcraftmod/src/main/resources/assets/sxm/models/block/core_centre_advanced.json' -> 'gdrive://www.googleapis.com/Good Sync/Eclips Projects/Moding Minecraft 1.12.2/Application/main/resources/assets/sxm/models/block/core_centre_advanced.json' (4232)
2018-04-03 18:09:31: Copy New 'S:/Documents/MinecraftModding/xcraftmod/src/main/resources/assets/sxm/models/block/core_connection_in_advanced.json' -> 'gdrive://www.googleapis.com/Good Sync/Eclips Projects/Moding Minecraft 1.12.2/Application/main/resources/assets/sxm/models/block/core_connection_in_advanced.json' (1171)
2018-04-03 18:09:32: Copy New 'S:/Documents/MinecraftModding/xcraftmod/src/main/resources/assets/sxm/models/block/core_connection_normal_advanced.json' -> 'gdrive://www.googleapis.com/Good Sync/Eclips Projects/Moding Minecraft 1.12.2/Application/main/resources/assets/sxm/models/block/core_connection_normal_advanced.json' (1062)
2018-04-03 18:09:32: Copy New 'S:/Documents/MinecraftModding/xcraftmod/src/main/resources/assets/sxm/models/block/core_connection_out_basic.json' -> 'gdrive://www.googleapis.com/Good Sync/Eclips Projects/Moding Minecraft 1.12.2/Application/main/resources/assets/sxm/models/block/core_connection_out_basic.json' (1166)
2018-04-03 18:09:33: Save State File S:/Documents/MinecraftModding/xcraftmod/src/_gsdata_/_file_state_v4._gs
2018-04-03 18:09:34: Save State File gdrive://www.googleapis.com/Good Sync/Eclips Projects/Moding Minecraft 1.12.2/Application/_gsdata_/_file_state_v4._gs
2018-04-03 18:09:34: Cleanup recycled files in S:/Documents/MinecraftModding/xcraftmod/src/_gsdata_/_saved_
2018-04-03 18:09:34: Load Recycled DB: S:/Documents/MinecraftModding/xcraftmod/src/_gsdata_/_recycled_db._gs
2018-04-03 18:09:34: Cleanup old logs in S:/Documents/MinecraftModding/xcraftmod/src/_gsdata_
2018-04-03 18:09:34: Cleanup recycled files in gdrive://www.googleapis.com/Good Sync/Eclips Projects/Moding Minecraft 1.12.2/Application/_gsdata_/_saved_
2018-04-03 18:09:35: Change detected [1]: t=Modified path=/main/resources/assets/sxm/models/block/core_connection_out_basic.json
2018-04-03 18:09:35: Load Recycled DB: gdrive://www.googleapis.com/Good Sync/Eclips Projects/Moding Minecraft 1.12.2/Application/_gsdata_/_recycled_db._gs
2018-04-03 18:09:35: Cleanup old logs in gdrive://www.googleapis.com/Good Sync/Eclips Projects/Moding Minecraft 1.12.2/Application/_gsdata_
2018-04-03 18:09:35: Change detected [1]: t=Created path=/main/resources/assets/sxm/models/block/core_connection_out_basic.json
2018-04-03 18:09:35: Change detected [1]: t=Modified path=/main/resources/assets/sxm/models/block/core_connection_normal_advanced.json
2018-04-03 18:09:35: Change detected [1]: t=Created path=/main/resources/assets/sxm/models/block/core_connection_normal_advanced.json
2018-04-03 18:09:35: Change detected [1]: t=Modified path=/main/resources/assets/sxm/models/block/core_centre_advanced.json
2018-04-03 18:09:35: Change detected [1]: t=Modified path=/main/resources/assets/sxm/models/block/core_connection_in_advanced.json
2018-04-03 18:09:35: Change detected [1]: t=Created path=/main/resources/assets/sxm/models/block/core_connection_in_advanced.json
2018-04-03 18:09:35: Change detected [1]: t=Created path=/main/resources/assets/sxm/models/block/core_centre_advanced.json
2018-04-03 18:09:36: == Sync Complete. Time: 00:00:08, Speed: 6.73 KB/s, OK: 4, Errors: 0
2018-04-03 18:09:36: Unlocking folder S:/Documents/MinecraftModding/xcraftmod/src/_gsdata_/lock.gsl
2018-04-03 18:09:36: Unlocking folder gdrive://www.googleapis.com/Good Sync/Eclips Projects/Moding Minecraft 1.12.2/Application/_gsdata_/lock.gsl
2018-04-03 18:09:37: 
