2018-04-04 01:36:58: Connected to S:\Documents\MinecraftModding\xcraftmod\src: S: NTFS: type=NTFS vol=Data Storage flags=3E706FF
2018-04-04 01:36:59: Connected to gdrive://www.googleapis.com/Good Sync/Eclips Projects/Moding Minecraft 1.12.2/Application
2018-04-04 01:36:59: Incremental Analyze for On File Change
2018-04-04 01:36:59: -- Analysis Started by On File Change, After Delay, Under Runner
2018-04-04 01:36:59: Mod Sync: ANALYSIS started by On File Change, After Delay, Under Runner on 'SENPAI_DESKTOP' (GoodSync 10.8.1.1)
2018-04-04 01:36:59: =Data Storage:\Documents\MinecraftModding\xcraftmod\src (S:/Documents/MinecraftModding/xcraftmod/src) [TmpDest] <-> gdrive://www.googleapis.com/Good Sync/Eclips Projects/Moding Minecraft 1.12.2/Application [DirDest], RecycleTo_RecycleBin, SaveDays_RecycleBin=30d, ReconnectSecs=120, SyncWorkerThreads=99, OnFileChange Delay=5, Unattended, WaitForLocksMin=20, ResolveConflicts=NewerFileWins, AutoClear, LinksIgnore
2018-04-04 01:36:59: Exclude Hidden, Exclude System, Exclude name *._gstmp|/System Volume Information|Thumbs.db|.DS_Store 
2018-04-04 01:36:59: Locking folder S:/Documents/MinecraftModding/xcraftmod/src for write
2018-04-04 01:36:59: Change Analyzed: S:/Documents/MinecraftModding/xcraftmod/src/main/java/com/senpai/util/interfaces/IHasModel.java
2018-04-04 01:36:59: Change Analyzed: S:/Documents/MinecraftModding/xcraftmod/src/main/java/com/senpai/util/interfaces
2018-04-04 01:36:59: Change Analyzed: S:/Documents/MinecraftModding/xcraftmod/src/main/java/com/senpai/util/interfaces/IWork.java
2018-04-04 01:36:59: Change Analyzed: S:/Documents/MinecraftModding/xcraftmod/src/main/java/com/senpai/util/interfaces
2018-04-04 01:36:59: Change Analyzed: S:/Documents/MinecraftModding/xcraftmod/src/main/java/com/senpai/util/interfaces/IMetaBlockName.java
2018-04-04 01:36:59: Change Analyzed: S:/Documents/MinecraftModding/xcraftmod/src/main/java/com/senpai/util/interfaces
2018-04-04 01:36:59: Change Analyzed: S:/Documents/MinecraftModding/xcraftmod/src/main/java/com/senpai/util/interfaces/IMetaName.java
2018-04-04 01:36:59: Change Analyzed: S:/Documents/MinecraftModding/xcraftmod/src/main/java/com/senpai/util/interfaces
2018-04-04 01:36:59: Change Analyzed: S:/Documents/MinecraftModding/xcraftmod/src/main/java/com/senpai/util/interfaces/IStructure.java
2018-04-04 01:36:59: Change Analyzed: S:/Documents/MinecraftModding/xcraftmod/src/main/java/com/senpai/util/interfaces
2018-04-04 01:36:59: Change Analyzed: S:/Documents/MinecraftModding/xcraftmod/src/main/java/com/senpai/util/interfaces
2018-04-04 01:36:59: Locking folder gdrive://www.googleapis.com/Good Sync/Eclips Projects/Moding Minecraft 1.12.2/Application for write
2018-04-04 01:37:01: Change Analyzed: gdrive://www.googleapis.com/Good Sync/Eclips Projects/Moding Minecraft 1.12.2/Application/main/java/com/senpai/util/proxy
2018-04-04 01:37:01: Change Analyzed: gdrive://www.googleapis.com/Good Sync/Eclips Projects/Moding Minecraft 1.12.2/Application/main/java/com/senpai/util/proxy/CommonProxy.java
2018-04-04 01:37:01: Change Analyzed: gdrive://www.googleapis.com/Good Sync/Eclips Projects/Moding Minecraft 1.12.2/Application/main/java/com/senpai/util/proxy/ClientProxy.java
2018-04-04 01:37:01: On disk file:///S: space required for sync is 0 bytes, you have 1.25 TB
2018-04-04 01:37:01: On disk gdrive://www.googleapis.com space required for sync is 0 bytes, you have 12.4 GB
2018-04-04 01:37:02: Changes: 6, Conflicts: 0, CopyTime: 0, FixState: 0, Errors: 0, All: 22194
2018-04-04 01:37:02: Left to Right: Delete File: 6 
2018-04-04 01:37:02: -- Analysis Complete. Time 00:00:04, Speed: 106 files/s
2018-04-04 01:37:02: == Sync Started by On File Change, After Delay, Under Runner
2018-04-04 01:37:02: Mod Sync: SYNC started by On File Change, After Delay, Under Runner on 'SENPAI_DESKTOP'
2018-04-04 01:37:02: =Data Storage:\Documents\MinecraftModding\xcraftmod\src (S:/Documents/MinecraftModding/xcraftmod/src) [TmpDest] <-> gdrive://www.googleapis.com/Good Sync/Eclips Projects/Moding Minecraft 1.12.2/Application [DirDest], RecycleTo_RecycleBin, SaveDays_RecycleBin=30d, ReconnectSecs=120, SyncWorkerThreads=99, OnFileChange Delay=5, Unattended, WaitForLocksMin=20, ResolveConflicts=NewerFileWins, AutoClear, LinksIgnore
2018-04-04 01:37:04: Load Recycled DB: gdrive://www.googleapis.com/Good Sync/Eclips Projects/Moding Minecraft 1.12.2/Application/_gsdata_/_recycled_db._gs
2018-04-04 01:37:04: Delete File 'gdrive://www.googleapis.com/Good Sync/Eclips Projects/Moding Minecraft 1.12.2/Application/main/java/com/senpai/util/interfaces/IHasModel.java'
2018-04-04 01:37:05: Delete File 'gdrive://www.googleapis.com/Good Sync/Eclips Projects/Moding Minecraft 1.12.2/Application/main/java/com/senpai/util/interfaces/IMetaBlockName.java'
2018-04-04 01:37:06: Delete File 'gdrive://www.googleapis.com/Good Sync/Eclips Projects/Moding Minecraft 1.12.2/Application/main/java/com/senpai/util/interfaces/IMetaName.java'
2018-04-04 01:37:07: Delete File 'gdrive://www.googleapis.com/Good Sync/Eclips Projects/Moding Minecraft 1.12.2/Application/main/java/com/senpai/util/interfaces/IStructure.java'
2018-04-04 01:37:07: Delete File 'gdrive://www.googleapis.com/Good Sync/Eclips Projects/Moding Minecraft 1.12.2/Application/main/java/com/senpai/util/interfaces/IWork.java'
2018-04-04 01:37:07: Change detected [0]: t=Created path=/main/java/com/senpai/handlers
2018-04-04 01:37:07: Change detected [0]: t=Created path=/main/java/com/senpai/handlers/Mathf.java
2018-04-04 01:37:07: Change detected [0]: t=Modified path=/main/java/com/senpai/handlers/Mathf.java
2018-04-04 01:37:07: Change detected [0]: t=Modified path=/main/java/com/senpai/handlers/Mathf.java
2018-04-04 01:37:07: Change detected [0]: t=Created path=/main/java/com/senpai/handlers/RegistryHandler.java
2018-04-04 01:37:07: Change detected [0]: t=Modified path=/main/java/com/senpai/handlers/RegistryHandler.java
2018-04-04 01:37:07: Change detected [0]: t=Modified path=/main/java/com/senpai/handlers/RegistryHandler.java
2018-04-04 01:37:07: Change detected [0]: t=Created path=/main/java/com/senpai/handlers/EnumHandler.java
2018-04-04 01:37:07: Change detected [0]: t=Modified path=/main/java/com/senpai/handlers/EnumHandler.java
2018-04-04 01:37:07: Change detected [0]: t=Modified path=/main/java/com/senpai/handlers/EnumHandler.java
2018-04-04 01:37:07: Change detected [0]: t=Created path=/main/java/com/senpai/handlers/LootTableHandler.java
2018-04-04 01:37:07: Change detected [0]: t=Modified path=/main/java/com/senpai/handlers/LootTableHandler.java
2018-04-04 01:37:07: Change detected [0]: t=Modified path=/main/java/com/senpai/handlers/LootTableHandler.java
2018-04-04 01:37:07: Change detected [0]: t=Created path=/main/java/com/senpai/handlers/RenderHandler.java
2018-04-04 01:37:07: Change detected [0]: t=Modified path=/main/java/com/senpai/handlers/RenderHandler.java
2018-04-04 01:37:07: Change detected [0]: t=Modified path=/main/java/com/senpai/handlers/RenderHandler.java
2018-04-04 01:37:07: Change detected [0]: t=Created path=/main/java/com/senpai/handlers/SoundsHandler.java
2018-04-04 01:37:07: Change detected [0]: t=Modified path=/main/java/com/senpai/handlers/SoundsHandler.java
2018-04-04 01:37:07: Change detected [0]: t=Modified path=/main/java/com/senpai/handlers/SoundsHandler.java
2018-04-04 01:37:07: Change detected [0]: t=Created path=/main/java/com/senpai/handlers/TileEntityHandler.java
2018-04-04 01:37:07: Change detected [0]: t=Modified path=/main/java/com/senpai/handlers/TileEntityHandler.java
2018-04-04 01:37:07: Change detected [0]: t=Modified path=/main/java/com/senpai/handlers/TileEntityHandler.java
2018-04-04 01:37:07: Change detected [0]: t=Modified path=/main/java/com/senpai/handlers/Mathf.java
2018-04-04 01:37:07: Change detected [0]: t=Modified path=/main/java/com/senpai/handlers/Mathf.java
2018-04-04 01:37:07: Change detected [0]: t=Modified path=/main/java/com/senpai/handlers/RegistryHandler.java
2018-04-04 01:37:07: Change detected [0]: t=Modified path=/main/java/com/senpai/handlers/RegistryHandler.java
2018-04-04 01:37:07: Change detected [0]: t=Modified path=/main/java/com/senpai/handlers/EnumHandler.java
2018-04-04 01:37:07: Change detected [0]: t=Modified path=/main/java/com/senpai/handlers/EnumHandler.java
2018-04-04 01:37:07: Change detected [0]: t=Modified path=/main/java/com/senpai/handlers/LootTableHandler.java
2018-04-04 01:37:07: Change detected [0]: t=Modified path=/main/java/com/senpai/handlers/LootTableHandler.java
2018-04-04 01:37:07: Change detected [0]: t=Modified path=/main/java/com/senpai/handlers/RenderHandler.java
2018-04-04 01:37:07: Change detected [0]: t=Modified path=/main/java/com/senpai/handlers/RenderHandler.java
2018-04-04 01:37:07: Change detected [0]: t=Modified path=/main/java/com/senpai/handlers/SoundsHandler.java
2018-04-04 01:37:07: Change detected [0]: t=Modified path=/main/java/com/senpai/handlers/SoundsHandler.java
2018-04-04 01:37:07: Change detected [0]: t=Modified path=/main/java/com/senpai/handlers/TileEntityHandler.java
2018-04-04 01:37:07: Change detected [0]: t=Modified path=/main/java/com/senpai/handlers/TileEntityHandler.java
2018-04-04 01:37:08: Delete Folder 'gdrive://www.googleapis.com/Good Sync/Eclips Projects/Moding Minecraft 1.12.2/Application/main/java/com/senpai/util/interfaces'
2018-04-04 01:37:08: File Systems limited number of parallel threads to 20
2018-04-04 01:37:08: Start only 0 threads, limited by tasks to run
2018-04-04 01:37:08: Save State File S:/Documents/MinecraftModding/xcraftmod/src/_gsdata_/_file_state_v4._gs
2018-04-04 01:37:08: Change detected [1]: t=Deleted path=/main/java/com/senpai/util/interfaces
2018-04-04 01:37:09: Change detected [1]: t=MovedFrom path=/main/java/com/senpai/util/interfaces/IWork.java
2018-04-04 01:37:09: Change detected [1]: t=MovedFrom path=/main/java/com/senpai/util/interfaces/IStructure.java
2018-04-04 01:37:09: Change detected [1]: t=MovedFrom path=/main/java/com/senpai/util/interfaces/IMetaName.java
2018-04-04 01:37:09: Change detected [1]: t=MovedFrom path=/main/java/com/senpai/util/interfaces/IMetaBlockName.java
2018-04-04 01:37:09: Change detected [1]: t=MovedFrom path=/main/java/com/senpai/util/interfaces/IHasModel.java
2018-04-04 01:37:10: Save State File gdrive://www.googleapis.com/Good Sync/Eclips Projects/Moding Minecraft 1.12.2/Application/_gsdata_/_file_state_v4._gs
2018-04-04 01:37:10: Cleanup recycled files in S:/Documents/MinecraftModding/xcraftmod/src/_gsdata_/_saved_
2018-04-04 01:37:10: Load Recycled DB: S:/Documents/MinecraftModding/xcraftmod/src/_gsdata_/_recycled_db._gs
2018-04-04 01:37:10: Cleanup old logs in S:/Documents/MinecraftModding/xcraftmod/src/_gsdata_
2018-04-04 01:37:10: Cleanup recycled files in gdrive://www.googleapis.com/Good Sync/Eclips Projects/Moding Minecraft 1.12.2/Application/_gsdata_/_saved_
2018-04-04 01:37:11: Save Recycled DB: gdrive://www.googleapis.com/Good Sync/Eclips Projects/Moding Minecraft 1.12.2/Application/_gsdata_/_recycled_db._gs
2018-04-04 01:37:11: Cleanup old logs in gdrive://www.googleapis.com/Good Sync/Eclips Projects/Moding Minecraft 1.12.2/Application/_gsdata_
2018-04-04 01:37:12: == Sync Complete. Time: 00:00:10, Speed: 6.66 KB/s, OK: 6, Errors: 0
2018-04-04 01:37:12: Unlocking folder S:/Documents/MinecraftModding/xcraftmod/src/_gsdata_/lock.gsl
2018-04-04 01:37:12: Unlocking folder gdrive://www.googleapis.com/Good Sync/Eclips Projects/Moding Minecraft 1.12.2/Application/_gsdata_/lock.gsl
2018-04-04 01:37:13: 
