2018-04-04 00:24:06: Connected to S:\Documents\MinecraftModding\xcraftmod\src: S: NTFS: type=NTFS vol=Data Storage flags=3E706FF
2018-04-04 00:24:06: Connected to gdrive://www.googleapis.com/Good Sync/Eclips Projects/Moding Minecraft 1.12.2/Application
2018-04-04 00:24:06: Incremental Analyze for On File Change
2018-04-04 00:24:06: -- Analysis Started by On File Change, After Delay, Under Runner
2018-04-04 00:24:06: Mod Sync: ANALYSIS started by On File Change, After Delay, Under Runner on 'SENPAI_DESKTOP' (GoodSync 10.8.1.1)
2018-04-04 00:24:06: =Data Storage:\Documents\MinecraftModding\xcraftmod\src (S:/Documents/MinecraftModding/xcraftmod/src) [TmpDest] <-> gdrive://www.googleapis.com/Good Sync/Eclips Projects/Moding Minecraft 1.12.2/Application [DirDest], RecycleTo_RecycleBin, SaveDays_RecycleBin=30d, ReconnectSecs=120, SyncWorkerThreads=99, OnFileChange Delay=5, Unattended, WaitForLocksMin=20, ResolveConflicts=NewerFileWins, AutoClear, LinksIgnore
2018-04-04 00:24:06: Exclude Hidden, Exclude System, Exclude name *._gstmp|/System Volume Information|Thumbs.db|.DS_Store 
2018-04-04 00:24:06: Locking folder S:/Documents/MinecraftModding/xcraftmod/src for write
2018-04-04 00:24:06: Change Analyzed: S:/Documents/MinecraftModding/xcraftmod/src/main/java/com/senpai/blocks/BlockBreaker.java
2018-04-04 00:24:06: Change Analyzed: S:/Documents/MinecraftModding/xcraftmod/src/main/java/com/senpai/blocks/BlockBreaker.java
2018-04-04 00:24:06: Change Analyzed: S:/Documents/MinecraftModding/xcraftmod/src/main/java/com/senpai/objects/blocks/BlockMachine.java
2018-04-04 00:24:06: Change Analyzed: S:/Documents/MinecraftModding/xcraftmod/src/main/java/com/senpai/objects/blocks/BlockMachine.java
2018-04-04 00:24:06: Change Analyzed: S:/Documents/MinecraftModding/xcraftmod/src/main/java/com/senpai/blocks/BlockMachineFrame.java
2018-04-04 00:24:06: Change Analyzed: S:/Documents/MinecraftModding/xcraftmod/src/main/java/com/senpai/blocks/BlockMachineFrame.java
2018-04-04 00:24:06: Change Analyzed: S:/Documents/MinecraftModding/xcraftmod/src/main/java/com/senpai/objects/blocks/BlockTinBlock.java
2018-04-04 00:24:06: Change Analyzed: S:/Documents/MinecraftModding/xcraftmod/src/main/java/com/senpai/objects/blocks/BlockTinBlock.java
2018-04-04 00:24:06: Change Analyzed: S:/Documents/MinecraftModding/xcraftmod/src/main/java/com/senpai/objects/items/ItemChip.java
2018-04-04 00:24:06: Change Analyzed: S:/Documents/MinecraftModding/xcraftmod/src/main/java/com/senpai/objects/items/ItemChip.java
2018-04-04 00:24:06: Change Analyzed: S:/Documents/MinecraftModding/xcraftmod/src/main/java/com/senpai/objects/blocks/BlockMachine.java
2018-04-04 00:24:06: Change Analyzed: S:/Documents/MinecraftModding/xcraftmod/src/main/java/com/senpai/blocks/BlockMachine.java
2018-04-04 00:24:06: Change Analyzed: S:/Documents/MinecraftModding/xcraftmod/src/main/java/com/senpai/blocks/BlockMachine.java
2018-04-04 00:24:06: Change Analyzed: S:/Documents/MinecraftModding/xcraftmod/src/main/java/com/senpai/blocks/BlockMachine.java
2018-04-04 00:24:06: Change Analyzed: S:/Documents/MinecraftModding/xcraftmod/src/main/java/com/senpai/objects/blocks/BlockTinBlock.java
2018-04-04 00:24:06: Change Analyzed: S:/Documents/MinecraftModding/xcraftmod/src/main/java/com/senpai/blocks/BlockTinBlock.java
2018-04-04 00:24:06: Change Analyzed: S:/Documents/MinecraftModding/xcraftmod/src/main/java/com/senpai/blocks/BlockTinBlock.java
2018-04-04 00:24:06: Change Analyzed: S:/Documents/MinecraftModding/xcraftmod/src/main/java/com/senpai/blocks/BlockTinBlock.java
2018-04-04 00:24:06: Change Analyzed: S:/Documents/MinecraftModding/xcraftmod/src/main/java/com/senpai/objects/blocks/BlockEnergyCell.java
2018-04-04 00:24:06: Change Analyzed: S:/Documents/MinecraftModding/xcraftmod/src/main/java/com/senpai/blocks/BlockEnergyCell.java
2018-04-04 00:24:06: Change Analyzed: S:/Documents/MinecraftModding/xcraftmod/src/main/java/com/senpai/blocks/BlockEnergyCell.java
2018-04-04 00:24:06: Change Analyzed: S:/Documents/MinecraftModding/xcraftmod/src/main/java/com/senpai/blocks/BlockEnergyCell.java
2018-04-04 00:24:06: Change Analyzed: S:/Documents/MinecraftModding/xcraftmod/src/main/java/com/senpai/blocks/BlockBreaker.java
2018-04-04 00:24:06: Change Analyzed: S:/Documents/MinecraftModding/xcraftmod/src/main/java/com/senpai/blocks/BlockEnergyCell.java
2018-04-04 00:24:06: Change Analyzed: S:/Documents/MinecraftModding/xcraftmod/src/main/java/com/senpai/blocks/BlockMachine.java
2018-04-04 00:24:06: Locking folder gdrive://www.googleapis.com/Good Sync/Eclips Projects/Moding Minecraft 1.12.2/Application for write
2018-04-04 00:24:08: Change Analyzed: gdrive://www.googleapis.com/Good Sync/Eclips Projects/Moding Minecraft 1.12.2/Application/main/java/com/senpai/init/BlockInit.java
2018-04-04 00:24:08: Change Analyzed: gdrive://www.googleapis.com/Good Sync/Eclips Projects/Moding Minecraft 1.12.2/Application/main/java/com/senpai/init/BlockInit.java
2018-04-04 00:24:08: Change Analyzed: gdrive://www.googleapis.com/Good Sync/Eclips Projects/Moding Minecraft 1.12.2/Application/main/java/com/senpai/init/BlockInit.java
2018-04-04 00:24:08: Change Analyzed: gdrive://www.googleapis.com/Good Sync/Eclips Projects/Moding Minecraft 1.12.2/Application/main/java/com/senpai/blocks/BlockCanvas.java
2018-04-04 00:24:08: Change Analyzed: gdrive://www.googleapis.com/Good Sync/Eclips Projects/Moding Minecraft 1.12.2/Application/main/java/com/senpai/blocks/BlockCanvas.java
2018-04-04 00:24:08: Change Analyzed: gdrive://www.googleapis.com/Good Sync/Eclips Projects/Moding Minecraft 1.12.2/Application/main/java/com/senpai/objects/blocks/BlockCanvas.java
2018-04-04 00:24:09: On disk file:///S: space required for sync is 0 bytes, you have 1.25 TB
2018-04-04 00:24:09: On disk gdrive://www.googleapis.com space required for sync is 27.0 KB, you have 12.4 GB
2018-04-04 00:24:09: Changes: 9, Conflicts: 0, CopyTime: 0, FixState: 0, Errors: 0, All: 22153
2018-04-04 00:24:09: Left to Right: Copy File: 6 Delete File: 3 
2018-04-04 00:24:09: -- Analysis Complete. Time 00:00:04, Speed: 107 files/s
2018-04-04 00:24:09: == Sync Started by On File Change, After Delay, Under Runner
2018-04-04 00:24:09: Mod Sync: SYNC started by On File Change, After Delay, Under Runner on 'SENPAI_DESKTOP'
2018-04-04 00:24:09: =Data Storage:\Documents\MinecraftModding\xcraftmod\src (S:/Documents/MinecraftModding/xcraftmod/src) [TmpDest] <-> gdrive://www.googleapis.com/Good Sync/Eclips Projects/Moding Minecraft 1.12.2/Application [DirDest], RecycleTo_RecycleBin, SaveDays_RecycleBin=30d, ReconnectSecs=120, SyncWorkerThreads=99, OnFileChange Delay=5, Unattended, WaitForLocksMin=20, ResolveConflicts=NewerFileWins, AutoClear, LinksIgnore
2018-04-04 00:24:11: Load Recycled DB: gdrive://www.googleapis.com/Good Sync/Eclips Projects/Moding Minecraft 1.12.2/Application/_gsdata_/_recycled_db._gs
2018-04-04 00:24:11: Delete File 'gdrive://www.googleapis.com/Good Sync/Eclips Projects/Moding Minecraft 1.12.2/Application/main/java/com/senpai/objects/blocks/BlockEnergyCell.java'
2018-04-04 00:24:12: Delete File 'gdrive://www.googleapis.com/Good Sync/Eclips Projects/Moding Minecraft 1.12.2/Application/main/java/com/senpai/objects/blocks/BlockMachine.java'
2018-04-04 00:24:13: Delete File 'gdrive://www.googleapis.com/Good Sync/Eclips Projects/Moding Minecraft 1.12.2/Application/main/java/com/senpai/objects/blocks/BlockTinBlock.java'
2018-04-04 00:24:14: File Systems limited number of parallel threads to 20
2018-04-04 00:24:14: Start only 6 threads, limited by tasks to run
2018-04-04 00:24:16: Copy New 'S:/Documents/MinecraftModding/xcraftmod/src/main/java/com/senpai/blocks/BlockMachine.java' -> 'gdrive://www.googleapis.com/Good Sync/Eclips Projects/Moding Minecraft 1.12.2/Application/main/java/com/senpai/blocks/BlockMachine.java' (5649)
2018-04-04 00:24:18: Change detected [0]: t=Modified path=/main/java/com/senpai/init/ItemInit.java
2018-04-04 00:24:18: Change detected [0]: t=Modified path=/main/java/com/senpai/init/ItemInit.java
2018-04-04 00:24:18: Change detected [0]: t=Deleted path=/main/java/com/senpai/objects/items/ItemBase.java
2018-04-04 00:24:18: Change detected [0]: t=Created path=/main/java/com/senpai/items/ItemBase.java
2018-04-04 00:24:18: Change detected [0]: t=Modified path=/main/java/com/senpai/items/ItemBase.java
2018-04-04 00:24:18: Change detected [0]: t=Modified path=/main/java/com/senpai/items/ItemBase.java
2018-04-04 00:24:18: Change detected [0]: t=Deleted path=/main/java/com/senpai/objects/items/ItemChip.java
2018-04-04 00:24:18: Change detected [0]: t=Created path=/main/java/com/senpai/items/ItemChip.java
2018-04-04 00:24:18: Change detected [0]: t=Modified path=/main/java/com/senpai/items/ItemChip.java
2018-04-04 00:24:18: Change detected [0]: t=Modified path=/main/java/com/senpai/items/ItemChip.java
2018-04-04 00:24:18: Change detected [1]: t=Created path=/main/java/com/senpai/blocks/BlockTinBlock.java
2018-04-04 00:24:18: Change detected [1]: t=Created path=/main/java/com/senpai/blocks/BlockBreaker.java
2018-04-04 00:24:19: Change detected [1]: t=Created path=/main/java/com/senpai/blocks/BlockEnergyCell.java
2018-04-04 00:24:19: Change detected [1]: t=MovedFrom path=/main/java/com/senpai/blocks/BlockMachineFrame.java
2018-04-04 00:24:19: Change detected [1]: t=Modified path=/main/java/com/senpai/blocks/BlockMachine.java
2018-04-04 00:24:19: Change detected [1]: t=MovedFrom path=/main/java/com/senpai/blocks/BlockBreaker.java
2018-04-04 00:24:19: Change detected [1]: t=Created path=/main/java/com/senpai/blocks/BlockMachine.java
2018-04-04 00:24:19: Change detected [1]: t=MovedFrom path=/main/java/com/senpai/objects/blocks/BlockTinBlock.java
2018-04-04 00:24:19: Change detected [1]: t=MovedFrom path=/main/java/com/senpai/objects/blocks/BlockMachine.java
2018-04-04 00:24:19: Change detected [1]: t=MovedFrom path=/main/java/com/senpai/objects/blocks/BlockEnergyCell.java
2018-04-04 00:24:20: Copy New 'S:/Documents/MinecraftModding/xcraftmod/src/main/java/com/senpai/blocks/BlockEnergyCell.java' -> 'gdrive://www.googleapis.com/Good Sync/Eclips Projects/Moding Minecraft 1.12.2/Application/main/java/com/senpai/blocks/BlockEnergyCell.java' (7685)
2018-04-04 00:24:20: Copy Over 'S:/Documents/MinecraftModding/xcraftmod/src/main/java/com/senpai/objects/items/ItemChip.java' -> 'gdrive://www.googleapis.com/Good Sync/Eclips Projects/Moding Minecraft 1.12.2/Application/main/java/com/senpai/objects/items/ItemChip.java' (2353)
- ERROR: Copying file: Cannot open local file 'S:/Documents/MinecraftModding/xcraftmod/src/main/java/com/senpai/objects/items/ItemChip.java' for read: The system cannot find the file specified.  (error 2)
2018-04-04 00:24:20: Copy Over 'S:/Documents/MinecraftModding/xcraftmod/src/main/java/com/senpai/blocks/BlockBreaker.java' -> 'gdrive://www.googleapis.com/Good Sync/Eclips Projects/Moding Minecraft 1.12.2/Application/main/java/com/senpai/blocks/BlockBreaker.java' (6756)
2018-04-04 00:24:20: Copy New 'S:/Documents/MinecraftModding/xcraftmod/src/main/java/com/senpai/blocks/BlockTinBlock.java' -> 'gdrive://www.googleapis.com/Good Sync/Eclips Projects/Moding Minecraft 1.12.2/Application/main/java/com/senpai/blocks/BlockTinBlock.java' (633)
2018-04-04 00:24:22: Copy Over 'S:/Documents/MinecraftModding/xcraftmod/src/main/java/com/senpai/blocks/BlockMachineFrame.java' -> 'gdrive://www.googleapis.com/Good Sync/Eclips Projects/Moding Minecraft 1.12.2/Application/main/java/com/senpai/blocks/BlockMachineFrame.java' (1216)
2018-04-04 00:24:22: Save State File S:/Documents/MinecraftModding/xcraftmod/src/_gsdata_/_file_state_v4._gs
2018-04-04 00:24:23: Save State File gdrive://www.googleapis.com/Good Sync/Eclips Projects/Moding Minecraft 1.12.2/Application/_gsdata_/_file_state_v4._gs
2018-04-04 00:24:23: Sync finished with 1 errors. Click Errors button to see sync errors
2018-04-04 00:24:23: Cleanup recycled files in S:/Documents/MinecraftModding/xcraftmod/src/_gsdata_/_saved_
2018-04-04 00:24:23: Load Recycled DB: S:/Documents/MinecraftModding/xcraftmod/src/_gsdata_/_recycled_db._gs
2018-04-04 00:24:24: Deleted old log file C:/Users/Senpai/AppData/Roaming/GoodSync/_mirrors_/file-=Data Storage-Documents-MinecraftModding-xcraftmod-src/2018-0328-002339-SENPAI_DESKTOP-Runner-Mod Sync.log
2018-04-04 00:24:24: Deleted old log file C:/Users/Senpai/AppData/Roaming/GoodSync/_mirrors_/file-=Data Storage-Documents-MinecraftModding-xcraftmod-src/2018-0328-002403-SENPAI_DESKTOP-Runner-Mod Sync.log
2018-04-04 00:24:24: Cleanup old logs in S:/Documents/MinecraftModding/xcraftmod/src/_gsdata_
2018-04-04 00:24:24: Delete log file S:/Documents/MinecraftModding/xcraftmod/src/_gsdata_/2018-0328-002339-SENPAI_DESKTOP-Runner-Mod Sync.log
2018-04-04 00:24:24: Cleanup recycled files in gdrive://www.googleapis.com/Good Sync/Eclips Projects/Moding Minecraft 1.12.2/Application/_gsdata_/_saved_
2018-04-04 00:24:24: Save Recycled DB: gdrive://www.googleapis.com/Good Sync/Eclips Projects/Moding Minecraft 1.12.2/Application/_gsdata_/_recycled_db._gs
2018-04-04 00:24:24: Deleted old log file C:/Users/Senpai/AppData/Roaming/GoodSync/_mirrors_/gdrive-Wicky_Gustave-0AGIAX4LCOy-XUk9PVA@www.googleapis.com-Good Sync-Eclips Projects-Moding Minecraft 1.12.2-Application/2018-0328-002339-SENPAI_DESKTOP-Runner-Mod Sync.log
2018-04-04 00:24:24: Deleted old log file C:/Users/Senpai/AppData/Roaming/GoodSync/_mirrors_/gdrive-Wicky_Gustave-0AGIAX4LCOy-XUk9PVA@www.googleapis.com-Good Sync-Eclips Projects-Moding Minecraft 1.12.2-Application/2018-0328-002403-SENPAI_DESKTOP-Runner-Mod Sync.log
2018-04-04 00:24:24: Cleanup old logs in gdrive://www.googleapis.com/Good Sync/Eclips Projects/Moding Minecraft 1.12.2/Application/_gsdata_
2018-04-04 00:24:25: Delete log file gdrive://www.googleapis.com/Good Sync/Eclips Projects/Moding Minecraft 1.12.2/Application/_gsdata_/2018-0328-002339-SENPAI_DESKTOP-Runner-Mod Sync.log
2018-04-04 00:24:25: == Sync Complete. Time: 00:00:16, Speed: 5.15 KB/s, OK: 8, Errors: 1
2018-04-04 00:24:25: Deleted lock file S:/Documents/MinecraftModding/xcraftmod/src/_gsdata_/lock.gsl
2018-04-04 00:24:26: Deleted lock file gdrive://www.googleapis.com/Good Sync/Eclips Projects/Moding Minecraft 1.12.2/Application/_gsdata_/lock.gsl
2018-04-04 00:24:26: 
