2018-04-03 23:42:01: Change detected [0]: t=Modified path=/main/java/com/senpai/config/Config.java
2018-04-03 23:42:01: Change detected [0]: t=Modified path=/main/java/com/senpai/config/Config.java
2018-04-03 23:42:02: Connected to S:\Documents\MinecraftModding\xcraftmod\src: S: NTFS: type=NTFS vol=Data Storage flags=3E706FF
2018-04-03 23:42:02: Connected to gdrive://www.googleapis.com/Good Sync/Eclips Projects/Moding Minecraft 1.12.2/Application
2018-04-03 23:42:02: Incremental Analyze for On File Change
2018-04-03 23:42:02: -- Analysis Started by On File Change, After Delay, Under Runner
2018-04-03 23:42:02: Mod Sync: ANALYSIS started by On File Change, After Delay, Under Runner on 'SENPAI_DESKTOP' (GoodSync 10.8.1.1)
2018-04-03 23:42:02: =Data Storage:\Documents\MinecraftModding\xcraftmod\src (S:/Documents/MinecraftModding/xcraftmod/src) [TmpDest] <-> gdrive://www.googleapis.com/Good Sync/Eclips Projects/Moding Minecraft 1.12.2/Application [DirDest], RecycleTo_RecycleBin, SaveDays_RecycleBin=30d, ReconnectSecs=120, SyncWorkerThreads=99, OnFileChange Delay=5, Unattended, WaitForLocksMin=20, ResolveConflicts=NewerFileWins, AutoClear, LinksIgnore
2018-04-03 23:42:02: Exclude Hidden, Exclude System, Exclude name *._gstmp|/System Volume Information|Thumbs.db|.DS_Store 
2018-04-03 23:42:02: Locking folder S:/Documents/MinecraftModding/xcraftmod/src for write
2018-04-03 23:42:02: Change Analyzed: S:/Documents/MinecraftModding/xcraftmod/src/main/java/com/senpai/config/BoeConfig.java
2018-04-03 23:42:02: Change Analyzed: S:/Documents/MinecraftModding/xcraftmod/src/main/java/com/senpai/config/Config.java
2018-04-03 23:42:02: Change Analyzed: S:/Documents/MinecraftModding/xcraftmod/src/main/java/com/senpai/config/BoeConfigGuiFactory.java
2018-04-03 23:42:02: Change Analyzed: S:/Documents/MinecraftModding/xcraftmod/src/main/java/com/senpai/config/ConfigGuiFactory.java
2018-04-03 23:42:02: Change Analyzed: S:/Documents/MinecraftModding/xcraftmod/src/main/java/com/senpai/config/Config.java
2018-04-03 23:42:02: Change Analyzed: S:/Documents/MinecraftModding/xcraftmod/src/main/java/com/senpai/config/Config.java
2018-04-03 23:42:02: Change Analyzed: S:/Documents/MinecraftModding/xcraftmod/src/main/java/com/senpai/config/BoeConfig.java
2018-04-03 23:42:02: Locking folder gdrive://www.googleapis.com/Good Sync/Eclips Projects/Moding Minecraft 1.12.2/Application for write
2018-04-03 23:42:04: Change Analyzed: gdrive://www.googleapis.com/Good Sync/Eclips Projects/Moding Minecraft 1.12.2/Application/main/java/com/senpai/config/BoeConfigGuiFactory.java
2018-04-03 23:42:04: Change Analyzed: gdrive://www.googleapis.com/Good Sync/Eclips Projects/Moding Minecraft 1.12.2/Application/main/java/com/senpai/config/BoeConfigGuiFactory.java
2018-04-03 23:42:04: Change Analyzed: gdrive://www.googleapis.com/Good Sync/Eclips Projects/Moding Minecraft 1.12.2/Application/main/java/com/senpai/config
2018-04-03 23:42:04: Change Analyzed: gdrive://www.googleapis.com/Good Sync/Eclips Projects/Moding Minecraft 1.12.2/Application/main/java/com/senpai/config/BoeConfig.java
2018-04-03 23:42:05: On disk file:///S: space required for sync is 0 bytes, you have 1.25 TB
2018-04-03 23:42:05: On disk gdrive://www.googleapis.com space required for sync is 5.00 KB, you have 12.4 GB
2018-04-03 23:42:05: Changes: 3, Conflicts: 0, CopyTime: 0, FixState: 1, Errors: 0, All: 22140
2018-04-03 23:42:05: Left to Right: Copy File: 1 Rename/Move File/Folder: 2 
2018-04-03 23:42:05: -- Analysis Complete. Time 00:00:04, Speed: 106 files/s
2018-04-03 23:42:05: == Sync Started by On File Change, After Delay, Under Runner
2018-04-03 23:42:05: Mod Sync: SYNC started by On File Change, After Delay, Under Runner on 'SENPAI_DESKTOP'
2018-04-03 23:42:05: =Data Storage:\Documents\MinecraftModding\xcraftmod\src (S:/Documents/MinecraftModding/xcraftmod/src) [TmpDest] <-> gdrive://www.googleapis.com/Good Sync/Eclips Projects/Moding Minecraft 1.12.2/Application [DirDest], RecycleTo_RecycleBin, SaveDays_RecycleBin=30d, ReconnectSecs=120, SyncWorkerThreads=99, OnFileChange Delay=5, Unattended, WaitForLocksMin=20, ResolveConflicts=NewerFileWins, AutoClear, LinksIgnore
2018-04-03 23:42:05: Sync State Merge: /main/java/com/senpai/config/BoeConfig.java
2018-04-03 23:42:05: File Systems limited number of parallel threads to 20
2018-04-03 23:42:05: Start only 3 threads, limited by tasks to run
2018-04-03 23:42:06: Move File gdrive://www.googleapis.com/Good Sync/Eclips Projects/Moding Minecraft 1.12.2/Application/main/java/com/senpai/config/BoeConfigGuiFactory.java -> gdrive://www.googleapis.com/Good Sync/Eclips Projects/Moding Minecraft 1.12.2/Application/main/java/com/senpai/config/ConfigGuiFactory.java
2018-04-03 23:42:07: Copy New 'S:/Documents/MinecraftModding/xcraftmod/src/main/java/com/senpai/config/Config.java' -> 'gdrive://www.googleapis.com/Good Sync/Eclips Projects/Moding Minecraft 1.12.2/Application/main/java/com/senpai/config/Config.java' (4422)
2018-04-03 23:42:07: Change detected [0]: t=Modified path=/main/java/com/senpai/config/ConfigGuiFactory.java
2018-04-03 23:42:07: Change detected [0]: t=Modified path=/main/java/com/senpai/config/ConfigGuiFactory.java
2018-04-03 23:42:08: Save State File S:/Documents/MinecraftModding/xcraftmod/src/_gsdata_/_file_state_v4._gs
2018-04-03 23:42:09: Save State File gdrive://www.googleapis.com/Good Sync/Eclips Projects/Moding Minecraft 1.12.2/Application/_gsdata_/_file_state_v4._gs
2018-04-03 23:42:09: Cleanup recycled files in S:/Documents/MinecraftModding/xcraftmod/src/_gsdata_/_saved_
2018-04-03 23:42:09: Load Recycled DB: S:/Documents/MinecraftModding/xcraftmod/src/_gsdata_/_recycled_db._gs
2018-04-03 23:42:09: Cleanup old logs in S:/Documents/MinecraftModding/xcraftmod/src/_gsdata_
2018-04-03 23:42:09: Cleanup recycled files in gdrive://www.googleapis.com/Good Sync/Eclips Projects/Moding Minecraft 1.12.2/Application/_gsdata_/_saved_
2018-04-03 23:42:10: Load Recycled DB: gdrive://www.googleapis.com/Good Sync/Eclips Projects/Moding Minecraft 1.12.2/Application/_gsdata_/_recycled_db._gs
2018-04-03 23:42:10: Cleanup old logs in gdrive://www.googleapis.com/Good Sync/Eclips Projects/Moding Minecraft 1.12.2/Application/_gsdata_
2018-04-03 23:42:10: == Sync Complete. Time: 00:00:05, Speed: 11.0 KB/s, OK: 4, Errors: 0
2018-04-03 23:42:10: Unlocking folder S:/Documents/MinecraftModding/xcraftmod/src/_gsdata_/lock.gsl
2018-04-03 23:42:10: Unlocking folder gdrive://www.googleapis.com/Good Sync/Eclips Projects/Moding Minecraft 1.12.2/Application/_gsdata_/lock.gsl
2018-04-03 23:42:11: 
