2018-04-03 22:47:02: Change detected [0]: t=Modified path=/main/java/com/senpai/objects/blocks/BlockBeacon.java
2018-04-03 22:47:02: Change detected [0]: t=Modified path=/main/java/com/senpai/objects/blocks/BlockBeacon.java
2018-04-03 22:47:02: Change detected [0]: t=Modified path=/main/java/com/senpai/init/BlockInit.java
2018-04-03 22:47:02: Change detected [0]: t=Modified path=/main/java/com/senpai/init/BlockInit.java
2018-04-03 22:47:02: Change detected [0]: t=Deleted path=/main/java/com/senpai/objects/blocks/BlockBeacon.java
2018-04-03 22:47:02: Change detected [0]: t=Created path=/main/java/com/senpai/blocks/BlockBeacon.java
2018-04-03 22:47:02: Change detected [0]: t=Modified path=/main/java/com/senpai/blocks/BlockBeacon.java
2018-04-03 22:47:02: Change detected [0]: t=Modified path=/main/java/com/senpai/blocks/BlockBeacon.java
2018-04-03 22:47:03: Connected to S:\Documents\MinecraftModding\xcraftmod\src: S: NTFS: type=NTFS vol=Data Storage flags=3E706FF
2018-04-03 22:47:03: Connected to gdrive://www.googleapis.com/Good Sync/Eclips Projects/Moding Minecraft 1.12.2/Application
2018-04-03 22:47:03: Incremental Analyze for On File Change
2018-04-03 22:47:04: -- Analysis Started by On File Change, After Delay, Under Runner
2018-04-03 22:47:04: Mod Sync: ANALYSIS started by On File Change, After Delay, Under Runner on 'SENPAI_DESKTOP' (GoodSync 10.8.1.1)
2018-04-03 22:47:04: =Data Storage:\Documents\MinecraftModding\xcraftmod\src (S:/Documents/MinecraftModding/xcraftmod/src) [TmpDest] <-> gdrive://www.googleapis.com/Good Sync/Eclips Projects/Moding Minecraft 1.12.2/Application [DirDest], RecycleTo_RecycleBin, SaveDays_RecycleBin=30d, ReconnectSecs=120, SyncWorkerThreads=99, OnFileChange Delay=5, Unattended, WaitForLocksMin=20, ResolveConflicts=NewerFileWins, AutoClear, LinksIgnore
2018-04-03 22:47:04: Exclude Hidden, Exclude System, Exclude name *._gstmp|/System Volume Information|Thumbs.db|.DS_Store 
2018-04-03 22:47:04: Locking folder S:/Documents/MinecraftModding/xcraftmod/src for write
2018-04-03 22:47:04: Change Analyzed: S:/Documents/MinecraftModding/xcraftmod/src/main/java/com/senpai/objects/blocks/BlockBeacon.java
2018-04-03 22:47:04: Change Analyzed: S:/Documents/MinecraftModding/xcraftmod/src/main/java/com/senpai/objects/blocks/BlockBeacon.java
2018-04-03 22:47:04: Change Analyzed: S:/Documents/MinecraftModding/xcraftmod/src/main/java/com/senpai/init/BlockInit.java
2018-04-03 22:47:04: Change Analyzed: S:/Documents/MinecraftModding/xcraftmod/src/main/java/com/senpai/init/BlockInit.java
2018-04-03 22:47:04: Change Analyzed: S:/Documents/MinecraftModding/xcraftmod/src/main/java/com/senpai/objects/blocks/BlockTeleporter.java
2018-04-03 22:47:04: Change Analyzed: S:/Documents/MinecraftModding/xcraftmod/src/main/java/com/senpai/objects/blocks/BlockTeleporter.java
2018-04-03 22:47:04: Change Analyzed: S:/Documents/MinecraftModding/xcraftmod/src/main/java/com/senpai/objects/blocks/BlockTinBlock.java
2018-04-03 22:47:04: Change Analyzed: S:/Documents/MinecraftModding/xcraftmod/src/main/java/com/senpai/objects/blocks/BlockTinBlock.java
2018-04-03 22:47:04: Change Analyzed: S:/Documents/MinecraftModding/xcraftmod/src/main/java/com/senpai/objects/blocks/BlockBase.java
2018-04-03 22:47:04: Change Analyzed: S:/Documents/MinecraftModding/xcraftmod/src/main/java/com/senpai/blocks/BlockBase.java
2018-04-03 22:47:04: Change Analyzed: S:/Documents/MinecraftModding/xcraftmod/src/main/java/com/senpai/blocks/BlockBase.java
2018-04-03 22:47:04: Change Analyzed: S:/Documents/MinecraftModding/xcraftmod/src/main/java/com/senpai/blocks/BlockBase.java
2018-04-03 22:47:04: Change Analyzed: S:/Documents/MinecraftModding/xcraftmod/src/main/java/com/senpai/blocks/BlockBase.java
2018-04-03 22:47:04: Change Analyzed: S:/Documents/MinecraftModding/xcraftmod/src/main/java/com/senpai/objects/blocks/BlockBeacon.java
2018-04-03 22:47:04: Change Analyzed: S:/Documents/MinecraftModding/xcraftmod/src/main/java/com/senpai/objects/blocks/BlockBeacon.java
2018-04-03 22:47:04: Change Analyzed: S:/Documents/MinecraftModding/xcraftmod/src/main/java/com/senpai/objects/blocks/BlockBeacon.java
2018-04-03 22:47:04: Change Analyzed: S:/Documents/MinecraftModding/xcraftmod/src/main/java/com/senpai/init/BlockInit.java
2018-04-03 22:47:04: Change Analyzed: S:/Documents/MinecraftModding/xcraftmod/src/main/java/com/senpai/init/BlockInit.java
2018-04-03 22:47:04: Change Analyzed: S:/Documents/MinecraftModding/xcraftmod/src/main/java/com/senpai/objects/blocks/BlockBeacon.java
2018-04-03 22:47:04: Change Analyzed: S:/Documents/MinecraftModding/xcraftmod/src/main/java/com/senpai/blocks/BlockBeacon.java
2018-04-03 22:47:04: Change Analyzed: S:/Documents/MinecraftModding/xcraftmod/src/main/java/com/senpai/blocks/BlockBeacon.java
2018-04-03 22:47:04: Change Analyzed: S:/Documents/MinecraftModding/xcraftmod/src/main/java/com/senpai/blocks/BlockBeacon.java
2018-04-03 22:47:04: Locking folder gdrive://www.googleapis.com/Good Sync/Eclips Projects/Moding Minecraft 1.12.2/Application for write
2018-04-03 22:47:05: Change detected [0]: t=Modified path=/main/java/com/senpai/blocks/BlockBeacon.java
2018-04-03 22:47:05: On disk file:///S: space required for sync is 0 bytes, you have 1.25 TB
2018-04-03 22:47:05: On disk gdrive://www.googleapis.com space required for sync is 17.0 KB, you have 12.4 GB
2018-04-03 22:47:05: Changes: 7, Conflicts: 0, CopyTime: 0, FixState: 0, Errors: 0, All: 22112
2018-04-03 22:47:05: Left to Right: Copy File: 5 Delete File: 2 
2018-04-03 22:47:05: -- Analysis Complete. Time 00:00:03, Speed: 138 files/s
2018-04-03 22:47:05: == Sync Started by On File Change, After Delay, Under Runner
2018-04-03 22:47:05: Mod Sync: SYNC started by On File Change, After Delay, Under Runner on 'SENPAI_DESKTOP'
2018-04-03 22:47:05: =Data Storage:\Documents\MinecraftModding\xcraftmod\src (S:/Documents/MinecraftModding/xcraftmod/src) [TmpDest] <-> gdrive://www.googleapis.com/Good Sync/Eclips Projects/Moding Minecraft 1.12.2/Application [DirDest], RecycleTo_RecycleBin, SaveDays_RecycleBin=30d, ReconnectSecs=120, SyncWorkerThreads=99, OnFileChange Delay=5, Unattended, WaitForLocksMin=20, ResolveConflicts=NewerFileWins, AutoClear, LinksIgnore
2018-04-03 22:47:08: Load Recycled DB: gdrive://www.googleapis.com/Good Sync/Eclips Projects/Moding Minecraft 1.12.2/Application/_gsdata_/_recycled_db._gs
2018-04-03 22:47:08: Delete File 'gdrive://www.googleapis.com/Good Sync/Eclips Projects/Moding Minecraft 1.12.2/Application/main/java/com/senpai/objects/blocks/BlockBase.java'
2018-04-03 22:47:09: Delete File 'gdrive://www.googleapis.com/Good Sync/Eclips Projects/Moding Minecraft 1.12.2/Application/main/java/com/senpai/objects/blocks/BlockBeacon.java'
2018-04-03 22:47:09: File Systems limited number of parallel threads to 20
2018-04-03 22:47:09: Start only 5 threads, limited by tasks to run
2018-04-03 22:47:11: Copy New 'S:/Documents/MinecraftModding/xcraftmod/src/main/java/com/senpai/blocks/BlockBase.java' -> 'gdrive://www.googleapis.com/Good Sync/Eclips Projects/Moding Minecraft 1.12.2/Application/main/java/com/senpai/blocks/BlockBase.java' (4603)
2018-04-03 22:47:12: Copy New 'S:/Documents/MinecraftModding/xcraftmod/src/main/java/com/senpai/blocks/BlockBeacon.java' -> 'gdrive://www.googleapis.com/Good Sync/Eclips Projects/Moding Minecraft 1.12.2/Application/main/java/com/senpai/blocks/BlockBeacon.java' (5597)
2018-04-03 22:47:13: Change detected [1]: t=Modified path=/main/java/com/senpai/blocks/BlockBeacon.java
2018-04-03 22:47:13: Change detected [1]: t=Created path=/main/java/com/senpai/init/BlockInit.java
2018-04-03 22:47:17: Change detected [1]: t=Created path=/main/java/com/senpai/objects/blocks/BlockTeleporter.java
2018-04-03 22:47:17: Change detected [1]: t=Modified path=/main/java/com/senpai/blocks/BlockBase.java
2018-04-03 22:47:17: Change detected [1]: t=MovedFrom path=/main/java/com/senpai/objects/blocks/BlockTeleporter.java
2018-04-03 22:47:17: Change detected [1]: t=MovedFrom path=/main/java/com/senpai/init/BlockInit.java
2018-04-03 22:47:17: Change detected [1]: t=Created path=/main/java/com/senpai/blocks/BlockBeacon.java
2018-04-03 22:47:17: Change detected [1]: t=Created path=/main/java/com/senpai/blocks/BlockBase.java
2018-04-03 22:47:17: Change detected [1]: t=MovedFrom path=/main/java/com/senpai/objects/blocks/BlockBeacon.java
2018-04-03 22:47:17: Change detected [1]: t=MovedFrom path=/main/java/com/senpai/objects/blocks/BlockBase.java
2018-04-03 22:47:18: Copy Over 'S:/Documents/MinecraftModding/xcraftmod/src/main/java/com/senpai/objects/blocks/BlockTeleporter.java' -> 'gdrive://www.googleapis.com/Good Sync/Eclips Projects/Moding Minecraft 1.12.2/Application/main/java/com/senpai/objects/blocks/BlockTeleporter.java' (3032)
2018-04-03 22:47:19: Copy Over 'S:/Documents/MinecraftModding/xcraftmod/src/main/java/com/senpai/init/BlockInit.java' -> 'gdrive://www.googleapis.com/Good Sync/Eclips Projects/Moding Minecraft 1.12.2/Application/main/java/com/senpai/init/BlockInit.java' (1622)
2018-04-03 22:47:20: Copy Over 'S:/Documents/MinecraftModding/xcraftmod/src/main/java/com/senpai/objects/blocks/BlockTinBlock.java' -> 'gdrive://www.googleapis.com/Good Sync/Eclips Projects/Moding Minecraft 1.12.2/Application/main/java/com/senpai/objects/blocks/BlockTinBlock.java' (743)
2018-04-03 22:47:20: Change detected [0]: t=Modified path=/main/java/com/senpai/world/biomes/BiomeCopper.java
2018-04-03 22:47:20: Change detected [0]: t=Modified path=/main/java/com/senpai/world/biomes/BiomeCopper.java
2018-04-03 22:47:20: Change detected [0]: t=Modified path=/main/java/com/senpai/world/biomes/BiomeFoz.java
2018-04-03 22:47:20: Change detected [0]: t=Modified path=/main/java/com/senpai/world/biomes/BiomeFoz.java
2018-04-03 22:47:20: Change detected [0]: t=Modified path=/main/java/com/senpai/init/BlockInit.java
2018-04-03 22:47:20: Change detected [0]: t=Modified path=/main/java/com/senpai/init/BlockInit.java
2018-04-03 22:47:20: Change detected [0]: t=Deleted path=/main/java/com/senpai/objects/blocks/BlockDirts.java
2018-04-03 22:47:20: Change detected [0]: t=Created path=/main/java/com/senpai/blocks/BlockDirts.java
2018-04-03 22:47:20: Change detected [0]: t=Modified path=/main/java/com/senpai/blocks/BlockDirts.java
2018-04-03 22:47:20: Change detected [0]: t=Modified path=/main/java/com/senpai/blocks/BlockDirts.java
2018-04-03 22:47:20: Save State File S:/Documents/MinecraftModding/xcraftmod/src/_gsdata_/_file_state_v4._gs
2018-04-03 22:47:23: Save State File gdrive://www.googleapis.com/Good Sync/Eclips Projects/Moding Minecraft 1.12.2/Application/_gsdata_/_file_state_v4._gs
2018-04-03 22:47:23: Cleanup recycled files in S:/Documents/MinecraftModding/xcraftmod/src/_gsdata_/_saved_
2018-04-03 22:47:23: Load Recycled DB: S:/Documents/MinecraftModding/xcraftmod/src/_gsdata_/_recycled_db._gs
2018-04-03 22:47:23: Deleted old log file C:/Users/Senpai/AppData/Roaming/GoodSync/_mirrors_/file-=Data Storage-Documents-MinecraftModding-xcraftmod-src/2018-0327-224558-SENPAI_DESKTOP-Runner-Mod Sync.log
2018-04-03 22:47:23: Deleted old log file C:/Users/Senpai/AppData/Roaming/GoodSync/_mirrors_/file-=Data Storage-Documents-MinecraftModding-xcraftmod-src/2018-0327-224701-SENPAI_DESKTOP-Runner-Mod Sync.log
2018-04-03 22:47:23: Cleanup old logs in S:/Documents/MinecraftModding/xcraftmod/src/_gsdata_
2018-04-03 22:47:23: Delete log file S:/Documents/MinecraftModding/xcraftmod/src/_gsdata_/2018-0327-224701-SENPAI_DESKTOP-Runner-Mod Sync.log
2018-04-03 22:47:23: Cleanup recycled files in gdrive://www.googleapis.com/Good Sync/Eclips Projects/Moding Minecraft 1.12.2/Application/_gsdata_/_saved_
2018-04-03 22:47:24: Save Recycled DB: gdrive://www.googleapis.com/Good Sync/Eclips Projects/Moding Minecraft 1.12.2/Application/_gsdata_/_recycled_db._gs
2018-04-03 22:47:24: Deleted old log file C:/Users/Senpai/AppData/Roaming/GoodSync/_mirrors_/gdrive-Wicky_Gustave-0AGIAX4LCOy-XUk9PVA@www.googleapis.com-Good Sync-Eclips Projects-Moding Minecraft 1.12.2-Application/2018-0327-224558-SENPAI_DESKTOP-Runner-Mod Sync.log
2018-04-03 22:47:24: Deleted old log file C:/Users/Senpai/AppData/Roaming/GoodSync/_mirrors_/gdrive-Wicky_Gustave-0AGIAX4LCOy-XUk9PVA@www.googleapis.com-Good Sync-Eclips Projects-Moding Minecraft 1.12.2-Application/2018-0327-224701-SENPAI_DESKTOP-Runner-Mod Sync.log
2018-04-03 22:47:24: Cleanup old logs in gdrive://www.googleapis.com/Good Sync/Eclips Projects/Moding Minecraft 1.12.2/Application/_gsdata_
2018-04-03 22:47:25: Delete log file gdrive://www.googleapis.com/Good Sync/Eclips Projects/Moding Minecraft 1.12.2/Application/_gsdata_/2018-0327-224701-SENPAI_DESKTOP-Runner-Mod Sync.log
2018-04-03 22:47:25: == Sync Complete. Time: 00:00:20, Speed: 3.36 KB/s, OK: 7, Errors: 0
2018-04-03 22:47:25: Unlocking folder S:/Documents/MinecraftModding/xcraftmod/src/_gsdata_/lock.gsl
2018-04-03 22:47:25: Unlocking folder gdrive://www.googleapis.com/Good Sync/Eclips Projects/Moding Minecraft 1.12.2/Application/_gsdata_/lock.gsl
2018-04-03 22:47:26: 
