2018-04-02 19:34:33: Connected to S:\Documents\MinecraftModding\xcraftmod\src: S: NTFS: type=NTFS vol=Data Storage flags=3E706FF
2018-04-02 19:34:34: Connected to gdrive://www.googleapis.com/Good Sync/Eclips Projects/Moding Minecraft 1.12.2/Application
2018-04-02 19:34:34: Incremental Analyze for On File Change
2018-04-02 19:34:34: -- Analysis Started by On File Change, After Delay, Under Runner
2018-04-02 19:34:34: Mod Sync: ANALYSIS started by On File Change, After Delay, Under Runner on 'SENPAI_DESKTOP' (GoodSync 10.8.1.1)
2018-04-02 19:34:34: =Data Storage:\Documents\MinecraftModding\xcraftmod\src (S:/Documents/MinecraftModding/xcraftmod/src) [TmpDest] <-> gdrive://www.googleapis.com/Good Sync/Eclips Projects/Moding Minecraft 1.12.2/Application [DirDest], RecycleTo_RecycleBin, SaveDays_RecycleBin=30d, ReconnectSecs=120, SyncWorkerThreads=99, OnFileChange Delay=5, Unattended, WaitForLocksMin=20, ResolveConflicts=NewerFileWins, AutoClear, LinksIgnore
2018-04-02 19:34:34: Exclude Hidden, Exclude System, Exclude name *._gstmp|/System Volume Information|Thumbs.db|.DS_Store 
2018-04-02 19:34:34: Locking folder S:/Documents/MinecraftModding/xcraftmod/src for write
2018-04-02 19:34:34: Change Analyzed: S:/Documents/MinecraftModding/xcraftmod/src/main/java/com/senpai/gui/EnergyBar.java
2018-04-02 19:34:34: Change Analyzed: S:/Documents/MinecraftModding/xcraftmod/src/main/java/com/senpai/gui/EnergyBar.java
2018-04-02 19:34:34: Locking folder gdrive://www.googleapis.com/Good Sync/Eclips Projects/Moding Minecraft 1.12.2/Application for write
2018-04-02 19:34:38: On disk file:///S: space required for sync is 0 bytes, you have 1.25 TB
2018-04-02 19:34:38: On disk gdrive://www.googleapis.com space required for sync is 1.00 KB, you have 12.4 GB
2018-04-02 19:34:38: Changes: 1, Conflicts: 0, CopyTime: 0, FixState: 0, Errors: 0, All: 22040
2018-04-02 19:34:38: Left to Right: Copy File: 1 
2018-04-02 19:34:38: -- Analysis Complete. Time 00:00:06, Speed: 61 files/s
2018-04-02 19:34:38: == Sync Started by On File Change, After Delay, Under Runner
2018-04-02 19:34:38: Mod Sync: SYNC started by On File Change, After Delay, Under Runner on 'SENPAI_DESKTOP'
2018-04-02 19:34:38: =Data Storage:\Documents\MinecraftModding\xcraftmod\src (S:/Documents/MinecraftModding/xcraftmod/src) [TmpDest] <-> gdrive://www.googleapis.com/Good Sync/Eclips Projects/Moding Minecraft 1.12.2/Application [DirDest], RecycleTo_RecycleBin, SaveDays_RecycleBin=30d, ReconnectSecs=120, SyncWorkerThreads=99, OnFileChange Delay=5, Unattended, WaitForLocksMin=20, ResolveConflicts=NewerFileWins, AutoClear, LinksIgnore
2018-04-02 19:34:38: File Systems limited number of parallel threads to 20
2018-04-02 19:34:38: Start only 1 threads, limited by tasks to run
2018-04-02 19:34:39: Change detected [0]: t=Modified path=/main/java/com/senpai/gui/EnergyBar.java
2018-04-02 19:34:39: Change detected [0]: t=Modified path=/main/java/com/senpai/gui/EnergyBar.java
2018-04-02 19:34:40: Load Recycled DB: gdrive://www.googleapis.com/Good Sync/Eclips Projects/Moding Minecraft 1.12.2/Application/_gsdata_/_recycled_db._gs
2018-04-02 19:34:41: S:/Documents/MinecraftModding/xcraftmod/src/main/java/com/senpai/gui/EnergyBar.java: Source file has changed between Analyze and Sync from '[file] size=333 accu-time=2018-04-02 19:34:24 attr=Archive cktype=0' to 'size=456 time=2018-04-02 19:34:39', noted in source file state
2018-04-02 19:34:41: Copy Over 'S:/Documents/MinecraftModding/xcraftmod/src/main/java/com/senpai/gui/EnergyBar.java' -> 'gdrive://www.googleapis.com/Good Sync/Eclips Projects/Moding Minecraft 1.12.2/Application/main/java/com/senpai/gui/EnergyBar.java' (333)
2018-04-02 19:34:42: Save State File S:/Documents/MinecraftModding/xcraftmod/src/_gsdata_/_file_state_v4._gs
2018-04-02 19:34:43: Change detected [1]: t=Modified path=/main/java/com/senpai/gui/EnergyBar.java
2018-04-02 19:34:43: Change detected [1]: t=Created path=/main/java/com/senpai/gui/EnergyBar.java
2018-04-02 19:34:43: Change detected [1]: t=MovedFrom path=/main/java/com/senpai/gui/EnergyBar.java
2018-04-02 19:34:44: Save State File gdrive://www.googleapis.com/Good Sync/Eclips Projects/Moding Minecraft 1.12.2/Application/_gsdata_/_file_state_v4._gs
2018-04-02 19:34:44: Cleanup recycled files in S:/Documents/MinecraftModding/xcraftmod/src/_gsdata_/_saved_
2018-04-02 19:34:44: Load Recycled DB: S:/Documents/MinecraftModding/xcraftmod/src/_gsdata_/_recycled_db._gs
2018-04-02 19:34:44: Deleted old log file C:/Users/Senpai/AppData/Roaming/GoodSync/_mirrors_/file-=Data Storage-Documents-MinecraftModding-xcraftmod-src/2018-0326-193409-SENPAI_DESKTOP-Runner-Mod Sync.log
2018-04-02 19:34:44: Cleanup old logs in S:/Documents/MinecraftModding/xcraftmod/src/_gsdata_
2018-04-02 19:34:44: Delete log file S:/Documents/MinecraftModding/xcraftmod/src/_gsdata_/2018-0326-193409-SENPAI_DESKTOP-Runner-Mod Sync.log
2018-04-02 19:34:44: Cleanup recycled files in gdrive://www.googleapis.com/Good Sync/Eclips Projects/Moding Minecraft 1.12.2/Application/_gsdata_/_saved_
2018-04-02 19:34:45: Save Recycled DB: gdrive://www.googleapis.com/Good Sync/Eclips Projects/Moding Minecraft 1.12.2/Application/_gsdata_/_recycled_db._gs
2018-04-02 19:34:45: Deleted old log file C:/Users/Senpai/AppData/Roaming/GoodSync/_mirrors_/gdrive-Wicky_Gustave-0AGIAX4LCOy-XUk9PVA@www.googleapis.com-Good Sync-Eclips Projects-Moding Minecraft 1.12.2-Application/2018-0326-193409-SENPAI_DESKTOP-Runner-Mod Sync.log
2018-04-02 19:34:45: Deleted old log file C:/Users/Senpai/AppData/Roaming/GoodSync/_mirrors_/gdrive-Wicky_Gustave-0AGIAX4LCOy-XUk9PVA@www.googleapis.com-Good Sync-Eclips Projects-Moding Minecraft 1.12.2-Application/2018-0326-193439-SENPAI_DESKTOP-Runner-Mod Sync.log
2018-04-02 19:34:45: Cleanup old logs in gdrive://www.googleapis.com/Good Sync/Eclips Projects/Moding Minecraft 1.12.2/Application/_gsdata_
2018-04-02 19:34:45: Delete log file gdrive://www.googleapis.com/Good Sync/Eclips Projects/Moding Minecraft 1.12.2/Application/_gsdata_/2018-0326-193409-SENPAI_DESKTOP-Runner-Mod Sync.log
2018-04-02 19:34:46: == Sync Complete. Time: 00:00:08, Speed: 757 bytes/s, OK: 1, Errors: 0
2018-04-02 19:34:46: Unlocking folder S:/Documents/MinecraftModding/xcraftmod/src/_gsdata_/lock.gsl
2018-04-02 19:34:46: Unlocking folder gdrive://www.googleapis.com/Good Sync/Eclips Projects/Moding Minecraft 1.12.2/Application/_gsdata_/lock.gsl
2018-04-02 19:34:47: 
