2018-04-03 23:39:32: Connected to S:\Documents\MinecraftModding\xcraftmod\src: S: NTFS: type=NTFS vol=Data Storage flags=3E706FF
2018-04-03 23:39:32: Connected to gdrive://www.googleapis.com/Good Sync/Eclips Projects/Moding Minecraft 1.12.2/Application
2018-04-03 23:39:32: Incremental Analyze for On File Change
2018-04-03 23:39:32: -- Analysis Started by On File Change, After Delay, Under Runner
2018-04-03 23:39:32: Mod Sync: ANALYSIS started by On File Change, After Delay, Under Runner on 'SENPAI_DESKTOP' (GoodSync 10.8.1.1)
2018-04-03 23:39:32: =Data Storage:\Documents\MinecraftModding\xcraftmod\src (S:/Documents/MinecraftModding/xcraftmod/src) [TmpDest] <-> gdrive://www.googleapis.com/Good Sync/Eclips Projects/Moding Minecraft 1.12.2/Application [DirDest], RecycleTo_RecycleBin, SaveDays_RecycleBin=30d, ReconnectSecs=120, SyncWorkerThreads=99, OnFileChange Delay=5, Unattended, WaitForLocksMin=20, ResolveConflicts=NewerFileWins, AutoClear, LinksIgnore
2018-04-03 23:39:32: Exclude Hidden, Exclude System, Exclude name *._gstmp|/System Volume Information|Thumbs.db|.DS_Store 
2018-04-03 23:39:32: Locking folder S:/Documents/MinecraftModding/xcraftmod/src for write
2018-04-03 23:39:32: Change Analyzed: S:/Documents/MinecraftModding/xcraftmod/src/main/java/com/senpai/init/GuiEnergyCell.java
2018-04-03 23:39:32: Change Analyzed: S:/Documents/MinecraftModding/xcraftmod/src/main/java/com/senpai/init/GuiEnergyCell.java
2018-04-03 23:39:32: Change Analyzed: S:/Documents/MinecraftModding/xcraftmod/src/main/java/com/senpai/init/GuiEnergyCell.java
2018-04-03 23:39:32: Change Analyzed: S:/Documents/MinecraftModding/xcraftmod/src/main/java/com/senpai/init/GuiHandler.java
2018-04-03 23:39:32: Change Analyzed: S:/Documents/MinecraftModding/xcraftmod/src/main/java/com/senpai/init/GuiHandler.java
2018-04-03 23:39:32: Change Analyzed: S:/Documents/MinecraftModding/xcraftmod/src/main/java/com/senpai/init/GuiHandler.java
2018-04-03 23:39:32: Change Analyzed: S:/Documents/MinecraftModding/xcraftmod/src/main/java/com/senpai/init/ProgressBar.java
2018-04-03 23:39:32: Change Analyzed: S:/Documents/MinecraftModding/xcraftmod/src/main/java/com/senpai/init/ProgressBar.java
2018-04-03 23:39:32: Change Analyzed: S:/Documents/MinecraftModding/xcraftmod/src/main/java/com/senpai/init/ProgressBar.java
2018-04-03 23:39:32: Change Analyzed: S:/Documents/MinecraftModding/xcraftmod/src/main/java/com/senpai/init/ProgressBar.java
2018-04-03 23:39:32: Change Analyzed: S:/Documents/MinecraftModding/xcraftmod/src/main/java/com/senpai/init/GuiBlockBreaker.java
2018-04-03 23:39:32: Change Analyzed: S:/Documents/MinecraftModding/xcraftmod/src/main/java/com/senpai/init/GuiBlockBreaker.java
2018-04-03 23:39:32: Change Analyzed: S:/Documents/MinecraftModding/xcraftmod/src/main/java/com/senpai/init/GuiBlockBreaker.java
2018-04-03 23:39:32: Change Analyzed: S:/Documents/MinecraftModding/xcraftmod/src/main/java/com/senpai/init/ProgressBar.java
2018-04-03 23:39:32: Locking folder gdrive://www.googleapis.com/Good Sync/Eclips Projects/Moding Minecraft 1.12.2/Application for write
2018-04-03 23:39:34: On disk file:///S: space required for sync is 0 bytes, you have 1.25 TB
2018-04-03 23:39:34: On disk gdrive://www.googleapis.com space required for sync is 13.0 KB, you have 12.4 GB
2018-04-03 23:39:34: Changes: 4, Conflicts: 0, CopyTime: 0, FixState: 0, Errors: 0, All: 22133
2018-04-03 23:39:34: Left to Right: Copy File: 4 
2018-04-03 23:39:34: -- Analysis Complete. Time 00:00:03, Speed: 141 files/s
2018-04-03 23:39:34: == Sync Started by On File Change, After Delay, Under Runner
2018-04-03 23:39:34: Mod Sync: SYNC started by On File Change, After Delay, Under Runner on 'SENPAI_DESKTOP'
2018-04-03 23:39:34: =Data Storage:\Documents\MinecraftModding\xcraftmod\src (S:/Documents/MinecraftModding/xcraftmod/src) [TmpDest] <-> gdrive://www.googleapis.com/Good Sync/Eclips Projects/Moding Minecraft 1.12.2/Application [DirDest], RecycleTo_RecycleBin, SaveDays_RecycleBin=30d, ReconnectSecs=120, SyncWorkerThreads=99, OnFileChange Delay=5, Unattended, WaitForLocksMin=20, ResolveConflicts=NewerFileWins, AutoClear, LinksIgnore
2018-04-03 23:39:35: File Systems limited number of parallel threads to 20
2018-04-03 23:39:35: Start only 4 threads, limited by tasks to run
2018-04-03 23:39:35: Change detected [0]: t=Deleted path=/main/java/com/senpai/init/GuiEnergyCell.java
2018-04-03 23:39:35: Change detected [0]: t=Deleted path=/main/java/com/senpai/init/GuiHandler.java
2018-04-03 23:39:35: Change detected [0]: t=Deleted path=/main/java/com/senpai/init/ProgressBar.java
2018-04-03 23:39:35: Copy New 'S:/Documents/MinecraftModding/xcraftmod/src/main/java/com/senpai/init/GuiEnergyCell.java' -> 'gdrive://www.googleapis.com/Good Sync/Eclips Projects/Moding Minecraft 1.12.2/Application/main/java/com/senpai/init/GuiEnergyCell.java' (1572)
- ERROR: Copying file: Cannot open local file 'S:/Documents/MinecraftModding/xcraftmod/src/main/java/com/senpai/init/GuiEnergyCell.java' for read: The system cannot find the file specified.  (error 2)
2018-04-03 23:39:35: Copy New 'S:/Documents/MinecraftModding/xcraftmod/src/main/java/com/senpai/init/GuiHandler.java' -> 'gdrive://www.googleapis.com/Good Sync/Eclips Projects/Moding Minecraft 1.12.2/Application/main/java/com/senpai/init/GuiHandler.java' (1830)
- ERROR: Copying file: Cannot open local file 'S:/Documents/MinecraftModding/xcraftmod/src/main/java/com/senpai/init/GuiHandler.java' for read: The system cannot find the file specified.  (error 2)
2018-04-03 23:39:35: Copy New 'S:/Documents/MinecraftModding/xcraftmod/src/main/java/com/senpai/init/ProgressBar.java' -> 'gdrive://www.googleapis.com/Good Sync/Eclips Projects/Moding Minecraft 1.12.2/Application/main/java/com/senpai/init/ProgressBar.java' (4890)
- ERROR: Copying file: Cannot open local file 'S:/Documents/MinecraftModding/xcraftmod/src/main/java/com/senpai/init/ProgressBar.java' for read: The system cannot find the file specified.  (error 2)
2018-04-03 23:39:35: Copy New 'S:/Documents/MinecraftModding/xcraftmod/src/main/java/com/senpai/init/ProgressBar.java' -> 'gdrive://www.googleapis.com/Good Sync/Eclips Projects/Moding Minecraft 1.12.2/Application/main/java/com/senpai/init/ProgressBar.java' (4890)
- ERROR: Copying file: Cannot open local file 'S:/Documents/MinecraftModding/xcraftmod/src/main/java/com/senpai/init/ProgressBar.java' for read: The system cannot find the file specified.  (error 2)
2018-04-03 23:39:36: copying mod time: GetInfo: The system cannot find the file specified.  (error 2)
2018-04-03 23:39:36: Copy New 'S:/Documents/MinecraftModding/xcraftmod/src/main/java/com/senpai/init/GuiBlockBreaker.java' -> 'gdrive://www.googleapis.com/Good Sync/Eclips Projects/Moding Minecraft 1.12.2/Application/main/java/com/senpai/init/GuiBlockBreaker.java' (4053)
2018-04-03 23:39:36: Change detected [0]: t=Deleted path=/main/java/com/senpai/init/GuiBlockBreaker.java
2018-04-03 23:39:36: Save State File S:/Documents/MinecraftModding/xcraftmod/src/_gsdata_/_file_state_v4._gs
2018-04-03 23:39:38: Save State File gdrive://www.googleapis.com/Good Sync/Eclips Projects/Moding Minecraft 1.12.2/Application/_gsdata_/_file_state_v4._gs
2018-04-03 23:39:38: Sync finished with 4 errors. Click Errors button to see sync errors
2018-04-03 23:39:38: Cleanup recycled files in S:/Documents/MinecraftModding/xcraftmod/src/_gsdata_/_saved_
2018-04-03 23:39:38: Load Recycled DB: S:/Documents/MinecraftModding/xcraftmod/src/_gsdata_/_recycled_db._gs
2018-04-03 23:39:38: Cleanup old logs in S:/Documents/MinecraftModding/xcraftmod/src/_gsdata_
2018-04-03 23:39:38: Cleanup recycled files in gdrive://www.googleapis.com/Good Sync/Eclips Projects/Moding Minecraft 1.12.2/Application/_gsdata_/_saved_
2018-04-03 23:39:39: Load Recycled DB: gdrive://www.googleapis.com/Good Sync/Eclips Projects/Moding Minecraft 1.12.2/Application/_gsdata_/_recycled_db._gs
2018-04-03 23:39:39: Cleanup old logs in gdrive://www.googleapis.com/Good Sync/Eclips Projects/Moding Minecraft 1.12.2/Application/_gsdata_
2018-04-03 23:39:39: == Sync Complete. Time: 00:00:05, Speed: 14.8 KB/s, OK: 1, Errors: 4
2018-04-03 23:39:39: Deleted lock file S:/Documents/MinecraftModding/xcraftmod/src/_gsdata_/lock.gsl
2018-04-03 23:39:40: Deleted lock file gdrive://www.googleapis.com/Good Sync/Eclips Projects/Moding Minecraft 1.12.2/Application/_gsdata_/lock.gsl
2018-04-03 23:39:40: 
