2018-04-02 23:28:46: Connected to S:\Documents\MinecraftModding\xcraftmod\src: S: NTFS: type=NTFS vol=Data Storage flags=3E706FF
2018-04-02 23:28:46: Connected to gdrive://www.googleapis.com/Good Sync/Eclips Projects/Moding Minecraft 1.12.2/Application
2018-04-02 23:28:46: Incremental Analyze for On File Change
2018-04-02 23:28:46: -- Analysis Started by On File Change, After Delay, Under Runner
2018-04-02 23:28:46: Mod Sync: ANALYSIS started by On File Change, After Delay, Under Runner on 'SENPAI_DESKTOP' (GoodSync 10.8.1.1)
2018-04-02 23:28:46: =Data Storage:\Documents\MinecraftModding\xcraftmod\src (S:/Documents/MinecraftModding/xcraftmod/src) [TmpDest] <-> gdrive://www.googleapis.com/Good Sync/Eclips Projects/Moding Minecraft 1.12.2/Application [DirDest], RecycleTo_RecycleBin, SaveDays_RecycleBin=30d, ReconnectSecs=120, SyncWorkerThreads=99, OnFileChange Delay=5, Unattended, WaitForLocksMin=20, ResolveConflicts=NewerFileWins, AutoClear, LinksIgnore
2018-04-02 23:28:46: Exclude Hidden, Exclude System, Exclude name *._gstmp|/System Volume Information|Thumbs.db|.DS_Store 
2018-04-02 23:28:46: Locking folder S:/Documents/MinecraftModding/xcraftmod/src for write
2018-04-02 23:28:46: Change Analyzed: S:/Documents/MinecraftModding/xcraftmod/src/main/java/com/senpai/commands/CommandDimensionTeleport.java
2018-04-02 23:28:46: Change Analyzed: S:/Documents/MinecraftModding/xcraftmod/src/main/java/com/senpai/commands/CommandDimensionTeleport.java
2018-04-02 23:28:47: Locking folder gdrive://www.googleapis.com/Good Sync/Eclips Projects/Moding Minecraft 1.12.2/Application for write
2018-04-02 23:28:48: Change Analyzed: gdrive://www.googleapis.com/Good Sync/Eclips Projects/Moding Minecraft 1.12.2/Application/main/java/com/senpai/commands/CommandDimensionTeleport.java
2018-04-02 23:28:48: Change Analyzed: gdrive://www.googleapis.com/Good Sync/Eclips Projects/Moding Minecraft 1.12.2/Application/main/java/com/senpai/commands/CommandDimensionTeleport.java
2018-04-02 23:28:48: Change Analyzed: gdrive://www.googleapis.com/Good Sync/Eclips Projects/Moding Minecraft 1.12.2/Application/main/java/com/senpai/commands/CommandDimensionTeleport.java
2018-04-02 23:28:49: On disk file:///S: space required for sync is 0 bytes, you have 1.25 TB
2018-04-02 23:28:49: On disk gdrive://www.googleapis.com space required for sync is 0 bytes, you have 12.4 GB
2018-04-02 23:28:49: Changes: 0, Conflicts: 0, CopyTime: 0, FixState: 1, Errors: 0, All: 22051
2018-04-02 23:28:49: -- Analysis Complete. Time 00:00:04, Speed: 94 files/s
2018-04-02 23:28:49: == Sync Started by On File Change, After Delay, Under Runner
2018-04-02 23:28:49: Mod Sync: SYNC started by On File Change, After Delay, Under Runner on 'SENPAI_DESKTOP'
2018-04-02 23:28:49: =Data Storage:\Documents\MinecraftModding\xcraftmod\src (S:/Documents/MinecraftModding/xcraftmod/src) [TmpDest] <-> gdrive://www.googleapis.com/Good Sync/Eclips Projects/Moding Minecraft 1.12.2/Application [DirDest], RecycleTo_RecycleBin, SaveDays_RecycleBin=30d, ReconnectSecs=120, SyncWorkerThreads=99, OnFileChange Delay=5, Unattended, WaitForLocksMin=20, ResolveConflicts=NewerFileWins, AutoClear, LinksIgnore
2018-04-02 23:28:49: Sync State Merge: /main/java/com/senpai/commands/CommandDimensionTeleport.java
2018-04-02 23:28:49: File Systems limited number of parallel threads to 20
2018-04-02 23:28:49: Start only 0 threads, limited by tasks to run
2018-04-02 23:28:50: Save State File S:/Documents/MinecraftModding/xcraftmod/src/_gsdata_/_file_state_v4._gs
2018-04-02 23:28:51: Change detected [0]: t=Modified path=/main/java/com/senpai/commands/CommandDimensionTeleport.java
2018-04-02 23:28:51: Change detected [0]: t=Modified path=/main/java/com/senpai/commands/CommandDimensionTeleport.java
2018-04-02 23:28:51: Save State File gdrive://www.googleapis.com/Good Sync/Eclips Projects/Moding Minecraft 1.12.2/Application/_gsdata_/_file_state_v4._gs
2018-04-02 23:28:51: Cleanup recycled files in S:/Documents/MinecraftModding/xcraftmod/src/_gsdata_/_saved_
2018-04-02 23:28:51: Load Recycled DB: S:/Documents/MinecraftModding/xcraftmod/src/_gsdata_/_recycled_db._gs
2018-04-02 23:28:51: Cleanup old logs in S:/Documents/MinecraftModding/xcraftmod/src/_gsdata_
2018-04-02 23:28:51: Cleanup recycled files in gdrive://www.googleapis.com/Good Sync/Eclips Projects/Moding Minecraft 1.12.2/Application/_gsdata_/_saved_
2018-04-02 23:28:52: Load Recycled DB: gdrive://www.googleapis.com/Good Sync/Eclips Projects/Moding Minecraft 1.12.2/Application/_gsdata_/_recycled_db._gs
2018-04-02 23:28:52: Cleanup old logs in gdrive://www.googleapis.com/Good Sync/Eclips Projects/Moding Minecraft 1.12.2/Application/_gsdata_
2018-04-02 23:28:53: == Sync Complete. Time: 00:00:04, Speed: 0 bytes/s, OK: 1, Errors: 0
2018-04-02 23:28:53: Unlocking folder S:/Documents/MinecraftModding/xcraftmod/src/_gsdata_/lock.gsl
2018-04-02 23:28:53: Unlocking folder gdrive://www.googleapis.com/Good Sync/Eclips Projects/Moding Minecraft 1.12.2/Application/_gsdata_/lock.gsl
2018-04-02 23:28:54: 
