2018-04-04 01:25:01: Connected to S:\Documents\MinecraftModding\xcraftmod\src: S: NTFS: type=NTFS vol=Data Storage flags=3E706FF
2018-04-04 01:25:01: Connected to gdrive://www.googleapis.com/Good Sync/Eclips Projects/Moding Minecraft 1.12.2/Application
2018-04-04 01:25:02: Incremental Analyze for On File Change
2018-04-04 01:25:02: -- Analysis Started by On File Change, After Delay, Under Runner
2018-04-04 01:25:02: Mod Sync: ANALYSIS started by On File Change, After Delay, Under Runner on 'SENPAI_DESKTOP' (GoodSync 10.8.1.1)
2018-04-04 01:25:02: =Data Storage:\Documents\MinecraftModding\xcraftmod\src (S:/Documents/MinecraftModding/xcraftmod/src) [TmpDest] <-> gdrive://www.googleapis.com/Good Sync/Eclips Projects/Moding Minecraft 1.12.2/Application [DirDest], RecycleTo_RecycleBin, SaveDays_RecycleBin=30d, ReconnectSecs=120, SyncWorkerThreads=99, OnFileChange Delay=5, Unattended, WaitForLocksMin=20, ResolveConflicts=NewerFileWins, AutoClear, LinksIgnore
2018-04-04 01:25:02: Exclude Hidden, Exclude System, Exclude name *._gstmp|/System Volume Information|Thumbs.db|.DS_Store 
2018-04-04 01:25:02: Locking folder S:/Documents/MinecraftModding/xcraftmod/src for write
2018-04-04 01:25:02: Change Analyzed: S:/Documents/MinecraftModding/xcraftmod/src/main/java/com/senpai/network
2018-04-04 01:25:02: Scan Newly Added Folder: S:/Documents/MinecraftModding/xcraftmod/src/main/java/com/senpai/network
2018-04-04 01:25:02: Change Analyzed: S:/Documents/MinecraftModding/xcraftmod/src/main/java/com/senpai/network/PacketGetWorker.java
2018-04-04 01:25:02: Change Analyzed: S:/Documents/MinecraftModding/xcraftmod/src/main/java/com/senpai/network/PacketGetWorker.java
2018-04-04 01:25:02: Change Analyzed: S:/Documents/MinecraftModding/xcraftmod/src/main/java/com/senpai/network/PacketGetWorker.java
2018-04-04 01:25:02: Change Analyzed: S:/Documents/MinecraftModding/xcraftmod/src/main/java/com/senpai/network/PacketGetWorker.java
2018-04-04 01:25:02: Change Analyzed: S:/Documents/MinecraftModding/xcraftmod/src/main/java/com/senpai/network/PacketHandler.java
2018-04-04 01:25:02: Change Analyzed: S:/Documents/MinecraftModding/xcraftmod/src/main/java/com/senpai/network/PacketHandler.java
2018-04-04 01:25:02: Change Analyzed: S:/Documents/MinecraftModding/xcraftmod/src/main/java/com/senpai/network/PacketHandler.java
2018-04-04 01:25:02: Change Analyzed: S:/Documents/MinecraftModding/xcraftmod/src/main/java/com/senpai/network/PacketReturnWorker.java
2018-04-04 01:25:02: Change Analyzed: S:/Documents/MinecraftModding/xcraftmod/src/main/java/com/senpai/network/PacketReturnWorker.java
2018-04-04 01:25:02: Change Analyzed: S:/Documents/MinecraftModding/xcraftmod/src/main/java/com/senpai/network/PacketReturnWorker.java
2018-04-04 01:25:02: Change Analyzed: S:/Documents/MinecraftModding/xcraftmod/src/main/java/com/senpai/network/PacketGetWorker.java
2018-04-04 01:25:02: Locking folder gdrive://www.googleapis.com/Good Sync/Eclips Projects/Moding Minecraft 1.12.2/Application for write
2018-04-04 01:25:09: On disk file:///S: space required for sync is 0 bytes, you have 1.25 TB
2018-04-04 01:25:09: On disk gdrive://www.googleapis.com space required for sync is 11.0 KB, you have 12.4 GB
2018-04-04 01:25:09: Changes: 4, Conflicts: 0, CopyTime: 0, FixState: 0, Errors: 0, All: 22190
2018-04-04 01:25:09: Left to Right: Copy File: 4 
2018-04-04 01:25:09: -- Analysis Complete. Time 00:00:09, Speed: 46 files/s
2018-04-04 01:25:09: == Sync Started by On File Change, After Delay, Under Runner
2018-04-04 01:25:09: Mod Sync: SYNC started by On File Change, After Delay, Under Runner on 'SENPAI_DESKTOP'
2018-04-04 01:25:09: =Data Storage:\Documents\MinecraftModding\xcraftmod\src (S:/Documents/MinecraftModding/xcraftmod/src) [TmpDest] <-> gdrive://www.googleapis.com/Good Sync/Eclips Projects/Moding Minecraft 1.12.2/Application [DirDest], RecycleTo_RecycleBin, SaveDays_RecycleBin=30d, ReconnectSecs=120, SyncWorkerThreads=99, OnFileChange Delay=5, Unattended, WaitForLocksMin=20, ResolveConflicts=NewerFileWins, AutoClear, LinksIgnore
2018-04-04 01:25:10: Create Folder 'gdrive://www.googleapis.com/Good Sync/Eclips Projects/Moding Minecraft 1.12.2/Application/main/java/com/senpai/network'
2018-04-04 01:25:10: File Systems limited number of parallel threads to 20
2018-04-04 01:25:10: Start only 3 threads, limited by tasks to run
2018-04-04 01:25:12: Copy New 'S:/Documents/MinecraftModding/xcraftmod/src/main/java/com/senpai/network/PacketHandler.java' -> 'gdrive://www.googleapis.com/Good Sync/Eclips Projects/Moding Minecraft 1.12.2/Application/main/java/com/senpai/network/PacketHandler.java' (1204)
2018-04-04 01:25:12: Change detected [1]: t=Modified path=/main/java/com/senpai/network/PacketReturnWorker.java
2018-04-04 01:25:13: Change detected [1]: t=Created path=/main/java/com/senpai/network/PacketReturnWorker.java
2018-04-04 01:25:13: Change detected [1]: t=Modified path=/main/java/com/senpai/network/PacketHandler.java
2018-04-04 01:25:13: Change detected [1]: t=Created path=/main/java/com/senpai/network/PacketHandler.java
2018-04-04 01:25:13: Change detected [1]: t=Created path=/main/java/com/senpai/network/PacketGetWorker.java
2018-04-04 01:25:13: Change detected [1]: t=Created path=/main/java/com/senpai/network
2018-04-04 01:25:13: Copy New 'S:/Documents/MinecraftModding/xcraftmod/src/main/java/com/senpai/network/PacketReturnWorker.java' -> 'gdrive://www.googleapis.com/Good Sync/Eclips Projects/Moding Minecraft 1.12.2/Application/main/java/com/senpai/network/PacketReturnWorker.java' (4046)
2018-04-04 01:25:14: Copy New 'S:/Documents/MinecraftModding/xcraftmod/src/main/java/com/senpai/network/PacketGetWorker.java' -> 'gdrive://www.googleapis.com/Good Sync/Eclips Projects/Moding Minecraft 1.12.2/Application/main/java/com/senpai/network/PacketGetWorker.java' (4851)
2018-04-04 01:25:14: Save State File S:/Documents/MinecraftModding/xcraftmod/src/_gsdata_/_file_state_v4._gs
2018-04-04 01:25:15: Save State File gdrive://www.googleapis.com/Good Sync/Eclips Projects/Moding Minecraft 1.12.2/Application/_gsdata_/_file_state_v4._gs
2018-04-04 01:25:16: Cleanup recycled files in S:/Documents/MinecraftModding/xcraftmod/src/_gsdata_/_saved_
2018-04-04 01:25:16: Load Recycled DB: S:/Documents/MinecraftModding/xcraftmod/src/_gsdata_/_recycled_db._gs
2018-04-04 01:25:16: Deleted old log file C:/Users/Senpai/AppData/Roaming/GoodSync/_mirrors_/file-=Data Storage-Documents-MinecraftModding-xcraftmod-src/2018-0328-012339-SENPAI_DESKTOP-Runner-Mod Sync.log
2018-04-04 01:25:16: Cleanup old logs in S:/Documents/MinecraftModding/xcraftmod/src/_gsdata_
2018-04-04 01:25:16: Cleanup recycled files in gdrive://www.googleapis.com/Good Sync/Eclips Projects/Moding Minecraft 1.12.2/Application/_gsdata_/_saved_
2018-04-04 01:25:17: Load Recycled DB: gdrive://www.googleapis.com/Good Sync/Eclips Projects/Moding Minecraft 1.12.2/Application/_gsdata_/_recycled_db._gs
2018-04-04 01:25:17: Deleted old log file C:/Users/Senpai/AppData/Roaming/GoodSync/_mirrors_/gdrive-Wicky_Gustave-0AGIAX4LCOy-XUk9PVA@www.googleapis.com-Good Sync-Eclips Projects-Moding Minecraft 1.12.2-Application/2018-0328-012339-SENPAI_DESKTOP-Runner-Mod Sync.log
2018-04-04 01:25:17: Cleanup old logs in gdrive://www.googleapis.com/Good Sync/Eclips Projects/Moding Minecraft 1.12.2/Application/_gsdata_
2018-04-04 01:25:17: == Sync Complete. Time: 00:00:08, Speed: 6.10 KB/s, OK: 4, Errors: 0
2018-04-04 01:25:17: Unlocking folder S:/Documents/MinecraftModding/xcraftmod/src/_gsdata_/lock.gsl
2018-04-04 01:25:17: Unlocking folder gdrive://www.googleapis.com/Good Sync/Eclips Projects/Moding Minecraft 1.12.2/Application/_gsdata_/lock.gsl
2018-04-04 01:25:18: 
