2018-04-03 23:40:35: Connected to S:\Documents\MinecraftModding\xcraftmod\src: S: NTFS: type=NTFS vol=Data Storage flags=3E706FF
2018-04-03 23:40:35: Connected to gdrive://www.googleapis.com/Good Sync/Eclips Projects/Moding Minecraft 1.12.2/Application
2018-04-03 23:40:35: Incremental Analyze for On File Change
2018-04-03 23:40:35: -- Analysis Started by On File Change, After Delay, Under Runner
2018-04-03 23:40:35: Mod Sync: ANALYSIS started by On File Change, After Delay, Under Runner on 'SENPAI_DESKTOP' (GoodSync 10.8.1.1)
2018-04-03 23:40:35: =Data Storage:\Documents\MinecraftModding\xcraftmod\src (S:/Documents/MinecraftModding/xcraftmod/src) [TmpDest] <-> gdrive://www.googleapis.com/Good Sync/Eclips Projects/Moding Minecraft 1.12.2/Application [DirDest], RecycleTo_RecycleBin, SaveDays_RecycleBin=30d, ReconnectSecs=120, SyncWorkerThreads=99, OnFileChange Delay=5, Unattended, WaitForLocksMin=20, ResolveConflicts=NewerFileWins, AutoClear, LinksIgnore
2018-04-03 23:40:35: Exclude Hidden, Exclude System, Exclude name *._gstmp|/System Volume Information|Thumbs.db|.DS_Store 
2018-04-03 23:40:35: Locking folder S:/Documents/MinecraftModding/xcraftmod/src for write
2018-04-03 23:40:35: Change Analyzed: S:/Documents/MinecraftModding/xcraftmod/src/main/java/com/senpai/init/GuiHandler.java
2018-04-03 23:40:35: Change Analyzed: S:/Documents/MinecraftModding/xcraftmod/src/main/java/com/senpai/init/ProgressBar.java
2018-04-03 23:40:35: Change Analyzed: S:/Documents/MinecraftModding/xcraftmod/src/main/java/com/senpai/init/GuiBlockBreaker.java
2018-04-03 23:40:35: Change Analyzed: S:/Documents/MinecraftModding/xcraftmod/src/main/java/com/senpai/init/GuiEnergyCell.java
2018-04-03 23:40:35: Change Analyzed: S:/Documents/MinecraftModding/xcraftmod/src/main/java/com/senpai/init/CapabilitiesInit.java
2018-04-03 23:40:35: Change Analyzed: S:/Documents/MinecraftModding/xcraftmod/src/main/java/com/senpai/init/ModCapabilities.java
2018-04-03 23:40:35: Change Analyzed: S:/Documents/MinecraftModding/xcraftmod/src/main/java/com/senpai/gui/ProgressBar.java
2018-04-03 23:40:35: Change Analyzed: S:/Documents/MinecraftModding/xcraftmod/src/main/java/com/senpai/gui/ProgressBar.java
2018-04-03 23:40:35: Change Analyzed: S:/Documents/MinecraftModding/xcraftmod/src/main/java/com/senpai/gui/ProgressBar.java
2018-04-03 23:40:35: Change Analyzed: S:/Documents/MinecraftModding/xcraftmod/src/main/java/com/senpai/gui/ProgressBar.java
2018-04-03 23:40:35: Change Analyzed: S:/Documents/MinecraftModding/xcraftmod/src/main/java/com/senpai/gui/GuiBlockBreaker.java
2018-04-03 23:40:35: Change Analyzed: S:/Documents/MinecraftModding/xcraftmod/src/main/java/com/senpai/gui/GuiBlockBreaker.java
2018-04-03 23:40:35: Change Analyzed: S:/Documents/MinecraftModding/xcraftmod/src/main/java/com/senpai/gui/GuiBlockBreaker.java
2018-04-03 23:40:35: Change Analyzed: S:/Documents/MinecraftModding/xcraftmod/src/main/java/com/senpai/gui/GuiHandler.java
2018-04-03 23:40:35: Change Analyzed: S:/Documents/MinecraftModding/xcraftmod/src/main/java/com/senpai/gui/GuiHandler.java
2018-04-03 23:40:35: Change Analyzed: S:/Documents/MinecraftModding/xcraftmod/src/main/java/com/senpai/gui/GuiHandler.java
2018-04-03 23:40:35: Change Analyzed: S:/Documents/MinecraftModding/xcraftmod/src/main/java/com/senpai/gui/GuiEnergyCell.java
2018-04-03 23:40:35: Change Analyzed: S:/Documents/MinecraftModding/xcraftmod/src/main/java/com/senpai/gui/GuiEnergyCell.java
2018-04-03 23:40:35: Change Analyzed: S:/Documents/MinecraftModding/xcraftmod/src/main/java/com/senpai/gui/GuiEnergyCell.java
2018-04-03 23:40:35: Change Analyzed: S:/Documents/MinecraftModding/xcraftmod/src/main/java/com/senpai/gui/ProgressBar.java
2018-04-03 23:40:35: Locking folder gdrive://www.googleapis.com/Good Sync/Eclips Projects/Moding Minecraft 1.12.2/Application for write
2018-04-03 23:40:36: Change detected [0]: t=Modified path=/main/java/com/senpai/tileEntity/TileEntityBlockBreaker.java
2018-04-03 23:40:36: Change detected [0]: t=Modified path=/main/java/com/senpai/tileEntity/TileEntityBlockBreaker.java
2018-04-03 23:40:37: Change Analyzed: gdrive://www.googleapis.com/Good Sync/Eclips Projects/Moding Minecraft 1.12.2/Application/main/java/com/senpai/init/GuiBlockBreaker.java
2018-04-03 23:40:37: /main/java/com/senpai/gui/GuiEnergyCell.java: L:TimeSize<>; Warning: Older file to replace Newer file
2018-04-03 23:40:37: /main/java/com/senpai/gui/GuiHandler.java: L:TimeSize<>; Warning: Older file to replace Newer file
2018-04-03 23:40:38: On disk file:///S: space required for sync is 0 bytes, you have 1.25 TB
2018-04-03 23:40:38: On disk gdrive://www.googleapis.com space required for sync is 13.0 KB, you have 12.4 GB
2018-04-03 23:40:38: Changes: 6, Conflicts: 0, CopyTime: 0, FixState: 0, Errors: 0, All: 22135
2018-04-03 23:40:38: Left to Right: Copy File: 4 Rename/Move File/Folder: 2 
2018-04-03 23:40:38: -- Analysis Complete. Time 00:00:04, Speed: 106 files/s
2018-04-03 23:40:38: == Sync Started by On File Change, After Delay, Under Runner
2018-04-03 23:40:38: Mod Sync: SYNC started by On File Change, After Delay, Under Runner on 'SENPAI_DESKTOP'
2018-04-03 23:40:38: =Data Storage:\Documents\MinecraftModding\xcraftmod\src (S:/Documents/MinecraftModding/xcraftmod/src) [TmpDest] <-> gdrive://www.googleapis.com/Good Sync/Eclips Projects/Moding Minecraft 1.12.2/Application [DirDest], RecycleTo_RecycleBin, SaveDays_RecycleBin=30d, ReconnectSecs=120, SyncWorkerThreads=99, OnFileChange Delay=5, Unattended, WaitForLocksMin=20, ResolveConflicts=NewerFileWins, AutoClear, LinksIgnore
2018-04-03 23:40:38: File Systems limited number of parallel threads to 20
2018-04-03 23:40:38: Start only 6 threads, limited by tasks to run
2018-04-03 23:40:40: Copy New 'S:/Documents/MinecraftModding/xcraftmod/src/main/java/com/senpai/gui/GuiBlockBreaker.java' -> 'gdrive://www.googleapis.com/Good Sync/Eclips Projects/Moding Minecraft 1.12.2/Application/main/java/com/senpai/gui/GuiBlockBreaker.java' (4053)
2018-04-03 23:40:41: Move File gdrive://www.googleapis.com/Good Sync/Eclips Projects/Moding Minecraft 1.12.2/Application/main/java/com/senpai/init/CapabilitiesInit.java -> gdrive://www.googleapis.com/Good Sync/Eclips Projects/Moding Minecraft 1.12.2/Application/main/java/com/senpai/init/ModCapabilities.java
2018-04-03 23:40:42: Load Recycled DB: gdrive://www.googleapis.com/Good Sync/Eclips Projects/Moding Minecraft 1.12.2/Application/_gsdata_/_recycled_db._gs
2018-04-03 23:40:42: Copy New 'S:/Documents/MinecraftModding/xcraftmod/src/main/java/com/senpai/gui/ProgressBar.java' -> 'gdrive://www.googleapis.com/Good Sync/Eclips Projects/Moding Minecraft 1.12.2/Application/main/java/com/senpai/gui/ProgressBar.java' (4890)
2018-04-03 23:40:44: Copy Over 'S:/Documents/MinecraftModding/xcraftmod/src/main/java/com/senpai/gui/GuiHandler.java' -> 'gdrive://www.googleapis.com/Good Sync/Eclips Projects/Moding Minecraft 1.12.2/Application/main/java/com/senpai/gui/GuiHandler.java' (1830)
2018-04-03 23:40:44: Copy Over 'S:/Documents/MinecraftModding/xcraftmod/src/main/java/com/senpai/gui/GuiEnergyCell.java' -> 'gdrive://www.googleapis.com/Good Sync/Eclips Projects/Moding Minecraft 1.12.2/Application/main/java/com/senpai/gui/GuiEnergyCell.java' (1572)
2018-04-03 23:40:44: Change detected [1]: t=Modified path=/main/java/com/senpai/gui/GuiEnergyCell.java
2018-04-03 23:40:44: Change detected [1]: t=Modified path=/main/java/com/senpai/gui/GuiHandler.java
2018-04-03 23:40:45: Save State File S:/Documents/MinecraftModding/xcraftmod/src/_gsdata_/_file_state_v4._gs
2018-04-03 23:40:45: Change detected [1]: t=Created path=/main/java/com/senpai/gui/GuiEnergyCell.java
2018-04-03 23:40:45: Change detected [1]: t=Created path=/main/java/com/senpai/gui/GuiHandler.java
2018-04-03 23:40:45: Change detected [1]: t=Modified path=/main/java/com/senpai/gui/ProgressBar.java
2018-04-03 23:40:45: Change detected [1]: t=Modified path=/main/java/com/senpai/gui/GuiBlockBreaker.java
2018-04-03 23:40:45: Change detected [1]: t=Created path=/main/java/com/senpai/gui/ProgressBar.java
2018-04-03 23:40:45: Change detected [1]: t=Modified path=/main/java/com/senpai/init/ModCapabilities.java
2018-04-03 23:40:45: Change detected [1]: t=MovedTo path=/main/java/com/senpai/init/ModCapabilities.java
2018-04-03 23:40:46: Change detected [1]: t=MovedFrom path=/main/java/com/senpai/init/CapabilitiesInit.java
2018-04-03 23:40:46: Change detected [1]: t=MovedFrom path=/main/java/com/senpai/gui/GuiHandler.java
2018-04-03 23:40:46: Change detected [1]: t=MovedFrom path=/main/java/com/senpai/gui/GuiEnergyCell.java
2018-04-03 23:40:46: Change detected [1]: t=Created path=/main/java/com/senpai/gui/GuiBlockBreaker.java
2018-04-03 23:40:47: Save State File gdrive://www.googleapis.com/Good Sync/Eclips Projects/Moding Minecraft 1.12.2/Application/_gsdata_/_file_state_v4._gs
2018-04-03 23:40:48: Cleanup recycled files in S:/Documents/MinecraftModding/xcraftmod/src/_gsdata_/_saved_
2018-04-03 23:40:48: Load Recycled DB: S:/Documents/MinecraftModding/xcraftmod/src/_gsdata_/_recycled_db._gs
2018-04-03 23:40:48: Cleanup old logs in S:/Documents/MinecraftModding/xcraftmod/src/_gsdata_
2018-04-03 23:40:48: Cleanup recycled files in gdrive://www.googleapis.com/Good Sync/Eclips Projects/Moding Minecraft 1.12.2/Application/_gsdata_/_saved_
2018-04-03 23:40:48: Save Recycled DB: gdrive://www.googleapis.com/Good Sync/Eclips Projects/Moding Minecraft 1.12.2/Application/_gsdata_/_recycled_db._gs
2018-04-03 23:40:48: Cleanup old logs in gdrive://www.googleapis.com/Good Sync/Eclips Projects/Moding Minecraft 1.12.2/Application/_gsdata_
2018-04-03 23:40:50: == Sync Complete. Time: 00:00:12, Speed: 5.88 KB/s, OK: 6, Errors: 0
2018-04-03 23:40:50: Unlocking folder S:/Documents/MinecraftModding/xcraftmod/src/_gsdata_/lock.gsl
2018-04-03 23:40:50: Unlocking folder gdrive://www.googleapis.com/Good Sync/Eclips Projects/Moding Minecraft 1.12.2/Application/_gsdata_/lock.gsl
2018-04-03 23:40:51: 
