2018-04-02 23:23:43: Connected to S:\Documents\MinecraftModding\xcraftmod\src: S: NTFS: type=NTFS vol=Data Storage flags=3E706FF
2018-04-02 23:23:43: Connected to gdrive://www.googleapis.com/Good Sync/Eclips Projects/Moding Minecraft 1.12.2/Application
2018-04-02 23:23:43: Incremental Analyze for On File Change
2018-04-02 23:23:44: -- Analysis Started by On File Change, After Delay, Under Runner
2018-04-02 23:23:44: Mod Sync: ANALYSIS started by On File Change, After Delay, Under Runner on 'SENPAI_DESKTOP' (GoodSync 10.8.1.1)
2018-04-02 23:23:44: =Data Storage:\Documents\MinecraftModding\xcraftmod\src (S:/Documents/MinecraftModding/xcraftmod/src) [TmpDest] <-> gdrive://www.googleapis.com/Good Sync/Eclips Projects/Moding Minecraft 1.12.2/Application [DirDest], RecycleTo_RecycleBin, SaveDays_RecycleBin=30d, ReconnectSecs=120, SyncWorkerThreads=99, OnFileChange Delay=5, Unattended, WaitForLocksMin=20, ResolveConflicts=NewerFileWins, AutoClear, LinksIgnore
2018-04-02 23:23:44: Exclude Hidden, Exclude System, Exclude name *._gstmp|/System Volume Information|Thumbs.db|.DS_Store 
2018-04-02 23:23:44: Locking folder S:/Documents/MinecraftModding/xcraftmod/src for write
2018-04-02 23:23:44: Change Analyzed: S:/Documents/MinecraftModding/xcraftmod/src/main/java/com/senpai/commands/CommandDimensionTeleport.java
2018-04-02 23:23:44: Change Analyzed: S:/Documents/MinecraftModding/xcraftmod/src/main/java/com/senpai/commands/CommandDimensionTeleport.java
2018-04-02 23:23:44: Locking folder gdrive://www.googleapis.com/Good Sync/Eclips Projects/Moding Minecraft 1.12.2/Application for write
2018-04-02 23:23:48: On disk file:///S: space required for sync is 0 bytes, you have 1.25 TB
2018-04-02 23:23:48: On disk gdrive://www.googleapis.com space required for sync is 2.00 KB, you have 12.4 GB
2018-04-02 23:23:48: Changes: 1, Conflicts: 0, CopyTime: 0, FixState: 0, Errors: 0, All: 22051
2018-04-02 23:23:48: Left to Right: Copy File: 1 
2018-04-02 23:23:48: -- Analysis Complete. Time 00:00:06, Speed: 62 files/s
2018-04-02 23:23:48: == Sync Started by On File Change, After Delay, Under Runner
2018-04-02 23:23:48: Mod Sync: SYNC started by On File Change, After Delay, Under Runner on 'SENPAI_DESKTOP'
2018-04-02 23:23:48: =Data Storage:\Documents\MinecraftModding\xcraftmod\src (S:/Documents/MinecraftModding/xcraftmod/src) [TmpDest] <-> gdrive://www.googleapis.com/Good Sync/Eclips Projects/Moding Minecraft 1.12.2/Application [DirDest], RecycleTo_RecycleBin, SaveDays_RecycleBin=30d, ReconnectSecs=120, SyncWorkerThreads=99, OnFileChange Delay=5, Unattended, WaitForLocksMin=20, ResolveConflicts=NewerFileWins, AutoClear, LinksIgnore
2018-04-02 23:23:48: File Systems limited number of parallel threads to 20
2018-04-02 23:23:48: Start only 1 threads, limited by tasks to run
2018-04-02 23:23:52: Load Recycled DB: gdrive://www.googleapis.com/Good Sync/Eclips Projects/Moding Minecraft 1.12.2/Application/_gsdata_/_recycled_db._gs
2018-04-02 23:23:53: Change detected [1]: t=MovedFrom path=/main/java/com/senpai/commands/CommandDimensionTeleport.java
2018-04-02 23:23:53: Copy Over 'S:/Documents/MinecraftModding/xcraftmod/src/main/java/com/senpai/commands/CommandDimensionTeleport.java' -> 'gdrive://www.googleapis.com/Good Sync/Eclips Projects/Moding Minecraft 1.12.2/Application/main/java/com/senpai/commands/CommandDimensionTeleport.java' (1836)
2018-04-02 23:23:55: Save State File S:/Documents/MinecraftModding/xcraftmod/src/_gsdata_/_file_state_v4._gs
2018-04-02 23:23:57: Save State File gdrive://www.googleapis.com/Good Sync/Eclips Projects/Moding Minecraft 1.12.2/Application/_gsdata_/_file_state_v4._gs
2018-04-02 23:23:57: Cleanup recycled files in S:/Documents/MinecraftModding/xcraftmod/src/_gsdata_/_saved_
2018-04-02 23:23:57: Load Recycled DB: S:/Documents/MinecraftModding/xcraftmod/src/_gsdata_/_recycled_db._gs
2018-04-02 23:23:58: Deleted old log file C:/Users/Senpai/AppData/Roaming/GoodSync/_mirrors_/file-=Data Storage-Documents-MinecraftModding-xcraftmod-src/2018-0326-223743-SENPAI_DESKTOP-Runner-Mod Sync.log
2018-04-02 23:23:58: Deleted old log file C:/Users/Senpai/AppData/Roaming/GoodSync/_mirrors_/file-=Data Storage-Documents-MinecraftModding-xcraftmod-src/2018-0326-223804-SENPAI_DESKTOP-Runner-Mod Sync.log
2018-04-02 23:23:58: Deleted old log file C:/Users/Senpai/AppData/Roaming/GoodSync/_mirrors_/file-=Data Storage-Documents-MinecraftModding-xcraftmod-src/2018-0326-223825-SENPAI_DESKTOP-Runner-Mod Sync.log
2018-04-02 23:23:58: Deleted old log file C:/Users/Senpai/AppData/Roaming/GoodSync/_mirrors_/file-=Data Storage-Documents-MinecraftModding-xcraftmod-src/2018-0326-223846-SENPAI_DESKTOP-Runner-Mod Sync.log
2018-04-02 23:23:58: Deleted old log file C:/Users/Senpai/AppData/Roaming/GoodSync/_mirrors_/file-=Data Storage-Documents-MinecraftModding-xcraftmod-src/2018-0326-223858-SENPAI_DESKTOP-Runner-Mod Sync.log
2018-04-02 23:23:58: Deleted old log file C:/Users/Senpai/AppData/Roaming/GoodSync/_mirrors_/file-=Data Storage-Documents-MinecraftModding-xcraftmod-src/2018-0326-223919-SENPAI_DESKTOP-Runner-Mod Sync.log
2018-04-02 23:24:00: Deleted old log file C:/Users/Senpai/AppData/Roaming/GoodSync/_mirrors_/file-=Data Storage-Documents-MinecraftModding-xcraftmod-src/2018-0326-224001-SENPAI_DESKTOP-Runner-Mod Sync.log
2018-04-02 23:24:00: Deleted old log file C:/Users/Senpai/AppData/Roaming/GoodSync/_mirrors_/file-=Data Storage-Documents-MinecraftModding-xcraftmod-src/2018-0326-224022-SENPAI_DESKTOP-Runner-Mod Sync.log
2018-04-02 23:24:00: Deleted old log file C:/Users/Senpai/AppData/Roaming/GoodSync/_mirrors_/file-=Data Storage-Documents-MinecraftModding-xcraftmod-src/2018-0326-224152-SENPAI_DESKTOP-Runner-Mod Sync.log
2018-04-02 23:24:00: Deleted old log file C:/Users/Senpai/AppData/Roaming/GoodSync/_mirrors_/file-=Data Storage-Documents-MinecraftModding-xcraftmod-src/2018-0326-224213-SENPAI_DESKTOP-Runner-Mod Sync.log
2018-04-02 23:24:00: Deleted old log file C:/Users/Senpai/AppData/Roaming/GoodSync/_mirrors_/file-=Data Storage-Documents-MinecraftModding-xcraftmod-src/2018-0326-224346-SENPAI_DESKTOP-Runner-Mod Sync.log
2018-04-02 23:24:00: Deleted old log file C:/Users/Senpai/AppData/Roaming/GoodSync/_mirrors_/file-=Data Storage-Documents-MinecraftModding-xcraftmod-src/2018-0326-224407-SENPAI_DESKTOP-Runner-Mod Sync.log
2018-04-02 23:24:00: Deleted old log file C:/Users/Senpai/AppData/Roaming/GoodSync/_mirrors_/file-=Data Storage-Documents-MinecraftModding-xcraftmod-src/2018-0326-224816-SENPAI_DESKTOP-Runner-Mod Sync.log
2018-04-02 23:24:00: Deleted old log file C:/Users/Senpai/AppData/Roaming/GoodSync/_mirrors_/file-=Data Storage-Documents-MinecraftModding-xcraftmod-src/2018-0326-224837-SENPAI_DESKTOP-Runner-Mod Sync.log
2018-04-02 23:24:00: Deleted old log file C:/Users/Senpai/AppData/Roaming/GoodSync/_mirrors_/file-=Data Storage-Documents-MinecraftModding-xcraftmod-src/2018-0326-224858-SENPAI_DESKTOP-Runner-Mod Sync.log
2018-04-02 23:24:00: Deleted old log file C:/Users/Senpai/AppData/Roaming/GoodSync/_mirrors_/file-=Data Storage-Documents-MinecraftModding-xcraftmod-src/2018-0326-225107-SENPAI_DESKTOP-Runner-Mod Sync.log
2018-04-02 23:24:00: Deleted old log file C:/Users/Senpai/AppData/Roaming/GoodSync/_mirrors_/file-=Data Storage-Documents-MinecraftModding-xcraftmod-src/2018-0326-225137-SENPAI_DESKTOP-Runner-Mod Sync.log
2018-04-02 23:24:00: Deleted old log file C:/Users/Senpai/AppData/Roaming/GoodSync/_mirrors_/file-=Data Storage-Documents-MinecraftModding-xcraftmod-src/2018-0326-225158-SENPAI_DESKTOP-Runner-Mod Sync.log
2018-04-02 23:24:00: Deleted old log file C:/Users/Senpai/AppData/Roaming/GoodSync/_mirrors_/file-=Data Storage-Documents-MinecraftModding-xcraftmod-src/2018-0326-225219-SENPAI_DESKTOP-Runner-Mod Sync.log
2018-04-02 23:24:00: Deleted old log file C:/Users/Senpai/AppData/Roaming/GoodSync/_mirrors_/file-=Data Storage-Documents-MinecraftModding-xcraftmod-src/2018-0326-225504-SENPAI_DESKTOP-Runner-Mod Sync.log
2018-04-02 23:24:00: Deleted old log file C:/Users/Senpai/AppData/Roaming/GoodSync/_mirrors_/file-=Data Storage-Documents-MinecraftModding-xcraftmod-src/2018-0326-225525-SENPAI_DESKTOP-Runner-Mod Sync.log
2018-04-02 23:24:00: Deleted old log file C:/Users/Senpai/AppData/Roaming/GoodSync/_mirrors_/file-=Data Storage-Documents-MinecraftModding-xcraftmod-src/2018-0326-225722-SENPAI_DESKTOP-Runner-Mod Sync.log
2018-04-02 23:24:00: Deleted old log file C:/Users/Senpai/AppData/Roaming/GoodSync/_mirrors_/file-=Data Storage-Documents-MinecraftModding-xcraftmod-src/2018-0326-225743-SENPAI_DESKTOP-Runner-Mod Sync.log
2018-04-02 23:24:00: Deleted old log file C:/Users/Senpai/AppData/Roaming/GoodSync/_mirrors_/file-=Data Storage-Documents-MinecraftModding-xcraftmod-src/2018-0326-225855-SENPAI_DESKTOP-Runner-Mod Sync.log
2018-04-02 23:24:00: Deleted old log file C:/Users/Senpai/AppData/Roaming/GoodSync/_mirrors_/file-=Data Storage-Documents-MinecraftModding-xcraftmod-src/2018-0326-225916-SENPAI_DESKTOP-Runner-Mod Sync.log
2018-04-02 23:24:00: Deleted old log file C:/Users/Senpai/AppData/Roaming/GoodSync/_mirrors_/file-=Data Storage-Documents-MinecraftModding-xcraftmod-src/2018-0326-230001-SENPAI_DESKTOP-Runner-Mod Sync.log
2018-04-02 23:24:00: Deleted old log file C:/Users/Senpai/AppData/Roaming/GoodSync/_mirrors_/file-=Data Storage-Documents-MinecraftModding-xcraftmod-src/2018-0326-230022-SENPAI_DESKTOP-Runner-Mod Sync.log
2018-04-02 23:24:00: Deleted old log file C:/Users/Senpai/AppData/Roaming/GoodSync/_mirrors_/file-=Data Storage-Documents-MinecraftModding-xcraftmod-src/2018-0326-230043-SENPAI_DESKTOP-Runner-Mod Sync.log
2018-04-02 23:24:00: Deleted old log file C:/Users/Senpai/AppData/Roaming/GoodSync/_mirrors_/file-=Data Storage-Documents-MinecraftModding-xcraftmod-src/2018-0326-230104-SENPAI_DESKTOP-Runner-Mod Sync.log
2018-04-02 23:24:00: Deleted old log file C:/Users/Senpai/AppData/Roaming/GoodSync/_mirrors_/file-=Data Storage-Documents-MinecraftModding-xcraftmod-src/2018-0326-230125-SENPAI_DESKTOP-Runner-Mod Sync.log
2018-04-02 23:24:00: Deleted old log file C:/Users/Senpai/AppData/Roaming/GoodSync/_mirrors_/file-=Data Storage-Documents-MinecraftModding-xcraftmod-src/2018-0326-230225-SENPAI_DESKTOP-Runner-Mod Sync.log
2018-04-02 23:24:00: Deleted old log file C:/Users/Senpai/AppData/Roaming/GoodSync/_mirrors_/file-=Data Storage-Documents-MinecraftModding-xcraftmod-src/2018-0326-230249-SENPAI_DESKTOP-Runner-Mod Sync.log
2018-04-02 23:24:00: Deleted old log file C:/Users/Senpai/AppData/Roaming/GoodSync/_mirrors_/file-=Data Storage-Documents-MinecraftModding-xcraftmod-src/2018-0326-230328-SENPAI_DESKTOP-Runner-Mod Sync.log
2018-04-02 23:24:00: Deleted old log file C:/Users/Senpai/AppData/Roaming/GoodSync/_mirrors_/file-=Data Storage-Documents-MinecraftModding-xcraftmod-src/2018-0326-230349-SENPAI_DESKTOP-Runner-Mod Sync.log
2018-04-02 23:24:00: Deleted old log file C:/Users/Senpai/AppData/Roaming/GoodSync/_mirrors_/file-=Data Storage-Documents-MinecraftModding-xcraftmod-src/2018-0326-230407-SENPAI_DESKTOP-Runner-Mod Sync.log
2018-04-02 23:24:00: Deleted old log file C:/Users/Senpai/AppData/Roaming/GoodSync/_mirrors_/file-=Data Storage-Documents-MinecraftModding-xcraftmod-src/2018-0326-230425-SENPAI_DESKTOP-Runner-Mod Sync.log
2018-04-02 23:24:00: Deleted old log file C:/Users/Senpai/AppData/Roaming/GoodSync/_mirrors_/file-=Data Storage-Documents-MinecraftModding-xcraftmod-src/2018-0326-230455-SENPAI_DESKTOP-Runner-Mod Sync.log
2018-04-02 23:24:00: Deleted old log file C:/Users/Senpai/AppData/Roaming/GoodSync/_mirrors_/file-=Data Storage-Documents-MinecraftModding-xcraftmod-src/2018-0326-230543-SENPAI_DESKTOP-Runner-Mod Sync.log
2018-04-02 23:24:00: Deleted old log file C:/Users/Senpai/AppData/Roaming/GoodSync/_mirrors_/file-=Data Storage-Documents-MinecraftModding-xcraftmod-src/2018-0326-230604-SENPAI_DESKTOP-Runner-Mod Sync.log
2018-04-02 23:24:00: Deleted old log file C:/Users/Senpai/AppData/Roaming/GoodSync/_mirrors_/file-=Data Storage-Documents-MinecraftModding-xcraftmod-src/2018-0326-230701-SENPAI_DESKTOP-Runner-Mod Sync.log
2018-04-02 23:24:00: Deleted old log file C:/Users/Senpai/AppData/Roaming/GoodSync/_mirrors_/file-=Data Storage-Documents-MinecraftModding-xcraftmod-src/2018-0326-230722-SENPAI_DESKTOP-Runner-Mod Sync.log
2018-04-02 23:24:00: Deleted old log file C:/Users/Senpai/AppData/Roaming/GoodSync/_mirrors_/file-=Data Storage-Documents-MinecraftModding-xcraftmod-src/2018-0326-230740-SENPAI_DESKTOP-Runner-Mod Sync.log
2018-04-02 23:24:00: Deleted old log file C:/Users/Senpai/AppData/Roaming/GoodSync/_mirrors_/file-=Data Storage-Documents-MinecraftModding-xcraftmod-src/2018-0326-230802-SENPAI_DESKTOP-Runner-Mod Sync.log
2018-04-02 23:24:00: Deleted old log file C:/Users/Senpai/AppData/Roaming/GoodSync/_mirrors_/file-=Data Storage-Documents-MinecraftModding-xcraftmod-src/2018-0326-230814-SENPAI_DESKTOP-Runner-Mod Sync.log
2018-04-02 23:24:00: Deleted old log file C:/Users/Senpai/AppData/Roaming/GoodSync/_mirrors_/file-=Data Storage-Documents-MinecraftModding-xcraftmod-src/2018-0326-230835-SENPAI_DESKTOP-Runner-Mod Sync.log
2018-04-02 23:24:00: Deleted old log file C:/Users/Senpai/AppData/Roaming/GoodSync/_mirrors_/file-=Data Storage-Documents-MinecraftModding-xcraftmod-src/2018-0326-230850-SENPAI_DESKTOP-Runner-Mod Sync.log
2018-04-02 23:24:00: Deleted old log file C:/Users/Senpai/AppData/Roaming/GoodSync/_mirrors_/file-=Data Storage-Documents-MinecraftModding-xcraftmod-src/2018-0326-230911-SENPAI_DESKTOP-Runner-Mod Sync.log
2018-04-02 23:24:00: Deleted old log file C:/Users/Senpai/AppData/Roaming/GoodSync/_mirrors_/file-=Data Storage-Documents-MinecraftModding-xcraftmod-src/2018-0326-231147-SENPAI_DESKTOP-Runner-Mod Sync.log
2018-04-02 23:24:00: Deleted old log file C:/Users/Senpai/AppData/Roaming/GoodSync/_mirrors_/file-=Data Storage-Documents-MinecraftModding-xcraftmod-src/2018-0326-231208-SENPAI_DESKTOP-Runner-Mod Sync.log
2018-04-02 23:24:00: Deleted old log file C:/Users/Senpai/AppData/Roaming/GoodSync/_mirrors_/file-=Data Storage-Documents-MinecraftModding-xcraftmod-src/2018-0326-231235-SENPAI_DESKTOP-Runner-Mod Sync.log
2018-04-02 23:24:00: Deleted old log file C:/Users/Senpai/AppData/Roaming/GoodSync/_mirrors_/file-=Data Storage-Documents-MinecraftModding-xcraftmod-src/2018-0326-231735-SENPAI_DESKTOP-Runner-Mod Sync.log
2018-04-02 23:24:00: Deleted old log file C:/Users/Senpai/AppData/Roaming/GoodSync/_mirrors_/file-=Data Storage-Documents-MinecraftModding-xcraftmod-src/2018-0326-231756-SENPAI_DESKTOP-Runner-Mod Sync.log
2018-04-02 23:24:00: Deleted old log file C:/Users/Senpai/AppData/Roaming/GoodSync/_mirrors_/file-=Data Storage-Documents-MinecraftModding-xcraftmod-src/2018-0326-231823-SENPAI_DESKTOP-Runner-Mod Sync.log
2018-04-02 23:24:00: Deleted old log file C:/Users/Senpai/AppData/Roaming/GoodSync/_mirrors_/file-=Data Storage-Documents-MinecraftModding-xcraftmod-src/2018-0326-231844-SENPAI_DESKTOP-Runner-Mod Sync.log
2018-04-02 23:24:00: Deleted old log file C:/Users/Senpai/AppData/Roaming/GoodSync/_mirrors_/file-=Data Storage-Documents-MinecraftModding-xcraftmod-src/2018-0326-231914-SENPAI_DESKTOP-Runner-Mod Sync.log
2018-04-02 23:24:00: Deleted old log file C:/Users/Senpai/AppData/Roaming/GoodSync/_mirrors_/file-=Data Storage-Documents-MinecraftModding-xcraftmod-src/2018-0326-231935-SENPAI_DESKTOP-Runner-Mod Sync.log
2018-04-02 23:24:00: Cleanup old logs in S:/Documents/MinecraftModding/xcraftmod/src/_gsdata_
2018-04-02 23:24:00: Delete log file S:/Documents/MinecraftModding/xcraftmod/src/_gsdata_/2018-0326-223743-SENPAI_DESKTOP-Runner-Mod Sync.log
2018-04-02 23:24:00: Delete log file S:/Documents/MinecraftModding/xcraftmod/src/_gsdata_/2018-0326-223804-SENPAI_DESKTOP-Runner-Mod Sync.log
2018-04-02 23:24:00: Delete log file S:/Documents/MinecraftModding/xcraftmod/src/_gsdata_/2018-0326-223825-SENPAI_DESKTOP-Runner-Mod Sync.log
2018-04-02 23:24:00: Delete log file S:/Documents/MinecraftModding/xcraftmod/src/_gsdata_/2018-0326-223858-SENPAI_DESKTOP-Runner-Mod Sync.log
2018-04-02 23:24:00: Delete log file S:/Documents/MinecraftModding/xcraftmod/src/_gsdata_/2018-0326-224001-SENPAI_DESKTOP-Runner-Mod Sync.log
2018-04-02 23:24:00: Delete log file S:/Documents/MinecraftModding/xcraftmod/src/_gsdata_/2018-0326-224152-SENPAI_DESKTOP-Runner-Mod Sync.log
2018-04-02 23:24:00: Delete log file S:/Documents/MinecraftModding/xcraftmod/src/_gsdata_/2018-0326-224346-SENPAI_DESKTOP-Runner-Mod Sync.log
2018-04-02 23:24:00: Delete log file S:/Documents/MinecraftModding/xcraftmod/src/_gsdata_/2018-0326-224816-SENPAI_DESKTOP-Runner-Mod Sync.log
2018-04-02 23:24:00: Delete log file S:/Documents/MinecraftModding/xcraftmod/src/_gsdata_/2018-0326-224837-SENPAI_DESKTOP-Runner-Mod Sync.log
2018-04-02 23:24:00: Delete log file S:/Documents/MinecraftModding/xcraftmod/src/_gsdata_/2018-0326-225107-SENPAI_DESKTOP-Runner-Mod Sync.log
2018-04-02 23:24:00: Delete log file S:/Documents/MinecraftModding/xcraftmod/src/_gsdata_/2018-0326-225137-SENPAI_DESKTOP-Runner-Mod Sync.log
2018-04-02 23:24:01: Delete log file S:/Documents/MinecraftModding/xcraftmod/src/_gsdata_/2018-0326-225158-SENPAI_DESKTOP-Runner-Mod Sync.log
2018-04-02 23:24:01: Delete log file S:/Documents/MinecraftModding/xcraftmod/src/_gsdata_/2018-0326-225504-SENPAI_DESKTOP-Runner-Mod Sync.log
2018-04-02 23:24:01: Delete log file S:/Documents/MinecraftModding/xcraftmod/src/_gsdata_/2018-0326-225722-SENPAI_DESKTOP-Runner-Mod Sync.log
2018-04-02 23:24:01: Delete log file S:/Documents/MinecraftModding/xcraftmod/src/_gsdata_/2018-0326-225855-SENPAI_DESKTOP-Runner-Mod Sync.log
2018-04-02 23:24:01: Delete log file S:/Documents/MinecraftModding/xcraftmod/src/_gsdata_/2018-0326-230001-SENPAI_DESKTOP-Runner-Mod Sync.log
2018-04-02 23:24:01: Delete log file S:/Documents/MinecraftModding/xcraftmod/src/_gsdata_/2018-0326-230022-SENPAI_DESKTOP-Runner-Mod Sync.log
2018-04-02 23:24:01: Delete log file S:/Documents/MinecraftModding/xcraftmod/src/_gsdata_/2018-0326-230104-SENPAI_DESKTOP-Runner-Mod Sync.log
2018-04-02 23:24:01: Delete log file S:/Documents/MinecraftModding/xcraftmod/src/_gsdata_/2018-0326-230225-SENPAI_DESKTOP-Runner-Mod Sync.log
2018-04-02 23:24:01: Delete log file S:/Documents/MinecraftModding/xcraftmod/src/_gsdata_/2018-0326-230328-SENPAI_DESKTOP-Runner-Mod Sync.log
2018-04-02 23:24:01: Delete log file S:/Documents/MinecraftModding/xcraftmod/src/_gsdata_/2018-0326-230407-SENPAI_DESKTOP-Runner-Mod Sync.log
2018-04-02 23:24:01: Delete log file S:/Documents/MinecraftModding/xcraftmod/src/_gsdata_/2018-0326-230543-SENPAI_DESKTOP-Runner-Mod Sync.log
2018-04-02 23:24:01: Delete log file S:/Documents/MinecraftModding/xcraftmod/src/_gsdata_/2018-0326-230701-SENPAI_DESKTOP-Runner-Mod Sync.log
2018-04-02 23:24:01: Delete log file S:/Documents/MinecraftModding/xcraftmod/src/_gsdata_/2018-0326-230740-SENPAI_DESKTOP-Runner-Mod Sync.log
2018-04-02 23:24:01: Delete log file S:/Documents/MinecraftModding/xcraftmod/src/_gsdata_/2018-0326-230814-SENPAI_DESKTOP-Runner-Mod Sync.log
2018-04-02 23:24:01: Delete log file S:/Documents/MinecraftModding/xcraftmod/src/_gsdata_/2018-0326-230850-SENPAI_DESKTOP-Runner-Mod Sync.log
2018-04-02 23:24:01: Delete log file S:/Documents/MinecraftModding/xcraftmod/src/_gsdata_/2018-0326-231147-SENPAI_DESKTOP-Runner-Mod Sync.log
2018-04-02 23:24:01: Delete log file S:/Documents/MinecraftModding/xcraftmod/src/_gsdata_/2018-0326-231208-SENPAI_DESKTOP-Runner-Mod Sync.log
2018-04-02 23:24:01: Delete log file S:/Documents/MinecraftModding/xcraftmod/src/_gsdata_/2018-0326-231735-SENPAI_DESKTOP-Runner-Mod Sync.log
2018-04-02 23:24:01: Delete log file S:/Documents/MinecraftModding/xcraftmod/src/_gsdata_/2018-0326-231823-SENPAI_DESKTOP-Runner-Mod Sync.log
2018-04-02 23:24:01: Delete log file S:/Documents/MinecraftModding/xcraftmod/src/_gsdata_/2018-0326-231914-SENPAI_DESKTOP-Runner-Mod Sync.log
2018-04-02 23:24:01: Cleanup recycled files in gdrive://www.googleapis.com/Good Sync/Eclips Projects/Moding Minecraft 1.12.2/Application/_gsdata_/_saved_
2018-04-02 23:24:03: Change detected [1]: t=Modified path=/main/java/com/senpai/commands/CommandDimensionTeleport.java
2018-04-02 23:24:03: Change detected [1]: t=Created path=/main/java/com/senpai/commands/CommandDimensionTeleport.java
2018-04-02 23:24:04: Save Recycled DB: gdrive://www.googleapis.com/Good Sync/Eclips Projects/Moding Minecraft 1.12.2/Application/_gsdata_/_recycled_db._gs
2018-04-02 23:24:04: Deleted old log file C:/Users/Senpai/AppData/Roaming/GoodSync/_mirrors_/gdrive-Wicky_Gustave-0AGIAX4LCOy-XUk9PVA@www.googleapis.com-Good Sync-Eclips Projects-Moding Minecraft 1.12.2-Application/2018-0326-223743-SENPAI_DESKTOP-Runner-Mod Sync.log
2018-04-02 23:24:04: Deleted old log file C:/Users/Senpai/AppData/Roaming/GoodSync/_mirrors_/gdrive-Wicky_Gustave-0AGIAX4LCOy-XUk9PVA@www.googleapis.com-Good Sync-Eclips Projects-Moding Minecraft 1.12.2-Application/2018-0326-223804-SENPAI_DESKTOP-Runner-Mod Sync.log
2018-04-02 23:24:04: Deleted old log file C:/Users/Senpai/AppData/Roaming/GoodSync/_mirrors_/gdrive-Wicky_Gustave-0AGIAX4LCOy-XUk9PVA@www.googleapis.com-Good Sync-Eclips Projects-Moding Minecraft 1.12.2-Application/2018-0326-223825-SENPAI_DESKTOP-Runner-Mod Sync.log
2018-04-02 23:24:04: Deleted old log file C:/Users/Senpai/AppData/Roaming/GoodSync/_mirrors_/gdrive-Wicky_Gustave-0AGIAX4LCOy-XUk9PVA@www.googleapis.com-Good Sync-Eclips Projects-Moding Minecraft 1.12.2-Application/2018-0326-223846-SENPAI_DESKTOP-Runner-Mod Sync.log
2018-04-02 23:24:04: Deleted old log file C:/Users/Senpai/AppData/Roaming/GoodSync/_mirrors_/gdrive-Wicky_Gustave-0AGIAX4LCOy-XUk9PVA@www.googleapis.com-Good Sync-Eclips Projects-Moding Minecraft 1.12.2-Application/2018-0326-223858-SENPAI_DESKTOP-Runner-Mod Sync.log
2018-04-02 23:24:04: Deleted old log file C:/Users/Senpai/AppData/Roaming/GoodSync/_mirrors_/gdrive-Wicky_Gustave-0AGIAX4LCOy-XUk9PVA@www.googleapis.com-Good Sync-Eclips Projects-Moding Minecraft 1.12.2-Application/2018-0326-223919-SENPAI_DESKTOP-Runner-Mod Sync.log
2018-04-02 23:24:04: Deleted old log file C:/Users/Senpai/AppData/Roaming/GoodSync/_mirrors_/gdrive-Wicky_Gustave-0AGIAX4LCOy-XUk9PVA@www.googleapis.com-Good Sync-Eclips Projects-Moding Minecraft 1.12.2-Application/2018-0326-224001-SENPAI_DESKTOP-Runner-Mod Sync.log
2018-04-02 23:24:04: Deleted old log file C:/Users/Senpai/AppData/Roaming/GoodSync/_mirrors_/gdrive-Wicky_Gustave-0AGIAX4LCOy-XUk9PVA@www.googleapis.com-Good Sync-Eclips Projects-Moding Minecraft 1.12.2-Application/2018-0326-224022-SENPAI_DESKTOP-Runner-Mod Sync.log
2018-04-02 23:24:04: Deleted old log file C:/Users/Senpai/AppData/Roaming/GoodSync/_mirrors_/gdrive-Wicky_Gustave-0AGIAX4LCOy-XUk9PVA@www.googleapis.com-Good Sync-Eclips Projects-Moding Minecraft 1.12.2-Application/2018-0326-224152-SENPAI_DESKTOP-Runner-Mod Sync.log
2018-04-02 23:24:04: Deleted old log file C:/Users/Senpai/AppData/Roaming/GoodSync/_mirrors_/gdrive-Wicky_Gustave-0AGIAX4LCOy-XUk9PVA@www.googleapis.com-Good Sync-Eclips Projects-Moding Minecraft 1.12.2-Application/2018-0326-224213-SENPAI_DESKTOP-Runner-Mod Sync.log
2018-04-02 23:24:04: Deleted old log file C:/Users/Senpai/AppData/Roaming/GoodSync/_mirrors_/gdrive-Wicky_Gustave-0AGIAX4LCOy-XUk9PVA@www.googleapis.com-Good Sync-Eclips Projects-Moding Minecraft 1.12.2-Application/2018-0326-224346-SENPAI_DESKTOP-Runner-Mod Sync.log
2018-04-02 23:24:04: Deleted old log file C:/Users/Senpai/AppData/Roaming/GoodSync/_mirrors_/gdrive-Wicky_Gustave-0AGIAX4LCOy-XUk9PVA@www.googleapis.com-Good Sync-Eclips Projects-Moding Minecraft 1.12.2-Application/2018-0326-224407-SENPAI_DESKTOP-Runner-Mod Sync.log
2018-04-02 23:24:04: Deleted old log file C:/Users/Senpai/AppData/Roaming/GoodSync/_mirrors_/gdrive-Wicky_Gustave-0AGIAX4LCOy-XUk9PVA@www.googleapis.com-Good Sync-Eclips Projects-Moding Minecraft 1.12.2-Application/2018-0326-224816-SENPAI_DESKTOP-Runner-Mod Sync.log
2018-04-02 23:24:04: Deleted old log file C:/Users/Senpai/AppData/Roaming/GoodSync/_mirrors_/gdrive-Wicky_Gustave-0AGIAX4LCOy-XUk9PVA@www.googleapis.com-Good Sync-Eclips Projects-Moding Minecraft 1.12.2-Application/2018-0326-224837-SENPAI_DESKTOP-Runner-Mod Sync.log
2018-04-02 23:24:04: Deleted old log file C:/Users/Senpai/AppData/Roaming/GoodSync/_mirrors_/gdrive-Wicky_Gustave-0AGIAX4LCOy-XUk9PVA@www.googleapis.com-Good Sync-Eclips Projects-Moding Minecraft 1.12.2-Application/2018-0326-224858-SENPAI_DESKTOP-Runner-Mod Sync.log
2018-04-02 23:24:04: Deleted old log file C:/Users/Senpai/AppData/Roaming/GoodSync/_mirrors_/gdrive-Wicky_Gustave-0AGIAX4LCOy-XUk9PVA@www.googleapis.com-Good Sync-Eclips Projects-Moding Minecraft 1.12.2-Application/2018-0326-225107-SENPAI_DESKTOP-Runner-Mod Sync.log
2018-04-02 23:24:04: Deleted old log file C:/Users/Senpai/AppData/Roaming/GoodSync/_mirrors_/gdrive-Wicky_Gustave-0AGIAX4LCOy-XUk9PVA@www.googleapis.com-Good Sync-Eclips Projects-Moding Minecraft 1.12.2-Application/2018-0326-225137-SENPAI_DESKTOP-Runner-Mod Sync.log
2018-04-02 23:24:04: Deleted old log file C:/Users/Senpai/AppData/Roaming/GoodSync/_mirrors_/gdrive-Wicky_Gustave-0AGIAX4LCOy-XUk9PVA@www.googleapis.com-Good Sync-Eclips Projects-Moding Minecraft 1.12.2-Application/2018-0326-225158-SENPAI_DESKTOP-Runner-Mod Sync.log
2018-04-02 23:24:04: Deleted old log file C:/Users/Senpai/AppData/Roaming/GoodSync/_mirrors_/gdrive-Wicky_Gustave-0AGIAX4LCOy-XUk9PVA@www.googleapis.com-Good Sync-Eclips Projects-Moding Minecraft 1.12.2-Application/2018-0326-225219-SENPAI_DESKTOP-Runner-Mod Sync.log
2018-04-02 23:24:04: Deleted old log file C:/Users/Senpai/AppData/Roaming/GoodSync/_mirrors_/gdrive-Wicky_Gustave-0AGIAX4LCOy-XUk9PVA@www.googleapis.com-Good Sync-Eclips Projects-Moding Minecraft 1.12.2-Application/2018-0326-225504-SENPAI_DESKTOP-Runner-Mod Sync.log
2018-04-02 23:24:04: Deleted old log file C:/Users/Senpai/AppData/Roaming/GoodSync/_mirrors_/gdrive-Wicky_Gustave-0AGIAX4LCOy-XUk9PVA@www.googleapis.com-Good Sync-Eclips Projects-Moding Minecraft 1.12.2-Application/2018-0326-225525-SENPAI_DESKTOP-Runner-Mod Sync.log
2018-04-02 23:24:04: Deleted old log file C:/Users/Senpai/AppData/Roaming/GoodSync/_mirrors_/gdrive-Wicky_Gustave-0AGIAX4LCOy-XUk9PVA@www.googleapis.com-Good Sync-Eclips Projects-Moding Minecraft 1.12.2-Application/2018-0326-225722-SENPAI_DESKTOP-Runner-Mod Sync.log
2018-04-02 23:24:04: Deleted old log file C:/Users/Senpai/AppData/Roaming/GoodSync/_mirrors_/gdrive-Wicky_Gustave-0AGIAX4LCOy-XUk9PVA@www.googleapis.com-Good Sync-Eclips Projects-Moding Minecraft 1.12.2-Application/2018-0326-225743-SENPAI_DESKTOP-Runner-Mod Sync.log
2018-04-02 23:24:04: Deleted old log file C:/Users/Senpai/AppData/Roaming/GoodSync/_mirrors_/gdrive-Wicky_Gustave-0AGIAX4LCOy-XUk9PVA@www.googleapis.com-Good Sync-Eclips Projects-Moding Minecraft 1.12.2-Application/2018-0326-225855-SENPAI_DESKTOP-Runner-Mod Sync.log
2018-04-02 23:24:04: Deleted old log file C:/Users/Senpai/AppData/Roaming/GoodSync/_mirrors_/gdrive-Wicky_Gustave-0AGIAX4LCOy-XUk9PVA@www.googleapis.com-Good Sync-Eclips Projects-Moding Minecraft 1.12.2-Application/2018-0326-225916-SENPAI_DESKTOP-Runner-Mod Sync.log
2018-04-02 23:24:04: Deleted old log file C:/Users/Senpai/AppData/Roaming/GoodSync/_mirrors_/gdrive-Wicky_Gustave-0AGIAX4LCOy-XUk9PVA@www.googleapis.com-Good Sync-Eclips Projects-Moding Minecraft 1.12.2-Application/2018-0326-230001-SENPAI_DESKTOP-Runner-Mod Sync.log
2018-04-02 23:24:04: Deleted old log file C:/Users/Senpai/AppData/Roaming/GoodSync/_mirrors_/gdrive-Wicky_Gustave-0AGIAX4LCOy-XUk9PVA@www.googleapis.com-Good Sync-Eclips Projects-Moding Minecraft 1.12.2-Application/2018-0326-230022-SENPAI_DESKTOP-Runner-Mod Sync.log
2018-04-02 23:24:04: Deleted old log file C:/Users/Senpai/AppData/Roaming/GoodSync/_mirrors_/gdrive-Wicky_Gustave-0AGIAX4LCOy-XUk9PVA@www.googleapis.com-Good Sync-Eclips Projects-Moding Minecraft 1.12.2-Application/2018-0326-230043-SENPAI_DESKTOP-Runner-Mod Sync.log
2018-04-02 23:24:04: Deleted old log file C:/Users/Senpai/AppData/Roaming/GoodSync/_mirrors_/gdrive-Wicky_Gustave-0AGIAX4LCOy-XUk9PVA@www.googleapis.com-Good Sync-Eclips Projects-Moding Minecraft 1.12.2-Application/2018-0326-230104-SENPAI_DESKTOP-Runner-Mod Sync.log
2018-04-02 23:24:04: Deleted old log file C:/Users/Senpai/AppData/Roaming/GoodSync/_mirrors_/gdrive-Wicky_Gustave-0AGIAX4LCOy-XUk9PVA@www.googleapis.com-Good Sync-Eclips Projects-Moding Minecraft 1.12.2-Application/2018-0326-230125-SENPAI_DESKTOP-Runner-Mod Sync.log
2018-04-02 23:24:04: Deleted old log file C:/Users/Senpai/AppData/Roaming/GoodSync/_mirrors_/gdrive-Wicky_Gustave-0AGIAX4LCOy-XUk9PVA@www.googleapis.com-Good Sync-Eclips Projects-Moding Minecraft 1.12.2-Application/2018-0326-230225-SENPAI_DESKTOP-Runner-Mod Sync.log
2018-04-02 23:24:04: Deleted old log file C:/Users/Senpai/AppData/Roaming/GoodSync/_mirrors_/gdrive-Wicky_Gustave-0AGIAX4LCOy-XUk9PVA@www.googleapis.com-Good Sync-Eclips Projects-Moding Minecraft 1.12.2-Application/2018-0326-230249-SENPAI_DESKTOP-Runner-Mod Sync.log
2018-04-02 23:24:04: Deleted old log file C:/Users/Senpai/AppData/Roaming/GoodSync/_mirrors_/gdrive-Wicky_Gustave-0AGIAX4LCOy-XUk9PVA@www.googleapis.com-Good Sync-Eclips Projects-Moding Minecraft 1.12.2-Application/2018-0326-230328-SENPAI_DESKTOP-Runner-Mod Sync.log
2018-04-02 23:24:04: Deleted old log file C:/Users/Senpai/AppData/Roaming/GoodSync/_mirrors_/gdrive-Wicky_Gustave-0AGIAX4LCOy-XUk9PVA@www.googleapis.com-Good Sync-Eclips Projects-Moding Minecraft 1.12.2-Application/2018-0326-230349-SENPAI_DESKTOP-Runner-Mod Sync.log
2018-04-02 23:24:04: Deleted old log file C:/Users/Senpai/AppData/Roaming/GoodSync/_mirrors_/gdrive-Wicky_Gustave-0AGIAX4LCOy-XUk9PVA@www.googleapis.com-Good Sync-Eclips Projects-Moding Minecraft 1.12.2-Application/2018-0326-230407-SENPAI_DESKTOP-Runner-Mod Sync.log
2018-04-02 23:24:04: Deleted old log file C:/Users/Senpai/AppData/Roaming/GoodSync/_mirrors_/gdrive-Wicky_Gustave-0AGIAX4LCOy-XUk9PVA@www.googleapis.com-Good Sync-Eclips Projects-Moding Minecraft 1.12.2-Application/2018-0326-230425-SENPAI_DESKTOP-Runner-Mod Sync.log
2018-04-02 23:24:04: Deleted old log file C:/Users/Senpai/AppData/Roaming/GoodSync/_mirrors_/gdrive-Wicky_Gustave-0AGIAX4LCOy-XUk9PVA@www.googleapis.com-Good Sync-Eclips Projects-Moding Minecraft 1.12.2-Application/2018-0326-230455-SENPAI_DESKTOP-Runner-Mod Sync.log
2018-04-02 23:24:04: Deleted old log file C:/Users/Senpai/AppData/Roaming/GoodSync/_mirrors_/gdrive-Wicky_Gustave-0AGIAX4LCOy-XUk9PVA@www.googleapis.com-Good Sync-Eclips Projects-Moding Minecraft 1.12.2-Application/2018-0326-230543-SENPAI_DESKTOP-Runner-Mod Sync.log
2018-04-02 23:24:04: Deleted old log file C:/Users/Senpai/AppData/Roaming/GoodSync/_mirrors_/gdrive-Wicky_Gustave-0AGIAX4LCOy-XUk9PVA@www.googleapis.com-Good Sync-Eclips Projects-Moding Minecraft 1.12.2-Application/2018-0326-230604-SENPAI_DESKTOP-Runner-Mod Sync.log
2018-04-02 23:24:04: Deleted old log file C:/Users/Senpai/AppData/Roaming/GoodSync/_mirrors_/gdrive-Wicky_Gustave-0AGIAX4LCOy-XUk9PVA@www.googleapis.com-Good Sync-Eclips Projects-Moding Minecraft 1.12.2-Application/2018-0326-230701-SENPAI_DESKTOP-Runner-Mod Sync.log
2018-04-02 23:24:04: Deleted old log file C:/Users/Senpai/AppData/Roaming/GoodSync/_mirrors_/gdrive-Wicky_Gustave-0AGIAX4LCOy-XUk9PVA@www.googleapis.com-Good Sync-Eclips Projects-Moding Minecraft 1.12.2-Application/2018-0326-230722-SENPAI_DESKTOP-Runner-Mod Sync.log
2018-04-02 23:24:04: Deleted old log file C:/Users/Senpai/AppData/Roaming/GoodSync/_mirrors_/gdrive-Wicky_Gustave-0AGIAX4LCOy-XUk9PVA@www.googleapis.com-Good Sync-Eclips Projects-Moding Minecraft 1.12.2-Application/2018-0326-230740-SENPAI_DESKTOP-Runner-Mod Sync.log
2018-04-02 23:24:04: Deleted old log file C:/Users/Senpai/AppData/Roaming/GoodSync/_mirrors_/gdrive-Wicky_Gustave-0AGIAX4LCOy-XUk9PVA@www.googleapis.com-Good Sync-Eclips Projects-Moding Minecraft 1.12.2-Application/2018-0326-230802-SENPAI_DESKTOP-Runner-Mod Sync.log
2018-04-02 23:24:04: Deleted old log file C:/Users/Senpai/AppData/Roaming/GoodSync/_mirrors_/gdrive-Wicky_Gustave-0AGIAX4LCOy-XUk9PVA@www.googleapis.com-Good Sync-Eclips Projects-Moding Minecraft 1.12.2-Application/2018-0326-230814-SENPAI_DESKTOP-Runner-Mod Sync.log
2018-04-02 23:24:04: Deleted old log file C:/Users/Senpai/AppData/Roaming/GoodSync/_mirrors_/gdrive-Wicky_Gustave-0AGIAX4LCOy-XUk9PVA@www.googleapis.com-Good Sync-Eclips Projects-Moding Minecraft 1.12.2-Application/2018-0326-230835-SENPAI_DESKTOP-Runner-Mod Sync.log
2018-04-02 23:24:04: Deleted old log file C:/Users/Senpai/AppData/Roaming/GoodSync/_mirrors_/gdrive-Wicky_Gustave-0AGIAX4LCOy-XUk9PVA@www.googleapis.com-Good Sync-Eclips Projects-Moding Minecraft 1.12.2-Application/2018-0326-230850-SENPAI_DESKTOP-Runner-Mod Sync.log
2018-04-02 23:24:04: Deleted old log file C:/Users/Senpai/AppData/Roaming/GoodSync/_mirrors_/gdrive-Wicky_Gustave-0AGIAX4LCOy-XUk9PVA@www.googleapis.com-Good Sync-Eclips Projects-Moding Minecraft 1.12.2-Application/2018-0326-230911-SENPAI_DESKTOP-Runner-Mod Sync.log
2018-04-02 23:24:04: Deleted old log file C:/Users/Senpai/AppData/Roaming/GoodSync/_mirrors_/gdrive-Wicky_Gustave-0AGIAX4LCOy-XUk9PVA@www.googleapis.com-Good Sync-Eclips Projects-Moding Minecraft 1.12.2-Application/2018-0326-231147-SENPAI_DESKTOP-Runner-Mod Sync.log
2018-04-02 23:24:04: Deleted old log file C:/Users/Senpai/AppData/Roaming/GoodSync/_mirrors_/gdrive-Wicky_Gustave-0AGIAX4LCOy-XUk9PVA@www.googleapis.com-Good Sync-Eclips Projects-Moding Minecraft 1.12.2-Application/2018-0326-231208-SENPAI_DESKTOP-Runner-Mod Sync.log
2018-04-02 23:24:04: Deleted old log file C:/Users/Senpai/AppData/Roaming/GoodSync/_mirrors_/gdrive-Wicky_Gustave-0AGIAX4LCOy-XUk9PVA@www.googleapis.com-Good Sync-Eclips Projects-Moding Minecraft 1.12.2-Application/2018-0326-231235-SENPAI_DESKTOP-Runner-Mod Sync.log
2018-04-02 23:24:04: Deleted old log file C:/Users/Senpai/AppData/Roaming/GoodSync/_mirrors_/gdrive-Wicky_Gustave-0AGIAX4LCOy-XUk9PVA@www.googleapis.com-Good Sync-Eclips Projects-Moding Minecraft 1.12.2-Application/2018-0326-231735-SENPAI_DESKTOP-Runner-Mod Sync.log
2018-04-02 23:24:04: Deleted old log file C:/Users/Senpai/AppData/Roaming/GoodSync/_mirrors_/gdrive-Wicky_Gustave-0AGIAX4LCOy-XUk9PVA@www.googleapis.com-Good Sync-Eclips Projects-Moding Minecraft 1.12.2-Application/2018-0326-231756-SENPAI_DESKTOP-Runner-Mod Sync.log
2018-04-02 23:24:04: Deleted old log file C:/Users/Senpai/AppData/Roaming/GoodSync/_mirrors_/gdrive-Wicky_Gustave-0AGIAX4LCOy-XUk9PVA@www.googleapis.com-Good Sync-Eclips Projects-Moding Minecraft 1.12.2-Application/2018-0326-231823-SENPAI_DESKTOP-Runner-Mod Sync.log
2018-04-02 23:24:04: Deleted old log file C:/Users/Senpai/AppData/Roaming/GoodSync/_mirrors_/gdrive-Wicky_Gustave-0AGIAX4LCOy-XUk9PVA@www.googleapis.com-Good Sync-Eclips Projects-Moding Minecraft 1.12.2-Application/2018-0326-231844-SENPAI_DESKTOP-Runner-Mod Sync.log
2018-04-02 23:24:04: Deleted old log file C:/Users/Senpai/AppData/Roaming/GoodSync/_mirrors_/gdrive-Wicky_Gustave-0AGIAX4LCOy-XUk9PVA@www.googleapis.com-Good Sync-Eclips Projects-Moding Minecraft 1.12.2-Application/2018-0326-231914-SENPAI_DESKTOP-Runner-Mod Sync.log
2018-04-02 23:24:04: Deleted old log file C:/Users/Senpai/AppData/Roaming/GoodSync/_mirrors_/gdrive-Wicky_Gustave-0AGIAX4LCOy-XUk9PVA@www.googleapis.com-Good Sync-Eclips Projects-Moding Minecraft 1.12.2-Application/2018-0326-231935-SENPAI_DESKTOP-Runner-Mod Sync.log
2018-04-02 23:24:04: Cleanup old logs in gdrive://www.googleapis.com/Good Sync/Eclips Projects/Moding Minecraft 1.12.2/Application/_gsdata_
2018-04-02 23:24:05: Delete log file gdrive://www.googleapis.com/Good Sync/Eclips Projects/Moding Minecraft 1.12.2/Application/_gsdata_/2018-0326-223804-SENPAI_DESKTOP-Runner-Mod Sync.log
2018-04-02 23:24:05: Delete log file gdrive://www.googleapis.com/Good Sync/Eclips Projects/Moding Minecraft 1.12.2/Application/_gsdata_/2018-0326-223825-SENPAI_DESKTOP-Runner-Mod Sync.log
2018-04-02 23:24:06: Delete log file gdrive://www.googleapis.com/Good Sync/Eclips Projects/Moding Minecraft 1.12.2/Application/_gsdata_/2018-0326-230814-SENPAI_DESKTOP-Runner-Mod Sync.log
2018-04-02 23:24:07: Delete log file gdrive://www.googleapis.com/Good Sync/Eclips Projects/Moding Minecraft 1.12.2/Application/_gsdata_/2018-0326-231735-SENPAI_DESKTOP-Runner-Mod Sync.log
2018-04-02 23:24:07: Delete log file gdrive://www.googleapis.com/Good Sync/Eclips Projects/Moding Minecraft 1.12.2/Application/_gsdata_/2018-0326-225158-SENPAI_DESKTOP-Runner-Mod Sync.log
2018-04-02 23:24:08: Delete log file gdrive://www.googleapis.com/Good Sync/Eclips Projects/Moding Minecraft 1.12.2/Application/_gsdata_/2018-0326-225107-SENPAI_DESKTOP-Runner-Mod Sync.log
2018-04-02 23:24:08: Delete log file gdrive://www.googleapis.com/Good Sync/Eclips Projects/Moding Minecraft 1.12.2/Application/_gsdata_/2018-0326-223858-SENPAI_DESKTOP-Runner-Mod Sync.log
2018-04-02 23:24:09: Delete log file gdrive://www.googleapis.com/Good Sync/Eclips Projects/Moding Minecraft 1.12.2/Application/_gsdata_/2018-0326-231208-SENPAI_DESKTOP-Runner-Mod Sync.log
2018-04-02 23:24:09: Delete log file gdrive://www.googleapis.com/Good Sync/Eclips Projects/Moding Minecraft 1.12.2/Application/_gsdata_/2018-0326-224152-SENPAI_DESKTOP-Runner-Mod Sync.log
2018-04-02 23:24:10: Delete log file gdrive://www.googleapis.com/Good Sync/Eclips Projects/Moding Minecraft 1.12.2/Application/_gsdata_/2018-0326-230543-SENPAI_DESKTOP-Runner-Mod Sync.log
2018-04-02 23:24:11: Delete log file gdrive://www.googleapis.com/Good Sync/Eclips Projects/Moding Minecraft 1.12.2/Application/_gsdata_/2018-0326-230001-SENPAI_DESKTOP-Runner-Mod Sync.log
2018-04-02 23:24:11: Delete log file gdrive://www.googleapis.com/Good Sync/Eclips Projects/Moding Minecraft 1.12.2/Application/_gsdata_/2018-0326-225137-SENPAI_DESKTOP-Runner-Mod Sync.log
2018-04-02 23:24:12: Delete log file gdrive://www.googleapis.com/Good Sync/Eclips Projects/Moding Minecraft 1.12.2/Application/_gsdata_/2018-0326-230328-SENPAI_DESKTOP-Runner-Mod Sync.log
2018-04-02 23:24:12: Delete log file gdrive://www.googleapis.com/Good Sync/Eclips Projects/Moding Minecraft 1.12.2/Application/_gsdata_/2018-0326-225855-SENPAI_DESKTOP-Runner-Mod Sync.log
2018-04-02 23:24:13: Delete log file gdrive://www.googleapis.com/Good Sync/Eclips Projects/Moding Minecraft 1.12.2/Application/_gsdata_/2018-0326-230225-SENPAI_DESKTOP-Runner-Mod Sync.log
2018-04-02 23:24:13: Delete log file gdrive://www.googleapis.com/Good Sync/Eclips Projects/Moding Minecraft 1.12.2/Application/_gsdata_/2018-0326-224001-SENPAI_DESKTOP-Runner-Mod Sync.log
2018-04-02 23:24:14: Delete log file gdrive://www.googleapis.com/Good Sync/Eclips Projects/Moding Minecraft 1.12.2/Application/_gsdata_/2018-0326-224837-SENPAI_DESKTOP-Runner-Mod Sync.log
2018-04-02 23:24:14: Delete log file gdrive://www.googleapis.com/Good Sync/Eclips Projects/Moding Minecraft 1.12.2/Application/_gsdata_/2018-0326-230407-SENPAI_DESKTOP-Runner-Mod Sync.log
2018-04-02 23:24:16: Delete log file gdrive://www.googleapis.com/Good Sync/Eclips Projects/Moding Minecraft 1.12.2/Application/_gsdata_/2018-0326-224346-SENPAI_DESKTOP-Runner-Mod Sync.log
2018-04-02 23:24:17: Delete log file gdrive://www.googleapis.com/Good Sync/Eclips Projects/Moding Minecraft 1.12.2/Application/_gsdata_/2018-0326-230850-SENPAI_DESKTOP-Runner-Mod Sync.log
2018-04-02 23:24:17: Delete log file gdrive://www.googleapis.com/Good Sync/Eclips Projects/Moding Minecraft 1.12.2/Application/_gsdata_/2018-0326-231914-SENPAI_DESKTOP-Runner-Mod Sync.log
2018-04-02 23:24:18: Delete log file gdrive://www.googleapis.com/Good Sync/Eclips Projects/Moding Minecraft 1.12.2/Application/_gsdata_/2018-0326-225722-SENPAI_DESKTOP-Runner-Mod Sync.log
2018-04-02 23:24:18: Delete log file gdrive://www.googleapis.com/Good Sync/Eclips Projects/Moding Minecraft 1.12.2/Application/_gsdata_/2018-0326-223743-SENPAI_DESKTOP-Runner-Mod Sync.log
2018-04-02 23:24:19: Delete log file gdrive://www.googleapis.com/Good Sync/Eclips Projects/Moding Minecraft 1.12.2/Application/_gsdata_/2018-0326-231823-SENPAI_DESKTOP-Runner-Mod Sync.log
2018-04-02 23:24:20: Delete log file gdrive://www.googleapis.com/Good Sync/Eclips Projects/Moding Minecraft 1.12.2/Application/_gsdata_/2018-0326-225504-SENPAI_DESKTOP-Runner-Mod Sync.log
2018-04-02 23:24:20: Delete log file gdrive://www.googleapis.com/Good Sync/Eclips Projects/Moding Minecraft 1.12.2/Application/_gsdata_/2018-0326-231147-SENPAI_DESKTOP-Runner-Mod Sync.log
2018-04-02 23:24:21: Delete log file gdrive://www.googleapis.com/Good Sync/Eclips Projects/Moding Minecraft 1.12.2/Application/_gsdata_/2018-0326-230104-SENPAI_DESKTOP-Runner-Mod Sync.log
2018-04-02 23:24:21: Delete log file gdrive://www.googleapis.com/Good Sync/Eclips Projects/Moding Minecraft 1.12.2/Application/_gsdata_/2018-0326-230701-SENPAI_DESKTOP-Runner-Mod Sync.log
2018-04-02 23:24:22: Delete log file gdrive://www.googleapis.com/Good Sync/Eclips Projects/Moding Minecraft 1.12.2/Application/_gsdata_/2018-0326-224816-SENPAI_DESKTOP-Runner-Mod Sync.log
2018-04-02 23:24:22: Delete log file gdrive://www.googleapis.com/Good Sync/Eclips Projects/Moding Minecraft 1.12.2/Application/_gsdata_/2018-0326-230740-SENPAI_DESKTOP-Runner-Mod Sync.log
2018-04-02 23:24:23: Delete log file gdrive://www.googleapis.com/Good Sync/Eclips Projects/Moding Minecraft 1.12.2/Application/_gsdata_/2018-0326-230022-SENPAI_DESKTOP-Runner-Mod Sync.log
2018-04-02 23:24:23: == Sync Complete. Time: 00:00:35, Speed: 736 bytes/s, OK: 1, Errors: 0
2018-04-02 23:24:23: Unlocking folder S:/Documents/MinecraftModding/xcraftmod/src/_gsdata_/lock.gsl
2018-04-02 23:24:23: Unlocking folder gdrive://www.googleapis.com/Good Sync/Eclips Projects/Moding Minecraft 1.12.2/Application/_gsdata_/lock.gsl
2018-04-02 23:24:24: 
