2018-04-03 20:03:21: Connected to S:\Documents\MinecraftModding\xcraftmod\src: S: NTFS: type=NTFS vol=Data Storage flags=3E706FF
2018-04-03 20:03:21: Connected to gdrive://www.googleapis.com/Good Sync/Eclips Projects/Moding Minecraft 1.12.2/Application
2018-04-03 20:03:21: Incremental Analyze for On File Change
2018-04-03 20:03:22: -- Analysis Started by On File Change, After Delay, Under Runner
2018-04-03 20:03:22: Mod Sync: ANALYSIS started by On File Change, After Delay, Under Runner on 'SENPAI_DESKTOP' (GoodSync 10.8.1.1)
2018-04-03 20:03:22: =Data Storage:\Documents\MinecraftModding\xcraftmod\src (S:/Documents/MinecraftModding/xcraftmod/src) [TmpDest] <-> gdrive://www.googleapis.com/Good Sync/Eclips Projects/Moding Minecraft 1.12.2/Application [DirDest], RecycleTo_RecycleBin, SaveDays_RecycleBin=30d, ReconnectSecs=120, SyncWorkerThreads=99, OnFileChange Delay=5, Unattended, WaitForLocksMin=20, ResolveConflicts=NewerFileWins, AutoClear, LinksIgnore
2018-04-03 20:03:22: Exclude Hidden, Exclude System, Exclude name *._gstmp|/System Volume Information|Thumbs.db|.DS_Store 
2018-04-03 20:03:22: Locking folder S:/Documents/MinecraftModding/xcraftmod/src for write
2018-04-03 20:03:22: Change Analyzed: S:/Documents/MinecraftModding/xcraftmod/src/main/java/com/senpai/objects/blocks/machines/engineering/BlockEnergyCell.java
2018-04-03 20:03:22: Change Analyzed: S:/Documents/MinecraftModding/xcraftmod/src/main/java/com/senpai/objects/blocks/machines/engineering/BlockEnergyCell.java
2018-04-03 20:03:22: Change Analyzed: S:/Documents/MinecraftModding/xcraftmod/src/main/java/com/senpai/objects/blocks/machines/engineering/BlockEnergyCell.java
2018-04-03 20:03:22: Change Analyzed: S:/Documents/MinecraftModding/xcraftmod/src/main/java/com/senpai/objects/blocks/machines/engineering/BlockMachine.java
2018-04-03 20:03:22: Change Analyzed: S:/Documents/MinecraftModding/xcraftmod/src/main/java/com/senpai/objects/blocks/machines/engineering/BlockMachine.java
2018-04-03 20:03:22: Change Analyzed: S:/Documents/MinecraftModding/xcraftmod/src/main/java/com/senpai/objects/blocks/machines/engineering/BlockMachine.java
2018-04-03 20:03:22: Locking folder gdrive://www.googleapis.com/Good Sync/Eclips Projects/Moding Minecraft 1.12.2/Application for write
2018-04-03 20:03:24: On disk file:///S: space required for sync is 0 bytes, you have 1.25 TB
2018-04-03 20:03:24: On disk gdrive://www.googleapis.com space required for sync is 14.0 KB, you have 12.4 GB
2018-04-03 20:03:25: Changes: 2, Conflicts: 0, CopyTime: 0, FixState: 0, Errors: 0, All: 22084
2018-04-03 20:03:25: Left to Right: Copy File: 2 
2018-04-03 20:03:25: -- Analysis Complete. Time 00:00:04, Speed: 99 files/s
2018-04-03 20:03:25: == Sync Started by On File Change, After Delay, Under Runner
2018-04-03 20:03:25: Mod Sync: SYNC started by On File Change, After Delay, Under Runner on 'SENPAI_DESKTOP'
2018-04-03 20:03:25: =Data Storage:\Documents\MinecraftModding\xcraftmod\src (S:/Documents/MinecraftModding/xcraftmod/src) [TmpDest] <-> gdrive://www.googleapis.com/Good Sync/Eclips Projects/Moding Minecraft 1.12.2/Application [DirDest], RecycleTo_RecycleBin, SaveDays_RecycleBin=30d, ReconnectSecs=120, SyncWorkerThreads=99, OnFileChange Delay=5, Unattended, WaitForLocksMin=20, ResolveConflicts=NewerFileWins, AutoClear, LinksIgnore
2018-04-03 20:03:25: File Systems limited number of parallel threads to 20
2018-04-03 20:03:25: Start only 2 threads, limited by tasks to run
2018-04-03 20:03:29: Load Recycled DB: gdrive://www.googleapis.com/Good Sync/Eclips Projects/Moding Minecraft 1.12.2/Application/_gsdata_/_recycled_db._gs
2018-04-03 20:03:30: Copy Over 'S:/Documents/MinecraftModding/xcraftmod/src/main/java/com/senpai/objects/blocks/machines/engineering/BlockMachine.java' -> 'gdrive://www.googleapis.com/Good Sync/Eclips Projects/Moding Minecraft 1.12.2/Application/main/java/com/senpai/objects/blocks/machines/engineering/BlockMachine.java' (5980)
2018-04-03 20:03:31: Change detected [1]: t=Created path=/main/java/com/senpai/objects/blocks/machines/engineering/BlockEnergyCell.java
2018-04-03 20:03:31: Change detected [1]: t=Modified path=/main/java/com/senpai/objects/blocks/machines/engineering/BlockMachine.java
2018-04-03 20:03:31: Change detected [1]: t=Created path=/main/java/com/senpai/objects/blocks/machines/engineering/BlockMachine.java
2018-04-03 20:03:31: Change detected [1]: t=MovedFrom path=/main/java/com/senpai/objects/blocks/machines/engineering/BlockMachine.java
2018-04-03 20:03:31: Change detected [1]: t=MovedFrom path=/main/java/com/senpai/objects/blocks/machines/engineering/BlockEnergyCell.java
2018-04-03 20:03:32: Copy Over 'S:/Documents/MinecraftModding/xcraftmod/src/main/java/com/senpai/objects/blocks/machines/engineering/BlockEnergyCell.java' -> 'gdrive://www.googleapis.com/Good Sync/Eclips Projects/Moding Minecraft 1.12.2/Application/main/java/com/senpai/objects/blocks/machines/engineering/BlockEnergyCell.java' (8140)
2018-04-03 20:03:36: Save State File S:/Documents/MinecraftModding/xcraftmod/src/_gsdata_/_file_state_v4._gs
2018-04-03 20:03:38: Save State File gdrive://www.googleapis.com/Good Sync/Eclips Projects/Moding Minecraft 1.12.2/Application/_gsdata_/_file_state_v4._gs
2018-04-03 20:03:38: Cleanup recycled files in S:/Documents/MinecraftModding/xcraftmod/src/_gsdata_/_saved_
2018-04-03 20:03:39: Load Recycled DB: S:/Documents/MinecraftModding/xcraftmod/src/_gsdata_/_recycled_db._gs
2018-04-03 20:03:39: Cleanup old logs in S:/Documents/MinecraftModding/xcraftmod/src/_gsdata_
2018-04-03 20:03:39: Cleanup recycled files in gdrive://www.googleapis.com/Good Sync/Eclips Projects/Moding Minecraft 1.12.2/Application/_gsdata_/_saved_
2018-04-03 20:03:40: Save Recycled DB: gdrive://www.googleapis.com/Good Sync/Eclips Projects/Moding Minecraft 1.12.2/Application/_gsdata_/_recycled_db._gs
2018-04-03 20:03:40: Cleanup old logs in gdrive://www.googleapis.com/Good Sync/Eclips Projects/Moding Minecraft 1.12.2/Application/_gsdata_
2018-04-03 20:03:40: == Sync Complete. Time: 00:00:15, Speed: 2.53 KB/s, OK: 2, Errors: 0
2018-04-03 20:03:40: Unlocking folder S:/Documents/MinecraftModding/xcraftmod/src/_gsdata_/lock.gsl
2018-04-03 20:03:40: Unlocking folder gdrive://www.googleapis.com/Good Sync/Eclips Projects/Moding Minecraft 1.12.2/Application/_gsdata_/lock.gsl
2018-04-03 20:03:41: 
