2018-04-04 15:56:38: Connected to S:\Documents\MinecraftModding\xcraftmod\src: S: NTFS: type=NTFS vol=Data Storage flags=3E706FF
2018-04-04 15:56:38: Connected to gdrive://www.googleapis.com/Good Sync/Eclips Projects/Moding Minecraft 1.12.2/Application
2018-04-04 15:56:38: Incremental Analyze for On File Change
2018-04-04 15:56:38: -- Analysis Started by On File Change, After Delay, Under Runner
2018-04-04 15:56:38: Mod Sync: ANALYSIS started by On File Change, After Delay, Under Runner on 'SENPAI_DESKTOP' (GoodSync 10.8.1.1)
2018-04-04 15:56:38: =Data Storage:\Documents\MinecraftModding\xcraftmod\src (S:/Documents/MinecraftModding/xcraftmod/src) [TmpDest] <-> gdrive://www.googleapis.com/Good Sync/Eclips Projects/Moding Minecraft 1.12.2/Application [DirDest], RecycleTo_RecycleBin, SaveDays_RecycleBin=30d, ReconnectSecs=120, SyncWorkerThreads=99, OnFileChange Delay=5, Unattended, WaitForLocksMin=20, ResolveConflicts=NewerFileWins, AutoClear, LinksIgnore
2018-04-04 15:56:38: Exclude Hidden, Exclude System, Exclude name *._gstmp|/System Volume Information|Thumbs.db|.DS_Store 
2018-04-04 15:56:38: Locking folder S:/Documents/MinecraftModding/xcraftmod/src for write
2018-04-04 15:56:38: Change Analyzed: S:/Documents/MinecraftModding/xcraftmod/src/main/resources/assets/sxm/models/block/ore_nether_tin.json
2018-04-04 15:56:38: Change Analyzed: S:/Documents/MinecraftModding/xcraftmod/src/main/resources/assets/sxm/models/block/ore_nether_tin.json
2018-04-04 15:56:38: Locking folder gdrive://www.googleapis.com/Good Sync/Eclips Projects/Moding Minecraft 1.12.2/Application for write
2018-04-04 15:56:40: On disk file:///S: space required for sync is 0 bytes, you have 1.25 TB
2018-04-04 15:56:40: On disk gdrive://www.googleapis.com space required for sync is 1.00 KB, you have 12.4 GB
2018-04-04 15:56:41: Changes: 1, Conflicts: 0, CopyTime: 0, FixState: 0, Errors: 0, All: 22412
2018-04-04 15:56:41: Left to Right: Copy File: 1 
2018-04-04 15:56:41: -- Analysis Complete. Time 00:00:04, Speed: 138 files/s
2018-04-04 15:56:41: == Sync Started by On File Change, After Delay, Under Runner
2018-04-04 15:56:41: Mod Sync: SYNC started by On File Change, After Delay, Under Runner on 'SENPAI_DESKTOP'
2018-04-04 15:56:41: =Data Storage:\Documents\MinecraftModding\xcraftmod\src (S:/Documents/MinecraftModding/xcraftmod/src) [TmpDest] <-> gdrive://www.googleapis.com/Good Sync/Eclips Projects/Moding Minecraft 1.12.2/Application [DirDest], RecycleTo_RecycleBin, SaveDays_RecycleBin=30d, ReconnectSecs=120, SyncWorkerThreads=99, OnFileChange Delay=5, Unattended, WaitForLocksMin=20, ResolveConflicts=NewerFileWins, AutoClear, LinksIgnore
2018-04-04 15:56:41: File Systems limited number of parallel threads to 20
2018-04-04 15:56:41: Start only 1 threads, limited by tasks to run
2018-04-04 15:56:43: Load Recycled DB: gdrive://www.googleapis.com/Good Sync/Eclips Projects/Moding Minecraft 1.12.2/Application/_gsdata_/_recycled_db._gs
2018-04-04 15:56:44: Change detected [0]: t=Modified path=/main/resources/assets/sxm/models/block/ore_overworld_tin.json
2018-04-04 15:56:44: Change detected [0]: t=Modified path=/main/resources/assets/sxm/models/block/ore_overworld_tin.json
2018-04-04 15:56:44: Copy Over 'S:/Documents/MinecraftModding/xcraftmod/src/main/resources/assets/sxm/models/block/ore_nether_tin.json' -> 'gdrive://www.googleapis.com/Good Sync/Eclips Projects/Moding Minecraft 1.12.2/Application/main/resources/assets/sxm/models/block/ore_nether_tin.json' (87)
2018-04-04 15:56:45: Save State File S:/Documents/MinecraftModding/xcraftmod/src/_gsdata_/_file_state_v4._gs
2018-04-04 15:56:46: Save State File gdrive://www.googleapis.com/Good Sync/Eclips Projects/Moding Minecraft 1.12.2/Application/_gsdata_/_file_state_v4._gs
2018-04-04 15:56:46: Cleanup recycled files in S:/Documents/MinecraftModding/xcraftmod/src/_gsdata_/_saved_
2018-04-04 15:56:46: Load Recycled DB: S:/Documents/MinecraftModding/xcraftmod/src/_gsdata_/_recycled_db._gs
2018-04-04 15:56:46: Deleted old log file C:/Users/Senpai/AppData/Roaming/GoodSync/_mirrors_/file-=Data Storage-Documents-MinecraftModding-xcraftmod-src/2018-0328-155328-SENPAI_DESKTOP-Runner-Mod Sync.log
2018-04-04 15:56:46: Deleted old log file C:/Users/Senpai/AppData/Roaming/GoodSync/_mirrors_/file-=Data Storage-Documents-MinecraftModding-xcraftmod-src/2018-0328-155349-SENPAI_DESKTOP-Runner-Mod Sync.log
2018-04-04 15:56:46: Deleted old log file C:/Users/Senpai/AppData/Roaming/GoodSync/_mirrors_/file-=Data Storage-Documents-MinecraftModding-xcraftmod-src/2018-0328-155404-SENPAI_DESKTOP-Runner-Mod Sync.log
2018-04-04 15:56:46: Deleted old log file C:/Users/Senpai/AppData/Roaming/GoodSync/_mirrors_/file-=Data Storage-Documents-MinecraftModding-xcraftmod-src/2018-0328-155440-SENPAI_DESKTOP-Runner-Mod Sync.log
2018-04-04 15:56:46: Cleanup old logs in S:/Documents/MinecraftModding/xcraftmod/src/_gsdata_
2018-04-04 15:56:47: Delete log file S:/Documents/MinecraftModding/xcraftmod/src/_gsdata_/2018-0328-155328-SENPAI_DESKTOP-Runner-Mod Sync.log
2018-04-04 15:56:47: Delete log file S:/Documents/MinecraftModding/xcraftmod/src/_gsdata_/2018-0328-155404-SENPAI_DESKTOP-Runner-Mod Sync.log
2018-04-04 15:56:47: Cleanup recycled files in gdrive://www.googleapis.com/Good Sync/Eclips Projects/Moding Minecraft 1.12.2/Application/_gsdata_/_saved_
2018-04-04 15:56:48: Change detected [1]: t=Modified path=/main/resources/assets/sxm/models/block/ore_nether_tin.json
2018-04-04 15:56:48: Change detected [1]: t=Created path=/main/resources/assets/sxm/models/block/ore_nether_tin.json
2018-04-04 15:56:48: Change detected [1]: t=MovedFrom path=/main/resources/assets/sxm/models/block/ore_nether_tin.json
2018-04-04 15:56:48: Save Recycled DB: gdrive://www.googleapis.com/Good Sync/Eclips Projects/Moding Minecraft 1.12.2/Application/_gsdata_/_recycled_db._gs
2018-04-04 15:56:48: Deleted old log file C:/Users/Senpai/AppData/Roaming/GoodSync/_mirrors_/gdrive-Wicky_Gustave-0AGIAX4LCOy-XUk9PVA@www.googleapis.com-Good Sync-Eclips Projects-Moding Minecraft 1.12.2-Application/2018-0328-155328-SENPAI_DESKTOP-Runner-Mod Sync.log
2018-04-04 15:56:48: Deleted old log file C:/Users/Senpai/AppData/Roaming/GoodSync/_mirrors_/gdrive-Wicky_Gustave-0AGIAX4LCOy-XUk9PVA@www.googleapis.com-Good Sync-Eclips Projects-Moding Minecraft 1.12.2-Application/2018-0328-155349-SENPAI_DESKTOP-Runner-Mod Sync.log
2018-04-04 15:56:48: Deleted old log file C:/Users/Senpai/AppData/Roaming/GoodSync/_mirrors_/gdrive-Wicky_Gustave-0AGIAX4LCOy-XUk9PVA@www.googleapis.com-Good Sync-Eclips Projects-Moding Minecraft 1.12.2-Application/2018-0328-155404-SENPAI_DESKTOP-Runner-Mod Sync.log
2018-04-04 15:56:48: Deleted old log file C:/Users/Senpai/AppData/Roaming/GoodSync/_mirrors_/gdrive-Wicky_Gustave-0AGIAX4LCOy-XUk9PVA@www.googleapis.com-Good Sync-Eclips Projects-Moding Minecraft 1.12.2-Application/2018-0328-155440-SENPAI_DESKTOP-Runner-Mod Sync.log
2018-04-04 15:56:48: Cleanup old logs in gdrive://www.googleapis.com/Good Sync/Eclips Projects/Moding Minecraft 1.12.2/Application/_gsdata_
2018-04-04 15:56:49: Delete log file gdrive://www.googleapis.com/Good Sync/Eclips Projects/Moding Minecraft 1.12.2/Application/_gsdata_/2018-0328-155328-SENPAI_DESKTOP-Runner-Mod Sync.log
2018-04-04 15:56:50: Delete log file gdrive://www.googleapis.com/Good Sync/Eclips Projects/Moding Minecraft 1.12.2/Application/_gsdata_/2018-0328-155404-SENPAI_DESKTOP-Runner-Mod Sync.log
2018-04-04 15:56:50: == Sync Complete. Time: 00:00:09, Speed: 640 bytes/s, OK: 1, Errors: 0
2018-04-04 15:56:50: Unlocking folder S:/Documents/MinecraftModding/xcraftmod/src/_gsdata_/lock.gsl
2018-04-04 15:56:50: Unlocking folder gdrive://www.googleapis.com/Good Sync/Eclips Projects/Moding Minecraft 1.12.2/Application/_gsdata_/lock.gsl
2018-04-04 15:56:51: 
