2018-04-03 23:41:44: Connected to S:\Documents\MinecraftModding\xcraftmod\src: S: NTFS: type=NTFS vol=Data Storage flags=3E706FF
2018-04-03 23:41:44: Connected to gdrive://www.googleapis.com/Good Sync/Eclips Projects/Moding Minecraft 1.12.2/Application
2018-04-03 23:41:44: Incremental Analyze for On File Change
2018-04-03 23:41:44: -- Analysis Started by On File Change, After Delay, Under Runner
2018-04-03 23:41:44: Mod Sync: ANALYSIS started by On File Change, After Delay, Under Runner on 'SENPAI_DESKTOP' (GoodSync 10.8.1.1)
2018-04-03 23:41:44: =Data Storage:\Documents\MinecraftModding\xcraftmod\src (S:/Documents/MinecraftModding/xcraftmod/src) [TmpDest] <-> gdrive://www.googleapis.com/Good Sync/Eclips Projects/Moding Minecraft 1.12.2/Application [DirDest], RecycleTo_RecycleBin, SaveDays_RecycleBin=30d, ReconnectSecs=120, SyncWorkerThreads=99, OnFileChange Delay=5, Unattended, WaitForLocksMin=20, ResolveConflicts=NewerFileWins, AutoClear, LinksIgnore
2018-04-03 23:41:44: Exclude Hidden, Exclude System, Exclude name *._gstmp|/System Volume Information|Thumbs.db|.DS_Store 
2018-04-03 23:41:44: Locking folder S:/Documents/MinecraftModding/xcraftmod/src for write
2018-04-03 23:41:45: Change Analyzed: S:/Documents/MinecraftModding/xcraftmod/src/main/java/com/senpai/config
2018-04-03 23:41:45: Scan Newly Added Folder: S:/Documents/MinecraftModding/xcraftmod/src/main/java/com/senpai/config
2018-04-03 23:41:45: Change Analyzed: S:/Documents/MinecraftModding/xcraftmod/src/main/java/com/senpai/config/BoeConfig.java
2018-04-03 23:41:45: Change Analyzed: S:/Documents/MinecraftModding/xcraftmod/src/main/java/com/senpai/config/BoeConfig.java
2018-04-03 23:41:45: Change Analyzed: S:/Documents/MinecraftModding/xcraftmod/src/main/java/com/senpai/config/BoeConfig.java
2018-04-03 23:41:45: Change Analyzed: S:/Documents/MinecraftModding/xcraftmod/src/main/java/com/senpai/config/BoeConfig.java
2018-04-03 23:41:45: Change Analyzed: S:/Documents/MinecraftModding/xcraftmod/src/main/java/com/senpai/config/BoeConfigGuiFactory.java
2018-04-03 23:41:45: Change Analyzed: S:/Documents/MinecraftModding/xcraftmod/src/main/java/com/senpai/config/BoeConfigGuiFactory.java
2018-04-03 23:41:45: Change Analyzed: S:/Documents/MinecraftModding/xcraftmod/src/main/java/com/senpai/config/BoeConfigGuiFactory.java
2018-04-03 23:41:45: Change Analyzed: S:/Documents/MinecraftModding/xcraftmod/src/main/java/com/senpai/config/BoeConfig.java
2018-04-03 23:41:45: Locking folder gdrive://www.googleapis.com/Good Sync/Eclips Projects/Moding Minecraft 1.12.2/Application for write
2018-04-03 23:41:46: Change detected [0]: t=MovedFrom path=/main/java/com/senpai/config/BoeConfig.java
2018-04-03 23:41:46: Change detected [0]: t=MovedTo path=/main/java/com/senpai/config/Config.java
2018-04-03 23:41:47: On disk file:///S: space required for sync is 0 bytes, you have 1.25 TB
2018-04-03 23:41:47: On disk gdrive://www.googleapis.com space required for sync is 9.00 KB, you have 12.4 GB
2018-04-03 23:41:47: Changes: 3, Conflicts: 0, CopyTime: 0, FixState: 0, Errors: 0, All: 22138
2018-04-03 23:41:47: Left to Right: Copy File: 3 
2018-04-03 23:41:47: -- Analysis Complete. Time 00:00:04, Speed: 106 files/s
2018-04-03 23:41:47: == Sync Started by On File Change, After Delay, Under Runner
2018-04-03 23:41:47: Mod Sync: SYNC started by On File Change, After Delay, Under Runner on 'SENPAI_DESKTOP'
2018-04-03 23:41:47: =Data Storage:\Documents\MinecraftModding\xcraftmod\src (S:/Documents/MinecraftModding/xcraftmod/src) [TmpDest] <-> gdrive://www.googleapis.com/Good Sync/Eclips Projects/Moding Minecraft 1.12.2/Application [DirDest], RecycleTo_RecycleBin, SaveDays_RecycleBin=30d, ReconnectSecs=120, SyncWorkerThreads=99, OnFileChange Delay=5, Unattended, WaitForLocksMin=20, ResolveConflicts=NewerFileWins, AutoClear, LinksIgnore
2018-04-03 23:41:48: Create Folder 'gdrive://www.googleapis.com/Good Sync/Eclips Projects/Moding Minecraft 1.12.2/Application/main/java/com/senpai/config'
2018-04-03 23:41:48: File Systems limited number of parallel threads to 20
2018-04-03 23:41:48: Start only 2 threads, limited by tasks to run
2018-04-03 23:41:48: Copy New 'S:/Documents/MinecraftModding/xcraftmod/src/main/java/com/senpai/config/BoeConfig.java' -> 'gdrive://www.googleapis.com/Good Sync/Eclips Projects/Moding Minecraft 1.12.2/Application/main/java/com/senpai/config/BoeConfig.java' (4425)
- ERROR: Copying file: Cannot open local file 'S:/Documents/MinecraftModding/xcraftmod/src/main/java/com/senpai/config/BoeConfig.java' for read: The system cannot find the file specified.  (error 2)
2018-04-03 23:41:49: Copy New 'S:/Documents/MinecraftModding/xcraftmod/src/main/java/com/senpai/config/BoeConfigGuiFactory.java' -> 'gdrive://www.googleapis.com/Good Sync/Eclips Projects/Moding Minecraft 1.12.2/Application/main/java/com/senpai/config/BoeConfigGuiFactory.java' (3671)
2018-04-03 23:41:50: Save State File S:/Documents/MinecraftModding/xcraftmod/src/_gsdata_/_file_state_v4._gs
2018-04-03 23:41:51: Save State File gdrive://www.googleapis.com/Good Sync/Eclips Projects/Moding Minecraft 1.12.2/Application/_gsdata_/_file_state_v4._gs
2018-04-03 23:41:51: Sync finished with 1 errors. Click Errors button to see sync errors
2018-04-03 23:41:51: Cleanup recycled files in S:/Documents/MinecraftModding/xcraftmod/src/_gsdata_/_saved_
2018-04-03 23:41:51: Load Recycled DB: S:/Documents/MinecraftModding/xcraftmod/src/_gsdata_/_recycled_db._gs
2018-04-03 23:41:51: Cleanup old logs in S:/Documents/MinecraftModding/xcraftmod/src/_gsdata_
2018-04-03 23:41:51: Cleanup recycled files in gdrive://www.googleapis.com/Good Sync/Eclips Projects/Moding Minecraft 1.12.2/Application/_gsdata_/_saved_
2018-04-03 23:41:51: Change detected [0]: t=MovedFrom path=/main/java/com/senpai/config/BoeConfigGuiFactory.java
2018-04-03 23:41:51: Change detected [0]: t=MovedTo path=/main/java/com/senpai/config/ConfigGuiFactory.java
2018-04-03 23:41:52: Load Recycled DB: gdrive://www.googleapis.com/Good Sync/Eclips Projects/Moding Minecraft 1.12.2/Application/_gsdata_/_recycled_db._gs
2018-04-03 23:41:52: Cleanup old logs in gdrive://www.googleapis.com/Good Sync/Eclips Projects/Moding Minecraft 1.12.2/Application/_gsdata_
2018-04-03 23:41:52: == Sync Complete. Time: 00:00:05, Speed: 10.6 KB/s, OK: 2, Errors: 1
2018-04-03 23:41:52: Deleted lock file S:/Documents/MinecraftModding/xcraftmod/src/_gsdata_/lock.gsl
2018-04-03 23:41:52: Deleted lock file gdrive://www.googleapis.com/Good Sync/Eclips Projects/Moding Minecraft 1.12.2/Application/_gsdata_/lock.gsl
2018-04-03 23:41:52: 
