2018-04-04 02:11:45: Connected to S:\Documents\MinecraftModding\xcraftmod\src: S: NTFS: type=NTFS vol=Data Storage flags=3E706FF
2018-04-04 02:11:45: Connected to gdrive://www.googleapis.com/Good Sync/Eclips Projects/Moding Minecraft 1.12.2/Application
2018-04-04 02:11:45: Incremental Analyze for On File Change
2018-04-04 02:11:46: -- Analysis Started by On File Change, After Delay, Under Runner
2018-04-04 02:11:46: Mod Sync: ANALYSIS started by On File Change, After Delay, Under Runner on 'SENPAI_DESKTOP' (GoodSync 10.8.1.1)
2018-04-04 02:11:46: =Data Storage:\Documents\MinecraftModding\xcraftmod\src (S:/Documents/MinecraftModding/xcraftmod/src) [TmpDest] <-> gdrive://www.googleapis.com/Good Sync/Eclips Projects/Moding Minecraft 1.12.2/Application [DirDest], RecycleTo_RecycleBin, SaveDays_RecycleBin=30d, ReconnectSecs=120, SyncWorkerThreads=99, OnFileChange Delay=5, Unattended, WaitForLocksMin=20, ResolveConflicts=NewerFileWins, AutoClear, LinksIgnore
2018-04-04 02:11:46: Exclude Hidden, Exclude System, Exclude name *._gstmp|/System Volume Information|Thumbs.db|.DS_Store 
2018-04-04 02:11:46: Locking folder S:/Documents/MinecraftModding/xcraftmod/src for write
2018-04-04 02:11:46: Change Analyzed: S:/Documents/MinecraftModding/xcraftmod/src/main/resources/assets/sxm/models/item/ore_nether_tin.json
2018-04-04 02:11:46: Change Analyzed: S:/Documents/MinecraftModding/xcraftmod/src/main/resources/assets/sxm/models/item/ore_nether_tin.json
2018-04-04 02:11:46: Change Analyzed: S:/Documents/MinecraftModding/xcraftmod/src/main/resources/assets/sxm/models/item/ore_end_tin.json
2018-04-04 02:11:46: Change Analyzed: S:/Documents/MinecraftModding/xcraftmod/src/main/resources/assets/sxm/models/item/ore_end_tin.json
2018-04-04 02:11:46: Locking folder gdrive://www.googleapis.com/Good Sync/Eclips Projects/Moding Minecraft 1.12.2/Application for write
2018-04-04 02:11:52: Change Analyzed: gdrive://www.googleapis.com/Good Sync/Eclips Projects/Moding Minecraft 1.12.2/Application/main/resources/assets/sxm/models/item/ore_overworld_tin.json
2018-04-04 02:11:52: Change Analyzed: gdrive://www.googleapis.com/Good Sync/Eclips Projects/Moding Minecraft 1.12.2/Application/main/resources/assets/sxm/models/item/ore_overworld_tin.json
2018-04-04 02:11:57: On disk file:///S: space required for sync is 0 bytes, you have 1.25 TB
2018-04-04 02:11:57: On disk gdrive://www.googleapis.com space required for sync is 2.00 KB, you have 12.4 GB
2018-04-04 02:11:57: Changes: 2, Conflicts: 0, CopyTime: 0, FixState: 0, Errors: 0, All: 22343
2018-04-04 02:11:57: Left to Right: Copy File: 2 
2018-04-04 02:11:57: -- Analysis Complete. Time 00:00:13, Speed: 42 files/s
2018-04-04 02:11:57: == Sync Started by On File Change, After Delay, Under Runner
2018-04-04 02:11:57: Mod Sync: SYNC started by On File Change, After Delay, Under Runner on 'SENPAI_DESKTOP'
2018-04-04 02:11:57: =Data Storage:\Documents\MinecraftModding\xcraftmod\src (S:/Documents/MinecraftModding/xcraftmod/src) [TmpDest] <-> gdrive://www.googleapis.com/Good Sync/Eclips Projects/Moding Minecraft 1.12.2/Application [DirDest], RecycleTo_RecycleBin, SaveDays_RecycleBin=30d, ReconnectSecs=120, SyncWorkerThreads=99, OnFileChange Delay=5, Unattended, WaitForLocksMin=20, ResolveConflicts=NewerFileWins, AutoClear, LinksIgnore
2018-04-04 02:11:58: File Systems limited number of parallel threads to 20
2018-04-04 02:11:58: Start only 2 threads, limited by tasks to run
2018-04-04 02:12:01: Load Recycled DB: gdrive://www.googleapis.com/Good Sync/Eclips Projects/Moding Minecraft 1.12.2/Application/_gsdata_/_recycled_db._gs
2018-04-04 02:12:02: Copy Over 'S:/Documents/MinecraftModding/xcraftmod/src/main/resources/assets/sxm/models/item/ore_nether_tin.json' -> 'gdrive://www.googleapis.com/Good Sync/Eclips Projects/Moding Minecraft 1.12.2/Application/main/resources/assets/sxm/models/item/ore_nether_tin.json' (41)
2018-04-04 02:12:03: Copy Over 'S:/Documents/MinecraftModding/xcraftmod/src/main/resources/assets/sxm/models/item/ore_end_tin.json' -> 'gdrive://www.googleapis.com/Good Sync/Eclips Projects/Moding Minecraft 1.12.2/Application/main/resources/assets/sxm/models/item/ore_end_tin.json' (38)
2018-04-04 02:12:05: Save State File S:/Documents/MinecraftModding/xcraftmod/src/_gsdata_/_file_state_v4._gs
2018-04-04 02:12:06: Change detected [1]: t=Modified path=/main/resources/assets/sxm/models/item/ore_end_tin.json
2018-04-04 02:12:06: Change detected [1]: t=Created path=/main/resources/assets/sxm/models/item/ore_end_tin.json
2018-04-04 02:12:06: Change detected [1]: t=Modified path=/main/resources/assets/sxm/models/item/ore_nether_tin.json
2018-04-04 02:12:06: Change detected [1]: t=Created path=/main/resources/assets/sxm/models/item/ore_nether_tin.json
2018-04-04 02:12:06: Change detected [1]: t=MovedFrom path=/main/resources/assets/sxm/models/item/ore_nether_tin.json
2018-04-04 02:12:06: Change detected [1]: t=MovedFrom path=/main/resources/assets/sxm/models/item/ore_end_tin.json
2018-04-04 02:12:07: Save State File gdrive://www.googleapis.com/Good Sync/Eclips Projects/Moding Minecraft 1.12.2/Application/_gsdata_/_file_state_v4._gs
2018-04-04 02:12:08: Cleanup recycled files in S:/Documents/MinecraftModding/xcraftmod/src/_gsdata_/_saved_
2018-04-04 02:12:08: Load Recycled DB: S:/Documents/MinecraftModding/xcraftmod/src/_gsdata_/_recycled_db._gs
2018-04-04 02:12:08: Deleted old log file C:/Users/Senpai/AppData/Roaming/GoodSync/_mirrors_/file-=Data Storage-Documents-MinecraftModding-xcraftmod-src/2018-0328-021138-SENPAI_DESKTOP-Runner-Mod Sync.log
2018-04-04 02:12:08: Cleanup old logs in S:/Documents/MinecraftModding/xcraftmod/src/_gsdata_
2018-04-04 02:12:08: Delete log file S:/Documents/MinecraftModding/xcraftmod/src/_gsdata_/2018-0328-021138-SENPAI_DESKTOP-Runner-Mod Sync.log
2018-04-04 02:12:08: Cleanup recycled files in gdrive://www.googleapis.com/Good Sync/Eclips Projects/Moding Minecraft 1.12.2/Application/_gsdata_/_saved_
2018-04-04 02:12:09: Save Recycled DB: gdrive://www.googleapis.com/Good Sync/Eclips Projects/Moding Minecraft 1.12.2/Application/_gsdata_/_recycled_db._gs
2018-04-04 02:12:09: Deleted old log file C:/Users/Senpai/AppData/Roaming/GoodSync/_mirrors_/gdrive-Wicky_Gustave-0AGIAX4LCOy-XUk9PVA@www.googleapis.com-Good Sync-Eclips Projects-Moding Minecraft 1.12.2-Application/2018-0328-021138-SENPAI_DESKTOP-Runner-Mod Sync.log
2018-04-04 02:12:09: Cleanup old logs in gdrive://www.googleapis.com/Good Sync/Eclips Projects/Moding Minecraft 1.12.2/Application/_gsdata_
2018-04-04 02:12:10: Delete log file gdrive://www.googleapis.com/Good Sync/Eclips Projects/Moding Minecraft 1.12.2/Application/_gsdata_/2018-0328-021138-SENPAI_DESKTOP-Runner-Mod Sync.log
2018-04-04 02:12:10: == Sync Complete. Time: 00:00:13, Speed: 1.63 KB/s, OK: 2, Errors: 0
2018-04-04 02:12:10: Unlocking folder S:/Documents/MinecraftModding/xcraftmod/src/_gsdata_/lock.gsl
2018-04-04 02:12:10: Unlocking folder gdrive://www.googleapis.com/Good Sync/Eclips Projects/Moding Minecraft 1.12.2/Application/_gsdata_/lock.gsl
2018-04-04 02:12:11: 
