2018-04-04 00:46:06: Connected to S:\Documents\MinecraftModding\xcraftmod\src: S: NTFS: type=NTFS vol=Data Storage flags=3E706FF
2018-04-04 00:46:06: Connected to gdrive://www.googleapis.com/Good Sync/Eclips Projects/Moding Minecraft 1.12.2/Application
2018-04-04 00:46:07: Incremental Analyze for On File Change
2018-04-04 00:46:07: -- Analysis Started by On File Change, After Delay, Under Runner
2018-04-04 00:46:07: Mod Sync: ANALYSIS started by On File Change, After Delay, Under Runner on 'SENPAI_DESKTOP' (GoodSync 10.8.1.1)
2018-04-04 00:46:07: =Data Storage:\Documents\MinecraftModding\xcraftmod\src (S:/Documents/MinecraftModding/xcraftmod/src) [TmpDest] <-> gdrive://www.googleapis.com/Good Sync/Eclips Projects/Moding Minecraft 1.12.2/Application [DirDest], RecycleTo_RecycleBin, SaveDays_RecycleBin=30d, ReconnectSecs=120, SyncWorkerThreads=99, OnFileChange Delay=5, Unattended, WaitForLocksMin=20, ResolveConflicts=NewerFileWins, AutoClear, LinksIgnore
2018-04-04 00:46:07: Exclude Hidden, Exclude System, Exclude name *._gstmp|/System Volume Information|Thumbs.db|.DS_Store 
2018-04-04 00:46:07: Locking folder S:/Documents/MinecraftModding/xcraftmod/src for write
2018-04-04 00:46:07: Change Analyzed: S:/Documents/MinecraftModding/xcraftmod/src/main/java/com/senpai/Main.java
2018-04-04 00:46:07: Change Analyzed: S:/Documents/MinecraftModding/xcraftmod/src/main/java/com/senpai/Main.java
2018-04-04 00:46:07: Change Analyzed: S:/Documents/MinecraftModding/xcraftmod/src/main/java/com/senpai/TutorialTab.java
2018-04-04 00:46:07: Change Analyzed: S:/Documents/MinecraftModding/xcraftmod/src/main/java/com/senpai/Tab.java
2018-04-04 00:46:07: Change Analyzed: S:/Documents/MinecraftModding/xcraftmod/src/main/java/com/senpai/Tab.java
2018-04-04 00:46:07: Change Analyzed: S:/Documents/MinecraftModding/xcraftmod/src/main/java/com/senpai/Tab.java
2018-04-04 00:46:07: Locking folder gdrive://www.googleapis.com/Good Sync/Eclips Projects/Moding Minecraft 1.12.2/Application for write
2018-04-04 00:46:09: On disk file:///S: space required for sync is 0 bytes, you have 1.25 TB
2018-04-04 00:46:09: On disk gdrive://www.googleapis.com space required for sync is 3.00 KB, you have 12.4 GB
2018-04-04 00:46:09: Changes: 3, Conflicts: 0, CopyTime: 0, FixState: 0, Errors: 0, All: 22182
2018-04-04 00:46:09: Left to Right: Copy File: 2 Delete File: 1 
2018-04-04 00:46:09: -- Analysis Complete. Time 00:00:04, Speed: 105 files/s
2018-04-04 00:46:09: == Sync Started by On File Change, After Delay, Under Runner
2018-04-04 00:46:09: Mod Sync: SYNC started by On File Change, After Delay, Under Runner on 'SENPAI_DESKTOP'
2018-04-04 00:46:09: =Data Storage:\Documents\MinecraftModding\xcraftmod\src (S:/Documents/MinecraftModding/xcraftmod/src) [TmpDest] <-> gdrive://www.googleapis.com/Good Sync/Eclips Projects/Moding Minecraft 1.12.2/Application [DirDest], RecycleTo_RecycleBin, SaveDays_RecycleBin=30d, ReconnectSecs=120, SyncWorkerThreads=99, OnFileChange Delay=5, Unattended, WaitForLocksMin=20, ResolveConflicts=NewerFileWins, AutoClear, LinksIgnore
2018-04-04 00:46:10: Change detected [0]: t=Modified path=/main/java/com/senpai/Main.java
2018-04-04 00:46:10: Change detected [0]: t=Modified path=/main/java/com/senpai/Main.java
2018-04-04 00:46:10: Change detected [0]: t=Deleted path=/main/java/com/senpai/Tab.java
2018-04-04 00:46:10: Change detected [0]: t=Created path=/main/java/com/senpai/util/Tab.java
2018-04-04 00:46:10: Change detected [0]: t=Modified path=/main/java/com/senpai/util/Tab.java
2018-04-04 00:46:10: Change detected [0]: t=Modified path=/main/java/com/senpai/util/Tab.java
2018-04-04 00:46:11: Load Recycled DB: gdrive://www.googleapis.com/Good Sync/Eclips Projects/Moding Minecraft 1.12.2/Application/_gsdata_/_recycled_db._gs
2018-04-04 00:46:11: Delete File 'gdrive://www.googleapis.com/Good Sync/Eclips Projects/Moding Minecraft 1.12.2/Application/main/java/com/senpai/TutorialTab.java'
2018-04-04 00:46:12: File Systems limited number of parallel threads to 20
2018-04-04 00:46:12: Start only 2 threads, limited by tasks to run
2018-04-04 00:46:12: Copy New 'S:/Documents/MinecraftModding/xcraftmod/src/main/java/com/senpai/Tab.java' -> 'gdrive://www.googleapis.com/Good Sync/Eclips Projects/Moding Minecraft 1.12.2/Application/main/java/com/senpai/Tab.java' (330)
- ERROR: Copying file: Cannot open local file 'S:/Documents/MinecraftModding/xcraftmod/src/main/java/com/senpai/Tab.java' for read: The system cannot find the file specified.  (error 2)
2018-04-04 00:46:12: Copy New 'S:/Documents/MinecraftModding/xcraftmod/src/main/java/com/senpai/Tab.java' -> 'gdrive://www.googleapis.com/Good Sync/Eclips Projects/Moding Minecraft 1.12.2/Application/main/java/com/senpai/Tab.java' (330)
- ERROR: Copying file: Cannot open local file 'S:/Documents/MinecraftModding/xcraftmod/src/main/java/com/senpai/Tab.java' for read: The system cannot find the file specified.  (error 2)
2018-04-04 00:46:14: S:/Documents/MinecraftModding/xcraftmod/src/main/java/com/senpai/Main.java: Source file has changed between Analyze and Sync from '[file] size=1488 accu-time=2018-04-04 00:45:56 attr=Archive cktype=0' to 'size=1517 time=2018-04-04 00:46:09', noted in source file state
2018-04-04 00:46:14: Copy Over 'S:/Documents/MinecraftModding/xcraftmod/src/main/java/com/senpai/Main.java' -> 'gdrive://www.googleapis.com/Good Sync/Eclips Projects/Moding Minecraft 1.12.2/Application/main/java/com/senpai/Main.java' (1488)
2018-04-04 00:46:15: Save State File S:/Documents/MinecraftModding/xcraftmod/src/_gsdata_/_file_state_v4._gs
2018-04-04 00:46:16: Save State File gdrive://www.googleapis.com/Good Sync/Eclips Projects/Moding Minecraft 1.12.2/Application/_gsdata_/_file_state_v4._gs
2018-04-04 00:46:16: Sync finished with 2 errors. Click Errors button to see sync errors
2018-04-04 00:46:16: Cleanup recycled files in S:/Documents/MinecraftModding/xcraftmod/src/_gsdata_/_saved_
2018-04-04 00:46:16: Load Recycled DB: S:/Documents/MinecraftModding/xcraftmod/src/_gsdata_/_recycled_db._gs
2018-04-04 00:46:16: Deleted old log file C:/Users/Senpai/AppData/Roaming/GoodSync/_mirrors_/file-=Data Storage-Documents-MinecraftModding-xcraftmod-src/2018-0328-004541-SENPAI_DESKTOP-Runner-Mod Sync.log
2018-04-04 00:46:16: Cleanup old logs in S:/Documents/MinecraftModding/xcraftmod/src/_gsdata_
2018-04-04 00:46:16: Delete log file S:/Documents/MinecraftModding/xcraftmod/src/_gsdata_/2018-0328-004541-SENPAI_DESKTOP-Runner-Mod Sync.log
2018-04-04 00:46:16: Cleanup recycled files in gdrive://www.googleapis.com/Good Sync/Eclips Projects/Moding Minecraft 1.12.2/Application/_gsdata_/_saved_
2018-04-04 00:46:17: Change detected [1]: t=Modified path=/main/java/com/senpai/Main.java
2018-04-04 00:46:17: Change detected [1]: t=Created path=/main/java/com/senpai/Main.java
2018-04-04 00:46:17: Change detected [1]: t=MovedFrom path=/main/java/com/senpai/Main.java
2018-04-04 00:46:17: Change detected [1]: t=MovedFrom path=/main/java/com/senpai/TutorialTab.java
2018-04-04 00:46:17: Save Recycled DB: gdrive://www.googleapis.com/Good Sync/Eclips Projects/Moding Minecraft 1.12.2/Application/_gsdata_/_recycled_db._gs
2018-04-04 00:46:17: Deleted old log file C:/Users/Senpai/AppData/Roaming/GoodSync/_mirrors_/gdrive-Wicky_Gustave-0AGIAX4LCOy-XUk9PVA@www.googleapis.com-Good Sync-Eclips Projects-Moding Minecraft 1.12.2-Application/2018-0328-004541-SENPAI_DESKTOP-Runner-Mod Sync.log
2018-04-04 00:46:17: Cleanup old logs in gdrive://www.googleapis.com/Good Sync/Eclips Projects/Moding Minecraft 1.12.2/Application/_gsdata_
2018-04-04 00:46:18: Delete log file gdrive://www.googleapis.com/Good Sync/Eclips Projects/Moding Minecraft 1.12.2/Application/_gsdata_/2018-0328-004541-SENPAI_DESKTOP-Runner-Mod Sync.log
2018-04-04 00:46:18: == Sync Complete. Time: 00:00:09, Speed: 3.85 KB/s, OK: 2, Errors: 2
2018-04-04 00:46:18: Deleted lock file S:/Documents/MinecraftModding/xcraftmod/src/_gsdata_/lock.gsl
2018-04-04 00:46:18: Deleted lock file gdrive://www.googleapis.com/Good Sync/Eclips Projects/Moding Minecraft 1.12.2/Application/_gsdata_/lock.gsl
2018-04-04 00:46:18: 
