2018-04-04 01:35:10: Connected to S:\Documents\MinecraftModding\xcraftmod\src: S: NTFS: type=NTFS vol=Data Storage flags=3E706FF
2018-04-04 01:35:11: Connected to gdrive://www.googleapis.com/Good Sync/Eclips Projects/Moding Minecraft 1.12.2/Application
2018-04-04 01:35:11: Incremental Analyze for On File Change
2018-04-04 01:35:11: -- Analysis Started by On File Change, After Delay, Under Runner
2018-04-04 01:35:11: Mod Sync: ANALYSIS started by On File Change, After Delay, Under Runner on 'SENPAI_DESKTOP' (GoodSync 10.8.1.1)
2018-04-04 01:35:11: =Data Storage:\Documents\MinecraftModding\xcraftmod\src (S:/Documents/MinecraftModding/xcraftmod/src) [TmpDest] <-> gdrive://www.googleapis.com/Good Sync/Eclips Projects/Moding Minecraft 1.12.2/Application [DirDest], RecycleTo_RecycleBin, SaveDays_RecycleBin=30d, ReconnectSecs=120, SyncWorkerThreads=99, OnFileChange Delay=5, Unattended, WaitForLocksMin=20, ResolveConflicts=NewerFileWins, AutoClear, LinksIgnore
2018-04-04 01:35:11: Exclude Hidden, Exclude System, Exclude name *._gstmp|/System Volume Information|Thumbs.db|.DS_Store 
2018-04-04 01:35:11: Locking folder S:/Documents/MinecraftModding/xcraftmod/src for write
2018-04-04 01:35:11: Change Analyzed: S:/Documents/MinecraftModding/xcraftmod/src/main/java/com/senpai/interfaces/IHasModel.java
2018-04-04 01:35:11: Change Analyzed: S:/Documents/MinecraftModding/xcraftmod/src/main/java/com/senpai/interfaces
2018-04-04 01:35:11: Change Analyzed: S:/Documents/MinecraftModding/xcraftmod/src/main/java/com/senpai/interfaces/IWork.java
2018-04-04 01:35:11: Change Analyzed: S:/Documents/MinecraftModding/xcraftmod/src/main/java/com/senpai/interfaces
2018-04-04 01:35:11: Change Analyzed: S:/Documents/MinecraftModding/xcraftmod/src/main/java/com/senpai/interfaces/IStructure.java
2018-04-04 01:35:11: Change Analyzed: S:/Documents/MinecraftModding/xcraftmod/src/main/java/com/senpai/interfaces
2018-04-04 01:35:11: Change Analyzed: S:/Documents/MinecraftModding/xcraftmod/src/main/java/com/senpai/interfaces/IMetaName.java
2018-04-04 01:35:11: Change Analyzed: S:/Documents/MinecraftModding/xcraftmod/src/main/java/com/senpai/interfaces
2018-04-04 01:35:11: Change Analyzed: S:/Documents/MinecraftModding/xcraftmod/src/main/java/com/senpai/interfaces/IMetaBlockName.java
2018-04-04 01:35:11: Change Analyzed: S:/Documents/MinecraftModding/xcraftmod/src/main/java/com/senpai/interfaces
2018-04-04 01:35:11: Change Analyzed: S:/Documents/MinecraftModding/xcraftmod/src/main/java/com/senpai/interfaces
2018-04-04 01:35:11: Locking folder gdrive://www.googleapis.com/Good Sync/Eclips Projects/Moding Minecraft 1.12.2/Application for write
2018-04-04 01:35:13: Change Analyzed: gdrive://www.googleapis.com/Good Sync/Eclips Projects/Moding Minecraft 1.12.2/Application/main/java/com/senpai/util/interfaces/IWork.java
2018-04-04 01:35:13: Change Analyzed: gdrive://www.googleapis.com/Good Sync/Eclips Projects/Moding Minecraft 1.12.2/Application/main/java/com/senpai/util/interfaces/IWork.java
2018-04-04 01:35:13: Change Analyzed: gdrive://www.googleapis.com/Good Sync/Eclips Projects/Moding Minecraft 1.12.2/Application/main/java/com/senpai/util/interfaces/IStructure.java
2018-04-04 01:35:13: Change Analyzed: gdrive://www.googleapis.com/Good Sync/Eclips Projects/Moding Minecraft 1.12.2/Application/main/java/com/senpai/util/interfaces/IStructure.java
2018-04-04 01:35:13: Change Analyzed: gdrive://www.googleapis.com/Good Sync/Eclips Projects/Moding Minecraft 1.12.2/Application/main/java/com/senpai/util/interfaces/IMetaName.java
2018-04-04 01:35:13: Change Analyzed: gdrive://www.googleapis.com/Good Sync/Eclips Projects/Moding Minecraft 1.12.2/Application/main/java/com/senpai/util/interfaces/IMetaName.java
2018-04-04 01:35:13: Change Analyzed: gdrive://www.googleapis.com/Good Sync/Eclips Projects/Moding Minecraft 1.12.2/Application/main/java/com/senpai/util/interfaces/IMetaBlockName.java
2018-04-04 01:35:14: Change Analyzed: gdrive://www.googleapis.com/Good Sync/Eclips Projects/Moding Minecraft 1.12.2/Application/main/java/com/senpai/util/interfaces/IMetaBlockName.java
2018-04-04 01:35:14: Change Analyzed: gdrive://www.googleapis.com/Good Sync/Eclips Projects/Moding Minecraft 1.12.2/Application/main/java/com/senpai/util/interfaces/IHasModel.java
2018-04-04 01:35:14: Change Analyzed: gdrive://www.googleapis.com/Good Sync/Eclips Projects/Moding Minecraft 1.12.2/Application/main/java/com/senpai/util/interfaces/IHasModel.java
2018-04-04 01:35:14: Change Analyzed: gdrive://www.googleapis.com/Good Sync/Eclips Projects/Moding Minecraft 1.12.2/Application/main/java/com/senpai/util/interfaces
2018-04-04 01:35:14: On disk file:///S: space required for sync is 0 bytes, you have 1.25 TB
2018-04-04 01:35:14: On disk gdrive://www.googleapis.com space required for sync is 0 bytes, you have 12.4 GB
2018-04-04 01:35:15: Changes: 6, Conflicts: 0, CopyTime: 0, FixState: 0, Errors: 0, All: 22194
2018-04-04 01:35:15: Left to Right: Delete File: 6 
2018-04-04 01:35:15: -- Analysis Complete. Time 00:00:05, Speed: 85 files/s
2018-04-04 01:35:15: == Sync Started by On File Change, After Delay, Under Runner
2018-04-04 01:35:15: Mod Sync: SYNC started by On File Change, After Delay, Under Runner on 'SENPAI_DESKTOP'
2018-04-04 01:35:15: =Data Storage:\Documents\MinecraftModding\xcraftmod\src (S:/Documents/MinecraftModding/xcraftmod/src) [TmpDest] <-> gdrive://www.googleapis.com/Good Sync/Eclips Projects/Moding Minecraft 1.12.2/Application [DirDest], RecycleTo_RecycleBin, SaveDays_RecycleBin=30d, ReconnectSecs=120, SyncWorkerThreads=99, OnFileChange Delay=5, Unattended, WaitForLocksMin=20, ResolveConflicts=NewerFileWins, AutoClear, LinksIgnore
2018-04-04 01:35:18: Load Recycled DB: gdrive://www.googleapis.com/Good Sync/Eclips Projects/Moding Minecraft 1.12.2/Application/_gsdata_/_recycled_db._gs
2018-04-04 01:35:18: Delete File 'gdrive://www.googleapis.com/Good Sync/Eclips Projects/Moding Minecraft 1.12.2/Application/main/java/com/senpai/interfaces/IHasModel.java'
2018-04-04 01:35:18: Delete File 'gdrive://www.googleapis.com/Good Sync/Eclips Projects/Moding Minecraft 1.12.2/Application/main/java/com/senpai/interfaces/IMetaBlockName.java'
2018-04-04 01:35:19: Delete File 'gdrive://www.googleapis.com/Good Sync/Eclips Projects/Moding Minecraft 1.12.2/Application/main/java/com/senpai/interfaces/IMetaName.java'
2018-04-04 01:35:20: Change detected [1]: t=MovedFrom path=/main/java/com/senpai/interfaces/IMetaName.java
2018-04-04 01:35:20: Change detected [1]: t=MovedFrom path=/main/java/com/senpai/interfaces/IMetaBlockName.java
2018-04-04 01:35:20: Change detected [1]: t=MovedFrom path=/main/java/com/senpai/interfaces/IHasModel.java
2018-04-04 01:35:20: Delete File 'gdrive://www.googleapis.com/Good Sync/Eclips Projects/Moding Minecraft 1.12.2/Application/main/java/com/senpai/interfaces/IStructure.java'
2018-04-04 01:35:21: Change detected [0]: t=Created path=/main/java/com/senpai/interfaces
2018-04-04 01:35:21: Change detected [0]: t=Created path=/main/java/com/senpai/interfaces/IHasModel.java
2018-04-04 01:35:21: Change detected [0]: t=Modified path=/main/java/com/senpai/interfaces/IHasModel.java
2018-04-04 01:35:21: Change detected [0]: t=Modified path=/main/java/com/senpai/interfaces/IHasModel.java
2018-04-04 01:35:21: Change detected [0]: t=Created path=/main/java/com/senpai/interfaces/IMetaBlockName.java
2018-04-04 01:35:21: Change detected [0]: t=Modified path=/main/java/com/senpai/interfaces/IMetaBlockName.java
2018-04-04 01:35:21: Change detected [0]: t=Modified path=/main/java/com/senpai/interfaces/IMetaBlockName.java
2018-04-04 01:35:21: Change detected [0]: t=Created path=/main/java/com/senpai/interfaces/IMetaName.java
2018-04-04 01:35:21: Change detected [0]: t=Modified path=/main/java/com/senpai/interfaces/IMetaName.java
2018-04-04 01:35:21: Change detected [0]: t=Modified path=/main/java/com/senpai/interfaces/IMetaName.java
2018-04-04 01:35:21: Change detected [0]: t=Created path=/main/java/com/senpai/interfaces/IStructure.java
2018-04-04 01:35:21: Change detected [0]: t=Modified path=/main/java/com/senpai/interfaces/IStructure.java
2018-04-04 01:35:21: Change detected [0]: t=Modified path=/main/java/com/senpai/interfaces/IStructure.java
2018-04-04 01:35:21: Change detected [0]: t=Created path=/main/java/com/senpai/interfaces/IWork.java
2018-04-04 01:35:21: Change detected [0]: t=Modified path=/main/java/com/senpai/interfaces/IWork.java
2018-04-04 01:35:21: Change detected [0]: t=Modified path=/main/java/com/senpai/interfaces/IWork.java
2018-04-04 01:35:21: Delete File 'gdrive://www.googleapis.com/Good Sync/Eclips Projects/Moding Minecraft 1.12.2/Application/main/java/com/senpai/interfaces/IWork.java'
2018-04-04 01:35:22: Delete Folder 'gdrive://www.googleapis.com/Good Sync/Eclips Projects/Moding Minecraft 1.12.2/Application/main/java/com/senpai/interfaces'
2018-04-04 01:35:22: File Systems limited number of parallel threads to 20
2018-04-04 01:35:22: Start only 0 threads, limited by tasks to run
2018-04-04 01:35:23: Save State File S:/Documents/MinecraftModding/xcraftmod/src/_gsdata_/_file_state_v4._gs
2018-04-04 01:35:24: Save State File gdrive://www.googleapis.com/Good Sync/Eclips Projects/Moding Minecraft 1.12.2/Application/_gsdata_/_file_state_v4._gs
2018-04-04 01:35:24: Cleanup recycled files in S:/Documents/MinecraftModding/xcraftmod/src/_gsdata_/_saved_
2018-04-04 01:35:24: Load Recycled DB: S:/Documents/MinecraftModding/xcraftmod/src/_gsdata_/_recycled_db._gs
2018-04-04 01:35:24: Deleted old log file C:/Users/Senpai/AppData/Roaming/GoodSync/_mirrors_/file-=Data Storage-Documents-MinecraftModding-xcraftmod-src/2018-0328-013438-SENPAI_DESKTOP-Runner-Mod Sync.log
2018-04-04 01:35:24: Deleted old log file C:/Users/Senpai/AppData/Roaming/GoodSync/_mirrors_/file-=Data Storage-Documents-MinecraftModding-xcraftmod-src/2018-0328-013505-SENPAI_DESKTOP-Runner-Mod Sync.log
2018-04-04 01:35:24: Cleanup old logs in S:/Documents/MinecraftModding/xcraftmod/src/_gsdata_
2018-04-04 01:35:24: Delete log file S:/Documents/MinecraftModding/xcraftmod/src/_gsdata_/2018-0328-013438-SENPAI_DESKTOP-Runner-Mod Sync.log
2018-04-04 01:35:24: Cleanup recycled files in gdrive://www.googleapis.com/Good Sync/Eclips Projects/Moding Minecraft 1.12.2/Application/_gsdata_/_saved_
2018-04-04 01:35:25: Save Recycled DB: gdrive://www.googleapis.com/Good Sync/Eclips Projects/Moding Minecraft 1.12.2/Application/_gsdata_/_recycled_db._gs
2018-04-04 01:35:25: Deleted old log file C:/Users/Senpai/AppData/Roaming/GoodSync/_mirrors_/gdrive-Wicky_Gustave-0AGIAX4LCOy-XUk9PVA@www.googleapis.com-Good Sync-Eclips Projects-Moding Minecraft 1.12.2-Application/2018-0328-013438-SENPAI_DESKTOP-Runner-Mod Sync.log
2018-04-04 01:35:25: Deleted old log file C:/Users/Senpai/AppData/Roaming/GoodSync/_mirrors_/gdrive-Wicky_Gustave-0AGIAX4LCOy-XUk9PVA@www.googleapis.com-Good Sync-Eclips Projects-Moding Minecraft 1.12.2-Application/2018-0328-013505-SENPAI_DESKTOP-Runner-Mod Sync.log
2018-04-04 01:35:25: Cleanup old logs in gdrive://www.googleapis.com/Good Sync/Eclips Projects/Moding Minecraft 1.12.2/Application/_gsdata_
2018-04-04 01:35:26: Delete log file gdrive://www.googleapis.com/Good Sync/Eclips Projects/Moding Minecraft 1.12.2/Application/_gsdata_/2018-0328-013438-SENPAI_DESKTOP-Runner-Mod Sync.log
2018-04-04 01:35:26: == Sync Complete. Time: 00:00:11, Speed: 5.71 KB/s, OK: 6, Errors: 0
2018-04-04 01:35:26: Unlocking folder S:/Documents/MinecraftModding/xcraftmod/src/_gsdata_/lock.gsl
2018-04-04 01:35:26: Unlocking folder gdrive://www.googleapis.com/Good Sync/Eclips Projects/Moding Minecraft 1.12.2/Application/_gsdata_/lock.gsl
2018-04-04 01:35:27: 
